#
# A fatal error has been detected by the Java Runtime Environment:
#
#  SIGSEGV (0xb) at pc=0x00007fde9b854418, pid=1873, tid=140593764226816
#
# JRE version: OpenJDK Runtime Environment (7.0_95) (build 1.7.0_95-b00)
# Java VM: OpenJDK 64-Bit Server VM (24.95-b01 mixed mode linux-amd64 compressed oops)
# Derivative: IcedTea 2.6.4
# Distribution: Ubuntu 14.04.3 LTS, package 7u95-2.6.4-0ubuntu0.14.04.1
# Problematic frame:
# V  [libjvm.so+0x59b418]
#
# Failed to write core dump. Core dumps have been disabled. To enable core dumping, try "ulimit -c unlimited" before starting Java again
#
# If you would like to submit a bug report, please include
# instructions on how to reproduce the bug and visit:
#   http://icedtea.classpath.org/bugzilla
#

---------------  T H R E A D  ---------------

Current thread (0x00007fde940ae000):  JavaThread "C2 CompilerThread1" daemon [_thread_in_native, id=1888, stack(0x00007fde894fd000,0x00007fde895fe000)]

siginfo:si_signo=SIGSEGV: si_errno=0, si_code=1 (SEGV_MAPERR), si_addr=0x00007fd6682a31c0

Registers:
RAX=0x00007fd6682a31c0, RBX=0x00007fde895f9630, RCX=0x00000000000000f7, RDX=0x0000000000000000
RSP=0x00007fde895f9620, RBP=0x00007fde895f96a0, RSI=0x00007fde895f99b0, RDI=0x00000000000000f7
R8 =0x00007fde682a31b0, R9 =0x00007fde895f9740, R10=0x0000000000006590, R11=0x0000000003800000
R12=0x00000000000000fa, R13=0x0000000000009c40, R14=0x00007fde680e0a00, R15=0x00007fde895f9c10
RIP=0x00007fde9b854418, EFLAGS=0x0000000000010247, CSGSFS=0x0000000000000033, ERR=0x0000000000000004
  TRAPNO=0x000000000000000e

Top of Stack: (sp=0x00007fde895f9620)
0x00007fde895f9620:   000000f768122768 00007fde682a3250
0x00007fde895f9630:   000000f800000003 0000000000000008
0x00007fde895f9640:   00007fde64298ea0 00007fde00000001
0x00007fde895f9650:   00007fde895f9840 00007fde00000003
0x00007fde895f9660:   00007fde895f9830 00007fde895f9730
0x00007fde895f9670:   00007fde895f9680 00007fde6409bb30
0x00007fde895f9680:   00007fde64176470 00007fde680e0a00
0x00007fde895f9690:   00000000000000fa 00007fde895f9c10
0x00007fde895f96a0:   00007fde895f9900 00007fde9b85555f
0x00007fde895f96b0:   00007fde895f96d0 00007fde895f9730
0x00007fde895f96c0:   00007fde895f9740 fffffffe00000002
0x00007fde895f96d0:   00007fde64094cc8 0000000000000000
0x00007fde895f96e0:   00007fde895f9780 00007fde895f97b0
0x00007fde895f96f0:   000000000000009d 00007fde895f9830
0x00007fde895f9700:   0000001100000076 00007fde680dd668
0x00007fde895f9710:   0000000000006590 00007fde64176470
0x00007fde895f9720:   0000000800000009 3ef4575f80000000
0x00007fde895f9730:   0000000000000004 00007fde6436ad80
0x00007fde895f9740:   0000001000000012 00007fde6436a740
0x00007fde895f9750:   00000000c0000000 0000000000000000
0x00007fde895f9760:   0000000000000000 0000000000000000
0x00007fde895f9770:   0000000000000000 00007fde9b9b7d89
0x00007fde895f9780:   ffffffff3f3fffff ffffffffffffffff
0x00007fde895f9790:   00000003ffffffff 0000000000000000
0x00007fde895f97a0:   0000000000000000 00007fde641765c0
0x00007fde895f97b0:   000001f900000000 00007fde00000008
0x00007fde895f97c0:   00007fde64297da0 00007fde00000001
0x00007fde895f97d0:   00007fde895f9840 00007fde00000001
0x00007fde895f97e0:   00007fde895f9830 00007fde9b564d9a
0x00007fde895f97f0:   0000000500000000 0303030300000008
0x00007fde895f9800:   00007fde64298ea0 0000000000000003
0x00007fde895f9810:   00007fde895f9840 0000000000000003 

Instructions: (pc=0x00007fde9b854418)
0x00007fde9b8543f8:   09 c2 44 09 c2 0f 84 2d ff ff ff 41 39 cc 72 71
0x00007fde9b854408:   4d 89 e8 4c 03 46 10 49 8b 40 08 89 ca c1 ea 08
0x00007fde9b854418:   48 8b 04 d0 48 3b 05 dd 3a 82 00 74 7b be 01 00
0x00007fde9b854428:   00 00 d3 e6 c1 e9 05 83 e1 07 48 8d 14 88 8b 02 

Register to memory mapping:

RAX=0x00007fd6682a31c0 is an unknown value
RBX=0x00007fde895f9630 is pointing into the stack for thread: 0x00007fde940ae000
RCX=0x00000000000000f7 is an unknown value
RDX=0x0000000000000000 is an unknown value
RSP=0x00007fde895f9620 is pointing into the stack for thread: 0x00007fde940ae000
RBP=0x00007fde895f96a0 is pointing into the stack for thread: 0x00007fde940ae000
RSI=0x00007fde895f99b0 is pointing into the stack for thread: 0x00007fde940ae000
RDI=0x00000000000000f7 is an unknown value
R8 =0x00007fde682a31b0 is an unknown value
R9 =0x00007fde895f9740 is pointing into the stack for thread: 0x00007fde940ae000
R10=0x0000000000006590 is an unknown value
R11=0x0000000003800000 is an unknown value
R12=0x00000000000000fa is an unknown value
R13=0x0000000000009c40 is an unknown value
R14=0x00007fde680e0a00 is an unknown value
R15=0x00007fde895f9c10 is pointing into the stack for thread: 0x00007fde940ae000


Stack: [0x00007fde894fd000,0x00007fde895fe000],  sp=0x00007fde895f9620,  free space=1009k
Native frames: (J=compiled Java code, j=interpreted, Vv=VM code, C=native code)
V  [libjvm.so+0x59b418]
V  [libjvm.so+0x59c55f]
V  [libjvm.so+0x3cbb52]
V  [libjvm.so+0x43f92a]
V  [libjvm.so+0x443ab7]
V  [libjvm.so+0x3b1c7a]
V  [libjvm.so+0x449937]
V  [libjvm.so+0x44aa40]
V  [libjvm.so+0x907e50]
V  [libjvm.so+0x9080c1]
V  [libjvm.so+0x7cc682]


Current CompileTask:
C2:  13147  378             java.lang.String::toLowerCase (439 bytes)


---------------  P R O C E S S  ---------------

Java Threads: ( => current thread )
  0x00007fde48297800 JavaThread "File lock request listener" [_thread_in_native, id=1935, stack(0x00007fde5aef0000,0x00007fde5aff1000)]
  0x00007fde483ef800 JavaThread "process reaper" daemon [_thread_blocked, id=1927, stack(0x00007fde5aff1000,0x00007fde5b02a000)]
  0x00007fde4801d800 JavaThread "Stdin handler" [_thread_blocked, id=1908, stack(0x00007fde5b096000,0x00007fde5b197000)]
  0x00007fde4c00a800 JavaThread "Daemon worker" [_thread_in_Java, id=1905, stack(0x00007fde5b19e000,0x00007fde5b29f000)]
  0x00007fde4c003800 JavaThread "Cancel handler" [_thread_blocked, id=1904, stack(0x00007fde5b29f000,0x00007fde5b3a0000)]
  0x00007fde4c006800 JavaThread "Handler for socket connection from /127.0.0.1:37903 to /127.0.0.1:37475" [_thread_in_native, id=1903, stack(0x00007fde5b3a0000,0x00007fde5b4a1000)]
  0x00007fde54013000 JavaThread "Daemon" [_thread_blocked, id=1902, stack(0x00007fde5b4a1000,0x00007fde5b5a2000)]
  0x00007fde94aca800 JavaThread "Incoming local TCP Connector on port 37903" [_thread_in_native, id=1900, stack(0x00007fde5b5a2000,0x00007fde5b6a3000)]
  0x00007fde940b0800 JavaThread "Service Thread" daemon [_thread_blocked, id=1889, stack(0x00007fde893fc000,0x00007fde894fd000)]
=>0x00007fde940ae000 JavaThread "C2 CompilerThread1" daemon [_thread_in_native, id=1888, stack(0x00007fde894fd000,0x00007fde895fe000)]
  0x00007fde940ab000 JavaThread "C2 CompilerThread0" daemon [_thread_in_native, id=1887, stack(0x00007fde895fe000,0x00007fde896ff000)]
  0x00007fde940a9000 JavaThread "Signal Dispatcher" daemon [_thread_blocked, id=1886, stack(0x00007fde896ff000,0x00007fde89800000)]
  0x00007fde9407c000 JavaThread "Finalizer" daemon [_thread_blocked, id=1885, stack(0x00007fde908f9000,0x00007fde909fa000)]
  0x00007fde9407a000 JavaThread "Reference Handler" daemon [_thread_blocked, id=1884, stack(0x00007fde909fa000,0x00007fde90afb000)]
  0x00007fde9400a000 JavaThread "main" [_thread_blocked, id=1876, stack(0x00007fde9cdce000,0x00007fde9cecf000)]

Other Threads:
  0x00007fde94075800 VMThread [stack: 0x00007fde90afb000,0x00007fde90bfc000] [id=1883]
  0x00007fde940bb000 WatcherThread [stack: 0x00007fde892fb000,0x00007fde893fc000] [id=1890]

VM state:not at safepoint (normal execution)

VM Mutex/Monitor currently owned by a thread: None

Heap
 PSYoungGen      total 132096K, used 23622K [0x00000000eaa80000, 0x00000000f3080000, 0x0000000100000000)
  eden space 126976K, 14% used [0x00000000eaa80000,0x00000000ebc95950,0x00000000f2680000)
  from space 5120K, 99% used [0x00000000f2b80000,0x00000000f307c010,0x00000000f3080000)
  to   space 5120K, 0% used [0x00000000f2680000,0x00000000f2680000,0x00000000f2b80000)
 ParOldGen       total 83968K, used 13877K [0x00000000c0000000, 0x00000000c5200000, 0x00000000eaa80000)
  object space 83968K, 16% used [0x00000000c0000000,0x00000000c0d8d6e8,0x00000000c5200000)
 PSPermGen       total 26624K, used 26550K [0x00000000b0000000, 0x00000000b1a00000, 0x00000000c0000000)
  object space 26624K, 99% used [0x00000000b0000000,0x00000000b19edb50,0x00000000b1a00000)

Card table byte_map: [0x00007fde99782000,0x00007fde99a03000] byte_map_base: 0x00007fde99202000

Polling page: 0x00007fde9cef6000

Code Cache  [0x00007fde91000000, 0x00007fde91270000, 0x00007fde94000000)
 total_blobs=913 nmethods=345 adapters=521 free_code_cache=46960Kb largest_free_block=48044288

Compilation events (10 events):
Event: 13,058 Thread 0x00007fde940ae000 nmethod 374 0x00007fde91210c50 code [0x00007fde91210e00, 0x00007fde91211438]
Event: 13,058 Thread 0x00007fde940ae000  375             com.sun.org.apache.xerces.internal.dom.DocumentImpl::setMutationEvents (6 bytes)
Event: 13,060 Thread 0x00007fde940ae000 nmethod 375 0x00007fde91210a10 code [0x00007fde91210b40, 0x00007fde91210b98]
Event: 13,060 Thread 0x00007fde940ae000  376             java.lang.String::startsWith (72 bytes)
Event: 13,071 Thread 0x00007fde940ae000 nmethod 376 0x00007fde91221810 code [0x00007fde91221960, 0x00007fde91221af8]
Event: 13,071 Thread 0x00007fde940ae000  377   !         sun.nio.cs.ISO_8859_1$Decoder::decodeArrayLoop (263 bytes)
Event: 13,101 Thread 0x00007fde940ab000 nmethod 371 0x00007fde9122d050 code [0x00007fde9122d240, 0x00007fde9122dbe8]
Event: 13,101 Thread 0x00007fde940ae000 nmethod 377 0x00007fde911de710 code [0x00007fde911de8c0, 0x00007fde911dedb0]
Event: 13,101 Thread 0x00007fde940ae000  378             java.lang.String::toLowerCase (439 bytes)
Event: 13,105 Thread 0x00007fde940ab000  379 %           com.sun.org.apache.xerces.internal.impl.XMLEntityScanner::scanData @ 686 (1043 bytes)

GC Heap History (8 events):
Event: 2,588 GC heap before
{Heap before GC invocations=1 (full 0):
 PSYoungGen      total 36864K, used 31744K [0x00000000eaa80000, 0x00000000ed380000, 0x0000000100000000)
  eden space 31744K, 100% used [0x00000000eaa80000,0x00000000ec980000,0x00000000ec980000)
  from space 5120K, 0% used [0x00000000ece80000,0x00000000ece80000,0x00000000ed380000)
  to   space 5120K, 0% used [0x00000000ec980000,0x00000000ec980000,0x00000000ece80000)
 ParOldGen       total 83968K, used 0K [0x00000000c0000000, 0x00000000c5200000, 0x00000000eaa80000)
  object space 83968K, 0% used [0x00000000c0000000,0x00000000c0000000,0x00000000c5200000)
 PSPermGen       total 21504K, used 6079K [0x00000000b0000000, 0x00000000b1500000, 0x00000000c0000000)
  object space 21504K, 28% used [0x00000000b0000000,0x00000000b05efc48,0x00000000b1500000)
Event: 2,656 GC heap after
Heap after GC invocations=1 (full 0):
 PSYoungGen      total 36864K, used 3726K [0x00000000eaa80000, 0x00000000ef280000, 0x0000000100000000)
  eden space 31744K, 0% used [0x00000000eaa80000,0x00000000eaa80000,0x00000000ec980000)
  from space 5120K, 72% used [0x00000000ec980000,0x00000000ecd23a08,0x00000000ece80000)
  to   space 5120K, 0% used [0x00000000eed80000,0x00000000eed80000,0x00000000ef280000)
 ParOldGen       total 83968K, used 8K [0x00000000c0000000, 0x00000000c5200000, 0x00000000eaa80000)
  object space 83968K, 0% used [0x00000000c0000000,0x00000000c0002000,0x00000000c5200000)
 PSPermGen       total 21504K, used 6079K [0x00000000b0000000, 0x00000000b1500000, 0x00000000c0000000)
  object space 21504K, 28% used [0x00000000b0000000,0x00000000b05efc48,0x00000000b1500000)
}
Event: 5,638 GC heap before
{Heap before GC invocations=2 (full 0):
 PSYoungGen      total 36864K, used 35470K [0x00000000eaa80000, 0x00000000ef280000, 0x0000000100000000)
  eden space 31744K, 100% used [0x00000000eaa80000,0x00000000ec980000,0x00000000ec980000)
  from space 5120K, 72% used [0x00000000ec980000,0x00000000ecd23a08,0x00000000ece80000)
  to   space 5120K, 0% used [0x00000000eed80000,0x00000000eed80000,0x00000000ef280000)
 ParOldGen       total 83968K, used 8K [0x00000000c0000000, 0x00000000c5200000, 0x00000000eaa80000)
  object space 83968K, 0% used [0x00000000c0000000,0x00000000c0002000,0x00000000c5200000)
 PSPermGen       total 21504K, used 11841K [0x00000000b0000000, 0x00000000b1500000, 0x00000000c0000000)
  object space 21504K, 55% used [0x00000000b0000000,0x00000000b0b90668,0x00000000b1500000)
Event: 5,659 GC heap after
Heap after GC invocations=2 (full 0):
 PSYoungGen      total 68608K, used 5114K [0x00000000eaa80000, 0x00000000ef280000, 0x0000000100000000)
  eden space 63488K, 0% used [0x00000000eaa80000,0x00000000eaa80000,0x00000000ee880000)
  from space 5120K, 99% used [0x00000000eed80000,0x00000000ef27e920,0x00000000ef280000)
  to   space 5120K, 0% used [0x00000000ee880000,0x00000000ee880000,0x00000000eed80000)
 ParOldGen       total 83968K, used 725K [0x00000000c0000000, 0x00000000c5200000, 0x00000000eaa80000)
  object space 83968K, 0% used [0x00000000c0000000,0x00000000c00b5758,0x00000000c5200000)
 PSPermGen       total 21504K, used 11841K [0x00000000b0000000, 0x00000000b1500000, 0x00000000c0000000)
  object space 21504K, 55% used [0x00000000b0000000,0x00000000b0b90668,0x00000000b1500000)
}
Event: 9,518 GC heap before
{Heap before GC invocations=3 (full 0):
 PSYoungGen      total 68608K, used 68602K [0x00000000eaa80000, 0x00000000ef280000, 0x0000000100000000)
  eden space 63488K, 100% used [0x00000000eaa80000,0x00000000ee880000,0x00000000ee880000)
  from space 5120K, 99% used [0x00000000eed80000,0x00000000ef27e920,0x00000000ef280000)
  to   space 5120K, 0% used [0x00000000ee880000,0x00000000ee880000,0x00000000eed80000)
 ParOldGen       total 83968K, used 725K [0x00000000c0000000, 0x00000000c5200000, 0x00000000eaa80000)
  object space 83968K, 0% used [0x00000000c0000000,0x00000000c00b5758,0x00000000c5200000)
 PSPermGen       total 21504K, used 20375K [0x00000000b0000000, 0x00000000b1500000, 0x00000000c0000000)
  object space 21504K, 94% used [0x00000000b0000000,0x00000000b13e5c18,0x00000000b1500000)
Event: 9,539 GC heap after
Heap after GC invocations=3 (full 0):
 PSYoungGen      total 68608K, used 5088K [0x00000000eaa80000, 0x00000000f3080000, 0x0000000100000000)
  eden space 63488K, 0% used [0x00000000eaa80000,0x00000000eaa80000,0x00000000ee880000)
  from space 5120K, 99% used [0x00000000ee880000,0x00000000eed78020,0x00000000eed80000)
  to   space 5120K, 0% used [0x00000000f2b80000,0x00000000f2b80000,0x00000000f3080000)
 ParOldGen       total 83968K, used 7566K [0x00000000c0000000, 0x00000000c5200000, 0x00000000eaa80000)
  object space 83968K, 9% used [0x00000000c0000000,0x00000000c07638f8,0x00000000c5200000)
 PSPermGen       total 21504K, used 20375K [0x00000000b0000000, 0x00000000b1500000, 0x00000000c0000000)
  object space 21504K, 94% used [0x00000000b0000000,0x00000000b13e5c18,0x00000000b1500000)
}
Event: 11,890 GC heap before
{Heap before GC invocations=4 (full 0):
 PSYoungGen      total 68608K, used 68576K [0x00000000eaa80000, 0x00000000f3080000, 0x0000000100000000)
  eden space 63488K, 100% used [0x00000000eaa80000,0x00000000ee880000,0x00000000ee880000)
  from space 5120K, 99% used [0x00000000ee880000,0x00000000eed78020,0x00000000eed80000)
  to   space 5120K, 0% used [0x00000000f2b80000,0x00000000f2b80000,0x00000000f3080000)
 ParOldGen       total 83968K, used 7566K [0x00000000c0000000, 0x00000000c5200000, 0x00000000eaa80000)
  object space 83968K, 9% used [0x00000000c0000000,0x00000000c07638f8,0x00000000c5200000)
 PSPermGen       total 26624K, used 26390K [0x00000000b0000000, 0x00000000b1a00000, 0x00000000c0000000)
  object space 26624K, 99% used [0x00000000b0000000,0x00000000b19c58f8,0x00000000b1a00000)
Event: 11,928 GC heap after
Heap after GC invocations=4 (full 0):
 PSYoungGen      total 132096K, used 5104K [0x00000000eaa80000, 0x00000000f3080000, 0x0000000100000000)
  eden space 126976K, 0% used [0x00000000eaa80000,0x00000000eaa80000,0x00000000f2680000)
  from space 5120K, 99% used [0x00000000f2b80000,0x00000000f307c010,0x00000000f3080000)
  to   space 5120K, 0% used [0x00000000f2680000,0x00000000f2680000,0x00000000f2b80000)
 ParOldGen       total 83968K, used 13877K [0x00000000c0000000, 0x00000000c5200000, 0x00000000eaa80000)
  object space 83968K, 16% used [0x00000000c0000000,0x00000000c0d8d6e8,0x00000000c5200000)
 PSPermGen       total 26624K, used 26390K [0x00000000b0000000, 0x00000000b1a00000, 0x00000000c0000000)
  object space 26624K, 99% used [0x00000000b0000000,0x00000000b19c58f8,0x00000000b1a00000)
}

Deoptimization events (10 events):
Event: 11,855 Thread 0x00007fde4c00a800 Uncommon trap: reason=null_check action=make_not_entrant pc=0x00007fde911ea5b4 method=com.sun.org.apache.xerces.internal.dom.DeferredDocumentImpl.clearChunkValue([[Ljava/lang/Object;II)Ljava/lang/String; @ 11
Event: 11,972 Thread 0x00007fde4c00a800 Uncommon trap: reason=unstable_if action=reinterpret pc=0x00007fde9107a518 method=com.sun.org.apache.xerces.internal.impl.XMLEntityScanner.scanContent(Lcom/sun/org/apache/xerces/internal/xni/XMLString;)I @ 481
Event: 12,319 Thread 0x00007fde4c00a800 Uncommon trap: reason=unstable_if action=reinterpret pc=0x00007fde911f30a4 method=com.sun.org.apache.xerces.internal.impl.XMLEntityScanner.peekChar()I @ 14
Event: 12,847 Thread 0x00007fde4c00a800 Uncommon trap: reason=unstable_if action=reinterpret pc=0x00007fde91217d90 method=com.sun.org.apache.xerces.internal.impl.XMLEntityScanner.skipSpaces()Z @ 75
Event: 12,848 Thread 0x00007fde4c00a800 Uncommon trap: reason=unstable_if action=reinterpret pc=0x00007fde912191c0 method=com.sun.org.apache.xerces.internal.impl.XMLEntityScanner.peekChar()I @ 51
Event: 12,848 Thread 0x00007fde4c00a800 Uncommon trap: reason=unstable_if action=reinterpret pc=0x00007fde911f265c method=com.sun.org.apache.xerces.internal.impl.XMLEntityScanner.scanContent(Lcom/sun/org/apache/xerces/internal/xni/XMLString;)I @ 124
Event: 12,848 Thread 0x00007fde4c00a800 Uncommon trap: reason=unstable_if action=reinterpret pc=0x00007fde91201564 method=com.sun.org.apache.xerces.internal.impl.XMLEntityScanner.peekChar()I @ 51
Event: 12,854 Thread 0x00007fde4c00a800 Uncommon trap: reason=unstable_if action=reinterpret pc=0x00007fde911fa930 method=com.sun.org.apache.xerces.internal.impl.XMLEntityScanner.skipSpaces()Z @ 75
Event: 13,029 Thread 0x00007fde4c00a800 Uncommon trap: reason=unstable_if action=reinterpret pc=0x00007fde910c6a68 method=com.sun.org.apache.xerces.internal.impl.XMLEntityScanner.scanData(Ljava/lang/String;Lcom/sun/org/apache/xerces/internal/util/XMLStringBuffer;)Z @ 326
Event: 13,030 Thread 0x00007fde4c00a800 Uncommon trap: reason=unstable_if action=reinterpret pc=0x00007fde912241cc method=com.sun.org.apache.xerces.internal.impl.XMLEntityScanner.scanContent(Lcom/sun/org/apache/xerces/internal/xni/XMLString;)I @ 632

Internal exceptions (10 events):
Event: 11,992 Thread 0x00007fde4c00a800 Threw 0x00000000eaaf35a0 at /build/openjdk-7-2FOwCu/openjdk-7-7u95-2.6.4/build/openjdk/hotspot/src/share/vm/prims/jvm.cpp:1322
Event: 11,993 Thread 0x00007fde4c00a800 Threw 0x00000000eaaf9670 at /build/openjdk-7-2FOwCu/openjdk-7-7u95-2.6.4/build/openjdk/hotspot/src/share/vm/prims/jvm.cpp:1322
Event: 11,993 Thread 0x00007fde4c00a800 Threw 0x00000000eaafa750 at /build/openjdk-7-2FOwCu/openjdk-7-7u95-2.6.4/build/openjdk/hotspot/src/share/vm/prims/jvm.cpp:1322
Event: 11,994 Thread 0x00007fde4c00a800 Threw 0x00000000eab033c8 at /build/openjdk-7-2FOwCu/openjdk-7-7u95-2.6.4/build/openjdk/hotspot/src/share/vm/prims/jvm.cpp:1322
Event: 12,706 Thread 0x00007fde4c00a800 Threw 0x00000000eb5bb940 at /build/openjdk-7-2FOwCu/openjdk-7-7u95-2.6.4/build/openjdk/hotspot/src/share/vm/prims/jvm.cpp:1322
Event: 12,706 Thread 0x00007fde4c00a800 Threw 0x00000000eb5bca50 at /build/openjdk-7-2FOwCu/openjdk-7-7u95-2.6.4/build/openjdk/hotspot/src/share/vm/prims/jvm.cpp:1322
Event: 12,706 Thread 0x00007fde4c00a800 Threw 0x00000000eb5c49f8 at /build/openjdk-7-2FOwCu/openjdk-7-7u95-2.6.4/build/openjdk/hotspot/src/share/vm/prims/jvm.cpp:1322
Event: 12,707 Thread 0x00007fde4c00a800 Threw 0x00000000eb5ca540 at /build/openjdk-7-2FOwCu/openjdk-7-7u95-2.6.4/build/openjdk/hotspot/src/share/vm/prims/jvm.cpp:1322
Event: 12,707 Thread 0x00007fde4c00a800 Threw 0x00000000eb5cb7a0 at /build/openjdk-7-2FOwCu/openjdk-7-7u95-2.6.4/build/openjdk/hotspot/src/share/vm/prims/jvm.cpp:1322
Event: 12,707 Thread 0x00007fde4c00a800 Threw 0x00000000eb5d2d60 at /build/openjdk-7-2FOwCu/openjdk-7-7u95-2.6.4/build/openjdk/hotspot/src/share/vm/prims/jvm.cpp:1322

Events (10 events):
Event: 12,854 Thread 0x00007fde4c00a800 Uncommon trap: trap_request=0xffffff75 fr.pc=0x00007fde911fa930
Event: 12,854 Thread 0x00007fde4c00a800 DEOPT PACKING pc=0x00007fde911fa930 sp=0x00007fde5b29a040
Event: 12,854 Thread 0x00007fde4c00a800 DEOPT UNPACKING pc=0x00007fde91039445 sp=0x00007fde5b299ff0 mode 2
Event: 13,029 Thread 0x00007fde4c00a800 Uncommon trap: trap_request=0xffffff75 fr.pc=0x00007fde910c6a68
Event: 13,029 Thread 0x00007fde4c00a800 DEOPT PACKING pc=0x00007fde910c6a68 sp=0x00007fde5b299f30
Event: 13,029 Thread 0x00007fde4c00a800 DEOPT UNPACKING pc=0x00007fde91039445 sp=0x00007fde5b299ee8 mode 2
Event: 13,030 Thread 0x00007fde4c00a800 Uncommon trap: trap_request=0xffffff75 fr.pc=0x00007fde912241cc
Event: 13,030 Thread 0x00007fde4c00a800 DEOPT PACKING pc=0x00007fde912241cc sp=0x00007fde5b29a020
Event: 13,030 Thread 0x00007fde4c00a800 DEOPT UNPACKING pc=0x00007fde91039445 sp=0x00007fde5b299fd0 mode 2
Event: 13,101 Thread 0x00007fde940ae000 flushing nmethod 0x00007fde910b6410


Dynamic libraries:
00400000-00401000 r-xp 00000000 08:02 2761158                            /usr/lib/jvm/java-7-openjdk-amd64/jre/bin/java
00600000-00601000 r--p 00000000 08:02 2761158                            /usr/lib/jvm/java-7-openjdk-amd64/jre/bin/java
00601000-00602000 rw-p 00001000 08:02 2761158                            /usr/lib/jvm/java-7-openjdk-amd64/jre/bin/java
00b2c000-00b4d000 rw-p 00000000 00:00 0                                  [heap]
b0000000-b1a00000 rw-p 00000000 00:00 0 
b1a00000-c0000000 rw-p 00000000 00:00 0 
c0000000-c5200000 rw-p 00000000 00:00 0 
c5200000-eaa80000 rw-p 00000000 00:00 0 
eaa80000-f3080000 rw-p 00000000 00:00 0 
f3080000-100000000 rw-p 00000000 00:00 0 
7fde34000000-7fde34021000 rw-p 00000000 00:00 0 
7fde34021000-7fde38000000 ---p 00000000 00:00 0 
7fde3c000000-7fde3c021000 rw-p 00000000 00:00 0 
7fde3c021000-7fde40000000 ---p 00000000 00:00 0 
7fde40000000-7fde40021000 rw-p 00000000 00:00 0 
7fde40021000-7fde44000000 ---p 00000000 00:00 0 
7fde44000000-7fde44021000 rw-p 00000000 00:00 0 
7fde44021000-7fde48000000 ---p 00000000 00:00 0 
7fde48000000-7fde4857f000 rw-p 00000000 00:00 0 
7fde4857f000-7fde4c000000 ---p 00000000 00:00 0 
7fde4c000000-7fde4c021000 rw-p 00000000 00:00 0 
7fde4c021000-7fde50000000 ---p 00000000 00:00 0 
7fde50000000-7fde50021000 rw-p 00000000 00:00 0 
7fde50021000-7fde54000000 ---p 00000000 00:00 0 
7fde54000000-7fde5406c000 rw-p 00000000 00:00 0 
7fde5406c000-7fde58000000 ---p 00000000 00:00 0 
7fde5aee5000-7fde5aee6000 rw-p 00000000 00:00 0 
7fde5aee6000-7fde5aef0000 r--s 000ae000 08:02 2625887                    /usr/lib/jvm/java-7-openjdk-amd64/jre/lib/resources.jar
7fde5aef0000-7fde5aef3000 ---p 00000000 00:00 0 
7fde5aef3000-7fde5aff1000 rw-p 00000000 00:00 0                          [stack:1935]
7fde5aff1000-7fde5aff4000 ---p 00000000 00:00 0 
7fde5aff4000-7fde5b02a000 rw-p 00000000 00:00 0                          [stack:1927]
7fde5b02a000-7fde5b02b000 r--p 00000000 00:00 0 
7fde5b02b000-7fde5b096000 r--s 0069d000 08:02 2761103                    /usr/lib/jvm/java-7-openjdk-amd64/lib/tools.jar
7fde5b096000-7fde5b099000 ---p 00000000 00:00 0 
7fde5b099000-7fde5b197000 rw-p 00000000 00:00 0                          [stack:1908]
7fde5b197000-7fde5b19e000 r--s 00000000 08:02 3208                       /usr/lib/x86_64-linux-gnu/gconv/gconv-modules.cache
7fde5b19e000-7fde5b1a1000 ---p 00000000 00:00 0 
7fde5b1a1000-7fde5b29f000 rw-p 00000000 00:00 0                          [stack:1905]
7fde5b29f000-7fde5b2a2000 ---p 00000000 00:00 0 
7fde5b2a2000-7fde5b3a0000 rw-p 00000000 00:00 0                          [stack:1904]
7fde5b3a0000-7fde5b3a3000 ---p 00000000 00:00 0 
7fde5b3a3000-7fde5b4a1000 rw-p 00000000 00:00 0                          [stack:1903]
7fde5b4a1000-7fde5b4a4000 ---p 00000000 00:00 0 
7fde5b4a4000-7fde5b5a2000 rw-p 00000000 00:00 0                          [stack:1902]
7fde5b5a2000-7fde5b5a5000 ---p 00000000 00:00 0 
7fde5b5a5000-7fde5b6a3000 rw-p 00000000 00:00 0                          [stack:1900]
7fde5b6a3000-7fde5b6a7000 r--s 0004f000 08:02 2625874                    /usr/lib/jvm/java-7-openjdk-amd64/jre/lib/jsse.jar
7fde5b6a7000-7fde5b6a9000 r--s 00005000 08:02 28186656                   /home/ivan/tools/android/android-studio/gradle/gradle-2.8/lib/plugins/gradle-tooling-api-builders-2.8.jar
7fde5b6a9000-7fde5b6b9000 r--s 00088000 08:02 28186616                   /home/ivan/tools/android/android-studio/gradle/gradle-2.8/lib/plugins/joda-time-2.8.2.jar
7fde5b6b9000-7fde5b6ca000 r--s 000cf000 08:02 28186710                   /home/ivan/tools/android/android-studio/gradle/gradle-2.8/lib/plugins/jackson-databind-2.3.2.jar
7fde5b6ca000-7fde5b6cc000 r--s 00007000 08:02 28186715                   /home/ivan/tools/android/android-studio/gradle/gradle-2.8/lib/plugins/jackson-annotations-2.3.2.jar
7fde5b6cc000-7fde5b6cf000 r--s 0002e000 08:02 28186719                   /home/ivan/tools/android/android-studio/gradle/gradle-2.8/lib/plugins/jackson-core-2.3.2.jar
7fde5b6cf000-7fde5b6da000 r--s 0006b000 08:02 28186699                   /home/ivan/tools/android/android-studio/gradle/gradle-2.8/lib/plugins/aws-java-sdk-core-1.9.19.jar
7fde5b6da000-7fde5b6e0000 r--s 00036000 08:02 28186729                   /home/ivan/tools/android/android-studio/gradle/gradle-2.8/lib/plugins/aws-java-sdk-kms-1.9.19.jar
7fde5b6e0000-7fde5b6eb000 r--s 00079000 08:02 28186696                   /home/ivan/tools/android/android-studio/gradle/gradle-2.8/lib/plugins/aws-java-sdk-s3-1.9.19.jar
7fde5b6eb000-7fde5b6ec000 r--s 00003000 08:02 28186635                   /home/ivan/tools/android/android-studio/gradle/gradle-2.8/lib/plugins/gradle-resources-s3-2.8.jar
7fde5b6ec000-7fde5b6ed000 r--s 00004000 08:02 28186658                   /home/ivan/tools/android/android-studio/gradle/gradle-2.8/lib/plugins/gradle-resources-sftp-2.8.jar
7fde5b6ed000-7fde5b6ee000 r--s 00001000 08:02 28182195                   /home/ivan/tools/android/android-studio/gradle/gradle-2.8/lib/plugins/gradle-plugin-development-2.8.jar
7fde5b6ee000-7fde5b6f0000 r--s 00005000 08:02 28186638                   /home/ivan/tools/android/android-studio/gradle/gradle-2.8/lib/plugins/gradle-testing-native-2.8.jar
7fde5b6f0000-7fde5b6f5000 r--s 0002b000 08:02 28186614                   /home/ivan/tools/android/android-studio/gradle/gradle-2.8/lib/plugins/gradle-ide-native-2.8.jar
7fde5b6f5000-7fde5b6fb000 r--s 00019000 08:02 28186646                   /home/ivan/tools/android/android-studio/gradle/gradle-2.8/lib/plugins/gradle-language-native-2.8.jar
7fde5b6fb000-7fde5b700000 r--s 00028000 08:02 28186657                   /home/ivan/tools/android/android-studio/gradle/gradle-2.8/lib/plugins/gradle-platform-play-2.8.jar
7fde5b700000-7fde5b70d000 r--s 0004f000 08:02 28182205                   /home/ivan/tools/android/android-studio/gradle/gradle-2.8/lib/plugins/gradle-platform-native-2.8.jar
7fde5b70d000-7fde5b710000 r--s 00008000 08:02 28186617                   /home/ivan/tools/android/android-studio/gradle/gradle-2.8/lib/plugins/gradle-language-scala-2.8.jar
7fde5b710000-7fde5b713000 r--s 00009000 08:02 28186641                   /home/ivan/tools/android/android-studio/gradle/gradle-2.8/lib/plugins/gradle-language-groovy-2.8.jar
7fde5b713000-7fde5b719000 r--s 00023000 08:02 28182202                   /home/ivan/tools/android/android-studio/gradle/gradle-2.8/lib/plugins/gradle-language-java-2.8.jar
7fde5b719000-7fde5b71b000 r--s 00008000 08:02 28182194                   /home/ivan/tools/android/android-studio/gradle/gradle-2.8/lib/plugins/gradle-language-jvm-2.8.jar
7fde5b71b000-7fde5b71e000 r--s 0000d000 08:02 28186648                   /home/ivan/tools/android/android-studio/gradle/gradle-2.8/lib/plugins/gradle-platform-jvm-2.8.jar
7fde5b71e000-7fde5b726000 r--s 0002c000 08:02 28186626                   /home/ivan/tools/android/android-studio/gradle/gradle-2.8/lib/plugins/gradle-platform-base-2.8.jar
7fde5b726000-7fde5b72a000 r--s 00020000 08:02 28182209                   /home/ivan/tools/android/android-studio/gradle/gradle-2.8/lib/plugins/gradle-build-init-2.8.jar
7fde5b72a000-7fde5b72d000 r--s 00017000 08:02 28186651                   /home/ivan/tools/android/android-studio/gradle/gradle-2.8/lib/plugins/gradle-jacoco-2.8.jar
7fde5b72d000-7fde5b730000 r--s 0000e000 08:02 28186613                   /home/ivan/tools/android/android-studio/gradle/gradle-2.8/lib/plugins/gradle-ivy-2.8.jar
7fde5b730000-7fde5b732000 r--s 00002000 08:02 28182208                   /home/ivan/tools/android/android-studio/gradle/gradle-2.8/lib/plugins/gradle-publish-2.8.jar
7fde5b732000-7fde5b734000 r--s 00005000 08:02 28186700                   /home/ivan/tools/android/android-studio/gradle/gradle-2.8/lib/plugins/jatl-0.2.2.jar
7fde5b734000-7fde5b736000 r--s 0000f000 08:02 28186644                   /home/ivan/tools/android/android-studio/gradle/gradle-2.8/lib/plugins/gradle-reporting-2.8.jar
7fde5b736000-7fde5b73b000 r--s 00035000 08:02 28186631                   /home/ivan/tools/android/android-studio/gradle/gradle-2.8/lib/plugins/gradle-diagnostics-2.8.jar
7fde5b73b000-7fde5b742000 r--s 0008f000 08:02 28186652                   /home/ivan/tools/android/android-studio/gradle/gradle-2.8/lib/plugins/gradle-build-comparison-2.8.jar
7fde5b742000-7fde5b749000 r--s 00035000 08:02 28186702                   /home/ivan/tools/android/android-studio/gradle/gradle-2.8/lib/plugins/simple-4.1.21.jar
7fde5b749000-7fde5b755000 r--s 00100000 08:02 28186708                   /home/ivan/tools/android/android-studio/gradle/gradle-2.8/lib/plugins/rhino-1.7R3.jar
7fde5b755000-7fde5b759000 r--s 0001c000 08:02 28182200                   /home/ivan/tools/android/android-studio/gradle/gradle-2.8/lib/plugins/gradle-javascript-2.8.jar
7fde5b759000-7fde5b75b000 r--s 0000b000 08:02 28186639                   /home/ivan/tools/android/android-studio/gradle/gradle-2.8/lib/plugins/gradle-ear-2.8.jar
7fde5b75b000-7fde5b762000 r--s 00038000 08:02 28186716                   /home/ivan/tools/android/android-studio/gradle/gradle-2.8/lib/plugins/bcpg-jdk15on-1.51.jar
7fde5b762000-7fde5b764000 r--s 00017000 08:02 28182207                   /home/ivan/tools/android/android-studio/gradle/gradle-2.8/lib/plugins/gradle-signing-2.8.jar
7fde5b764000-7fde5b767000 r--s 00015000 08:02 28186632                   /home/ivan/tools/android/android-studio/gradle/gradle-2.8/lib/plugins/gradle-sonar-2.8.jar
7fde5b767000-7fde5b76a000 r--s 00010000 08:02 28186629                   /home/ivan/tools/android/android-studio/gradle/gradle-2.8/lib/plugins/gradle-scala-2.8.jar
7fde5b76a000-7fde5b76c000 r--s 0000a000 08:02 28186628                   /home/ivan/tools/android/android-studio/gradle/gradle-2.8/lib/plugins/gradle-announce-2.8.jar
7fde5b76c000-7fde5b77a000 r--s 0009f000 08:02 28186630                   /home/ivan/tools/android/android-studio/gradle/gradle-2.8/lib/plugins/gradle-ide-2.8.jar
7fde5b77a000-7fde5b77d000 r--s 0000c000 08:02 28186727                   /home/ivan/tools/android/android-studio/gradle/gradle-2.8/lib/plugins/pmaven-groovy-0.8-20100325.jar
7fde5b77d000-7fde5b783000 r--s 00022000 08:02 28186643                   /home/ivan/tools/android/android-studio/gradle/gradle-2.8/lib/plugins/gradle-maven-2.8.jar
7fde5b783000-7fde5b7a4000 r--s 001c3000 08:02 28186642                   /home/ivan/tools/android/android-studio/gradle/gradle-2.8/lib/plugins/bndlib-2.4.0.jar
7fde5b7a4000-7fde5b7a8000 r-xp 00000000 08:02 27396148                   /home/ivan/.gradle/native/19/linux-amd64/libnative-platform.so
7fde5b7a8000-7fde5b9a7000 ---p 00004000 08:02 27396148                   /home/ivan/.gradle/native/19/linux-amd64/libnative-platform.so
7fde5b9a7000-7fde5b9a8000 rw-p 00003000 08:02 27396148                   /home/ivan/.gradle/native/19/linux-amd64/libnative-platform.so
7fde5b9a8000-7fde5b9b8000 r-xp 00000000 08:02 2625910                    /usr/lib/jvm/java-7-openjdk-amd64/jre/lib/amd64/libnio.so
7fde5b9b8000-7fde5bbb8000 ---p 00010000 08:02 2625910                    /usr/lib/jvm/java-7-openjdk-amd64/jre/lib/amd64/libnio.so
7fde5bbb8000-7fde5bbb9000 r--p 00010000 08:02 2625910                    /usr/lib/jvm/java-7-openjdk-amd64/jre/lib/amd64/libnio.so
7fde5bbb9000-7fde5bbba000 rw-p 00011000 08:02 2625910                    /usr/lib/jvm/java-7-openjdk-amd64/jre/lib/amd64/libnio.so
7fde5bbba000-7fde5bbf7000 r-xp 00000000 08:02 13447                      /lib/x86_64-linux-gnu/libpcre.so.3.13.1
7fde5bbf7000-7fde5bdf6000 ---p 0003d000 08:02 13447                      /lib/x86_64-linux-gnu/libpcre.so.3.13.1
7fde5bdf6000-7fde5bdf7000 r--p 0003c000 08:02 13447                      /lib/x86_64-linux-gnu/libpcre.so.3.13.1
7fde5bdf7000-7fde5bdf8000 rw-p 0003d000 08:02 13447                      /lib/x86_64-linux-gnu/libpcre.so.3.13.1
7fde5bdf8000-7fde5bdff000 r-xp 00000000 08:02 21389                      /usr/lib/x86_64-linux-gnu/libffi.so.6.0.1
7fde5bdff000-7fde5bffe000 ---p 00007000 08:02 21389                      /usr/lib/x86_64-linux-gnu/libffi.so.6.0.1
7fde5bffe000-7fde5bfff000 r--p 00006000 08:02 21389                      /usr/lib/x86_64-linux-gnu/libffi.so.6.0.1
7fde5bfff000-7fde5c000000 rw-p 00007000 08:02 21389                      /usr/lib/x86_64-linux-gnu/libffi.so.6.0.1
7fde5c000000-7fde5c021000 rw-p 00000000 00:00 0 
7fde5c021000-7fde60000000 ---p 00000000 00:00 0 
7fde60000000-7fde60021000 rw-p 00000000 00:00 0 
7fde60021000-7fde64000000 ---p 00000000 00:00 0 
7fde64000000-7fde64618000 rw-p 00000000 00:00 0 
7fde64618000-7fde68000000 ---p 00000000 00:00 0 
7fde68000000-7fde685c9000 rw-p 00000000 00:00 0 
7fde685c9000-7fde6c000000 ---p 00000000 00:00 0 
7fde6c000000-7fde6c021000 rw-p 00000000 00:00 0 
7fde6c021000-7fde70000000 ---p 00000000 00:00 0 
7fde70000000-7fde70021000 rw-p 00000000 00:00 0 
7fde70021000-7fde74000000 ---p 00000000 00:00 0 
7fde74000000-7fde74021000 rw-p 00000000 00:00 0 
7fde74021000-7fde78000000 ---p 00000000 00:00 0 
7fde78000000-7fde78021000 rw-p 00000000 00:00 0 
7fde78021000-7fde7c000000 ---p 00000000 00:00 0 
7fde7c000000-7fde7c021000 rw-p 00000000 00:00 0 
7fde7c021000-7fde80000000 ---p 00000000 00:00 0 
7fde80000000-7fde80021000 rw-p 00000000 00:00 0 
7fde80021000-7fde84000000 ---p 00000000 00:00 0 
7fde84000000-7fde84021000 rw-p 00000000 00:00 0 
7fde84021000-7fde88000000 ---p 00000000 00:00 0 
7fde88000000-7fde88001000 r--s 00002000 08:02 28186703                   /home/ivan/tools/android/android-studio/gradle/gradle-2.8/lib/plugins/sonar-batch-bootstrapper-2.9.jar
7fde88001000-7fde88002000 r--s 00004000 08:02 28186718                   /home/ivan/tools/android/android-studio/gradle/gradle-2.8/lib/plugins/pmaven-common-0.8-20100325.jar
7fde88002000-7fde88004000 r--s 00004000 08:02 28182196                   /home/ivan/tools/android/android-studio/gradle/gradle-2.8/lib/plugins/gradle-osgi-2.8.jar
7fde88004000-7fde88006000 r--s 00008000 08:02 28186637                   /home/ivan/tools/android/android-studio/gradle/gradle-2.8/lib/plugins/gradle-antlr-2.8.jar
7fde88006000-7fde88009000 r--s 0001e000 08:02 28186728                   /home/ivan/tools/android/android-studio/gradle/gradle-2.8/lib/plugins/jsp-api-2.1-6.1.14.jar
7fde88009000-7fde8802c000 r--s 00344000 08:02 28186731                   /home/ivan/tools/android/android-studio/gradle/gradle-2.8/lib/plugins/core-3.1.1.jar
7fde8802c000-7fde8802d000 r--s 00006000 08:02 28186725                   /home/ivan/tools/android/android-studio/gradle/gradle-2.8/lib/plugins/jetty-naming-6.1.25.jar
7fde8802d000-7fde8802e000 r--s 00002000 08:02 28186706                   /home/ivan/tools/android/android-studio/gradle/gradle-2.8/lib/plugins/geronimo-annotation_1.0_spec-1.0.jar
7fde8802e000-7fde88030000 r--s 00002000 08:02 28186697                   /home/ivan/tools/android/android-studio/gradle/gradle-2.8/lib/plugins/jetty-annotations-6.1.25.jar
7fde88030000-7fde88041000 r--s 000ea000 08:02 28186732                   /home/ivan/tools/android/android-studio/gradle/gradle-2.8/lib/plugins/jsp-2.1-6.1.14.jar
7fde88041000-7fde88043000 r--s 0000d000 08:02 28186694                   /home/ivan/tools/android/android-studio/gradle/gradle-2.8/lib/plugins/jetty-plus-6.1.25.jar
7fde88043000-7fde88045000 r--s 0001f000 08:02 28186690                   /home/ivan/tools/android/android-studio/gradle/gradle-2.8/lib/plugins/servlet-api-2.5-20081211.jar
7fde88045000-7fde88049000 r--s 00028000 08:02 28186721                   /home/ivan/tools/android/android-studio/gradle/gradle-2.8/lib/plugins/jetty-util-6.1.25.jar
7fde88049000-7fde88050000 r--s 0007d000 08:02 28186692                   /home/ivan/tools/android/android-studio/gradle/gradle-2.8/lib/plugins/jetty-6.1.25.jar
7fde88050000-7fde88052000 r--s 00009000 08:02 28186615                   /home/ivan/tools/android/android-studio/gradle/gradle-2.8/lib/plugins/gradle-jetty-2.8.jar
7fde88052000-7fde88058000 r--s 00036000 08:02 28186645                   /home/ivan/tools/android/android-studio/gradle/gradle-2.8/lib/plugins/gradle-code-quality-2.8.jar
7fde88058000-7fde8805a000 r--s 00009000 08:02 28186709                   /home/ivan/tools/android/android-studio/gradle/gradle-2.8/lib/plugins/hamcrest-core-1.3.jar
7fde8805a000-7fde88060000 r--s 00033000 08:02 28186691                   /home/ivan/tools/android/android-studio/gradle/gradle-2.8/lib/plugins/snakeyaml-1.6.jar
7fde88060000-7fde88062000 r--s 00006000 08:02 28186726                   /home/ivan/tools/android/android-studio/gradle/gradle-2.8/lib/plugins/jcommander-1.12.jar
7fde88062000-7fde88067000 r--s 00040000 08:02 28186698                   /home/ivan/tools/android/android-studio/gradle/gradle-2.8/lib/plugins/bsh-2.0b4.jar
7fde88067000-7fde88069000 r--s 00009000 08:02 28186704                   /home/ivan/tools/android/android-studio/gradle/gradle-2.8/lib/plugins/commons-cli-1.2.jar
7fde88069000-7fde88072000 r--s 00089000 08:02 28186724                   /home/ivan/tools/android/android-studio/gradle/gradle-2.8/lib/plugins/testng-6.3.1.jar
7fde88072000-7fde8807a000 r--s 00045000 08:02 28186713                   /home/ivan/tools/android/android-studio/gradle/gradle-2.8/lib/plugins/junit-4.12.jar
7fde8807a000-7fde88086000 r--s 00073000 08:02 28182203                   /home/ivan/tools/android/android-studio/gradle/gradle-2.8/lib/plugins/gradle-plugins-2.8.jar
7fde88086000-7fde8809e000 r--s 00115000 08:02 28186720                   /home/ivan/tools/android/android-studio/gradle/gradle-2.8/lib/plugins/xercesImpl-2.9.1.jar
7fde8809e000-7fde880a6000 r--s 00028000 08:02 28186695                   /home/ivan/tools/android/android-studio/gradle/gradle-2.8/lib/plugins/xml-apis-1.3.04.jar
7fde880a6000-7fde880ac000 r--s 0005b000 08:02 28186693                   /home/ivan/tools/android/android-studio/gradle/gradle-2.8/lib/plugins/jcifs-1.3.17.jar
7fde880ac000-7fde880b2000 r--s 00031000 08:02 28186711                   /home/ivan/tools/android/android-studio/gradle/gradle-2.8/lib/plugins/httpcore-4.2.2.jar
7fde880b2000-7fde880b8000 r--s 00033000 08:02 28186717                   /home/ivan/tools/android/android-studio/gradle/gradle-2.8/lib/plugins/commons-codec-1.6.jar
7fde880b8000-7fde880bb000 r--s 0001c000 08:02 28186705                   /home/ivan/tools/android/android-studio/gradle/gradle-2.8/lib/plugins/nekohtml-1.9.14.jar
7fde880bb000-7fde880c4000 r--s 00060000 08:02 28186714                   /home/ivan/tools/android/android-studio/gradle/gradle-2.8/lib/plugins/httpclient-4.2.2.jar
7fde880c4000-7fde880c6000 r--s 00009000 08:02 28182193                   /home/ivan/tools/android/android-studio/gradle/gradle-2.8/lib/plugins/gradle-resources-http-2.8.jar
7fde880c6000-7fde880c9000 r--s 00011000 08:02 28186619                   /home/ivan/tools/android/android-studio/gradle/gradle-2.8/lib/plugins/gradle-plugin-use-2.8.jar
7fde880c9000-7fde880ca000 r--s 00007000 08:02 28186627                   /home/ivan/tools/android/android-studio/gradle/gradle-2.8/lib/plugins/wagon-http-shared4-2.4.jar
7fde880ca000-7fde880ce000 r--s 00033000 08:02 28182210                   /home/ivan/tools/android/android-studio/gradle/gradle-2.8/lib/plugins/plexus-utils-2.0.6.jar
7fde880ce000-7fde880d2000 r--s 00021000 08:02 28186654                   /home/ivan/tools/android/android-studio/gradle/gradle-2.8/lib/plugins/maven-model-builder-3.0.4.jar
7fde880d2000-7fde880d3000 r--s 00002000 08:02 28186621                   /home/ivan/tools/android/android-studio/gradle/gradle-2.8/lib/plugins/wagon-file-2.4.jar
7fde880d3000-7fde880d5000 r--s 00002000 08:02 28182206                   /home/ivan/tools/android/android-studio/gradle/gradle-2.8/lib/plugins/plexus-cipher-1.7.jar
7fde880d5000-7fde880d8000 r--s 00013000 08:02 28186634                   /home/ivan/tools/android/android-studio/gradle/gradle-2.8/lib/plugins/aether-api-1.13.1.jar
7fde880d8000-7fde880da000 r--s 0000a000 08:02 28182191                   /home/ivan/tools/android/android-studio/gradle/gradle-2.8/lib/plugins/maven-settings-3.0.4.jar
7fde880da000-7fde880dc000 r--s 0000d000 08:02 28186633                   /home/ivan/tools/android/android-studio/gradle/gradle-2.8/lib/plugins/plexus-interpolation-1.14.jar
7fde880dc000-7fde880de000 r--s 0000b000 08:02 28182192                   /home/ivan/tools/android/android-studio/gradle/gradle-2.8/lib/plugins/maven-artifact-3.0.4.jar
7fde880de000-7fde880e5000 r--s 0002e000 08:02 28186659                   /home/ivan/tools/android/android-studio/gradle/gradle-2.8/lib/plugins/plexus-container-default-1.5.5.jar
7fde880e5000-7fde880e7000 r--s 0000b000 08:02 28182204                   /home/ivan/tools/android/android-studio/gradle/gradle-2.8/lib/plugins/maven-plugin-api-3.0.4.jar
7fde880e7000-7fde880e9000 r--s 00000000 08:02 28186620                   /home/ivan/tools/android/android-studio/gradle/gradle-2.8/lib/plugins/plexus-component-annotations-1.5.5.jar
7fde880e9000-7fde880ef000 r--s 0003f000 08:02 28186622                   /home/ivan/tools/android/android-studio/gradle/gradle-2.8/lib/plugins/maven-compat-3.0.4.jar
7fde880ef000-7fde880f2000 r--s 00008000 08:02 28182199                   /home/ivan/tools/android/android-studio/gradle/gradle-2.8/lib/plugins/maven-settings-builder-3.0.4.jar
7fde880f2000-7fde880f3000 r--s 00002000 08:02 28186655                   /home/ivan/tools/android/android-studio/gradle/gradle-2.8/lib/plugins/wagon-http-2.4.jar
7fde880f3000-7fde880f5000 r--s 00026000 08:02 28186650                   /home/ivan/tools/android/android-studio/gradle/gradle-2.8/lib/plugins/maven-model-3.0.4.jar
7fde880f5000-7fde880f7000 r--s 00006000 08:02 28182197                   /home/ivan/tools/android/android-studio/gradle/gradle-2.8/lib/plugins/aether-connector-wagon-1.13.1.jar
7fde880f7000-7fde880f9000 r--s 0000a000 08:02 28186624                   /home/ivan/tools/android/android-studio/gradle/gradle-2.8/lib/plugins/plexus-classworlds-2.4.jar
7fde880f9000-7fde880fb000 r--s 00006000 08:02 28182201                   /home/ivan/tools/android/android-studio/gradle/gradle-2.8/lib/plugins/maven-repository-metadata-3.0.4.jar
7fde880fb000-7fde880fd000 r--s 0000c000 08:02 28186618                   /home/ivan/tools/android/android-studio/gradle/gradle-2.8/lib/plugins/maven-aether-provider-3.0.4.jar
7fde880fd000-7fde880ff000 r--s 0000b000 08:02 28186625                   /home/ivan/tools/android/android-studio/gradle/gradle-2.8/lib/plugins/wagon-provider-api-2.4.jar
7fde880ff000-7fde88103000 r--s 0001c000 08:02 28186636                   /home/ivan/tools/android/android-studio/gradle/gradle-2.8/lib/plugins/aether-util-1.13.1.jar
7fde88103000-7fde88106000 r--s 0001d000 08:02 28186647                   /home/ivan/tools/android/android-studio/gradle/gradle-2.8/lib/plugins/aether-impl-1.13.1.jar
7fde88106000-7fde8810a000 r--s 0003d000 08:02 28186701                   /home/ivan/tools/android/android-studio/gradle/gradle-2.8/lib/plugins/jsch-0.1.51.jar
7fde8810a000-7fde8814a000 r--s 00277000 08:02 28186712                   /home/ivan/tools/android/android-studio/gradle/gradle-2.8/lib/plugins/bcprov-jdk15on-1.51.jar
7fde8814a000-7fde8814e000 r--s 0001d000 08:02 28186730                   /home/ivan/tools/android/android-studio/gradle/gradle-2.8/lib/plugins/xbean-reflect-3.4.jar
7fde8814e000-7fde8815a000 r--s 0007d000 08:02 28186640                   /home/ivan/tools/android/android-studio/gradle/gradle-2.8/lib/plugins/maven-core-3.0.4.jar
7fde8815a000-7fde88169000 r--s 000d9000 08:02 28186707                   /home/ivan/tools/android/android-studio/gradle/gradle-2.8/lib/plugins/ivy-2.2.0.jar
7fde88169000-7fde8819a000 rw-p 00000000 00:00 0 
7fde8819a000-7fde881b1000 r-xp 00000000 08:02 3147                       /lib/x86_64-linux-gnu/libresolv-2.19.so
7fde881b1000-7fde883b1000 ---p 00017000 08:02 3147                       /lib/x86_64-linux-gnu/libresolv-2.19.so
7fde883b1000-7fde883b2000 r--p 00017000 08:02 3147                       /lib/x86_64-linux-gnu/libresolv-2.19.so
7fde883b2000-7fde883b3000 rw-p 00018000 08:02 3147                       /lib/x86_64-linux-gnu/libresolv-2.19.so
7fde883b3000-7fde883b5000 rw-p 00000000 00:00 0 
7fde883b5000-7fde883d5000 r-xp 00000000 08:02 13524                      /lib/x86_64-linux-gnu/libselinux.so.1
7fde883d5000-7fde885d4000 ---p 00020000 08:02 13524                      /lib/x86_64-linux-gnu/libselinux.so.1
7fde885d4000-7fde885d5000 r--p 0001f000 08:02 13524                      /lib/x86_64-linux-gnu/libselinux.so.1
7fde885d5000-7fde885d6000 rw-p 00020000 08:02 13524                      /lib/x86_64-linux-gnu/libselinux.so.1
7fde885d6000-7fde885d8000 rw-p 00000000 00:00 0 
7fde885d8000-7fde885db000 r-xp 00000000 08:02 28550                      /usr/lib/x86_64-linux-gnu/libgmodule-2.0.so.0.4002.0
7fde885db000-7fde887da000 ---p 00003000 08:02 28550                      /usr/lib/x86_64-linux-gnu/libgmodule-2.0.so.0.4002.0
7fde887da000-7fde887db000 r--p 00002000 08:02 28550                      /usr/lib/x86_64-linux-gnu/libgmodule-2.0.so.0.4002.0
7fde887db000-7fde887dc000 rw-p 00003000 08:02 28550                      /usr/lib/x86_64-linux-gnu/libgmodule-2.0.so.0.4002.0
7fde887dc000-7fde888e2000 r-xp 00000000 08:02 13425                      /lib/x86_64-linux-gnu/libglib-2.0.so.0.4002.0
7fde888e2000-7fde88ae1000 ---p 00106000 08:02 13425                      /lib/x86_64-linux-gnu/libglib-2.0.so.0.4002.0
7fde88ae1000-7fde88ae2000 r--p 00105000 08:02 13425                      /lib/x86_64-linux-gnu/libglib-2.0.so.0.4002.0
7fde88ae2000-7fde88ae3000 rw-p 00106000 08:02 13425                      /lib/x86_64-linux-gnu/libglib-2.0.so.0.4002.0
7fde88ae3000-7fde88ae4000 rw-p 00000000 00:00 0 
7fde88ae4000-7fde88b33000 r-xp 00000000 08:02 28566                      /usr/lib/x86_64-linux-gnu/libgobject-2.0.so.0.4002.0
7fde88b33000-7fde88d33000 ---p 0004f000 08:02 28566                      /usr/lib/x86_64-linux-gnu/libgobject-2.0.so.0.4002.0
7fde88d33000-7fde88d34000 r--p 0004f000 08:02 28566                      /usr/lib/x86_64-linux-gnu/libgobject-2.0.so.0.4002.0
7fde88d34000-7fde88d35000 rw-p 00050000 08:02 28566                      /usr/lib/x86_64-linux-gnu/libgobject-2.0.so.0.4002.0
7fde88d35000-7fde88ea1000 r-xp 00000000 08:02 28538                      /usr/lib/x86_64-linux-gnu/libgio-2.0.so.0.4002.0
7fde88ea1000-7fde890a0000 ---p 0016c000 08:02 28538                      /usr/lib/x86_64-linux-gnu/libgio-2.0.so.0.4002.0
7fde890a0000-7fde890a4000 r--p 0016b000 08:02 28538                      /usr/lib/x86_64-linux-gnu/libgio-2.0.so.0.4002.0
7fde890a4000-7fde890a6000 rw-p 0016f000 08:02 28538                      /usr/lib/x86_64-linux-gnu/libgio-2.0.so.0.4002.0
7fde890a6000-7fde890a8000 rw-p 00000000 00:00 0 
7fde890a8000-7fde890a9000 r--s 00003000 08:02 28186653                   /home/ivan/tools/android/android-studio/gradle/gradle-2.8/lib/plugins/aether-spi-1.13.1.jar
7fde890a9000-7fde890aa000 r--s 00006000 08:02 28186623                   /home/ivan/tools/android/android-studio/gradle/gradle-2.8/lib/plugins/plexus-sec-dispatcher-1.3.jar
7fde890aa000-7fde890af000 r--s 0002a000 08:02 28186689                   /home/ivan/tools/android/android-studio/gradle/gradle-2.8/lib/plugins/gson-2.2.4.jar
7fde890af000-7fde890cb000 r--s 000ca000 08:02 28182198                   /home/ivan/tools/android/android-studio/gradle/gradle-2.8/lib/plugins/gradle-dependency-management-2.8.jar
7fde890cb000-7fde890e2000 r-xp 00000000 08:02 2625929                    /usr/lib/jvm/java-7-openjdk-amd64/jre/lib/amd64/libnet.so
7fde890e2000-7fde892e1000 ---p 00017000 08:02 2625929                    /usr/lib/jvm/java-7-openjdk-amd64/jre/lib/amd64/libnet.so
7fde892e1000-7fde892e2000 r--p 00016000 08:02 2625929                    /usr/lib/jvm/java-7-openjdk-amd64/jre/lib/amd64/libnet.so
7fde892e2000-7fde892e3000 rw-p 00017000 08:02 2625929                    /usr/lib/jvm/java-7-openjdk-amd64/jre/lib/amd64/libnet.so
7fde892e3000-7fde892ee000 r--s 0003a000 08:02 28186669                   /home/ivan/tools/android/android-studio/gradle/gradle-2.8/lib/gradle-tooling-api-2.8.jar
7fde892ee000-7fde892f0000 r--s 00002000 08:02 28186661                   /home/ivan/tools/android/android-studio/gradle/gradle-2.8/lib/gradle-open-api-2.8.jar
7fde892f0000-7fde892f6000 r--s 00032000 08:02 28186736                   /home/ivan/tools/android/android-studio/gradle/gradle-2.8/lib/jaxen-1.1.jar
7fde892f6000-7fde892fb000 r--s 00048000 08:02 28186756                   /home/ivan/tools/android/android-studio/gradle/gradle-2.8/lib/dom4j-1.6.1.jar
7fde892fb000-7fde892fc000 ---p 00000000 00:00 0 
7fde892fc000-7fde893fc000 rw-p 00000000 00:00 0                          [stack:1890]
7fde893fc000-7fde893ff000 ---p 00000000 00:00 0 
7fde893ff000-7fde894fd000 rw-p 00000000 00:00 0                          [stack:1889]
7fde894fd000-7fde89500000 ---p 00000000 00:00 0 
7fde89500000-7fde895fe000 rw-p 00000000 00:00 0                          [stack:1888]
7fde895fe000-7fde89601000 ---p 00000000 00:00 0 
7fde89601000-7fde896ff000 rw-p 00000000 00:00 0                          [stack:1887]
7fde896ff000-7fde89702000 ---p 00000000 00:00 0 
7fde89702000-7fde8c000000 rw-p 00000000 00:00 0                          [stack:1886]
7fde8c000000-7fde8c021000 rw-p 00000000 00:00 0 
7fde8c021000-7fde90000000 ---p 00000000 00:00 0 
7fde90000000-7fde90001000 r--s 00006000 08:02 28186664                   /home/ivan/tools/android/android-studio/gradle/gradle-2.8/lib/gradle-wrapper-2.8.jar
7fde90001000-7fde9000c000 r--s 00059000 08:02 28186665                   /home/ivan/tools/android/android-studio/gradle/gradle-2.8/lib/gradle-ui-2.8.jar
7fde9000c000-7fde9000f000 r--s 00008000 08:02 28186666                   /home/ivan/tools/android/android-studio/gradle/gradle-2.8/lib/gradle-resources-2.8.jar
7fde9000f000-7fde90011000 r--s 00007000 08:02 28186753                   /home/ivan/tools/android/android-studio/gradle/gradle-2.8/lib/objenesis-1.2.jar
7fde90011000-7fde90013000 r--s 00000000 08:02 28186754                   /home/ivan/tools/android/android-studio/gradle/gradle-2.8/lib/minlog-1.2.jar
7fde90013000-7fde90015000 r--s 0000f000 08:02 28186686                   /home/ivan/tools/android/android-studio/gradle/gradle-2.8/lib/reflectasm-1.07-shaded.jar
7fde90015000-7fde90019000 r--s 00026000 08:02 28186735                   /home/ivan/tools/android/android-studio/gradle/gradle-2.8/lib/kryo-2.20.jar
7fde90019000-7fde90022000 r--s 0003f000 08:02 28186668                   /home/ivan/tools/android/android-studio/gradle/gradle-2.8/lib/gradle-messaging-2.8.jar
7fde90022000-7fde90023000 r--s 00003000 08:02 28186740                   /home/ivan/tools/android/android-studio/gradle/gradle-2.8/lib/native-platform-freebsd-amd64-0.10.jar
7fde90023000-7fde90024000 r--s 00003000 08:02 28186734                   /home/ivan/tools/android/android-studio/gradle/gradle-2.8/lib/native-platform-freebsd-i386-0.10.jar
7fde90024000-7fde90025000 r--s 00005000 08:02 28186751                   /home/ivan/tools/android/android-studio/gradle/gradle-2.8/lib/native-platform-windows-i386-0.10.jar
7fde90025000-7fde90026000 r--s 00005000 08:02 28186737                   /home/ivan/tools/android/android-studio/gradle/gradle-2.8/lib/native-platform-windows-amd64-0.10.jar
7fde90026000-7fde90027000 r--s 00003000 08:02 28186741                   /home/ivan/tools/android/android-studio/gradle/gradle-2.8/lib/native-platform-linux-i386-0.10.jar
7fde90027000-7fde90028000 r--s 00003000 08:02 28186749                   /home/ivan/tools/android/android-studio/gradle/gradle-2.8/lib/native-platform-linux-amd64-0.10.jar
7fde90028000-7fde90029000 r--s 00002000 08:02 28186688                   /home/ivan/tools/android/android-studio/gradle/gradle-2.8/lib/native-platform-osx-amd64-0.10.jar
7fde90029000-7fde9002a000 r--s 00002000 08:02 28186758                   /home/ivan/tools/android/android-studio/gradle/gradle-2.8/lib/native-platform-osx-i386-0.10.jar
7fde9002a000-7fde9002c000 r--s 00008000 08:02 28186739                   /home/ivan/tools/android/android-studio/gradle/gradle-2.8/lib/jansi-1.2.1.jar
7fde9002c000-7fde9002f000 r--s 0000d000 08:02 28186747                   /home/ivan/tools/android/android-studio/gradle/gradle-2.8/lib/native-platform-0.10.jar
7fde9002f000-7fde90033000 r--s 000e4000 08:02 28186752                   /home/ivan/tools/android/android-studio/gradle/gradle-2.8/lib/jna-3.2.7.jar
7fde90033000-7fde90035000 r--s 00008000 08:02 28182189                   /home/ivan/tools/android/android-studio/gradle/gradle-2.8/lib/gradle-native-2.8.jar
7fde90035000-7fde90037000 r--s 00005000 08:02 28186660                   /home/ivan/tools/android/android-studio/gradle/gradle-2.8/lib/gradle-cli-2.8.jar
7fde90037000-7fde90038000 r--s 00007000 08:02 28186662                   /home/ivan/tools/android/android-studio/gradle/gradle-2.8/lib/gradle-model-groovy-2.8.jar
7fde90038000-7fde90039000 r--s 00006000 08:02 28186675                   /home/ivan/tools/android/android-studio/gradle/gradle-2.8/lib/gradle-base-services-groovy-2.8.jar
7fde90039000-7fde90045000 r--s 00067000 08:02 28186673                   /home/ivan/tools/android/android-studio/gradle/gradle-2.8/lib/gradle-model-core-2.8.jar
7fde90045000-7fde90046000 r--s 00000000 08:02 28186671                   /home/ivan/tools/android/android-studio/gradle/gradle-2.8/lib/gradle-docs-2.8.jar
7fde90046000-7fde90048000 r--s 00003000 08:02 28186738                   /home/ivan/tools/android/android-studio/gradle/gradle-2.8/lib/jcl-over-slf4j-1.7.10.jar
7fde90048000-7fde90049000 r--s 00005000 08:02 28186733                   /home/ivan/tools/android/android-studio/gradle/gradle-2.8/lib/log4j-over-slf4j-1.7.10.jar
7fde90049000-7fde9004a000 r--s 00000000 08:02 28186745                   /home/ivan/tools/android/android-studio/gradle/gradle-2.8/lib/javax.inject-1.jar
7fde9004a000-7fde9004d000 r--s 0001b000 08:02 28186687                   /home/ivan/tools/android/android-studio/gradle/gradle-2.8/lib/jarjar-1.3.jar
7fde9004d000-7fde9004f000 r--s 00000000 08:02 28186742                   /home/ivan/tools/android/android-studio/gradle/gradle-2.8/lib/jul-to-slf4j-1.7.10.jar
7fde9004f000-7fde900be000 r--s 0063e000 08:02 28186667                   /home/ivan/tools/android/android-studio/gradle/gradle-2.8/lib/groovy-all-2.4.4.jar
7fde900be000-7fde900e6000 r--s 001cf000 08:02 28186746                   /home/ivan/tools/android/android-studio/gradle/gradle-2.8/lib/guava-jdk5-17.0.jar
7fde900e6000-7fde908f9000 r--p 00000000 08:02 27195                      /usr/lib/locale/locale-archive
7fde908f9000-7fde908fc000 ---p 00000000 00:00 0 
7fde908fc000-7fde909fa000 rw-p 00000000 00:00 0                          [stack:1885]
7fde909fa000-7fde909fd000 ---p 00000000 00:00 0 
7fde909fd000-7fde90afb000 rw-p 00000000 00:00 0                          [stack:1884]
7fde90afb000-7fde90afc000 ---p 00000000 00:00 0 
7fde90afc000-7fde91000000 rw-p 00000000 00:00 0                          [stack:1883]
7fde91000000-7fde91270000 rwxp 00000000 00:00 0 
7fde91270000-7fde94afc000 rw-p 00000000 00:00 0 
7fde94afc000-7fde98000000 ---p 00000000 00:00 0 
7fde98000000-7fde98001000 r--s 00000000 08:02 28186757                   /home/ivan/tools/android/android-studio/gradle/gradle-2.8/lib/jcip-annotations-1.0.jar
7fde98001000-7fde98004000 r--s 00018000 08:02 28186744                   /home/ivan/tools/android/android-studio/gradle/gradle-2.8/lib/commons-io-1.4.jar
7fde98004000-7fde98012000 r--s 0007f000 08:02 28186743                   /home/ivan/tools/android/android-studio/gradle/gradle-2.8/lib/commons-collections-3.2.1.jar
7fde98012000-7fde98017000 r--s 00036000 08:02 28186750                   /home/ivan/tools/android/android-studio/gradle/gradle-2.8/lib/asm-all-5.0.3.jar
7fde98017000-7fde9801c000 r--s 00041000 08:02 28186748                   /home/ivan/tools/android/android-studio/gradle/gradle-2.8/lib/commons-lang-2.6.jar
7fde9801c000-7fde9801d000 r--s 00007000 08:02 28186755                   /home/ivan/tools/android/android-studio/gradle/gradle-2.8/lib/slf4j-api-1.7.10.jar
7fde9801d000-7fde9801e000 r--s 00004000 08:02 28186663                   /home/ivan/tools/android/android-studio/gradle/gradle-2.8/lib/ant-launcher-1.9.3.jar
7fde9801e000-7fde9803d000 r--s 001cc000 08:02 28186672                   /home/ivan/tools/android/android-studio/gradle/gradle-2.8/lib/ant-1.9.3.jar
7fde9803d000-7fde98044000 r--s 00032000 08:02 28186674                   /home/ivan/tools/android/android-studio/gradle/gradle-2.8/lib/gradle-base-services-2.8.jar
7fde98044000-7fde9807a000 r--s 001b5000 08:02 28182188                   /home/ivan/tools/android/android-studio/gradle/gradle-2.8/lib/gradle-core-2.8.jar
7fde9807a000-7fde98084000 r--s 0004a000 08:02 28186670                   /home/ivan/tools/android/android-studio/gradle/gradle-2.8/lib/gradle-launcher-2.8.jar
7fde98084000-7fde98c7d000 rw-p 00000000 00:00 0 
7fde98c7d000-7fde98e2f000 r--s 01d2f000 08:02 2625893                    /usr/lib/jvm/java-7-openjdk-amd64/jre/lib/rt.jar
7fde98e2f000-7fde991a8000 rw-p 00000000 00:00 0 
7fde991a8000-7fde991a9000 ---p 00000000 00:00 0 
7fde991a9000-7fde992a9000 rw-p 00000000 00:00 0                          [stack:1882]
7fde992a9000-7fde992aa000 ---p 00000000 00:00 0 
7fde992aa000-7fde993aa000 rw-p 00000000 00:00 0                          [stack:1881]
7fde993aa000-7fde993ab000 ---p 00000000 00:00 0 
7fde993ab000-7fde994ab000 rw-p 00000000 00:00 0                          [stack:1879]
7fde994ab000-7fde994ac000 ---p 00000000 00:00 0 
7fde994ac000-7fde995b9000 rw-p 00000000 00:00 0                          [stack:1878]
7fde995b9000-7fde9962c000 rw-p 00000000 00:00 0 
7fde9962c000-7fde99655000 rw-p 00000000 00:00 0 
7fde99655000-7fde99782000 rw-p 00000000 00:00 0 
7fde99782000-7fde9978f000 rw-p 00000000 00:00 0 
7fde9978f000-7fde99802000 rw-p 00000000 00:00 0 
7fde99802000-7fde9982b000 rw-p 00000000 00:00 0 
7fde9982b000-7fde99957000 rw-p 00000000 00:00 0 
7fde99957000-7fde9999b000 rw-p 00000000 00:00 0 
7fde9999b000-7fde99a02000 rw-p 00000000 00:00 0 
7fde99a02000-7fde99a03000 rw-p 00000000 00:00 0 
7fde99a03000-7fde99a0b000 r-xp 00000000 08:02 2625902                    /usr/lib/jvm/java-7-openjdk-amd64/jre/lib/amd64/libzip.so
7fde99a0b000-7fde99c0a000 ---p 00008000 08:02 2625902                    /usr/lib/jvm/java-7-openjdk-amd64/jre/lib/amd64/libzip.so
7fde99c0a000-7fde99c0b000 r--p 00007000 08:02 2625902                    /usr/lib/jvm/java-7-openjdk-amd64/jre/lib/amd64/libzip.so
7fde99c0b000-7fde99c0c000 rw-p 00008000 08:02 2625902                    /usr/lib/jvm/java-7-openjdk-amd64/jre/lib/amd64/libzip.so
7fde99c0c000-7fde99c17000 r-xp 00000000 08:02 3187                       /lib/x86_64-linux-gnu/libnss_files-2.19.so
7fde99c17000-7fde99e16000 ---p 0000b000 08:02 3187                       /lib/x86_64-linux-gnu/libnss_files-2.19.so
7fde99e16000-7fde99e17000 r--p 0000a000 08:02 3187                       /lib/x86_64-linux-gnu/libnss_files-2.19.so
7fde99e17000-7fde99e18000 rw-p 0000b000 08:02 3187                       /lib/x86_64-linux-gnu/libnss_files-2.19.so
7fde99e18000-7fde99e23000 r-xp 00000000 08:02 3171                       /lib/x86_64-linux-gnu/libnss_nis-2.19.so
7fde99e23000-7fde9a022000 ---p 0000b000 08:02 3171                       /lib/x86_64-linux-gnu/libnss_nis-2.19.so
7fde9a022000-7fde9a023000 r--p 0000a000 08:02 3171                       /lib/x86_64-linux-gnu/libnss_nis-2.19.so
7fde9a023000-7fde9a024000 rw-p 0000b000 08:02 3171                       /lib/x86_64-linux-gnu/libnss_nis-2.19.so
7fde9a024000-7fde9a03b000 r-xp 00000000 08:02 3163                       /lib/x86_64-linux-gnu/libnsl-2.19.so
7fde9a03b000-7fde9a23a000 ---p 00017000 08:02 3163                       /lib/x86_64-linux-gnu/libnsl-2.19.so
7fde9a23a000-7fde9a23b000 r--p 00016000 08:02 3163                       /lib/x86_64-linux-gnu/libnsl-2.19.so
7fde9a23b000-7fde9a23c000 rw-p 00017000 08:02 3163                       /lib/x86_64-linux-gnu/libnsl-2.19.so
7fde9a23c000-7fde9a23e000 rw-p 00000000 00:00 0 
7fde9a23e000-7fde9a247000 r-xp 00000000 08:02 3161                       /lib/x86_64-linux-gnu/libnss_compat-2.19.so
7fde9a247000-7fde9a446000 ---p 00009000 08:02 3161                       /lib/x86_64-linux-gnu/libnss_compat-2.19.so
7fde9a446000-7fde9a447000 r--p 00008000 08:02 3161                       /lib/x86_64-linux-gnu/libnss_compat-2.19.so
7fde9a447000-7fde9a448000 rw-p 00009000 08:02 3161                       /lib/x86_64-linux-gnu/libnss_compat-2.19.so
7fde9a448000-7fde9a473000 r-xp 00000000 08:02 2625925                    /usr/lib/jvm/java-7-openjdk-amd64/jre/lib/amd64/libjava.so
7fde9a473000-7fde9a673000 ---p 0002b000 08:02 2625925                    /usr/lib/jvm/java-7-openjdk-amd64/jre/lib/amd64/libjava.so
7fde9a673000-7fde9a674000 r--p 0002b000 08:02 2625925                    /usr/lib/jvm/java-7-openjdk-amd64/jre/lib/amd64/libjava.so
7fde9a674000-7fde9a676000 rw-p 0002c000 08:02 2625925                    /usr/lib/jvm/java-7-openjdk-amd64/jre/lib/amd64/libjava.so
7fde9a676000-7fde9a686000 r-xp 00000000 08:02 2625907                    /usr/lib/jvm/java-7-openjdk-amd64/jre/lib/amd64/libverify.so
7fde9a686000-7fde9a885000 ---p 00010000 08:02 2625907                    /usr/lib/jvm/java-7-openjdk-amd64/jre/lib/amd64/libverify.so
7fde9a885000-7fde9a887000 r--p 0000f000 08:02 2625907                    /usr/lib/jvm/java-7-openjdk-amd64/jre/lib/amd64/libverify.so
7fde9a887000-7fde9a888000 rw-p 00011000 08:02 2625907                    /usr/lib/jvm/java-7-openjdk-amd64/jre/lib/amd64/libverify.so
7fde9a888000-7fde9a88f000 r-xp 00000000 08:02 3179                       /lib/x86_64-linux-gnu/librt-2.19.so
7fde9a88f000-7fde9aa8e000 ---p 00007000 08:02 3179                       /lib/x86_64-linux-gnu/librt-2.19.so
7fde9aa8e000-7fde9aa8f000 r--p 00006000 08:02 3179                       /lib/x86_64-linux-gnu/librt-2.19.so
7fde9aa8f000-7fde9aa90000 rw-p 00007000 08:02 3179                       /lib/x86_64-linux-gnu/librt-2.19.so
7fde9aa90000-7fde9aaa6000 r-xp 00000000 08:02 3455                       /lib/x86_64-linux-gnu/libgcc_s.so.1
7fde9aaa6000-7fde9aca5000 ---p 00016000 08:02 3455                       /lib/x86_64-linux-gnu/libgcc_s.so.1
7fde9aca5000-7fde9aca6000 r--p 00015000 08:02 3455                       /lib/x86_64-linux-gnu/libgcc_s.so.1
7fde9aca6000-7fde9aca7000 rw-p 00016000 08:02 3455                       /lib/x86_64-linux-gnu/libgcc_s.so.1
7fde9aca7000-7fde9adac000 r-xp 00000000 08:02 3151                       /lib/x86_64-linux-gnu/libm-2.19.so
7fde9adac000-7fde9afab000 ---p 00105000 08:02 3151                       /lib/x86_64-linux-gnu/libm-2.19.so
7fde9afab000-7fde9afac000 r--p 00104000 08:02 3151                       /lib/x86_64-linux-gnu/libm-2.19.so
7fde9afac000-7fde9afad000 rw-p 00105000 08:02 3151                       /lib/x86_64-linux-gnu/libm-2.19.so
7fde9afad000-7fde9b09a000 r-xp 00000000 08:02 9486                       /usr/lib/x86_64-linux-gnu/libstdc++.so.6.0.20
7fde9b09a000-7fde9b29a000 ---p 000ed000 08:02 9486                       /usr/lib/x86_64-linux-gnu/libstdc++.so.6.0.20
7fde9b29a000-7fde9b2a2000 r--p 000ed000 08:02 9486                       /usr/lib/x86_64-linux-gnu/libstdc++.so.6.0.20
7fde9b2a2000-7fde9b2a4000 rw-p 000f5000 08:02 9486                       /usr/lib/x86_64-linux-gnu/libstdc++.so.6.0.20
7fde9b2a4000-7fde9b2b9000 rw-p 00000000 00:00 0 
7fde9b2b9000-7fde9bdde000 r-xp 00000000 08:02 2625903                    /usr/lib/jvm/java-7-openjdk-amd64/jre/lib/amd64/server/libjvm.so
7fde9bdde000-7fde9bfde000 ---p 00b25000 08:02 2625903                    /usr/lib/jvm/java-7-openjdk-amd64/jre/lib/amd64/server/libjvm.so
7fde9bfde000-7fde9c078000 r--p 00b25000 08:02 2625903                    /usr/lib/jvm/java-7-openjdk-amd64/jre/lib/amd64/server/libjvm.so
7fde9c078000-7fde9c09b000 rw-p 00bbf000 08:02 2625903                    /usr/lib/jvm/java-7-openjdk-amd64/jre/lib/amd64/server/libjvm.so
7fde9c09b000-7fde9c0c9000 rw-p 00000000 00:00 0 
7fde9c0c9000-7fde9c0e1000 r-xp 00000000 08:02 13550                      /lib/x86_64-linux-gnu/libz.so.1.2.8
7fde9c0e1000-7fde9c2e0000 ---p 00018000 08:02 13550                      /lib/x86_64-linux-gnu/libz.so.1.2.8
7fde9c2e0000-7fde9c2e1000 r--p 00017000 08:02 13550                      /lib/x86_64-linux-gnu/libz.so.1.2.8
7fde9c2e1000-7fde9c2e2000 rw-p 00018000 08:02 13550                      /lib/x86_64-linux-gnu/libz.so.1.2.8
7fde9c2e2000-7fde9c2fb000 r-xp 00000000 08:02 3165                       /lib/x86_64-linux-gnu/libpthread-2.19.so
7fde9c2fb000-7fde9c4fa000 ---p 00019000 08:02 3165                       /lib/x86_64-linux-gnu/libpthread-2.19.so
7fde9c4fa000-7fde9c4fb000 r--p 00018000 08:02 3165                       /lib/x86_64-linux-gnu/libpthread-2.19.so
7fde9c4fb000-7fde9c4fc000 rw-p 00019000 08:02 3165                       /lib/x86_64-linux-gnu/libpthread-2.19.so
7fde9c4fc000-7fde9c500000 rw-p 00000000 00:00 0 
7fde9c500000-7fde9c503000 r-xp 00000000 08:02 3155                       /lib/x86_64-linux-gnu/libdl-2.19.so
7fde9c503000-7fde9c702000 ---p 00003000 08:02 3155                       /lib/x86_64-linux-gnu/libdl-2.19.so
7fde9c702000-7fde9c703000 r--p 00002000 08:02 3155                       /lib/x86_64-linux-gnu/libdl-2.19.so
7fde9c703000-7fde9c704000 rw-p 00003000 08:02 3155                       /lib/x86_64-linux-gnu/libdl-2.19.so
7fde9c704000-7fde9c8bf000 r-xp 00000000 08:02 3181                       /lib/x86_64-linux-gnu/libc-2.19.so
7fde9c8bf000-7fde9cabe000 ---p 001bb000 08:02 3181                       /lib/x86_64-linux-gnu/libc-2.19.so
7fde9cabe000-7fde9cac2000 r--p 001ba000 08:02 3181                       /lib/x86_64-linux-gnu/libc-2.19.so
7fde9cac2000-7fde9cac4000 rw-p 001be000 08:02 3181                       /lib/x86_64-linux-gnu/libc-2.19.so
7fde9cac4000-7fde9cac9000 rw-p 00000000 00:00 0 
7fde9cac9000-7fde9cad6000 r-xp 00000000 08:02 2625897                    /usr/lib/jvm/java-7-openjdk-amd64/jre/lib/amd64/jli/libjli.so
7fde9cad6000-7fde9ccd5000 ---p 0000d000 08:02 2625897                    /usr/lib/jvm/java-7-openjdk-amd64/jre/lib/amd64/jli/libjli.so
7fde9ccd5000-7fde9ccd6000 r--p 0000c000 08:02 2625897                    /usr/lib/jvm/java-7-openjdk-amd64/jre/lib/amd64/jli/libjli.so
7fde9ccd6000-7fde9ccd7000 rw-p 0000d000 08:02 2625897                    /usr/lib/jvm/java-7-openjdk-amd64/jre/lib/amd64/jli/libjli.so
7fde9ccd7000-7fde9ccfa000 r-xp 00000000 08:02 3167                       /lib/x86_64-linux-gnu/ld-2.19.so
7fde9ccfa000-7fde9ccfe000 r--s 00034000 08:02 2625935                    /usr/lib/jvm/java-7-openjdk-amd64/jre/lib/ext/sunjce_provider.jar
7fde9ccfe000-7fde9cd00000 r--s 00012000 08:02 2625936                    /usr/lib/jvm/java-7-openjdk-amd64/jre/lib/ext/zipfs.jar
7fde9cd00000-7fde9cd01000 r--s 00002000 08:02 2625938                    /usr/lib/jvm/java-7-openjdk-amd64/jre/lib/ext/dnsns.jar
7fde9cd01000-7fde9cd04000 r--s 0000f000 08:02 2625939                    /usr/lib/jvm/java-7-openjdk-amd64/jre/lib/ext/icedtea-sound.jar
7fde9cd04000-7fde9cd08000 r--s 0003c000 08:02 2625937                    /usr/lib/jvm/java-7-openjdk-amd64/jre/lib/ext/sunpkcs11.jar
7fde9cd08000-7fde9cd0a000 r--s 00006000 08:02 5674                       /usr/share/java/java-atk-wrapper.jar
7fde9cd0a000-7fde9cd0e000 r--s 00085000 08:02 2625934                    /usr/lib/jvm/java-7-openjdk-amd64/jre/lib/ext/localedata.jar
7fde9cd0e000-7fde9cd18000 rw-p 00000000 00:00 0 
7fde9cd18000-7fde9cdce000 rw-p 00000000 00:00 0 
7fde9cdce000-7fde9cdd1000 ---p 00000000 00:00 0 
7fde9cdd1000-7fde9ceed000 rw-p 00000000 00:00 0                          [stack:1876]
7fde9ceed000-7fde9cef5000 rw-s 00000000 08:02 1315058                    /tmp/hsperfdata_ivan/1873
7fde9cef5000-7fde9cef6000 rw-p 00000000 00:00 0 
7fde9cef6000-7fde9cef7000 r--p 00000000 00:00 0 
7fde9cef7000-7fde9cef9000 rw-p 00000000 00:00 0 
7fde9cef9000-7fde9cefa000 r--p 00022000 08:02 3167                       /lib/x86_64-linux-gnu/ld-2.19.so
7fde9cefa000-7fde9cefb000 rw-p 00023000 08:02 3167                       /lib/x86_64-linux-gnu/ld-2.19.so
7fde9cefb000-7fde9cefc000 rw-p 00000000 00:00 0 
7fff9ab6a000-7fff9ab8b000 rw-p 00000000 00:00 0                          [stack]
7fff9abfc000-7fff9abfe000 r-xp 00000000 00:00 0                          [vdso]
7fff9abfe000-7fff9ac00000 r--p 00000000 00:00 0                          [vvar]
ffffffffff600000-ffffffffff601000 r-xp 00000000 00:00 0                  [vsyscall]

VM Arguments:
jvm_args: -XX:MaxPermSize=256m -XX:+HeapDumpOnOutOfMemoryError -Xmx1024m -Dfile.encoding=UTF-8 -Duser.country=UA -Duser.language=ru -Duser.variant 
java_command: org.gradle.launcher.daemon.bootstrap.GradleDaemon 2.8
Launcher Type: SUN_STANDARD

Environment Variables:
JAVA_HOME=/usr/lib/jvm/java-8-oracle
PATH=/usr/local/sbin:/usr/local/bin:/usr/sbin:/usr/bin:/sbin:/bin:/usr/games:/usr/local/games:/usr/lib/jvm/java-8-oracle/bin:/usr/lib/jvm/java-8-oracle/db/bin:/usr/lib/jvm/java-8-oracle/jre/bin
SHELL=/bin/bash
DISPLAY=:0

Signal Handlers:
SIGSEGV: [libjvm.so+0x955bc0], sa_mask[0]=0x7ffbfeff, sa_flags=0x10000004
SIGBUS: [libjvm.so+0x955bc0], sa_mask[0]=0x7ffbfeff, sa_flags=0x10000004
SIGFPE: [libjvm.so+0x7caff0], sa_mask[0]=0x7ffbfeff, sa_flags=0x10000004
SIGPIPE: [libjvm.so+0x7caff0], sa_mask[0]=0x7ffbfeff, sa_flags=0x10000004
SIGXFSZ: [libjvm.so+0x7caff0], sa_mask[0]=0x7ffbfeff, sa_flags=0x10000004
SIGILL: [libjvm.so+0x7caff0], sa_mask[0]=0x7ffbfeff, sa_flags=0x10000004
SIGUSR1: SIG_DFL, sa_mask[0]=0x00000000, sa_flags=0x00000000
SIGUSR2: [libjvm.so+0x7cae90], sa_mask[0]=0x00000004, sa_flags=0x10000004
SIGHUP: [libjvm.so+0x7cb070], sa_mask[0]=0x7ffbfeff, sa_flags=0x10000004
SIGINT: [libjvm.so+0x7cb070], sa_mask[0]=0x7ffbfeff, sa_flags=0x10000004
SIGTERM: [libjvm.so+0x7cb070], sa_mask[0]=0x7ffbfeff, sa_flags=0x10000004
SIGQUIT: [libjvm.so+0x7cb070], sa_mask[0]=0x7ffbfeff, sa_flags=0x10000004
SIGTRAP: SIG_DFL, sa_mask[0]=0x00000000, sa_flags=0x00000000


---------------  S Y S T E M  ---------------

OS:Ubuntu 14.04 (trusty)
uname:Linux 3.16.0-30-generic #40~14.04.1-Ubuntu SMP Thu Jan 15 17:43:14 UTC 2015 x86_64
libc:glibc 2.19 NPTL 2.19 
rlimit: STACK 8192k, CORE 0k, NPROC 30684, NOFILE 4096, AS infinity
load average:3,54 3,05 2,17

/proc/meminfo:
MemTotal:        8059724 kB
MemFree:         2758184 kB
MemAvailable:    4687880 kB
Buffers:          199896 kB
Cached:          2851580 kB
SwapCached:            0 kB
Active:          2909584 kB
Inactive:        2103472 kB
Active(anon):    1969464 kB
Inactive(anon):   995572 kB
Active(file):     940120 kB
Inactive(file):  1107900 kB
Unevictable:          68 kB
Mlocked:              68 kB
SwapTotal:       4075516 kB
SwapFree:        4075516 kB
Dirty:              7208 kB
Writeback:             0 kB
AnonPages:       1963668 kB
Mapped:           812576 kB
Shmem:           1003452 kB
Slab:             139208 kB
SReclaimable:     101220 kB
SUnreclaim:        37988 kB
KernelStack:       10208 kB
PageTables:        48036 kB
NFS_Unstable:          0 kB
Bounce:                0 kB
WritebackTmp:          0 kB
CommitLimit:     8105376 kB
Committed_AS:    7779796 kB
VmallocTotal:   34359738367 kB
VmallocUsed:      360480 kB
VmallocChunk:   34359369432 kB
HardwareCorrupted:     0 kB
AnonHugePages:    686080 kB
HugePages_Total:       0
HugePages_Free:        0
HugePages_Rsvd:        0
HugePages_Surp:        0
Hugepagesize:       2048 kB
DirectMap4k:      100292 kB
DirectMap2M:     8171520 kB


CPU:total 4 (2 cores per cpu, 2 threads per core) family 6 model 58 stepping 9, cmov, cx8, fxsr, mmx, sse, sse2, sse3, ssse3, sse4.1, sse4.2, popcnt, avx, erms, ht, tsc, tscinvbit, tscinv

/proc/cpuinfo:
processor	: 0
vendor_id	: GenuineIntel
cpu family	: 6
model		: 58
model name	: Intel(R) Core(TM) i3-3217U CPU @ 1.80GHz
stepping	: 9
microcode	: 0x15
cpu MHz		: 1800.000
cache size	: 3072 KB
physical id	: 0
siblings	: 4
core id		: 0
cpu cores	: 2
apicid		: 0
initial apicid	: 0
fpu		: yes
fpu_exception	: yes
cpuid level	: 13
wp		: yes
flags		: fpu vme de pse tsc msr pae mce cx8 apic sep mtrr pge mca cmov pat pse36 clflush dts acpi mmx fxsr sse sse2 ss ht tm pbe syscall nx rdtscp lm constant_tsc arch_perfmon pebs bts rep_good nopl xtopology nonstop_tsc aperfmperf eagerfpu pni pclmulqdq dtes64 monitor ds_cpl vmx est tm2 ssse3 cx16 xtpr pdcm pcid sse4_1 sse4_2 x2apic popcnt tsc_deadline_timer xsave avx f16c lahf_lm ida arat epb xsaveopt pln pts dtherm tpr_shadow vnmi flexpriority ept vpid fsgsbase smep erms
bogomips	: 3592.12
clflush size	: 64
cache_alignment	: 64
address sizes	: 36 bits physical, 48 bits virtual
power management:

processor	: 1
vendor_id	: GenuineIntel
cpu family	: 6
model		: 58
model name	: Intel(R) Core(TM) i3-3217U CPU @ 1.80GHz
stepping	: 9
microcode	: 0x15
cpu MHz		: 1800.000
cache size	: 3072 KB
physical id	: 0
siblings	: 4
core id		: 1
cpu cores	: 2
apicid		: 2
initial apicid	: 2
fpu		: yes
fpu_exception	: yes
cpuid level	: 13
wp		: yes
flags		: fpu vme de pse tsc msr pae mce cx8 apic sep mtrr pge mca cmov pat pse36 clflush dts acpi mmx fxsr sse sse2 ss ht tm pbe syscall nx rdtscp lm constant_tsc arch_perfmon pebs bts rep_good nopl xtopology nonstop_tsc aperfmperf eagerfpu pni pclmulqdq dtes64 monitor ds_cpl vmx est tm2 ssse3 cx16 xtpr pdcm pcid sse4_1 sse4_2 x2apic popcnt tsc_deadline_timer xsave avx f16c lahf_lm ida arat epb xsaveopt pln pts dtherm tpr_shadow vnmi flexpriority ept vpid fsgsbase smep erms
bogomips	: 3592.12
clflush size	: 64
cache_alignment	: 64
address sizes	: 36 bits physical, 48 bits virtual
power management:

processor	: 2
vendor_id	: GenuineIntel
cpu family	: 6
model		: 58
model name	: Intel(R) Core(TM) i3-3217U CPU @ 1.80GHz
stepping	: 9
microcode	: 0x15
cpu MHz		: 1800.000
cache size	: 3072 KB
physical id	: 0
siblings	: 4
core id		: 0
cpu cores	: 2
apicid		: 1
initial apicid	: 1
fpu		: yes
fpu_exception	: yes
cpuid level	: 13
wp		: yes
flags		: fpu vme de pse tsc msr pae mce cx8 apic sep mtrr pge mca cmov pat pse36 clflush dts acpi mmx fxsr sse sse2 ss ht tm pbe syscall nx rdtscp lm constant_tsc arch_perfmon pebs bts rep_good nopl xtopology nonstop_tsc aperfmperf eagerfpu pni pclmulqdq dtes64 monitor ds_cpl vmx est tm2 ssse3 cx16 xtpr pdcm pcid sse4_1 sse4_2 x2apic popcnt tsc_deadline_timer xsave avx f16c lahf_lm ida arat epb xsaveopt pln pts dtherm tpr_shadow vnmi flexpriority ept vpid fsgsbase smep erms
bogomips	: 3592.12
clflush size	: 64
cache_alignment	: 64
address sizes	: 36 bits physical, 48 bits virtual
power management:

processor	: 3
vendor_id	: GenuineIntel
cpu family	: 6
model		: 58
model name	: Intel(R) Core(TM) i3-3217U CPU @ 1.80GHz
stepping	: 9
microcode	: 0x15
cpu MHz		: 1800.000
cache size	: 3072 KB
physical id	: 0
siblings	: 4
core id		: 1
cpu cores	: 2
apicid		: 3
initial apicid	: 3
fpu		: yes
fpu_exception	: yes
cpuid level	: 13
wp		: yes
flags		: fpu vme de pse tsc msr pae mce cx8 apic sep mtrr pge mca cmov pat pse36 clflush dts acpi mmx fxsr sse sse2 ss ht tm pbe syscall nx rdtscp lm constant_tsc arch_perfmon pebs bts rep_good nopl xtopology nonstop_tsc aperfmperf eagerfpu pni pclmulqdq dtes64 monitor ds_cpl vmx est tm2 ssse3 cx16 xtpr pdcm pcid sse4_1 sse4_2 x2apic popcnt tsc_deadline_timer xsave avx f16c lahf_lm ida arat epb xsaveopt pln pts dtherm tpr_shadow vnmi flexpriority ept vpid fsgsbase smep erms
bogomips	: 3592.12
clflush size	: 64
cache_alignment	: 64
address sizes	: 36 bits physical, 48 bits virtual
power management:



Memory: 4k page, physical 8059724k(2758184k free), swap 4075516k(4075516k free)

vm_info: OpenJDK 64-Bit Server VM (24.95-b01) for linux-amd64 JRE (1.7.0_95-b00), built on Jan 21 2016 03:31:40 by "buildd" with gcc 4.8.4

time: Wed Mar 16 14:51:38 2016
elapsed time: 13 seconds

