#
# A fatal error has been detected by the Java Runtime Environment:
#
#  SIGSEGV (0xb) at pc=0x00007f5be52281fb, pid=20083, tid=140032223360768
#
# JRE version: OpenJDK Runtime Environment (7.0_95) (build 1.7.0_95-b00)
# Java VM: OpenJDK 64-Bit Server VM (24.95-b01 mixed mode linux-amd64 compressed oops)
# Derivative: IcedTea 2.6.4
# Distribution: Ubuntu 14.04.3 LTS, package 7u95-2.6.4-0ubuntu0.14.04.1
# Problematic frame:
# V  [libjvm.so+0x6ff1fb]
#
# Failed to write core dump. Core dumps have been disabled. To enable core dumping, try "ulimit -c unlimited" before starting Java again
#
# If you would like to submit a bug report, please include
# instructions on how to reproduce the bug and visit:
#   http://icedtea.classpath.org/bugzilla
#

---------------  T H R E A D  ---------------

Current thread (0x00007f5be00ac000):  JavaThread "C2 CompilerThread1" daemon [_thread_in_native, id=20096, stack(0x00007f5bcade3000,0x00007f5bcaee4000)]

siginfo:si_signo=SIGSEGV: si_errno=0, si_code=1 (SEGV_MAPERR), si_addr=0x00007f53a816c61c

Registers:
RAX=0x00007f5bb4314b20, RBX=0x0000000000000010, RCX=0x0000000000000010, RDX=0x0000000000000627
RSP=0x00007f5bcaedf840, RBP=0x00007f5bcaedf900, RSI=0x000000000000000b, RDI=0x000000000000000a
R8 =0x0000000000000010, R9 =0x00007f5ba84a8e70, R10=0x000000000000000a, R11=0x0000000000000000
R12=0x00007f53a816c5f0, R13=0x00007f5bb4210820, R14=0x00007f5ba8af3180, R15=0x00007f5bcaedf9f0
RIP=0x00007f5be52281fb, EFLAGS=0x0000000000010287, CSGSFS=0x0000000000000033, ERR=0x0000000000000004
  TRAPNO=0x000000000000000e

Top of Stack: (sp=0x00007f5bcaedf840)
0x00007f5bcaedf840:   00007f5bcaedf850 0000000000349848
0x00007f5bcaedf850:   00007f5ba8798d48 00007f5ba8795130
0x00007f5bcaedf860:   00007f5be001c720 00007f5ba8790d60
0x00007f5bcaedf870:   00007f5be58f84d0 00007f5bcaedf8b0
0x00007f5bcaedf880:   000001dacaedf900 0000000000000010
0x00007f5bcaedf890:   00007f5ba84a8e70 00007f5b0000000e
0x00007f5bcaedf8a0:   0000000000000002 00007f5bcaedf8b0
0x00007f5bcaedf8b0:   00007f5be58e6450 00007f5be001c720
0x00007f5bcaedf8c0:   00007f5b00000020 00007f5ba85e9e10
0x00007f5bcaedf8d0:   0000000000000000 00007f5bcaedfc10
0x00007f5bcaedf8e0:   00007f5be5915940 00007f5bcaedf980
0x00007f5bcaedf8f0:   00007f5ba80aaee0 00007f5bcaedf9f0
0x00007f5bcaedf900:   00007f5bcaedfb40 00007f5be4ef46c3
0x00007f5bcaedf910:   00007f5bcaedf970 00007f5bcaedf9f0
0x00007f5bcaedf920:   00007f5bcaedf950 00000000000003d8
0x00007f5bcaedf930:   00007f5bcaedf9b0 00007f5bcaedfa50
0x00007f5bcaedf940:   00007f5ba80ab2c8 00007f5ba80aaef0
0x00007f5bcaedf950:   00007f5ba80afe40 00007f5ba80afe40
0x00007f5bcaedf960:   00007f5ba80afe50 00007f5ba80b0228
0x00007f5bcaedf970:   00000000000003d8 00000004e5435cb6
0x00007f5bcaedf980:   00007f5ba80aaee0 00007f5bb41dbb50
0x00007f5bcaedf990:   00007f5bb41dc820 00007f5bb41e3b38
0x00007f5bcaedf9a0:   0000000000399818 0000000000000000
0x00007f5bcaedf9b0:   000000000000000b 00007f5bcaee1f50
0x00007f5bcaedf9c0:   00007f5ba8c80ba0 00007f5ba853ff00
0x00007f5bcaedf9d0:   00007f5ba8d6fa40 00007f5b000017e4
0x00007f5bcaedf9e0:   00007f5bcaedf980 00007f5ba80aaef0
0x00007f5bcaedf9f0:   00007f5b00000009 00007f5bcaee1f50
0x00007f5bcaedfa00:   00007f5ba82326b0 00007f5ba8ad20c0
0x00007f5bcaedfa10:   00007f5ba84a3120 00007f5ba84a9ad0
0x00007f5bcaedfa20:   00007f5ba84d5640 00007f5bcaedfb80
0x00007f5bcaedfa30:   00007f5bcaedfcd8 00000000000017e4 

Instructions: (pc=0x00007f5be52281fb)
0x00007f5be52281db:   89 d6 0f 1f 00 41 8b 4d 18 44 8d 56 ff 45 31 e4
0x00007f5be52281eb:   41 39 ca 73 0b 49 8b 45 20 44 89 d7 4c 8b 24 f8
0x00007f5be52281fb:   41 0f b7 44 24 2c 83 e0 0f 66 83 f8 0c 0f 84 87
0x00007f5be522820b:   01 00 00 49 8b 47 40 41 8b 4c 24 28 48 8b 40 08 

Register to memory mapping:

RAX=0x00007f5bb4314b20 is an unknown value
RBX=0x0000000000000010 is an unknown value
RCX=0x0000000000000010 is an unknown value
RDX=0x0000000000000627 is an unknown value
RSP=0x00007f5bcaedf840 is pointing into the stack for thread: 0x00007f5be00ac000
RBP=0x00007f5bcaedf900 is pointing into the stack for thread: 0x00007f5be00ac000
RSI=0x000000000000000b is an unknown value
RDI=0x000000000000000a is an unknown value
R8 =0x0000000000000010 is an unknown value
R9 =0x00007f5ba84a8e70 is an unknown value
R10=0x000000000000000a is an unknown value
R11=0x0000000000000000 is an unknown value
R12=0x00007f53a816c5f0 is an unknown value
R13=0x00007f5bb4210820 is an unknown value
R14=0x00007f5ba8af3180 is an unknown value
R15=0x00007f5bcaedf9f0 is pointing into the stack for thread: 0x00007f5be00ac000


Stack: [0x00007f5bcade3000,0x00007f5bcaee4000],  sp=0x00007f5bcaedf840,  free space=1010k
Native frames: (J=compiled Java code, j=interpreted, Vv=VM code, C=native code)
V  [libjvm.so+0x6ff1fb]
V  [libjvm.so+0x3cb6c3]
V  [libjvm.so+0x43f92a]
V  [libjvm.so+0x443ab7]
V  [libjvm.so+0x3b1c7a]
V  [libjvm.so+0x449937]
V  [libjvm.so+0x44aa40]
V  [libjvm.so+0x907e50]
V  [libjvm.so+0x9080c1]
V  [libjvm.so+0x7cc682]


Current CompileTask:
C2:  26553  800             java.lang.Class::privateGetPublicMethods (247 bytes)


---------------  P R O C E S S  ---------------

Java Threads: ( => current thread )
  0x00007f5b94567000 JavaThread "File lock request listener" [_thread_in_native, id=20175, stack(0x00007f5bc8760000,0x00007f5bc8861000)]
  0x00007f5b94419800 JavaThread "process reaper" daemon [_thread_blocked, id=20174, stack(0x00007f5bc8861000,0x00007f5bc889a000)]
  0x00007f5b9401c800 JavaThread "Stdin handler" [_thread_blocked, id=20106, stack(0x00007f5bc8906000,0x00007f5bc8a07000)]
  0x00007f5b9800d800 JavaThread "Daemon worker" [_thread_in_Java, id=20103, stack(0x00007f5bc8a0e000,0x00007f5bc8b0f000)]
  0x00007f5b9800c800 JavaThread "Cancel handler" [_thread_blocked, id=20102, stack(0x00007f5bc8b0f000,0x00007f5bc8c10000)]
  0x00007f5b98003800 JavaThread "Handler for socket connection from /127.0.0.1:48792 to /127.0.0.1:36754" [_thread_in_native, id=20101, stack(0x00007f5bc8c10000,0x00007f5bc8d11000)]
  0x00007f5ba400e800 JavaThread "Daemon" [_thread_blocked, id=20100, stack(0x00007f5bc8d11000,0x00007f5bc8e12000)]
  0x00007f5be0ab0000 JavaThread "Incoming local TCP Connector on port 48792" [_thread_in_native, id=20099, stack(0x00007f5bc8e12000,0x00007f5bc8f13000)]
  0x00007f5be00ae800 JavaThread "Service Thread" daemon [_thread_blocked, id=20097, stack(0x00007f5bcace2000,0x00007f5bcade3000)]
=>0x00007f5be00ac000 JavaThread "C2 CompilerThread1" daemon [_thread_in_native, id=20096, stack(0x00007f5bcade3000,0x00007f5bcaee4000)]
  0x00007f5be00a9000 JavaThread "C2 CompilerThread0" daemon [_thread_in_native, id=20095, stack(0x00007f5bcaee4000,0x00007f5bcafe5000)]
  0x00007f5be00a7000 JavaThread "Signal Dispatcher" daemon [_thread_blocked, id=20094, stack(0x00007f5bcafe5000,0x00007f5bcb0e6000)]
  0x00007f5be007c000 JavaThread "Finalizer" daemon [_thread_blocked, id=20093, stack(0x00007f5bcb8f9000,0x00007f5bcb9fa000)]
  0x00007f5be007a000 JavaThread "Reference Handler" daemon [_thread_blocked, id=20092, stack(0x00007f5bcb9fa000,0x00007f5bcbafb000)]
  0x00007f5be000a000 JavaThread "main" [_thread_blocked, id=20085, stack(0x00007f5be663d000,0x00007f5be673e000)]

Other Threads:
  0x00007f5be0075800 VMThread [stack: 0x00007f5bcbafb000,0x00007f5bcbbfc000] [id=20091]
  0x00007f5be00b9000 WatcherThread [stack: 0x00007f5bcabe1000,0x00007f5bcace2000] [id=20098]

VM state:not at safepoint (normal execution)

VM Mutex/Monitor currently owned by a thread: None

Heap
 PSYoungGen      total 135680K, used 120807K [0x00000000eaa80000, 0x00000000f4180000, 0x0000000100000000)
  eden space 124416K, 88% used [0x00000000eaa80000,0x00000000f157ab90,0x00000000f2400000)
  from space 11264K, 99% used [0x00000000f3180000,0x00000000f3c7f168,0x00000000f3c80000)
  to   space 13824K, 0% used [0x00000000f2400000,0x00000000f2400000,0x00000000f3180000)
 ParOldGen       total 83968K, used 15400K [0x00000000c0000000, 0x00000000c5200000, 0x00000000eaa80000)
  object space 83968K, 18% used [0x00000000c0000000,0x00000000c0f0a018,0x00000000c5200000)
 PSPermGen       total 38400K, used 38296K [0x00000000b0000000, 0x00000000b2580000, 0x00000000c0000000)
  object space 38400K, 99% used [0x00000000b0000000,0x00000000b2566090,0x00000000b2580000)

Card table byte_map: [0x00007f5bdbefa000,0x00007f5bdc17b000] byte_map_base: 0x00007f5bdb97a000

Polling page: 0x00007f5be6766000

Code Cache  [0x00007f5bdc17b000, 0x00007f5bdc4eb000, 0x00007f5bdf17b000)
 total_blobs=1350 nmethods=698 adapters=604 free_code_cache=45798Kb largest_free_block=46788096

Compilation events (10 events):
Event: 26,232 Thread 0x00007f5be00a9000 nmethod 811 0x00007f5bdc448ed0 code [0x00007f5bdc4491c0, 0x00007f5bdc44a668]
Event: 26,232 Thread 0x00007f5be00a9000  812   !         java.beans.Introspector::getPublicDeclaredMethods (92 bytes)
Event: 26,286 Thread 0x00007f5be00a9000 nmethod 812 0x00007f5bdc3963d0 code [0x00007f5bdc396580, 0x00007f5bdc396ba8]
Event: 26,286 Thread 0x00007f5be00a9000  813             java.lang.reflect.Modifier::isAbstract (14 bytes)
Event: 26,287 Thread 0x00007f5be00a9000 nmethod 813 0x00007f5bdc3fcb10 code [0x00007f5bdc3fcc40, 0x00007f5bdc3fcc98]
Event: 26,287 Thread 0x00007f5be00a9000  814             java.lang.Class$MethodArray::addAllIfNotPresent (32 bytes)
Event: 26,294 Thread 0x00007f5be00a9000 nmethod 814 0x00007f5bdc496290 code [0x00007f5bdc4963e0, 0x00007f5bdc4964e8]
Event: 26,294 Thread 0x00007f5be00a9000  815             groovy.lang.MetaProperty::getName (5 bytes)
Event: 26,295 Thread 0x00007f5be00a9000 nmethod 815 0x00007f5bdc327b90 code [0x00007f5bdc327cc0, 0x00007f5bdc327d18]
Event: 26,317 Thread 0x00007f5be00a9000  816             org.gradle.api.internal.AbstractClassGenerator::inspectType (422 bytes)

GC Heap History (10 events):
Event: 9,662 GC heap before
{Heap before GC invocations=4 (full 0):
 PSYoungGen      total 36864K, used 36832K [0x00000000eaa80000, 0x00000000ed380000, 0x0000000100000000)
  eden space 31744K, 100% used [0x00000000eaa80000,0x00000000ec980000,0x00000000ec980000)
  from space 5120K, 99% used [0x00000000ec980000,0x00000000ece782d8,0x00000000ece80000)
  to   space 5120K, 0% used [0x00000000ece80000,0x00000000ece80000,0x00000000ed380000)
 ParOldGen       total 83968K, used 3821K [0x00000000c0000000, 0x00000000c5200000, 0x00000000eaa80000)
  object space 83968K, 4% used [0x00000000c0000000,0x00000000c03bb680,0x00000000c5200000)
 PSPermGen       total 21504K, used 20386K [0x00000000b0000000, 0x00000000b1500000, 0x00000000c0000000)
  object space 21504K, 94% used [0x00000000b0000000,0x00000000b13e8b28,0x00000000b1500000)
Event: 9,713 GC heap after
Heap after GC invocations=4 (full 0):
 PSYoungGen      total 36864K, used 5104K [0x00000000eaa80000, 0x00000000ef280000, 0x0000000100000000)
  eden space 31744K, 0% used [0x00000000eaa80000,0x00000000eaa80000,0x00000000ec980000)
  from space 5120K, 99% used [0x00000000ece80000,0x00000000ed37c030,0x00000000ed380000)
  to   space 5120K, 0% used [0x00000000ec980000,0x00000000ec980000,0x00000000ece80000)
 ParOldGen       total 83968K, used 7476K [0x00000000c0000000, 0x00000000c5200000, 0x00000000eaa80000)
  object space 83968K, 8% used [0x00000000c0000000,0x00000000c074d158,0x00000000c5200000)
 PSPermGen       total 21504K, used 20386K [0x00000000b0000000, 0x00000000b1500000, 0x00000000c0000000)
  object space 21504K, 94% used [0x00000000b0000000,0x00000000b13e8b28,0x00000000b1500000)
}
Event: 11,012 GC heap before
{Heap before GC invocations=5 (full 0):
 PSYoungGen      total 36864K, used 36833K [0x00000000eaa80000, 0x00000000ef280000, 0x0000000100000000)
  eden space 31744K, 99% used [0x00000000eaa80000,0x00000000ec97c468,0x00000000ec980000)
  from space 5120K, 99% used [0x00000000ece80000,0x00000000ed37c030,0x00000000ed380000)
  to   space 5120K, 0% used [0x00000000ec980000,0x00000000ec980000,0x00000000ece80000)
 ParOldGen       total 83968K, used 7476K [0x00000000c0000000, 0x00000000c5200000, 0x00000000eaa80000)
  object space 83968K, 8% used [0x00000000c0000000,0x00000000c074d158,0x00000000c5200000)
 PSPermGen       total 23040K, used 22608K [0x00000000b0000000, 0x00000000b1680000, 0x00000000c0000000)
  object space 23040K, 98% used [0x00000000b0000000,0x00000000b1614138,0x00000000b1680000)
Event: 11,032 GC heap after
Heap after GC invocations=5 (full 0):
 PSYoungGen      total 36864K, used 5103K [0x00000000eaa80000, 0x00000000efe80000, 0x0000000100000000)
  eden space 31744K, 0% used [0x00000000eaa80000,0x00000000eaa80000,0x00000000ec980000)
  from space 5120K, 99% used [0x00000000ec980000,0x00000000ece7bd28,0x00000000ece80000)
  to   space 11264K, 0% used [0x00000000ef380000,0x00000000ef380000,0x00000000efe80000)
 ParOldGen       total 83968K, used 10726K [0x00000000c0000000, 0x00000000c5200000, 0x00000000eaa80000)
  object space 83968K, 12% used [0x00000000c0000000,0x00000000c0a79b10,0x00000000c5200000)
 PSPermGen       total 23040K, used 22608K [0x00000000b0000000, 0x00000000b1680000, 0x00000000c0000000)
  object space 23040K, 98% used [0x00000000b0000000,0x00000000b1614138,0x00000000b1680000)
}
Event: 11,860 GC heap before
{Heap before GC invocations=6 (full 0):
 PSYoungGen      total 36864K, used 36847K [0x00000000eaa80000, 0x00000000efe80000, 0x0000000100000000)
  eden space 31744K, 100% used [0x00000000eaa80000,0x00000000ec980000,0x00000000ec980000)
  from space 5120K, 99% used [0x00000000ec980000,0x00000000ece7bd28,0x00000000ece80000)
  to   space 11264K, 0% used [0x00000000ef380000,0x00000000ef380000,0x00000000efe80000)
 ParOldGen       total 83968K, used 10726K [0x00000000c0000000, 0x00000000c5200000, 0x00000000eaa80000)
  object space 83968K, 12% used [0x00000000c0000000,0x00000000c0a79b10,0x00000000c5200000)
 PSPermGen       total 26624K, used 26415K [0x00000000b0000000, 0x00000000b1a00000, 0x00000000c0000000)
  object space 26624K, 99% used [0x00000000b0000000,0x00000000b19cbd70,0x00000000b1a00000)
Event: 11,880 GC heap after
Heap after GC invocations=6 (full 0):
 PSYoungGen      total 74752K, used 8147K [0x00000000eaa80000, 0x00000000efe80000, 0x0000000100000000)
  eden space 63488K, 0% used [0x00000000eaa80000,0x00000000eaa80000,0x00000000ee880000)
  from space 11264K, 72% used [0x00000000ef380000,0x00000000efb74e28,0x00000000efe80000)
  to   space 11264K, 0% used [0x00000000ee880000,0x00000000ee880000,0x00000000ef380000)
 ParOldGen       total 83968K, used 10790K [0x00000000c0000000, 0x00000000c5200000, 0x00000000eaa80000)
  object space 83968K, 12% used [0x00000000c0000000,0x00000000c0a89b20,0x00000000c5200000)
 PSPermGen       total 26624K, used 26415K [0x00000000b0000000, 0x00000000b1a00000, 0x00000000c0000000)
  object space 26624K, 99% used [0x00000000b0000000,0x00000000b19cbd70,0x00000000b1a00000)
}
Event: 15,274 GC heap before
{Heap before GC invocations=7 (full 0):
 PSYoungGen      total 74752K, used 71635K [0x00000000eaa80000, 0x00000000efe80000, 0x0000000100000000)
  eden space 63488K, 100% used [0x00000000eaa80000,0x00000000ee880000,0x00000000ee880000)
  from space 11264K, 72% used [0x00000000ef380000,0x00000000efb74e28,0x00000000efe80000)
  to   space 11264K, 0% used [0x00000000ee880000,0x00000000ee880000,0x00000000ef380000)
 ParOldGen       total 83968K, used 10790K [0x00000000c0000000, 0x00000000c5200000, 0x00000000eaa80000)
  object space 83968K, 12% used [0x00000000c0000000,0x00000000c0a89b20,0x00000000c5200000)
 PSPermGen       total 28160K, used 27687K [0x00000000b0000000, 0x00000000b1b80000, 0x00000000c0000000)
  object space 28160K, 98% used [0x00000000b0000000,0x00000000b1b09c28,0x00000000b1b80000)
Event: 15,319 GC heap after
Heap after GC invocations=7 (full 0):
 PSYoungGen      total 74752K, used 7868K [0x00000000eaa80000, 0x00000000f3c80000, 0x0000000100000000)
  eden space 63488K, 0% used [0x00000000eaa80000,0x00000000eaa80000,0x00000000ee880000)
  from space 11264K, 69% used [0x00000000ee880000,0x00000000ef02f0e0,0x00000000ef380000)
  to   space 11264K, 0% used [0x00000000f3180000,0x00000000f3180000,0x00000000f3c80000)
 ParOldGen       total 83968K, used 12267K [0x00000000c0000000, 0x00000000c5200000, 0x00000000eaa80000)
  object space 83968K, 14% used [0x00000000c0000000,0x00000000c0bfaf80,0x00000000c5200000)
 PSPermGen       total 28160K, used 27687K [0x00000000b0000000, 0x00000000b1b80000, 0x00000000c0000000)
  object space 28160K, 98% used [0x00000000b0000000,0x00000000b1b09c28,0x00000000b1b80000)
}
Event: 17,348 GC heap before
{Heap before GC invocations=8 (full 0):
 PSYoungGen      total 74752K, used 71356K [0x00000000eaa80000, 0x00000000f3c80000, 0x0000000100000000)
  eden space 63488K, 100% used [0x00000000eaa80000,0x00000000ee880000,0x00000000ee880000)
  from space 11264K, 69% used [0x00000000ee880000,0x00000000ef02f0e0,0x00000000ef380000)
  to   space 11264K, 0% used [0x00000000f3180000,0x00000000f3180000,0x00000000f3c80000)
 ParOldGen       total 83968K, used 12267K [0x00000000c0000000, 0x00000000c5200000, 0x00000000eaa80000)
  object space 83968K, 14% used [0x00000000c0000000,0x00000000c0bfaf80,0x00000000c5200000)
 PSPermGen       total 32256K, used 31976K [0x00000000b0000000, 0x00000000b1f80000, 0x00000000c0000000)
  object space 32256K, 99% used [0x00000000b0000000,0x00000000b1f3a200,0x00000000b1f80000)
Event: 17,412 GC heap after
Heap after GC invocations=8 (full 0):
 PSYoungGen      total 135680K, used 11260K [0x00000000eaa80000, 0x00000000f4180000, 0x0000000100000000)
  eden space 124416K, 0% used [0x00000000eaa80000,0x00000000eaa80000,0x00000000f2400000)
  from space 11264K, 99% used [0x00000000f3180000,0x00000000f3c7f168,0x00000000f3c80000)
  to   space 13824K, 0% used [0x00000000f2400000,0x00000000f2400000,0x00000000f3180000)
 ParOldGen       total 83968K, used 15400K [0x00000000c0000000, 0x00000000c5200000, 0x00000000eaa80000)
  object space 83968K, 18% used [0x00000000c0000000,0x00000000c0f0a018,0x00000000c5200000)
 PSPermGen       total 32256K, used 31976K [0x00000000b0000000, 0x00000000b1f80000, 0x00000000c0000000)
  object space 32256K, 99% used [0x00000000b0000000,0x00000000b1f3a200,0x00000000b1f80000)
}

Deoptimization events (10 events):
Event: 23,001 Thread 0x00007f5b9800d800 Uncommon trap: reason=class_check action=maybe_recompile pc=0x00007f5bdc46aa54 method=java.io.FilterInputStream.read()I @ 4
Event: 23,001 Thread 0x00007f5b9800d800 Uncommon trap: reason=class_check action=maybe_recompile pc=0x00007f5bdc46aa54 method=java.io.FilterInputStream.read()I @ 4
Event: 23,013 Thread 0x00007f5b9800d800 Uncommon trap: reason=unstable_if action=reinterpret pc=0x00007f5bdc3db804 method=org.apache.ivy.core.IvyPatternHelper.substituteTokens(Ljava/lang/String;Ljava/util/Map;)Ljava/lang/String; @ 469
Event: 24,022 Thread 0x00007f5b9800d800 Uncommon trap: reason=class_check action=maybe_recompile pc=0x00007f5bdc4721ec method=com.sun.beans.TypeResolver.erase(Ljava/lang/reflect/Type;)Ljava/lang/Class; @ 35
Event: 25,315 Thread 0x00007f5b9800d800 Uncommon trap: reason=array_check action=maybe_recompile pc=0x00007f5bdc4956dc method=java.util.ComparableTimSort.binarySort([Ljava/lang/Object;III)V @ 183
Event: 25,316 Thread 0x00007f5b9800d800 Uncommon trap: reason=array_check action=maybe_recompile pc=0x00007f5bdc4956dc method=java.util.ComparableTimSort.binarySort([Ljava/lang/Object;III)V @ 183
Event: 25,511 Thread 0x00007f5b9800d800 Uncommon trap: reason=array_check action=maybe_recompile pc=0x00007f5bdc4956dc method=java.util.ComparableTimSort.binarySort([Ljava/lang/Object;III)V @ 183
Event: 25,511 Thread 0x00007f5b9800d800 Uncommon trap: reason=array_check action=maybe_recompile pc=0x00007f5bdc495550 method=java.util.ComparableTimSort.binarySort([Ljava/lang/Object;III)V @ 215
Event: 25,511 Thread 0x00007f5b9800d800 Uncommon trap: reason=array_check action=maybe_recompile pc=0x00007f5bdc495550 method=java.util.ComparableTimSort.binarySort([Ljava/lang/Object;III)V @ 215
Event: 26,102 Thread 0x00007f5b9800d800 Uncommon trap: reason=unstable_if action=reinterpret pc=0x00007f5bdc4a9294 method=groovy.lang.MetaClassImpl$1MOPIter.methodNameAction(Ljava/lang/Class;Lorg/codehaus/groovy/runtime/metaclass/MetaMethodIndex$Entry;)V @ 425

Internal exceptions (10 events):
Event: 26,517 Thread 0x00007f5b9800d800 Threw 0x00000000f12c8a50 at /build/openjdk-7-2FOwCu/openjdk-7-7u95-2.6.4/build/openjdk/hotspot/src/share/vm/prims/jvm.cpp:1322
Event: 26,517 Thread 0x00007f5b9800d800 Threw 0x00000000f12c9998 at /build/openjdk-7-2FOwCu/openjdk-7-7u95-2.6.4/build/openjdk/hotspot/src/share/vm/prims/jvm.cpp:1322
Event: 26,517 Thread 0x00007f5b9800d800 Threw 0x00000000f12d0990 at /build/openjdk-7-2FOwCu/openjdk-7-7u95-2.6.4/build/openjdk/hotspot/src/share/vm/prims/jvm.cpp:1322
Event: 26,517 Thread 0x00007f5b9800d800 Threw 0x00000000f12d0e78 at /build/openjdk-7-2FOwCu/openjdk-7-7u95-2.6.4/build/openjdk/hotspot/src/share/vm/classfile/systemDictionary.cpp:185
Event: 26,518 Thread 0x00007f5b9800d800 Threw 0x00000000f12e8230 at /build/openjdk-7-2FOwCu/openjdk-7-7u95-2.6.4/build/openjdk/hotspot/src/share/vm/prims/jvm.cpp:1322
Event: 26,519 Thread 0x00007f5b9800d800 Threw 0x00000000f12f1408 at /build/openjdk-7-2FOwCu/openjdk-7-7u95-2.6.4/build/openjdk/hotspot/src/share/vm/prims/jvm.cpp:1322
Event: 26,519 Thread 0x00007f5b9800d800 Threw 0x00000000f12f35a0 at /build/openjdk-7-2FOwCu/openjdk-7-7u95-2.6.4/build/openjdk/hotspot/src/share/vm/prims/jvm.cpp:1322
Event: 26,519 Thread 0x00007f5b9800d800 Threw 0x00000000f12f4480 at /build/openjdk-7-2FOwCu/openjdk-7-7u95-2.6.4/build/openjdk/hotspot/src/share/vm/prims/jvm.cpp:1322
Event: 26,529 Thread 0x00007f5b9800d800 Threw 0x00000000f12fbee8 at /build/openjdk-7-2FOwCu/openjdk-7-7u95-2.6.4/build/openjdk/hotspot/src/share/vm/prims/jvm.cpp:1322
Event: 26,529 Thread 0x00007f5b9800d800 Threw 0x00000000f12fc3e8 at /build/openjdk-7-2FOwCu/openjdk-7-7u95-2.6.4/build/openjdk/hotspot/src/share/vm/classfile/systemDictionary.cpp:185

Events (10 events):
Event: 26,517 loading class 0x00007f5b94655460
Event: 26,517 loading class 0x00007f5b94655460 done
Event: 26,517 loading class 0x00007f5b94655460
Event: 26,517 loading class 0x00007f5b94655460 done
Event: 26,518 loading class 0x00007f5b94658a90
Event: 26,518 loading class 0x00007f5b94658a90 done
Event: 26,519 loading class 0x00007f5b94658a90
Event: 26,519 loading class 0x00007f5b94658a90 done
Event: 26,529 loading class 0x00007f5b94658a90
Event: 26,529 loading class 0x00007f5b94658a90 done


Dynamic libraries:
00400000-00401000 r-xp 00000000 08:02 2761158                            /usr/lib/jvm/java-7-openjdk-amd64/jre/bin/java
00600000-00601000 r--p 00000000 08:02 2761158                            /usr/lib/jvm/java-7-openjdk-amd64/jre/bin/java
00601000-00602000 rw-p 00001000 08:02 2761158                            /usr/lib/jvm/java-7-openjdk-amd64/jre/bin/java
01cfd000-01d1e000 rw-p 00000000 00:00 0                                  [heap]
b0000000-b2580000 rw-p 00000000 00:00 0 
b2580000-c0000000 rw-p 00000000 00:00 0 
c0000000-c5200000 rw-p 00000000 00:00 0 
c5200000-eaa80000 rw-p 00000000 00:00 0 
eaa80000-f4180000 rw-p 00000000 00:00 0 
f4180000-100000000 rw-p 00000000 00:00 0 
7f5b80000000-7f5b80021000 rw-p 00000000 00:00 0 
7f5b80021000-7f5b84000000 ---p 00000000 00:00 0 
7f5b868d1000-7f5b868d6000 r-xp 00000000 08:02 3175                       /lib/x86_64-linux-gnu/libnss_dns-2.19.so
7f5b868d6000-7f5b86ad5000 ---p 00005000 08:02 3175                       /lib/x86_64-linux-gnu/libnss_dns-2.19.so
7f5b86ad5000-7f5b86ad6000 r--p 00004000 08:02 3175                       /lib/x86_64-linux-gnu/libnss_dns-2.19.so
7f5b86ad6000-7f5b86ad7000 rw-p 00005000 08:02 3175                       /lib/x86_64-linux-gnu/libnss_dns-2.19.so
7f5b86ad7000-7f5b86ad9000 r-xp 00000000 08:02 13475                      /lib/x86_64-linux-gnu/libnss_mdns4_minimal.so.2
7f5b86ad9000-7f5b86cd8000 ---p 00002000 08:02 13475                      /lib/x86_64-linux-gnu/libnss_mdns4_minimal.so.2
7f5b86cd8000-7f5b86cd9000 r--p 00001000 08:02 13475                      /lib/x86_64-linux-gnu/libnss_mdns4_minimal.so.2
7f5b86cd9000-7f5b86cda000 rw-p 00002000 08:02 13475                      /lib/x86_64-linux-gnu/libnss_mdns4_minimal.so.2
7f5b86cda000-7f5b86d52000 r-xp 00000000 08:02 43082                      /usr/lib/x86_64-linux-gnu/nss/libfreebl3.so
7f5b86d52000-7f5b86f52000 ---p 00078000 08:02 43082                      /usr/lib/x86_64-linux-gnu/nss/libfreebl3.so
7f5b86f52000-7f5b86f54000 r--p 00078000 08:02 43082                      /usr/lib/x86_64-linux-gnu/nss/libfreebl3.so
7f5b86f54000-7f5b86f55000 rw-p 0007a000 08:02 43082                      /usr/lib/x86_64-linux-gnu/nss/libfreebl3.so
7f5b86f55000-7f5b86f59000 rw-p 00000000 00:00 0 
7f5b86f59000-7f5b8700d000 r-xp 00000000 08:02 21880                      /usr/lib/x86_64-linux-gnu/libsqlite3.so.0.8.6
7f5b8700d000-7f5b8720d000 ---p 000b4000 08:02 21880                      /usr/lib/x86_64-linux-gnu/libsqlite3.so.0.8.6
7f5b8720d000-7f5b8720f000 r--p 000b4000 08:02 21880                      /usr/lib/x86_64-linux-gnu/libsqlite3.so.0.8.6
7f5b8720f000-7f5b87211000 rw-p 000b6000 08:02 21880                      /usr/lib/x86_64-linux-gnu/libsqlite3.so.0.8.6
7f5b87211000-7f5b87212000 rw-p 00000000 00:00 0 
7f5b87212000-7f5b87252000 r-xp 00000000 08:02 43080                      /usr/lib/x86_64-linux-gnu/nss/libsoftokn3.so
7f5b87252000-7f5b87452000 ---p 00040000 08:02 43080                      /usr/lib/x86_64-linux-gnu/nss/libsoftokn3.so
7f5b87452000-7f5b87453000 r--p 00040000 08:02 43080                      /usr/lib/x86_64-linux-gnu/nss/libsoftokn3.so
7f5b87453000-7f5b87454000 rw-p 00041000 08:02 43080                      /usr/lib/x86_64-linux-gnu/nss/libsoftokn3.so
7f5b87454000-7f5b8748d000 r-xp 00000000 08:02 43062                      /usr/lib/x86_64-linux-gnu/libnspr4.so
7f5b8748d000-7f5b8768c000 ---p 00039000 08:02 43062                      /usr/lib/x86_64-linux-gnu/libnspr4.so
7f5b8768c000-7f5b8768d000 r--p 00038000 08:02 43062                      /usr/lib/x86_64-linux-gnu/libnspr4.so
7f5b8768d000-7f5b8768e000 rw-p 00039000 08:02 43062                      /usr/lib/x86_64-linux-gnu/libnspr4.so
7f5b8768e000-7f5b87691000 rw-p 00000000 00:00 0 
7f5b87691000-7f5b87694000 r-xp 00000000 08:02 23344                      /usr/lib/x86_64-linux-gnu/libplds4.so
7f5b87694000-7f5b87893000 ---p 00003000 08:02 23344                      /usr/lib/x86_64-linux-gnu/libplds4.so
7f5b87893000-7f5b87894000 r--p 00002000 08:02 23344                      /usr/lib/x86_64-linux-gnu/libplds4.so
7f5b87894000-7f5b87895000 rw-p 00003000 08:02 23344                      /usr/lib/x86_64-linux-gnu/libplds4.so
7f5b87895000-7f5b87899000 r-xp 00000000 08:02 43066                      /usr/lib/x86_64-linux-gnu/libplc4.so
7f5b87899000-7f5b87a98000 ---p 00004000 08:02 43066                      /usr/lib/x86_64-linux-gnu/libplc4.so
7f5b87a98000-7f5b87a99000 r--p 00003000 08:02 43066                      /usr/lib/x86_64-linux-gnu/libplc4.so
7f5b87a99000-7f5b87a9a000 rw-p 00004000 08:02 43066                      /usr/lib/x86_64-linux-gnu/libplc4.so
7f5b87a9a000-7f5b87abf000 r-xp 00000000 08:02 23348                      /usr/lib/x86_64-linux-gnu/libnssutil3.so
7f5b87abf000-7f5b87cbf000 ---p 00025000 08:02 23348                      /usr/lib/x86_64-linux-gnu/libnssutil3.so
7f5b87cbf000-7f5b87cc5000 r--p 00025000 08:02 23348                      /usr/lib/x86_64-linux-gnu/libnssutil3.so
7f5b87cc5000-7f5b87cc6000 rw-p 0002b000 08:02 23348                      /usr/lib/x86_64-linux-gnu/libnssutil3.so
7f5b87cc6000-7f5b87df9000 r-xp 00000000 08:02 43071                      /usr/lib/x86_64-linux-gnu/libnss3.so
7f5b87df9000-7f5b87ff8000 ---p 00133000 08:02 43071                      /usr/lib/x86_64-linux-gnu/libnss3.so
7f5b87ff8000-7f5b87ffd000 r--p 00132000 08:02 43071                      /usr/lib/x86_64-linux-gnu/libnss3.so
7f5b87ffd000-7f5b87fff000 rw-p 00137000 08:02 43071                      /usr/lib/x86_64-linux-gnu/libnss3.so
7f5b87fff000-7f5b88000000 rw-p 00000000 00:00 0 
7f5b88000000-7f5b88021000 rw-p 00000000 00:00 0 
7f5b88021000-7f5b8c000000 ---p 00000000 00:00 0 
7f5b8c000000-7f5b8c021000 rw-p 00000000 00:00 0 
7f5b8c021000-7f5b90000000 ---p 00000000 00:00 0 
7f5b90000000-7f5b90021000 rw-p 00000000 00:00 0 
7f5b90021000-7f5b94000000 ---p 00000000 00:00 0 
7f5b94000000-7f5b94b72000 rw-p 00000000 00:00 0 
7f5b94b72000-7f5b98000000 ---p 00000000 00:00 0 
7f5b98000000-7f5b98021000 rw-p 00000000 00:00 0 
7f5b98021000-7f5b9c000000 ---p 00000000 00:00 0 
7f5b9c000000-7f5b9c021000 rw-p 00000000 00:00 0 
7f5b9c021000-7f5ba0000000 ---p 00000000 00:00 0 
7f5ba0000000-7f5ba0021000 rw-p 00000000 00:00 0 
7f5ba0021000-7f5ba4000000 ---p 00000000 00:00 0 
7f5ba4000000-7f5ba406d000 rw-p 00000000 00:00 0 
7f5ba406d000-7f5ba8000000 ---p 00000000 00:00 0 
7f5ba8000000-7f5ba91fe000 rw-p 00000000 00:00 0 
7f5ba91fe000-7f5bac000000 ---p 00000000 00:00 0 
7f5bac000000-7f5bac021000 rw-p 00000000 00:00 0 
7f5bac021000-7f5bb0000000 ---p 00000000 00:00 0 
7f5bb0000000-7f5bb0021000 rw-p 00000000 00:00 0 
7f5bb0021000-7f5bb4000000 ---p 00000000 00:00 0 
7f5bb4000000-7f5bb4d6f000 rw-p 00000000 00:00 0 
7f5bb4d6f000-7f5bb8000000 ---p 00000000 00:00 0 
7f5bb8000000-7f5bb8021000 rw-p 00000000 00:00 0 
7f5bb8021000-7f5bbc000000 ---p 00000000 00:00 0 
7f5bbc000000-7f5bbc021000 rw-p 00000000 00:00 0 
7f5bbc021000-7f5bc0000000 ---p 00000000 00:00 0 
7f5bc0000000-7f5bc0059000 rw-p 00000000 00:00 0 
7f5bc0059000-7f5bc4000000 ---p 00000000 00:00 0 
7f5bc4000000-7f5bc4021000 rw-p 00000000 00:00 0 
7f5bc4021000-7f5bc8000000 ---p 00000000 00:00 0 
7f5bc81ef000-7f5bc81f0000 rw-p 00000000 00:00 0 
7f5bc81f0000-7f5bc8200000 r-xp 00000000 08:02 2625913                    /usr/lib/jvm/java-7-openjdk-amd64/jre/lib/amd64/libj2pkcs11.so
7f5bc8200000-7f5bc83ff000 ---p 00010000 08:02 2625913                    /usr/lib/jvm/java-7-openjdk-amd64/jre/lib/amd64/libj2pkcs11.so
7f5bc83ff000-7f5bc8400000 r--p 0000f000 08:02 2625913                    /usr/lib/jvm/java-7-openjdk-amd64/jre/lib/amd64/libj2pkcs11.so
7f5bc8400000-7f5bc8401000 rw-p 00010000 08:02 2625913                    /usr/lib/jvm/java-7-openjdk-amd64/jre/lib/amd64/libj2pkcs11.so
7f5bc8401000-7f5bc8403000 r--s 00018000 08:02 2625932                    /usr/lib/jvm/java-7-openjdk-amd64/jre/lib/jce.jar
7f5bc8403000-7f5bc840b000 r-xp 00000000 08:02 2625915                    /usr/lib/jvm/java-7-openjdk-amd64/jre/lib/amd64/libmanagement.so
7f5bc840b000-7f5bc860a000 ---p 00008000 08:02 2625915                    /usr/lib/jvm/java-7-openjdk-amd64/jre/lib/amd64/libmanagement.so
7f5bc860a000-7f5bc860b000 r--p 00007000 08:02 2625915                    /usr/lib/jvm/java-7-openjdk-amd64/jre/lib/amd64/libmanagement.so
7f5bc860b000-7f5bc860c000 rw-p 00008000 08:02 2625915                    /usr/lib/jvm/java-7-openjdk-amd64/jre/lib/amd64/libmanagement.so
7f5bc860c000-7f5bc860d000 r--s 00004000 08:02 2759055                    /home/ivan/tools/android/android-studio/gradle/m2repository/com/intellij/annotations/12.0/annotations-12.0.jar
7f5bc860d000-7f5bc860f000 r--s 0000d000 08:02 2759096                    /home/ivan/tools/android/android-studio/gradle/m2repository/commons-codec/commons-codec/1.4/commons-codec-1.4.jar
7f5bc860f000-7f5bc8611000 r--s 0000d000 08:02 28313190                   /home/ivan/tools/android/android-studio/gradle/m2repository/commons-logging/commons-logging/1.1.1/commons-logging-1.1.1.jar
7f5bc8611000-7f5bc8616000 r--s 00028000 08:02 28837451                   /home/ivan/tools/android/android-studio/gradle/m2repository/org/apache/httpcomponents/httpcore/4.1/httpcore-4.1.jar
7f5bc8616000-7f5bc861e000 r--s 000a8000 08:02 31606554                   /home/ivan/tools/android/android-studio/gradle/m2repository/com/android/tools/external/lombok/lombok-ast/0.2.3/lombok-ast-0.2.3.jar
7f5bc861e000-7f5bc8620000 r--s 00005000 08:02 28444458                   /home/ivan/tools/android/android-studio/gradle/m2repository/org/abego/treelayout/org.abego.treelayout.core/1.0.1/org.abego.treelayout.core-1.0.1.jar
7f5bc8620000-7f5bc8621000 r--s 0000a000 08:02 2759092                    /home/ivan/tools/android/android-studio/gradle/m2repository/net/sf/kxml/kxml2/2.3.0/kxml2-2.3.0.jar
7f5bc8621000-7f5bc8622000 r--s 00005000 08:02 2752550                    /home/ivan/tools/android/android-studio/gradle/m2repository/com/android/tools/dvlib/24.5.0/dvlib-24.5.0.jar
7f5bc8622000-7f5bc8629000 r--s 00053000 08:02 28968388                   /home/ivan/tools/android/android-studio/gradle/m2repository/org/apache/commons/commons-compress/1.8.1/commons-compress-1.8.1.jar
7f5bc8629000-7f5bc862e000 r--s 0002a000 08:02 30676744                   /home/ivan/tools/android/android-studio/gradle/m2repository/com/google/code/gson/gson/2.2.4/gson-2.2.4.jar
7f5bc862e000-7f5bc8631000 r--s 00013000 08:02 31854201                   /home/ivan/tools/android/android-studio/gradle/m2repository/com/android/tools/layoutlib/layoutlib-api/24.5.0/layoutlib-api-24.5.0.jar
7f5bc8631000-7f5bc8633000 r--s 00005000 08:02 28837444                   /home/ivan/tools/android/android-studio/gradle/m2repository/org/apache/httpcomponents/httpmime/4.1/httpmime-4.1.jar
7f5bc8633000-7f5bc863b000 r--s 0004e000 08:02 28968380                   /home/ivan/tools/android/android-studio/gradle/m2repository/org/apache/httpcomponents/httpclient/4.1.1/httpclient-4.1.1.jar
7f5bc863b000-7f5bc863e000 r--s 0002d000 08:02 31462666                   /home/ivan/tools/android/android-studio/gradle/m2repository/com/android/tools/lint/lint-api/24.5.0/lint-api-24.5.0.jar
7f5bc863e000-7f5bc863f000 r--s 00004000 08:02 29623624                   /home/ivan/tools/android/android-studio/gradle/m2repository/org/ow2/asm/asm-analysis/5.0.3/asm-analysis-5.0.3.jar
7f5bc863f000-7f5bc8643000 r--s 00037000 08:02 28313210                   /home/ivan/tools/android/android-studio/gradle/m2repository/org/antlr/ST4/4.0.8/ST4-4.0.8.jar
7f5bc8643000-7f5bc8644000 r--s 00002000 08:02 30676751                   /home/ivan/tools/android/android-studio/gradle/m2repository/com/tunnelvisionlabs/antlr4-annotations/4.5/antlr4-annotations-4.5.jar
7f5bc8644000-7f5bc864b000 r--s 00062000 08:02 30017461                   /home/ivan/tools/android/android-studio/gradle/m2repository/com/tunnelvisionlabs/antlr4-runtime/4.5/antlr4-runtime-4.5.jar
7f5bc864b000-7f5bc8659000 r--s 00081000 08:02 29230164                   /home/ivan/tools/android/android-studio/gradle/m2repository/org/bouncycastle/bcpkix-jdk15on/1.48/bcpkix-jdk15on-1.48.jar
7f5bc8659000-7f5bc865b000 r--s 00005000 08:02 2759048                    /home/ivan/tools/android/android-studio/gradle/m2repository/com/android/tools/jill/jill-api/0.9.0/jill-api-0.9.0.jar
7f5bc865b000-7f5bc865f000 r--s 00027000 08:02 2757179                    /home/ivan/tools/android/android-studio/gradle/m2repository/com/android/tools/build/manifest-merger/24.5.0/manifest-merger-24.5.0.jar
7f5bc865f000-7f5bc8664000 r--s 00047000 08:02 2752628                    /home/ivan/tools/android/android-studio/gradle/m2repository/com/android/tools/ddms/ddmlib/24.5.0/ddmlib-24.5.0.jar
7f5bc8664000-7f5bc8666000 r--s 00006000 08:02 31199226                   /home/ivan/tools/android/android-studio/gradle/m2repository/com/android/tools/jack/jack-api/0.9.0/jack-api-0.9.0.jar
7f5bc8666000-7f5bc8667000 r--s 0000c000 08:02 29755695                   /home/ivan/tools/android/android-studio/gradle/m2repository/org/ow2/asm/asm/5.0.3/asm-5.0.3.jar
7f5bc8667000-7f5bc8668000 r--s 00002000 08:02 2758969                    /home/ivan/tools/android/android-studio/gradle/m2repository/com/android/tools/build/builder-test-api/1.5.0/builder-test-api-1.5.0.jar
7f5bc8668000-7f5bc866b000 r--s 00026000 08:02 28313205                   /home/ivan/tools/android/android-studio/gradle/m2repository/org/antlr/antlr-runtime/3.5.2/antlr-runtime-3.5.2.jar
7f5bc866b000-7f5bc8675000 r--s 000ab000 08:02 2752613                    /home/ivan/tools/android/android-studio/gradle/m2repository/com/android/tools/sdklib/24.5.0/sdklib-24.5.0.jar
7f5bc8675000-7f5bc8677000 r--s 00002000 08:02 30017450                   /home/ivan/tools/android/android-studio/gradle/m2repository/com/squareup/javawriter/2.5.0/javawriter-2.5.0.jar
7f5bc8677000-7f5bc8679000 r--s 00016000 08:02 2757143                    /home/ivan/tools/android/android-studio/gradle/m2repository/com/android/tools/common/24.5.0/common-24.5.0.jar
7f5bc8679000-7f5bc867b000 r--s 00006000 08:02 29885961                   /home/ivan/tools/android/android-studio/gradle/m2repository/org/ow2/asm/asm-tree/5.0.3/asm-tree-5.0.3.jar
7f5bc867b000-7f5bc867d000 r--s 00005000 08:02 2757281                    /home/ivan/tools/android/android-studio/gradle/m2repository/com/android/tools/build/builder-model/1.5.0/builder-model-1.5.0.jar
7f5bc867d000-7f5bc86b0000 r--s 00203000 08:02 29492123                   /home/ivan/tools/android/android-studio/gradle/m2repository/org/bouncycastle/bcprov-jdk15on/1.48/bcprov-jdk15on-1.48.jar
7f5bc86b0000-7f5bc86b8000 r--s 00079000 08:02 2752933                    /home/ivan/tools/android/android-studio/gradle/m2repository/com/android/tools/sdk-common/24.5.0/sdk-common-24.5.0.jar
7f5bc86b8000-7f5bc86ca000 r--s 00223000 08:02 28575587                   /home/ivan/tools/android/android-studio/gradle/m2repository/org/eclipse/jdt/core/compiler/ecj/4.4.2/ecj-4.4.2.jar
7f5bc86ca000-7f5bc86d0000 r--s 000af000 08:02 31330796                   /home/ivan/tools/android/android-studio/gradle/m2repository/com/android/tools/lint/lint-checks/24.5.0/lint-checks-24.5.0.jar
7f5bc86d0000-7f5bc86e0000 r--s 000d6000 08:02 2759067                    /home/ivan/tools/android/android-studio/gradle/m2repository/net/sf/proguard/proguard-base/5.2.1/proguard-base-5.2.1.jar
7f5bc86e0000-7f5bc86e1000 r--s 00002000 08:02 31065982                   /home/ivan/tools/android/android-studio/gradle/m2repository/com/android/databinding/baseLibrary/1.0-rc5/baseLibrary-1.0-rc5.jar
7f5bc86e1000-7f5bc86e5000 r--s 0002a000 08:02 28182173                   /home/ivan/tools/android/android-studio/gradle/m2repository/commons-io/commons-io/2.4/commons-io-2.4.jar
7f5bc86e5000-7f5bc86ef000 r--s 00099000 08:02 30017465                   /home/ivan/tools/android/android-studio/gradle/m2repository/com/tunnelvisionlabs/antlr4/4.5/antlr4-4.5.jar
7f5bc86ef000-7f5bc86f6000 r--s 0005e000 08:02 28968393                   /home/ivan/tools/android/android-studio/gradle/m2repository/org/apache/commons/commons-lang3/3.3.2/commons-lang3-3.3.2.jar
7f5bc86f6000-7f5bc86f9000 r--s 00033000 08:02 30676772                   /home/ivan/tools/android/android-studio/gradle/m2repository/com/googlecode/juniversalchardet/juniversalchardet/1.0.3/juniversalchardet-1.0.3.jar
7f5bc86f9000-7f5bc86fa000 r--s 00001000 08:02 31724219                   /home/ivan/tools/android/android-studio/gradle/m2repository/com/android/tools/annotations/24.5.0/annotations-24.5.0.jar
7f5bc86fa000-7f5bc8725000 r--s 001f9000 08:02 31065959                   /home/ivan/tools/android/android-studio/gradle/m2repository/com/google/guava/guava/17.0/guava-17.0.jar
7f5bc8725000-7f5bc872a000 r--s 00058000 08:02 29623630                   /home/ivan/tools/android/android-studio/gradle/m2repository/org/ow2/asm/asm-debug-all/5.0.1/asm-debug-all-5.0.1.jar
7f5bc872a000-7f5bc8730000 r--s 0005a000 08:02 2757183                    /home/ivan/tools/android/android-studio/gradle/m2repository/com/android/tools/build/builder/1.5.0/builder-1.5.0.jar
7f5bc8730000-7f5bc8732000 r--s 00022000 08:02 31199233                   /home/ivan/tools/android/android-studio/gradle/m2repository/com/android/tools/lint/lint/24.5.0/lint-24.5.0.jar
7f5bc8732000-7f5bc8733000 r--s 00002000 08:02 2759078                    /home/ivan/tools/android/android-studio/gradle/m2repository/net/sf/proguard/proguard-gradle/5.2.1/proguard-gradle-5.2.1.jar
7f5bc8733000-7f5bc8737000 r--s 00026000 08:02 31065977                   /home/ivan/tools/android/android-studio/gradle/m2repository/com/android/databinding/compilerCommon/1.0-rc5/compilerCommon-1.0-rc5.jar
7f5bc8737000-7f5bc8739000 r--s 00001000 08:02 2758980                    /home/ivan/tools/android/android-studio/gradle/m2repository/com/android/tools/build/transform-api/1.5.0/transform-api-1.5.0.jar
7f5bc8739000-7f5bc873d000 r--s 0001e000 08:02 28444451                   /home/ivan/tools/android/android-studio/gradle/m2repository/org/jacoco/org.jacoco.core/0.7.4.201502262128/org.jacoco.core-0.7.4.201502262128.jar
7f5bc873d000-7f5bc8754000 r--s 0012c000 08:02 2757159                    /home/ivan/tools/android/android-studio/gradle/m2repository/com/android/tools/build/gradle-core/1.5.0/gradle-core-1.5.0.jar
7f5bc8754000-7f5bc8756000 r--s 0000d000 08:02 2757330                    /home/ivan/tools/android/android-studio/gradle/m2repository/com/android/tools/build/gradle/1.5.0/gradle-1.5.0.jar
7f5bc8756000-7f5bc8760000 r--s 000ae000 08:02 2625887                    /usr/lib/jvm/java-7-openjdk-amd64/jre/lib/resources.jar
7f5bc8760000-7f5bc8763000 ---p 00000000 00:00 0 
7f5bc8763000-7f5bc8861000 rw-p 00000000 00:00 0                          [stack:20175]
7f5bc8861000-7f5bc8864000 ---p 00000000 00:00 0 
7f5bc8864000-7f5bc889a000 rw-p 00000000 00:00 0                          [stack:20174]
7f5bc889a000-7f5bc889b000 r--p 00000000 00:00 0 
7f5bc889b000-7f5bc8906000 r--s 0069d000 08:02 2761103                    /usr/lib/jvm/java-7-openjdk-amd64/lib/tools.jar
7f5bc8906000-7f5bc8909000 ---p 00000000 00:00 0 
7f5bc8909000-7f5bc8a07000 rw-p 00000000 00:00 0                          [stack:20106]
7f5bc8a07000-7f5bc8a0e000 r--s 00000000 08:02 3208                       /usr/lib/x86_64-linux-gnu/gconv/gconv-modules.cache
7f5bc8a0e000-7f5bc8a11000 ---p 00000000 00:00 0 
7f5bc8a11000-7f5bc8b0f000 rw-p 00000000 00:00 0                          [stack:20103]
7f5bc8b0f000-7f5bc8b12000 ---p 00000000 00:00 0 
7f5bc8b12000-7f5bc8c10000 rw-p 00000000 00:00 0                          [stack:20102]
7f5bc8c10000-7f5bc8c13000 ---p 00000000 00:00 0 
7f5bc8c13000-7f5bc8d11000 rw-p 00000000 00:00 0                          [stack:20101]
7f5bc8d11000-7f5bc8d14000 ---p 00000000 00:00 0 
7f5bc8d14000-7f5bc8e12000 rw-p 00000000 00:00 0                          [stack:20100]
7f5bc8e12000-7f5bc8e15000 ---p 00000000 00:00 0 
7f5bc8e15000-7f5bc8f13000 rw-p 00000000 00:00 0                          [stack:20099]
7f5bc8f13000-7f5bc8f17000 r--s 0004f000 08:02 2625874                    /usr/lib/jvm/java-7-openjdk-amd64/jre/lib/jsse.jar
7f5bc8f17000-7f5bc8f19000 r--s 00005000 08:02 28186656                   /home/ivan/tools/android/android-studio/gradle/gradle-2.8/lib/plugins/gradle-tooling-api-builders-2.8.jar
7f5bc8f19000-7f5bc8f29000 r--s 00088000 08:02 28186616                   /home/ivan/tools/android/android-studio/gradle/gradle-2.8/lib/plugins/joda-time-2.8.2.jar
7f5bc8f29000-7f5bc8f3a000 r--s 000cf000 08:02 28186710                   /home/ivan/tools/android/android-studio/gradle/gradle-2.8/lib/plugins/jackson-databind-2.3.2.jar
7f5bc8f3a000-7f5bc8f3c000 r--s 00007000 08:02 28186715                   /home/ivan/tools/android/android-studio/gradle/gradle-2.8/lib/plugins/jackson-annotations-2.3.2.jar
7f5bc8f3c000-7f5bc8f3f000 r--s 0002e000 08:02 28186719                   /home/ivan/tools/android/android-studio/gradle/gradle-2.8/lib/plugins/jackson-core-2.3.2.jar
7f5bc8f3f000-7f5bc8f4a000 r--s 0006b000 08:02 28186699                   /home/ivan/tools/android/android-studio/gradle/gradle-2.8/lib/plugins/aws-java-sdk-core-1.9.19.jar
7f5bc8f4a000-7f5bc8f50000 r--s 00036000 08:02 28186729                   /home/ivan/tools/android/android-studio/gradle/gradle-2.8/lib/plugins/aws-java-sdk-kms-1.9.19.jar
7f5bc8f50000-7f5bc8f5b000 r--s 00079000 08:02 28186696                   /home/ivan/tools/android/android-studio/gradle/gradle-2.8/lib/plugins/aws-java-sdk-s3-1.9.19.jar
7f5bc8f5b000-7f5bc8f5c000 r--s 00003000 08:02 28186635                   /home/ivan/tools/android/android-studio/gradle/gradle-2.8/lib/plugins/gradle-resources-s3-2.8.jar
7f5bc8f5c000-7f5bc8f5d000 r--s 00004000 08:02 28186658                   /home/ivan/tools/android/android-studio/gradle/gradle-2.8/lib/plugins/gradle-resources-sftp-2.8.jar
7f5bc8f5d000-7f5bc8f5e000 r--s 00001000 08:02 28182195                   /home/ivan/tools/android/android-studio/gradle/gradle-2.8/lib/plugins/gradle-plugin-development-2.8.jar
7f5bc8f5e000-7f5bc8f60000 r--s 00005000 08:02 28186638                   /home/ivan/tools/android/android-studio/gradle/gradle-2.8/lib/plugins/gradle-testing-native-2.8.jar
7f5bc8f60000-7f5bc8f65000 r--s 0002b000 08:02 28186614                   /home/ivan/tools/android/android-studio/gradle/gradle-2.8/lib/plugins/gradle-ide-native-2.8.jar
7f5bc8f65000-7f5bc8f6b000 r--s 00019000 08:02 28186646                   /home/ivan/tools/android/android-studio/gradle/gradle-2.8/lib/plugins/gradle-language-native-2.8.jar
7f5bc8f6b000-7f5bc8f70000 r--s 00028000 08:02 28186657                   /home/ivan/tools/android/android-studio/gradle/gradle-2.8/lib/plugins/gradle-platform-play-2.8.jar
7f5bc8f70000-7f5bc8f7d000 r--s 0004f000 08:02 28182205                   /home/ivan/tools/android/android-studio/gradle/gradle-2.8/lib/plugins/gradle-platform-native-2.8.jar
7f5bc8f7d000-7f5bc8f80000 r--s 00008000 08:02 28186617                   /home/ivan/tools/android/android-studio/gradle/gradle-2.8/lib/plugins/gradle-language-scala-2.8.jar
7f5bc8f80000-7f5bc8f83000 r--s 00009000 08:02 28186641                   /home/ivan/tools/android/android-studio/gradle/gradle-2.8/lib/plugins/gradle-language-groovy-2.8.jar
7f5bc8f83000-7f5bc8f89000 r--s 00023000 08:02 28182202                   /home/ivan/tools/android/android-studio/gradle/gradle-2.8/lib/plugins/gradle-language-java-2.8.jar
7f5bc8f89000-7f5bc8f8b000 r--s 00008000 08:02 28182194                   /home/ivan/tools/android/android-studio/gradle/gradle-2.8/lib/plugins/gradle-language-jvm-2.8.jar
7f5bc8f8b000-7f5bc8f8e000 r--s 0000d000 08:02 28186648                   /home/ivan/tools/android/android-studio/gradle/gradle-2.8/lib/plugins/gradle-platform-jvm-2.8.jar
7f5bc8f8e000-7f5bc8f96000 r--s 0002c000 08:02 28186626                   /home/ivan/tools/android/android-studio/gradle/gradle-2.8/lib/plugins/gradle-platform-base-2.8.jar
7f5bc8f96000-7f5bc8f9a000 r--s 00020000 08:02 28182209                   /home/ivan/tools/android/android-studio/gradle/gradle-2.8/lib/plugins/gradle-build-init-2.8.jar
7f5bc8f9a000-7f5bc8f9d000 r--s 00017000 08:02 28186651                   /home/ivan/tools/android/android-studio/gradle/gradle-2.8/lib/plugins/gradle-jacoco-2.8.jar
7f5bc8f9d000-7f5bc8fa0000 r--s 0000e000 08:02 28186613                   /home/ivan/tools/android/android-studio/gradle/gradle-2.8/lib/plugins/gradle-ivy-2.8.jar
7f5bc8fa0000-7f5bc8fa2000 r--s 00002000 08:02 28182208                   /home/ivan/tools/android/android-studio/gradle/gradle-2.8/lib/plugins/gradle-publish-2.8.jar
7f5bc8fa2000-7f5bc8fa4000 r--s 00005000 08:02 28186700                   /home/ivan/tools/android/android-studio/gradle/gradle-2.8/lib/plugins/jatl-0.2.2.jar
7f5bc8fa4000-7f5bc8fa6000 r--s 0000f000 08:02 28186644                   /home/ivan/tools/android/android-studio/gradle/gradle-2.8/lib/plugins/gradle-reporting-2.8.jar
7f5bc8fa6000-7f5bc8fab000 r--s 00035000 08:02 28186631                   /home/ivan/tools/android/android-studio/gradle/gradle-2.8/lib/plugins/gradle-diagnostics-2.8.jar
7f5bc8fab000-7f5bc8fb2000 r--s 0008f000 08:02 28186652                   /home/ivan/tools/android/android-studio/gradle/gradle-2.8/lib/plugins/gradle-build-comparison-2.8.jar
7f5bc8fb2000-7f5bc8fb9000 r--s 00035000 08:02 28186702                   /home/ivan/tools/android/android-studio/gradle/gradle-2.8/lib/plugins/simple-4.1.21.jar
7f5bc8fb9000-7f5bc8fc5000 r--s 00100000 08:02 28186708                   /home/ivan/tools/android/android-studio/gradle/gradle-2.8/lib/plugins/rhino-1.7R3.jar
7f5bc8fc5000-7f5bc8fc9000 r--s 0001c000 08:02 28182200                   /home/ivan/tools/android/android-studio/gradle/gradle-2.8/lib/plugins/gradle-javascript-2.8.jar
7f5bc8fc9000-7f5bc8fcb000 r--s 0000b000 08:02 28186639                   /home/ivan/tools/android/android-studio/gradle/gradle-2.8/lib/plugins/gradle-ear-2.8.jar
7f5bc8fcb000-7f5bc8fd2000 r--s 00038000 08:02 28186716                   /home/ivan/tools/android/android-studio/gradle/gradle-2.8/lib/plugins/bcpg-jdk15on-1.51.jar
7f5bc8fd2000-7f5bc8fd4000 r--s 00017000 08:02 28182207                   /home/ivan/tools/android/android-studio/gradle/gradle-2.8/lib/plugins/gradle-signing-2.8.jar
7f5bc8fd4000-7f5bc8fd5000 r--s 00002000 08:02 28186703                   /home/ivan/tools/android/android-studio/gradle/gradle-2.8/lib/plugins/sonar-batch-bootstrapper-2.9.jar
7f5bc8fd5000-7f5bc8fd8000 r--s 00015000 08:02 28186632                   /home/ivan/tools/android/android-studio/gradle/gradle-2.8/lib/plugins/gradle-sonar-2.8.jar
7f5bc8fd8000-7f5bc8fdb000 r--s 00010000 08:02 28186629                   /home/ivan/tools/android/android-studio/gradle/gradle-2.8/lib/plugins/gradle-scala-2.8.jar
7f5bc8fdb000-7f5bc8fdd000 r--s 0000a000 08:02 28186628                   /home/ivan/tools/android/android-studio/gradle/gradle-2.8/lib/plugins/gradle-announce-2.8.jar
7f5bc8fdd000-7f5bc8feb000 r--s 0009f000 08:02 28186630                   /home/ivan/tools/android/android-studio/gradle/gradle-2.8/lib/plugins/gradle-ide-2.8.jar
7f5bc8feb000-7f5bc8fee000 r--s 0000c000 08:02 28186727                   /home/ivan/tools/android/android-studio/gradle/gradle-2.8/lib/plugins/pmaven-groovy-0.8-20100325.jar
7f5bc8fee000-7f5bc8fef000 r--s 00004000 08:02 28186718                   /home/ivan/tools/android/android-studio/gradle/gradle-2.8/lib/plugins/pmaven-common-0.8-20100325.jar
7f5bc8fef000-7f5bc8ff5000 r--s 00022000 08:02 28186643                   /home/ivan/tools/android/android-studio/gradle/gradle-2.8/lib/plugins/gradle-maven-2.8.jar
7f5bc8ff5000-7f5bc9016000 r--s 001c3000 08:02 28186642                   /home/ivan/tools/android/android-studio/gradle/gradle-2.8/lib/plugins/bndlib-2.4.0.jar
7f5bc9016000-7f5bc9018000 r--s 00004000 08:02 28182196                   /home/ivan/tools/android/android-studio/gradle/gradle-2.8/lib/plugins/gradle-osgi-2.8.jar
7f5bc9018000-7f5bc901a000 r--s 00008000 08:02 28186637                   /home/ivan/tools/android/android-studio/gradle/gradle-2.8/lib/plugins/gradle-antlr-2.8.jar
7f5bc901a000-7f5bc901d000 r--s 0001e000 08:02 28186728                   /home/ivan/tools/android/android-studio/gradle/gradle-2.8/lib/plugins/jsp-api-2.1-6.1.14.jar
7f5bc901d000-7f5bc9040000 r--s 00344000 08:02 28186731                   /home/ivan/tools/android/android-studio/gradle/gradle-2.8/lib/plugins/core-3.1.1.jar
7f5bc9040000-7f5bc9041000 r--s 00006000 08:02 28186725                   /home/ivan/tools/android/android-studio/gradle/gradle-2.8/lib/plugins/jetty-naming-6.1.25.jar
7f5bc9041000-7f5bc9042000 r--s 00002000 08:02 28186706                   /home/ivan/tools/android/android-studio/gradle/gradle-2.8/lib/plugins/geronimo-annotation_1.0_spec-1.0.jar
7f5bc9042000-7f5bc9044000 r--s 00002000 08:02 28186697                   /home/ivan/tools/android/android-studio/gradle/gradle-2.8/lib/plugins/jetty-annotations-6.1.25.jar
7f5bc9044000-7f5bc9055000 r--s 000ea000 08:02 28186732                   /home/ivan/tools/android/android-studio/gradle/gradle-2.8/lib/plugins/jsp-2.1-6.1.14.jar
7f5bc9055000-7f5bc9057000 r--s 0000d000 08:02 28186694                   /home/ivan/tools/android/android-studio/gradle/gradle-2.8/lib/plugins/jetty-plus-6.1.25.jar
7f5bc9057000-7f5bc9059000 r--s 0001f000 08:02 28186690                   /home/ivan/tools/android/android-studio/gradle/gradle-2.8/lib/plugins/servlet-api-2.5-20081211.jar
7f5bc9059000-7f5bc905d000 r--s 00028000 08:02 28186721                   /home/ivan/tools/android/android-studio/gradle/gradle-2.8/lib/plugins/jetty-util-6.1.25.jar
7f5bc905d000-7f5bc9064000 r--s 0007d000 08:02 28186692                   /home/ivan/tools/android/android-studio/gradle/gradle-2.8/lib/plugins/jetty-6.1.25.jar
7f5bc9064000-7f5bc9066000 r--s 00009000 08:02 28186615                   /home/ivan/tools/android/android-studio/gradle/gradle-2.8/lib/plugins/gradle-jetty-2.8.jar
7f5bc9066000-7f5bc906c000 r--s 00036000 08:02 28186645                   /home/ivan/tools/android/android-studio/gradle/gradle-2.8/lib/plugins/gradle-code-quality-2.8.jar
7f5bc906c000-7f5bc906e000 r--s 00009000 08:02 28186709                   /home/ivan/tools/android/android-studio/gradle/gradle-2.8/lib/plugins/hamcrest-core-1.3.jar
7f5bc906e000-7f5bc9074000 r--s 00033000 08:02 28186691                   /home/ivan/tools/android/android-studio/gradle/gradle-2.8/lib/plugins/snakeyaml-1.6.jar
7f5bc9074000-7f5bc9076000 r--s 00006000 08:02 28186726                   /home/ivan/tools/android/android-studio/gradle/gradle-2.8/lib/plugins/jcommander-1.12.jar
7f5bc9076000-7f5bc907b000 r--s 00040000 08:02 28186698                   /home/ivan/tools/android/android-studio/gradle/gradle-2.8/lib/plugins/bsh-2.0b4.jar
7f5bc907b000-7f5bc907d000 r--s 00009000 08:02 28186704                   /home/ivan/tools/android/android-studio/gradle/gradle-2.8/lib/plugins/commons-cli-1.2.jar
7f5bc907d000-7f5bc9086000 r--s 00089000 08:02 28186724                   /home/ivan/tools/android/android-studio/gradle/gradle-2.8/lib/plugins/testng-6.3.1.jar
7f5bc9086000-7f5bc908e000 r--s 00045000 08:02 28186713                   /home/ivan/tools/android/android-studio/gradle/gradle-2.8/lib/plugins/junit-4.12.jar
7f5bc908e000-7f5bc909a000 r--s 00073000 08:02 28182203                   /home/ivan/tools/android/android-studio/gradle/gradle-2.8/lib/plugins/gradle-plugins-2.8.jar
7f5bc909a000-7f5bc90b2000 r--s 00115000 08:02 28186720                   /home/ivan/tools/android/android-studio/gradle/gradle-2.8/lib/plugins/xercesImpl-2.9.1.jar
7f5bc90b2000-7f5bc90ba000 r--s 00028000 08:02 28186695                   /home/ivan/tools/android/android-studio/gradle/gradle-2.8/lib/plugins/xml-apis-1.3.04.jar
7f5bc90ba000-7f5bc90c0000 r--s 0005b000 08:02 28186693                   /home/ivan/tools/android/android-studio/gradle/gradle-2.8/lib/plugins/jcifs-1.3.17.jar
7f5bc90c0000-7f5bc90c6000 r--s 00031000 08:02 28186711                   /home/ivan/tools/android/android-studio/gradle/gradle-2.8/lib/plugins/httpcore-4.2.2.jar
7f5bc90c6000-7f5bc90cc000 r--s 00033000 08:02 28186717                   /home/ivan/tools/android/android-studio/gradle/gradle-2.8/lib/plugins/commons-codec-1.6.jar
7f5bc90cc000-7f5bc90cf000 r--s 0001c000 08:02 28186705                   /home/ivan/tools/android/android-studio/gradle/gradle-2.8/lib/plugins/nekohtml-1.9.14.jar
7f5bc90cf000-7f5bc90d8000 r--s 00060000 08:02 28186714                   /home/ivan/tools/android/android-studio/gradle/gradle-2.8/lib/plugins/httpclient-4.2.2.jar
7f5bc90d8000-7f5bc90da000 r--s 00009000 08:02 28182193                   /home/ivan/tools/android/android-studio/gradle/gradle-2.8/lib/plugins/gradle-resources-http-2.8.jar
7f5bc90da000-7f5bc90dd000 r--s 00011000 08:02 28186619                   /home/ivan/tools/android/android-studio/gradle/gradle-2.8/lib/plugins/gradle-plugin-use-2.8.jar
7f5bc90dd000-7f5bc90de000 r--s 00007000 08:02 28186627                   /home/ivan/tools/android/android-studio/gradle/gradle-2.8/lib/plugins/wagon-http-shared4-2.4.jar
7f5bc90de000-7f5bc90e2000 r--s 00033000 08:02 28182210                   /home/ivan/tools/android/android-studio/gradle/gradle-2.8/lib/plugins/plexus-utils-2.0.6.jar
7f5bc90e2000-7f5bc90e6000 r--s 00021000 08:02 28186654                   /home/ivan/tools/android/android-studio/gradle/gradle-2.8/lib/plugins/maven-model-builder-3.0.4.jar
7f5bc90e6000-7f5bc90e7000 r--s 00002000 08:02 28186621                   /home/ivan/tools/android/android-studio/gradle/gradle-2.8/lib/plugins/wagon-file-2.4.jar
7f5bc90e7000-7f5bc90e9000 r--s 00002000 08:02 28182206                   /home/ivan/tools/android/android-studio/gradle/gradle-2.8/lib/plugins/plexus-cipher-1.7.jar
7f5bc90e9000-7f5bc90ec000 r--s 00013000 08:02 28186634                   /home/ivan/tools/android/android-studio/gradle/gradle-2.8/lib/plugins/aether-api-1.13.1.jar
7f5bc90ec000-7f5bc90ee000 r--s 0000a000 08:02 28182191                   /home/ivan/tools/android/android-studio/gradle/gradle-2.8/lib/plugins/maven-settings-3.0.4.jar
7f5bc90ee000-7f5bc90f0000 r--s 0000d000 08:02 28186633                   /home/ivan/tools/android/android-studio/gradle/gradle-2.8/lib/plugins/plexus-interpolation-1.14.jar
7f5bc90f0000-7f5bc90f2000 r--s 0000b000 08:02 28182192                   /home/ivan/tools/android/android-studio/gradle/gradle-2.8/lib/plugins/maven-artifact-3.0.4.jar
7f5bc90f2000-7f5bc90f9000 r--s 0002e000 08:02 28186659                   /home/ivan/tools/android/android-studio/gradle/gradle-2.8/lib/plugins/plexus-container-default-1.5.5.jar
7f5bc90f9000-7f5bc90fb000 r--s 0000b000 08:02 28182204                   /home/ivan/tools/android/android-studio/gradle/gradle-2.8/lib/plugins/maven-plugin-api-3.0.4.jar
7f5bc90fb000-7f5bc90fd000 r--s 00000000 08:02 28186620                   /home/ivan/tools/android/android-studio/gradle/gradle-2.8/lib/plugins/plexus-component-annotations-1.5.5.jar
7f5bc90fd000-7f5bc9103000 r--s 0003f000 08:02 28186622                   /home/ivan/tools/android/android-studio/gradle/gradle-2.8/lib/plugins/maven-compat-3.0.4.jar
7f5bc9103000-7f5bc9106000 r--s 00008000 08:02 28182199                   /home/ivan/tools/android/android-studio/gradle/gradle-2.8/lib/plugins/maven-settings-builder-3.0.4.jar
7f5bc9106000-7f5bc9108000 r--s 00026000 08:02 28186650                   /home/ivan/tools/android/android-studio/gradle/gradle-2.8/lib/plugins/maven-model-3.0.4.jar
7f5bc9108000-7f5bc910a000 r--s 00006000 08:02 28182197                   /home/ivan/tools/android/android-studio/gradle/gradle-2.8/lib/plugins/aether-connector-wagon-1.13.1.jar
7f5bc910a000-7f5bc910c000 r--s 0000a000 08:02 28186624                   /home/ivan/tools/android/android-studio/gradle/gradle-2.8/lib/plugins/plexus-classworlds-2.4.jar
7f5bc910c000-7f5bc910e000 r--s 00006000 08:02 28182201                   /home/ivan/tools/android/android-studio/gradle/gradle-2.8/lib/plugins/maven-repository-metadata-3.0.4.jar
7f5bc910e000-7f5bc9110000 r--s 0000c000 08:02 28186618                   /home/ivan/tools/android/android-studio/gradle/gradle-2.8/lib/plugins/maven-aether-provider-3.0.4.jar
7f5bc9110000-7f5bc9112000 r--s 0000b000 08:02 28186625                   /home/ivan/tools/android/android-studio/gradle/gradle-2.8/lib/plugins/wagon-provider-api-2.4.jar
7f5bc9112000-7f5bc9116000 r--s 0001c000 08:02 28186636                   /home/ivan/tools/android/android-studio/gradle/gradle-2.8/lib/plugins/aether-util-1.13.1.jar
7f5bc9116000-7f5bc9119000 r--s 0001d000 08:02 28186647                   /home/ivan/tools/android/android-studio/gradle/gradle-2.8/lib/plugins/aether-impl-1.13.1.jar
7f5bc9119000-7f5bc911d000 r--s 0003d000 08:02 28186701                   /home/ivan/tools/android/android-studio/gradle/gradle-2.8/lib/plugins/jsch-0.1.51.jar
7f5bc911d000-7f5bc915d000 r--s 00277000 08:02 28186712                   /home/ivan/tools/android/android-studio/gradle/gradle-2.8/lib/plugins/bcprov-jdk15on-1.51.jar
7f5bc915d000-7f5bc9161000 r--s 0001d000 08:02 28186730                   /home/ivan/tools/android/android-studio/gradle/gradle-2.8/lib/plugins/xbean-reflect-3.4.jar
7f5bc9161000-7f5bc916d000 r--s 0007d000 08:02 28186640                   /home/ivan/tools/android/android-studio/gradle/gradle-2.8/lib/plugins/maven-core-3.0.4.jar
7f5bc916d000-7f5bc917c000 r--s 000d9000 08:02 28186707                   /home/ivan/tools/android/android-studio/gradle/gradle-2.8/lib/plugins/ivy-2.2.0.jar
7f5bc917c000-7f5bc9180000 r-xp 00000000 08:02 27396148                   /home/ivan/.gradle/native/19/linux-amd64/libnative-platform.so
7f5bc9180000-7f5bc937f000 ---p 00004000 08:02 27396148                   /home/ivan/.gradle/native/19/linux-amd64/libnative-platform.so
7f5bc937f000-7f5bc9380000 rw-p 00003000 08:02 27396148                   /home/ivan/.gradle/native/19/linux-amd64/libnative-platform.so
7f5bc9380000-7f5bc9390000 r-xp 00000000 08:02 2625910                    /usr/lib/jvm/java-7-openjdk-amd64/jre/lib/amd64/libnio.so
7f5bc9390000-7f5bc9590000 ---p 00010000 08:02 2625910                    /usr/lib/jvm/java-7-openjdk-amd64/jre/lib/amd64/libnio.so
7f5bc9590000-7f5bc9591000 r--p 00010000 08:02 2625910                    /usr/lib/jvm/java-7-openjdk-amd64/jre/lib/amd64/libnio.so
7f5bc9591000-7f5bc9592000 rw-p 00011000 08:02 2625910                    /usr/lib/jvm/java-7-openjdk-amd64/jre/lib/amd64/libnio.so
7f5bc9592000-7f5bc95c3000 rw-p 00000000 00:00 0 
7f5bc95c3000-7f5bc9600000 r-xp 00000000 08:02 13447                      /lib/x86_64-linux-gnu/libpcre.so.3.13.1
7f5bc9600000-7f5bc97ff000 ---p 0003d000 08:02 13447                      /lib/x86_64-linux-gnu/libpcre.so.3.13.1
7f5bc97ff000-7f5bc9800000 r--p 0003c000 08:02 13447                      /lib/x86_64-linux-gnu/libpcre.so.3.13.1
7f5bc9800000-7f5bc9801000 rw-p 0003d000 08:02 13447                      /lib/x86_64-linux-gnu/libpcre.so.3.13.1
7f5bc9801000-7f5bc9808000 r-xp 00000000 08:02 21389                      /usr/lib/x86_64-linux-gnu/libffi.so.6.0.1
7f5bc9808000-7f5bc9a07000 ---p 00007000 08:02 21389                      /usr/lib/x86_64-linux-gnu/libffi.so.6.0.1
7f5bc9a07000-7f5bc9a08000 r--p 00006000 08:02 21389                      /usr/lib/x86_64-linux-gnu/libffi.so.6.0.1
7f5bc9a08000-7f5bc9a09000 rw-p 00007000 08:02 21389                      /usr/lib/x86_64-linux-gnu/libffi.so.6.0.1
7f5bc9a09000-7f5bc9a20000 r-xp 00000000 08:02 3147                       /lib/x86_64-linux-gnu/libresolv-2.19.so
7f5bc9a20000-7f5bc9c20000 ---p 00017000 08:02 3147                       /lib/x86_64-linux-gnu/libresolv-2.19.so
7f5bc9c20000-7f5bc9c21000 r--p 00017000 08:02 3147                       /lib/x86_64-linux-gnu/libresolv-2.19.so
7f5bc9c21000-7f5bc9c22000 rw-p 00018000 08:02 3147                       /lib/x86_64-linux-gnu/libresolv-2.19.so
7f5bc9c22000-7f5bc9c24000 rw-p 00000000 00:00 0 
7f5bc9c24000-7f5bc9c44000 r-xp 00000000 08:02 13524                      /lib/x86_64-linux-gnu/libselinux.so.1
7f5bc9c44000-7f5bc9e43000 ---p 00020000 08:02 13524                      /lib/x86_64-linux-gnu/libselinux.so.1
7f5bc9e43000-7f5bc9e44000 r--p 0001f000 08:02 13524                      /lib/x86_64-linux-gnu/libselinux.so.1
7f5bc9e44000-7f5bc9e45000 rw-p 00020000 08:02 13524                      /lib/x86_64-linux-gnu/libselinux.so.1
7f5bc9e45000-7f5bc9e47000 rw-p 00000000 00:00 0 
7f5bc9e47000-7f5bc9e4a000 r-xp 00000000 08:02 28550                      /usr/lib/x86_64-linux-gnu/libgmodule-2.0.so.0.4002.0
7f5bc9e4a000-7f5bca049000 ---p 00003000 08:02 28550                      /usr/lib/x86_64-linux-gnu/libgmodule-2.0.so.0.4002.0
7f5bca049000-7f5bca04a000 r--p 00002000 08:02 28550                      /usr/lib/x86_64-linux-gnu/libgmodule-2.0.so.0.4002.0
7f5bca04a000-7f5bca04b000 rw-p 00003000 08:02 28550                      /usr/lib/x86_64-linux-gnu/libgmodule-2.0.so.0.4002.0
7f5bca04b000-7f5bca151000 r-xp 00000000 08:02 13425                      /lib/x86_64-linux-gnu/libglib-2.0.so.0.4002.0
7f5bca151000-7f5bca350000 ---p 00106000 08:02 13425                      /lib/x86_64-linux-gnu/libglib-2.0.so.0.4002.0
7f5bca350000-7f5bca351000 r--p 00105000 08:02 13425                      /lib/x86_64-linux-gnu/libglib-2.0.so.0.4002.0
7f5bca351000-7f5bca352000 rw-p 00106000 08:02 13425                      /lib/x86_64-linux-gnu/libglib-2.0.so.0.4002.0
7f5bca352000-7f5bca353000 rw-p 00000000 00:00 0 
7f5bca353000-7f5bca3a2000 r-xp 00000000 08:02 28566                      /usr/lib/x86_64-linux-gnu/libgobject-2.0.so.0.4002.0
7f5bca3a2000-7f5bca5a2000 ---p 0004f000 08:02 28566                      /usr/lib/x86_64-linux-gnu/libgobject-2.0.so.0.4002.0
7f5bca5a2000-7f5bca5a3000 r--p 0004f000 08:02 28566                      /usr/lib/x86_64-linux-gnu/libgobject-2.0.so.0.4002.0
7f5bca5a3000-7f5bca5a4000 rw-p 00050000 08:02 28566                      /usr/lib/x86_64-linux-gnu/libgobject-2.0.so.0.4002.0
7f5bca5a4000-7f5bca710000 r-xp 00000000 08:02 28538                      /usr/lib/x86_64-linux-gnu/libgio-2.0.so.0.4002.0
7f5bca710000-7f5bca90f000 ---p 0016c000 08:02 28538                      /usr/lib/x86_64-linux-gnu/libgio-2.0.so.0.4002.0
7f5bca90f000-7f5bca913000 r--p 0016b000 08:02 28538                      /usr/lib/x86_64-linux-gnu/libgio-2.0.so.0.4002.0
7f5bca913000-7f5bca915000 rw-p 0016f000 08:02 28538                      /usr/lib/x86_64-linux-gnu/libgio-2.0.so.0.4002.0
7f5bca915000-7f5bca917000 rw-p 00000000 00:00 0 
7f5bca917000-7f5bca918000 r--s 00002000 08:02 28186655                   /home/ivan/tools/android/android-studio/gradle/gradle-2.8/lib/plugins/wagon-http-2.4.jar
7f5bca918000-7f5bca919000 r--s 00003000 08:02 28186653                   /home/ivan/tools/android/android-studio/gradle/gradle-2.8/lib/plugins/aether-spi-1.13.1.jar
7f5bca919000-7f5bca91a000 r--s 00006000 08:02 28186623                   /home/ivan/tools/android/android-studio/gradle/gradle-2.8/lib/plugins/plexus-sec-dispatcher-1.3.jar
7f5bca91a000-7f5bca91f000 r--s 0002a000 08:02 28186689                   /home/ivan/tools/android/android-studio/gradle/gradle-2.8/lib/plugins/gson-2.2.4.jar
7f5bca91f000-7f5bca93b000 r--s 000ca000 08:02 28182198                   /home/ivan/tools/android/android-studio/gradle/gradle-2.8/lib/plugins/gradle-dependency-management-2.8.jar
7f5bca93b000-7f5bca952000 r-xp 00000000 08:02 2625929                    /usr/lib/jvm/java-7-openjdk-amd64/jre/lib/amd64/libnet.so
7f5bca952000-7f5bcab51000 ---p 00017000 08:02 2625929                    /usr/lib/jvm/java-7-openjdk-amd64/jre/lib/amd64/libnet.so
7f5bcab51000-7f5bcab52000 r--p 00016000 08:02 2625929                    /usr/lib/jvm/java-7-openjdk-amd64/jre/lib/amd64/libnet.so
7f5bcab52000-7f5bcab53000 rw-p 00017000 08:02 2625929                    /usr/lib/jvm/java-7-openjdk-amd64/jre/lib/amd64/libnet.so
7f5bcab53000-7f5bcab54000 r--s 00006000 08:02 28186664                   /home/ivan/tools/android/android-studio/gradle/gradle-2.8/lib/gradle-wrapper-2.8.jar
7f5bcab54000-7f5bcab5f000 r--s 0003a000 08:02 28186669                   /home/ivan/tools/android/android-studio/gradle/gradle-2.8/lib/gradle-tooling-api-2.8.jar
7f5bcab5f000-7f5bcab61000 r--s 00002000 08:02 28186661                   /home/ivan/tools/android/android-studio/gradle/gradle-2.8/lib/gradle-open-api-2.8.jar
7f5bcab61000-7f5bcab67000 r--s 00032000 08:02 28186736                   /home/ivan/tools/android/android-studio/gradle/gradle-2.8/lib/jaxen-1.1.jar
7f5bcab67000-7f5bcab72000 r--s 00059000 08:02 28186665                   /home/ivan/tools/android/android-studio/gradle/gradle-2.8/lib/gradle-ui-2.8.jar
7f5bcab72000-7f5bcabe1000 r--s 0063e000 08:02 28186667                   /home/ivan/tools/android/android-studio/gradle/gradle-2.8/lib/groovy-all-2.4.4.jar
7f5bcabe1000-7f5bcabe2000 ---p 00000000 00:00 0 
7f5bcabe2000-7f5bcace2000 rw-p 00000000 00:00 0                          [stack:20098]
7f5bcace2000-7f5bcace5000 ---p 00000000 00:00 0 
7f5bcace5000-7f5bcade3000 rw-p 00000000 00:00 0                          [stack:20097]
7f5bcade3000-7f5bcade6000 ---p 00000000 00:00 0 
7f5bcade6000-7f5bcaee4000 rw-p 00000000 00:00 0                          [stack:20096]
7f5bcaee4000-7f5bcaee7000 ---p 00000000 00:00 0 
7f5bcaee7000-7f5bcafe5000 rw-p 00000000 00:00 0                          [stack:20095]
7f5bcafe5000-7f5bcafe8000 ---p 00000000 00:00 0 
7f5bcafe8000-7f5bcb0e6000 rw-p 00000000 00:00 0                          [stack:20094]
7f5bcb0e6000-7f5bcb8f9000 r--p 00000000 08:02 27195                      /usr/lib/locale/locale-archive
7f5bcb8f9000-7f5bcb8fc000 ---p 00000000 00:00 0 
7f5bcb8fc000-7f5bcb9fa000 rw-p 00000000 00:00 0                          [stack:20093]
7f5bcb9fa000-7f5bcb9fd000 ---p 00000000 00:00 0 
7f5bcb9fd000-7f5bcbafb000 rw-p 00000000 00:00 0                          [stack:20092]
7f5bcbafb000-7f5bcbafc000 ---p 00000000 00:00 0 
7f5bcbafc000-7f5bcc000000 rw-p 00000000 00:00 0                          [stack:20091]
7f5bcc000000-7f5bcc030000 rw-p 00000000 00:00 0 
7f5bcc030000-7f5bd0000000 ---p 00000000 00:00 0 
7f5bd0000000-7f5bd0021000 rw-p 00000000 00:00 0 
7f5bd0021000-7f5bd4000000 ---p 00000000 00:00 0 
7f5bd4000000-7f5bd4021000 rw-p 00000000 00:00 0 
7f5bd4021000-7f5bd8000000 ---p 00000000 00:00 0 
7f5bd8000000-7f5bd8005000 r--s 00048000 08:02 28186756                   /home/ivan/tools/android/android-studio/gradle/gradle-2.8/lib/dom4j-1.6.1.jar
7f5bd8005000-7f5bd8008000 r--s 00008000 08:02 28186666                   /home/ivan/tools/android/android-studio/gradle/gradle-2.8/lib/gradle-resources-2.8.jar
7f5bd8008000-7f5bd800a000 r--s 00007000 08:02 28186753                   /home/ivan/tools/android/android-studio/gradle/gradle-2.8/lib/objenesis-1.2.jar
7f5bd800a000-7f5bd800c000 r--s 00000000 08:02 28186754                   /home/ivan/tools/android/android-studio/gradle/gradle-2.8/lib/minlog-1.2.jar
7f5bd800c000-7f5bd800e000 r--s 0000f000 08:02 28186686                   /home/ivan/tools/android/android-studio/gradle/gradle-2.8/lib/reflectasm-1.07-shaded.jar
7f5bd800e000-7f5bd8012000 r--s 00026000 08:02 28186735                   /home/ivan/tools/android/android-studio/gradle/gradle-2.8/lib/kryo-2.20.jar
7f5bd8012000-7f5bd801b000 r--s 0003f000 08:02 28186668                   /home/ivan/tools/android/android-studio/gradle/gradle-2.8/lib/gradle-messaging-2.8.jar
7f5bd801b000-7f5bd801c000 r--s 00003000 08:02 28186740                   /home/ivan/tools/android/android-studio/gradle/gradle-2.8/lib/native-platform-freebsd-amd64-0.10.jar
7f5bd801c000-7f5bd801d000 r--s 00003000 08:02 28186734                   /home/ivan/tools/android/android-studio/gradle/gradle-2.8/lib/native-platform-freebsd-i386-0.10.jar
7f5bd801d000-7f5bd801e000 r--s 00005000 08:02 28186751                   /home/ivan/tools/android/android-studio/gradle/gradle-2.8/lib/native-platform-windows-i386-0.10.jar
7f5bd801e000-7f5bd801f000 r--s 00005000 08:02 28186737                   /home/ivan/tools/android/android-studio/gradle/gradle-2.8/lib/native-platform-windows-amd64-0.10.jar
7f5bd801f000-7f5bd8020000 r--s 00003000 08:02 28186741                   /home/ivan/tools/android/android-studio/gradle/gradle-2.8/lib/native-platform-linux-i386-0.10.jar
7f5bd8020000-7f5bd8021000 r--s 00003000 08:02 28186749                   /home/ivan/tools/android/android-studio/gradle/gradle-2.8/lib/native-platform-linux-amd64-0.10.jar
7f5bd8021000-7f5bd8022000 r--s 00002000 08:02 28186688                   /home/ivan/tools/android/android-studio/gradle/gradle-2.8/lib/native-platform-osx-amd64-0.10.jar
7f5bd8022000-7f5bd8023000 r--s 00002000 08:02 28186758                   /home/ivan/tools/android/android-studio/gradle/gradle-2.8/lib/native-platform-osx-i386-0.10.jar
7f5bd8023000-7f5bd8025000 r--s 00008000 08:02 28186739                   /home/ivan/tools/android/android-studio/gradle/gradle-2.8/lib/jansi-1.2.1.jar
7f5bd8025000-7f5bd8028000 r--s 0000d000 08:02 28186747                   /home/ivan/tools/android/android-studio/gradle/gradle-2.8/lib/native-platform-0.10.jar
7f5bd8028000-7f5bd802c000 r--s 000e4000 08:02 28186752                   /home/ivan/tools/android/android-studio/gradle/gradle-2.8/lib/jna-3.2.7.jar
7f5bd802c000-7f5bd802e000 r--s 00008000 08:02 28182189                   /home/ivan/tools/android/android-studio/gradle/gradle-2.8/lib/gradle-native-2.8.jar
7f5bd802e000-7f5bd8030000 r--s 00005000 08:02 28186660                   /home/ivan/tools/android/android-studio/gradle/gradle-2.8/lib/gradle-cli-2.8.jar
7f5bd8030000-7f5bd8031000 r--s 00007000 08:02 28186662                   /home/ivan/tools/android/android-studio/gradle/gradle-2.8/lib/gradle-model-groovy-2.8.jar
7f5bd8031000-7f5bd8032000 r--s 00006000 08:02 28186675                   /home/ivan/tools/android/android-studio/gradle/gradle-2.8/lib/gradle-base-services-groovy-2.8.jar
7f5bd8032000-7f5bd803e000 r--s 00067000 08:02 28186673                   /home/ivan/tools/android/android-studio/gradle/gradle-2.8/lib/gradle-model-core-2.8.jar
7f5bd803e000-7f5bd803f000 r--s 00000000 08:02 28186671                   /home/ivan/tools/android/android-studio/gradle/gradle-2.8/lib/gradle-docs-2.8.jar
7f5bd803f000-7f5bd8041000 r--s 00003000 08:02 28186738                   /home/ivan/tools/android/android-studio/gradle/gradle-2.8/lib/jcl-over-slf4j-1.7.10.jar
7f5bd8041000-7f5bd8042000 r--s 00005000 08:02 28186733                   /home/ivan/tools/android/android-studio/gradle/gradle-2.8/lib/log4j-over-slf4j-1.7.10.jar
7f5bd8042000-7f5bd8043000 r--s 00000000 08:02 28186745                   /home/ivan/tools/android/android-studio/gradle/gradle-2.8/lib/javax.inject-1.jar
7f5bd8043000-7f5bd8046000 r--s 0001b000 08:02 28186687                   /home/ivan/tools/android/android-studio/gradle/gradle-2.8/lib/jarjar-1.3.jar
7f5bd8046000-7f5bd8048000 r--s 00000000 08:02 28186742                   /home/ivan/tools/android/android-studio/gradle/gradle-2.8/lib/jul-to-slf4j-1.7.10.jar
7f5bd8048000-7f5bd8049000 r--s 00000000 08:02 28186757                   /home/ivan/tools/android/android-studio/gradle/gradle-2.8/lib/jcip-annotations-1.0.jar
7f5bd8049000-7f5bd804c000 r--s 00018000 08:02 28186744                   /home/ivan/tools/android/android-studio/gradle/gradle-2.8/lib/commons-io-1.4.jar
7f5bd804c000-7f5bd805a000 r--s 0007f000 08:02 28186743                   /home/ivan/tools/android/android-studio/gradle/gradle-2.8/lib/commons-collections-3.2.1.jar
7f5bd805a000-7f5bd805f000 r--s 00036000 08:02 28186750                   /home/ivan/tools/android/android-studio/gradle/gradle-2.8/lib/asm-all-5.0.3.jar
7f5bd805f000-7f5bd8064000 r--s 00041000 08:02 28186748                   /home/ivan/tools/android/android-studio/gradle/gradle-2.8/lib/commons-lang-2.6.jar
7f5bd8064000-7f5bd808c000 r--s 001cf000 08:02 28186746                   /home/ivan/tools/android/android-studio/gradle/gradle-2.8/lib/guava-jdk5-17.0.jar
7f5bd808c000-7f5bd808d000 r--s 00007000 08:02 28186755                   /home/ivan/tools/android/android-studio/gradle/gradle-2.8/lib/slf4j-api-1.7.10.jar
7f5bd808d000-7f5bd808e000 r--s 00004000 08:02 28186663                   /home/ivan/tools/android/android-studio/gradle/gradle-2.8/lib/ant-launcher-1.9.3.jar
7f5bd808e000-7f5bd80ad000 r--s 001cc000 08:02 28186672                   /home/ivan/tools/android/android-studio/gradle/gradle-2.8/lib/ant-1.9.3.jar
7f5bd80ad000-7f5bd80e3000 r--s 001b5000 08:02 28182188                   /home/ivan/tools/android/android-studio/gradle/gradle-2.8/lib/gradle-core-2.8.jar
7f5bd80e3000-7f5bd80ed000 r--s 0004a000 08:02 28186670                   /home/ivan/tools/android/android-studio/gradle/gradle-2.8/lib/gradle-launcher-2.8.jar
7f5bd80ed000-7f5bd8c9d000 rw-p 00000000 00:00 0 
7f5bd8c9d000-7f5bd8e4f000 r--s 01d2f000 08:02 2625893                    /usr/lib/jvm/java-7-openjdk-amd64/jre/lib/rt.jar
7f5bd8e4f000-7f5bdb9a0000 rw-p 00000000 00:00 0 
7f5bdb9a0000-7f5bdb9a1000 ---p 00000000 00:00 0 
7f5bdb9a1000-7f5bdbaa1000 rw-p 00000000 00:00 0                          [stack:20090]
7f5bdbaa1000-7f5bdbaa2000 ---p 00000000 00:00 0 
7f5bdbaa2000-7f5bdbba2000 rw-p 00000000 00:00 0                          [stack:20089]
7f5bdbba2000-7f5bdbba3000 ---p 00000000 00:00 0 
7f5bdbba3000-7f5bdbca3000 rw-p 00000000 00:00 0                          [stack:20088]
7f5bdbca3000-7f5bdbca4000 ---p 00000000 00:00 0 
7f5bdbca4000-7f5bdbdcd000 rw-p 00000000 00:00 0                          [stack:20087]
7f5bdbdcd000-7f5bdbefa000 rw-p 00000000 00:00 0 
7f5bdbefa000-7f5bdbf0d000 rw-p 00000000 00:00 0 
7f5bdbf0d000-7f5bdbf7a000 rw-p 00000000 00:00 0 
7f5bdbf7a000-7f5bdbfa3000 rw-p 00000000 00:00 0 
7f5bdbfa3000-7f5bdc0cf000 rw-p 00000000 00:00 0 
7f5bdc0cf000-7f5bdc11b000 rw-p 00000000 00:00 0 
7f5bdc11b000-7f5bdc17a000 rw-p 00000000 00:00 0 
7f5bdc17a000-7f5bdc17b000 rw-p 00000000 00:00 0 
7f5bdc17b000-7f5bdc4eb000 rwxp 00000000 00:00 0 
7f5bdc4eb000-7f5bdf17b000 rw-p 00000000 00:00 0 
7f5bdf17b000-7f5bdf183000 r-xp 00000000 08:02 2625902                    /usr/lib/jvm/java-7-openjdk-amd64/jre/lib/amd64/libzip.so
7f5bdf183000-7f5bdf382000 ---p 00008000 08:02 2625902                    /usr/lib/jvm/java-7-openjdk-amd64/jre/lib/amd64/libzip.so
7f5bdf382000-7f5bdf383000 r--p 00007000 08:02 2625902                    /usr/lib/jvm/java-7-openjdk-amd64/jre/lib/amd64/libzip.so
7f5bdf383000-7f5bdf384000 rw-p 00008000 08:02 2625902                    /usr/lib/jvm/java-7-openjdk-amd64/jre/lib/amd64/libzip.so
7f5bdf384000-7f5bdf38f000 r-xp 00000000 08:02 3187                       /lib/x86_64-linux-gnu/libnss_files-2.19.so
7f5bdf38f000-7f5bdf58e000 ---p 0000b000 08:02 3187                       /lib/x86_64-linux-gnu/libnss_files-2.19.so
7f5bdf58e000-7f5bdf58f000 r--p 0000a000 08:02 3187                       /lib/x86_64-linux-gnu/libnss_files-2.19.so
7f5bdf58f000-7f5bdf590000 rw-p 0000b000 08:02 3187                       /lib/x86_64-linux-gnu/libnss_files-2.19.so
7f5bdf590000-7f5bdf59b000 r-xp 00000000 08:02 3171                       /lib/x86_64-linux-gnu/libnss_nis-2.19.so
7f5bdf59b000-7f5bdf79a000 ---p 0000b000 08:02 3171                       /lib/x86_64-linux-gnu/libnss_nis-2.19.so
7f5bdf79a000-7f5bdf79b000 r--p 0000a000 08:02 3171                       /lib/x86_64-linux-gnu/libnss_nis-2.19.so
7f5bdf79b000-7f5bdf79c000 rw-p 0000b000 08:02 3171                       /lib/x86_64-linux-gnu/libnss_nis-2.19.so
7f5bdf79c000-7f5bdf7b3000 r-xp 00000000 08:02 3163                       /lib/x86_64-linux-gnu/libnsl-2.19.so
7f5bdf7b3000-7f5bdf9b2000 ---p 00017000 08:02 3163                       /lib/x86_64-linux-gnu/libnsl-2.19.so
7f5bdf9b2000-7f5bdf9b3000 r--p 00016000 08:02 3163                       /lib/x86_64-linux-gnu/libnsl-2.19.so
7f5bdf9b3000-7f5bdf9b4000 rw-p 00017000 08:02 3163                       /lib/x86_64-linux-gnu/libnsl-2.19.so
7f5bdf9b4000-7f5bdf9b6000 rw-p 00000000 00:00 0 
7f5bdf9b6000-7f5bdf9bf000 r-xp 00000000 08:02 3161                       /lib/x86_64-linux-gnu/libnss_compat-2.19.so
7f5bdf9bf000-7f5bdfbbe000 ---p 00009000 08:02 3161                       /lib/x86_64-linux-gnu/libnss_compat-2.19.so
7f5bdfbbe000-7f5bdfbbf000 r--p 00008000 08:02 3161                       /lib/x86_64-linux-gnu/libnss_compat-2.19.so
7f5bdfbbf000-7f5bdfbc0000 rw-p 00009000 08:02 3161                       /lib/x86_64-linux-gnu/libnss_compat-2.19.so
7f5bdfbc0000-7f5bdfbeb000 r-xp 00000000 08:02 2625925                    /usr/lib/jvm/java-7-openjdk-amd64/jre/lib/amd64/libjava.so
7f5bdfbeb000-7f5bdfdeb000 ---p 0002b000 08:02 2625925                    /usr/lib/jvm/java-7-openjdk-amd64/jre/lib/amd64/libjava.so
7f5bdfdeb000-7f5bdfdec000 r--p 0002b000 08:02 2625925                    /usr/lib/jvm/java-7-openjdk-amd64/jre/lib/amd64/libjava.so
7f5bdfdec000-7f5bdfdee000 rw-p 0002c000 08:02 2625925                    /usr/lib/jvm/java-7-openjdk-amd64/jre/lib/amd64/libjava.so
7f5bdfdee000-7f5bdfdfe000 r-xp 00000000 08:02 2625907                    /usr/lib/jvm/java-7-openjdk-amd64/jre/lib/amd64/libverify.so
7f5bdfdfe000-7f5bdfffd000 ---p 00010000 08:02 2625907                    /usr/lib/jvm/java-7-openjdk-amd64/jre/lib/amd64/libverify.so
7f5bdfffd000-7f5bdffff000 r--p 0000f000 08:02 2625907                    /usr/lib/jvm/java-7-openjdk-amd64/jre/lib/amd64/libverify.so
7f5bdffff000-7f5be0000000 rw-p 00011000 08:02 2625907                    /usr/lib/jvm/java-7-openjdk-amd64/jre/lib/amd64/libverify.so
7f5be0000000-7f5be0ad5000 rw-p 00000000 00:00 0 
7f5be0ad5000-7f5be4000000 ---p 00000000 00:00 0 
7f5be4000000-7f5be4007000 r--s 00032000 08:02 28186674                   /home/ivan/tools/android/android-studio/gradle/gradle-2.8/lib/gradle-base-services-2.8.jar
7f5be4007000-7f5be408b000 rw-p 00000000 00:00 0 
7f5be408b000-7f5be40f8000 rw-p 00000000 00:00 0 
7f5be40f8000-7f5be40ff000 r-xp 00000000 08:02 3179                       /lib/x86_64-linux-gnu/librt-2.19.so
7f5be40ff000-7f5be42fe000 ---p 00007000 08:02 3179                       /lib/x86_64-linux-gnu/librt-2.19.so
7f5be42fe000-7f5be42ff000 r--p 00006000 08:02 3179                       /lib/x86_64-linux-gnu/librt-2.19.so
7f5be42ff000-7f5be4300000 rw-p 00007000 08:02 3179                       /lib/x86_64-linux-gnu/librt-2.19.so
7f5be4300000-7f5be4316000 r-xp 00000000 08:02 3455                       /lib/x86_64-linux-gnu/libgcc_s.so.1
7f5be4316000-7f5be4515000 ---p 00016000 08:02 3455                       /lib/x86_64-linux-gnu/libgcc_s.so.1
7f5be4515000-7f5be4516000 r--p 00015000 08:02 3455                       /lib/x86_64-linux-gnu/libgcc_s.so.1
7f5be4516000-7f5be4517000 rw-p 00016000 08:02 3455                       /lib/x86_64-linux-gnu/libgcc_s.so.1
7f5be4517000-7f5be461c000 r-xp 00000000 08:02 3151                       /lib/x86_64-linux-gnu/libm-2.19.so
7f5be461c000-7f5be481b000 ---p 00105000 08:02 3151                       /lib/x86_64-linux-gnu/libm-2.19.so
7f5be481b000-7f5be481c000 r--p 00104000 08:02 3151                       /lib/x86_64-linux-gnu/libm-2.19.so
7f5be481c000-7f5be481d000 rw-p 00105000 08:02 3151                       /lib/x86_64-linux-gnu/libm-2.19.so
7f5be481d000-7f5be490a000 r-xp 00000000 08:02 9486                       /usr/lib/x86_64-linux-gnu/libstdc++.so.6.0.20
7f5be490a000-7f5be4b0a000 ---p 000ed000 08:02 9486                       /usr/lib/x86_64-linux-gnu/libstdc++.so.6.0.20
7f5be4b0a000-7f5be4b12000 r--p 000ed000 08:02 9486                       /usr/lib/x86_64-linux-gnu/libstdc++.so.6.0.20
7f5be4b12000-7f5be4b14000 rw-p 000f5000 08:02 9486                       /usr/lib/x86_64-linux-gnu/libstdc++.so.6.0.20
7f5be4b14000-7f5be4b29000 rw-p 00000000 00:00 0 
7f5be4b29000-7f5be564e000 r-xp 00000000 08:02 2625903                    /usr/lib/jvm/java-7-openjdk-amd64/jre/lib/amd64/server/libjvm.so
7f5be564e000-7f5be584e000 ---p 00b25000 08:02 2625903                    /usr/lib/jvm/java-7-openjdk-amd64/jre/lib/amd64/server/libjvm.so
7f5be584e000-7f5be58e8000 r--p 00b25000 08:02 2625903                    /usr/lib/jvm/java-7-openjdk-amd64/jre/lib/amd64/server/libjvm.so
7f5be58e8000-7f5be590b000 rw-p 00bbf000 08:02 2625903                    /usr/lib/jvm/java-7-openjdk-amd64/jre/lib/amd64/server/libjvm.so
7f5be590b000-7f5be5939000 rw-p 00000000 00:00 0 
7f5be5939000-7f5be5951000 r-xp 00000000 08:02 13550                      /lib/x86_64-linux-gnu/libz.so.1.2.8
7f5be5951000-7f5be5b50000 ---p 00018000 08:02 13550                      /lib/x86_64-linux-gnu/libz.so.1.2.8
7f5be5b50000-7f5be5b51000 r--p 00017000 08:02 13550                      /lib/x86_64-linux-gnu/libz.so.1.2.8
7f5be5b51000-7f5be5b52000 rw-p 00018000 08:02 13550                      /lib/x86_64-linux-gnu/libz.so.1.2.8
7f5be5b52000-7f5be5b6b000 r-xp 00000000 08:02 3165                       /lib/x86_64-linux-gnu/libpthread-2.19.so
7f5be5b6b000-7f5be5d6a000 ---p 00019000 08:02 3165                       /lib/x86_64-linux-gnu/libpthread-2.19.so
7f5be5d6a000-7f5be5d6b000 r--p 00018000 08:02 3165                       /lib/x86_64-linux-gnu/libpthread-2.19.so
7f5be5d6b000-7f5be5d6c000 rw-p 00019000 08:02 3165                       /lib/x86_64-linux-gnu/libpthread-2.19.so
7f5be5d6c000-7f5be5d70000 rw-p 00000000 00:00 0 
7f5be5d70000-7f5be5d73000 r-xp 00000000 08:02 3155                       /lib/x86_64-linux-gnu/libdl-2.19.so
7f5be5d73000-7f5be5f72000 ---p 00003000 08:02 3155                       /lib/x86_64-linux-gnu/libdl-2.19.so
7f5be5f72000-7f5be5f73000 r--p 00002000 08:02 3155                       /lib/x86_64-linux-gnu/libdl-2.19.so
7f5be5f73000-7f5be5f74000 rw-p 00003000 08:02 3155                       /lib/x86_64-linux-gnu/libdl-2.19.so
7f5be5f74000-7f5be612f000 r-xp 00000000 08:02 3181                       /lib/x86_64-linux-gnu/libc-2.19.so
7f5be612f000-7f5be632e000 ---p 001bb000 08:02 3181                       /lib/x86_64-linux-gnu/libc-2.19.so
7f5be632e000-7f5be6332000 r--p 001ba000 08:02 3181                       /lib/x86_64-linux-gnu/libc-2.19.so
7f5be6332000-7f5be6334000 rw-p 001be000 08:02 3181                       /lib/x86_64-linux-gnu/libc-2.19.so
7f5be6334000-7f5be6339000 rw-p 00000000 00:00 0 
7f5be6339000-7f5be6346000 r-xp 00000000 08:02 2625897                    /usr/lib/jvm/java-7-openjdk-amd64/jre/lib/amd64/jli/libjli.so
7f5be6346000-7f5be6545000 ---p 0000d000 08:02 2625897                    /usr/lib/jvm/java-7-openjdk-amd64/jre/lib/amd64/jli/libjli.so
7f5be6545000-7f5be6546000 r--p 0000c000 08:02 2625897                    /usr/lib/jvm/java-7-openjdk-amd64/jre/lib/amd64/jli/libjli.so
7f5be6546000-7f5be6547000 rw-p 0000d000 08:02 2625897                    /usr/lib/jvm/java-7-openjdk-amd64/jre/lib/amd64/jli/libjli.so
7f5be6547000-7f5be656a000 r-xp 00000000 08:02 3167                       /lib/x86_64-linux-gnu/ld-2.19.so
7f5be656a000-7f5be656e000 r--s 00034000 08:02 2625935                    /usr/lib/jvm/java-7-openjdk-amd64/jre/lib/ext/sunjce_provider.jar
7f5be656e000-7f5be6570000 r--s 00012000 08:02 2625936                    /usr/lib/jvm/java-7-openjdk-amd64/jre/lib/ext/zipfs.jar
7f5be6570000-7f5be6573000 r--s 0000f000 08:02 2625939                    /usr/lib/jvm/java-7-openjdk-amd64/jre/lib/ext/icedtea-sound.jar
7f5be6573000-7f5be6577000 r--s 0003c000 08:02 2625937                    /usr/lib/jvm/java-7-openjdk-amd64/jre/lib/ext/sunpkcs11.jar
7f5be6577000-7f5be6579000 r--s 00006000 08:02 5674                       /usr/share/java/java-atk-wrapper.jar
7f5be6579000-7f5be657d000 r--s 00085000 08:02 2625934                    /usr/lib/jvm/java-7-openjdk-amd64/jre/lib/ext/localedata.jar
7f5be657d000-7f5be658b000 rw-p 00000000 00:00 0 
7f5be658b000-7f5be663d000 rw-p 00000000 00:00 0 
7f5be663d000-7f5be6640000 ---p 00000000 00:00 0 
7f5be6640000-7f5be6743000 rw-p 00000000 00:00 0                          [stack:20085]
7f5be6743000-7f5be6744000 r--s 00002000 08:02 2625938                    /usr/lib/jvm/java-7-openjdk-amd64/jre/lib/ext/dnsns.jar
7f5be6744000-7f5be675d000 rw-p 00000000 00:00 0 
7f5be675d000-7f5be6765000 rw-s 00000000 08:02 1315528                    /tmp/hsperfdata_ivan/20083
7f5be6765000-7f5be6766000 rw-p 00000000 00:00 0 
7f5be6766000-7f5be6767000 r--p 00000000 00:00 0 
7f5be6767000-7f5be6769000 rw-p 00000000 00:00 0 
7f5be6769000-7f5be676a000 r--p 00022000 08:02 3167                       /lib/x86_64-linux-gnu/ld-2.19.so
7f5be676a000-7f5be676b000 rw-p 00023000 08:02 3167                       /lib/x86_64-linux-gnu/ld-2.19.so
7f5be676b000-7f5be676c000 rw-p 00000000 00:00 0 
7ffd61cd1000-7ffd61cf2000 rw-p 00000000 00:00 0                          [stack]
7ffd61d4e000-7ffd61d50000 r-xp 00000000 00:00 0                          [vdso]
7ffd61d50000-7ffd61d52000 r--p 00000000 00:00 0                          [vvar]
ffffffffff600000-ffffffffff601000 r-xp 00000000 00:00 0                  [vsyscall]

VM Arguments:
jvm_args: -XX:MaxPermSize=256m -XX:+HeapDumpOnOutOfMemoryError -Xmx1024m -Dfile.encoding=UTF-8 -Duser.country=UA -Duser.language=ru -Duser.variant 
java_command: org.gradle.launcher.daemon.bootstrap.GradleDaemon 2.8
Launcher Type: SUN_STANDARD

Environment Variables:
JAVA_HOME=/usr/lib/jvm/java-8-oracle
PATH=/usr/local/sbin:/usr/local/bin:/usr/sbin:/usr/bin:/sbin:/bin:/usr/games:/usr/local/games:/usr/lib/jvm/java-8-oracle/bin:/usr/lib/jvm/java-8-oracle/db/bin:/usr/lib/jvm/java-8-oracle/jre/bin
SHELL=/bin/bash
DISPLAY=:0

Signal Handlers:
SIGSEGV: [libjvm.so+0x955bc0], sa_mask[0]=0x7ffbfeff, sa_flags=0x10000004
SIGBUS: [libjvm.so+0x955bc0], sa_mask[0]=0x7ffbfeff, sa_flags=0x10000004
SIGFPE: [libjvm.so+0x7caff0], sa_mask[0]=0x7ffbfeff, sa_flags=0x10000004
SIGPIPE: SIG_IGN, sa_mask[0]=0x00000000, sa_flags=0x00000000
SIGXFSZ: [libjvm.so+0x7caff0], sa_mask[0]=0x7ffbfeff, sa_flags=0x10000004
SIGILL: [libjvm.so+0x7caff0], sa_mask[0]=0x7ffbfeff, sa_flags=0x10000004
SIGUSR1: SIG_DFL, sa_mask[0]=0x00000000, sa_flags=0x00000000
SIGUSR2: [libjvm.so+0x7cae90], sa_mask[0]=0x00000004, sa_flags=0x10000004
SIGHUP: [libjvm.so+0x7cb070], sa_mask[0]=0x7ffbfeff, sa_flags=0x10000004
SIGINT: [libjvm.so+0x7cb070], sa_mask[0]=0x7ffbfeff, sa_flags=0x10000004
SIGTERM: [libjvm.so+0x7cb070], sa_mask[0]=0x7ffbfeff, sa_flags=0x10000004
SIGQUIT: [libjvm.so+0x7cb070], sa_mask[0]=0x7ffbfeff, sa_flags=0x10000004
SIGTRAP: SIG_DFL, sa_mask[0]=0x00000000, sa_flags=0x00000000


---------------  S Y S T E M  ---------------

OS:Ubuntu 14.04 (trusty)
uname:Linux 3.16.0-67-generic #87~14.04.1-Ubuntu SMP Fri Mar 11 00:26:02 UTC 2016 x86_64
libc:glibc 2.19 NPTL 2.19 
rlimit: STACK 8192k, CORE 0k, NPROC 30693, NOFILE 4096, AS infinity
load average:5,26 3,66 2,56

/proc/meminfo:
MemTotal:        8059688 kB
MemFree:         1503640 kB
MemAvailable:    2914188 kB
Buffers:          111692 kB
Cached:          1359584 kB
SwapCached:         6364 kB
Active:          3144980 kB
Inactive:        1497944 kB
Active(anon):    2390924 kB
Inactive(anon):   893352 kB
Active(file):     754056 kB
Inactive(file):   604592 kB
Unevictable:          88 kB
Mlocked:              88 kB
SwapTotal:       4075516 kB
SwapFree:        3923492 kB
Dirty:              7248 kB
Writeback:             0 kB
AnonPages:       3166680 kB
Mapped:          1114164 kB
Shmem:            112572 kB
Slab:             364076 kB
SReclaimable:     305304 kB
SUnreclaim:        58772 kB
KernelStack:       12192 kB
PageTables:        60076 kB
NFS_Unstable:          0 kB
Bounce:                0 kB
WritebackTmp:          0 kB
CommitLimit:     8105360 kB
Committed_AS:   10067364 kB
VmallocTotal:   34359738367 kB
VmallocUsed:      397452 kB
VmallocChunk:   34359314996 kB
HardwareCorrupted:     0 kB
AnonHugePages:   1048576 kB
HugePages_Total:       0
HugePages_Free:        0
HugePages_Rsvd:        0
HugePages_Surp:        0
Hugepagesize:       2048 kB
DirectMap4k:     1109956 kB
DirectMap2M:     7161856 kB


CPU:total 4 (2 cores per cpu, 2 threads per core) family 6 model 58 stepping 9, cmov, cx8, fxsr, mmx, sse, sse2, sse3, ssse3, sse4.1, sse4.2, popcnt, avx, erms, ht, tsc, tscinvbit, tscinv

/proc/cpuinfo:
processor	: 0
vendor_id	: GenuineIntel
cpu family	: 6
model		: 58
model name	: Intel(R) Core(TM) i3-3217U CPU @ 1.80GHz
stepping	: 9
microcode	: 0x15
cpu MHz		: 1800.000
cache size	: 3072 KB
physical id	: 0
siblings	: 4
core id		: 0
cpu cores	: 2
apicid		: 0
initial apicid	: 0
fpu		: yes
fpu_exception	: yes
cpuid level	: 13
wp		: yes
flags		: fpu vme de pse tsc msr pae mce cx8 apic sep mtrr pge mca cmov pat pse36 clflush dts acpi mmx fxsr sse sse2 ss ht tm pbe syscall nx rdtscp lm constant_tsc arch_perfmon pebs bts rep_good nopl xtopology nonstop_tsc aperfmperf eagerfpu pni pclmulqdq dtes64 monitor ds_cpl vmx est tm2 ssse3 cx16 xtpr pdcm pcid sse4_1 sse4_2 x2apic popcnt tsc_deadline_timer xsave avx f16c lahf_lm ida arat epb xsaveopt pln pts dtherm tpr_shadow vnmi flexpriority ept vpid fsgsbase smep erms
bogomips	: 3592.05
clflush size	: 64
cache_alignment	: 64
address sizes	: 36 bits physical, 48 bits virtual
power management:

processor	: 1
vendor_id	: GenuineIntel
cpu family	: 6
model		: 58
model name	: Intel(R) Core(TM) i3-3217U CPU @ 1.80GHz
stepping	: 9
microcode	: 0x15
cpu MHz		: 1800.000
cache size	: 3072 KB
physical id	: 0
siblings	: 4
core id		: 1
cpu cores	: 2
apicid		: 2
initial apicid	: 2
fpu		: yes
fpu_exception	: yes
cpuid level	: 13
wp		: yes
flags		: fpu vme de pse tsc msr pae mce cx8 apic sep mtrr pge mca cmov pat pse36 clflush dts acpi mmx fxsr sse sse2 ss ht tm pbe syscall nx rdtscp lm constant_tsc arch_perfmon pebs bts rep_good nopl xtopology nonstop_tsc aperfmperf eagerfpu pni pclmulqdq dtes64 monitor ds_cpl vmx est tm2 ssse3 cx16 xtpr pdcm pcid sse4_1 sse4_2 x2apic popcnt tsc_deadline_timer xsave avx f16c lahf_lm ida arat epb xsaveopt pln pts dtherm tpr_shadow vnmi flexpriority ept vpid fsgsbase smep erms
bogomips	: 3592.05
clflush size	: 64
cache_alignment	: 64
address sizes	: 36 bits physical, 48 bits virtual
power management:

processor	: 2
vendor_id	: GenuineIntel
cpu family	: 6
model		: 58
model name	: Intel(R) Core(TM) i3-3217U CPU @ 1.80GHz
stepping	: 9
microcode	: 0x15
cpu MHz		: 1800.000
cache size	: 3072 KB
physical id	: 0
siblings	: 4
core id		: 0
cpu cores	: 2
apicid		: 1
initial apicid	: 1
fpu		: yes
fpu_exception	: yes
cpuid level	: 13
wp		: yes
flags		: fpu vme de pse tsc msr pae mce cx8 apic sep mtrr pge mca cmov pat pse36 clflush dts acpi mmx fxsr sse sse2 ss ht tm pbe syscall nx rdtscp lm constant_tsc arch_perfmon pebs bts rep_good nopl xtopology nonstop_tsc aperfmperf eagerfpu pni pclmulqdq dtes64 monitor ds_cpl vmx est tm2 ssse3 cx16 xtpr pdcm pcid sse4_1 sse4_2 x2apic popcnt tsc_deadline_timer xsave avx f16c lahf_lm ida arat epb xsaveopt pln pts dtherm tpr_shadow vnmi flexpriority ept vpid fsgsbase smep erms
bogomips	: 3592.05
clflush size	: 64
cache_alignment	: 64
address sizes	: 36 bits physical, 48 bits virtual
power management:

processor	: 3
vendor_id	: GenuineIntel
cpu family	: 6
model		: 58
model name	: Intel(R) Core(TM) i3-3217U CPU @ 1.80GHz
stepping	: 9
microcode	: 0x15
cpu MHz		: 1800.000
cache size	: 3072 KB
physical id	: 0
siblings	: 4
core id		: 1
cpu cores	: 2
apicid		: 3
initial apicid	: 3
fpu		: yes
fpu_exception	: yes
cpuid level	: 13
wp		: yes
flags		: fpu vme de pse tsc msr pae mce cx8 apic sep mtrr pge mca cmov pat pse36 clflush dts acpi mmx fxsr sse sse2 ss ht tm pbe syscall nx rdtscp lm constant_tsc arch_perfmon pebs bts rep_good nopl xtopology nonstop_tsc aperfmperf eagerfpu pni pclmulqdq dtes64 monitor ds_cpl vmx est tm2 ssse3 cx16 xtpr pdcm pcid sse4_1 sse4_2 x2apic popcnt tsc_deadline_timer xsave avx f16c lahf_lm ida arat epb xsaveopt pln pts dtherm tpr_shadow vnmi flexpriority ept vpid fsgsbase smep erms
bogomips	: 3592.05
clflush size	: 64
cache_alignment	: 64
address sizes	: 36 bits physical, 48 bits virtual
power management:



Memory: 4k page, physical 8059688k(1503640k free), swap 4075516k(3923492k free)

vm_info: OpenJDK 64-Bit Server VM (24.95-b01) for linux-amd64 JRE (1.7.0_95-b00), built on Jan 21 2016 03:31:40 by "buildd" with gcc 4.8.4

time: Mon Apr 11 17:18:21 2016
elapsed time: 26 seconds

