#
# A fatal error has been detected by the Java Runtime Environment:
#
#  SIGSEGV (0xb) at pc=0x00007fa8ccd1fef3, pid=26240, tid=140362889492224
#
# JRE version: OpenJDK Runtime Environment (7.0_95) (build 1.7.0_95-b00)
# Java VM: OpenJDK 64-Bit Server VM (24.95-b01 mixed mode linux-amd64 compressed oops)
# Derivative: IcedTea 2.6.4
# Distribution: Ubuntu 14.04.3 LTS, package 7u95-2.6.4-0ubuntu0.14.04.1
# Problematic frame:
# V  [libjvm.so+0x71eef3]
#
# Failed to write core dump. Core dumps have been disabled. To enable core dumping, try "ulimit -c unlimited" before starting Java again
#
# If you would like to submit a bug report, please include
# instructions on how to reproduce the bug and visit:
#   http://icedtea.classpath.org/bugzilla
#

---------------  T H R E A D  ---------------

Current thread (0x00007fa8c40ac000):  JavaThread "C2 CompilerThread1" daemon [_thread_in_native, id=26253, stack(0x00007fa8c81af000,0x00007fa8c82b0000)]

siginfo:si_signo=SIGSEGV: si_errno=0, si_code=1 (SEGV_MAPERR), si_addr=0x00007fa090066be0

Registers:
RAX=0x00007fa090066bb8, RBX=0x0000000000000001, RCX=0x00007fa890066b98, RDX=0x0000000000000001
RSP=0x00007fa8c82ab000, RBP=0x00007fa8c82ab070, RSI=0x00007fa894713620, RDI=0x00007fa890066ba0
R8 =0x0000000000000031, R9 =0x0000000000000001, R10=0x00007fa894713620, R11=0x00007fa89014ee00
R12=0x0000000000000008, R13=0x00007fa8c82ac8d0, R14=0x00007fa890066a70, R15=0x00007fa890066b58
RIP=0x00007fa8ccd1fef3, EFLAGS=0x0000000000010283, CSGSFS=0x0000000000000033, ERR=0x0000000000000004
  TRAPNO=0x000000000000000e

Top of Stack: (sp=0x00007fa8c82ab000)
0x00007fa8c82ab000:   00007fa8c82ab020 00007fa8c82ab020
0x00007fa8c82ab010:   00007fa80000008d 00000257cc8ad528
0x00007fa8c82ab020:   0000093f0000008d 0000000000000000
0x00007fa8c82ab030:   0000000000000700 00007fa89014a400
0x00007fa8c82ab040:   00007fa8c82ab070 00007fa8c401c720
0x00007fa8c82ab050:   00007fa8c401c720 00007fa8c82ac8d0
0x00007fa8c82ab060:   00007fa8c401c720 00007fa894713590
0x00007fa8c82ab070:   00007fa8c82ab380 00007fa8ccd205cc
0x00007fa8c82ab080:   00007fa8c82ac888 01007fa890141600
0x00007fa8c82ab090:   0000000100000001 00007fa8c82ac8f0
0x00007fa8c82ab0a0:   00007fa800000000 0000000000038c08
0x00007fa8c82ab0b0:   00007fa890b3d638 00007fa890b356a0
0x00007fa8c82ab0c0:   00007fa8c82ab0d0 00007fa890b35650
0x00007fa8c82ab0d0:   00007fa8cd3be450 00007fa8c401c720
0x00007fa8c82ab0e0:   00007fa800000002 00007fa890b356a0
0x00007fa8c82ab0f0:   0000000000000000 0000000000010010
0x00007fa8c82ab100:   ffff805737d54e81 00007fa800001002
0x00007fa8c82ab110:   0000000000000400 00007fa800000430
0x00007fa8c82ab120:   00007fa8c82ab180 0000000000000080
0x00007fa8c82ab130:   000000db00000000 0000000000000010
0x00007fa8c82ab140:   0000000000000002 000000790000007e
0x00007fa8c82ab150:   0000000000000000 00007fa8c82ab17f
0x00007fa8c82ab160:   00007fa8c82abea0 00007fa890044580
0x00007fa8c82ab170:   00007fa80000007c 00007fa8ccba2640
0x00007fa8c82ab180:   00007fa8c82ab1e0 00007fa890252f70
0x00007fa8c82ab190:   00007fa890135d50 00007fa8cd3d04d0
0x00007fa8c82ab1a0:   00007fa8c82abea0 00007fa894000020
0x00007fa8c82ab1b0:   0000000000010010 0000000000000000
0x00007fa8c82ab1c0:   0000000000000000 0000000000010010
0x00007fa8c82ab1d0:   0000000000000000 00007fa894274010
0x00007fa8c82ab1e0:   00007fa8c82ab200 0000000000000b00
0x00007fa8c82ab1f0:   00007fa8c82ab250 00007fa8ccdc97de 

Instructions: (pc=0x00007fa8ccd1fef3)
0x00007fa8ccd1fed3:   85 c9 75 3a 41 8b 47 20 49 8b 4f 10 48 8d 3c c1
0x00007fa8ccd1fee3:   48 39 f9 73 29 0f 1f 84 00 00 00 00 00 48 8b 01
0x00007fa8ccd1fef3:   8b 40 28 8b 04 86 85 c0 74 0b a8 01 75 07 d1 e8
0x00007fa8ccd1ff03:   39 45 ac 7f 48 48 83 c1 08 48 39 f9 72 df 49 83 

Register to memory mapping:

RAX=0x00007fa090066bb8 is an unknown value
RBX=0x0000000000000001 is an unknown value
RCX=0x00007fa890066b98 is an unknown value
RDX=0x0000000000000001 is an unknown value
RSP=0x00007fa8c82ab000 is pointing into the stack for thread: 0x00007fa8c40ac000
RBP=0x00007fa8c82ab070 is pointing into the stack for thread: 0x00007fa8c40ac000
RSI=0x00007fa894713620 is an unknown value
RDI=0x00007fa890066ba0 is an unknown value
R8 =0x0000000000000031 is an unknown value
R9 =0x0000000000000001 is an unknown value
R10=0x00007fa894713620 is an unknown value
R11=0x00007fa89014ee00 is an unknown value
R12=0x0000000000000008 is an unknown value
R13=0x00007fa8c82ac8d0 is pointing into the stack for thread: 0x00007fa8c40ac000
R14=0x00007fa890066a70 is an unknown value
R15=0x00007fa890066b58 is an unknown value


Stack: [0x00007fa8c81af000,0x00007fa8c82b0000],  sp=0x00007fa8c82ab000,  free space=1008k
Native frames: (J=compiled Java code, j=interpreted, Vv=VM code, C=native code)
V  [libjvm.so+0x71eef3]
V  [libjvm.so+0x71f5cc]
V  [libjvm.so+0x441f6f]
V  [libjvm.so+0x443a6d]
V  [libjvm.so+0x3b1c7a]
V  [libjvm.so+0x449937]
V  [libjvm.so+0x44aa40]
V  [libjvm.so+0x907e50]
V  [libjvm.so+0x9080c1]
V  [libjvm.so+0x7cc682]


Current CompileTask:
C2:1685137 1372             com.sun.org.apache.xerces.internal.dom.ElementImpl::normalize (169 bytes)


---------------  P R O C E S S  ---------------

Java Threads: ( => current thread )
  0x00007fa8780fc000 JavaThread "Stdin handler" [_thread_blocked, id=9217, stack(0x00007fa8bc3de000,0x00007fa8bc4df000)]
  0x00007fa884006800 JavaThread "Cancel handler" [_thread_blocked, id=9214, stack(0x00007fa8bc6e8000,0x00007fa8bc7e9000)]
  0x00007fa88400a800 JavaThread "Handler for socket connection from /127.0.0.1:34183 to /127.0.0.1:42044" [_thread_in_native, id=9213, stack(0x00007fa8bc4e6000,0x00007fa8bc5e7000)]
  0x00007fa884003800 JavaThread "Daemon worker Thread 2" [_thread_in_Java, id=8961, stack(0x00007fa8bc5e7000,0x00007fa8bc6e8000)]
  0x00007fa880035000 JavaThread "Daemon Thread 2" [_thread_blocked, id=8958, stack(0x00007fa8bc7e9000,0x00007fa8bc8ea000)]
  0x00007fa87052b000 JavaThread "File lock request listener" [_thread_in_native, id=26266, stack(0x00007fa8bc238000,0x00007fa8bc339000)]
  0x00007fa8c4a6a000 JavaThread "Incoming local TCP Connector on port 34183" [_thread_in_native, id=26256, stack(0x00007fa8bc8ea000,0x00007fa8bc9eb000)]
  0x00007fa8c40ae800 JavaThread "Service Thread" daemon [_thread_blocked, id=26254, stack(0x00007fa8c80ae000,0x00007fa8c81af000)]
=>0x00007fa8c40ac000 JavaThread "C2 CompilerThread1" daemon [_thread_in_native, id=26253, stack(0x00007fa8c81af000,0x00007fa8c82b0000)]
  0x00007fa8c40a9000 JavaThread "C2 CompilerThread0" daemon [_thread_in_native, id=26252, stack(0x00007fa8c82b0000,0x00007fa8c83b1000)]
  0x00007fa8c40a7000 JavaThread "Signal Dispatcher" daemon [_thread_blocked, id=26251, stack(0x00007fa8c83b1000,0x00007fa8c84b2000)]
  0x00007fa8c407c000 JavaThread "Finalizer" daemon [_thread_blocked, id=26250, stack(0x00007fa8c8cc5000,0x00007fa8c8dc6000)]
  0x00007fa8c407a000 JavaThread "Reference Handler" daemon [_thread_blocked, id=26249, stack(0x00007fa8c8dc6000,0x00007fa8c8ec7000)]
  0x00007fa8c400a000 JavaThread "main" [_thread_blocked, id=26243, stack(0x00007fa8ce115000,0x00007fa8ce216000)]

Other Threads:
  0x00007fa8c4075800 VMThread [stack: 0x00007fa8c8ec7000,0x00007fa8c8fc8000] [id=26248]
  0x00007fa8c40b9000 WatcherThread [stack: 0x00007fa8be6ff000,0x00007fa8be800000] [id=26255]

VM state:not at safepoint (normal execution)

VM Mutex/Monitor currently owned by a thread: None

Heap
 PSYoungGen      total 101888K, used 37151K [0x00000000eaa80000, 0x00000000f8b80000, 0x0000000100000000)
  eden space 99840K, 37% used [0x00000000eaa80000,0x00000000ecec7e88,0x00000000f0c00000)
  from space 2048K, 0% used [0x00000000f8980000,0x00000000f8980000,0x00000000f8b80000)
  to   space 26624K, 0% used [0x00000000f5780000,0x00000000f5780000,0x00000000f7180000)
 ParOldGen       total 83968K, used 35377K [0x00000000c0000000, 0x00000000c5200000, 0x00000000eaa80000)
  object space 83968K, 42% used [0x00000000c0000000,0x00000000c228c738,0x00000000c5200000)
 PSPermGen       total 98304K, used 46751K [0x00000000b0000000, 0x00000000b6000000, 0x00000000c0000000)
  object space 98304K, 47% used [0x00000000b0000000,0x00000000b2da7d70,0x00000000b6000000)

Card table byte_map: [0x00007fa8caaca000,0x00007fa8cad4b000] byte_map_base: 0x00007fa8ca54a000

Polling page: 0x00007fa8ce23e000

Code Cache  [0x00007fa8c1000000, 0x00007fa8c1540000, 0x00007fa8c4000000)
 total_blobs=1860 nmethods=1192 adapters=620 free_code_cache=43897Kb largest_free_block=44873472

Compilation events (10 events):
Event: 1684,965 Thread 0x00007fa8c40a9000 nmethod 1367 0x00007fa8c1384b90 code [0x00007fa8c1384ce0, 0x00007fa8c1384f58]
Event: 1685,015 Thread 0x00007fa8c40a9000 1368             com.sun.org.apache.xerces.internal.impl.XMLDocumentScannerImpl::getPropertyDefault (40 bytes)
Event: 1685,020 Thread 0x00007fa8c40ac000 nmethod 1360 0x00007fa8c152fe90 code [0x00007fa8c15302a0, 0x00007fa8c1532390]
Event: 1685,021 Thread 0x00007fa8c40a9000 nmethod 1368 0x00007fa8c1384590 code [0x00007fa8c13846e0, 0x00007fa8c1384a58]
Event: 1685,025 Thread 0x00007fa8c40ac000 1369             com.sun.org.apache.xerces.internal.dom.TextImpl::getNodeType (2 bytes)
Event: 1685,026 Thread 0x00007fa8c40ac000 nmethod 1369 0x00007fa8c1511d90 code [0x00007fa8c1511ec0, 0x00007fa8c1511f18]
Event: 1685,059 Thread 0x00007fa8c40a9000 1370             org.gradle.api.internal.artifacts.ivyservice.ivyresolve.parser.PomDomParser$AddDTDFilterInputStream::<init> (247 bytes)
Event: 1685,100 Thread 0x00007fa8c40ac000 1371             org.gradle.logging.internal.slf4j.OutputEventListenerBackedLogger::isLevelAtMost (20 bytes)
Event: 1685,102 Thread 0x00007fa8c40ac000 nmethod 1371 0x00007fa8c1384210 code [0x00007fa8c1384360, 0x00007fa8c1384438]
Event: 1685,118 Thread 0x00007fa8c40ac000 1372             com.sun.org.apache.xerces.internal.dom.ElementImpl::normalize (169 bytes)

GC Heap History (10 events):
Event: 25,872 GC heap before
{Heap before GC invocations=10 (full 1):
 PSYoungGen      total 132096K, used 22482K [0x00000000eaa80000, 0x00000000fbd80000, 0x0000000100000000)
  eden space 107520K, 0% used [0x00000000eaa80000,0x00000000eaa80000,0x00000000f1380000)
  from space 24576K, 91% used [0x00000000f1380000,0x00000000f2974ab8,0x00000000f2b80000)
  to   space 27648K, 0% used [0x00000000fa280000,0x00000000fa280000,0x00000000fbd80000)
 ParOldGen       total 83968K, used 31402K [0x00000000c0000000, 0x00000000c5200000, 0x00000000eaa80000)
  object space 83968K, 37% used [0x00000000c0000000,0x00000000c1eaaa60,0x00000000c5200000)
 PSPermGen       total 42496K, used 42354K [0x00000000b0000000, 0x00000000b2980000, 0x00000000c0000000)
  object space 42496K, 99% used [0x00000000b0000000,0x00000000b295c870,0x00000000b2980000)
Event: 26,253 GC heap after
Heap after GC invocations=10 (full 1):
 PSYoungGen      total 132096K, used 0K [0x00000000eaa80000, 0x00000000fbd80000, 0x0000000100000000)
  eden space 107520K, 0% used [0x00000000eaa80000,0x00000000eaa80000,0x00000000f1380000)
  from space 24576K, 0% used [0x00000000f1380000,0x00000000f1380000,0x00000000f2b80000)
  to   space 27648K, 0% used [0x00000000fa280000,0x00000000fa280000,0x00000000fbd80000)
 ParOldGen       total 83968K, used 34845K [0x00000000c0000000, 0x00000000c5200000, 0x00000000eaa80000)
  object space 83968K, 41% used [0x00000000c0000000,0x00000000c2207690,0x00000000c5200000)
 PSPermGen       total 84992K, used 42332K [0x00000000b0000000, 0x00000000b5300000, 0x00000000c0000000)
  object space 84992K, 49% used [0x00000000b0000000,0x00000000b2957330,0x00000000b5300000)
}
Event: 1670,876 GC heap before
{Heap before GC invocations=11 (full 1):
 PSYoungGen      total 132096K, used 107520K [0x00000000eaa80000, 0x00000000fbd80000, 0x0000000100000000)
  eden space 107520K, 100% used [0x00000000eaa80000,0x00000000f1380000,0x00000000f1380000)
  from space 24576K, 0% used [0x00000000f1380000,0x00000000f1380000,0x00000000f2b80000)
  to   space 27648K, 0% used [0x00000000fa280000,0x00000000fa280000,0x00000000fbd80000)
 ParOldGen       total 83968K, used 34845K [0x00000000c0000000, 0x00000000c5200000, 0x00000000eaa80000)
  object space 83968K, 41% used [0x00000000c0000000,0x00000000c2207690,0x00000000c5200000)
 PSPermGen       total 84992K, used 42594K [0x00000000b0000000, 0x00000000b5300000, 0x00000000c0000000)
  object space 84992K, 50% used [0x00000000b0000000,0x00000000b2998bd8,0x00000000b5300000)
Event: 1670,887 GC heap after
Heap after GC invocations=11 (full 1):
 PSYoungGen      total 109056K, used 5356K [0x00000000eaa80000, 0x00000000fa800000, 0x0000000100000000)
  eden space 103424K, 0% used [0x00000000eaa80000,0x00000000eaa80000,0x00000000f0f80000)
  from space 5632K, 95% used [0x00000000fa280000,0x00000000fa7bb0b8,0x00000000fa800000)
  to   space 27648K, 0% used [0x00000000f7200000,0x00000000f7200000,0x00000000f8d00000)
 ParOldGen       total 83968K, used 34845K [0x00000000c0000000, 0x00000000c5200000, 0x00000000eaa80000)
  object space 83968K, 41% used [0x00000000c0000000,0x00000000c2207690,0x00000000c5200000)
 PSPermGen       total 84992K, used 42594K [0x00000000b0000000, 0x00000000b5300000, 0x00000000c0000000)
  object space 84992K, 50% used [0x00000000b0000000,0x00000000b2998bd8,0x00000000b5300000)
}
Event: 1672,811 GC heap before
{Heap before GC invocations=12 (full 1):
 PSYoungGen      total 109056K, used 108780K [0x00000000eaa80000, 0x00000000fa800000, 0x0000000100000000)
  eden space 103424K, 100% used [0x00000000eaa80000,0x00000000f0f80000,0x00000000f0f80000)
  from space 5632K, 95% used [0x00000000fa280000,0x00000000fa7bb0b8,0x00000000fa800000)
  to   space 27648K, 0% used [0x00000000f7200000,0x00000000f7200000,0x00000000f8d00000)
 ParOldGen       total 83968K, used 34845K [0x00000000c0000000, 0x00000000c5200000, 0x00000000eaa80000)
  object space 83968K, 41% used [0x00000000c0000000,0x00000000c2207690,0x00000000c5200000)
 PSPermGen       total 84992K, used 46322K [0x00000000b0000000, 0x00000000b5300000, 0x00000000c0000000)
  object space 84992K, 54% used [0x00000000b0000000,0x00000000b2d3c838,0x00000000b5300000)
Event: 1672,839 GC heap after
Heap after GC invocations=12 (full 1):
 PSYoungGen      total 112640K, used 12448K [0x00000000eaa80000, 0x00000000fa300000, 0x0000000100000000)
  eden space 99840K, 0% used [0x00000000eaa80000,0x00000000eaa80000,0x00000000f0c00000)
  from space 12800K, 97% used [0x00000000f7200000,0x00000000f7e28190,0x00000000f7e80000)
  to   space 26112K, 0% used [0x00000000f8980000,0x00000000f8980000,0x00000000fa300000)
 ParOldGen       total 83968K, used 38972K [0x00000000c0000000, 0x00000000c5200000, 0x00000000eaa80000)
  object space 83968K, 46% used [0x00000000c0000000,0x00000000c260f3f0,0x00000000c5200000)
 PSPermGen       total 84992K, used 46322K [0x00000000b0000000, 0x00000000b5300000, 0x00000000c0000000)
  object space 84992K, 54% used [0x00000000b0000000,0x00000000b2d3c838,0x00000000b5300000)
}
Event: 1673,762 GC heap before
{Heap before GC invocations=13 (full 1):
 PSYoungGen      total 112640K, used 65153K [0x00000000eaa80000, 0x00000000fa300000, 0x0000000100000000)
  eden space 99840K, 52% used [0x00000000eaa80000,0x00000000eddf84e0,0x00000000f0c00000)
  from space 12800K, 97% used [0x00000000f7200000,0x00000000f7e28190,0x00000000f7e80000)
  to   space 26112K, 0% used [0x00000000f8980000,0x00000000f8980000,0x00000000fa300000)
 ParOldGen       total 83968K, used 38972K [0x00000000c0000000, 0x00000000c5200000, 0x00000000eaa80000)
  object space 83968K, 46% used [0x00000000c0000000,0x00000000c260f3f0,0x00000000c5200000)
 PSPermGen       total 84992K, used 47557K [0x00000000b0000000, 0x00000000b5300000, 0x00000000c0000000)
  object space 84992K, 55% used [0x00000000b0000000,0x00000000b2e71620,0x00000000b5300000)
Event: 1673,782 GC heap after
Heap after GC invocations=13 (full 1):
 PSYoungGen      total 101888K, used 1677K [0x00000000eaa80000, 0x00000000f8b80000, 0x0000000100000000)
  eden space 99840K, 0% used [0x00000000eaa80000,0x00000000eaa80000,0x00000000f0c00000)
  from space 2048K, 81% used [0x00000000f8980000,0x00000000f8b23460,0x00000000f8b80000)
  to   space 26624K, 0% used [0x00000000f5780000,0x00000000f5780000,0x00000000f7180000)
 ParOldGen       total 83968K, used 46110K [0x00000000c0000000, 0x00000000c5200000, 0x00000000eaa80000)
  object space 83968K, 54% used [0x00000000c0000000,0x00000000c2d07930,0x00000000c5200000)
 PSPermGen       total 84992K, used 47557K [0x00000000b0000000, 0x00000000b5300000, 0x00000000c0000000)
  object space 84992K, 55% used [0x00000000b0000000,0x00000000b2e71620,0x00000000b5300000)
}
Event: 1673,782 GC heap before
{Heap before GC invocations=14 (full 2):
 PSYoungGen      total 101888K, used 1677K [0x00000000eaa80000, 0x00000000f8b80000, 0x0000000100000000)
  eden space 99840K, 0% used [0x00000000eaa80000,0x00000000eaa80000,0x00000000f0c00000)
  from space 2048K, 81% used [0x00000000f8980000,0x00000000f8b23460,0x00000000f8b80000)
  to   space 26624K, 0% used [0x00000000f5780000,0x00000000f5780000,0x00000000f7180000)
 ParOldGen       total 83968K, used 46110K [0x00000000c0000000, 0x00000000c5200000, 0x00000000eaa80000)
  object space 83968K, 54% used [0x00000000c0000000,0x00000000c2d07930,0x00000000c5200000)
 PSPermGen       total 84992K, used 47557K [0x00000000b0000000, 0x00000000b5300000, 0x00000000c0000000)
  object space 84992K, 55% used [0x00000000b0000000,0x00000000b2e71620,0x00000000b5300000)
Event: 1674,121 GC heap after
Heap after GC invocations=14 (full 2):
 PSYoungGen      total 101888K, used 0K [0x00000000eaa80000, 0x00000000f8b80000, 0x0000000100000000)
  eden space 99840K, 0% used [0x00000000eaa80000,0x00000000eaa80000,0x00000000f0c00000)
  from space 2048K, 0% used [0x00000000f8980000,0x00000000f8980000,0x00000000f8b80000)
  to   space 26624K, 0% used [0x00000000f5780000,0x00000000f5780000,0x00000000f7180000)
 ParOldGen       total 83968K, used 35377K [0x00000000c0000000, 0x00000000c5200000, 0x00000000eaa80000)
  object space 83968K, 42% used [0x00000000c0000000,0x00000000c228c738,0x00000000c5200000)
 PSPermGen       total 98304K, used 46481K [0x00000000b0000000, 0x00000000b6000000, 0x00000000c0000000)
  object space 98304K, 47% used [0x00000000b0000000,0x00000000b2d644c0,0x00000000b6000000)
}

Deoptimization events (10 events):
Event: 1674,134 Thread 0x00007fa880035000 Uncommon trap: reason=class_check action=maybe_recompile pc=0x00007fa8c14dce90 method=java.util.ComparableTimSort.countRunAndMakeAscending([Ljava/lang/Object;II)I @ 36
Event: 1674,137 Thread 0x00007fa880035000 Uncommon trap: reason=class_check action=maybe_recompile pc=0x00007fa8c14dce90 method=java.util.ComparableTimSort.countRunAndMakeAscending([Ljava/lang/Object;II)I @ 36
Event: 1674,138 Thread 0x00007fa880035000 Uncommon trap: reason=class_check action=maybe_recompile pc=0x00007fa8c14dce90 method=java.util.ComparableTimSort.countRunAndMakeAscending([Ljava/lang/Object;II)I @ 36
Event: 1684,669 Thread 0x00007fa884003800 Uncommon trap: reason=class_check action=maybe_recompile pc=0x00007fa8c13f6f08 method=java.util.Formatter.format(Ljava/util/Locale;Ljava/lang/String;[Ljava/lang/Object;)Ljava/util/Formatter; @ 76
Event: 1684,794 Thread 0x00007fa884003800 Uncommon trap: reason=unstable_if action=reinterpret pc=0x00007fa8c128cce4 method=java.lang.ref.SoftReference.get()Ljava/lang/Object; @ 6
Event: 1684,794 Thread 0x00007fa884003800 Uncommon trap: reason=unstable_if action=reinterpret pc=0x00007fa8c1292914 method=java.lang.ref.SoftReference.get()Ljava/lang/Object; @ 6
Event: 1684,796 Thread 0x00007fa884003800 Uncommon trap: reason=unstable_if action=reinterpret pc=0x00007fa8c12ba81c method=java.lang.ref.SoftReference.get()Ljava/lang/Object; @ 6
Event: 1684,812 Thread 0x00007fa884003800 Uncommon trap: reason=unstable_if action=reinterpret pc=0x00007fa8c145b79c method=java.lang.ref.SoftReference.get()Ljava/lang/Object; @ 6
Event: 1684,815 Thread 0x00007fa884003800 Uncommon trap: reason=predicate action=maybe_recompile pc=0x00007fa8c14d871c method=java.util.ComparableTimSort.mergeLo(IIII)V @ 143
Event: 1685,061 Thread 0x00007fa884003800 Uncommon trap: reason=class_check action=maybe_recompile pc=0x00007fa8c13908b8 method=org.gradle.api.internal.artifacts.ivyservice.ivyresolve.parser.PomDomParser.getTextContent(Lorg/w3c/dom/Element;)Ljava/lang/String; @ 38

Internal exceptions (10 events):
Event: 1684,897 Thread 0x00007fa884003800 Threw 0x00000000eb907b70 at /build/openjdk-7-2FOwCu/openjdk-7-7u95-2.6.4/build/openjdk/hotspot/src/share/vm/prims/jvm.cpp:1322
Event: 1684,903 Thread 0x00007fa884003800 Threw 0x00000000eb926f70 at /build/openjdk-7-2FOwCu/openjdk-7-7u95-2.6.4/build/openjdk/hotspot/src/share/vm/prims/jvm.cpp:1322
Event: 1684,903 Thread 0x00007fa884003800 Threw 0x00000000eb9281d0 at /build/openjdk-7-2FOwCu/openjdk-7-7u95-2.6.4/build/openjdk/hotspot/src/share/vm/prims/jvm.cpp:1322
Event: 1684,903 Thread 0x00007fa884003800 Threw 0x00000000eb931960 at /build/openjdk-7-2FOwCu/openjdk-7-7u95-2.6.4/build/openjdk/hotspot/src/share/vm/prims/jvm.cpp:1322
Event: 1684,905 Thread 0x00007fa884003800 Threw 0x00000000eb953fa8 at /build/openjdk-7-2FOwCu/openjdk-7-7u95-2.6.4/build/openjdk/hotspot/src/share/vm/prims/jvm.cpp:1322
Event: 1684,905 Thread 0x00007fa884003800 Threw 0x00000000eb955030 at /build/openjdk-7-2FOwCu/openjdk-7-7u95-2.6.4/build/openjdk/hotspot/src/share/vm/prims/jvm.cpp:1322
Event: 1684,905 Thread 0x00007fa884003800 Threw 0x00000000eb95c6d0 at /build/openjdk-7-2FOwCu/openjdk-7-7u95-2.6.4/build/openjdk/hotspot/src/share/vm/prims/jvm.cpp:1322
Event: 1684,906 Thread 0x00007fa884003800 Threw 0x00000000eb96a098 at /build/openjdk-7-2FOwCu/openjdk-7-7u95-2.6.4/build/openjdk/hotspot/src/share/vm/prims/jvm.cpp:1322
Event: 1684,906 Thread 0x00007fa884003800 Threw 0x00000000eb96b0a8 at /build/openjdk-7-2FOwCu/openjdk-7-7u95-2.6.4/build/openjdk/hotspot/src/share/vm/prims/jvm.cpp:1322
Event: 1684,906 Thread 0x00007fa884003800 Threw 0x00000000eb971e50 at /build/openjdk-7-2FOwCu/openjdk-7-7u95-2.6.4/build/openjdk/hotspot/src/share/vm/prims/jvm.cpp:1322

Events (10 events):
Event: 1684,896 loading class 0x00007fa87838abc0 done
Event: 1684,903 loading class 0x00007fa8780046e0
Event: 1684,903 loading class 0x00007fa8780046e0 done
Event: 1684,905 loading class 0x00007fa87838ac30
Event: 1684,905 loading class 0x00007fa87838ac30 done
Event: 1684,906 loading class 0x00007fa878004760
Event: 1684,906 loading class 0x00007fa878004760 done
Event: 1685,061 Thread 0x00007fa884003800 Uncommon trap: trap_request=0xffffffde fr.pc=0x00007fa8c13908b8
Event: 1685,061 Thread 0x00007fa884003800 DEOPT PACKING pc=0x00007fa8c13908b8 sp=0x00007fa8bc6e33a0
Event: 1685,061 Thread 0x00007fa884003800 DEOPT UNPACKING pc=0x00007fa8c1039445 sp=0x00007fa8bc6e3398 mode 2


Dynamic libraries:
00400000-00401000 r-xp 00000000 08:02 2761158                            /usr/lib/jvm/java-7-openjdk-amd64/jre/bin/java
00600000-00601000 r--p 00000000 08:02 2761158                            /usr/lib/jvm/java-7-openjdk-amd64/jre/bin/java
00601000-00602000 rw-p 00001000 08:02 2761158                            /usr/lib/jvm/java-7-openjdk-amd64/jre/bin/java
010e8000-01109000 rw-p 00000000 00:00 0                                  [heap]
b0000000-b6000000 rw-p 00000000 00:00 0 
b6000000-c0000000 rw-p 00000000 00:00 0 
c0000000-c5200000 rw-p 00000000 00:00 0 
c5200000-eaa80000 rw-p 00000000 00:00 0 
eaa80000-f8b80000 rw-p 00000000 00:00 0 
f8b80000-fbd80000 ---p 00000000 00:00 0 
fbd80000-100000000 rw-p 00000000 00:00 0 
7fa868000000-7fa868021000 rw-p 00000000 00:00 0 
7fa868021000-7fa86c000000 ---p 00000000 00:00 0 
7fa86c000000-7fa86c021000 rw-p 00000000 00:00 0 
7fa86c021000-7fa870000000 ---p 00000000 00:00 0 
7fa870000000-7fa870efd000 rw-p 00000000 00:00 0 
7fa870efd000-7fa874000000 ---p 00000000 00:00 0 
7fa874000000-7fa874021000 rw-p 00000000 00:00 0 
7fa874021000-7fa878000000 ---p 00000000 00:00 0 
7fa878000000-7fa87842e000 rw-p 00000000 00:00 0 
7fa87842e000-7fa87c000000 ---p 00000000 00:00 0 
7fa87c000000-7fa87c021000 rw-p 00000000 00:00 0 
7fa87c021000-7fa880000000 ---p 00000000 00:00 0 
7fa880000000-7fa88006c000 rw-p 00000000 00:00 0 
7fa88006c000-7fa884000000 ---p 00000000 00:00 0 
7fa884000000-7fa884022000 rw-p 00000000 00:00 0 
7fa884022000-7fa888000000 ---p 00000000 00:00 0 
7fa888000000-7fa888021000 rw-p 00000000 00:00 0 
7fa888021000-7fa88c000000 ---p 00000000 00:00 0 
7fa88c000000-7fa88c021000 rw-p 00000000 00:00 0 
7fa88c021000-7fa890000000 ---p 00000000 00:00 0 
7fa890000000-7fa89162a000 rw-p 00000000 00:00 0 
7fa89162a000-7fa894000000 ---p 00000000 00:00 0 
7fa894000000-7fa895e45000 rw-p 00000000 00:00 0 
7fa895e45000-7fa898000000 ---p 00000000 00:00 0 
7fa898000000-7fa898021000 rw-p 00000000 00:00 0 
7fa898021000-7fa89c000000 ---p 00000000 00:00 0 
7fa89c000000-7fa89c021000 rw-p 00000000 00:00 0 
7fa89c021000-7fa8a0000000 ---p 00000000 00:00 0 
7fa8a0000000-7fa8a004a000 rw-p 00000000 00:00 0 
7fa8a004a000-7fa8a4000000 ---p 00000000 00:00 0 
7fa8a4000000-7fa8a4021000 rw-p 00000000 00:00 0 
7fa8a4021000-7fa8a8000000 ---p 00000000 00:00 0 
7fa8a8000000-7fa8a802f000 rw-p 00000000 00:00 0 
7fa8a802f000-7fa8ac000000 ---p 00000000 00:00 0 
7fa8ac000000-7fa8ac021000 rw-p 00000000 00:00 0 
7fa8ac021000-7fa8b0000000 ---p 00000000 00:00 0 
7fa8b0000000-7fa8b0036000 rw-p 00000000 00:00 0 
7fa8b0036000-7fa8b4000000 ---p 00000000 00:00 0 
7fa8b6443000-7fa8b644b000 r--s 00065000 08:02 1048862                    /home/ivan/.gradle/caches/modules-2/files-2.1/com.google.dagger/dagger-compiler/2.0/2c5c7cfd604076f09eac6fd0783b3eebbc125732/dagger-compiler-2.0.jar
7fa8b64b7000-7fa8b64bc000 r-xp 00000000 08:02 3175                       /lib/x86_64-linux-gnu/libnss_dns-2.19.so
7fa8b64bc000-7fa8b66bb000 ---p 00005000 08:02 3175                       /lib/x86_64-linux-gnu/libnss_dns-2.19.so
7fa8b66bb000-7fa8b66bc000 r--p 00004000 08:02 3175                       /lib/x86_64-linux-gnu/libnss_dns-2.19.so
7fa8b66bc000-7fa8b66bd000 rw-p 00005000 08:02 3175                       /lib/x86_64-linux-gnu/libnss_dns-2.19.so
7fa8b66bd000-7fa8b66bf000 r-xp 00000000 08:02 13475                      /lib/x86_64-linux-gnu/libnss_mdns4_minimal.so.2
7fa8b66bf000-7fa8b68be000 ---p 00002000 08:02 13475                      /lib/x86_64-linux-gnu/libnss_mdns4_minimal.so.2
7fa8b68be000-7fa8b68bf000 r--p 00001000 08:02 13475                      /lib/x86_64-linux-gnu/libnss_mdns4_minimal.so.2
7fa8b68bf000-7fa8b68c0000 rw-p 00002000 08:02 13475                      /lib/x86_64-linux-gnu/libnss_mdns4_minimal.so.2
7fa8b68c0000-7fa8b6938000 r-xp 00000000 08:02 43082                      /usr/lib/x86_64-linux-gnu/nss/libfreebl3.so
7fa8b6938000-7fa8b6b38000 ---p 00078000 08:02 43082                      /usr/lib/x86_64-linux-gnu/nss/libfreebl3.so
7fa8b6b38000-7fa8b6b3a000 r--p 00078000 08:02 43082                      /usr/lib/x86_64-linux-gnu/nss/libfreebl3.so
7fa8b6b3a000-7fa8b6b3b000 rw-p 0007a000 08:02 43082                      /usr/lib/x86_64-linux-gnu/nss/libfreebl3.so
7fa8b6b3b000-7fa8b6b3f000 rw-p 00000000 00:00 0 
7fa8b6b3f000-7fa8b6bf3000 r-xp 00000000 08:02 21880                      /usr/lib/x86_64-linux-gnu/libsqlite3.so.0.8.6
7fa8b6bf3000-7fa8b6df3000 ---p 000b4000 08:02 21880                      /usr/lib/x86_64-linux-gnu/libsqlite3.so.0.8.6
7fa8b6df3000-7fa8b6df5000 r--p 000b4000 08:02 21880                      /usr/lib/x86_64-linux-gnu/libsqlite3.so.0.8.6
7fa8b6df5000-7fa8b6df7000 rw-p 000b6000 08:02 21880                      /usr/lib/x86_64-linux-gnu/libsqlite3.so.0.8.6
7fa8b6df7000-7fa8b6df8000 rw-p 00000000 00:00 0 
7fa8b6df8000-7fa8b6e38000 r-xp 00000000 08:02 43080                      /usr/lib/x86_64-linux-gnu/nss/libsoftokn3.so
7fa8b6e38000-7fa8b7038000 ---p 00040000 08:02 43080                      /usr/lib/x86_64-linux-gnu/nss/libsoftokn3.so
7fa8b7038000-7fa8b7039000 r--p 00040000 08:02 43080                      /usr/lib/x86_64-linux-gnu/nss/libsoftokn3.so
7fa8b7039000-7fa8b703a000 rw-p 00041000 08:02 43080                      /usr/lib/x86_64-linux-gnu/nss/libsoftokn3.so
7fa8b703a000-7fa8b7073000 r-xp 00000000 08:02 43062                      /usr/lib/x86_64-linux-gnu/libnspr4.so
7fa8b7073000-7fa8b7272000 ---p 00039000 08:02 43062                      /usr/lib/x86_64-linux-gnu/libnspr4.so
7fa8b7272000-7fa8b7273000 r--p 00038000 08:02 43062                      /usr/lib/x86_64-linux-gnu/libnspr4.so
7fa8b7273000-7fa8b7274000 rw-p 00039000 08:02 43062                      /usr/lib/x86_64-linux-gnu/libnspr4.so
7fa8b7274000-7fa8b7277000 rw-p 00000000 00:00 0 
7fa8b7277000-7fa8b727a000 r-xp 00000000 08:02 23344                      /usr/lib/x86_64-linux-gnu/libplds4.so
7fa8b727a000-7fa8b7479000 ---p 00003000 08:02 23344                      /usr/lib/x86_64-linux-gnu/libplds4.so
7fa8b7479000-7fa8b747a000 r--p 00002000 08:02 23344                      /usr/lib/x86_64-linux-gnu/libplds4.so
7fa8b747a000-7fa8b747b000 rw-p 00003000 08:02 23344                      /usr/lib/x86_64-linux-gnu/libplds4.so
7fa8b747b000-7fa8b747f000 r-xp 00000000 08:02 43066                      /usr/lib/x86_64-linux-gnu/libplc4.so
7fa8b747f000-7fa8b767e000 ---p 00004000 08:02 43066                      /usr/lib/x86_64-linux-gnu/libplc4.so
7fa8b767e000-7fa8b767f000 r--p 00003000 08:02 43066                      /usr/lib/x86_64-linux-gnu/libplc4.so
7fa8b767f000-7fa8b7680000 rw-p 00004000 08:02 43066                      /usr/lib/x86_64-linux-gnu/libplc4.so
7fa8b7680000-7fa8b76a5000 r-xp 00000000 08:02 23348                      /usr/lib/x86_64-linux-gnu/libnssutil3.so
7fa8b76a5000-7fa8b78a5000 ---p 00025000 08:02 23348                      /usr/lib/x86_64-linux-gnu/libnssutil3.so
7fa8b78a5000-7fa8b78ab000 r--p 00025000 08:02 23348                      /usr/lib/x86_64-linux-gnu/libnssutil3.so
7fa8b78ab000-7fa8b78ac000 rw-p 0002b000 08:02 23348                      /usr/lib/x86_64-linux-gnu/libnssutil3.so
7fa8b78ac000-7fa8b79df000 r-xp 00000000 08:02 43071                      /usr/lib/x86_64-linux-gnu/libnss3.so
7fa8b79df000-7fa8b7bde000 ---p 00133000 08:02 43071                      /usr/lib/x86_64-linux-gnu/libnss3.so
7fa8b7bde000-7fa8b7be3000 r--p 00132000 08:02 43071                      /usr/lib/x86_64-linux-gnu/libnss3.so
7fa8b7be3000-7fa8b7be5000 rw-p 00137000 08:02 43071                      /usr/lib/x86_64-linux-gnu/libnss3.so
7fa8b7be5000-7fa8b7be6000 rw-p 00000000 00:00 0 
7fa8b7be6000-7fa8b7bf6000 r-xp 00000000 08:02 2625913                    /usr/lib/jvm/java-7-openjdk-amd64/jre/lib/amd64/libj2pkcs11.so
7fa8b7bf6000-7fa8b7df5000 ---p 00010000 08:02 2625913                    /usr/lib/jvm/java-7-openjdk-amd64/jre/lib/amd64/libj2pkcs11.so
7fa8b7df5000-7fa8b7df6000 r--p 0000f000 08:02 2625913                    /usr/lib/jvm/java-7-openjdk-amd64/jre/lib/amd64/libj2pkcs11.so
7fa8b7df6000-7fa8b7df7000 rw-p 00010000 08:02 2625913                    /usr/lib/jvm/java-7-openjdk-amd64/jre/lib/amd64/libj2pkcs11.so
7fa8b7df7000-7fa8b7dff000 r-xp 00000000 08:02 2625915                    /usr/lib/jvm/java-7-openjdk-amd64/jre/lib/amd64/libmanagement.so
7fa8b7dff000-7fa8b7ffe000 ---p 00008000 08:02 2625915                    /usr/lib/jvm/java-7-openjdk-amd64/jre/lib/amd64/libmanagement.so
7fa8b7ffe000-7fa8b7fff000 r--p 00007000 08:02 2625915                    /usr/lib/jvm/java-7-openjdk-amd64/jre/lib/amd64/libmanagement.so
7fa8b7fff000-7fa8b8000000 rw-p 00008000 08:02 2625915                    /usr/lib/jvm/java-7-openjdk-amd64/jre/lib/amd64/libmanagement.so
7fa8b8000000-7fa8b8021000 rw-p 00000000 00:00 0 
7fa8b8021000-7fa8bc000000 ---p 00000000 00:00 0 
7fa8bc0e1000-7fa8bc0e2000 rw-p 00000000 00:00 0 
7fa8bc0e2000-7fa8bc0e4000 r--s 00018000 08:02 2625932                    /usr/lib/jvm/java-7-openjdk-amd64/jre/lib/jce.jar
7fa8bc0e4000-7fa8bc0e5000 r--s 00004000 08:02 2759055                    /home/ivan/tools/android/android-studio/gradle/m2repository/com/intellij/annotations/12.0/annotations-12.0.jar
7fa8bc0e5000-7fa8bc0e7000 r--s 0000d000 08:02 2759096                    /home/ivan/tools/android/android-studio/gradle/m2repository/commons-codec/commons-codec/1.4/commons-codec-1.4.jar
7fa8bc0e7000-7fa8bc0e9000 r--s 0000d000 08:02 28313190                   /home/ivan/tools/android/android-studio/gradle/m2repository/commons-logging/commons-logging/1.1.1/commons-logging-1.1.1.jar
7fa8bc0e9000-7fa8bc0ee000 r--s 00028000 08:02 28837451                   /home/ivan/tools/android/android-studio/gradle/m2repository/org/apache/httpcomponents/httpcore/4.1/httpcore-4.1.jar
7fa8bc0ee000-7fa8bc0f6000 r--s 000a8000 08:02 31606554                   /home/ivan/tools/android/android-studio/gradle/m2repository/com/android/tools/external/lombok/lombok-ast/0.2.3/lombok-ast-0.2.3.jar
7fa8bc0f6000-7fa8bc0f8000 r--s 00005000 08:02 28444458                   /home/ivan/tools/android/android-studio/gradle/m2repository/org/abego/treelayout/org.abego.treelayout.core/1.0.1/org.abego.treelayout.core-1.0.1.jar
7fa8bc0f8000-7fa8bc0f9000 r--s 0000a000 08:02 2759092                    /home/ivan/tools/android/android-studio/gradle/m2repository/net/sf/kxml/kxml2/2.3.0/kxml2-2.3.0.jar
7fa8bc0f9000-7fa8bc0fa000 r--s 00005000 08:02 2752550                    /home/ivan/tools/android/android-studio/gradle/m2repository/com/android/tools/dvlib/24.5.0/dvlib-24.5.0.jar
7fa8bc0fa000-7fa8bc101000 r--s 00053000 08:02 28968388                   /home/ivan/tools/android/android-studio/gradle/m2repository/org/apache/commons/commons-compress/1.8.1/commons-compress-1.8.1.jar
7fa8bc101000-7fa8bc106000 r--s 0002a000 08:02 30676744                   /home/ivan/tools/android/android-studio/gradle/m2repository/com/google/code/gson/gson/2.2.4/gson-2.2.4.jar
7fa8bc106000-7fa8bc109000 r--s 00013000 08:02 31854201                   /home/ivan/tools/android/android-studio/gradle/m2repository/com/android/tools/layoutlib/layoutlib-api/24.5.0/layoutlib-api-24.5.0.jar
7fa8bc109000-7fa8bc10b000 r--s 00005000 08:02 28837444                   /home/ivan/tools/android/android-studio/gradle/m2repository/org/apache/httpcomponents/httpmime/4.1/httpmime-4.1.jar
7fa8bc10b000-7fa8bc113000 r--s 0004e000 08:02 28968380                   /home/ivan/tools/android/android-studio/gradle/m2repository/org/apache/httpcomponents/httpclient/4.1.1/httpclient-4.1.1.jar
7fa8bc113000-7fa8bc116000 r--s 0002d000 08:02 31462666                   /home/ivan/tools/android/android-studio/gradle/m2repository/com/android/tools/lint/lint-api/24.5.0/lint-api-24.5.0.jar
7fa8bc116000-7fa8bc117000 r--s 00004000 08:02 29623624                   /home/ivan/tools/android/android-studio/gradle/m2repository/org/ow2/asm/asm-analysis/5.0.3/asm-analysis-5.0.3.jar
7fa8bc117000-7fa8bc11b000 r--s 00037000 08:02 28313210                   /home/ivan/tools/android/android-studio/gradle/m2repository/org/antlr/ST4/4.0.8/ST4-4.0.8.jar
7fa8bc11b000-7fa8bc11c000 r--s 00002000 08:02 30676751                   /home/ivan/tools/android/android-studio/gradle/m2repository/com/tunnelvisionlabs/antlr4-annotations/4.5/antlr4-annotations-4.5.jar
7fa8bc11c000-7fa8bc123000 r--s 00062000 08:02 30017461                   /home/ivan/tools/android/android-studio/gradle/m2repository/com/tunnelvisionlabs/antlr4-runtime/4.5/antlr4-runtime-4.5.jar
7fa8bc123000-7fa8bc131000 r--s 00081000 08:02 29230164                   /home/ivan/tools/android/android-studio/gradle/m2repository/org/bouncycastle/bcpkix-jdk15on/1.48/bcpkix-jdk15on-1.48.jar
7fa8bc131000-7fa8bc133000 r--s 00005000 08:02 2759048                    /home/ivan/tools/android/android-studio/gradle/m2repository/com/android/tools/jill/jill-api/0.9.0/jill-api-0.9.0.jar
7fa8bc133000-7fa8bc137000 r--s 00027000 08:02 2757179                    /home/ivan/tools/android/android-studio/gradle/m2repository/com/android/tools/build/manifest-merger/24.5.0/manifest-merger-24.5.0.jar
7fa8bc137000-7fa8bc13c000 r--s 00047000 08:02 2752628                    /home/ivan/tools/android/android-studio/gradle/m2repository/com/android/tools/ddms/ddmlib/24.5.0/ddmlib-24.5.0.jar
7fa8bc13c000-7fa8bc13e000 r--s 00006000 08:02 31199226                   /home/ivan/tools/android/android-studio/gradle/m2repository/com/android/tools/jack/jack-api/0.9.0/jack-api-0.9.0.jar
7fa8bc13e000-7fa8bc13f000 r--s 0000c000 08:02 29755695                   /home/ivan/tools/android/android-studio/gradle/m2repository/org/ow2/asm/asm/5.0.3/asm-5.0.3.jar
7fa8bc13f000-7fa8bc140000 r--s 00002000 08:02 2758969                    /home/ivan/tools/android/android-studio/gradle/m2repository/com/android/tools/build/builder-test-api/1.5.0/builder-test-api-1.5.0.jar
7fa8bc140000-7fa8bc143000 r--s 00026000 08:02 28313205                   /home/ivan/tools/android/android-studio/gradle/m2repository/org/antlr/antlr-runtime/3.5.2/antlr-runtime-3.5.2.jar
7fa8bc143000-7fa8bc14d000 r--s 000ab000 08:02 2752613                    /home/ivan/tools/android/android-studio/gradle/m2repository/com/android/tools/sdklib/24.5.0/sdklib-24.5.0.jar
7fa8bc14d000-7fa8bc14f000 r--s 00002000 08:02 30017450                   /home/ivan/tools/android/android-studio/gradle/m2repository/com/squareup/javawriter/2.5.0/javawriter-2.5.0.jar
7fa8bc14f000-7fa8bc151000 r--s 00016000 08:02 2757143                    /home/ivan/tools/android/android-studio/gradle/m2repository/com/android/tools/common/24.5.0/common-24.5.0.jar
7fa8bc151000-7fa8bc153000 r--s 00006000 08:02 29885961                   /home/ivan/tools/android/android-studio/gradle/m2repository/org/ow2/asm/asm-tree/5.0.3/asm-tree-5.0.3.jar
7fa8bc153000-7fa8bc155000 r--s 00005000 08:02 2757281                    /home/ivan/tools/android/android-studio/gradle/m2repository/com/android/tools/build/builder-model/1.5.0/builder-model-1.5.0.jar
7fa8bc155000-7fa8bc188000 r--s 00203000 08:02 29492123                   /home/ivan/tools/android/android-studio/gradle/m2repository/org/bouncycastle/bcprov-jdk15on/1.48/bcprov-jdk15on-1.48.jar
7fa8bc188000-7fa8bc190000 r--s 00079000 08:02 2752933                    /home/ivan/tools/android/android-studio/gradle/m2repository/com/android/tools/sdk-common/24.5.0/sdk-common-24.5.0.jar
7fa8bc190000-7fa8bc1a2000 r--s 00223000 08:02 28575587                   /home/ivan/tools/android/android-studio/gradle/m2repository/org/eclipse/jdt/core/compiler/ecj/4.4.2/ecj-4.4.2.jar
7fa8bc1a2000-7fa8bc1a8000 r--s 000af000 08:02 31330796                   /home/ivan/tools/android/android-studio/gradle/m2repository/com/android/tools/lint/lint-checks/24.5.0/lint-checks-24.5.0.jar
7fa8bc1a8000-7fa8bc1b8000 r--s 000d6000 08:02 2759067                    /home/ivan/tools/android/android-studio/gradle/m2repository/net/sf/proguard/proguard-base/5.2.1/proguard-base-5.2.1.jar
7fa8bc1b8000-7fa8bc1b9000 r--s 00002000 08:02 31065982                   /home/ivan/tools/android/android-studio/gradle/m2repository/com/android/databinding/baseLibrary/1.0-rc5/baseLibrary-1.0-rc5.jar
7fa8bc1b9000-7fa8bc1bd000 r--s 0002a000 08:02 28182173                   /home/ivan/tools/android/android-studio/gradle/m2repository/commons-io/commons-io/2.4/commons-io-2.4.jar
7fa8bc1bd000-7fa8bc1c7000 r--s 00099000 08:02 30017465                   /home/ivan/tools/android/android-studio/gradle/m2repository/com/tunnelvisionlabs/antlr4/4.5/antlr4-4.5.jar
7fa8bc1c7000-7fa8bc1ce000 r--s 0005e000 08:02 28968393                   /home/ivan/tools/android/android-studio/gradle/m2repository/org/apache/commons/commons-lang3/3.3.2/commons-lang3-3.3.2.jar
7fa8bc1ce000-7fa8bc1d1000 r--s 00033000 08:02 30676772                   /home/ivan/tools/android/android-studio/gradle/m2repository/com/googlecode/juniversalchardet/juniversalchardet/1.0.3/juniversalchardet-1.0.3.jar
7fa8bc1d1000-7fa8bc1d2000 r--s 00001000 08:02 31724219                   /home/ivan/tools/android/android-studio/gradle/m2repository/com/android/tools/annotations/24.5.0/annotations-24.5.0.jar
7fa8bc1d2000-7fa8bc1fd000 r--s 001f9000 08:02 31065959                   /home/ivan/tools/android/android-studio/gradle/m2repository/com/google/guava/guava/17.0/guava-17.0.jar
7fa8bc1fd000-7fa8bc202000 r--s 00058000 08:02 29623630                   /home/ivan/tools/android/android-studio/gradle/m2repository/org/ow2/asm/asm-debug-all/5.0.1/asm-debug-all-5.0.1.jar
7fa8bc202000-7fa8bc208000 r--s 0005a000 08:02 2757183                    /home/ivan/tools/android/android-studio/gradle/m2repository/com/android/tools/build/builder/1.5.0/builder-1.5.0.jar
7fa8bc208000-7fa8bc20a000 r--s 00022000 08:02 31199233                   /home/ivan/tools/android/android-studio/gradle/m2repository/com/android/tools/lint/lint/24.5.0/lint-24.5.0.jar
7fa8bc20a000-7fa8bc20b000 r--s 00002000 08:02 2759078                    /home/ivan/tools/android/android-studio/gradle/m2repository/net/sf/proguard/proguard-gradle/5.2.1/proguard-gradle-5.2.1.jar
7fa8bc20b000-7fa8bc20f000 r--s 00026000 08:02 31065977                   /home/ivan/tools/android/android-studio/gradle/m2repository/com/android/databinding/compilerCommon/1.0-rc5/compilerCommon-1.0-rc5.jar
7fa8bc20f000-7fa8bc211000 r--s 00001000 08:02 2758980                    /home/ivan/tools/android/android-studio/gradle/m2repository/com/android/tools/build/transform-api/1.5.0/transform-api-1.5.0.jar
7fa8bc211000-7fa8bc215000 r--s 0001e000 08:02 28444451                   /home/ivan/tools/android/android-studio/gradle/m2repository/org/jacoco/org.jacoco.core/0.7.4.201502262128/org.jacoco.core-0.7.4.201502262128.jar
7fa8bc215000-7fa8bc22c000 r--s 0012c000 08:02 2757159                    /home/ivan/tools/android/android-studio/gradle/m2repository/com/android/tools/build/gradle-core/1.5.0/gradle-core-1.5.0.jar
7fa8bc22c000-7fa8bc22e000 r--s 0000d000 08:02 2757330                    /home/ivan/tools/android/android-studio/gradle/m2repository/com/android/tools/build/gradle/1.5.0/gradle-1.5.0.jar
7fa8bc22e000-7fa8bc238000 r--s 000ae000 08:02 2625887                    /usr/lib/jvm/java-7-openjdk-amd64/jre/lib/resources.jar
7fa8bc238000-7fa8bc23b000 ---p 00000000 00:00 0 
7fa8bc23b000-7fa8bc339000 rw-p 00000000 00:00 0                          [stack:26266]
7fa8bc339000-7fa8bc33c000 ---p 00000000 00:00 0 
7fa8bc33c000-7fa8bc372000 rw-p 00000000 00:00 0 
7fa8bc372000-7fa8bc373000 r--p 00000000 00:00 0 
7fa8bc373000-7fa8bc3de000 r--s 0069d000 08:02 2761103                    /usr/lib/jvm/java-7-openjdk-amd64/lib/tools.jar
7fa8bc3de000-7fa8bc3e1000 ---p 00000000 00:00 0 
7fa8bc3e1000-7fa8bc4df000 rw-p 00000000 00:00 0                          [stack:9217]
7fa8bc4df000-7fa8bc4e6000 r--s 00000000 08:02 3208                       /usr/lib/x86_64-linux-gnu/gconv/gconv-modules.cache
7fa8bc4e6000-7fa8bc4e9000 ---p 00000000 00:00 0 
7fa8bc4e9000-7fa8bc5e7000 rw-p 00000000 00:00 0                          [stack:9213]
7fa8bc5e7000-7fa8bc5ea000 ---p 00000000 00:00 0 
7fa8bc5ea000-7fa8bc6e8000 rw-p 00000000 00:00 0                          [stack:8961]
7fa8bc6e8000-7fa8bc6eb000 ---p 00000000 00:00 0 
7fa8bc6eb000-7fa8bc7e9000 rw-p 00000000 00:00 0                          [stack:9214]
7fa8bc7e9000-7fa8bc7ec000 ---p 00000000 00:00 0 
7fa8bc7ec000-7fa8bc8ea000 rw-p 00000000 00:00 0                          [stack:8958]
7fa8bc8ea000-7fa8bc8ed000 ---p 00000000 00:00 0 
7fa8bc8ed000-7fa8bc9eb000 rw-p 00000000 00:00 0                          [stack:26256]
7fa8bc9eb000-7fa8bc9ef000 r--s 0004f000 08:02 2625874                    /usr/lib/jvm/java-7-openjdk-amd64/jre/lib/jsse.jar
7fa8bc9ef000-7fa8bc9f1000 r--s 00005000 08:02 28186656                   /home/ivan/tools/android/android-studio/gradle/gradle-2.8/lib/plugins/gradle-tooling-api-builders-2.8.jar
7fa8bc9f1000-7fa8bca01000 r--s 00088000 08:02 28186616                   /home/ivan/tools/android/android-studio/gradle/gradle-2.8/lib/plugins/joda-time-2.8.2.jar
7fa8bca01000-7fa8bca12000 r--s 000cf000 08:02 28186710                   /home/ivan/tools/android/android-studio/gradle/gradle-2.8/lib/plugins/jackson-databind-2.3.2.jar
7fa8bca12000-7fa8bca14000 r--s 00007000 08:02 28186715                   /home/ivan/tools/android/android-studio/gradle/gradle-2.8/lib/plugins/jackson-annotations-2.3.2.jar
7fa8bca14000-7fa8bca17000 r--s 0002e000 08:02 28186719                   /home/ivan/tools/android/android-studio/gradle/gradle-2.8/lib/plugins/jackson-core-2.3.2.jar
7fa8bca17000-7fa8bca22000 r--s 0006b000 08:02 28186699                   /home/ivan/tools/android/android-studio/gradle/gradle-2.8/lib/plugins/aws-java-sdk-core-1.9.19.jar
7fa8bca22000-7fa8bca28000 r--s 00036000 08:02 28186729                   /home/ivan/tools/android/android-studio/gradle/gradle-2.8/lib/plugins/aws-java-sdk-kms-1.9.19.jar
7fa8bca28000-7fa8bca33000 r--s 00079000 08:02 28186696                   /home/ivan/tools/android/android-studio/gradle/gradle-2.8/lib/plugins/aws-java-sdk-s3-1.9.19.jar
7fa8bca33000-7fa8bca34000 r--s 00003000 08:02 28186635                   /home/ivan/tools/android/android-studio/gradle/gradle-2.8/lib/plugins/gradle-resources-s3-2.8.jar
7fa8bca34000-7fa8bca35000 r--s 00004000 08:02 28186658                   /home/ivan/tools/android/android-studio/gradle/gradle-2.8/lib/plugins/gradle-resources-sftp-2.8.jar
7fa8bca35000-7fa8bca36000 r--s 00001000 08:02 28182195                   /home/ivan/tools/android/android-studio/gradle/gradle-2.8/lib/plugins/gradle-plugin-development-2.8.jar
7fa8bca36000-7fa8bca38000 r--s 00005000 08:02 28186638                   /home/ivan/tools/android/android-studio/gradle/gradle-2.8/lib/plugins/gradle-testing-native-2.8.jar
7fa8bca38000-7fa8bca3d000 r--s 0002b000 08:02 28186614                   /home/ivan/tools/android/android-studio/gradle/gradle-2.8/lib/plugins/gradle-ide-native-2.8.jar
7fa8bca3d000-7fa8bca43000 r--s 00019000 08:02 28186646                   /home/ivan/tools/android/android-studio/gradle/gradle-2.8/lib/plugins/gradle-language-native-2.8.jar
7fa8bca43000-7fa8bca48000 r--s 00028000 08:02 28186657                   /home/ivan/tools/android/android-studio/gradle/gradle-2.8/lib/plugins/gradle-platform-play-2.8.jar
7fa8bca48000-7fa8bca55000 r--s 0004f000 08:02 28182205                   /home/ivan/tools/android/android-studio/gradle/gradle-2.8/lib/plugins/gradle-platform-native-2.8.jar
7fa8bca55000-7fa8bca58000 r--s 00008000 08:02 28186617                   /home/ivan/tools/android/android-studio/gradle/gradle-2.8/lib/plugins/gradle-language-scala-2.8.jar
7fa8bca58000-7fa8bca5b000 r--s 00009000 08:02 28186641                   /home/ivan/tools/android/android-studio/gradle/gradle-2.8/lib/plugins/gradle-language-groovy-2.8.jar
7fa8bca5b000-7fa8bca61000 r--s 00023000 08:02 28182202                   /home/ivan/tools/android/android-studio/gradle/gradle-2.8/lib/plugins/gradle-language-java-2.8.jar
7fa8bca61000-7fa8bca63000 r--s 00008000 08:02 28182194                   /home/ivan/tools/android/android-studio/gradle/gradle-2.8/lib/plugins/gradle-language-jvm-2.8.jar
7fa8bca63000-7fa8bca66000 r--s 0000d000 08:02 28186648                   /home/ivan/tools/android/android-studio/gradle/gradle-2.8/lib/plugins/gradle-platform-jvm-2.8.jar
7fa8bca66000-7fa8bca6e000 r--s 0002c000 08:02 28186626                   /home/ivan/tools/android/android-studio/gradle/gradle-2.8/lib/plugins/gradle-platform-base-2.8.jar
7fa8bca6e000-7fa8bca72000 r--s 00020000 08:02 28182209                   /home/ivan/tools/android/android-studio/gradle/gradle-2.8/lib/plugins/gradle-build-init-2.8.jar
7fa8bca72000-7fa8bca75000 r--s 00017000 08:02 28186651                   /home/ivan/tools/android/android-studio/gradle/gradle-2.8/lib/plugins/gradle-jacoco-2.8.jar
7fa8bca75000-7fa8bca78000 r--s 0000e000 08:02 28186613                   /home/ivan/tools/android/android-studio/gradle/gradle-2.8/lib/plugins/gradle-ivy-2.8.jar
7fa8bca78000-7fa8bca7a000 r--s 00002000 08:02 28182208                   /home/ivan/tools/android/android-studio/gradle/gradle-2.8/lib/plugins/gradle-publish-2.8.jar
7fa8bca7a000-7fa8bca7c000 r--s 00005000 08:02 28186700                   /home/ivan/tools/android/android-studio/gradle/gradle-2.8/lib/plugins/jatl-0.2.2.jar
7fa8bca7c000-7fa8bca7e000 r--s 0000f000 08:02 28186644                   /home/ivan/tools/android/android-studio/gradle/gradle-2.8/lib/plugins/gradle-reporting-2.8.jar
7fa8bca7e000-7fa8bca83000 r--s 00035000 08:02 28186631                   /home/ivan/tools/android/android-studio/gradle/gradle-2.8/lib/plugins/gradle-diagnostics-2.8.jar
7fa8bca83000-7fa8bca8a000 r--s 0008f000 08:02 28186652                   /home/ivan/tools/android/android-studio/gradle/gradle-2.8/lib/plugins/gradle-build-comparison-2.8.jar
7fa8bca8a000-7fa8bca91000 r--s 00035000 08:02 28186702                   /home/ivan/tools/android/android-studio/gradle/gradle-2.8/lib/plugins/simple-4.1.21.jar
7fa8bca91000-7fa8bca9d000 r--s 00100000 08:02 28186708                   /home/ivan/tools/android/android-studio/gradle/gradle-2.8/lib/plugins/rhino-1.7R3.jar
7fa8bca9d000-7fa8bcaa1000 r--s 0001c000 08:02 28182200                   /home/ivan/tools/android/android-studio/gradle/gradle-2.8/lib/plugins/gradle-javascript-2.8.jar
7fa8bcaa1000-7fa8bcaa3000 r--s 0000b000 08:02 28186639                   /home/ivan/tools/android/android-studio/gradle/gradle-2.8/lib/plugins/gradle-ear-2.8.jar
7fa8bcaa3000-7fa8bcaaa000 r--s 00038000 08:02 28186716                   /home/ivan/tools/android/android-studio/gradle/gradle-2.8/lib/plugins/bcpg-jdk15on-1.51.jar
7fa8bcaaa000-7fa8bcaac000 r--s 00017000 08:02 28182207                   /home/ivan/tools/android/android-studio/gradle/gradle-2.8/lib/plugins/gradle-signing-2.8.jar
7fa8bcaac000-7fa8bcaad000 r--s 00002000 08:02 28186703                   /home/ivan/tools/android/android-studio/gradle/gradle-2.8/lib/plugins/sonar-batch-bootstrapper-2.9.jar
7fa8bcaad000-7fa8bcab0000 r--s 00015000 08:02 28186632                   /home/ivan/tools/android/android-studio/gradle/gradle-2.8/lib/plugins/gradle-sonar-2.8.jar
7fa8bcab0000-7fa8bcab3000 r--s 00010000 08:02 28186629                   /home/ivan/tools/android/android-studio/gradle/gradle-2.8/lib/plugins/gradle-scala-2.8.jar
7fa8bcab3000-7fa8bcab5000 r--s 0000a000 08:02 28186628                   /home/ivan/tools/android/android-studio/gradle/gradle-2.8/lib/plugins/gradle-announce-2.8.jar
7fa8bcab5000-7fa8bcac3000 r--s 0009f000 08:02 28186630                   /home/ivan/tools/android/android-studio/gradle/gradle-2.8/lib/plugins/gradle-ide-2.8.jar
7fa8bcac3000-7fa8bcac6000 r--s 0000c000 08:02 28186727                   /home/ivan/tools/android/android-studio/gradle/gradle-2.8/lib/plugins/pmaven-groovy-0.8-20100325.jar
7fa8bcac6000-7fa8bcac7000 r--s 00004000 08:02 28186718                   /home/ivan/tools/android/android-studio/gradle/gradle-2.8/lib/plugins/pmaven-common-0.8-20100325.jar
7fa8bcac7000-7fa8bcacd000 r--s 00022000 08:02 28186643                   /home/ivan/tools/android/android-studio/gradle/gradle-2.8/lib/plugins/gradle-maven-2.8.jar
7fa8bcacd000-7fa8bcaee000 r--s 001c3000 08:02 28186642                   /home/ivan/tools/android/android-studio/gradle/gradle-2.8/lib/plugins/bndlib-2.4.0.jar
7fa8bcaee000-7fa8bcaf0000 r--s 00004000 08:02 28182196                   /home/ivan/tools/android/android-studio/gradle/gradle-2.8/lib/plugins/gradle-osgi-2.8.jar
7fa8bcaf0000-7fa8bcaf2000 r--s 00008000 08:02 28186637                   /home/ivan/tools/android/android-studio/gradle/gradle-2.8/lib/plugins/gradle-antlr-2.8.jar
7fa8bcaf2000-7fa8bcaf5000 r--s 0001e000 08:02 28186728                   /home/ivan/tools/android/android-studio/gradle/gradle-2.8/lib/plugins/jsp-api-2.1-6.1.14.jar
7fa8bcaf5000-7fa8bcb18000 r--s 00344000 08:02 28186731                   /home/ivan/tools/android/android-studio/gradle/gradle-2.8/lib/plugins/core-3.1.1.jar
7fa8bcb18000-7fa8bcb19000 r--s 00006000 08:02 28186725                   /home/ivan/tools/android/android-studio/gradle/gradle-2.8/lib/plugins/jetty-naming-6.1.25.jar
7fa8bcb19000-7fa8bcb1a000 r--s 00002000 08:02 28186706                   /home/ivan/tools/android/android-studio/gradle/gradle-2.8/lib/plugins/geronimo-annotation_1.0_spec-1.0.jar
7fa8bcb1a000-7fa8bcb1c000 r--s 00002000 08:02 28186697                   /home/ivan/tools/android/android-studio/gradle/gradle-2.8/lib/plugins/jetty-annotations-6.1.25.jar
7fa8bcb1c000-7fa8bcb2d000 r--s 000ea000 08:02 28186732                   /home/ivan/tools/android/android-studio/gradle/gradle-2.8/lib/plugins/jsp-2.1-6.1.14.jar
7fa8bcb2d000-7fa8bcb2f000 r--s 0000d000 08:02 28186694                   /home/ivan/tools/android/android-studio/gradle/gradle-2.8/lib/plugins/jetty-plus-6.1.25.jar
7fa8bcb2f000-7fa8bcb31000 r--s 0001f000 08:02 28186690                   /home/ivan/tools/android/android-studio/gradle/gradle-2.8/lib/plugins/servlet-api-2.5-20081211.jar
7fa8bcb31000-7fa8bcb35000 r--s 00028000 08:02 28186721                   /home/ivan/tools/android/android-studio/gradle/gradle-2.8/lib/plugins/jetty-util-6.1.25.jar
7fa8bcb35000-7fa8bcb3c000 r--s 0007d000 08:02 28186692                   /home/ivan/tools/android/android-studio/gradle/gradle-2.8/lib/plugins/jetty-6.1.25.jar
7fa8bcb3c000-7fa8bcb3e000 r--s 00009000 08:02 28186615                   /home/ivan/tools/android/android-studio/gradle/gradle-2.8/lib/plugins/gradle-jetty-2.8.jar
7fa8bcb3e000-7fa8bcb44000 r--s 00036000 08:02 28186645                   /home/ivan/tools/android/android-studio/gradle/gradle-2.8/lib/plugins/gradle-code-quality-2.8.jar
7fa8bcb44000-7fa8bcb46000 r--s 00009000 08:02 28186709                   /home/ivan/tools/android/android-studio/gradle/gradle-2.8/lib/plugins/hamcrest-core-1.3.jar
7fa8bcb46000-7fa8bcb4c000 r--s 00033000 08:02 28186691                   /home/ivan/tools/android/android-studio/gradle/gradle-2.8/lib/plugins/snakeyaml-1.6.jar
7fa8bcb4c000-7fa8bcb4e000 r--s 00006000 08:02 28186726                   /home/ivan/tools/android/android-studio/gradle/gradle-2.8/lib/plugins/jcommander-1.12.jar
7fa8bcb4e000-7fa8bcb53000 r--s 00040000 08:02 28186698                   /home/ivan/tools/android/android-studio/gradle/gradle-2.8/lib/plugins/bsh-2.0b4.jar
7fa8bcb53000-7fa8bcb55000 r--s 00009000 08:02 28186704                   /home/ivan/tools/android/android-studio/gradle/gradle-2.8/lib/plugins/commons-cli-1.2.jar
7fa8bcb55000-7fa8bcb5e000 r--s 00089000 08:02 28186724                   /home/ivan/tools/android/android-studio/gradle/gradle-2.8/lib/plugins/testng-6.3.1.jar
7fa8bcb5e000-7fa8bcb66000 r--s 00045000 08:02 28186713                   /home/ivan/tools/android/android-studio/gradle/gradle-2.8/lib/plugins/junit-4.12.jar
7fa8bcb66000-7fa8bcb72000 r--s 00073000 08:02 28182203                   /home/ivan/tools/android/android-studio/gradle/gradle-2.8/lib/plugins/gradle-plugins-2.8.jar
7fa8bcb72000-7fa8bcb8a000 r--s 00115000 08:02 28186720                   /home/ivan/tools/android/android-studio/gradle/gradle-2.8/lib/plugins/xercesImpl-2.9.1.jar
7fa8bcb8a000-7fa8bcb92000 r--s 00028000 08:02 28186695                   /home/ivan/tools/android/android-studio/gradle/gradle-2.8/lib/plugins/xml-apis-1.3.04.jar
7fa8bcb92000-7fa8bcb98000 r--s 0005b000 08:02 28186693                   /home/ivan/tools/android/android-studio/gradle/gradle-2.8/lib/plugins/jcifs-1.3.17.jar
7fa8bcb98000-7fa8bcb9e000 r--s 00031000 08:02 28186711                   /home/ivan/tools/android/android-studio/gradle/gradle-2.8/lib/plugins/httpcore-4.2.2.jar
7fa8bcb9e000-7fa8bcba4000 r--s 00033000 08:02 28186717                   /home/ivan/tools/android/android-studio/gradle/gradle-2.8/lib/plugins/commons-codec-1.6.jar
7fa8bcba4000-7fa8bcba7000 r--s 0001c000 08:02 28186705                   /home/ivan/tools/android/android-studio/gradle/gradle-2.8/lib/plugins/nekohtml-1.9.14.jar
7fa8bcba7000-7fa8bcbb0000 r--s 00060000 08:02 28186714                   /home/ivan/tools/android/android-studio/gradle/gradle-2.8/lib/plugins/httpclient-4.2.2.jar
7fa8bcbb0000-7fa8bcbb2000 r--s 00009000 08:02 28182193                   /home/ivan/tools/android/android-studio/gradle/gradle-2.8/lib/plugins/gradle-resources-http-2.8.jar
7fa8bcbb2000-7fa8bcbb5000 r--s 00011000 08:02 28186619                   /home/ivan/tools/android/android-studio/gradle/gradle-2.8/lib/plugins/gradle-plugin-use-2.8.jar
7fa8bcbb5000-7fa8bcbb6000 r--s 00007000 08:02 28186627                   /home/ivan/tools/android/android-studio/gradle/gradle-2.8/lib/plugins/wagon-http-shared4-2.4.jar
7fa8bcbb6000-7fa8bcbba000 r--s 00033000 08:02 28182210                   /home/ivan/tools/android/android-studio/gradle/gradle-2.8/lib/plugins/plexus-utils-2.0.6.jar
7fa8bcbba000-7fa8bcbbe000 r--s 00021000 08:02 28186654                   /home/ivan/tools/android/android-studio/gradle/gradle-2.8/lib/plugins/maven-model-builder-3.0.4.jar
7fa8bcbbe000-7fa8bcbbf000 r--s 00002000 08:02 28186621                   /home/ivan/tools/android/android-studio/gradle/gradle-2.8/lib/plugins/wagon-file-2.4.jar
7fa8bcbbf000-7fa8bcbc1000 r--s 00002000 08:02 28182206                   /home/ivan/tools/android/android-studio/gradle/gradle-2.8/lib/plugins/plexus-cipher-1.7.jar
7fa8bcbc1000-7fa8bcbc4000 r--s 00013000 08:02 28186634                   /home/ivan/tools/android/android-studio/gradle/gradle-2.8/lib/plugins/aether-api-1.13.1.jar
7fa8bcbc4000-7fa8bcbc6000 r--s 0000a000 08:02 28182191                   /home/ivan/tools/android/android-studio/gradle/gradle-2.8/lib/plugins/maven-settings-3.0.4.jar
7fa8bcbc6000-7fa8bcbc8000 r--s 0000d000 08:02 28186633                   /home/ivan/tools/android/android-studio/gradle/gradle-2.8/lib/plugins/plexus-interpolation-1.14.jar
7fa8bcbc8000-7fa8bcbca000 r--s 0000b000 08:02 28182192                   /home/ivan/tools/android/android-studio/gradle/gradle-2.8/lib/plugins/maven-artifact-3.0.4.jar
7fa8bcbca000-7fa8bcbd1000 r--s 0002e000 08:02 28186659                   /home/ivan/tools/android/android-studio/gradle/gradle-2.8/lib/plugins/plexus-container-default-1.5.5.jar
7fa8bcbd1000-7fa8bcbd3000 r--s 0000b000 08:02 28182204                   /home/ivan/tools/android/android-studio/gradle/gradle-2.8/lib/plugins/maven-plugin-api-3.0.4.jar
7fa8bcbd3000-7fa8bcbd5000 r--s 00000000 08:02 28186620                   /home/ivan/tools/android/android-studio/gradle/gradle-2.8/lib/plugins/plexus-component-annotations-1.5.5.jar
7fa8bcbd5000-7fa8bcbdb000 r--s 0003f000 08:02 28186622                   /home/ivan/tools/android/android-studio/gradle/gradle-2.8/lib/plugins/maven-compat-3.0.4.jar
7fa8bcbdb000-7fa8bcbde000 r--s 00008000 08:02 28182199                   /home/ivan/tools/android/android-studio/gradle/gradle-2.8/lib/plugins/maven-settings-builder-3.0.4.jar
7fa8bcbde000-7fa8bcbe0000 r--s 00026000 08:02 28186650                   /home/ivan/tools/android/android-studio/gradle/gradle-2.8/lib/plugins/maven-model-3.0.4.jar
7fa8bcbe0000-7fa8bcbe2000 r--s 00006000 08:02 28182197                   /home/ivan/tools/android/android-studio/gradle/gradle-2.8/lib/plugins/aether-connector-wagon-1.13.1.jar
7fa8bcbe2000-7fa8bcbe4000 r--s 0000a000 08:02 28186624                   /home/ivan/tools/android/android-studio/gradle/gradle-2.8/lib/plugins/plexus-classworlds-2.4.jar
7fa8bcbe4000-7fa8bcbe6000 r--s 00006000 08:02 28182201                   /home/ivan/tools/android/android-studio/gradle/gradle-2.8/lib/plugins/maven-repository-metadata-3.0.4.jar
7fa8bcbe6000-7fa8bcbe8000 r--s 0000c000 08:02 28186618                   /home/ivan/tools/android/android-studio/gradle/gradle-2.8/lib/plugins/maven-aether-provider-3.0.4.jar
7fa8bcbe8000-7fa8bcbea000 r--s 0000b000 08:02 28186625                   /home/ivan/tools/android/android-studio/gradle/gradle-2.8/lib/plugins/wagon-provider-api-2.4.jar
7fa8bcbea000-7fa8bcbee000 r--s 0001c000 08:02 28186636                   /home/ivan/tools/android/android-studio/gradle/gradle-2.8/lib/plugins/aether-util-1.13.1.jar
7fa8bcbee000-7fa8bcbf1000 r--s 0001d000 08:02 28186647                   /home/ivan/tools/android/android-studio/gradle/gradle-2.8/lib/plugins/aether-impl-1.13.1.jar
7fa8bcbf1000-7fa8bcbf5000 r--s 0003d000 08:02 28186701                   /home/ivan/tools/android/android-studio/gradle/gradle-2.8/lib/plugins/jsch-0.1.51.jar
7fa8bcbf5000-7fa8bcc35000 r--s 00277000 08:02 28186712                   /home/ivan/tools/android/android-studio/gradle/gradle-2.8/lib/plugins/bcprov-jdk15on-1.51.jar
7fa8bcc35000-7fa8bcc39000 r--s 0001d000 08:02 28186730                   /home/ivan/tools/android/android-studio/gradle/gradle-2.8/lib/plugins/xbean-reflect-3.4.jar
7fa8bcc39000-7fa8bcc45000 r--s 0007d000 08:02 28186640                   /home/ivan/tools/android/android-studio/gradle/gradle-2.8/lib/plugins/maven-core-3.0.4.jar
7fa8bcc45000-7fa8bcc54000 r--s 000d9000 08:02 28186707                   /home/ivan/tools/android/android-studio/gradle/gradle-2.8/lib/plugins/ivy-2.2.0.jar
7fa8bcc54000-7fa8bcc58000 r-xp 00000000 08:02 27396148                   /home/ivan/.gradle/native/19/linux-amd64/libnative-platform.so
7fa8bcc58000-7fa8bce57000 ---p 00004000 08:02 27396148                   /home/ivan/.gradle/native/19/linux-amd64/libnative-platform.so
7fa8bce57000-7fa8bce58000 rw-p 00003000 08:02 27396148                   /home/ivan/.gradle/native/19/linux-amd64/libnative-platform.so
7fa8bce58000-7fa8bce68000 r-xp 00000000 08:02 2625910                    /usr/lib/jvm/java-7-openjdk-amd64/jre/lib/amd64/libnio.so
7fa8bce68000-7fa8bd068000 ---p 00010000 08:02 2625910                    /usr/lib/jvm/java-7-openjdk-amd64/jre/lib/amd64/libnio.so
7fa8bd068000-7fa8bd069000 r--p 00010000 08:02 2625910                    /usr/lib/jvm/java-7-openjdk-amd64/jre/lib/amd64/libnio.so
7fa8bd069000-7fa8bd06a000 rw-p 00011000 08:02 2625910                    /usr/lib/jvm/java-7-openjdk-amd64/jre/lib/amd64/libnio.so
7fa8bd06a000-7fa8bd09b000 rw-p 00000000 00:00 0 
7fa8bd09b000-7fa8bd0d8000 r-xp 00000000 08:02 13447                      /lib/x86_64-linux-gnu/libpcre.so.3.13.1
7fa8bd0d8000-7fa8bd2d7000 ---p 0003d000 08:02 13447                      /lib/x86_64-linux-gnu/libpcre.so.3.13.1
7fa8bd2d7000-7fa8bd2d8000 r--p 0003c000 08:02 13447                      /lib/x86_64-linux-gnu/libpcre.so.3.13.1
7fa8bd2d8000-7fa8bd2d9000 rw-p 0003d000 08:02 13447                      /lib/x86_64-linux-gnu/libpcre.so.3.13.1
7fa8bd2d9000-7fa8bd2e0000 r-xp 00000000 08:02 21389                      /usr/lib/x86_64-linux-gnu/libffi.so.6.0.1
7fa8bd2e0000-7fa8bd4df000 ---p 00007000 08:02 21389                      /usr/lib/x86_64-linux-gnu/libffi.so.6.0.1
7fa8bd4df000-7fa8bd4e0000 r--p 00006000 08:02 21389                      /usr/lib/x86_64-linux-gnu/libffi.so.6.0.1
7fa8bd4e0000-7fa8bd4e1000 rw-p 00007000 08:02 21389                      /usr/lib/x86_64-linux-gnu/libffi.so.6.0.1
7fa8bd4e1000-7fa8bd4f8000 r-xp 00000000 08:02 3147                       /lib/x86_64-linux-gnu/libresolv-2.19.so
7fa8bd4f8000-7fa8bd6f8000 ---p 00017000 08:02 3147                       /lib/x86_64-linux-gnu/libresolv-2.19.so
7fa8bd6f8000-7fa8bd6f9000 r--p 00017000 08:02 3147                       /lib/x86_64-linux-gnu/libresolv-2.19.so
7fa8bd6f9000-7fa8bd6fa000 rw-p 00018000 08:02 3147                       /lib/x86_64-linux-gnu/libresolv-2.19.so
7fa8bd6fa000-7fa8bd6fc000 rw-p 00000000 00:00 0 
7fa8bd6fc000-7fa8bd71c000 r-xp 00000000 08:02 13524                      /lib/x86_64-linux-gnu/libselinux.so.1
7fa8bd71c000-7fa8bd91b000 ---p 00020000 08:02 13524                      /lib/x86_64-linux-gnu/libselinux.so.1
7fa8bd91b000-7fa8bd91c000 r--p 0001f000 08:02 13524                      /lib/x86_64-linux-gnu/libselinux.so.1
7fa8bd91c000-7fa8bd91d000 rw-p 00020000 08:02 13524                      /lib/x86_64-linux-gnu/libselinux.so.1
7fa8bd91d000-7fa8bd91f000 rw-p 00000000 00:00 0 
7fa8bd91f000-7fa8bd922000 r-xp 00000000 08:02 28550                      /usr/lib/x86_64-linux-gnu/libgmodule-2.0.so.0.4002.0
7fa8bd922000-7fa8bdb21000 ---p 00003000 08:02 28550                      /usr/lib/x86_64-linux-gnu/libgmodule-2.0.so.0.4002.0
7fa8bdb21000-7fa8bdb22000 r--p 00002000 08:02 28550                      /usr/lib/x86_64-linux-gnu/libgmodule-2.0.so.0.4002.0
7fa8bdb22000-7fa8bdb23000 rw-p 00003000 08:02 28550                      /usr/lib/x86_64-linux-gnu/libgmodule-2.0.so.0.4002.0
7fa8bdb23000-7fa8bdc29000 r-xp 00000000 08:02 13425                      /lib/x86_64-linux-gnu/libglib-2.0.so.0.4002.0
7fa8bdc29000-7fa8bde28000 ---p 00106000 08:02 13425                      /lib/x86_64-linux-gnu/libglib-2.0.so.0.4002.0
7fa8bde28000-7fa8bde29000 r--p 00105000 08:02 13425                      /lib/x86_64-linux-gnu/libglib-2.0.so.0.4002.0
7fa8bde29000-7fa8bde2a000 rw-p 00106000 08:02 13425                      /lib/x86_64-linux-gnu/libglib-2.0.so.0.4002.0
7fa8bde2a000-7fa8bde2b000 rw-p 00000000 00:00 0 
7fa8bde2b000-7fa8bde7a000 r-xp 00000000 08:02 28566                      /usr/lib/x86_64-linux-gnu/libgobject-2.0.so.0.4002.0
7fa8bde7a000-7fa8be07a000 ---p 0004f000 08:02 28566                      /usr/lib/x86_64-linux-gnu/libgobject-2.0.so.0.4002.0
7fa8be07a000-7fa8be07b000 r--p 0004f000 08:02 28566                      /usr/lib/x86_64-linux-gnu/libgobject-2.0.so.0.4002.0
7fa8be07b000-7fa8be07c000 rw-p 00050000 08:02 28566                      /usr/lib/x86_64-linux-gnu/libgobject-2.0.so.0.4002.0
7fa8be07c000-7fa8be1e8000 r-xp 00000000 08:02 28538                      /usr/lib/x86_64-linux-gnu/libgio-2.0.so.0.4002.0
7fa8be1e8000-7fa8be3e7000 ---p 0016c000 08:02 28538                      /usr/lib/x86_64-linux-gnu/libgio-2.0.so.0.4002.0
7fa8be3e7000-7fa8be3eb000 r--p 0016b000 08:02 28538                      /usr/lib/x86_64-linux-gnu/libgio-2.0.so.0.4002.0
7fa8be3eb000-7fa8be3ed000 rw-p 0016f000 08:02 28538                      /usr/lib/x86_64-linux-gnu/libgio-2.0.so.0.4002.0
7fa8be3ed000-7fa8be3ef000 rw-p 00000000 00:00 0 
7fa8be3ef000-7fa8be3f0000 r--s 00002000 08:02 28186655                   /home/ivan/tools/android/android-studio/gradle/gradle-2.8/lib/plugins/wagon-http-2.4.jar
7fa8be3f0000-7fa8be3f1000 r--s 00003000 08:02 28186653                   /home/ivan/tools/android/android-studio/gradle/gradle-2.8/lib/plugins/aether-spi-1.13.1.jar
7fa8be3f1000-7fa8be3f2000 r--s 00006000 08:02 28186623                   /home/ivan/tools/android/android-studio/gradle/gradle-2.8/lib/plugins/plexus-sec-dispatcher-1.3.jar
7fa8be3f2000-7fa8be3f7000 r--s 0002a000 08:02 28186689                   /home/ivan/tools/android/android-studio/gradle/gradle-2.8/lib/plugins/gson-2.2.4.jar
7fa8be3f7000-7fa8be413000 r--s 000ca000 08:02 28182198                   /home/ivan/tools/android/android-studio/gradle/gradle-2.8/lib/plugins/gradle-dependency-management-2.8.jar
7fa8be413000-7fa8be42a000 r-xp 00000000 08:02 2625929                    /usr/lib/jvm/java-7-openjdk-amd64/jre/lib/amd64/libnet.so
7fa8be42a000-7fa8be629000 ---p 00017000 08:02 2625929                    /usr/lib/jvm/java-7-openjdk-amd64/jre/lib/amd64/libnet.so
7fa8be629000-7fa8be62a000 r--p 00016000 08:02 2625929                    /usr/lib/jvm/java-7-openjdk-amd64/jre/lib/amd64/libnet.so
7fa8be62a000-7fa8be62b000 rw-p 00017000 08:02 2625929                    /usr/lib/jvm/java-7-openjdk-amd64/jre/lib/amd64/libnet.so
7fa8be62b000-7fa8be62c000 r--s 00006000 08:02 28186664                   /home/ivan/tools/android/android-studio/gradle/gradle-2.8/lib/gradle-wrapper-2.8.jar
7fa8be62c000-7fa8be637000 r--s 0003a000 08:02 28186669                   /home/ivan/tools/android/android-studio/gradle/gradle-2.8/lib/gradle-tooling-api-2.8.jar
7fa8be637000-7fa8be639000 r--s 00002000 08:02 28186661                   /home/ivan/tools/android/android-studio/gradle/gradle-2.8/lib/gradle-open-api-2.8.jar
7fa8be639000-7fa8be63f000 r--s 00032000 08:02 28186736                   /home/ivan/tools/android/android-studio/gradle/gradle-2.8/lib/jaxen-1.1.jar
7fa8be63f000-7fa8be644000 r--s 00048000 08:02 28186756                   /home/ivan/tools/android/android-studio/gradle/gradle-2.8/lib/dom4j-1.6.1.jar
7fa8be644000-7fa8be64f000 r--s 00059000 08:02 28186665                   /home/ivan/tools/android/android-studio/gradle/gradle-2.8/lib/gradle-ui-2.8.jar
7fa8be64f000-7fa8be652000 r--s 00008000 08:02 28186666                   /home/ivan/tools/android/android-studio/gradle/gradle-2.8/lib/gradle-resources-2.8.jar
7fa8be652000-7fa8be654000 r--s 00007000 08:02 28186753                   /home/ivan/tools/android/android-studio/gradle/gradle-2.8/lib/objenesis-1.2.jar
7fa8be654000-7fa8be656000 r--s 00000000 08:02 28186754                   /home/ivan/tools/android/android-studio/gradle/gradle-2.8/lib/minlog-1.2.jar
7fa8be656000-7fa8be658000 r--s 0000f000 08:02 28186686                   /home/ivan/tools/android/android-studio/gradle/gradle-2.8/lib/reflectasm-1.07-shaded.jar
7fa8be658000-7fa8be65c000 r--s 00026000 08:02 28186735                   /home/ivan/tools/android/android-studio/gradle/gradle-2.8/lib/kryo-2.20.jar
7fa8be65c000-7fa8be665000 r--s 0003f000 08:02 28186668                   /home/ivan/tools/android/android-studio/gradle/gradle-2.8/lib/gradle-messaging-2.8.jar
7fa8be665000-7fa8be666000 r--s 00003000 08:02 28186740                   /home/ivan/tools/android/android-studio/gradle/gradle-2.8/lib/native-platform-freebsd-amd64-0.10.jar
7fa8be666000-7fa8be667000 r--s 00003000 08:02 28186734                   /home/ivan/tools/android/android-studio/gradle/gradle-2.8/lib/native-platform-freebsd-i386-0.10.jar
7fa8be667000-7fa8be668000 r--s 00005000 08:02 28186751                   /home/ivan/tools/android/android-studio/gradle/gradle-2.8/lib/native-platform-windows-i386-0.10.jar
7fa8be668000-7fa8be669000 r--s 00005000 08:02 28186737                   /home/ivan/tools/android/android-studio/gradle/gradle-2.8/lib/native-platform-windows-amd64-0.10.jar
7fa8be669000-7fa8be66a000 r--s 00003000 08:02 28186741                   /home/ivan/tools/android/android-studio/gradle/gradle-2.8/lib/native-platform-linux-i386-0.10.jar
7fa8be66a000-7fa8be66b000 r--s 00003000 08:02 28186749                   /home/ivan/tools/android/android-studio/gradle/gradle-2.8/lib/native-platform-linux-amd64-0.10.jar
7fa8be66b000-7fa8be66c000 r--s 00002000 08:02 28186688                   /home/ivan/tools/android/android-studio/gradle/gradle-2.8/lib/native-platform-osx-amd64-0.10.jar
7fa8be66c000-7fa8be66d000 r--s 00002000 08:02 28186758                   /home/ivan/tools/android/android-studio/gradle/gradle-2.8/lib/native-platform-osx-i386-0.10.jar
7fa8be66d000-7fa8be66f000 r--s 00008000 08:02 28186739                   /home/ivan/tools/android/android-studio/gradle/gradle-2.8/lib/jansi-1.2.1.jar
7fa8be66f000-7fa8be672000 r--s 0000d000 08:02 28186747                   /home/ivan/tools/android/android-studio/gradle/gradle-2.8/lib/native-platform-0.10.jar
7fa8be672000-7fa8be676000 r--s 000e4000 08:02 28186752                   /home/ivan/tools/android/android-studio/gradle/gradle-2.8/lib/jna-3.2.7.jar
7fa8be676000-7fa8be678000 r--s 00008000 08:02 28182189                   /home/ivan/tools/android/android-studio/gradle/gradle-2.8/lib/gradle-native-2.8.jar
7fa8be678000-7fa8be67a000 r--s 00005000 08:02 28186660                   /home/ivan/tools/android/android-studio/gradle/gradle-2.8/lib/gradle-cli-2.8.jar
7fa8be67a000-7fa8be67b000 r--s 00007000 08:02 28186662                   /home/ivan/tools/android/android-studio/gradle/gradle-2.8/lib/gradle-model-groovy-2.8.jar
7fa8be67b000-7fa8be67c000 r--s 00006000 08:02 28186675                   /home/ivan/tools/android/android-studio/gradle/gradle-2.8/lib/gradle-base-services-groovy-2.8.jar
7fa8be67c000-7fa8be688000 r--s 00067000 08:02 28186673                   /home/ivan/tools/android/android-studio/gradle/gradle-2.8/lib/gradle-model-core-2.8.jar
7fa8be688000-7fa8be689000 r--s 00000000 08:02 28186671                   /home/ivan/tools/android/android-studio/gradle/gradle-2.8/lib/gradle-docs-2.8.jar
7fa8be689000-7fa8be68b000 r--s 00003000 08:02 28186738                   /home/ivan/tools/android/android-studio/gradle/gradle-2.8/lib/jcl-over-slf4j-1.7.10.jar
7fa8be68b000-7fa8be68c000 r--s 00005000 08:02 28186733                   /home/ivan/tools/android/android-studio/gradle/gradle-2.8/lib/log4j-over-slf4j-1.7.10.jar
7fa8be68c000-7fa8be68d000 r--s 00000000 08:02 28186745                   /home/ivan/tools/android/android-studio/gradle/gradle-2.8/lib/javax.inject-1.jar
7fa8be68d000-7fa8be690000 r--s 0001b000 08:02 28186687                   /home/ivan/tools/android/android-studio/gradle/gradle-2.8/lib/jarjar-1.3.jar
7fa8be690000-7fa8be6ff000 r--s 0063e000 08:02 28186667                   /home/ivan/tools/android/android-studio/gradle/gradle-2.8/lib/groovy-all-2.4.4.jar
7fa8be6ff000-7fa8be700000 ---p 00000000 00:00 0 
7fa8be700000-7fa8c1000000 rw-p 00000000 00:00 0                          [stack:26255]
7fa8c1000000-7fa8c1540000 rwxp 00000000 00:00 0 
7fa8c1540000-7fa8c4a9a000 rw-p 00000000 00:00 0 
7fa8c4a9a000-7fa8c8000000 ---p 00000000 00:00 0 
7fa8c8000000-7fa8c8002000 r--s 00000000 08:02 28186742                   /home/ivan/tools/android/android-studio/gradle/gradle-2.8/lib/jul-to-slf4j-1.7.10.jar
7fa8c8002000-7fa8c8003000 r--s 00000000 08:02 28186757                   /home/ivan/tools/android/android-studio/gradle/gradle-2.8/lib/jcip-annotations-1.0.jar
7fa8c8003000-7fa8c8006000 r--s 00018000 08:02 28186744                   /home/ivan/tools/android/android-studio/gradle/gradle-2.8/lib/commons-io-1.4.jar
7fa8c8006000-7fa8c8014000 r--s 0007f000 08:02 28186743                   /home/ivan/tools/android/android-studio/gradle/gradle-2.8/lib/commons-collections-3.2.1.jar
7fa8c8014000-7fa8c8019000 r--s 00036000 08:02 28186750                   /home/ivan/tools/android/android-studio/gradle/gradle-2.8/lib/asm-all-5.0.3.jar
7fa8c8019000-7fa8c801e000 r--s 00041000 08:02 28186748                   /home/ivan/tools/android/android-studio/gradle/gradle-2.8/lib/commons-lang-2.6.jar
7fa8c801e000-7fa8c8046000 r--s 001cf000 08:02 28186746                   /home/ivan/tools/android/android-studio/gradle/gradle-2.8/lib/guava-jdk5-17.0.jar
7fa8c8046000-7fa8c8047000 r--s 00007000 08:02 28186755                   /home/ivan/tools/android/android-studio/gradle/gradle-2.8/lib/slf4j-api-1.7.10.jar
7fa8c8047000-7fa8c8048000 r--s 00004000 08:02 28186663                   /home/ivan/tools/android/android-studio/gradle/gradle-2.8/lib/ant-launcher-1.9.3.jar
7fa8c8048000-7fa8c8067000 r--s 001cc000 08:02 28186672                   /home/ivan/tools/android/android-studio/gradle/gradle-2.8/lib/ant-1.9.3.jar
7fa8c8067000-7fa8c806e000 r--s 00032000 08:02 28186674                   /home/ivan/tools/android/android-studio/gradle/gradle-2.8/lib/gradle-base-services-2.8.jar
7fa8c806e000-7fa8c80a4000 r--s 001b5000 08:02 28182188                   /home/ivan/tools/android/android-studio/gradle/gradle-2.8/lib/gradle-core-2.8.jar
7fa8c80a4000-7fa8c80ae000 r--s 0004a000 08:02 28186670                   /home/ivan/tools/android/android-studio/gradle/gradle-2.8/lib/gradle-launcher-2.8.jar
7fa8c80ae000-7fa8c80b1000 ---p 00000000 00:00 0 
7fa8c80b1000-7fa8c81af000 rw-p 00000000 00:00 0                          [stack:26254]
7fa8c81af000-7fa8c81b2000 ---p 00000000 00:00 0 
7fa8c81b2000-7fa8c82b0000 rw-p 00000000 00:00 0                          [stack:26253]
7fa8c82b0000-7fa8c82b3000 ---p 00000000 00:00 0 
7fa8c82b3000-7fa8c83b1000 rw-p 00000000 00:00 0                          [stack:26252]
7fa8c83b1000-7fa8c83b4000 ---p 00000000 00:00 0 
7fa8c83b4000-7fa8c84b2000 rw-p 00000000 00:00 0                          [stack:26251]
7fa8c84b2000-7fa8c8cc5000 r--p 00000000 08:02 27195                      /usr/lib/locale/locale-archive
7fa8c8cc5000-7fa8c8cc8000 ---p 00000000 00:00 0 
7fa8c8cc8000-7fa8c8dc6000 rw-p 00000000 00:00 0                          [stack:26250]
7fa8c8dc6000-7fa8c8dc9000 ---p 00000000 00:00 0 
7fa8c8dc9000-7fa8c8ec7000 rw-p 00000000 00:00 0                          [stack:26249]
7fa8c8ec7000-7fa8c8ec8000 ---p 00000000 00:00 0 
7fa8c8ec8000-7fa8c9fc5000 rw-p 00000000 00:00 0                          [stack:26248]
7fa8c9fc5000-7fa8ca177000 r--s 01d2f000 08:02 2625893                    /usr/lib/jvm/java-7-openjdk-amd64/jre/lib/rt.jar
7fa8ca177000-7fa8ca4f0000 rw-p 00000000 00:00 0 
7fa8ca4f0000-7fa8ca4f1000 ---p 00000000 00:00 0 
7fa8ca4f1000-7fa8ca5f1000 rw-p 00000000 00:00 0                          [stack:26247]
7fa8ca5f1000-7fa8ca5f2000 ---p 00000000 00:00 0 
7fa8ca5f2000-7fa8ca6f2000 rw-p 00000000 00:00 0                          [stack:26246]
7fa8ca6f2000-7fa8ca6f3000 ---p 00000000 00:00 0 
7fa8ca6f3000-7fa8ca7f3000 rw-p 00000000 00:00 0                          [stack:26245]
7fa8ca7f3000-7fa8ca7f4000 ---p 00000000 00:00 0 
7fa8ca7f4000-7fa8ca924000 rw-p 00000000 00:00 0                          [stack:26244]
7fa8ca924000-7fa8ca974000 rw-p 00000000 00:00 0 
7fa8ca974000-7fa8ca99d000 rw-p 00000000 00:00 0 
7fa8ca99d000-7fa8caaca000 rw-p 00000000 00:00 0 
7fa8caaca000-7fa8caafa000 rw-p 00000000 00:00 0 
7fa8caafa000-7fa8cab4a000 rw-p 00000000 00:00 0 
7fa8cab4a000-7fa8cab73000 rw-p 00000000 00:00 0 
7fa8cab73000-7fa8cac9f000 rw-p 00000000 00:00 0 
7fa8cac9f000-7fa8cad10000 rw-p 00000000 00:00 0 
7fa8cad10000-7fa8cad29000 ---p 00000000 00:00 0 
7fa8cad29000-7fa8cad4a000 rw-p 00000000 00:00 0 
7fa8cad4a000-7fa8cad4b000 rw-p 00000000 00:00 0 
7fa8cad4b000-7fa8cad53000 r-xp 00000000 08:02 2625902                    /usr/lib/jvm/java-7-openjdk-amd64/jre/lib/amd64/libzip.so
7fa8cad53000-7fa8caf52000 ---p 00008000 08:02 2625902                    /usr/lib/jvm/java-7-openjdk-amd64/jre/lib/amd64/libzip.so
7fa8caf52000-7fa8caf53000 r--p 00007000 08:02 2625902                    /usr/lib/jvm/java-7-openjdk-amd64/jre/lib/amd64/libzip.so
7fa8caf53000-7fa8caf54000 rw-p 00008000 08:02 2625902                    /usr/lib/jvm/java-7-openjdk-amd64/jre/lib/amd64/libzip.so
7fa8caf54000-7fa8caf5f000 r-xp 00000000 08:02 3187                       /lib/x86_64-linux-gnu/libnss_files-2.19.so
7fa8caf5f000-7fa8cb15e000 ---p 0000b000 08:02 3187                       /lib/x86_64-linux-gnu/libnss_files-2.19.so
7fa8cb15e000-7fa8cb15f000 r--p 0000a000 08:02 3187                       /lib/x86_64-linux-gnu/libnss_files-2.19.so
7fa8cb15f000-7fa8cb160000 rw-p 0000b000 08:02 3187                       /lib/x86_64-linux-gnu/libnss_files-2.19.so
7fa8cb160000-7fa8cb16b000 r-xp 00000000 08:02 3171                       /lib/x86_64-linux-gnu/libnss_nis-2.19.so
7fa8cb16b000-7fa8cb36a000 ---p 0000b000 08:02 3171                       /lib/x86_64-linux-gnu/libnss_nis-2.19.so
7fa8cb36a000-7fa8cb36b000 r--p 0000a000 08:02 3171                       /lib/x86_64-linux-gnu/libnss_nis-2.19.so
7fa8cb36b000-7fa8cb36c000 rw-p 0000b000 08:02 3171                       /lib/x86_64-linux-gnu/libnss_nis-2.19.so
7fa8cb36c000-7fa8cb383000 r-xp 00000000 08:02 3163                       /lib/x86_64-linux-gnu/libnsl-2.19.so
7fa8cb383000-7fa8cb582000 ---p 00017000 08:02 3163                       /lib/x86_64-linux-gnu/libnsl-2.19.so
7fa8cb582000-7fa8cb583000 r--p 00016000 08:02 3163                       /lib/x86_64-linux-gnu/libnsl-2.19.so
7fa8cb583000-7fa8cb584000 rw-p 00017000 08:02 3163                       /lib/x86_64-linux-gnu/libnsl-2.19.so
7fa8cb584000-7fa8cb586000 rw-p 00000000 00:00 0 
7fa8cb586000-7fa8cb58f000 r-xp 00000000 08:02 3161                       /lib/x86_64-linux-gnu/libnss_compat-2.19.so
7fa8cb58f000-7fa8cb78e000 ---p 00009000 08:02 3161                       /lib/x86_64-linux-gnu/libnss_compat-2.19.so
7fa8cb78e000-7fa8cb78f000 r--p 00008000 08:02 3161                       /lib/x86_64-linux-gnu/libnss_compat-2.19.so
7fa8cb78f000-7fa8cb790000 rw-p 00009000 08:02 3161                       /lib/x86_64-linux-gnu/libnss_compat-2.19.so
7fa8cb790000-7fa8cb7bb000 r-xp 00000000 08:02 2625925                    /usr/lib/jvm/java-7-openjdk-amd64/jre/lib/amd64/libjava.so
7fa8cb7bb000-7fa8cb9bb000 ---p 0002b000 08:02 2625925                    /usr/lib/jvm/java-7-openjdk-amd64/jre/lib/amd64/libjava.so
7fa8cb9bb000-7fa8cb9bc000 r--p 0002b000 08:02 2625925                    /usr/lib/jvm/java-7-openjdk-amd64/jre/lib/amd64/libjava.so
7fa8cb9bc000-7fa8cb9be000 rw-p 0002c000 08:02 2625925                    /usr/lib/jvm/java-7-openjdk-amd64/jre/lib/amd64/libjava.so
7fa8cb9be000-7fa8cb9ce000 r-xp 00000000 08:02 2625907                    /usr/lib/jvm/java-7-openjdk-amd64/jre/lib/amd64/libverify.so
7fa8cb9ce000-7fa8cbbcd000 ---p 00010000 08:02 2625907                    /usr/lib/jvm/java-7-openjdk-amd64/jre/lib/amd64/libverify.so
7fa8cbbcd000-7fa8cbbcf000 r--p 0000f000 08:02 2625907                    /usr/lib/jvm/java-7-openjdk-amd64/jre/lib/amd64/libverify.so
7fa8cbbcf000-7fa8cbbd0000 rw-p 00011000 08:02 2625907                    /usr/lib/jvm/java-7-openjdk-amd64/jre/lib/amd64/libverify.so
7fa8cbbd0000-7fa8cbbd7000 r-xp 00000000 08:02 3179                       /lib/x86_64-linux-gnu/librt-2.19.so
7fa8cbbd7000-7fa8cbdd6000 ---p 00007000 08:02 3179                       /lib/x86_64-linux-gnu/librt-2.19.so
7fa8cbdd6000-7fa8cbdd7000 r--p 00006000 08:02 3179                       /lib/x86_64-linux-gnu/librt-2.19.so
7fa8cbdd7000-7fa8cbdd8000 rw-p 00007000 08:02 3179                       /lib/x86_64-linux-gnu/librt-2.19.so
7fa8cbdd8000-7fa8cbdee000 r-xp 00000000 08:02 3455                       /lib/x86_64-linux-gnu/libgcc_s.so.1
7fa8cbdee000-7fa8cbfed000 ---p 00016000 08:02 3455                       /lib/x86_64-linux-gnu/libgcc_s.so.1
7fa8cbfed000-7fa8cbfee000 r--p 00015000 08:02 3455                       /lib/x86_64-linux-gnu/libgcc_s.so.1
7fa8cbfee000-7fa8cbfef000 rw-p 00016000 08:02 3455                       /lib/x86_64-linux-gnu/libgcc_s.so.1
7fa8cbfef000-7fa8cc0f4000 r-xp 00000000 08:02 3151                       /lib/x86_64-linux-gnu/libm-2.19.so
7fa8cc0f4000-7fa8cc2f3000 ---p 00105000 08:02 3151                       /lib/x86_64-linux-gnu/libm-2.19.so
7fa8cc2f3000-7fa8cc2f4000 r--p 00104000 08:02 3151                       /lib/x86_64-linux-gnu/libm-2.19.so
7fa8cc2f4000-7fa8cc2f5000 rw-p 00105000 08:02 3151                       /lib/x86_64-linux-gnu/libm-2.19.so
7fa8cc2f5000-7fa8cc3e2000 r-xp 00000000 08:02 9486                       /usr/lib/x86_64-linux-gnu/libstdc++.so.6.0.20
7fa8cc3e2000-7fa8cc5e2000 ---p 000ed000 08:02 9486                       /usr/lib/x86_64-linux-gnu/libstdc++.so.6.0.20
7fa8cc5e2000-7fa8cc5ea000 r--p 000ed000 08:02 9486                       /usr/lib/x86_64-linux-gnu/libstdc++.so.6.0.20
7fa8cc5ea000-7fa8cc5ec000 rw-p 000f5000 08:02 9486                       /usr/lib/x86_64-linux-gnu/libstdc++.so.6.0.20
7fa8cc5ec000-7fa8cc601000 rw-p 00000000 00:00 0 
7fa8cc601000-7fa8cd126000 r-xp 00000000 08:02 2625903                    /usr/lib/jvm/java-7-openjdk-amd64/jre/lib/amd64/server/libjvm.so
7fa8cd126000-7fa8cd326000 ---p 00b25000 08:02 2625903                    /usr/lib/jvm/java-7-openjdk-amd64/jre/lib/amd64/server/libjvm.so
7fa8cd326000-7fa8cd3c0000 r--p 00b25000 08:02 2625903                    /usr/lib/jvm/java-7-openjdk-amd64/jre/lib/amd64/server/libjvm.so
7fa8cd3c0000-7fa8cd3e3000 rw-p 00bbf000 08:02 2625903                    /usr/lib/jvm/java-7-openjdk-amd64/jre/lib/amd64/server/libjvm.so
7fa8cd3e3000-7fa8cd411000 rw-p 00000000 00:00 0 
7fa8cd411000-7fa8cd429000 r-xp 00000000 08:02 13550                      /lib/x86_64-linux-gnu/libz.so.1.2.8
7fa8cd429000-7fa8cd628000 ---p 00018000 08:02 13550                      /lib/x86_64-linux-gnu/libz.so.1.2.8
7fa8cd628000-7fa8cd629000 r--p 00017000 08:02 13550                      /lib/x86_64-linux-gnu/libz.so.1.2.8
7fa8cd629000-7fa8cd62a000 rw-p 00018000 08:02 13550                      /lib/x86_64-linux-gnu/libz.so.1.2.8
7fa8cd62a000-7fa8cd643000 r-xp 00000000 08:02 3165                       /lib/x86_64-linux-gnu/libpthread-2.19.so
7fa8cd643000-7fa8cd842000 ---p 00019000 08:02 3165                       /lib/x86_64-linux-gnu/libpthread-2.19.so
7fa8cd842000-7fa8cd843000 r--p 00018000 08:02 3165                       /lib/x86_64-linux-gnu/libpthread-2.19.so
7fa8cd843000-7fa8cd844000 rw-p 00019000 08:02 3165                       /lib/x86_64-linux-gnu/libpthread-2.19.so
7fa8cd844000-7fa8cd848000 rw-p 00000000 00:00 0 
7fa8cd848000-7fa8cd84b000 r-xp 00000000 08:02 3155                       /lib/x86_64-linux-gnu/libdl-2.19.so
7fa8cd84b000-7fa8cda4a000 ---p 00003000 08:02 3155                       /lib/x86_64-linux-gnu/libdl-2.19.so
7fa8cda4a000-7fa8cda4b000 r--p 00002000 08:02 3155                       /lib/x86_64-linux-gnu/libdl-2.19.so
7fa8cda4b000-7fa8cda4c000 rw-p 00003000 08:02 3155                       /lib/x86_64-linux-gnu/libdl-2.19.so
7fa8cda4c000-7fa8cdc07000 r-xp 00000000 08:02 3181                       /lib/x86_64-linux-gnu/libc-2.19.so
7fa8cdc07000-7fa8cde06000 ---p 001bb000 08:02 3181                       /lib/x86_64-linux-gnu/libc-2.19.so
7fa8cde06000-7fa8cde0a000 r--p 001ba000 08:02 3181                       /lib/x86_64-linux-gnu/libc-2.19.so
7fa8cde0a000-7fa8cde0c000 rw-p 001be000 08:02 3181                       /lib/x86_64-linux-gnu/libc-2.19.so
7fa8cde0c000-7fa8cde11000 rw-p 00000000 00:00 0 
7fa8cde11000-7fa8cde1e000 r-xp 00000000 08:02 2625897                    /usr/lib/jvm/java-7-openjdk-amd64/jre/lib/amd64/jli/libjli.so
7fa8cde1e000-7fa8ce01d000 ---p 0000d000 08:02 2625897                    /usr/lib/jvm/java-7-openjdk-amd64/jre/lib/amd64/jli/libjli.so
7fa8ce01d000-7fa8ce01e000 r--p 0000c000 08:02 2625897                    /usr/lib/jvm/java-7-openjdk-amd64/jre/lib/amd64/jli/libjli.so
7fa8ce01e000-7fa8ce01f000 rw-p 0000d000 08:02 2625897                    /usr/lib/jvm/java-7-openjdk-amd64/jre/lib/amd64/jli/libjli.so
7fa8ce01f000-7fa8ce042000 r-xp 00000000 08:02 3167                       /lib/x86_64-linux-gnu/ld-2.19.so
7fa8ce042000-7fa8ce046000 r--s 00034000 08:02 2625935                    /usr/lib/jvm/java-7-openjdk-amd64/jre/lib/ext/sunjce_provider.jar
7fa8ce046000-7fa8ce048000 r--s 00012000 08:02 2625936                    /usr/lib/jvm/java-7-openjdk-amd64/jre/lib/ext/zipfs.jar
7fa8ce048000-7fa8ce04b000 r--s 0000f000 08:02 2625939                    /usr/lib/jvm/java-7-openjdk-amd64/jre/lib/ext/icedtea-sound.jar
7fa8ce04b000-7fa8ce04f000 r--s 0003c000 08:02 2625937                    /usr/lib/jvm/java-7-openjdk-amd64/jre/lib/ext/sunpkcs11.jar
7fa8ce04f000-7fa8ce051000 r--s 00006000 08:02 5674                       /usr/share/java/java-atk-wrapper.jar
7fa8ce051000-7fa8ce055000 r--s 00085000 08:02 2625934                    /usr/lib/jvm/java-7-openjdk-amd64/jre/lib/ext/localedata.jar
7fa8ce055000-7fa8ce06a000 rw-p 00000000 00:00 0 
7fa8ce06a000-7fa8ce115000 rw-p 00000000 00:00 0 
7fa8ce115000-7fa8ce118000 ---p 00000000 00:00 0 
7fa8ce118000-7fa8ce21b000 rw-p 00000000 00:00 0                          [stack:26243]
7fa8ce21b000-7fa8ce21c000 r--s 00002000 08:02 2625938                    /usr/lib/jvm/java-7-openjdk-amd64/jre/lib/ext/dnsns.jar
7fa8ce21c000-7fa8ce235000 rw-p 00000000 00:00 0 
7fa8ce235000-7fa8ce23d000 rw-s 00000000 08:02 1312249                    /tmp/hsperfdata_ivan/26240
7fa8ce23d000-7fa8ce23e000 rw-p 00000000 00:00 0 
7fa8ce23e000-7fa8ce23f000 r--p 00000000 00:00 0 
7fa8ce23f000-7fa8ce241000 rw-p 00000000 00:00 0 
7fa8ce241000-7fa8ce242000 r--p 00022000 08:02 3167                       /lib/x86_64-linux-gnu/ld-2.19.so
7fa8ce242000-7fa8ce243000 rw-p 00023000 08:02 3167                       /lib/x86_64-linux-gnu/ld-2.19.so
7fa8ce243000-7fa8ce244000 rw-p 00000000 00:00 0 
7fffa4806000-7fffa4827000 rw-p 00000000 00:00 0                          [stack]
7fffa489e000-7fffa48a0000 r-xp 00000000 00:00 0                          [vdso]
7fffa48a0000-7fffa48a2000 r--p 00000000 00:00 0                          [vvar]
ffffffffff600000-ffffffffff601000 r-xp 00000000 00:00 0                  [vsyscall]

VM Arguments:
jvm_args: -XX:MaxPermSize=256m -XX:+HeapDumpOnOutOfMemoryError -Xmx1024m -Dfile.encoding=UTF-8 -Duser.country=UA -Duser.language=ru -Duser.variant 
java_command: org.gradle.launcher.daemon.bootstrap.GradleDaemon 2.8
Launcher Type: SUN_STANDARD

Environment Variables:
JAVA_HOME=/usr/lib/jvm/java-8-oracle
PATH=/usr/local/sbin:/usr/local/bin:/usr/sbin:/usr/bin:/sbin:/bin:/usr/games:/usr/local/games:/usr/lib/jvm/java-8-oracle/bin:/usr/lib/jvm/java-8-oracle/db/bin:/usr/lib/jvm/java-8-oracle/jre/bin
SHELL=/bin/bash
DISPLAY=:0

Signal Handlers:
SIGSEGV: [libjvm.so+0x955bc0], sa_mask[0]=0x7ffbfeff, sa_flags=0x10000004
SIGBUS: [libjvm.so+0x955bc0], sa_mask[0]=0x7ffbfeff, sa_flags=0x10000004
SIGFPE: [libjvm.so+0x7caff0], sa_mask[0]=0x7ffbfeff, sa_flags=0x10000004
SIGPIPE: SIG_IGN, sa_mask[0]=0x00000000, sa_flags=0x00000000
SIGXFSZ: [libjvm.so+0x7caff0], sa_mask[0]=0x7ffbfeff, sa_flags=0x10000004
SIGILL: [libjvm.so+0x7caff0], sa_mask[0]=0x7ffbfeff, sa_flags=0x10000004
SIGUSR1: SIG_DFL, sa_mask[0]=0x00000000, sa_flags=0x00000000
SIGUSR2: [libjvm.so+0x7cae90], sa_mask[0]=0x00000004, sa_flags=0x10000004
SIGHUP: [libjvm.so+0x7cb070], sa_mask[0]=0x7ffbfeff, sa_flags=0x10000004
SIGINT: [libjvm.so+0x7cb070], sa_mask[0]=0x7ffbfeff, sa_flags=0x10000004
SIGTERM: [libjvm.so+0x7cb070], sa_mask[0]=0x7ffbfeff, sa_flags=0x10000004
SIGQUIT: [libjvm.so+0x7cb070], sa_mask[0]=0x7ffbfeff, sa_flags=0x10000004
SIGTRAP: SIG_DFL, sa_mask[0]=0x00000000, sa_flags=0x00000000


---------------  S Y S T E M  ---------------

OS:Ubuntu 14.04 (trusty)
uname:Linux 3.16.0-67-generic #87~14.04.1-Ubuntu SMP Fri Mar 11 00:26:02 UTC 2016 x86_64
libc:glibc 2.19 NPTL 2.19 
rlimit: STACK 8192k, CORE 0k, NPROC 30684, NOFILE 4096, AS infinity
load average:1,31 1,64 1,82

/proc/meminfo:
MemTotal:        8059688 kB
MemFree:         2743232 kB
MemAvailable:    4482960 kB
Buffers:          198128 kB
Cached:          1789436 kB
SwapCached:            0 kB
Active:          3635192 kB
Inactive:        1332188 kB
Active(anon):    2981432 kB
Inactive(anon):   126912 kB
Active(file):     653760 kB
Inactive(file):  1205276 kB
Unevictable:          68 kB
Mlocked:              68 kB
SwapTotal:       4075516 kB
SwapFree:        4075516 kB
Dirty:             20772 kB
Writeback:             0 kB
AnonPages:       2979896 kB
Mapped:           614068 kB
Shmem:            128532 kB
Slab:             141548 kB
SReclaimable:      99252 kB
SUnreclaim:        42296 kB
KernelStack:       11232 kB
PageTables:        52992 kB
NFS_Unstable:          0 kB
Bounce:                0 kB
WritebackTmp:          0 kB
CommitLimit:     8105360 kB
Committed_AS:    8737440 kB
VmallocTotal:   34359738367 kB
VmallocUsed:      391892 kB
VmallocChunk:   34359325692 kB
HardwareCorrupted:     0 kB
AnonHugePages:   1114112 kB
HugePages_Total:       0
HugePages_Free:        0
HugePages_Rsvd:        0
HugePages_Surp:        0
Hugepagesize:       2048 kB
DirectMap4k:      253892 kB
DirectMap2M:     8017920 kB


CPU:total 4 (2 cores per cpu, 2 threads per core) family 6 model 58 stepping 9, cmov, cx8, fxsr, mmx, sse, sse2, sse3, ssse3, sse4.1, sse4.2, popcnt, avx, erms, ht, tsc, tscinvbit, tscinv

/proc/cpuinfo:
processor	: 0
vendor_id	: GenuineIntel
cpu family	: 6
model		: 58
model name	: Intel(R) Core(TM) i3-3217U CPU @ 1.80GHz
stepping	: 9
microcode	: 0x15
cpu MHz		: 1800.000
cache size	: 3072 KB
physical id	: 0
siblings	: 4
core id		: 0
cpu cores	: 2
apicid		: 0
initial apicid	: 0
fpu		: yes
fpu_exception	: yes
cpuid level	: 13
wp		: yes
flags		: fpu vme de pse tsc msr pae mce cx8 apic sep mtrr pge mca cmov pat pse36 clflush dts acpi mmx fxsr sse sse2 ss ht tm pbe syscall nx rdtscp lm constant_tsc arch_perfmon pebs bts rep_good nopl xtopology nonstop_tsc aperfmperf eagerfpu pni pclmulqdq dtes64 monitor ds_cpl vmx est tm2 ssse3 cx16 xtpr pdcm pcid sse4_1 sse4_2 x2apic popcnt tsc_deadline_timer xsave avx f16c lahf_lm ida arat epb xsaveopt pln pts dtherm tpr_shadow vnmi flexpriority ept vpid fsgsbase smep erms
bogomips	: 3592.06
clflush size	: 64
cache_alignment	: 64
address sizes	: 36 bits physical, 48 bits virtual
power management:

processor	: 1
vendor_id	: GenuineIntel
cpu family	: 6
model		: 58
model name	: Intel(R) Core(TM) i3-3217U CPU @ 1.80GHz
stepping	: 9
microcode	: 0x15
cpu MHz		: 1800.000
cache size	: 3072 KB
physical id	: 0
siblings	: 4
core id		: 1
cpu cores	: 2
apicid		: 2
initial apicid	: 2
fpu		: yes
fpu_exception	: yes
cpuid level	: 13
wp		: yes
flags		: fpu vme de pse tsc msr pae mce cx8 apic sep mtrr pge mca cmov pat pse36 clflush dts acpi mmx fxsr sse sse2 ss ht tm pbe syscall nx rdtscp lm constant_tsc arch_perfmon pebs bts rep_good nopl xtopology nonstop_tsc aperfmperf eagerfpu pni pclmulqdq dtes64 monitor ds_cpl vmx est tm2 ssse3 cx16 xtpr pdcm pcid sse4_1 sse4_2 x2apic popcnt tsc_deadline_timer xsave avx f16c lahf_lm ida arat epb xsaveopt pln pts dtherm tpr_shadow vnmi flexpriority ept vpid fsgsbase smep erms
bogomips	: 3592.06
clflush size	: 64
cache_alignment	: 64
address sizes	: 36 bits physical, 48 bits virtual
power management:

processor	: 2
vendor_id	: GenuineIntel
cpu family	: 6
model		: 58
model name	: Intel(R) Core(TM) i3-3217U CPU @ 1.80GHz
stepping	: 9
microcode	: 0x15
cpu MHz		: 1800.000
cache size	: 3072 KB
physical id	: 0
siblings	: 4
core id		: 0
cpu cores	: 2
apicid		: 1
initial apicid	: 1
fpu		: yes
fpu_exception	: yes
cpuid level	: 13
wp		: yes
flags		: fpu vme de pse tsc msr pae mce cx8 apic sep mtrr pge mca cmov pat pse36 clflush dts acpi mmx fxsr sse sse2 ss ht tm pbe syscall nx rdtscp lm constant_tsc arch_perfmon pebs bts rep_good nopl xtopology nonstop_tsc aperfmperf eagerfpu pni pclmulqdq dtes64 monitor ds_cpl vmx est tm2 ssse3 cx16 xtpr pdcm pcid sse4_1 sse4_2 x2apic popcnt tsc_deadline_timer xsave avx f16c lahf_lm ida arat epb xsaveopt pln pts dtherm tpr_shadow vnmi flexpriority ept vpid fsgsbase smep erms
bogomips	: 3592.06
clflush size	: 64
cache_alignment	: 64
address sizes	: 36 bits physical, 48 bits virtual
power management:

processor	: 3
vendor_id	: GenuineIntel
cpu family	: 6
model		: 58
model name	: Intel(R) Core(TM) i3-3217U CPU @ 1.80GHz
stepping	: 9
microcode	: 0x15
cpu MHz		: 1800.000
cache size	: 3072 KB
physical id	: 0
siblings	: 4
core id		: 1
cpu cores	: 2
apicid		: 3
initial apicid	: 3
fpu		: yes
fpu_exception	: yes
cpuid level	: 13
wp		: yes
flags		: fpu vme de pse tsc msr pae mce cx8 apic sep mtrr pge mca cmov pat pse36 clflush dts acpi mmx fxsr sse sse2 ss ht tm pbe syscall nx rdtscp lm constant_tsc arch_perfmon pebs bts rep_good nopl xtopology nonstop_tsc aperfmperf eagerfpu pni pclmulqdq dtes64 monitor ds_cpl vmx est tm2 ssse3 cx16 xtpr pdcm pcid sse4_1 sse4_2 x2apic popcnt tsc_deadline_timer xsave avx f16c lahf_lm ida arat epb xsaveopt pln pts dtherm tpr_shadow vnmi flexpriority ept vpid fsgsbase smep erms
bogomips	: 3592.06
clflush size	: 64
cache_alignment	: 64
address sizes	: 36 bits physical, 48 bits virtual
power management:



Memory: 4k page, physical 8059688k(2743232k free), swap 4075516k(4075516k free)

vm_info: OpenJDK 64-Bit Server VM (24.95-b01) for linux-amd64 JRE (1.7.0_95-b00), built on Jan 21 2016 03:31:40 by "buildd" with gcc 4.8.4

time: Mon Mar 21 10:23:40 2016
elapsed time: 1685 seconds

