#
# A fatal error has been detected by the Java Runtime Environment:
#
#  SIGSEGV (0xb) at pc=0x00007fe4d8d5f7d1, pid=17406, tid=140620826507008
#
# JRE version: OpenJDK Runtime Environment (7.0_95) (build 1.7.0_95-b00)
# Java VM: OpenJDK 64-Bit Server VM (24.95-b01 mixed mode linux-amd64 compressed oops)
# Derivative: IcedTea 2.6.4
# Distribution: Ubuntu 14.04 LTS, package 7u95-2.6.4-0ubuntu0.14.04.2
# Problematic frame:
# V  [libjvm.so+0x7b87d1]
#
# Failed to write core dump. Core dumps have been disabled. To enable core dumping, try "ulimit -c unlimited" before starting Java again
#
# If you would like to submit a bug report, please include
# instructions on how to reproduce the bug and visit:
#   http://icedtea.classpath.org/bugzilla
#

---------------  T H R E A D  ---------------

Current thread (0x00007fe4d0023800):  GCTaskThread [stack: 0x00007fe4d6597000,0x00007fe4d6698000] [id=17410]

siginfo:si_signo=SIGSEGV: si_errno=0, si_code=128 (), si_addr=0x0000000000000000

Registers:
RAX=0x0000000000000004, RBX=0x00000000c0b76728, RCX=0x0000000000000004, RDX=0x0000000000000010
RSP=0x00007fe4d6696c10, RBP=0x00007fe4d6696c80, RSI=0x00007fe4c5800000, RDI=0x0000000000000000
R8 =0x00007fe4d939aee0, R9 =0x0000000000000000, R10=0x007fffffffa80000, R11=0x0000000000000024
R12=0x00000000c0b76710, R13=0x00000000c0b76744, R14=0x0000000000000021, R15=0x00007fe4d0072e30
RIP=0x00007fe4d8d5f7d1, EFLAGS=0x0000000000010202, CSGSFS=0x0000000000000033, ERR=0x0000000000000000
  TRAPNO=0x000000000000000d

Top of Stack: (sp=0x00007fe4d6696c10)
0x00007fe4d6696c10:   00007fe4d6696c80 00000000c0b76710
0x00007fe4d6696c20:   00007fe4d0072e70 0000000000000009
0x00007fe4d6696c30:   0000000000000009 00000000b000c7a0
0x00007fe4d6696c40:   00007fe4d939aee0 0000000000000006
0x00007fe4d6696c50:   00007fe4d95da8a4 00007fe4d9396f48
0x00007fe4d6696c60:   00007fe4d0027ca0 00007fe4d0072e30
0x00007fe4d6696c70:   00007fe4d0023800 00007fe4d9391502
0x00007fe4d6696c80:   00007fe4d6696d30 00007fe4d8dcea15
0x00007fe4d6696c90:   00007fe4d0072ec0 00007fe4d0072ef0
0x00007fe4d6696ca0:   00007fe4d0072e70 00007fe4d95db4a4
0x00007fe4d6696cb0:   00007fe4d0023800 00007fe4d0072e40
0x00007fe4d6696cc0:   00000000c01d2380 00007fe4d0072e30
0x00007fe4d6696cd0:   00007fe4d6696d00 00007fe4d8dd64cf
0x00007fe4d6696ce0:   00007fe4d6696d50 00007fe4d93afe78
0x00007fe4d6696cf0:   00000000b00bcb80 00007fe4d0072e30
0x00007fe4d6696d00:   00007fe4d6696d30 00007fe4d0072e30
0x00007fe4d6696d10:   00007fe4d0027ca0 00007fe4d8f5cf10
0x00007fe4d6696d20:   00007fe4d0023800 00007fe4d9391502
0x00007fe4d6696d30:   00007fe4d6696dc0 00007fe4d8db5218
0x00007fe4d6696d40:   00007fe4d6696d90 00007fe4d8d3dc2f
0x00007fe4d6696d50:   00007fe4d935eeb0 00007fe4d0023800
0x00007fe4d6696d60:   0000000000000000 00007fe4d0072e30
0x00007fe4d6696d70:   00007fe4d001f980 00007fe4d8d7b341
0x00007fe4d6696d80:   00007fe4d001f850 00007fe4d0027ca0
0x00007fe4d6696d90:   00007fe4d6696dc0 0000000000000001
0x00007fe4d6696da0:   00007fe4d0027ca0 00007fe4d8f5cf10
0x00007fe4d6696db0:   00007fe4d0023800 00007fe4d9391502
0x00007fe4d6696dc0:   00007fe4d6696ed0 00007fe4d8af1b92
0x00007fe4d6696dd0:   00000000000003d8 00007fe4d0024518
0x00007fe4d6696de0:   00007fe4d0024140 00007fe4d6696e60
0x00007fe4d6696df0:   00007fe4d0024100 00007fe4d0024130
0x00007fe4d6696e00:   00007fe4d6696e10 0000000000000000 

Instructions: (pc=0x00007fe4d8d5f7d1)
0x00007fe4d8d5f7b1:   8b 70 30 4c 89 f0 49 2b 00 48 c1 e8 03 48 d3 e8
0x00007fe4d8d5f7c1:   49 89 c2 83 e0 3f 49 c1 ea 06 48 89 c1 48 d3 e2
0x00007fe4d8d5f7d1:   4a 85 14 d6 75 99 48 8d 05 f5 1e 63 00 80 38 00
0x00007fe4d8d5f7e1:   0f 85 19 02 00 00 49 8b 76 08 48 83 c6 10 4c 89 

Register to memory mapping:

RAX=0x0000000000000004 is an unknown value
RBX=0x00000000c0b76728 is an oop
[Lorg.codehaus.groovy.reflection.CachedClass; 
 - klass: 'org/codehaus/groovy/reflection/CachedClass'[]
 - length: 0
RCX=0x0000000000000004 is an unknown value
RDX=0x0000000000000010 is an unknown value
RSP=0x00007fe4d6696c10 is an unknown value
RBP=0x00007fe4d6696c80 is an unknown value
RSI=0x00007fe4c5800000 is an unknown value
RDI=0x0000000000000000 is an unknown value
R8 =0x00007fe4d939aee0: <offset 0xdf3ee0> in /usr/lib/jvm/java-7-openjdk-amd64/jre/lib/amd64/server/libjvm.so at 0x00007fe4d85a7000
R9 =0x0000000000000000 is an unknown value
R10=0x007fffffffa80000 is an unknown value
R11=0x0000000000000024 is an unknown value
R12=0x00000000c0b76710 is an oop
[Lorg.codehaus.groovy.reflection.CachedClass; 
 - klass: 'org/codehaus/groovy/reflection/CachedClass'[]
 - length: 1
R13=0x00000000c0b76744 is pointing into object: 0x00000000c0b76738
java.lang.String 
 - klass: 'java/lang/String'
R14=0x0000000000000021 is an unknown value
R15=0x00007fe4d0072e30 is an unknown value


Stack: [0x00007fe4d6597000,0x00007fe4d6698000],  sp=0x00007fe4d6696c10,  free space=1023k
Native frames: (J=compiled Java code, j=interpreted, Vv=VM code, C=native code)
V  [libjvm.so+0x7b87d1]
V  [libjvm.so+0x827a15]
V  [libjvm.so+0x80e218]
V  [libjvm.so+0x54ab92]
V  [libjvm.so+0x7cc742]


---------------  P R O C E S S  ---------------

Java Threads: ( => current thread )
  0x00007fe48449c800 JavaThread "File lock request listener" [_thread_in_native, id=17517, stack(0x00007fe4c41d9000,0x00007fe4c42da000)]
  0x00007fe488008800 JavaThread "Daemon worker" [_thread_blocked, id=17504, stack(0x00007fe4c4486000,0x00007fe4c4587000)]
  0x00007fe488008000 JavaThread "Cancel handler" [_thread_blocked, id=17503, stack(0x00007fe4c4587000,0x00007fe4c4688000)]
  0x00007fe488006800 JavaThread "Handler for socket connection from /127.0.0.1:60485 to /127.0.0.1:43176" [_thread_in_native, id=17502, stack(0x00007fe4c4688000,0x00007fe4c4789000)]
  0x00007fe49400f000 JavaThread "Daemon" [_thread_blocked, id=17501, stack(0x00007fe4c4789000,0x00007fe4c488a000)]
  0x00007fe4d0ab1000 JavaThread "Incoming local TCP Connector on port 60485" [_thread_in_native, id=17500, stack(0x00007fe4c488a000,0x00007fe4c498b000)]
  0x00007fe4d00b0800 JavaThread "Service Thread" daemon [_thread_blocked, id=17420, stack(0x00007fe4d4055000,0x00007fe4d4156000)]
  0x00007fe4d00ae000 JavaThread "C2 CompilerThread1" daemon [_thread_blocked, id=17419, stack(0x00007fe4d4156000,0x00007fe4d4257000)]
  0x00007fe4d00ab000 JavaThread "C2 CompilerThread0" daemon [_thread_blocked, id=17418, stack(0x00007fe4d4257000,0x00007fe4d4358000)]
  0x00007fe4d00a9000 JavaThread "Signal Dispatcher" daemon [_thread_blocked, id=17417, stack(0x00007fe4d4358000,0x00007fe4d4459000)]
  0x00007fe4d007c000 JavaThread "Finalizer" daemon [_thread_blocked, id=17416, stack(0x00007fe4d4c6c000,0x00007fe4d4d6d000)]
  0x00007fe4d007a000 JavaThread "Reference Handler" daemon [_thread_blocked, id=17415, stack(0x00007fe4d4d6d000,0x00007fe4d4e6e000)]
  0x00007fe4d000a000 JavaThread "main" [_thread_blocked, id=17407, stack(0x00007fe4da0ba000,0x00007fe4da1bb000)]

Other Threads:
  0x00007fe4d0075800 VMThread [stack: 0x00007fe4d4e6e000,0x00007fe4d4f6f000] [id=17414]
  0x00007fe4d00bb000 WatcherThread [stack: 0x00007fe4cceff000,0x00007fe4cd000000] [id=17421]

=>0x00007fe4d0023800 (exited) GCTaskThread [stack: 0x00007fe4d6597000,0x00007fe4d6698000] [id=17410]

VM state:at safepoint (normal execution)

VM Mutex/Monitor currently owned by a thread:  ([mutex/lock_event])
[0x00007fe4d00066e0] Threads_lock - owner thread: 0x00007fe4d0075800
[0x00007fe4d0006be0] Heap_lock - owner thread: 0x00007fe488008800

Heap
 PSYoungGen      total 286208K, used 5760K [0x00000000eaa80000, 0x00000000ffd80000, 0x0000000100000000)
  eden space 228352K, 0% used [0x00000000eaa80000,0x00000000eaa80000,0x00000000f8980000)
  from space 57856K, 9% used [0x00000000fc500000,0x00000000fcaa0000,0x00000000ffd80000)
  to   space 59392K, 0% used [0x00000000f8980000,0x00000000f8980000,0x00000000fc380000)
 ParOldGen       total 152064K, used 124615K [0x00000000c0000000, 0x00000000c9480000, 0x00000000eaa80000)
  object space 152064K, 81% used [0x00000000c0000000,0x00000000c79b1fb0,0x00000000c9480000)
 PSPermGen       total 108544K, used 53918K [0x00000000b0000000, 0x00000000b6a00000, 0x00000000c0000000)
  object space 108544K, 49% used [0x00000000b0000000,0x00000000b34a7818,0x00000000b6a00000)

Card table byte_map: [0x00007fe4d6a70000,0x00007fe4d6cf1000] byte_map_base: 0x00007fe4d64f0000

Polling page: 0x00007fe4da1e3000

Code Cache  [0x00007fe4cd000000, 0x00007fe4cd7a0000, 0x00007fe4d0000000)
 total_blobs=2731 nmethods=2043 adapters=640 free_code_cache=41450Kb largest_free_block=42354304

Compilation events (10 events):
Event: 71,987 Thread 0x00007fe4d00ae000 2378             proguard.classfile.ProgramClass::attributesAccept (28 bytes)
Event: 71,990 Thread 0x00007fe4d00ab000 2379             proguard.classfile.util.SimplifiedVisitor::visitProgramField (7 bytes)
Event: 71,990 Thread 0x00007fe4d00ae000 nmethod 2378 0x00007fe4cd548b10 code [0x00007fe4cd548c60, 0x00007fe4cd548d38]
Event: 71,991 Thread 0x00007fe4d00ab000 nmethod 2379 0x00007fe4cd56aad0 code [0x00007fe4cd56ac20, 0x00007fe4cd56acb8]
Event: 72,002 Thread 0x00007fe4d00ae000 2380             proguard.classfile.attribute.ExceptionsAttribute::accept (10 bytes)
Event: 72,003 Thread 0x00007fe4d00ae000 nmethod 2380 0x00007fe4cd56a890 code [0x00007fe4cd56a9e0, 0x00007fe4cd56aa58]
Event: 72,061 Thread 0x00007fe4d00ab000 2381  s          java.util.Vector::removeElementAt (115 bytes)
Event: 72,065 Thread 0x00007fe4d00ab000 nmethod 2381 0x00007fe4cd56a310 code [0x00007fe4cd56a460, 0x00007fe4cd56a738]
Event: 72,071 Thread 0x00007fe4d00ae000 2382             proguard.classfile.attribute.LocalVariableTypeTableAttribute::accept (12 bytes)
Event: 72,073 Thread 0x00007fe4d00ae000 nmethod 2382 0x00007fe4cd569f50 code [0x00007fe4cd56a0c0, 0x00007fe4cd56a1b8]

GC Heap History (10 events):
Event: 68,828 GC heap after
Heap after GC invocations=11 (full 0):
 PSYoungGen      total 305664K, used 44008K [0x00000000eaa80000, 0x0000000100000000, 0x0000000100000000)
  eden space 261632K, 0% used [0x00000000eaa80000,0x00000000eaa80000,0x00000000faa00000)
  from space 44032K, 99% used [0x00000000faa00000,0x00000000fd4fa3f8,0x00000000fd500000)
  to   space 44032K, 0% used [0x00000000fd500000,0x00000000fd500000,0x0000000100000000)
 ParOldGen       total 83968K, used 75599K [0x00000000c0000000, 0x00000000c5200000, 0x00000000eaa80000)
  object space 83968K, 90% used [0x00000000c0000000,0x00000000c49d3d10,0x00000000c5200000)
 PSPermGen       total 54784K, used 54622K [0x00000000b0000000, 0x00000000b3580000, 0x00000000c0000000)
  object space 54784K, 99% used [0x00000000b0000000,0x00000000b35578d8,0x00000000b3580000)
}
Event: 68,828 GC heap before
{Heap before GC invocations=12 (full 1):
 PSYoungGen      total 305664K, used 44008K [0x00000000eaa80000, 0x0000000100000000, 0x0000000100000000)
  eden space 261632K, 0% used [0x00000000eaa80000,0x00000000eaa80000,0x00000000faa00000)
  from space 44032K, 99% used [0x00000000faa00000,0x00000000fd4fa3f8,0x00000000fd500000)
  to   space 44032K, 0% used [0x00000000fd500000,0x00000000fd500000,0x0000000100000000)
 ParOldGen       total 83968K, used 75599K [0x00000000c0000000, 0x00000000c5200000, 0x00000000eaa80000)
  object space 83968K, 90% used [0x00000000c0000000,0x00000000c49d3d10,0x00000000c5200000)
 PSPermGen       total 54784K, used 54622K [0x00000000b0000000, 0x00000000b3580000, 0x00000000c0000000)
  object space 54784K, 99% used [0x00000000b0000000,0x00000000b35578d8,0x00000000b3580000)
Event: 69,762 GC heap after
Heap after GC invocations=12 (full 1):
 PSYoungGen      total 305664K, used 1407K [0x00000000eaa80000, 0x0000000100000000, 0x0000000100000000)
  eden space 261632K, 0% used [0x00000000eaa80000,0x00000000eaa80000,0x00000000faa00000)
  from space 44032K, 3% used [0x00000000faa00000,0x00000000fab5fcb8,0x00000000fd500000)
  to   space 44032K, 0% used [0x00000000fd500000,0x00000000fd500000,0x0000000100000000)
 ParOldGen       total 152064K, used 83505K [0x00000000c0000000, 0x00000000c9480000, 0x00000000eaa80000)
  object space 152064K, 54% used [0x00000000c0000000,0x00000000c518c450,0x00000000c9480000)
 PSPermGen       total 108544K, used 53734K [0x00000000b0000000, 0x00000000b6a00000, 0x00000000c0000000)
  object space 108544K, 49% used [0x00000000b0000000,0x00000000b34799b0,0x00000000b6a00000)
}
Event: 71,174 GC heap before
{Heap before GC invocations=13 (full 1):
 PSYoungGen      total 305664K, used 263039K [0x00000000eaa80000, 0x0000000100000000, 0x0000000100000000)
  eden space 261632K, 100% used [0x00000000eaa80000,0x00000000faa00000,0x00000000faa00000)
  from space 44032K, 3% used [0x00000000faa00000,0x00000000fab5fcb8,0x00000000fd500000)
  to   space 44032K, 0% used [0x00000000fd500000,0x00000000fd500000,0x0000000100000000)
 ParOldGen       total 152064K, used 83505K [0x00000000c0000000, 0x00000000c9480000, 0x00000000eaa80000)
  object space 152064K, 54% used [0x00000000c0000000,0x00000000c518c450,0x00000000c9480000)
 PSPermGen       total 108544K, used 53907K [0x00000000b0000000, 0x00000000b6a00000, 0x00000000c0000000)
  object space 108544K, 49% used [0x00000000b0000000,0x00000000b34a4cf0,0x00000000b6a00000)
Event: 71,321 GC heap after
Heap after GC invocations=13 (full 1):
 PSYoungGen      total 271872K, used 36679K [0x00000000eaa80000, 0x0000000100000000, 0x0000000100000000)
  eden space 227840K, 0% used [0x00000000eaa80000,0x00000000eaa80000,0x00000000f8900000)
  from space 44032K, 83% used [0x00000000fd500000,0x00000000ff8d1d30,0x0000000100000000)
  to   space 60928K, 0% used [0x00000000f8900000,0x00000000f8900000,0x00000000fc480000)
 ParOldGen       total 152064K, used 84665K [0x00000000c0000000, 0x00000000c9480000, 0x00000000eaa80000)
  object space 152064K, 55% used [0x00000000c0000000,0x00000000c52ae450,0x00000000c9480000)
 PSPermGen       total 108544K, used 53907K [0x00000000b0000000, 0x00000000b6a00000, 0x00000000c0000000)
  object space 108544K, 49% used [0x00000000b0000000,0x00000000b34a4cf0,0x00000000b6a00000)
}
Event: 71,748 GC heap before
{Heap before GC invocations=14 (full 1):
 PSYoungGen      total 271872K, used 264519K [0x00000000eaa80000, 0x0000000100000000, 0x0000000100000000)
  eden space 227840K, 100% used [0x00000000eaa80000,0x00000000f8900000,0x00000000f8900000)
  from space 44032K, 83% used [0x00000000fd500000,0x00000000ff8d1d30,0x0000000100000000)
  to   space 60928K, 0% used [0x00000000f8900000,0x00000000f8900000,0x00000000fc480000)
 ParOldGen       total 152064K, used 84665K [0x00000000c0000000, 0x00000000c9480000, 0x00000000eaa80000)
  object space 152064K, 55% used [0x00000000c0000000,0x00000000c52ae450,0x00000000c9480000)
 PSPermGen       total 108544K, used 53913K [0x00000000b0000000, 0x00000000b6a00000, 0x00000000c0000000)
  object space 108544K, 49% used [0x00000000b0000000,0x00000000b34a6588,0x00000000b6a00000)
Event: 71,830 GC heap after
Heap after GC invocations=14 (full 1):
 PSYoungGen      total 288768K, used 4832K [0x00000000eaa80000, 0x0000000100000000, 0x0000000100000000)
  eden space 227840K, 0% used [0x00000000eaa80000,0x00000000eaa80000,0x00000000f8900000)
  from space 60928K, 7% used [0x00000000f8900000,0x00000000f8db8000,0x00000000fc480000)
  to   space 60416K, 0% used [0x00000000fc500000,0x00000000fc500000,0x0000000100000000)
 ParOldGen       total 152064K, used 119815K [0x00000000c0000000, 0x00000000c9480000, 0x00000000eaa80000)
  object space 152064K, 78% used [0x00000000c0000000,0x00000000c7501fb0,0x00000000c9480000)
 PSPermGen       total 108544K, used 53913K [0x00000000b0000000, 0x00000000b6a00000, 0x00000000c0000000)
  object space 108544K, 49% used [0x00000000b0000000,0x00000000b34a6588,0x00000000b6a00000)
}
Event: 72,087 GC heap before
{Heap before GC invocations=15 (full 1):
 PSYoungGen      total 288768K, used 232672K [0x00000000eaa80000, 0x0000000100000000, 0x0000000100000000)
  eden space 227840K, 100% used [0x00000000eaa80000,0x00000000f8900000,0x00000000f8900000)
  from space 60928K, 7% used [0x00000000f8900000,0x00000000f8db8000,0x00000000fc480000)
  to   space 60416K, 0% used [0x00000000fc500000,0x00000000fc500000,0x0000000100000000)
 ParOldGen       total 152064K, used 119815K [0x00000000c0000000, 0x00000000c9480000, 0x00000000eaa80000)
  object space 152064K, 78% used [0x00000000c0000000,0x00000000c7501fb0,0x00000000c9480000)
 PSPermGen       total 108544K, used 53918K [0x00000000b0000000, 0x00000000b6a00000, 0x00000000c0000000)
  object space 108544K, 49% used [0x00000000b0000000,0x00000000b34a7818,0x00000000b6a00000)
Event: 72,117 GC heap after
Heap after GC invocations=15 (full 1):
 PSYoungGen      total 286208K, used 5760K [0x00000000eaa80000, 0x00000000ffd80000, 0x0000000100000000)
  eden space 228352K, 0% used [0x00000000eaa80000,0x00000000eaa80000,0x00000000f8980000)
  from space 57856K, 9% used [0x00000000fc500000,0x00000000fcaa0000,0x00000000ffd80000)
  to   space 59392K, 0% used [0x00000000f8980000,0x00000000f8980000,0x00000000fc380000)
 ParOldGen       total 152064K, used 124615K [0x00000000c0000000, 0x00000000c9480000, 0x00000000eaa80000)
  object space 152064K, 81% used [0x00000000c0000000,0x00000000c79b1fb0,0x00000000c9480000)
 PSPermGen       total 108544K, used 53918K [0x00000000b0000000, 0x00000000b6a00000, 0x00000000c0000000)
  object space 108544K, 49% used [0x00000000b0000000,0x00000000b34a7818,0x00000000b6a00000)
}
Event: 72,117 GC heap before
{Heap before GC invocations=16 (full 2):
 PSYoungGen      total 286208K, used 5760K [0x00000000eaa80000, 0x00000000ffd80000, 0x0000000100000000)
  eden space 228352K, 0% used [0x00000000eaa80000,0x00000000eaa80000,0x00000000f8980000)
  from space 57856K, 9% used [0x00000000fc500000,0x00000000fcaa0000,0x00000000ffd80000)
  to   space 59392K, 0% used [0x00000000f8980000,0x00000000f8980000,0x00000000fc380000)
 ParOldGen       total 152064K, used 124615K [0x00000000c0000000, 0x00000000c9480000, 0x00000000eaa80000)
  object space 152064K, 81% used [0x00000000c0000000,0x00000000c79b1fb0,0x00000000c9480000)
 PSPermGen       total 108544K, used 53918K [0x00000000b0000000, 0x00000000b6a00000, 0x00000000c0000000)
  object space 108544K, 49% used [0x00000000b0000000,0x00000000b34a7818,0x00000000b6a00000)

Deoptimization events (10 events):
Event: 70,734 Thread 0x00007fe488008800 Uncommon trap: reason=bimorphic action=maybe_recompile pc=0x00007fe4cd59f26c method=proguard.classfile.util.SimplifiedVisitor.visitSignatureAttribute(Lproguard/classfile/Clazz;Lproguard/classfile/Member;Lproguard/classfile/attribute/SignatureAttribute;)V 
Event: 70,739 Thread 0x00007fe488008800 Uncommon trap: reason=bimorphic action=maybe_recompile pc=0x00007fe4cd750ccc method=proguard.classfile.attribute.SignatureAttribute.accept(Lproguard/classfile/Clazz;Lproguard/classfile/Method;Lproguard/classfile/attribute/visitor/AttributeVisitor;)V @ 4
Event: 70,739 Thread 0x00007fe488008800 Uncommon trap: reason=bimorphic action=maybe_recompile pc=0x00007fe4cd64462c method=proguard.classfile.util.SimplifiedVisitor.visitSignatureAttribute(Lproguard/classfile/Clazz;Lproguard/classfile/Member;Lproguard/classfile/attribute/SignatureAttribute;)V 
Event: 70,760 Thread 0x00007fe488008800 Uncommon trap: reason=bimorphic action=maybe_recompile pc=0x00007fe4cd750ccc method=proguard.classfile.attribute.SignatureAttribute.accept(Lproguard/classfile/Clazz;Lproguard/classfile/Method;Lproguard/classfile/attribute/visitor/AttributeVisitor;)V @ 4
Event: 70,762 Thread 0x00007fe488008800 Uncommon trap: reason=bimorphic action=maybe_recompile pc=0x00007fe4cd750ccc method=proguard.classfile.attribute.SignatureAttribute.accept(Lproguard/classfile/Clazz;Lproguard/classfile/Method;Lproguard/classfile/attribute/visitor/AttributeVisitor;)V @ 4
Event: 70,763 Thread 0x00007fe488008800 Uncommon trap: reason=bimorphic action=maybe_recompile pc=0x00007fe4cd750ccc method=proguard.classfile.attribute.SignatureAttribute.accept(Lproguard/classfile/Clazz;Lproguard/classfile/Method;Lproguard/classfile/attribute/visitor/AttributeVisitor;)V @ 4
Event: 70,785 Thread 0x00007fe488008800 Uncommon trap: reason=unstable_if action=reinterpret pc=0x00007fe4cd762800 method=proguard.classfile.util.DescriptorClassEnumeration.nextClassName()Ljava/lang/String; @ 86
Event: 70,807 Thread 0x00007fe488008800 Uncommon trap: reason=unstable_if action=reinterpret pc=0x00007fe4cd765600 method=proguard.classfile.util.DescriptorClassEnumeration.nextFluff()Ljava/lang/String; @ 247
Event: 71,356 Thread 0x00007fe488008800 Uncommon trap: reason=unstable_if action=reinterpret pc=0x00007fe4cd77e2d0 method=proguard.classfile.util.ClassReferenceInitializer.visitAnyRefConstant(Lproguard/classfile/Clazz;Lproguard/classfile/constant/RefConstant;)V @ 167
Event: 71,490 Thread 0x00007fe488008800 Uncommon trap: reason=unstable_if action=reinterpret pc=0x00007fe4cd76f394 method=proguard.classfile.visitor.MemberClassAccessFilter.accepted(Lproguard/classfile/Clazz;I)Z @ 54

Internal exceptions (10 events):
Event: 70,493 Thread 0x00007fe488008800 Threw 0x00000000ef3d19c0 at /build/openjdk-7-HVzwJZ/openjdk-7-7u95-2.6.4/build/openjdk/hotspot/src/share/vm/prims/jvm.cpp:1322
Event: 70,569 Thread 0x00007fe488008800 Threw 0x00000000ef3de028 at /build/openjdk-7-HVzwJZ/openjdk-7-7u95-2.6.4/build/openjdk/hotspot/src/share/vm/prims/jvm.cpp:1322
Event: 70,629 Thread 0x00007fe488008800 Threw 0x00000000ef3e67e0 at /build/openjdk-7-HVzwJZ/openjdk-7-7u95-2.6.4/build/openjdk/hotspot/src/share/vm/prims/jvm.cpp:1322
Event: 70,675 Thread 0x00007fe488008800 Threw 0x00000000efba1cf0 at /build/openjdk-7-HVzwJZ/openjdk-7-7u95-2.6.4/build/openjdk/hotspot/src/share/vm/prims/jvm.cpp:1322
Event: 70,677 Thread 0x00007fe488008800 Threw 0x00000000efbb82a0 at /build/openjdk-7-HVzwJZ/openjdk-7-7u95-2.6.4/build/openjdk/hotspot/src/share/vm/prims/jvm.cpp:1322
Event: 70,678 Thread 0x00007fe488008800 Threw 0x00000000efbc1248 at /build/openjdk-7-HVzwJZ/openjdk-7-7u95-2.6.4/build/openjdk/hotspot/src/share/vm/prims/jvm.cpp:1322
Event: 70,678 Thread 0x00007fe488008800 Threw 0x00000000efbc8c00 at /build/openjdk-7-HVzwJZ/openjdk-7-7u95-2.6.4/build/openjdk/hotspot/src/share/vm/prims/jvm.cpp:1322
Event: 70,678 Thread 0x00007fe488008800 Threw 0x00000000efbd02b0 at /build/openjdk-7-HVzwJZ/openjdk-7-7u95-2.6.4/build/openjdk/hotspot/src/share/vm/prims/jvm.cpp:1322
Event: 70,679 Thread 0x00007fe488008800 Threw 0x00000000efbda818 at /build/openjdk-7-HVzwJZ/openjdk-7-7u95-2.6.4/build/openjdk/hotspot/src/share/vm/prims/jvm.cpp:1322
Event: 70,687 Thread 0x00007fe488008800 Threw 0x00000000efd91408 at /build/openjdk-7-HVzwJZ/openjdk-7-7u95-2.6.4/build/openjdk/hotspot/src/share/vm/prims/jvm.cpp:1322

Events (10 events):
Event: 71,407 Thread 0x00007fe4d00ae000 flushing nmethod 0x00007fe4cd548b10
Event: 71,408 Thread 0x00007fe4d00ae000 flushing nmethod 0x00007fe4cd569c50
Event: 71,413 Thread 0x00007fe4d00ae000 flushing nmethod 0x00007fe4cd607950
Event: 71,427 Thread 0x00007fe4d00ae000 flushing nmethod 0x00007fe4cd6f2fd0
Event: 71,490 Thread 0x00007fe488008800 Uncommon trap: trap_request=0xffffff75 fr.pc=0x00007fe4cd76f394
Event: 71,490 Thread 0x00007fe488008800 DEOPT PACKING pc=0x00007fe4cd76f394 sp=0x00007fe4c4582650
Event: 71,490 Thread 0x00007fe488008800 DEOPT UNPACKING pc=0x00007fe4cd039445 sp=0x00007fe4c4582630 mode 2
Event: 71,748 Executing VM operation: ParallelGCFailedAllocation
Event: 71,830 Executing VM operation: ParallelGCFailedAllocation done
Event: 72,087 Executing VM operation: ParallelGCFailedAllocation


Dynamic libraries:
00400000-00401000 r-xp 00000000 08:02 2761099                            /usr/lib/jvm/java-7-openjdk-amd64/jre/bin/java
00600000-00601000 r--p 00000000 08:02 2761099                            /usr/lib/jvm/java-7-openjdk-amd64/jre/bin/java
00601000-00602000 rw-p 00001000 08:02 2761099                            /usr/lib/jvm/java-7-openjdk-amd64/jre/bin/java
0131f000-01340000 rw-p 00000000 00:00 0                                  [heap]
b0000000-b6a00000 rw-p 00000000 00:00 0 
b6a00000-c0000000 rw-p 00000000 00:00 0 
c0000000-c9480000 rw-p 00000000 00:00 0 
c9480000-eaa80000 rw-p 00000000 00:00 0 
eaa80000-ffd80000 rw-p 00000000 00:00 0 
ffd80000-100000000 ---p 00000000 00:00 0 
7fe470000000-7fe470021000 rw-p 00000000 00:00 0 
7fe470021000-7fe474000000 ---p 00000000 00:00 0 
7fe478000000-7fe478021000 rw-p 00000000 00:00 0 
7fe478021000-7fe47c000000 ---p 00000000 00:00 0 
7fe47c000000-7fe47c021000 rw-p 00000000 00:00 0 
7fe47c021000-7fe480000000 ---p 00000000 00:00 0 
7fe480000000-7fe480021000 rw-p 00000000 00:00 0 
7fe480021000-7fe484000000 ---p 00000000 00:00 0 
7fe484000000-7fe485125000 rw-p 00000000 00:00 0 
7fe485125000-7fe488000000 ---p 00000000 00:00 0 
7fe488000000-7fe488021000 rw-p 00000000 00:00 0 
7fe488021000-7fe48c000000 ---p 00000000 00:00 0 
7fe48c000000-7fe48c021000 rw-p 00000000 00:00 0 
7fe48c021000-7fe490000000 ---p 00000000 00:00 0 
7fe490000000-7fe490021000 rw-p 00000000 00:00 0 
7fe490021000-7fe494000000 ---p 00000000 00:00 0 
7fe494000000-7fe49406a000 rw-p 00000000 00:00 0 
7fe49406a000-7fe498000000 ---p 00000000 00:00 0 
7fe498000000-7fe49993c000 rw-p 00000000 00:00 0 
7fe49993c000-7fe49c000000 ---p 00000000 00:00 0 
7fe49c000000-7fe49c021000 rw-p 00000000 00:00 0 
7fe49c021000-7fe4a0000000 ---p 00000000 00:00 0 
7fe4a0000000-7fe4a0021000 rw-p 00000000 00:00 0 
7fe4a0021000-7fe4a4000000 ---p 00000000 00:00 0 
7fe4a4000000-7fe4a5665000 rw-p 00000000 00:00 0 
7fe4a5665000-7fe4a8000000 ---p 00000000 00:00 0 
7fe4a8000000-7fe4a8021000 rw-p 00000000 00:00 0 
7fe4a8021000-7fe4ac000000 ---p 00000000 00:00 0 
7fe4ac000000-7fe4ac021000 rw-p 00000000 00:00 0 
7fe4ac021000-7fe4b0000000 ---p 00000000 00:00 0 
7fe4b0000000-7fe4b0021000 rw-p 00000000 00:00 0 
7fe4b0021000-7fe4b4000000 ---p 00000000 00:00 0 
7fe4b4000000-7fe4b4082000 rw-p 00000000 00:00 0 
7fe4b4082000-7fe4b8000000 ---p 00000000 00:00 0 
7fe4b8000000-7fe4b8022000 rw-p 00000000 00:00 0 
7fe4b8022000-7fe4bc000000 ---p 00000000 00:00 0 
7fe4be4b7000-7fe4be4bc000 r-xp 00000000 08:02 3175                       /lib/x86_64-linux-gnu/libnss_dns-2.19.so
7fe4be4bc000-7fe4be6bb000 ---p 00005000 08:02 3175                       /lib/x86_64-linux-gnu/libnss_dns-2.19.so
7fe4be6bb000-7fe4be6bc000 r--p 00004000 08:02 3175                       /lib/x86_64-linux-gnu/libnss_dns-2.19.so
7fe4be6bc000-7fe4be6bd000 rw-p 00005000 08:02 3175                       /lib/x86_64-linux-gnu/libnss_dns-2.19.so
7fe4be6bd000-7fe4be6bf000 r-xp 00000000 08:02 13475                      /lib/x86_64-linux-gnu/libnss_mdns4_minimal.so.2
7fe4be6bf000-7fe4be8be000 ---p 00002000 08:02 13475                      /lib/x86_64-linux-gnu/libnss_mdns4_minimal.so.2
7fe4be8be000-7fe4be8bf000 r--p 00001000 08:02 13475                      /lib/x86_64-linux-gnu/libnss_mdns4_minimal.so.2
7fe4be8bf000-7fe4be8c0000 rw-p 00002000 08:02 13475                      /lib/x86_64-linux-gnu/libnss_mdns4_minimal.so.2
7fe4be8c0000-7fe4be938000 r-xp 00000000 08:02 43082                      /usr/lib/x86_64-linux-gnu/nss/libfreebl3.so
7fe4be938000-7fe4beb38000 ---p 00078000 08:02 43082                      /usr/lib/x86_64-linux-gnu/nss/libfreebl3.so
7fe4beb38000-7fe4beb3a000 r--p 00078000 08:02 43082                      /usr/lib/x86_64-linux-gnu/nss/libfreebl3.so
7fe4beb3a000-7fe4beb3b000 rw-p 0007a000 08:02 43082                      /usr/lib/x86_64-linux-gnu/nss/libfreebl3.so
7fe4beb3b000-7fe4beb3f000 rw-p 00000000 00:00 0 
7fe4beb3f000-7fe4bebf3000 r-xp 00000000 08:02 21880                      /usr/lib/x86_64-linux-gnu/libsqlite3.so.0.8.6
7fe4bebf3000-7fe4bedf3000 ---p 000b4000 08:02 21880                      /usr/lib/x86_64-linux-gnu/libsqlite3.so.0.8.6
7fe4bedf3000-7fe4bedf5000 r--p 000b4000 08:02 21880                      /usr/lib/x86_64-linux-gnu/libsqlite3.so.0.8.6
7fe4bedf5000-7fe4bedf7000 rw-p 000b6000 08:02 21880                      /usr/lib/x86_64-linux-gnu/libsqlite3.so.0.8.6
7fe4bedf7000-7fe4bedf8000 rw-p 00000000 00:00 0 
7fe4bedf8000-7fe4bee38000 r-xp 00000000 08:02 43080                      /usr/lib/x86_64-linux-gnu/nss/libsoftokn3.so
7fe4bee38000-7fe4bf038000 ---p 00040000 08:02 43080                      /usr/lib/x86_64-linux-gnu/nss/libsoftokn3.so
7fe4bf038000-7fe4bf039000 r--p 00040000 08:02 43080                      /usr/lib/x86_64-linux-gnu/nss/libsoftokn3.so
7fe4bf039000-7fe4bf03a000 rw-p 00041000 08:02 43080                      /usr/lib/x86_64-linux-gnu/nss/libsoftokn3.so
7fe4bf03a000-7fe4bf073000 r-xp 00000000 08:02 43062                      /usr/lib/x86_64-linux-gnu/libnspr4.so
7fe4bf073000-7fe4bf272000 ---p 00039000 08:02 43062                      /usr/lib/x86_64-linux-gnu/libnspr4.so
7fe4bf272000-7fe4bf273000 r--p 00038000 08:02 43062                      /usr/lib/x86_64-linux-gnu/libnspr4.so
7fe4bf273000-7fe4bf274000 rw-p 00039000 08:02 43062                      /usr/lib/x86_64-linux-gnu/libnspr4.so
7fe4bf274000-7fe4bf277000 rw-p 00000000 00:00 0 
7fe4bf277000-7fe4bf27a000 r-xp 00000000 08:02 23344                      /usr/lib/x86_64-linux-gnu/libplds4.so
7fe4bf27a000-7fe4bf479000 ---p 00003000 08:02 23344                      /usr/lib/x86_64-linux-gnu/libplds4.so
7fe4bf479000-7fe4bf47a000 r--p 00002000 08:02 23344                      /usr/lib/x86_64-linux-gnu/libplds4.so
7fe4bf47a000-7fe4bf47b000 rw-p 00003000 08:02 23344                      /usr/lib/x86_64-linux-gnu/libplds4.so
7fe4bf47b000-7fe4bf47f000 r-xp 00000000 08:02 43066                      /usr/lib/x86_64-linux-gnu/libplc4.so
7fe4bf47f000-7fe4bf67e000 ---p 00004000 08:02 43066                      /usr/lib/x86_64-linux-gnu/libplc4.so
7fe4bf67e000-7fe4bf67f000 r--p 00003000 08:02 43066                      /usr/lib/x86_64-linux-gnu/libplc4.so
7fe4bf67f000-7fe4bf680000 rw-p 00004000 08:02 43066                      /usr/lib/x86_64-linux-gnu/libplc4.so
7fe4bf680000-7fe4bf6a5000 r-xp 00000000 08:02 23348                      /usr/lib/x86_64-linux-gnu/libnssutil3.so
7fe4bf6a5000-7fe4bf8a5000 ---p 00025000 08:02 23348                      /usr/lib/x86_64-linux-gnu/libnssutil3.so
7fe4bf8a5000-7fe4bf8ab000 r--p 00025000 08:02 23348                      /usr/lib/x86_64-linux-gnu/libnssutil3.so
7fe4bf8ab000-7fe4bf8ac000 rw-p 0002b000 08:02 23348                      /usr/lib/x86_64-linux-gnu/libnssutil3.so
7fe4bf8ac000-7fe4bf9df000 r-xp 00000000 08:02 43071                      /usr/lib/x86_64-linux-gnu/libnss3.so
7fe4bf9df000-7fe4bfbde000 ---p 00133000 08:02 43071                      /usr/lib/x86_64-linux-gnu/libnss3.so
7fe4bfbde000-7fe4bfbe3000 r--p 00132000 08:02 43071                      /usr/lib/x86_64-linux-gnu/libnss3.so
7fe4bfbe3000-7fe4bfbe5000 rw-p 00137000 08:02 43071                      /usr/lib/x86_64-linux-gnu/libnss3.so
7fe4bfbe5000-7fe4bfbe6000 rw-p 00000000 00:00 0 
7fe4bfbe6000-7fe4bfbf6000 r-xp 00000000 08:02 2629166                    /usr/lib/jvm/java-7-openjdk-amd64/jre/lib/amd64/libj2pkcs11.so
7fe4bfbf6000-7fe4bfdf5000 ---p 00010000 08:02 2629166                    /usr/lib/jvm/java-7-openjdk-amd64/jre/lib/amd64/libj2pkcs11.so
7fe4bfdf5000-7fe4bfdf6000 r--p 0000f000 08:02 2629166                    /usr/lib/jvm/java-7-openjdk-amd64/jre/lib/amd64/libj2pkcs11.so
7fe4bfdf6000-7fe4bfdf7000 rw-p 00010000 08:02 2629166                    /usr/lib/jvm/java-7-openjdk-amd64/jre/lib/amd64/libj2pkcs11.so
7fe4bfdf7000-7fe4bfdff000 r-xp 00000000 08:02 2629184                    /usr/lib/jvm/java-7-openjdk-amd64/jre/lib/amd64/libmanagement.so
7fe4bfdff000-7fe4bfffe000 ---p 00008000 08:02 2629184                    /usr/lib/jvm/java-7-openjdk-amd64/jre/lib/amd64/libmanagement.so
7fe4bfffe000-7fe4bffff000 r--p 00007000 08:02 2629184                    /usr/lib/jvm/java-7-openjdk-amd64/jre/lib/amd64/libmanagement.so
7fe4bffff000-7fe4c0000000 rw-p 00008000 08:02 2629184                    /usr/lib/jvm/java-7-openjdk-amd64/jre/lib/amd64/libmanagement.so
7fe4c0000000-7fe4c0039000 rw-p 00000000 00:00 0 
7fe4c0039000-7fe4c4000000 ---p 00000000 00:00 0 
7fe4c4010000-7fe4c4018000 r--s 00065000 08:02 1048862                    /home/ivan/.gradle/caches/modules-2/files-2.1/com.google.dagger/dagger-compiler/2.0/2c5c7cfd604076f09eac6fd0783b3eebbc125732/dagger-compiler-2.0.jar
7fe4c406c000-7fe4c406d000 rw-p 00000000 00:00 0 
7fe4c406d000-7fe4c406f000 r--s 00018000 08:02 2629156                    /usr/lib/jvm/java-7-openjdk-amd64/jre/lib/jce.jar
7fe4c406f000-7fe4c4071000 r--s 00005000 08:02 28444458                   /home/ivan/tools/android/android-studio/gradle/m2repository/org/abego/treelayout/org.abego.treelayout.core/1.0.1/org.abego.treelayout.core-1.0.1.jar
7fe4c4071000-7fe4c4079000 r--s 000a8000 08:02 31606554                   /home/ivan/tools/android/android-studio/gradle/m2repository/com/android/tools/external/lombok/lombok-ast/0.2.3/lombok-ast-0.2.3.jar
7fe4c4079000-7fe4c407b000 r--s 0000d000 08:02 2759096                    /home/ivan/tools/android/android-studio/gradle/m2repository/commons-codec/commons-codec/1.4/commons-codec-1.4.jar
7fe4c407b000-7fe4c407d000 r--s 0000d000 08:02 28313190                   /home/ivan/tools/android/android-studio/gradle/m2repository/commons-logging/commons-logging/1.1.1/commons-logging-1.1.1.jar
7fe4c407d000-7fe4c4082000 r--s 00028000 08:02 28837451                   /home/ivan/tools/android/android-studio/gradle/m2repository/org/apache/httpcomponents/httpcore/4.1/httpcore-4.1.jar
7fe4c4082000-7fe4c4083000 r--s 00004000 08:02 2759055                    /home/ivan/tools/android/android-studio/gradle/m2repository/com/intellij/annotations/12.0/annotations-12.0.jar
7fe4c4083000-7fe4c4084000 r--s 00002000 08:02 30676751                   /home/ivan/tools/android/android-studio/gradle/m2repository/com/tunnelvisionlabs/antlr4-annotations/4.5/antlr4-annotations-4.5.jar
7fe4c4084000-7fe4c408b000 r--s 00062000 08:02 30017461                   /home/ivan/tools/android/android-studio/gradle/m2repository/com/tunnelvisionlabs/antlr4-runtime/4.5/antlr4-runtime-4.5.jar
7fe4c408b000-7fe4c408c000 r--s 00004000 08:02 29623624                   /home/ivan/tools/android/android-studio/gradle/m2repository/org/ow2/asm/asm-analysis/5.0.3/asm-analysis-5.0.3.jar
7fe4c408c000-7fe4c408f000 r--s 00030000 08:02 1049536                    /home/ivan/.gradle/caches/modules-2/files-2.1/com.android.tools.lint/lint-api/25.0.0-alpha6/34239d555cfda06e19a5b51acec347fd0b76884c/lint-api-25.0.0-alpha6.jar
7fe4c408f000-7fe4c4090000 r--s 0000a000 08:02 2759092                    /home/ivan/tools/android/android-studio/gradle/m2repository/net/sf/kxml/kxml2/2.3.0/kxml2-2.3.0.jar
7fe4c4090000-7fe4c4092000 r--s 00005000 08:02 28837444                   /home/ivan/tools/android/android-studio/gradle/m2repository/org/apache/httpcomponents/httpmime/4.1/httpmime-4.1.jar
7fe4c4092000-7fe4c409a000 r--s 0004e000 08:02 28968380                   /home/ivan/tools/android/android-studio/gradle/m2repository/org/apache/httpcomponents/httpclient/4.1.1/httpclient-4.1.1.jar
7fe4c409a000-7fe4c40a1000 r--s 00053000 08:02 28968388                   /home/ivan/tools/android/android-studio/gradle/m2repository/org/apache/commons/commons-compress/1.8.1/commons-compress-1.8.1.jar
7fe4c40a1000-7fe4c40a6000 r--s 0002a000 08:02 30676744                   /home/ivan/tools/android/android-studio/gradle/m2repository/com/google/code/gson/gson/2.2.4/gson-2.2.4.jar
7fe4c40a6000-7fe4c40ab000 r--s 00024000 08:02 1049535                    /home/ivan/.gradle/caches/modules-2/files-2.1/com.android.tools/repository/25.0.0-alpha6/a60767ff508d5f46aad6f723c3f41b7bfd7cb6d7/repository-25.0.0-alpha6.jar
7fe4c40ab000-7fe4c40ac000 r--s 00005000 08:02 1049534                    /home/ivan/.gradle/caches/modules-2/files-2.1/com.android.tools/dvlib/25.0.0-alpha6/9123791e2421a692cb79987cb4aab6d2acc8049/dvlib-25.0.0-alpha6.jar
7fe4c40ac000-7fe4c40af000 r--s 00013000 08:02 1049533                    /home/ivan/.gradle/caches/modules-2/files-2.1/com.android.tools.layoutlib/layoutlib-api/25.0.0-alpha6/afbebb6bd56e60cc5769d2042b0b0480d6f12a3a/layoutlib-api-25.0.0-alpha6.jar
7fe4c40af000-7fe4c40b3000 r--s 00037000 08:02 28313210                   /home/ivan/tools/android/android-studio/gradle/m2repository/org/antlr/ST4/4.0.8/ST4-4.0.8.jar
7fe4c40b3000-7fe4c40b6000 r--s 00026000 08:02 28313205                   /home/ivan/tools/android/android-studio/gradle/m2repository/org/antlr/antlr-runtime/3.5.2/antlr-runtime-3.5.2.jar
7fe4c40b6000-7fe4c40bb000 r--s 00058000 08:02 29623630                   /home/ivan/tools/android/android-studio/gradle/m2repository/org/ow2/asm/asm-debug-all/5.0.1/asm-debug-all-5.0.1.jar
7fe4c40bb000-7fe4c40cb000 r--s 000d6000 08:02 2759067                    /home/ivan/tools/android/android-studio/gradle/m2repository/net/sf/proguard/proguard-base/5.2.1/proguard-base-5.2.1.jar
7fe4c40cb000-7fe4c40ce000 r--s 00033000 08:02 30676772                   /home/ivan/tools/android/android-studio/gradle/m2repository/com/googlecode/juniversalchardet/juniversalchardet/1.0.3/juniversalchardet-1.0.3.jar
7fe4c40ce000-7fe4c40d2000 r--s 0002a000 08:02 28182173                   /home/ivan/tools/android/android-studio/gradle/m2repository/commons-io/commons-io/2.4/commons-io-2.4.jar
7fe4c40d2000-7fe4c40dc000 r--s 00099000 08:02 30017465                   /home/ivan/tools/android/android-studio/gradle/m2repository/com/tunnelvisionlabs/antlr4/4.5/antlr4-4.5.jar
7fe4c40dc000-7fe4c40e3000 r--s 0005e000 08:02 28968393                   /home/ivan/tools/android/android-studio/gradle/m2repository/org/apache/commons/commons-lang3/3.3.2/commons-lang3-3.3.2.jar
7fe4c40e3000-7fe4c40e4000 r--s 00002000 08:02 1049532                    /home/ivan/.gradle/caches/modules-2/files-2.1/com.android.databinding/baseLibrary/1.1/d0235ebdb4e0ebf3f41d332fadba60419de07864/baseLibrary-1.1.jar
7fe4c40e4000-7fe4c410f000 r--s 001f9000 08:02 31065959                   /home/ivan/tools/android/android-studio/gradle/m2repository/com/google/guava/guava/17.0/guava-17.0.jar
7fe4c410f000-7fe4c4110000 r--s 00001000 08:02 1049531                    /home/ivan/.gradle/caches/modules-2/files-2.1/com.android.tools/annotations/25.0.0-alpha6/843305df11fac387c36afb1092c604a0ccc43ab8/annotations-25.0.0-alpha6.jar
7fe4c4110000-7fe4c4122000 r--s 00223000 08:02 28575587                   /home/ivan/tools/android/android-studio/gradle/m2repository/org/eclipse/jdt/core/compiler/ecj/4.4.2/ecj-4.4.2.jar
7fe4c4122000-7fe4c4129000 r--s 000bd000 08:02 1049530                    /home/ivan/.gradle/caches/modules-2/files-2.1/com.android.tools.lint/lint-checks/25.0.0-alpha6/ed0455e005e862d69daf914350fdcae6e2e34bf9/lint-checks-25.0.0-alpha6.jar
7fe4c4129000-7fe4c412b000 r--s 00006000 08:02 29885961                   /home/ivan/tools/android/android-studio/gradle/m2repository/org/ow2/asm/asm-tree/5.0.3/asm-tree-5.0.3.jar
7fe4c412b000-7fe4c415e000 r--s 00203000 08:02 29492123                   /home/ivan/tools/android/android-studio/gradle/m2repository/org/bouncycastle/bcprov-jdk15on/1.48/bcprov-jdk15on-1.48.jar
7fe4c415e000-7fe4c416c000 r--s 00081000 08:02 29230164                   /home/ivan/tools/android/android-studio/gradle/m2repository/org/bouncycastle/bcpkix-jdk15on/1.48/bcpkix-jdk15on-1.48.jar
7fe4c416c000-7fe4c416e000 r--s 00002000 08:02 30017450                   /home/ivan/tools/android/android-studio/gradle/m2repository/com/squareup/javawriter/2.5.0/javawriter-2.5.0.jar
7fe4c416e000-7fe4c4170000 r--s 00005000 08:02 2759048                    /home/ivan/tools/android/android-studio/gradle/m2repository/com/android/tools/jill/jill-api/0.9.0/jill-api-0.9.0.jar
7fe4c4170000-7fe4c4172000 r--s 00006000 08:02 31199226                   /home/ivan/tools/android/android-studio/gradle/m2repository/com/android/tools/jack/jack-api/0.9.0/jack-api-0.9.0.jar
7fe4c4172000-7fe4c4177000 r--s 0004a000 08:02 1049529                    /home/ivan/.gradle/caches/modules-2/files-2.1/com.android.tools.ddms/ddmlib/25.0.0-alpha6/eae8e393d8bec3d2dfc5fb333236b47099a9c907/ddmlib-25.0.0-alpha6.jar
7fe4c4177000-7fe4c417b000 r--s 00027000 08:02 1049528                    /home/ivan/.gradle/caches/modules-2/files-2.1/com.android.tools.build/manifest-merger/25.0.0-alpha6/20d6b38823d1e011c5667ff6d53cccf19d532b9a/manifest-merger-25.0.0-alpha6.jar
7fe4c417b000-7fe4c417d000 r--s 00018000 08:02 1049527                    /home/ivan/.gradle/caches/modules-2/files-2.1/com.android.tools/common/25.0.0-alpha6/d2e96d5da7414102f0ad75843f0545a05c79e901/common-25.0.0-alpha6.jar
7fe4c417d000-7fe4c4186000 r--s 0007a000 08:02 1049526                    /home/ivan/.gradle/caches/modules-2/files-2.1/com.android.tools/sdk-common/25.0.0-alpha6/a82c40ab929500a5d354b2911d6bb149027f2de6/sdk-common-25.0.0-alpha6.jar
7fe4c4186000-7fe4c418e000 r--s 00079000 08:02 1049525                    /home/ivan/.gradle/caches/modules-2/files-2.1/com.android.tools/sdklib/25.0.0-alpha6/102462a77779f0edec1375350714e7a9b76838a1/sdklib-25.0.0-alpha6.jar
7fe4c418e000-7fe4c418f000 r--s 00002000 08:02 1049524                    /home/ivan/.gradle/caches/modules-2/files-2.1/com.android.tools.build/builder-test-api/2.0.0-alpha6/6aeafef76d51e9ae4ca2241c58973b031ce74dd4/builder-test-api-2.0.0-alpha6.jar
7fe4c418f000-7fe4c4191000 r--s 00005000 08:02 1049523                    /home/ivan/.gradle/caches/modules-2/files-2.1/com.android.tools.build/builder-model/2.0.0-alpha6/bbbb98d9d09b0d332865f162f5d0820642db2823/builder-model-2.0.0-alpha6.jar
7fe4c4191000-7fe4c419b000 r--s 00110000 08:02 28313198                   /home/ivan/tools/android/android-studio/gradle/m2repository/org/antlr/antlr/3.5.2/antlr-3.5.2.jar
7fe4c419b000-7fe4c419f000 r--s 0001e000 08:02 28444451                   /home/ivan/tools/android/android-studio/gradle/m2repository/org/jacoco/org.jacoco.core/0.7.4.201502262128/org.jacoco.core-0.7.4.201502262128.jar
7fe4c419f000-7fe4c41a0000 r--s 00002000 08:02 2759078                    /home/ivan/tools/android/android-studio/gradle/m2repository/net/sf/proguard/proguard-gradle/5.2.1/proguard-gradle-5.2.1.jar
7fe4c41a0000-7fe4c41a2000 r--s 00009000 08:02 1049522                    /home/ivan/.gradle/caches/modules-2/files-2.1/org.ow2.asm/asm-commons/5.0.3/a7111830132c7f87d08fe48cb0ca07630f8cb91c/asm-commons-5.0.3.jar
7fe4c41a2000-7fe4c41a3000 r--s 0000c000 08:02 29755695                   /home/ivan/tools/android/android-studio/gradle/m2repository/org/ow2/asm/asm/5.0.3/asm-5.0.3.jar
7fe4c41a3000-7fe4c41a7000 r--s 00026000 08:02 1049521                    /home/ivan/.gradle/caches/modules-2/files-2.1/com.android.databinding/compilerCommon/1.1/9f24188b25bf742c4739dbf8d4d7c22ecb0bc351/compilerCommon-1.1.jar
7fe4c41a7000-7fe4c41a8000 r--s 00002000 08:02 1049520                    /home/ivan/.gradle/caches/modules-2/files-2.1/com.android.tools.build/gradle-api/2.0.0-alpha6/3372febe53d5487de9b2e79cb2a04a098fbc9fa6/gradle-api-2.0.0-alpha6.jar
7fe4c41a8000-7fe4c41aa000 r--s 00023000 08:02 1049519                    /home/ivan/.gradle/caches/modules-2/files-2.1/com.android.tools.lint/lint/25.0.0-alpha6/20d7bac6bad770e6e5598d5b9bf50256decddb6f/lint-25.0.0-alpha6.jar
7fe4c41aa000-7fe4c41b0000 r--s 00051000 08:02 1049518                    /home/ivan/.gradle/caches/modules-2/files-2.1/com.android.tools.build/builder/2.0.0-alpha6/60e9235f84110575383a8ff4d284f5903c3eb1cd/builder-2.0.0-alpha6.jar
7fe4c41b0000-7fe4c41cc000 r--s 0016f000 08:02 1049517                    /home/ivan/.gradle/caches/modules-2/files-2.1/com.android.tools.build/gradle-core/2.0.0-alpha6/a542595f1acc8cbc64e4208c88efef722e7beaa0/gradle-core-2.0.0-alpha6.jar
7fe4c41cc000-7fe4c41ce000 r--s 0000c000 08:02 1049516                    /home/ivan/.gradle/caches/modules-2/files-2.1/com.android.tools.build/gradle/2.0.0-alpha6/bc05172d9d7808139a7dccf0c931881e15b2637f/gradle-2.0.0-alpha6.jar
7fe4c41ce000-7fe4c41cf000 r--s 00004000 08:02 1049515                    /home/ivan/.gradle/caches/modules-2/files-2.1/com.google.gms/google-services/2.0.0-alpha6/544d625fdb6cf2e6860f844ab6950c75108d510b/google-services-2.0.0-alpha6.jar
7fe4c41cf000-7fe4c41d9000 r--s 000ae000 08:02 2629195                    /usr/lib/jvm/java-7-openjdk-amd64/jre/lib/resources.jar
7fe4c41d9000-7fe4c41dc000 ---p 00000000 00:00 0 
7fe4c41dc000-7fe4c42da000 rw-p 00000000 00:00 0                          [stack:17517]
7fe4c42da000-7fe4c42dd000 ---p 00000000 00:00 0 
7fe4c42dd000-7fe4c4313000 rw-p 00000000 00:00 0 
7fe4c4313000-7fe4c437e000 r--s 0069d000 08:02 2761678                    /usr/lib/jvm/java-7-openjdk-amd64/lib/tools.jar
7fe4c437e000-7fe4c4381000 ---p 00000000 00:00 0 
7fe4c4381000-7fe4c447f000 rw-p 00000000 00:00 0 
7fe4c447f000-7fe4c4486000 r--s 00000000 08:02 3208                       /usr/lib/x86_64-linux-gnu/gconv/gconv-modules.cache
7fe4c4486000-7fe4c4489000 ---p 00000000 00:00 0 
7fe4c4489000-7fe4c4587000 rw-p 00000000 00:00 0                          [stack:17504]
7fe4c4587000-7fe4c458a000 ---p 00000000 00:00 0 
7fe4c458a000-7fe4c4688000 rw-p 00000000 00:00 0                          [stack:17503]
7fe4c4688000-7fe4c468b000 ---p 00000000 00:00 0 
7fe4c468b000-7fe4c4789000 rw-p 00000000 00:00 0                          [stack:17502]
7fe4c4789000-7fe4c478c000 ---p 00000000 00:00 0 
7fe4c478c000-7fe4c488a000 rw-p 00000000 00:00 0                          [stack:17501]
7fe4c488a000-7fe4c488d000 ---p 00000000 00:00 0 
7fe4c488d000-7fe4c498b000 rw-p 00000000 00:00 0                          [stack:17500]
7fe4c498b000-7fe4c498f000 r--s 0004f000 08:02 2629222                    /usr/lib/jvm/java-7-openjdk-amd64/jre/lib/jsse.jar
7fe4c498f000-7fe4c499f000 r--s 00088000 08:02 28057046                   /home/ivan/tools/android/android-studio/gradle/gradle-2.10/lib/plugins/joda-time-2.8.2.jar
7fe4c499f000-7fe4c49b0000 r--s 000cf000 08:02 28057045                   /home/ivan/tools/android/android-studio/gradle/gradle-2.10/lib/plugins/jackson-databind-2.3.2.jar
7fe4c49b0000-7fe4c49b1000 r--s 00004000 08:02 28057012                   /home/ivan/tools/android/android-studio/gradle/gradle-2.10/lib/plugins/gradle-resources-sftp-2.10.jar
7fe4c49b1000-7fe4c49b2000 r--s 00001000 08:02 28057009                   /home/ivan/tools/android/android-studio/gradle/gradle-2.10/lib/plugins/gradle-plugin-development-2.10.jar
7fe4c49b2000-7fe4c49b4000 r--s 00005000 08:02 28057008                   /home/ivan/tools/android/android-studio/gradle/gradle-2.10/lib/plugins/gradle-testing-native-2.10.jar
7fe4c49b4000-7fe4c49b9000 r--s 0002b000 08:02 28057007                   /home/ivan/tools/android/android-studio/gradle/gradle-2.10/lib/plugins/gradle-ide-native-2.10.jar
7fe4c49b9000-7fe4c49ba000 r--p 00000000 00:00 0 
7fe4c49ba000-7fe4c49bc000 r--s 00005000 08:02 28057014                   /home/ivan/tools/android/android-studio/gradle/gradle-2.10/lib/plugins/gradle-tooling-api-builders-2.10.jar
7fe4c49bc000-7fe4c49be000 r--s 00007000 08:02 28057044                   /home/ivan/tools/android/android-studio/gradle/gradle-2.10/lib/plugins/jackson-annotations-2.3.2.jar
7fe4c49be000-7fe4c49c1000 r--s 0002e000 08:02 28057043                   /home/ivan/tools/android/android-studio/gradle/gradle-2.10/lib/plugins/jackson-core-2.3.2.jar
7fe4c49c1000-7fe4c49cc000 r--s 0006b000 08:02 28057042                   /home/ivan/tools/android/android-studio/gradle/gradle-2.10/lib/plugins/aws-java-sdk-core-1.9.19.jar
7fe4c49cc000-7fe4c49d2000 r--s 00036000 08:02 28057041                   /home/ivan/tools/android/android-studio/gradle/gradle-2.10/lib/plugins/aws-java-sdk-kms-1.9.19.jar
7fe4c49d2000-7fe4c49dd000 r--s 00079000 08:02 28057040                   /home/ivan/tools/android/android-studio/gradle/gradle-2.10/lib/plugins/aws-java-sdk-s3-1.9.19.jar
7fe4c49dd000-7fe4c49de000 r--s 00003000 08:02 28057013                   /home/ivan/tools/android/android-studio/gradle/gradle-2.10/lib/plugins/gradle-resources-s3-2.10.jar
7fe4c49de000-7fe4c49e3000 r--s 0001a000 08:02 28057006                   /home/ivan/tools/android/android-studio/gradle/gradle-2.10/lib/plugins/gradle-language-native-2.10.jar
7fe4c49e3000-7fe4c49e8000 r--s 00028000 08:02 28057005                   /home/ivan/tools/android/android-studio/gradle/gradle-2.10/lib/plugins/gradle-platform-play-2.10.jar
7fe4c49e8000-7fe4c49f5000 r--s 0004f000 08:02 28057004                   /home/ivan/tools/android/android-studio/gradle/gradle-2.10/lib/plugins/gradle-platform-native-2.10.jar
7fe4c49f5000-7fe4c49f8000 r--s 00008000 08:02 28057003                   /home/ivan/tools/android/android-studio/gradle/gradle-2.10/lib/plugins/gradle-language-scala-2.10.jar
7fe4c49f8000-7fe4c49fa000 r--s 00009000 08:02 28057002                   /home/ivan/tools/android/android-studio/gradle/gradle-2.10/lib/plugins/gradle-language-groovy-2.10.jar
7fe4c49fa000-7fe4c4a00000 r--s 00023000 08:02 28057001                   /home/ivan/tools/android/android-studio/gradle/gradle-2.10/lib/plugins/gradle-language-java-2.10.jar
7fe4c4a00000-7fe4c4a02000 r--s 00008000 08:02 28057000                   /home/ivan/tools/android/android-studio/gradle/gradle-2.10/lib/plugins/gradle-language-jvm-2.10.jar
7fe4c4a02000-7fe4c4a05000 r--s 00015000 08:02 28056999                   /home/ivan/tools/android/android-studio/gradle/gradle-2.10/lib/plugins/gradle-platform-jvm-2.10.jar
7fe4c4a05000-7fe4c4a0d000 r--s 0002b000 08:02 28056998                   /home/ivan/tools/android/android-studio/gradle/gradle-2.10/lib/plugins/gradle-platform-base-2.10.jar
7fe4c4a0d000-7fe4c4a11000 r--s 00020000 08:02 28056997                   /home/ivan/tools/android/android-studio/gradle/gradle-2.10/lib/plugins/gradle-build-init-2.10.jar
7fe4c4a11000-7fe4c4a14000 r--s 00017000 08:02 28056996                   /home/ivan/tools/android/android-studio/gradle/gradle-2.10/lib/plugins/gradle-jacoco-2.10.jar
7fe4c4a14000-7fe4c4a17000 r--s 0000e000 08:02 28056995                   /home/ivan/tools/android/android-studio/gradle/gradle-2.10/lib/plugins/gradle-ivy-2.10.jar
7fe4c4a17000-7fe4c4a19000 r--s 00002000 08:02 28056994                   /home/ivan/tools/android/android-studio/gradle/gradle-2.10/lib/plugins/gradle-publish-2.10.jar
7fe4c4a19000-7fe4c4a1b000 r--s 00005000 08:02 28057036                   /home/ivan/tools/android/android-studio/gradle/gradle-2.10/lib/plugins/jatl-0.2.2.jar
7fe4c4a1b000-7fe4c4a1d000 r--s 0000f000 08:02 28056993                   /home/ivan/tools/android/android-studio/gradle/gradle-2.10/lib/plugins/gradle-reporting-2.10.jar
7fe4c4a1d000-7fe4c4a23000 r--s 00036000 08:02 28056992                   /home/ivan/tools/android/android-studio/gradle/gradle-2.10/lib/plugins/gradle-diagnostics-2.10.jar
7fe4c4a23000-7fe4c4a2a000 r--s 0008f000 08:02 28056991                   /home/ivan/tools/android/android-studio/gradle/gradle-2.10/lib/plugins/gradle-build-comparison-2.10.jar
7fe4c4a2a000-7fe4c4a31000 r--s 00035000 08:02 28057035                   /home/ivan/tools/android/android-studio/gradle/gradle-2.10/lib/plugins/simple-4.1.21.jar
7fe4c4a31000-7fe4c4a3d000 r--s 00100000 08:02 28057033                   /home/ivan/tools/android/android-studio/gradle/gradle-2.10/lib/plugins/rhino-1.7R3.jar
7fe4c4a3d000-7fe4c4a41000 r--s 0001c000 08:02 28056990                   /home/ivan/tools/android/android-studio/gradle/gradle-2.10/lib/plugins/gradle-javascript-2.10.jar
7fe4c4a41000-7fe4c4a43000 r--s 0000b000 08:02 28056989                   /home/ivan/tools/android/android-studio/gradle/gradle-2.10/lib/plugins/gradle-ear-2.10.jar
7fe4c4a43000-7fe4c4a4a000 r--s 00038000 08:02 28057032                   /home/ivan/tools/android/android-studio/gradle/gradle-2.10/lib/plugins/bcpg-jdk15on-1.51.jar
7fe4c4a4a000-7fe4c4a4c000 r--s 00017000 08:02 28056988                   /home/ivan/tools/android/android-studio/gradle/gradle-2.10/lib/plugins/gradle-signing-2.10.jar
7fe4c4a4c000-7fe4c4a4d000 r--s 00002000 08:02 28057031                   /home/ivan/tools/android/android-studio/gradle/gradle-2.10/lib/plugins/sonar-batch-bootstrapper-2.9.jar
7fe4c4a4d000-7fe4c4a50000 r--s 00015000 08:02 28056987                   /home/ivan/tools/android/android-studio/gradle/gradle-2.10/lib/plugins/gradle-sonar-2.10.jar
7fe4c4a50000-7fe4c4a53000 r--s 00010000 08:02 28056986                   /home/ivan/tools/android/android-studio/gradle/gradle-2.10/lib/plugins/gradle-scala-2.10.jar
7fe4c4a53000-7fe4c4a55000 r--s 0000a000 08:02 28056985                   /home/ivan/tools/android/android-studio/gradle/gradle-2.10/lib/plugins/gradle-announce-2.10.jar
7fe4c4a55000-7fe4c4a64000 r--s 0009f000 08:02 28056984                   /home/ivan/tools/android/android-studio/gradle/gradle-2.10/lib/plugins/gradle-ide-2.10.jar
7fe4c4a64000-7fe4c4a67000 r--s 0000c000 08:02 28057030                   /home/ivan/tools/android/android-studio/gradle/gradle-2.10/lib/plugins/pmaven-groovy-0.8-20100325.jar
7fe4c4a67000-7fe4c4a68000 r--s 00004000 08:02 28057029                   /home/ivan/tools/android/android-studio/gradle/gradle-2.10/lib/plugins/pmaven-common-0.8-20100325.jar
7fe4c4a68000-7fe4c4a6e000 r--s 00022000 08:02 28056983                   /home/ivan/tools/android/android-studio/gradle/gradle-2.10/lib/plugins/gradle-maven-2.10.jar
7fe4c4a6e000-7fe4c4a8f000 r--s 001c3000 08:02 28057027                   /home/ivan/tools/android/android-studio/gradle/gradle-2.10/lib/plugins/bndlib-2.4.0.jar
7fe4c4a8f000-7fe4c4a91000 r--s 00004000 08:02 28056982                   /home/ivan/tools/android/android-studio/gradle/gradle-2.10/lib/plugins/gradle-osgi-2.10.jar
7fe4c4a91000-7fe4c4a93000 r--s 00008000 08:02 28056981                   /home/ivan/tools/android/android-studio/gradle/gradle-2.10/lib/plugins/gradle-antlr-2.10.jar
7fe4c4a93000-7fe4c4a96000 r--s 0001e000 08:02 28057055                   /home/ivan/tools/android/android-studio/gradle/gradle-2.10/lib/plugins/jsp-api-2.1-6.1.14.jar
7fe4c4a96000-7fe4c4ab9000 r--s 00344000 08:02 28057054                   /home/ivan/tools/android/android-studio/gradle/gradle-2.10/lib/plugins/core-3.1.1.jar
7fe4c4ab9000-7fe4c4aba000 r--s 00006000 08:02 28057053                   /home/ivan/tools/android/android-studio/gradle/gradle-2.10/lib/plugins/jetty-naming-6.1.25.jar
7fe4c4aba000-7fe4c4abb000 r--s 00002000 08:02 28057026                   /home/ivan/tools/android/android-studio/gradle/gradle-2.10/lib/plugins/geronimo-annotation_1.0_spec-1.0.jar
7fe4c4abb000-7fe4c4abd000 r--s 00002000 08:02 28057025                   /home/ivan/tools/android/android-studio/gradle/gradle-2.10/lib/plugins/jetty-annotations-6.1.25.jar
7fe4c4abd000-7fe4c4ace000 r--s 000ea000 08:02 28057024                   /home/ivan/tools/android/android-studio/gradle/gradle-2.10/lib/plugins/jsp-2.1-6.1.14.jar
7fe4c4ace000-7fe4c4ad0000 r--s 0000d000 08:02 28057023                   /home/ivan/tools/android/android-studio/gradle/gradle-2.10/lib/plugins/jetty-plus-6.1.25.jar
7fe4c4ad0000-7fe4c4ad2000 r--s 0001f000 08:02 28057022                   /home/ivan/tools/android/android-studio/gradle/gradle-2.10/lib/plugins/servlet-api-2.5-20081211.jar
7fe4c4ad2000-7fe4c4ad6000 r--s 00028000 08:02 28057021                   /home/ivan/tools/android/android-studio/gradle/gradle-2.10/lib/plugins/jetty-util-6.1.25.jar
7fe4c4ad6000-7fe4c4add000 r--s 0007d000 08:02 28057020                   /home/ivan/tools/android/android-studio/gradle/gradle-2.10/lib/plugins/jetty-6.1.25.jar
7fe4c4add000-7fe4c4adf000 r--s 00009000 08:02 28056980                   /home/ivan/tools/android/android-studio/gradle/gradle-2.10/lib/plugins/gradle-jetty-2.10.jar
7fe4c4adf000-7fe4c4ae5000 r--s 00037000 08:02 28056979                   /home/ivan/tools/android/android-studio/gradle/gradle-2.10/lib/plugins/gradle-code-quality-2.10.jar
7fe4c4ae5000-7fe4c4ae7000 r--s 00009000 08:02 28057086                   /home/ivan/tools/android/android-studio/gradle/gradle-2.10/lib/plugins/hamcrest-core-1.3.jar
7fe4c4ae7000-7fe4c4aed000 r--s 00033000 08:02 28057052                   /home/ivan/tools/android/android-studio/gradle/gradle-2.10/lib/plugins/snakeyaml-1.6.jar
7fe4c4aed000-7fe4c4aef000 r--s 00006000 08:02 28057051                   /home/ivan/tools/android/android-studio/gradle/gradle-2.10/lib/plugins/jcommander-1.12.jar
7fe4c4aef000-7fe4c4af4000 r--s 00040000 08:02 28057050                   /home/ivan/tools/android/android-studio/gradle/gradle-2.10/lib/plugins/bsh-2.0b4.jar
7fe4c4af4000-7fe4c4af6000 r--s 00009000 08:02 28057019                   /home/ivan/tools/android/android-studio/gradle/gradle-2.10/lib/plugins/commons-cli-1.2.jar
7fe4c4af6000-7fe4c4aff000 r--s 00089000 08:02 28057018                   /home/ivan/tools/android/android-studio/gradle/gradle-2.10/lib/plugins/testng-6.3.1.jar
7fe4c4aff000-7fe4c4b07000 r--s 00045000 08:02 28057017                   /home/ivan/tools/android/android-studio/gradle/gradle-2.10/lib/plugins/junit-4.12.jar
7fe4c4b07000-7fe4c4b14000 r--s 00073000 08:02 28056978                   /home/ivan/tools/android/android-studio/gradle/gradle-2.10/lib/plugins/gradle-plugins-2.10.jar
7fe4c4b14000-7fe4c4b2c000 r--s 00115000 08:02 28057084                   /home/ivan/tools/android/android-studio/gradle/gradle-2.10/lib/plugins/xercesImpl-2.9.1.jar
7fe4c4b2c000-7fe4c4b34000 r--s 00028000 08:02 28057085                   /home/ivan/tools/android/android-studio/gradle/gradle-2.10/lib/plugins/xml-apis-1.3.04.jar
7fe4c4b34000-7fe4c4b3a000 r--s 0005b000 08:02 28057083                   /home/ivan/tools/android/android-studio/gradle/gradle-2.10/lib/plugins/jcifs-1.3.17.jar
7fe4c4b3a000-7fe4c4b40000 r--s 00031000 08:02 28057082                   /home/ivan/tools/android/android-studio/gradle/gradle-2.10/lib/plugins/httpcore-4.2.2.jar
7fe4c4b40000-7fe4c4b46000 r--s 00033000 08:02 28057081                   /home/ivan/tools/android/android-studio/gradle/gradle-2.10/lib/plugins/commons-codec-1.6.jar
7fe4c4b46000-7fe4c4b49000 r--s 0001c000 08:02 28057038                   /home/ivan/tools/android/android-studio/gradle/gradle-2.10/lib/plugins/nekohtml-1.9.14.jar
7fe4c4b49000-7fe4c4b52000 r--s 00060000 08:02 28057037                   /home/ivan/tools/android/android-studio/gradle/gradle-2.10/lib/plugins/httpclient-4.2.2.jar
7fe4c4b52000-7fe4c4b54000 r--s 00009000 08:02 28057011                   /home/ivan/tools/android/android-studio/gradle/gradle-2.10/lib/plugins/gradle-resources-http-2.10.jar
7fe4c4b54000-7fe4c4b57000 r--s 00011000 08:02 28057010                   /home/ivan/tools/android/android-studio/gradle/gradle-2.10/lib/plugins/gradle-plugin-use-2.10.jar
7fe4c4b57000-7fe4c4b58000 r--s 00007000 08:02 28057080                   /home/ivan/tools/android/android-studio/gradle/gradle-2.10/lib/plugins/wagon-http-shared4-2.4.jar
7fe4c4b58000-7fe4c4b5c000 r--s 00033000 08:02 28057079                   /home/ivan/tools/android/android-studio/gradle/gradle-2.10/lib/plugins/plexus-utils-2.0.6.jar
7fe4c4b5c000-7fe4c4b60000 r--s 00021000 08:02 28057078                   /home/ivan/tools/android/android-studio/gradle/gradle-2.10/lib/plugins/maven-model-builder-3.0.4.jar
7fe4c4b60000-7fe4c4b61000 r--s 00002000 08:02 28057076                   /home/ivan/tools/android/android-studio/gradle/gradle-2.10/lib/plugins/wagon-file-2.4.jar
7fe4c4b61000-7fe4c4b63000 r--s 00002000 08:02 28057075                   /home/ivan/tools/android/android-studio/gradle/gradle-2.10/lib/plugins/plexus-cipher-1.7.jar
7fe4c4b63000-7fe4c4b66000 r--s 00013000 08:02 28057074                   /home/ivan/tools/android/android-studio/gradle/gradle-2.10/lib/plugins/aether-api-1.13.1.jar
7fe4c4b66000-7fe4c4b6a000 r-xp 00000000 08:02 27396148                   /home/ivan/.gradle/native/19/linux-amd64/libnative-platform.so
7fe4c4b6a000-7fe4c4d69000 ---p 00004000 08:02 27396148                   /home/ivan/.gradle/native/19/linux-amd64/libnative-platform.so
7fe4c4d69000-7fe4c4d6a000 rw-p 00003000 08:02 27396148                   /home/ivan/.gradle/native/19/linux-amd64/libnative-platform.so
7fe4c4d6a000-7fe4c4d7a000 r-xp 00000000 08:02 2629192                    /usr/lib/jvm/java-7-openjdk-amd64/jre/lib/amd64/libnio.so
7fe4c4d7a000-7fe4c4f7a000 ---p 00010000 08:02 2629192                    /usr/lib/jvm/java-7-openjdk-amd64/jre/lib/amd64/libnio.so
7fe4c4f7a000-7fe4c4f7b000 r--p 00010000 08:02 2629192                    /usr/lib/jvm/java-7-openjdk-amd64/jre/lib/amd64/libnio.so
7fe4c4f7b000-7fe4c4f7c000 rw-p 00011000 08:02 2629192                    /usr/lib/jvm/java-7-openjdk-amd64/jre/lib/amd64/libnio.so
7fe4c4f7c000-7fe4c4fb9000 r-xp 00000000 08:02 13490                      /lib/x86_64-linux-gnu/libpcre.so.3.13.1
7fe4c4fb9000-7fe4c51b8000 ---p 0003d000 08:02 13490                      /lib/x86_64-linux-gnu/libpcre.so.3.13.1
7fe4c51b8000-7fe4c51b9000 r--p 0003c000 08:02 13490                      /lib/x86_64-linux-gnu/libpcre.so.3.13.1
7fe4c51b9000-7fe4c51ba000 rw-p 0003d000 08:02 13490                      /lib/x86_64-linux-gnu/libpcre.so.3.13.1
7fe4c51ba000-7fe4c51c1000 r-xp 00000000 08:02 21389                      /usr/lib/x86_64-linux-gnu/libffi.so.6.0.1
7fe4c51c1000-7fe4c53c0000 ---p 00007000 08:02 21389                      /usr/lib/x86_64-linux-gnu/libffi.so.6.0.1
7fe4c53c0000-7fe4c53c1000 r--p 00006000 08:02 21389                      /usr/lib/x86_64-linux-gnu/libffi.so.6.0.1
7fe4c53c1000-7fe4c53c2000 rw-p 00007000 08:02 21389                      /usr/lib/x86_64-linux-gnu/libffi.so.6.0.1
7fe4c53c2000-7fe4c53d9000 r-xp 00000000 08:02 3147                       /lib/x86_64-linux-gnu/libresolv-2.19.so
7fe4c53d9000-7fe4c55d9000 ---p 00017000 08:02 3147                       /lib/x86_64-linux-gnu/libresolv-2.19.so
7fe4c55d9000-7fe4c55da000 r--p 00017000 08:02 3147                       /lib/x86_64-linux-gnu/libresolv-2.19.so
7fe4c55da000-7fe4c55db000 rw-p 00018000 08:02 3147                       /lib/x86_64-linux-gnu/libresolv-2.19.so
7fe4c55db000-7fe4c55dd000 rw-p 00000000 00:00 0 
7fe4c55dd000-7fe4c55fd000 r-xp 00000000 08:02 13524                      /lib/x86_64-linux-gnu/libselinux.so.1
7fe4c55fd000-7fe4c57fc000 ---p 00020000 08:02 13524                      /lib/x86_64-linux-gnu/libselinux.so.1
7fe4c57fc000-7fe4c57fd000 r--p 0001f000 08:02 13524                      /lib/x86_64-linux-gnu/libselinux.so.1
7fe4c57fd000-7fe4c57fe000 rw-p 00020000 08:02 13524                      /lib/x86_64-linux-gnu/libselinux.so.1
7fe4c57fe000-7fe4c8000000 rw-p 00000000 00:00 0 
7fe4c8000000-7fe4c803f000 rw-p 00000000 00:00 0 
7fe4c803f000-7fe4cc000000 ---p 00000000 00:00 0 
7fe4cc000000-7fe4cc002000 r--s 0000a000 08:02 28057073                   /home/ivan/tools/android/android-studio/gradle/gradle-2.10/lib/plugins/maven-settings-3.0.4.jar
7fe4cc002000-7fe4cc004000 r--s 0000d000 08:02 28057072                   /home/ivan/tools/android/android-studio/gradle/gradle-2.10/lib/plugins/plexus-interpolation-1.14.jar
7fe4cc004000-7fe4cc006000 r--s 0000b000 08:02 28057071                   /home/ivan/tools/android/android-studio/gradle/gradle-2.10/lib/plugins/maven-artifact-3.0.4.jar
7fe4cc006000-7fe4cc00d000 r--s 0002e000 08:02 28057070                   /home/ivan/tools/android/android-studio/gradle/gradle-2.10/lib/plugins/plexus-container-default-1.5.5.jar
7fe4cc00d000-7fe4cc00f000 r--s 0000b000 08:02 28057069                   /home/ivan/tools/android/android-studio/gradle/gradle-2.10/lib/plugins/maven-plugin-api-3.0.4.jar
7fe4cc00f000-7fe4cc011000 r--s 00000000 08:02 28057087                   /home/ivan/tools/android/android-studio/gradle/gradle-2.10/lib/plugins/plexus-component-annotations-1.5.5.jar
7fe4cc011000-7fe4cc017000 r--s 0003f000 08:02 28057068                   /home/ivan/tools/android/android-studio/gradle/gradle-2.10/lib/plugins/maven-compat-3.0.4.jar
7fe4cc017000-7fe4cc01a000 r--s 00008000 08:02 28057067                   /home/ivan/tools/android/android-studio/gradle/gradle-2.10/lib/plugins/maven-settings-builder-3.0.4.jar
7fe4cc01a000-7fe4cc01c000 r--s 00026000 08:02 28057065                   /home/ivan/tools/android/android-studio/gradle/gradle-2.10/lib/plugins/maven-model-3.0.4.jar
7fe4cc01c000-7fe4cc01e000 r--s 00006000 08:02 28057064                   /home/ivan/tools/android/android-studio/gradle/gradle-2.10/lib/plugins/aether-connector-wagon-1.13.1.jar
7fe4cc01e000-7fe4cc020000 r--s 0000a000 08:02 28057063                   /home/ivan/tools/android/android-studio/gradle/gradle-2.10/lib/plugins/plexus-classworlds-2.4.jar
7fe4cc020000-7fe4cc022000 r--s 00006000 08:02 28057062                   /home/ivan/tools/android/android-studio/gradle/gradle-2.10/lib/plugins/maven-repository-metadata-3.0.4.jar
7fe4cc022000-7fe4cc024000 r--s 0000c000 08:02 28057061                   /home/ivan/tools/android/android-studio/gradle/gradle-2.10/lib/plugins/maven-aether-provider-3.0.4.jar
7fe4cc024000-7fe4cc026000 r--s 0000b000 08:02 28057060                   /home/ivan/tools/android/android-studio/gradle/gradle-2.10/lib/plugins/wagon-provider-api-2.4.jar
7fe4cc026000-7fe4cc02a000 r--s 0001c000 08:02 28057058                   /home/ivan/tools/android/android-studio/gradle/gradle-2.10/lib/plugins/aether-util-1.13.1.jar
7fe4cc02a000-7fe4cc02d000 r--s 0001d000 08:02 28057057                   /home/ivan/tools/android/android-studio/gradle/gradle-2.10/lib/plugins/aether-impl-1.13.1.jar
7fe4cc02d000-7fe4cc032000 r--s 00040000 08:02 28057039                   /home/ivan/tools/android/android-studio/gradle/gradle-2.10/lib/plugins/jsch-0.1.53.jar
7fe4cc032000-7fe4cc072000 r--s 00277000 08:02 28057049                   /home/ivan/tools/android/android-studio/gradle/gradle-2.10/lib/plugins/bcprov-jdk15on-1.51.jar
7fe4cc072000-7fe4cc076000 r--s 0001d000 08:02 28057048                   /home/ivan/tools/android/android-studio/gradle/gradle-2.10/lib/plugins/xbean-reflect-3.4.jar
7fe4cc076000-7fe4cc082000 r--s 0007d000 08:02 28057028                   /home/ivan/tools/android/android-studio/gradle/gradle-2.10/lib/plugins/maven-core-3.0.4.jar
7fe4cc082000-7fe4cc091000 r--s 000d9000 08:02 28057047                   /home/ivan/tools/android/android-studio/gradle/gradle-2.10/lib/plugins/ivy-2.2.0.jar
7fe4cc091000-7fe4cc0c2000 rw-p 00000000 00:00 0 
7fe4cc0c2000-7fe4cc0c5000 r-xp 00000000 08:02 28550                      /usr/lib/x86_64-linux-gnu/libgmodule-2.0.so.0.4002.0
7fe4cc0c5000-7fe4cc2c4000 ---p 00003000 08:02 28550                      /usr/lib/x86_64-linux-gnu/libgmodule-2.0.so.0.4002.0
7fe4cc2c4000-7fe4cc2c5000 r--p 00002000 08:02 28550                      /usr/lib/x86_64-linux-gnu/libgmodule-2.0.so.0.4002.0
7fe4cc2c5000-7fe4cc2c6000 rw-p 00003000 08:02 28550                      /usr/lib/x86_64-linux-gnu/libgmodule-2.0.so.0.4002.0
7fe4cc2c6000-7fe4cc3cc000 r-xp 00000000 08:02 13425                      /lib/x86_64-linux-gnu/libglib-2.0.so.0.4002.0
7fe4cc3cc000-7fe4cc5cb000 ---p 00106000 08:02 13425                      /lib/x86_64-linux-gnu/libglib-2.0.so.0.4002.0
7fe4cc5cb000-7fe4cc5cc000 r--p 00105000 08:02 13425                      /lib/x86_64-linux-gnu/libglib-2.0.so.0.4002.0
7fe4cc5cc000-7fe4cc5cd000 rw-p 00106000 08:02 13425                      /lib/x86_64-linux-gnu/libglib-2.0.so.0.4002.0
7fe4cc5cd000-7fe4cc5ce000 rw-p 00000000 00:00 0 
7fe4cc5ce000-7fe4cc61d000 r-xp 00000000 08:02 28566                      /usr/lib/x86_64-linux-gnu/libgobject-2.0.so.0.4002.0
7fe4cc61d000-7fe4cc81d000 ---p 0004f000 08:02 28566                      /usr/lib/x86_64-linux-gnu/libgobject-2.0.so.0.4002.0
7fe4cc81d000-7fe4cc81e000 r--p 0004f000 08:02 28566                      /usr/lib/x86_64-linux-gnu/libgobject-2.0.so.0.4002.0
7fe4cc81e000-7fe4cc81f000 rw-p 00050000 08:02 28566                      /usr/lib/x86_64-linux-gnu/libgobject-2.0.so.0.4002.0
7fe4cc81f000-7fe4cc98b000 r-xp 00000000 08:02 28538                      /usr/lib/x86_64-linux-gnu/libgio-2.0.so.0.4002.0
7fe4cc98b000-7fe4ccb8a000 ---p 0016c000 08:02 28538                      /usr/lib/x86_64-linux-gnu/libgio-2.0.so.0.4002.0
7fe4ccb8a000-7fe4ccb8e000 r--p 0016b000 08:02 28538                      /usr/lib/x86_64-linux-gnu/libgio-2.0.so.0.4002.0
7fe4ccb8e000-7fe4ccb90000 rw-p 0016f000 08:02 28538                      /usr/lib/x86_64-linux-gnu/libgio-2.0.so.0.4002.0
7fe4ccb90000-7fe4ccb92000 rw-p 00000000 00:00 0 
7fe4ccb92000-7fe4ccb93000 r--s 00002000 08:02 28057066                   /home/ivan/tools/android/android-studio/gradle/gradle-2.10/lib/plugins/wagon-http-2.4.jar
7fe4ccb93000-7fe4ccb94000 r--s 00003000 08:02 28057059                   /home/ivan/tools/android/android-studio/gradle/gradle-2.10/lib/plugins/aether-spi-1.13.1.jar
7fe4ccb94000-7fe4ccb95000 r--s 00006000 08:02 28057056                   /home/ivan/tools/android/android-studio/gradle/gradle-2.10/lib/plugins/plexus-sec-dispatcher-1.3.jar
7fe4ccb95000-7fe4ccb9a000 r--s 0002a000 08:02 28057034                   /home/ivan/tools/android/android-studio/gradle/gradle-2.10/lib/plugins/gson-2.2.4.jar
7fe4ccb9a000-7fe4ccbb6000 r--s 000c9000 08:02 28057015                   /home/ivan/tools/android/android-studio/gradle/gradle-2.10/lib/plugins/gradle-dependency-management-2.10.jar
7fe4ccbb6000-7fe4ccbcd000 r-xp 00000000 08:02 2629171                    /usr/lib/jvm/java-7-openjdk-amd64/jre/lib/amd64/libnet.so
7fe4ccbcd000-7fe4ccdcc000 ---p 00017000 08:02 2629171                    /usr/lib/jvm/java-7-openjdk-amd64/jre/lib/amd64/libnet.so
7fe4ccdcc000-7fe4ccdcd000 r--p 00016000 08:02 2629171                    /usr/lib/jvm/java-7-openjdk-amd64/jre/lib/amd64/libnet.so
7fe4ccdcd000-7fe4ccdce000 rw-p 00017000 08:02 2629171                    /usr/lib/jvm/java-7-openjdk-amd64/jre/lib/amd64/libnet.so
7fe4ccdce000-7fe4ccdcf000 r--s 00006000 08:02 28056928                   /home/ivan/tools/android/android-studio/gradle/gradle-2.10/lib/gradle-wrapper-2.10.jar
7fe4ccdcf000-7fe4ccdda000 r--s 0003b000 08:02 28056933                   /home/ivan/tools/android/android-studio/gradle/gradle-2.10/lib/gradle-tooling-api-2.10.jar
7fe4ccdda000-7fe4ccddc000 r--s 00002000 08:02 28056956                   /home/ivan/tools/android/android-studio/gradle/gradle-2.10/lib/gradle-open-api-2.10.jar
7fe4ccddc000-7fe4ccde2000 r--s 00032000 08:02 28056958                   /home/ivan/tools/android/android-studio/gradle/gradle-2.10/lib/jaxen-1.1.jar
7fe4ccde2000-7fe4ccde7000 r--s 00048000 08:02 28056957                   /home/ivan/tools/android/android-studio/gradle/gradle-2.10/lib/dom4j-1.6.1.jar
7fe4ccde7000-7fe4ccdf2000 r--s 00059000 08:02 28056932                   /home/ivan/tools/android/android-studio/gradle/gradle-2.10/lib/gradle-ui-2.10.jar
7fe4ccdf2000-7fe4ccdf5000 r--s 00008000 08:02 28056952                   /home/ivan/tools/android/android-studio/gradle/gradle-2.10/lib/gradle-resources-2.10.jar
7fe4ccdf5000-7fe4ccdf7000 r--s 00007000 08:02 28056975                   /home/ivan/tools/android/android-studio/gradle/gradle-2.10/lib/objenesis-1.2.jar
7fe4ccdf7000-7fe4ccdf9000 r--s 00000000 08:02 28056973                   /home/ivan/tools/android/android-studio/gradle/gradle-2.10/lib/minlog-1.2.jar
7fe4ccdf9000-7fe4ccdfb000 r--s 0000f000 08:02 28056972                   /home/ivan/tools/android/android-studio/gradle/gradle-2.10/lib/reflectasm-1.07-shaded.jar
7fe4ccdfb000-7fe4ccdff000 r--s 00026000 08:02 28056963                   /home/ivan/tools/android/android-studio/gradle/gradle-2.10/lib/kryo-2.20.jar
7fe4ccdff000-7fe4cce08000 r--s 0003f000 08:02 28056951                   /home/ivan/tools/android/android-studio/gradle/gradle-2.10/lib/gradle-messaging-2.10.jar
7fe4cce08000-7fe4cce09000 r--s 00003000 08:02 28056971                   /home/ivan/tools/android/android-studio/gradle/gradle-2.10/lib/native-platform-freebsd-amd64-0.10.jar
7fe4cce09000-7fe4cce0a000 r--s 00003000 08:02 28056970                   /home/ivan/tools/android/android-studio/gradle/gradle-2.10/lib/native-platform-freebsd-i386-0.10.jar
7fe4cce0a000-7fe4cce0b000 r--s 00005000 08:02 28056969                   /home/ivan/tools/android/android-studio/gradle/gradle-2.10/lib/native-platform-windows-i386-0.10.jar
7fe4cce0b000-7fe4cce0c000 r--s 00005000 08:02 28056968                   /home/ivan/tools/android/android-studio/gradle/gradle-2.10/lib/native-platform-windows-amd64-0.10.jar
7fe4cce0c000-7fe4cce0d000 r--s 00003000 08:02 28056967                   /home/ivan/tools/android/android-studio/gradle/gradle-2.10/lib/native-platform-linux-i386-0.10.jar
7fe4cce0d000-7fe4cce0e000 r--s 00003000 08:02 28056966                   /home/ivan/tools/android/android-studio/gradle/gradle-2.10/lib/native-platform-linux-amd64-0.10.jar
7fe4cce0e000-7fe4cce0f000 r--s 00002000 08:02 28056965                   /home/ivan/tools/android/android-studio/gradle/gradle-2.10/lib/native-platform-osx-amd64-0.10.jar
7fe4cce0f000-7fe4cce10000 r--s 00002000 08:02 28056964                   /home/ivan/tools/android/android-studio/gradle/gradle-2.10/lib/native-platform-osx-i386-0.10.jar
7fe4cce10000-7fe4cce12000 r--s 00008000 08:02 28056961                   /home/ivan/tools/android/android-studio/gradle/gradle-2.10/lib/jansi-1.2.1.jar
7fe4cce12000-7fe4cce15000 r--s 0000d000 08:02 28056960                   /home/ivan/tools/android/android-studio/gradle/gradle-2.10/lib/native-platform-0.10.jar
7fe4cce15000-7fe4cce19000 r--s 000e4000 08:02 28056959                   /home/ivan/tools/android/android-studio/gradle/gradle-2.10/lib/jna-3.2.7.jar
7fe4cce19000-7fe4cce1b000 r--s 00008000 08:02 28056934                   /home/ivan/tools/android/android-studio/gradle/gradle-2.10/lib/gradle-native-2.10.jar
7fe4cce1b000-7fe4cce1d000 r--s 00005000 08:02 28056931                   /home/ivan/tools/android/android-studio/gradle/gradle-2.10/lib/gradle-cli-2.10.jar
7fe4cce1d000-7fe4cce1e000 r--s 00007000 08:02 28056940                   /home/ivan/tools/android/android-studio/gradle/gradle-2.10/lib/gradle-model-groovy-2.10.jar
7fe4cce1e000-7fe4cce20000 r--s 00005000 08:02 28056950                   /home/ivan/tools/android/android-studio/gradle/gradle-2.10/lib/gradle-base-services-groovy-2.10.jar
7fe4cce20000-7fe4cce2d000 r--s 00073000 08:02 28056939                   /home/ivan/tools/android/android-studio/gradle/gradle-2.10/lib/gradle-model-core-2.10.jar
7fe4cce2d000-7fe4cce2e000 r--s 00000000 08:02 28056953                   /home/ivan/tools/android/android-studio/gradle/gradle-2.10/lib/gradle-docs-2.10.jar
7fe4cce2e000-7fe4cce30000 r--s 00003000 08:02 28056955                   /home/ivan/tools/android/android-studio/gradle/gradle-2.10/lib/jcl-over-slf4j-1.7.10.jar
7fe4cce30000-7fe4cce31000 r--s 00005000 08:02 28056954                   /home/ivan/tools/android/android-studio/gradle/gradle-2.10/lib/log4j-over-slf4j-1.7.10.jar
7fe4cce31000-7fe4cce32000 r--s 00000000 08:02 28056949                   /home/ivan/tools/android/android-studio/gradle/gradle-2.10/lib/javax.inject-1.jar
7fe4cce32000-7fe4cce35000 r--s 0001b000 08:02 28056948                   /home/ivan/tools/android/android-studio/gradle/gradle-2.10/lib/jarjar-1.3.jar
7fe4cce35000-7fe4cce37000 r--s 00000000 08:02 28056946                   /home/ivan/tools/android/android-studio/gradle/gradle-2.10/lib/jul-to-slf4j-1.7.10.jar
7fe4cce37000-7fe4cce3b000 r--s 00027000 08:02 28056944                   /home/ivan/tools/android/android-studio/gradle/gradle-2.10/lib/commons-io-2.2.jar
7fe4cce3b000-7fe4cce49000 r--s 0007f000 08:02 28056943                   /home/ivan/tools/android/android-studio/gradle/gradle-2.10/lib/commons-collections-3.2.1.jar
7fe4cce49000-7fe4cceb8000 r--s 0063e000 08:02 28056938                   /home/ivan/tools/android/android-studio/gradle/gradle-2.10/lib/groovy-all-2.4.4.jar
7fe4cceb8000-7fe4ccee0000 r--s 001cf000 08:02 28056936                   /home/ivan/tools/android/android-studio/gradle/gradle-2.10/lib/guava-jdk5-17.0.jar
7fe4ccee0000-7fe4cceff000 r--s 001cc000 08:02 28056942                   /home/ivan/tools/android/android-studio/gradle/gradle-2.10/lib/ant-1.9.3.jar
7fe4cceff000-7fe4ccf00000 ---p 00000000 00:00 0 
7fe4ccf00000-7fe4cd000000 rw-p 00000000 00:00 0                          [stack:17421]
7fe4cd000000-7fe4cd7a0000 rwxp 00000000 00:00 0 
7fe4cd7a0000-7fe4d0b15000 rw-p 00000000 00:00 0 
7fe4d0b15000-7fe4d4000000 ---p 00000000 00:00 0 
7fe4d4000000-7fe4d4001000 r--s 00000000 08:02 28056945                   /home/ivan/tools/android/android-studio/gradle/gradle-2.10/lib/jcip-annotations-1.0.jar
7fe4d4001000-7fe4d4006000 r--s 00036000 08:02 28056941                   /home/ivan/tools/android/android-studio/gradle/gradle-2.10/lib/asm-all-5.0.3.jar
7fe4d4006000-7fe4d400b000 r--s 00041000 08:02 28056937                   /home/ivan/tools/android/android-studio/gradle/gradle-2.10/lib/commons-lang-2.6.jar
7fe4d400b000-7fe4d400c000 r--s 00007000 08:02 28056935                   /home/ivan/tools/android/android-studio/gradle/gradle-2.10/lib/slf4j-api-1.7.10.jar
7fe4d400c000-7fe4d400d000 r--s 00004000 08:02 28056962                   /home/ivan/tools/android/android-studio/gradle/gradle-2.10/lib/ant-launcher-1.9.3.jar
7fe4d400d000-7fe4d4014000 r--s 00034000 08:02 28056929                   /home/ivan/tools/android/android-studio/gradle/gradle-2.10/lib/gradle-base-services-2.10.jar
7fe4d4014000-7fe4d404b000 r--s 001bc000 08:02 28056930                   /home/ivan/tools/android/android-studio/gradle/gradle-2.10/lib/gradle-core-2.10.jar
7fe4d404b000-7fe4d4055000 r--s 0004a000 08:02 28056927                   /home/ivan/tools/android/android-studio/gradle/gradle-2.10/lib/gradle-launcher-2.10.jar
7fe4d4055000-7fe4d4058000 ---p 00000000 00:00 0 
7fe4d4058000-7fe4d4156000 rw-p 00000000 00:00 0                          [stack:17420]
7fe4d4156000-7fe4d4159000 ---p 00000000 00:00 0 
7fe4d4159000-7fe4d4257000 rw-p 00000000 00:00 0                          [stack:17419]
7fe4d4257000-7fe4d425a000 ---p 00000000 00:00 0 
7fe4d425a000-7fe4d4358000 rw-p 00000000 00:00 0                          [stack:17418]
7fe4d4358000-7fe4d435b000 ---p 00000000 00:00 0 
7fe4d435b000-7fe4d4459000 rw-p 00000000 00:00 0                          [stack:17417]
7fe4d4459000-7fe4d4c6c000 r--p 00000000 08:02 27195                      /usr/lib/locale/locale-archive
7fe4d4c6c000-7fe4d4c6f000 ---p 00000000 00:00 0 
7fe4d4c6f000-7fe4d4d6d000 rw-p 00000000 00:00 0                          [stack:17416]
7fe4d4d6d000-7fe4d4d70000 ---p 00000000 00:00 0 
7fe4d4d70000-7fe4d4e6e000 rw-p 00000000 00:00 0                          [stack:17415]
7fe4d4e6e000-7fe4d4e6f000 ---p 00000000 00:00 0 
7fe4d4e6f000-7fe4d5f6c000 rw-p 00000000 00:00 0                          [stack:17414]
7fe4d5f6c000-7fe4d611d000 r--s 01d30000 08:02 2629205                    /usr/lib/jvm/java-7-openjdk-amd64/jre/lib/rt.jar
7fe4d611d000-7fe4d6496000 rw-p 00000000 00:00 0 
7fe4d6496000-7fe4d6497000 ---p 00000000 00:00 0 
7fe4d6497000-7fe4d6597000 rw-p 00000000 00:00 0                          [stack:17411]
7fe4d6597000-7fe4d6598000 ---p 00000000 00:00 0 
7fe4d6598000-7fe4d6698000 rw-p 00000000 00:00 0                          [stack:17410]
7fe4d6698000-7fe4d6699000 ---p 00000000 00:00 0 
7fe4d6699000-7fe4d6799000 rw-p 00000000 00:00 0                          [stack:17409]
7fe4d6799000-7fe4d679a000 ---p 00000000 00:00 0 
7fe4d679a000-7fe4d68cf000 rw-p 00000000 00:00 0                          [stack:17408]
7fe4d68cf000-7fe4d691a000 rw-p 00000000 00:00 0 
7fe4d691a000-7fe4d6965000 rw-p 00000000 00:00 0 
7fe4d6965000-7fe4d6a70000 rw-p 00000000 00:00 0 
7fe4d6a70000-7fe4d6aa5000 rw-p 00000000 00:00 0 
7fe4d6aa5000-7fe4d6af0000 rw-p 00000000 00:00 0 
7fe4d6af0000-7fe4d6b3b000 rw-p 00000000 00:00 0 
7fe4d6b3b000-7fe4d6c45000 rw-p 00000000 00:00 0 
7fe4d6c45000-7fe4d6cef000 rw-p 00000000 00:00 0 
7fe4d6cef000-7fe4d6cf0000 ---p 00000000 00:00 0 
7fe4d6cf0000-7fe4d6cf1000 rw-p 00000000 00:00 0 
7fe4d6cf1000-7fe4d6cf9000 r-xp 00000000 08:02 2629176                    /usr/lib/jvm/java-7-openjdk-amd64/jre/lib/amd64/libzip.so
7fe4d6cf9000-7fe4d6ef8000 ---p 00008000 08:02 2629176                    /usr/lib/jvm/java-7-openjdk-amd64/jre/lib/amd64/libzip.so
7fe4d6ef8000-7fe4d6ef9000 r--p 00007000 08:02 2629176                    /usr/lib/jvm/java-7-openjdk-amd64/jre/lib/amd64/libzip.so
7fe4d6ef9000-7fe4d6efa000 rw-p 00008000 08:02 2629176                    /usr/lib/jvm/java-7-openjdk-amd64/jre/lib/amd64/libzip.so
7fe4d6efa000-7fe4d6f05000 r-xp 00000000 08:02 3187                       /lib/x86_64-linux-gnu/libnss_files-2.19.so
7fe4d6f05000-7fe4d7104000 ---p 0000b000 08:02 3187                       /lib/x86_64-linux-gnu/libnss_files-2.19.so
7fe4d7104000-7fe4d7105000 r--p 0000a000 08:02 3187                       /lib/x86_64-linux-gnu/libnss_files-2.19.so
7fe4d7105000-7fe4d7106000 rw-p 0000b000 08:02 3187                       /lib/x86_64-linux-gnu/libnss_files-2.19.so
7fe4d7106000-7fe4d7111000 r-xp 00000000 08:02 3171                       /lib/x86_64-linux-gnu/libnss_nis-2.19.so
7fe4d7111000-7fe4d7310000 ---p 0000b000 08:02 3171                       /lib/x86_64-linux-gnu/libnss_nis-2.19.so
7fe4d7310000-7fe4d7311000 r--p 0000a000 08:02 3171                       /lib/x86_64-linux-gnu/libnss_nis-2.19.so
7fe4d7311000-7fe4d7312000 rw-p 0000b000 08:02 3171                       /lib/x86_64-linux-gnu/libnss_nis-2.19.so
7fe4d7312000-7fe4d7329000 r-xp 00000000 08:02 3163                       /lib/x86_64-linux-gnu/libnsl-2.19.so
7fe4d7329000-7fe4d7528000 ---p 00017000 08:02 3163                       /lib/x86_64-linux-gnu/libnsl-2.19.so
7fe4d7528000-7fe4d7529000 r--p 00016000 08:02 3163                       /lib/x86_64-linux-gnu/libnsl-2.19.so
7fe4d7529000-7fe4d752a000 rw-p 00017000 08:02 3163                       /lib/x86_64-linux-gnu/libnsl-2.19.so
7fe4d752a000-7fe4d752c000 rw-p 00000000 00:00 0 
7fe4d752c000-7fe4d7535000 r-xp 00000000 08:02 3161                       /lib/x86_64-linux-gnu/libnss_compat-2.19.so
7fe4d7535000-7fe4d7734000 ---p 00009000 08:02 3161                       /lib/x86_64-linux-gnu/libnss_compat-2.19.so
7fe4d7734000-7fe4d7735000 r--p 00008000 08:02 3161                       /lib/x86_64-linux-gnu/libnss_compat-2.19.so
7fe4d7735000-7fe4d7736000 rw-p 00009000 08:02 3161                       /lib/x86_64-linux-gnu/libnss_compat-2.19.so
7fe4d7736000-7fe4d7761000 r-xp 00000000 08:02 2629162                    /usr/lib/jvm/java-7-openjdk-amd64/jre/lib/amd64/libjava.so
7fe4d7761000-7fe4d7961000 ---p 0002b000 08:02 2629162                    /usr/lib/jvm/java-7-openjdk-amd64/jre/lib/amd64/libjava.so
7fe4d7961000-7fe4d7962000 r--p 0002b000 08:02 2629162                    /usr/lib/jvm/java-7-openjdk-amd64/jre/lib/amd64/libjava.so
7fe4d7962000-7fe4d7964000 rw-p 0002c000 08:02 2629162                    /usr/lib/jvm/java-7-openjdk-amd64/jre/lib/amd64/libjava.so
7fe4d7964000-7fe4d7974000 r-xp 00000000 08:02 2629163                    /usr/lib/jvm/java-7-openjdk-amd64/jre/lib/amd64/libverify.so
7fe4d7974000-7fe4d7b73000 ---p 00010000 08:02 2629163                    /usr/lib/jvm/java-7-openjdk-amd64/jre/lib/amd64/libverify.so
7fe4d7b73000-7fe4d7b75000 r--p 0000f000 08:02 2629163                    /usr/lib/jvm/java-7-openjdk-amd64/jre/lib/amd64/libverify.so
7fe4d7b75000-7fe4d7b76000 rw-p 00011000 08:02 2629163                    /usr/lib/jvm/java-7-openjdk-amd64/jre/lib/amd64/libverify.so
7fe4d7b76000-7fe4d7b7d000 r-xp 00000000 08:02 3179                       /lib/x86_64-linux-gnu/librt-2.19.so
7fe4d7b7d000-7fe4d7d7c000 ---p 00007000 08:02 3179                       /lib/x86_64-linux-gnu/librt-2.19.so
7fe4d7d7c000-7fe4d7d7d000 r--p 00006000 08:02 3179                       /lib/x86_64-linux-gnu/librt-2.19.so
7fe4d7d7d000-7fe4d7d7e000 rw-p 00007000 08:02 3179                       /lib/x86_64-linux-gnu/librt-2.19.so
7fe4d7d7e000-7fe4d7d94000 r-xp 00000000 08:02 3455                       /lib/x86_64-linux-gnu/libgcc_s.so.1
7fe4d7d94000-7fe4d7f93000 ---p 00016000 08:02 3455                       /lib/x86_64-linux-gnu/libgcc_s.so.1
7fe4d7f93000-7fe4d7f94000 r--p 00015000 08:02 3455                       /lib/x86_64-linux-gnu/libgcc_s.so.1
7fe4d7f94000-7fe4d7f95000 rw-p 00016000 08:02 3455                       /lib/x86_64-linux-gnu/libgcc_s.so.1
7fe4d7f95000-7fe4d809a000 r-xp 00000000 08:02 3151                       /lib/x86_64-linux-gnu/libm-2.19.so
7fe4d809a000-7fe4d8299000 ---p 00105000 08:02 3151                       /lib/x86_64-linux-gnu/libm-2.19.so
7fe4d8299000-7fe4d829a000 r--p 00104000 08:02 3151                       /lib/x86_64-linux-gnu/libm-2.19.so
7fe4d829a000-7fe4d829b000 rw-p 00105000 08:02 3151                       /lib/x86_64-linux-gnu/libm-2.19.so
7fe4d829b000-7fe4d8388000 r-xp 00000000 08:02 9486                       /usr/lib/x86_64-linux-gnu/libstdc++.so.6.0.20
7fe4d8388000-7fe4d8588000 ---p 000ed000 08:02 9486                       /usr/lib/x86_64-linux-gnu/libstdc++.so.6.0.20
7fe4d8588000-7fe4d8590000 r--p 000ed000 08:02 9486                       /usr/lib/x86_64-linux-gnu/libstdc++.so.6.0.20
7fe4d8590000-7fe4d8592000 rw-p 000f5000 08:02 9486                       /usr/lib/x86_64-linux-gnu/libstdc++.so.6.0.20
7fe4d8592000-7fe4d85a7000 rw-p 00000000 00:00 0 
7fe4d85a7000-7fe4d90cb000 r-xp 00000000 08:02 2629174                    /usr/lib/jvm/java-7-openjdk-amd64/jre/lib/amd64/server/libjvm.so
7fe4d90cb000-7fe4d92cb000 ---p 00b24000 08:02 2629174                    /usr/lib/jvm/java-7-openjdk-amd64/jre/lib/amd64/server/libjvm.so
7fe4d92cb000-7fe4d9365000 r--p 00b24000 08:02 2629174                    /usr/lib/jvm/java-7-openjdk-amd64/jre/lib/amd64/server/libjvm.so
7fe4d9365000-7fe4d9388000 rw-p 00bbe000 08:02 2629174                    /usr/lib/jvm/java-7-openjdk-amd64/jre/lib/amd64/server/libjvm.so
7fe4d9388000-7fe4d93b6000 rw-p 00000000 00:00 0 
7fe4d93b6000-7fe4d93ce000 r-xp 00000000 08:02 13550                      /lib/x86_64-linux-gnu/libz.so.1.2.8
7fe4d93ce000-7fe4d95cd000 ---p 00018000 08:02 13550                      /lib/x86_64-linux-gnu/libz.so.1.2.8
7fe4d95cd000-7fe4d95ce000 r--p 00017000 08:02 13550                      /lib/x86_64-linux-gnu/libz.so.1.2.8
7fe4d95ce000-7fe4d95cf000 rw-p 00018000 08:02 13550                      /lib/x86_64-linux-gnu/libz.so.1.2.8
7fe4d95cf000-7fe4d95e8000 r-xp 00000000 08:02 3165                       /lib/x86_64-linux-gnu/libpthread-2.19.so
7fe4d95e8000-7fe4d97e7000 ---p 00019000 08:02 3165                       /lib/x86_64-linux-gnu/libpthread-2.19.so
7fe4d97e7000-7fe4d97e8000 r--p 00018000 08:02 3165                       /lib/x86_64-linux-gnu/libpthread-2.19.so
7fe4d97e8000-7fe4d97e9000 rw-p 00019000 08:02 3165                       /lib/x86_64-linux-gnu/libpthread-2.19.so
7fe4d97e9000-7fe4d97ed000 rw-p 00000000 00:00 0 
7fe4d97ed000-7fe4d97f0000 r-xp 00000000 08:02 3155                       /lib/x86_64-linux-gnu/libdl-2.19.so
7fe4d97f0000-7fe4d99ef000 ---p 00003000 08:02 3155                       /lib/x86_64-linux-gnu/libdl-2.19.so
7fe4d99ef000-7fe4d99f0000 r--p 00002000 08:02 3155                       /lib/x86_64-linux-gnu/libdl-2.19.so
7fe4d99f0000-7fe4d99f1000 rw-p 00003000 08:02 3155                       /lib/x86_64-linux-gnu/libdl-2.19.so
7fe4d99f1000-7fe4d9bac000 r-xp 00000000 08:02 3181                       /lib/x86_64-linux-gnu/libc-2.19.so
7fe4d9bac000-7fe4d9dab000 ---p 001bb000 08:02 3181                       /lib/x86_64-linux-gnu/libc-2.19.so
7fe4d9dab000-7fe4d9daf000 r--p 001ba000 08:02 3181                       /lib/x86_64-linux-gnu/libc-2.19.so
7fe4d9daf000-7fe4d9db1000 rw-p 001be000 08:02 3181                       /lib/x86_64-linux-gnu/libc-2.19.so
7fe4d9db1000-7fe4d9db6000 rw-p 00000000 00:00 0 
7fe4d9db6000-7fe4d9dc3000 r-xp 00000000 08:02 2629189                    /usr/lib/jvm/java-7-openjdk-amd64/jre/lib/amd64/jli/libjli.so
7fe4d9dc3000-7fe4d9fc2000 ---p 0000d000 08:02 2629189                    /usr/lib/jvm/java-7-openjdk-amd64/jre/lib/amd64/jli/libjli.so
7fe4d9fc2000-7fe4d9fc3000 r--p 0000c000 08:02 2629189                    /usr/lib/jvm/java-7-openjdk-amd64/jre/lib/amd64/jli/libjli.so
7fe4d9fc3000-7fe4d9fc4000 rw-p 0000d000 08:02 2629189                    /usr/lib/jvm/java-7-openjdk-amd64/jre/lib/amd64/jli/libjli.so
7fe4d9fc4000-7fe4d9fe7000 r-xp 00000000 08:02 3167                       /lib/x86_64-linux-gnu/ld-2.19.so
7fe4d9fe7000-7fe4d9feb000 r--s 00034000 08:02 2629217                    /usr/lib/jvm/java-7-openjdk-amd64/jre/lib/ext/sunjce_provider.jar
7fe4d9feb000-7fe4d9fed000 r--s 00012000 08:02 2629216                    /usr/lib/jvm/java-7-openjdk-amd64/jre/lib/ext/zipfs.jar
7fe4d9fed000-7fe4d9ff0000 r--s 0000f000 08:02 2629218                    /usr/lib/jvm/java-7-openjdk-amd64/jre/lib/ext/icedtea-sound.jar
7fe4d9ff0000-7fe4d9ff4000 r--s 0003c000 08:02 2629220                    /usr/lib/jvm/java-7-openjdk-amd64/jre/lib/ext/sunpkcs11.jar
7fe4d9ff4000-7fe4d9ff6000 r--s 00006000 08:02 5674                       /usr/share/java/java-atk-wrapper.jar
7fe4d9ff6000-7fe4d9ffa000 r--s 00085000 08:02 2629219                    /usr/lib/jvm/java-7-openjdk-amd64/jre/lib/ext/localedata.jar
7fe4d9ffa000-7fe4da019000 rw-p 00000000 00:00 0 
7fe4da019000-7fe4da0ba000 rw-p 00000000 00:00 0 
7fe4da0ba000-7fe4da0bd000 ---p 00000000 00:00 0 
7fe4da0bd000-7fe4da1c0000 rw-p 00000000 00:00 0                          [stack:17407]
7fe4da1c0000-7fe4da1c1000 r--s 00002000 08:02 2629215                    /usr/lib/jvm/java-7-openjdk-amd64/jre/lib/ext/dnsns.jar
7fe4da1c1000-7fe4da1da000 rw-p 00000000 00:00 0 
7fe4da1da000-7fe4da1e2000 rw-s 00000000 08:02 1313437                    /tmp/hsperfdata_ivan/17406
7fe4da1e2000-7fe4da1e3000 rw-p 00000000 00:00 0 
7fe4da1e3000-7fe4da1e4000 ---p 00000000 00:00 0 
7fe4da1e4000-7fe4da1e6000 rw-p 00000000 00:00 0 
7fe4da1e6000-7fe4da1e7000 r--p 00022000 08:02 3167                       /lib/x86_64-linux-gnu/ld-2.19.so
7fe4da1e7000-7fe4da1e8000 rw-p 00023000 08:02 3167                       /lib/x86_64-linux-gnu/ld-2.19.so
7fe4da1e8000-7fe4da1e9000 rw-p 00000000 00:00 0 
7fffa6769000-7fffa678a000 rw-p 00000000 00:00 0                          [stack]
7fffa67af000-7fffa67b1000 r-xp 00000000 00:00 0                          [vdso]
7fffa67b1000-7fffa67b3000 r--p 00000000 00:00 0                          [vvar]
ffffffffff600000-ffffffffff601000 r-xp 00000000 00:00 0                  [vsyscall]

VM Arguments:
jvm_args: -XX:MaxPermSize=256m -XX:+HeapDumpOnOutOfMemoryError -Xmx1024m -Dfile.encoding=UTF-8 -Duser.country=UA -Duser.language=ru -Duser.variant 
java_command: org.gradle.launcher.daemon.bootstrap.GradleDaemon 2.10
Launcher Type: SUN_STANDARD

Environment Variables:
JAVA_HOME=/usr/lib/jvm/java-8-oracle
PATH=/usr/local/sbin:/usr/local/bin:/usr/sbin:/usr/bin:/sbin:/bin:/usr/games:/usr/local/games:/usr/lib/jvm/java-8-oracle/bin:/usr/lib/jvm/java-8-oracle/db/bin:/usr/lib/jvm/java-8-oracle/jre/bin
SHELL=/bin/bash
DISPLAY=:0

Signal Handlers:
SIGSEGV: [libjvm.so+0x9548f0], sa_mask[0]=0x7ffbfeff, sa_flags=0x10000004
SIGBUS: [libjvm.so+0x9548f0], sa_mask[0]=0x7ffbfeff, sa_flags=0x10000004
SIGFPE: [libjvm.so+0x7cb0b0], sa_mask[0]=0x7ffbfeff, sa_flags=0x10000004
SIGPIPE: SIG_IGN, sa_mask[0]=0x00000000, sa_flags=0x00000000
SIGXFSZ: [libjvm.so+0x7cb0b0], sa_mask[0]=0x7ffbfeff, sa_flags=0x10000004
SIGILL: [libjvm.so+0x7cb0b0], sa_mask[0]=0x7ffbfeff, sa_flags=0x10000004
SIGUSR1: SIG_DFL, sa_mask[0]=0x00000000, sa_flags=0x00000000
SIGUSR2: [libjvm.so+0x7caf50], sa_mask[0]=0x00000004, sa_flags=0x10000004
SIGHUP: [libjvm.so+0x7cb130], sa_mask[0]=0x7ffbfeff, sa_flags=0x10000004
SIGINT: [libjvm.so+0x7cb130], sa_mask[0]=0x7ffbfeff, sa_flags=0x10000004
SIGTERM: [libjvm.so+0x7cb130], sa_mask[0]=0x7ffbfeff, sa_flags=0x10000004
SIGQUIT: [libjvm.so+0x7cb130], sa_mask[0]=0x7ffbfeff, sa_flags=0x10000004
SIGTRAP: SIG_DFL, sa_mask[0]=0x00000000, sa_flags=0x00000000


---------------  S Y S T E M  ---------------

OS:Ubuntu 14.04 (trusty)
uname:Linux 3.16.0-70-generic #90~14.04.1-Ubuntu SMP Wed Apr 6 22:56:34 UTC 2016 x86_64
libc:glibc 2.19 NPTL 2.19 
rlimit: STACK 8192k, CORE 0k, NPROC 30693, NOFILE 4096, AS infinity
load average:5,96 3,72 2,33

/proc/meminfo:
MemTotal:        8059688 kB
MemFree:         1177904 kB
MemAvailable:    4225676 kB
Buffers:          715108 kB
Cached:          2310624 kB
SwapCached:            0 kB
Active:          4784900 kB
Inactive:        1454548 kB
Active(anon):    3215512 kB
Inactive(anon):   114828 kB
Active(file):    1569388 kB
Inactive(file):  1339720 kB
Unevictable:          72 kB
Mlocked:              72 kB
SwapTotal:       4075516 kB
SwapFree:        4075516 kB
Dirty:             24260 kB
Writeback:             0 kB
AnonPages:       3213808 kB
Mapped:           525300 kB
Shmem:            116628 kB
Slab:             434072 kB
SReclaimable:     392068 kB
SUnreclaim:        42004 kB
KernelStack:       10960 kB
PageTables:        52320 kB
NFS_Unstable:          0 kB
Bounce:                0 kB
WritebackTmp:          0 kB
CommitLimit:     8105360 kB
Committed_AS:    8691220 kB
VmallocTotal:   34359738367 kB
VmallocUsed:      391908 kB
VmallocChunk:   34359275092 kB
HardwareCorrupted:     0 kB
AnonHugePages:   1075200 kB
HugePages_Total:       0
HugePages_Free:        0
HugePages_Rsvd:        0
HugePages_Surp:        0
Hugepagesize:       2048 kB
DirectMap4k:      235460 kB
DirectMap2M:     8036352 kB


CPU:total 4 (2 cores per cpu, 2 threads per core) family 6 model 58 stepping 9, cmov, cx8, fxsr, mmx, sse, sse2, sse3, ssse3, sse4.1, sse4.2, popcnt, avx, erms, ht, tsc, tscinvbit, tscinv

/proc/cpuinfo:
processor	: 0
vendor_id	: GenuineIntel
cpu family	: 6
model		: 58
model name	: Intel(R) Core(TM) i3-3217U CPU @ 1.80GHz
stepping	: 9
microcode	: 0x15
cpu MHz		: 1800.000
cache size	: 3072 KB
physical id	: 0
siblings	: 4
core id		: 0
cpu cores	: 2
apicid		: 0
initial apicid	: 0
fpu		: yes
fpu_exception	: yes
cpuid level	: 13
wp		: yes
flags		: fpu vme de pse tsc msr pae mce cx8 apic sep mtrr pge mca cmov pat pse36 clflush dts acpi mmx fxsr sse sse2 ss ht tm pbe syscall nx rdtscp lm constant_tsc arch_perfmon pebs bts rep_good nopl xtopology nonstop_tsc aperfmperf eagerfpu pni pclmulqdq dtes64 monitor ds_cpl vmx est tm2 ssse3 cx16 xtpr pdcm pcid sse4_1 sse4_2 x2apic popcnt tsc_deadline_timer xsave avx f16c lahf_lm ida arat epb xsaveopt pln pts dtherm tpr_shadow vnmi flexpriority ept vpid fsgsbase smep erms
bogomips	: 3591.74
clflush size	: 64
cache_alignment	: 64
address sizes	: 36 bits physical, 48 bits virtual
power management:

processor	: 1
vendor_id	: GenuineIntel
cpu family	: 6
model		: 58
model name	: Intel(R) Core(TM) i3-3217U CPU @ 1.80GHz
stepping	: 9
microcode	: 0x15
cpu MHz		: 1800.000
cache size	: 3072 KB
physical id	: 0
siblings	: 4
core id		: 1
cpu cores	: 2
apicid		: 2
initial apicid	: 2
fpu		: yes
fpu_exception	: yes
cpuid level	: 13
wp		: yes
flags		: fpu vme de pse tsc msr pae mce cx8 apic sep mtrr pge mca cmov pat pse36 clflush dts acpi mmx fxsr sse sse2 ss ht tm pbe syscall nx rdtscp lm constant_tsc arch_perfmon pebs bts rep_good nopl xtopology nonstop_tsc aperfmperf eagerfpu pni pclmulqdq dtes64 monitor ds_cpl vmx est tm2 ssse3 cx16 xtpr pdcm pcid sse4_1 sse4_2 x2apic popcnt tsc_deadline_timer xsave avx f16c lahf_lm ida arat epb xsaveopt pln pts dtherm tpr_shadow vnmi flexpriority ept vpid fsgsbase smep erms
bogomips	: 3591.74
clflush size	: 64
cache_alignment	: 64
address sizes	: 36 bits physical, 48 bits virtual
power management:

processor	: 2
vendor_id	: GenuineIntel
cpu family	: 6
model		: 58
model name	: Intel(R) Core(TM) i3-3217U CPU @ 1.80GHz
stepping	: 9
microcode	: 0x15
cpu MHz		: 1800.000
cache size	: 3072 KB
physical id	: 0
siblings	: 4
core id		: 0
cpu cores	: 2
apicid		: 1
initial apicid	: 1
fpu		: yes
fpu_exception	: yes
cpuid level	: 13
wp		: yes
flags		: fpu vme de pse tsc msr pae mce cx8 apic sep mtrr pge mca cmov pat pse36 clflush dts acpi mmx fxsr sse sse2 ss ht tm pbe syscall nx rdtscp lm constant_tsc arch_perfmon pebs bts rep_good nopl xtopology nonstop_tsc aperfmperf eagerfpu pni pclmulqdq dtes64 monitor ds_cpl vmx est tm2 ssse3 cx16 xtpr pdcm pcid sse4_1 sse4_2 x2apic popcnt tsc_deadline_timer xsave avx f16c lahf_lm ida arat epb xsaveopt pln pts dtherm tpr_shadow vnmi flexpriority ept vpid fsgsbase smep erms
bogomips	: 3591.74
clflush size	: 64
cache_alignment	: 64
address sizes	: 36 bits physical, 48 bits virtual
power management:

processor	: 3
vendor_id	: GenuineIntel
cpu family	: 6
model		: 58
model name	: Intel(R) Core(TM) i3-3217U CPU @ 1.80GHz
stepping	: 9
microcode	: 0x15
cpu MHz		: 1800.000
cache size	: 3072 KB
physical id	: 0
siblings	: 4
core id		: 1
cpu cores	: 2
apicid		: 3
initial apicid	: 3
fpu		: yes
fpu_exception	: yes
cpuid level	: 13
wp		: yes
flags		: fpu vme de pse tsc msr pae mce cx8 apic sep mtrr pge mca cmov pat pse36 clflush dts acpi mmx fxsr sse sse2 ss ht tm pbe syscall nx rdtscp lm constant_tsc arch_perfmon pebs bts rep_good nopl xtopology nonstop_tsc aperfmperf eagerfpu pni pclmulqdq dtes64 monitor ds_cpl vmx est tm2 ssse3 cx16 xtpr pdcm pcid sse4_1 sse4_2 x2apic popcnt tsc_deadline_timer xsave avx f16c lahf_lm ida arat epb xsaveopt pln pts dtherm tpr_shadow vnmi flexpriority ept vpid fsgsbase smep erms
bogomips	: 3591.74
clflush size	: 64
cache_alignment	: 64
address sizes	: 36 bits physical, 48 bits virtual
power management:



Memory: 4k page, physical 8059688k(1177904k free), swap 4075516k(4075516k free)

vm_info: OpenJDK 64-Bit Server VM (24.95-b01) for linux-amd64 JRE (1.7.0_95-b00), built on Mar 24 2016 06:13:32 by "buildd" with gcc 4.8.2

time: Wed Apr 20 10:38:09 2016
elapsed time: 72 seconds

