#
# A fatal error has been detected by the Java Runtime Environment:
#
#  SIGSEGV (0xb) at pc=0x00007f182e3ed3f1, pid=16548, tid=139741528041216
#
# JRE version: OpenJDK Runtime Environment (7.0_95) (build 1.7.0_95-b00)
# Java VM: OpenJDK 64-Bit Server VM (24.95-b01 mixed mode linux-amd64 compressed oops)
# Derivative: IcedTea 2.6.4
# Distribution: Ubuntu 14.04 LTS, package 7u95-2.6.4-0ubuntu0.14.04.2
# Problematic frame:
# V  [libjvm.so+0x74b3f1]
#
# Failed to write core dump. Core dumps have been disabled. To enable core dumping, try "ulimit -c unlimited" before starting Java again
#
# If you would like to submit a bug report, please include
# instructions on how to reproduce the bug and visit:
#   http://icedtea.classpath.org/bugzilla
#

---------------  T H R E A D  ---------------

Current thread (0x00007f18280ab000):  JavaThread "C2 CompilerThread0" daemon [_thread_in_native, id=16560, stack(0x00007f181c13a000,0x00007f181c23b000)]

siginfo:si_signo=SIGSEGV: si_errno=0, si_code=1 (SEGV_MAPERR), si_addr=0x00007f1ff42f79a8

Registers:
RAX=0x00007f1ff42f79a8, RBX=0x00007f181c236a40, RCX=0x000000000000000b, RDX=0x0000000000000099
RSP=0x00007f181c236a10, RBP=0x00007f181c236a90, RSI=0x00007f17f80242f0, RDI=0x00007f181c2390c8
R8 =0x0000000000000001, R9 =0x00007f17f42353c0, R10=0x0000000000000005, R11=0x00007f181c2390c8
R12=0x00007f17f42f7970, R13=0x00007f181c2376b0, R14=0x00000000ffffffff, R15=0x0000000000000000
RIP=0x00007f182e3ed3f1, EFLAGS=0x0000000000010246, CSGSFS=0x0000000000000033, ERR=0x0000000000000004
  TRAPNO=0x000000000000000e

Top of Stack: (sp=0x00007f181c236a10)
0x00007f181c236a10:   00007f181c236a70 00007f182df4e5a8
0x00007f181c236a20:   00007f181c2376d0 00007f181c238048
0x00007f181c236a30:   0000000000000000 0000000000000006
0x00007f181c236a40:   00007f17f8b702b0 00007f17f8c091a0
0x00007f181c236a50:   00007f17f8b6fa20 00007f18280abb50
0x00007f181c236a60:   000000000000265e 00007f181c238f50
0x00007f181c236a70:   00007f181c2376b0 00007f17d4b17d68
0x00007f181c236a80:   000000000000265e 0000000000000011
0x00007f181c236a90:   00007f181c236b40 00007f182e3ef2ca
0x00007f181c236aa0:   00007f181c236ac0 00007f181c236b60
0x00007f181c236ab0:   00007f181c236b10 00007f17d4e85ed0
0x00007f181c236ac0:   00007f17f4124d88 00007f181c2390f0
0x00007f181c236ad0:   0000000000100000 0000000000000000
0x00007f181c236ae0:   0000000000000000 0000000000000000
0x00007f181c236af0:   0000000000000000 00007f181c239030
0x00007f181c236b00:   00007f182ea704d0 00007f181c236b60
0x00007f181c236b10:   00007f181c236b40 00007f181c238f50
0x00007f181c236b20:   00007f181c2376b0 00007f181c236d30
0x00007f181c236b30:   00007f182ea704d0 00007f181c236b60
0x00007f181c236b40:   00007f181c238330 00007f182e0e1165
0x00007f181c236b50:   0000000000000000 0000000000000000
0x00007f181c236b60:   00007f18280abb50 0000000000000100
0x00007f181c236b70:   00007f17f49efeb0 0000000000000093
0x00007f181c236b80:   0000000000000000 0000000000000000
0x00007f181c236b90:   0000000000000000 0000000000000000
0x00007f181c236ba0:   0000000000000000 0000000000000000
0x00007f181c236bb0:   0000000000000000 0000000000000000
0x00007f181c236bc0:   0000000000000000 0000000000000000
0x00007f181c236bd0:   0000000000000000 0000000000000000
0x00007f181c236be0:   0000000000000000 0000000000000000
0x00007f181c236bf0:   0000000000000000 0000000000000000
0x00007f181c236c00:   0000000000000000 0000000000000000 

Instructions: (pc=0x00007f182e3ed3f1)
0x00007f182e3ed3d1:   09 4d 85 ff 0f 85 f2 fe ff ff 31 c0 e9 de fa ff
0x00007f182e3ed3e1:   ff e8 09 d5 ff ff 49 89 c7 eb ca 49 8b 44 24 08
0x00007f182e3ed3f1:   48 8b 38 f6 47 2c 01 0f 84 c4 fe ff ff 48 8b 07
0x00007f182e3ed401:   4c 89 ea 4c 89 e6 ff 90 d0 00 00 00 49 89 c7 48 

Register to memory mapping:

RAX=0x00007f1ff42f79a8 is an unknown value
RBX=0x00007f181c236a40 is pointing into the stack for thread: 0x00007f18280ab000
RCX=0x000000000000000b is an unknown value
RDX=0x0000000000000099 is an unknown value
RSP=0x00007f181c236a10 is pointing into the stack for thread: 0x00007f18280ab000
RBP=0x00007f181c236a90 is pointing into the stack for thread: 0x00007f18280ab000
RSI=0x00007f17f80242f0 is an unknown value
RDI=0x00007f181c2390c8 is pointing into the stack for thread: 0x00007f18280ab000
R8 =0x0000000000000001 is an unknown value
R9 =0x00007f17f42353c0 is an unknown value
R10=0x0000000000000005 is an unknown value
R11=0x00007f181c2390c8 is pointing into the stack for thread: 0x00007f18280ab000
R12=0x00007f17f42f7970 is an unknown value
R13=0x00007f181c2376b0 is pointing into the stack for thread: 0x00007f18280ab000
R14=0x00000000ffffffff is an unknown value
R15=0x0000000000000000 is an unknown value


Stack: [0x00007f181c13a000,0x00007f181c23b000],  sp=0x00007f181c236a10,  free space=1010k
Native frames: (J=compiled Java code, j=interpreted, Vv=VM code, C=native code)
V  [libjvm.so+0x74b3f1]
V  [libjvm.so+0x74d2ca]
V  [libjvm.so+0x43f165]
V  [libjvm.so+0x443537]
V  [libjvm.so+0x3b15ea]
V  [libjvm.so+0x4493b7]
V  [libjvm.so+0x44a4c0]
V  [libjvm.so+0x906c70]
V  [libjvm.so+0x906ee1]
V  [libjvm.so+0x7cc742]


Current CompileTask:
C2:  35679 1509   !         java.nio.file.FileTreeWalker::walk (768 bytes)


---------------  P R O C E S S  ---------------

Java Threads: ( => current thread )
  0x00007f17d454e000 JavaThread "File lock request listener" [_thread_in_native, id=16654, stack(0x00007f17fd8d4000,0x00007f17fd9d5000)]
  0x00007f17d43d1000 JavaThread "process reaper" daemon [_thread_blocked, id=16641, stack(0x00007f17fd9d5000,0x00007f17fda0e000)]
  0x00007f17d401e800 JavaThread "Stdin handler" [_thread_blocked, id=16639, stack(0x00007f17fda7a000,0x00007f17fdb7b000)]
  0x00007f17e8007800 JavaThread "Daemon worker" [_thread_in_native, id=16636, stack(0x00007f17fdb82000,0x00007f17fdc83000)]
  0x00007f17e8007000 JavaThread "Cancel handler" [_thread_blocked, id=16635, stack(0x00007f17fdc83000,0x00007f17fdd84000)]
  0x00007f17e8003800 JavaThread "Handler for socket connection from /127.0.0.1:56602 to /127.0.0.1:37788" [_thread_in_native, id=16634, stack(0x00007f17fdd84000,0x00007f17fde85000)]
  0x00007f17e400e000 JavaThread "Daemon" [_thread_blocked, id=16633, stack(0x00007f17fde85000,0x00007f17fdf86000)]
  0x00007f1828ae3000 JavaThread "Incoming local TCP Connector on port 56602" [_thread_in_native, id=16631, stack(0x00007f17fdf86000,0x00007f17fe087000)]
  0x00007f18280b0800 JavaThread "Service Thread" daemon [_thread_blocked, id=16562, stack(0x00007f17ffeff000,0x00007f1800000000)]
  0x00007f18280ae000 JavaThread "C2 CompilerThread1" daemon [_thread_blocked, id=16561, stack(0x00007f181c039000,0x00007f181c13a000)]
=>0x00007f18280ab000 JavaThread "C2 CompilerThread0" daemon [_thread_in_native, id=16560, stack(0x00007f181c13a000,0x00007f181c23b000)]
  0x00007f18280a9000 JavaThread "Signal Dispatcher" daemon [_thread_blocked, id=16559, stack(0x00007f181c23b000,0x00007f181c33c000)]
  0x00007f182807c000 JavaThread "Finalizer" daemon [_thread_blocked, id=16558, stack(0x00007f181cb4f000,0x00007f181cc50000)]
  0x00007f182807a000 JavaThread "Reference Handler" daemon [_thread_blocked, id=16557, stack(0x00007f181cc50000,0x00007f181cd51000)]
  0x00007f182800a000 JavaThread "main" [_thread_blocked, id=16549, stack(0x00007f182f7b5000,0x00007f182f8b6000)]

Other Threads:
  0x00007f1828075800 VMThread [stack: 0x00007f181cd51000,0x00007f181ce52000] [id=16556]
  0x00007f18280bb000 WatcherThread [stack: 0x00007f17ffdfe000,0x00007f17ffeff000] [id=16563]

VM state:not at safepoint (normal execution)

VM Mutex/Monitor currently owned by a thread: None

Heap
 PSYoungGen      total 219136K, used 205895K [0x00000000eaa80000, 0x0000000100000000, 0x0000000100000000)
  eden space 198144K, 94% used [0x00000000eaa80000,0x00000000f609dc28,0x00000000f6c00000)
  from space 20992K, 92% used [0x00000000f6c00000,0x00000000f7ef42a8,0x00000000f8080000)
  to   space 23552K, 0% used [0x00000000fe900000,0x00000000fe900000,0x0000000100000000)
 ParOldGen       total 83968K, used 40881K [0x00000000c0000000, 0x00000000c5200000, 0x00000000eaa80000)
  object space 83968K, 48% used [0x00000000c0000000,0x00000000c27ec6e0,0x00000000c5200000)
 PSPermGen       total 48128K, used 48000K [0x00000000b0000000, 0x00000000b2f00000, 0x00000000c0000000)
  object space 48128K, 99% used [0x00000000b0000000,0x00000000b2ee03a8,0x00000000b2f00000)

Card table byte_map: [0x00007f182c16b000,0x00007f182c3ec000] byte_map_base: 0x00007f182bbeb000

Polling page: 0x00007f182f8de000

Code Cache  [0x00007f1825000000, 0x00007f1825560000, 0x00007f1828000000)
 total_blobs=2001 nmethods=1328 adapters=625 free_code_cache=43804Kb largest_free_block=44717312

Compilation events (10 events):
Event: 35,646 Thread 0x00007f18280ae000 1516             com.google.common.cache.LocalCache$StrongAccessEntry::getPreviousInAccessQueue (5 bytes)
Event: 35,647 Thread 0x00007f18280ae000 nmethod 1516 0x00007f18253e26d0 code [0x00007f18253e2800, 0x00007f18253e2858]
Event: 35,665 Thread 0x00007f18280ae000 1518             java.io.File::getAbsolutePath (8 bytes)
Event: 35,667 Thread 0x00007f18280ae000 nmethod 1518 0x00007f1825535d90 code [0x00007f1825535ee0, 0x00007f1825535fd8]
Event: 35,668 Thread 0x00007f18280ae000 1519             com.google.common.cache.LocalCache::refreshes (15 bytes)
Event: 35,669 Thread 0x00007f18280ae000 nmethod 1519 0x00007f1825537a50 code [0x00007f1825537b80, 0x00007f1825537bf8]
Event: 35,669 Thread 0x00007f18280ae000 1520             com.google.common.cache.LocalCache::recordsAccess (5 bytes)
Event: 35,670 Thread 0x00007f18280ae000 nmethod 1520 0x00007f18253e23d0 code [0x00007f18253e2500, 0x00007f18253e2578]
Event: 35,670 Thread 0x00007f18280ae000 1521             com.google.common.cache.LocalCache$Segment::postReadCleanup (18 bytes)
Event: 35,672 Thread 0x00007f18280ae000 nmethod 1521 0x00007f1825535a90 code [0x00007f1825535be0, 0x00007f1825535ca8]

GC Heap History (10 events):
Event: 14,176 GC heap before
{Heap before GC invocations=7 (full 0):
 PSYoungGen      total 74752K, used 71890K [0x00000000eaa80000, 0x00000000efe80000, 0x0000000100000000)
  eden space 63488K, 100% used [0x00000000eaa80000,0x00000000ee880000,0x00000000ee880000)
  from space 11264K, 74% used [0x00000000ef380000,0x00000000efbb4a48,0x00000000efe80000)
  to   space 11264K, 0% used [0x00000000ee880000,0x00000000ee880000,0x00000000ef380000)
 ParOldGen       total 83968K, used 10341K [0x00000000c0000000, 0x00000000c5200000, 0x00000000eaa80000)
  object space 83968K, 12% used [0x00000000c0000000,0x00000000c0a19538,0x00000000c5200000)
 PSPermGen       total 27648K, used 27506K [0x00000000b0000000, 0x00000000b1b00000, 0x00000000c0000000)
  object space 27648K, 99% used [0x00000000b0000000,0x00000000b1adcaf8,0x00000000b1b00000)
Event: 14,205 GC heap after
Heap after GC invocations=7 (full 0):
 PSYoungGen      total 74752K, used 7497K [0x00000000eaa80000, 0x00000000f3c80000, 0x0000000100000000)
  eden space 63488K, 0% used [0x00000000eaa80000,0x00000000eaa80000,0x00000000ee880000)
  from space 11264K, 66% used [0x00000000ee880000,0x00000000eefd26a0,0x00000000ef380000)
  to   space 11264K, 0% used [0x00000000f3180000,0x00000000f3180000,0x00000000f3c80000)
 ParOldGen       total 83968K, used 11778K [0x00000000c0000000, 0x00000000c5200000, 0x00000000eaa80000)
  object space 83968K, 14% used [0x00000000c0000000,0x00000000c0b809a8,0x00000000c5200000)
 PSPermGen       total 27648K, used 27506K [0x00000000b0000000, 0x00000000b1b00000, 0x00000000c0000000)
  object space 27648K, 99% used [0x00000000b0000000,0x00000000b1adcaf8,0x00000000b1b00000)
}
Event: 15,929 GC heap before
{Heap before GC invocations=8 (full 0):
 PSYoungGen      total 74752K, used 70985K [0x00000000eaa80000, 0x00000000f3c80000, 0x0000000100000000)
  eden space 63488K, 100% used [0x00000000eaa80000,0x00000000ee880000,0x00000000ee880000)
  from space 11264K, 66% used [0x00000000ee880000,0x00000000eefd26a0,0x00000000ef380000)
  to   space 11264K, 0% used [0x00000000f3180000,0x00000000f3180000,0x00000000f3c80000)
 ParOldGen       total 83968K, used 11778K [0x00000000c0000000, 0x00000000c5200000, 0x00000000eaa80000)
  object space 83968K, 14% used [0x00000000c0000000,0x00000000c0b809a8,0x00000000c5200000)
 PSPermGen       total 31232K, used 31215K [0x00000000b0000000, 0x00000000b1e80000, 0x00000000c0000000)
  object space 31232K, 99% used [0x00000000b0000000,0x00000000b1e7bc68,0x00000000b1e80000)
Event: 15,958 GC heap after
Heap after GC invocations=8 (full 0):
 PSYoungGen      total 138240K, used 8332K [0x00000000eaa80000, 0x00000000f3c80000, 0x0000000100000000)
  eden space 126976K, 0% used [0x00000000eaa80000,0x00000000eaa80000,0x00000000f2680000)
  from space 11264K, 73% used [0x00000000f3180000,0x00000000f39a3018,0x00000000f3c80000)
  to   space 11264K, 0% used [0x00000000f2680000,0x00000000f2680000,0x00000000f3180000)
 ParOldGen       total 83968K, used 14551K [0x00000000c0000000, 0x00000000c5200000, 0x00000000eaa80000)
  object space 83968K, 17% used [0x00000000c0000000,0x00000000c0e35cc8,0x00000000c5200000)
 PSPermGen       total 31232K, used 31215K [0x00000000b0000000, 0x00000000b1e80000, 0x00000000c0000000)
  object space 31232K, 99% used [0x00000000b0000000,0x00000000b1e7bc68,0x00000000b1e80000)
}
Event: 20,022 GC heap before
{Heap before GC invocations=9 (full 0):
 PSYoungGen      total 138240K, used 135308K [0x00000000eaa80000, 0x00000000f3c80000, 0x0000000100000000)
  eden space 126976K, 100% used [0x00000000eaa80000,0x00000000f2680000,0x00000000f2680000)
  from space 11264K, 73% used [0x00000000f3180000,0x00000000f39a3018,0x00000000f3c80000)
  to   space 11264K, 0% used [0x00000000f2680000,0x00000000f2680000,0x00000000f3180000)
 ParOldGen       total 83968K, used 14551K [0x00000000c0000000, 0x00000000c5200000, 0x00000000eaa80000)
  object space 83968K, 17% used [0x00000000c0000000,0x00000000c0e35cc8,0x00000000c5200000)
 PSPermGen       total 38912K, used 38622K [0x00000000b0000000, 0x00000000b2600000, 0x00000000c0000000)
  object space 38912K, 99% used [0x00000000b0000000,0x00000000b25b78d8,0x00000000b2600000)
Event: 20,082 GC heap after
Heap after GC invocations=9 (full 0):
 PSYoungGen      total 138240K, used 11261K [0x00000000eaa80000, 0x00000000f9000000, 0x0000000100000000)
  eden space 126976K, 0% used [0x00000000eaa80000,0x00000000eaa80000,0x00000000f2680000)
  from space 11264K, 99% used [0x00000000f2680000,0x00000000f317f778,0x00000000f3180000)
  to   space 15872K, 0% used [0x00000000f8080000,0x00000000f8080000,0x00000000f9000000)
 ParOldGen       total 83968K, used 23649K [0x00000000c0000000, 0x00000000c5200000, 0x00000000eaa80000)
  object space 83968K, 28% used [0x00000000c0000000,0x00000000c1718460,0x00000000c5200000)
 PSPermGen       total 38912K, used 38622K [0x00000000b0000000, 0x00000000b2600000, 0x00000000c0000000)
  object space 38912K, 99% used [0x00000000b0000000,0x00000000b25b78d8,0x00000000b2600000)
}
Event: 22,822 GC heap before
{Heap before GC invocations=10 (full 0):
 PSYoungGen      total 138240K, used 138237K [0x00000000eaa80000, 0x00000000f9000000, 0x0000000100000000)
  eden space 126976K, 100% used [0x00000000eaa80000,0x00000000f2680000,0x00000000f2680000)
  from space 11264K, 99% used [0x00000000f2680000,0x00000000f317f778,0x00000000f3180000)
  to   space 15872K, 0% used [0x00000000f8080000,0x00000000f8080000,0x00000000f9000000)
 ParOldGen       total 83968K, used 23649K [0x00000000c0000000, 0x00000000c5200000, 0x00000000eaa80000)
  object space 83968K, 28% used [0x00000000c0000000,0x00000000c1718460,0x00000000c5200000)
 PSPermGen       total 39424K, used 38959K [0x00000000b0000000, 0x00000000b2680000, 0x00000000c0000000)
  object space 39424K, 98% used [0x00000000b0000000,0x00000000b260bf40,0x00000000b2680000)
Event: 22,901 GC heap after
Heap after GC invocations=10 (full 0):
 PSYoungGen      total 214016K, used 15845K [0x00000000eaa80000, 0x00000000f9a00000, 0x0000000100000000)
  eden space 198144K, 0% used [0x00000000eaa80000,0x00000000eaa80000,0x00000000f6c00000)
  from space 15872K, 99% used [0x00000000f8080000,0x00000000f8ff9470,0x00000000f9000000)
  to   space 20992K, 0% used [0x00000000f6c00000,0x00000000f6c00000,0x00000000f8080000)
 ParOldGen       total 83968K, used 32479K [0x00000000c0000000, 0x00000000c5200000, 0x00000000eaa80000)
  object space 83968K, 38% used [0x00000000c0000000,0x00000000c1fb7c68,0x00000000c5200000)
 PSPermGen       total 39424K, used 38959K [0x00000000b0000000, 0x00000000b2680000, 0x00000000c0000000)
  object space 39424K, 98% used [0x00000000b0000000,0x00000000b260bf40,0x00000000b2680000)
}
Event: 30,078 GC heap before
{Heap before GC invocations=11 (full 0):
 PSYoungGen      total 214016K, used 213989K [0x00000000eaa80000, 0x00000000f9a00000, 0x0000000100000000)
  eden space 198144K, 100% used [0x00000000eaa80000,0x00000000f6c00000,0x00000000f6c00000)
  from space 15872K, 99% used [0x00000000f8080000,0x00000000f8ff9470,0x00000000f9000000)
  to   space 20992K, 0% used [0x00000000f6c00000,0x00000000f6c00000,0x00000000f8080000)
 ParOldGen       total 83968K, used 32479K [0x00000000c0000000, 0x00000000c5200000, 0x00000000eaa80000)
  object space 83968K, 38% used [0x00000000c0000000,0x00000000c1fb7c68,0x00000000c5200000)
 PSPermGen       total 43520K, used 43122K [0x00000000b0000000, 0x00000000b2a80000, 0x00000000c0000000)
  object space 43520K, 99% used [0x00000000b0000000,0x00000000b2a1c8a8,0x00000000b2a80000)
Event: 30,178 GC heap after
Heap after GC invocations=11 (full 0):
 PSYoungGen      total 219136K, used 19408K [0x00000000eaa80000, 0x0000000100000000, 0x0000000100000000)
  eden space 198144K, 0% used [0x00000000eaa80000,0x00000000eaa80000,0x00000000f6c00000)
  from space 20992K, 92% used [0x00000000f6c00000,0x00000000f7ef42a8,0x00000000f8080000)
  to   space 23552K, 0% used [0x00000000fe900000,0x00000000fe900000,0x0000000100000000)
 ParOldGen       total 83968K, used 40881K [0x00000000c0000000, 0x00000000c5200000, 0x00000000eaa80000)
  object space 83968K, 48% used [0x00000000c0000000,0x00000000c27ec6e0,0x00000000c5200000)
 PSPermGen       total 43520K, used 43122K [0x00000000b0000000, 0x00000000b2a80000, 0x00000000c0000000)
  object space 43520K, 99% used [0x00000000b0000000,0x00000000b2a1c8a8,0x00000000b2a80000)
}

Deoptimization events (10 events):
Event: 34,520 Thread 0x00007f17e8007800 Uncommon trap: reason=bimorphic action=maybe_recompile pc=0x00007f18252dcfcc method=com.sun.org.apache.xerces.internal.impl.XMLNSDocumentScannerImpl.scanStartElement()Z @ 947
Event: 34,602 Thread 0x00007f17e8007800 Uncommon trap: reason=unstable_if action=reinterpret pc=0x00007f1825237a98 method=com.sun.org.apache.xerces.internal.dom.DeferredDocumentImpl.getNodeObject(I)Lcom/sun/org/apache/xerces/internal/dom/DeferredNode; @ 252
Event: 34,605 Thread 0x00007f17e8007800 Uncommon trap: reason=unstable_if action=reinterpret pc=0x00007f182524eb88 method=com.sun.org.apache.xerces.internal.dom.DeferredDocumentImpl.getPrevSibling(IZ)I @ 2
Event: 35,251 Thread 0x00007f17e8007800 Uncommon trap: reason=unstable_if action=reinterpret pc=0x00007f1825510c38 method=org.gradle.api.internal.file.pattern.FixedStepsPathMatcher.matches([Ljava/lang/String;I)Z @ 70
Event: 35,251 Thread 0x00007f17e8007800 Uncommon trap: reason=unstable_if action=reinterpret pc=0x00007f1825510d34 method=org.gradle.api.specs.OrSpec.isSatisfiedBy(Ljava/lang/Object;)Z @ 51
Event: 35,251 Thread 0x00007f17e8007800 Uncommon trap: reason=unstable_if action=reinterpret pc=0x00007f182553b81c method=org.gradle.api.specs.AndSpec.isSatisfiedBy(Ljava/lang/Object;)Z @ 36
Event: 35,481 Thread 0x00007f17e8007800 Uncommon trap: reason=class_check action=maybe_recompile pc=0x00007f1825427374 method=java.io.DataInputStream.readChar()C @ 4
Event: 35,482 Thread 0x00007f17e8007800 Uncommon trap: reason=class_check action=maybe_recompile pc=0x00007f1825427374 method=java.io.DataInputStream.readChar()C @ 4
Event: 35,484 Thread 0x00007f17e8007800 Uncommon trap: reason=class_check action=maybe_recompile pc=0x00007f1825427374 method=java.io.DataInputStream.readChar()C @ 4
Event: 35,548 Thread 0x00007f17e8007800 Uncommon trap: reason=range_check action=make_not_entrant pc=0x00007f18255519c8 method=sun.nio.fs.UnixDirectoryStream$UnixDirectoryIterator.isSelfOrParent([B)Z @ 2

Internal exceptions (10 events):
Event: 35,324 Thread 0x00007f17e8007800 Threw 0x00000000f5942e30 at /build/openjdk-7-HVzwJZ/openjdk-7-7u95-2.6.4/build/openjdk/hotspot/src/share/vm/prims/jvm.cpp:1322
Event: 35,324 Thread 0x00007f17e8007800 Threw 0x00000000f5943810 at /build/openjdk-7-HVzwJZ/openjdk-7-7u95-2.6.4/build/openjdk/hotspot/src/share/vm/prims/jvm.cpp:1322
Event: 35,324 Thread 0x00007f17e8007800 Threw 0x00000000f5946cf0 at /build/openjdk-7-HVzwJZ/openjdk-7-7u95-2.6.4/build/openjdk/hotspot/src/share/vm/prims/jvm.cpp:1322
Event: 35,324 Thread 0x00007f17e8007800 Threw 0x00000000f59476d0 at /build/openjdk-7-HVzwJZ/openjdk-7-7u95-2.6.4/build/openjdk/hotspot/src/share/vm/prims/jvm.cpp:1322
Event: 35,324 Thread 0x00007f17e8007800 Threw 0x00000000f594abb0 at /build/openjdk-7-HVzwJZ/openjdk-7-7u95-2.6.4/build/openjdk/hotspot/src/share/vm/prims/jvm.cpp:1322
Event: 35,324 Thread 0x00007f17e8007800 Threw 0x00000000f594b590 at /build/openjdk-7-HVzwJZ/openjdk-7-7u95-2.6.4/build/openjdk/hotspot/src/share/vm/prims/jvm.cpp:1322
Event: 35,325 Thread 0x00007f17e8007800 Threw 0x00000000f594ece8 at /build/openjdk-7-HVzwJZ/openjdk-7-7u95-2.6.4/build/openjdk/hotspot/src/share/vm/prims/jvm.cpp:1322
Event: 35,325 Thread 0x00007f17e8007800 Threw 0x00000000f594f830 at /build/openjdk-7-HVzwJZ/openjdk-7-7u95-2.6.4/build/openjdk/hotspot/src/share/vm/prims/jvm.cpp:1322
Event: 35,430 Thread 0x00007f17e8007800 Threw 0x00000000f5aebcb0 at /build/openjdk-7-HVzwJZ/openjdk-7-7u95-2.6.4/build/openjdk/hotspot/src/share/vm/prims/jvm.cpp:1322
Event: 35,433 Thread 0x00007f17e8007800 Threw 0x00000000f5b0bd28 at /build/openjdk-7-HVzwJZ/openjdk-7-7u95-2.6.4/build/openjdk/hotspot/src/share/vm/prims/jvm.cpp:1322

Events (10 events):
Event: 35,548 Thread 0x00007f17e8007800 Uncommon trap: trap_request=0xffffffe4 fr.pc=0x00007f18255519c8
Event: 35,548 Executing VM operation: RevokeBias
Event: 35,548 Executing VM operation: RevokeBias done
Event: 35,548 Thread 0x00007f17e8007800 DEOPT PACKING pc=0x00007f18255519c8 sp=0x00007f17fdc7f3d0
Event: 35,548 Thread 0x00007f17e8007800 DEOPT UNPACKING pc=0x00007f1825039445 sp=0x00007f17fdc7f258 mode 2
Event: 35,549 Thread 0x00007f18280ae000 flushing nmethod 0x00007f18250c0650
Event: 35,602 Thread 0x00007f18280ae000 flushing nmethod 0x00007f18253e23d0
Event: 35,602 Thread 0x00007f18280ae000 flushing nmethod 0x00007f18253e2790
Event: 35,628 Thread 0x00007f18280ae000 flushing nmethod 0x00007f182541c450
Event: 35,647 Thread 0x00007f18280ae000 flushing nmethod 0x00007f1825499590


Dynamic libraries:
00400000-00401000 r-xp 00000000 08:02 2761099                            /usr/lib/jvm/java-7-openjdk-amd64/jre/bin/java
00600000-00601000 r--p 00000000 08:02 2761099                            /usr/lib/jvm/java-7-openjdk-amd64/jre/bin/java
00601000-00602000 rw-p 00001000 08:02 2761099                            /usr/lib/jvm/java-7-openjdk-amd64/jre/bin/java
0071a000-0073b000 rw-p 00000000 00:00 0                                  [heap]
b0000000-b2f00000 rw-p 00000000 00:00 0 
b2f00000-c0000000 rw-p 00000000 00:00 0 
c0000000-c5200000 rw-p 00000000 00:00 0 
c5200000-eaa80000 rw-p 00000000 00:00 0 
eaa80000-100000000 rw-p 00000000 00:00 0 
7f17cbbf7000-7f17cbbfc000 r-xp 00000000 08:02 3175                       /lib/x86_64-linux-gnu/libnss_dns-2.19.so
7f17cbbfc000-7f17cbdfb000 ---p 00005000 08:02 3175                       /lib/x86_64-linux-gnu/libnss_dns-2.19.so
7f17cbdfb000-7f17cbdfc000 r--p 00004000 08:02 3175                       /lib/x86_64-linux-gnu/libnss_dns-2.19.so
7f17cbdfc000-7f17cbdfd000 rw-p 00005000 08:02 3175                       /lib/x86_64-linux-gnu/libnss_dns-2.19.so
7f17cbdfd000-7f17cbdff000 r-xp 00000000 08:02 13475                      /lib/x86_64-linux-gnu/libnss_mdns4_minimal.so.2
7f17cbdff000-7f17cbffe000 ---p 00002000 08:02 13475                      /lib/x86_64-linux-gnu/libnss_mdns4_minimal.so.2
7f17cbffe000-7f17cbfff000 r--p 00001000 08:02 13475                      /lib/x86_64-linux-gnu/libnss_mdns4_minimal.so.2
7f17cbfff000-7f17cc000000 rw-p 00002000 08:02 13475                      /lib/x86_64-linux-gnu/libnss_mdns4_minimal.so.2
7f17cc000000-7f17cc021000 rw-p 00000000 00:00 0 
7f17cc021000-7f17d0000000 ---p 00000000 00:00 0 
7f17d0000000-7f17d0021000 rw-p 00000000 00:00 0 
7f17d0021000-7f17d4000000 ---p 00000000 00:00 0 
7f17d4000000-7f17d4f25000 rw-p 00000000 00:00 0 
7f17d4f25000-7f17d8000000 ---p 00000000 00:00 0 
7f17d8000000-7f17d8021000 rw-p 00000000 00:00 0 
7f17d8021000-7f17dc000000 ---p 00000000 00:00 0 
7f17dc000000-7f17dc021000 rw-p 00000000 00:00 0 
7f17dc021000-7f17e0000000 ---p 00000000 00:00 0 
7f17e0000000-7f17e0021000 rw-p 00000000 00:00 0 
7f17e0021000-7f17e4000000 ---p 00000000 00:00 0 
7f17e4000000-7f17e406b000 rw-p 00000000 00:00 0 
7f17e406b000-7f17e8000000 ---p 00000000 00:00 0 
7f17e8000000-7f17e8021000 rw-p 00000000 00:00 0 
7f17e8021000-7f17ec000000 ---p 00000000 00:00 0 
7f17ec000000-7f17ec021000 rw-p 00000000 00:00 0 
7f17ec021000-7f17f0000000 ---p 00000000 00:00 0 
7f17f0000000-7f17f0021000 rw-p 00000000 00:00 0 
7f17f0021000-7f17f4000000 ---p 00000000 00:00 0 
7f17f4000000-7f17f5d1b000 rw-p 00000000 00:00 0 
7f17f5d1b000-7f17f8000000 ---p 00000000 00:00 0 
7f17f8000000-7f17f9179000 rw-p 00000000 00:00 0 
7f17f9179000-7f17fc000000 ---p 00000000 00:00 0 
7f17fc004000-7f17fc07c000 r-xp 00000000 08:02 43082                      /usr/lib/x86_64-linux-gnu/nss/libfreebl3.so
7f17fc07c000-7f17fc27c000 ---p 00078000 08:02 43082                      /usr/lib/x86_64-linux-gnu/nss/libfreebl3.so
7f17fc27c000-7f17fc27e000 r--p 00078000 08:02 43082                      /usr/lib/x86_64-linux-gnu/nss/libfreebl3.so
7f17fc27e000-7f17fc27f000 rw-p 0007a000 08:02 43082                      /usr/lib/x86_64-linux-gnu/nss/libfreebl3.so
7f17fc27f000-7f17fc283000 rw-p 00000000 00:00 0 
7f17fc283000-7f17fc337000 r-xp 00000000 08:02 21880                      /usr/lib/x86_64-linux-gnu/libsqlite3.so.0.8.6
7f17fc337000-7f17fc537000 ---p 000b4000 08:02 21880                      /usr/lib/x86_64-linux-gnu/libsqlite3.so.0.8.6
7f17fc537000-7f17fc539000 r--p 000b4000 08:02 21880                      /usr/lib/x86_64-linux-gnu/libsqlite3.so.0.8.6
7f17fc539000-7f17fc53b000 rw-p 000b6000 08:02 21880                      /usr/lib/x86_64-linux-gnu/libsqlite3.so.0.8.6
7f17fc53b000-7f17fc53c000 rw-p 00000000 00:00 0 
7f17fc53c000-7f17fc57c000 r-xp 00000000 08:02 43080                      /usr/lib/x86_64-linux-gnu/nss/libsoftokn3.so
7f17fc57c000-7f17fc77c000 ---p 00040000 08:02 43080                      /usr/lib/x86_64-linux-gnu/nss/libsoftokn3.so
7f17fc77c000-7f17fc77d000 r--p 00040000 08:02 43080                      /usr/lib/x86_64-linux-gnu/nss/libsoftokn3.so
7f17fc77d000-7f17fc77e000 rw-p 00041000 08:02 43080                      /usr/lib/x86_64-linux-gnu/nss/libsoftokn3.so
7f17fc77e000-7f17fc7b7000 r-xp 00000000 08:02 43062                      /usr/lib/x86_64-linux-gnu/libnspr4.so
7f17fc7b7000-7f17fc9b6000 ---p 00039000 08:02 43062                      /usr/lib/x86_64-linux-gnu/libnspr4.so
7f17fc9b6000-7f17fc9b7000 r--p 00038000 08:02 43062                      /usr/lib/x86_64-linux-gnu/libnspr4.so
7f17fc9b7000-7f17fc9b8000 rw-p 00039000 08:02 43062                      /usr/lib/x86_64-linux-gnu/libnspr4.so
7f17fc9b8000-7f17fc9bb000 rw-p 00000000 00:00 0 
7f17fc9bb000-7f17fc9be000 r-xp 00000000 08:02 23344                      /usr/lib/x86_64-linux-gnu/libplds4.so
7f17fc9be000-7f17fcbbd000 ---p 00003000 08:02 23344                      /usr/lib/x86_64-linux-gnu/libplds4.so
7f17fcbbd000-7f17fcbbe000 r--p 00002000 08:02 23344                      /usr/lib/x86_64-linux-gnu/libplds4.so
7f17fcbbe000-7f17fcbbf000 rw-p 00003000 08:02 23344                      /usr/lib/x86_64-linux-gnu/libplds4.so
7f17fcbbf000-7f17fcbc3000 r-xp 00000000 08:02 43066                      /usr/lib/x86_64-linux-gnu/libplc4.so
7f17fcbc3000-7f17fcdc2000 ---p 00004000 08:02 43066                      /usr/lib/x86_64-linux-gnu/libplc4.so
7f17fcdc2000-7f17fcdc3000 r--p 00003000 08:02 43066                      /usr/lib/x86_64-linux-gnu/libplc4.so
7f17fcdc3000-7f17fcdc4000 rw-p 00004000 08:02 43066                      /usr/lib/x86_64-linux-gnu/libplc4.so
7f17fcdc4000-7f17fcde9000 r-xp 00000000 08:02 23348                      /usr/lib/x86_64-linux-gnu/libnssutil3.so
7f17fcde9000-7f17fcfe9000 ---p 00025000 08:02 23348                      /usr/lib/x86_64-linux-gnu/libnssutil3.so
7f17fcfe9000-7f17fcfef000 r--p 00025000 08:02 23348                      /usr/lib/x86_64-linux-gnu/libnssutil3.so
7f17fcfef000-7f17fcff0000 rw-p 0002b000 08:02 23348                      /usr/lib/x86_64-linux-gnu/libnssutil3.so
7f17fcff0000-7f17fd123000 r-xp 00000000 08:02 43071                      /usr/lib/x86_64-linux-gnu/libnss3.so
7f17fd123000-7f17fd322000 ---p 00133000 08:02 43071                      /usr/lib/x86_64-linux-gnu/libnss3.so
7f17fd322000-7f17fd327000 r--p 00132000 08:02 43071                      /usr/lib/x86_64-linux-gnu/libnss3.so
7f17fd327000-7f17fd329000 rw-p 00137000 08:02 43071                      /usr/lib/x86_64-linux-gnu/libnss3.so
7f17fd329000-7f17fd32a000 rw-p 00000000 00:00 0 
7f17fd34d000-7f17fd34e000 rw-p 00000000 00:00 0 
7f17fd34e000-7f17fd35e000 r-xp 00000000 08:02 2629166                    /usr/lib/jvm/java-7-openjdk-amd64/jre/lib/amd64/libj2pkcs11.so
7f17fd35e000-7f17fd55d000 ---p 00010000 08:02 2629166                    /usr/lib/jvm/java-7-openjdk-amd64/jre/lib/amd64/libj2pkcs11.so
7f17fd55d000-7f17fd55e000 r--p 0000f000 08:02 2629166                    /usr/lib/jvm/java-7-openjdk-amd64/jre/lib/amd64/libj2pkcs11.so
7f17fd55e000-7f17fd55f000 rw-p 00010000 08:02 2629166                    /usr/lib/jvm/java-7-openjdk-amd64/jre/lib/amd64/libj2pkcs11.so
7f17fd55f000-7f17fd561000 r--s 00018000 08:02 2629156                    /usr/lib/jvm/java-7-openjdk-amd64/jre/lib/jce.jar
7f17fd561000-7f17fd569000 r-xp 00000000 08:02 2629184                    /usr/lib/jvm/java-7-openjdk-amd64/jre/lib/amd64/libmanagement.so
7f17fd569000-7f17fd768000 ---p 00008000 08:02 2629184                    /usr/lib/jvm/java-7-openjdk-amd64/jre/lib/amd64/libmanagement.so
7f17fd768000-7f17fd769000 r--p 00007000 08:02 2629184                    /usr/lib/jvm/java-7-openjdk-amd64/jre/lib/amd64/libmanagement.so
7f17fd769000-7f17fd76a000 rw-p 00008000 08:02 2629184                    /usr/lib/jvm/java-7-openjdk-amd64/jre/lib/amd64/libmanagement.so
7f17fd76a000-7f17fd76c000 r--s 00005000 08:02 28444458                   /home/ivan/tools/android/android-studio/gradle/m2repository/org/abego/treelayout/org.abego.treelayout.core/1.0.1/org.abego.treelayout.core-1.0.1.jar
7f17fd76c000-7f17fd774000 r--s 000a8000 08:02 31606554                   /home/ivan/tools/android/android-studio/gradle/m2repository/com/android/tools/external/lombok/lombok-ast/0.2.3/lombok-ast-0.2.3.jar
7f17fd774000-7f17fd776000 r--s 0000d000 08:02 2759096                    /home/ivan/tools/android/android-studio/gradle/m2repository/commons-codec/commons-codec/1.4/commons-codec-1.4.jar
7f17fd776000-7f17fd778000 r--s 0000d000 08:02 28313190                   /home/ivan/tools/android/android-studio/gradle/m2repository/commons-logging/commons-logging/1.1.1/commons-logging-1.1.1.jar
7f17fd778000-7f17fd77d000 r--s 00028000 08:02 28837451                   /home/ivan/tools/android/android-studio/gradle/m2repository/org/apache/httpcomponents/httpcore/4.1/httpcore-4.1.jar
7f17fd77d000-7f17fd77e000 r--s 00004000 08:02 2759055                    /home/ivan/tools/android/android-studio/gradle/m2repository/com/intellij/annotations/12.0/annotations-12.0.jar
7f17fd77e000-7f17fd77f000 r--s 00002000 08:02 30676751                   /home/ivan/tools/android/android-studio/gradle/m2repository/com/tunnelvisionlabs/antlr4-annotations/4.5/antlr4-annotations-4.5.jar
7f17fd77f000-7f17fd786000 r--s 00062000 08:02 30017461                   /home/ivan/tools/android/android-studio/gradle/m2repository/com/tunnelvisionlabs/antlr4-runtime/4.5/antlr4-runtime-4.5.jar
7f17fd786000-7f17fd787000 r--s 00004000 08:02 29623624                   /home/ivan/tools/android/android-studio/gradle/m2repository/org/ow2/asm/asm-analysis/5.0.3/asm-analysis-5.0.3.jar
7f17fd787000-7f17fd78a000 r--s 00030000 08:02 1049536                    /home/ivan/.gradle/caches/modules-2/files-2.1/com.android.tools.lint/lint-api/25.0.0-alpha6/34239d555cfda06e19a5b51acec347fd0b76884c/lint-api-25.0.0-alpha6.jar
7f17fd78a000-7f17fd78b000 r--s 0000a000 08:02 2759092                    /home/ivan/tools/android/android-studio/gradle/m2repository/net/sf/kxml/kxml2/2.3.0/kxml2-2.3.0.jar
7f17fd78b000-7f17fd78d000 r--s 00005000 08:02 28837444                   /home/ivan/tools/android/android-studio/gradle/m2repository/org/apache/httpcomponents/httpmime/4.1/httpmime-4.1.jar
7f17fd78d000-7f17fd795000 r--s 0004e000 08:02 28968380                   /home/ivan/tools/android/android-studio/gradle/m2repository/org/apache/httpcomponents/httpclient/4.1.1/httpclient-4.1.1.jar
7f17fd795000-7f17fd79c000 r--s 00053000 08:02 28968388                   /home/ivan/tools/android/android-studio/gradle/m2repository/org/apache/commons/commons-compress/1.8.1/commons-compress-1.8.1.jar
7f17fd79c000-7f17fd7a1000 r--s 0002a000 08:02 30676744                   /home/ivan/tools/android/android-studio/gradle/m2repository/com/google/code/gson/gson/2.2.4/gson-2.2.4.jar
7f17fd7a1000-7f17fd7a6000 r--s 00024000 08:02 1049535                    /home/ivan/.gradle/caches/modules-2/files-2.1/com.android.tools/repository/25.0.0-alpha6/a60767ff508d5f46aad6f723c3f41b7bfd7cb6d7/repository-25.0.0-alpha6.jar
7f17fd7a6000-7f17fd7a7000 r--s 00005000 08:02 1049534                    /home/ivan/.gradle/caches/modules-2/files-2.1/com.android.tools/dvlib/25.0.0-alpha6/9123791e2421a692cb79987cb4aab6d2acc8049/dvlib-25.0.0-alpha6.jar
7f17fd7a7000-7f17fd7aa000 r--s 00013000 08:02 1049533                    /home/ivan/.gradle/caches/modules-2/files-2.1/com.android.tools.layoutlib/layoutlib-api/25.0.0-alpha6/afbebb6bd56e60cc5769d2042b0b0480d6f12a3a/layoutlib-api-25.0.0-alpha6.jar
7f17fd7aa000-7f17fd7ae000 r--s 00037000 08:02 28313210                   /home/ivan/tools/android/android-studio/gradle/m2repository/org/antlr/ST4/4.0.8/ST4-4.0.8.jar
7f17fd7ae000-7f17fd7b1000 r--s 00026000 08:02 28313205                   /home/ivan/tools/android/android-studio/gradle/m2repository/org/antlr/antlr-runtime/3.5.2/antlr-runtime-3.5.2.jar
7f17fd7b1000-7f17fd7b6000 r--s 00058000 08:02 29623630                   /home/ivan/tools/android/android-studio/gradle/m2repository/org/ow2/asm/asm-debug-all/5.0.1/asm-debug-all-5.0.1.jar
7f17fd7b6000-7f17fd7c6000 r--s 000d6000 08:02 2759067                    /home/ivan/tools/android/android-studio/gradle/m2repository/net/sf/proguard/proguard-base/5.2.1/proguard-base-5.2.1.jar
7f17fd7c6000-7f17fd7c9000 r--s 00033000 08:02 30676772                   /home/ivan/tools/android/android-studio/gradle/m2repository/com/googlecode/juniversalchardet/juniversalchardet/1.0.3/juniversalchardet-1.0.3.jar
7f17fd7c9000-7f17fd7cd000 r--s 0002a000 08:02 28182173                   /home/ivan/tools/android/android-studio/gradle/m2repository/commons-io/commons-io/2.4/commons-io-2.4.jar
7f17fd7cd000-7f17fd7d7000 r--s 00099000 08:02 30017465                   /home/ivan/tools/android/android-studio/gradle/m2repository/com/tunnelvisionlabs/antlr4/4.5/antlr4-4.5.jar
7f17fd7d7000-7f17fd7de000 r--s 0005e000 08:02 28968393                   /home/ivan/tools/android/android-studio/gradle/m2repository/org/apache/commons/commons-lang3/3.3.2/commons-lang3-3.3.2.jar
7f17fd7de000-7f17fd7df000 r--s 00002000 08:02 1049532                    /home/ivan/.gradle/caches/modules-2/files-2.1/com.android.databinding/baseLibrary/1.1/d0235ebdb4e0ebf3f41d332fadba60419de07864/baseLibrary-1.1.jar
7f17fd7df000-7f17fd80a000 r--s 001f9000 08:02 31065959                   /home/ivan/tools/android/android-studio/gradle/m2repository/com/google/guava/guava/17.0/guava-17.0.jar
7f17fd80a000-7f17fd80b000 r--s 00001000 08:02 1049531                    /home/ivan/.gradle/caches/modules-2/files-2.1/com.android.tools/annotations/25.0.0-alpha6/843305df11fac387c36afb1092c604a0ccc43ab8/annotations-25.0.0-alpha6.jar
7f17fd80b000-7f17fd81d000 r--s 00223000 08:02 28575587                   /home/ivan/tools/android/android-studio/gradle/m2repository/org/eclipse/jdt/core/compiler/ecj/4.4.2/ecj-4.4.2.jar
7f17fd81d000-7f17fd824000 r--s 000bd000 08:02 1049530                    /home/ivan/.gradle/caches/modules-2/files-2.1/com.android.tools.lint/lint-checks/25.0.0-alpha6/ed0455e005e862d69daf914350fdcae6e2e34bf9/lint-checks-25.0.0-alpha6.jar
7f17fd824000-7f17fd826000 r--s 00006000 08:02 29885961                   /home/ivan/tools/android/android-studio/gradle/m2repository/org/ow2/asm/asm-tree/5.0.3/asm-tree-5.0.3.jar
7f17fd826000-7f17fd859000 r--s 00203000 08:02 29492123                   /home/ivan/tools/android/android-studio/gradle/m2repository/org/bouncycastle/bcprov-jdk15on/1.48/bcprov-jdk15on-1.48.jar
7f17fd859000-7f17fd867000 r--s 00081000 08:02 29230164                   /home/ivan/tools/android/android-studio/gradle/m2repository/org/bouncycastle/bcpkix-jdk15on/1.48/bcpkix-jdk15on-1.48.jar
7f17fd867000-7f17fd869000 r--s 00002000 08:02 30017450                   /home/ivan/tools/android/android-studio/gradle/m2repository/com/squareup/javawriter/2.5.0/javawriter-2.5.0.jar
7f17fd869000-7f17fd86b000 r--s 00005000 08:02 2759048                    /home/ivan/tools/android/android-studio/gradle/m2repository/com/android/tools/jill/jill-api/0.9.0/jill-api-0.9.0.jar
7f17fd86b000-7f17fd86d000 r--s 00006000 08:02 31199226                   /home/ivan/tools/android/android-studio/gradle/m2repository/com/android/tools/jack/jack-api/0.9.0/jack-api-0.9.0.jar
7f17fd86d000-7f17fd872000 r--s 0004a000 08:02 1049529                    /home/ivan/.gradle/caches/modules-2/files-2.1/com.android.tools.ddms/ddmlib/25.0.0-alpha6/eae8e393d8bec3d2dfc5fb333236b47099a9c907/ddmlib-25.0.0-alpha6.jar
7f17fd872000-7f17fd876000 r--s 00027000 08:02 1049528                    /home/ivan/.gradle/caches/modules-2/files-2.1/com.android.tools.build/manifest-merger/25.0.0-alpha6/20d6b38823d1e011c5667ff6d53cccf19d532b9a/manifest-merger-25.0.0-alpha6.jar
7f17fd876000-7f17fd878000 r--s 00018000 08:02 1049527                    /home/ivan/.gradle/caches/modules-2/files-2.1/com.android.tools/common/25.0.0-alpha6/d2e96d5da7414102f0ad75843f0545a05c79e901/common-25.0.0-alpha6.jar
7f17fd878000-7f17fd881000 r--s 0007a000 08:02 1049526                    /home/ivan/.gradle/caches/modules-2/files-2.1/com.android.tools/sdk-common/25.0.0-alpha6/a82c40ab929500a5d354b2911d6bb149027f2de6/sdk-common-25.0.0-alpha6.jar
7f17fd881000-7f17fd889000 r--s 00079000 08:02 1049525                    /home/ivan/.gradle/caches/modules-2/files-2.1/com.android.tools/sdklib/25.0.0-alpha6/102462a77779f0edec1375350714e7a9b76838a1/sdklib-25.0.0-alpha6.jar
7f17fd889000-7f17fd88a000 r--s 00002000 08:02 1049524                    /home/ivan/.gradle/caches/modules-2/files-2.1/com.android.tools.build/builder-test-api/2.0.0-alpha6/6aeafef76d51e9ae4ca2241c58973b031ce74dd4/builder-test-api-2.0.0-alpha6.jar
7f17fd88a000-7f17fd88c000 r--s 00005000 08:02 1049523                    /home/ivan/.gradle/caches/modules-2/files-2.1/com.android.tools.build/builder-model/2.0.0-alpha6/bbbb98d9d09b0d332865f162f5d0820642db2823/builder-model-2.0.0-alpha6.jar
7f17fd88c000-7f17fd896000 r--s 00110000 08:02 28313198                   /home/ivan/tools/android/android-studio/gradle/m2repository/org/antlr/antlr/3.5.2/antlr-3.5.2.jar
7f17fd896000-7f17fd89a000 r--s 0001e000 08:02 28444451                   /home/ivan/tools/android/android-studio/gradle/m2repository/org/jacoco/org.jacoco.core/0.7.4.201502262128/org.jacoco.core-0.7.4.201502262128.jar
7f17fd89a000-7f17fd89b000 r--s 00002000 08:02 2759078                    /home/ivan/tools/android/android-studio/gradle/m2repository/net/sf/proguard/proguard-gradle/5.2.1/proguard-gradle-5.2.1.jar
7f17fd89b000-7f17fd89d000 r--s 00009000 08:02 1049522                    /home/ivan/.gradle/caches/modules-2/files-2.1/org.ow2.asm/asm-commons/5.0.3/a7111830132c7f87d08fe48cb0ca07630f8cb91c/asm-commons-5.0.3.jar
7f17fd89d000-7f17fd89e000 r--s 0000c000 08:02 29755695                   /home/ivan/tools/android/android-studio/gradle/m2repository/org/ow2/asm/asm/5.0.3/asm-5.0.3.jar
7f17fd89e000-7f17fd8a2000 r--s 00026000 08:02 1049521                    /home/ivan/.gradle/caches/modules-2/files-2.1/com.android.databinding/compilerCommon/1.1/9f24188b25bf742c4739dbf8d4d7c22ecb0bc351/compilerCommon-1.1.jar
7f17fd8a2000-7f17fd8a3000 r--s 00002000 08:02 1049520                    /home/ivan/.gradle/caches/modules-2/files-2.1/com.android.tools.build/gradle-api/2.0.0-alpha6/3372febe53d5487de9b2e79cb2a04a098fbc9fa6/gradle-api-2.0.0-alpha6.jar
7f17fd8a3000-7f17fd8a5000 r--s 00023000 08:02 1049519                    /home/ivan/.gradle/caches/modules-2/files-2.1/com.android.tools.lint/lint/25.0.0-alpha6/20d7bac6bad770e6e5598d5b9bf50256decddb6f/lint-25.0.0-alpha6.jar
7f17fd8a5000-7f17fd8ab000 r--s 00051000 08:02 1049518                    /home/ivan/.gradle/caches/modules-2/files-2.1/com.android.tools.build/builder/2.0.0-alpha6/60e9235f84110575383a8ff4d284f5903c3eb1cd/builder-2.0.0-alpha6.jar
7f17fd8ab000-7f17fd8c7000 r--s 0016f000 08:02 1049517                    /home/ivan/.gradle/caches/modules-2/files-2.1/com.android.tools.build/gradle-core/2.0.0-alpha6/a542595f1acc8cbc64e4208c88efef722e7beaa0/gradle-core-2.0.0-alpha6.jar
7f17fd8c7000-7f17fd8c9000 r--s 0000c000 08:02 1049516                    /home/ivan/.gradle/caches/modules-2/files-2.1/com.android.tools.build/gradle/2.0.0-alpha6/bc05172d9d7808139a7dccf0c931881e15b2637f/gradle-2.0.0-alpha6.jar
7f17fd8c9000-7f17fd8ca000 r--s 00004000 08:02 1049515                    /home/ivan/.gradle/caches/modules-2/files-2.1/com.google.gms/google-services/2.0.0-alpha6/544d625fdb6cf2e6860f844ab6950c75108d510b/google-services-2.0.0-alpha6.jar
7f17fd8ca000-7f17fd8d4000 r--s 000ae000 08:02 2629195                    /usr/lib/jvm/java-7-openjdk-amd64/jre/lib/resources.jar
7f17fd8d4000-7f17fd8d7000 ---p 00000000 00:00 0 
7f17fd8d7000-7f17fd9d5000 rw-p 00000000 00:00 0                          [stack:16654]
7f17fd9d5000-7f17fd9d8000 ---p 00000000 00:00 0 
7f17fd9d8000-7f17fda0e000 rw-p 00000000 00:00 0                          [stack:16641]
7f17fda0e000-7f17fda0f000 r--p 00000000 00:00 0 
7f17fda0f000-7f17fda7a000 r--s 0069d000 08:02 2761678                    /usr/lib/jvm/java-7-openjdk-amd64/lib/tools.jar
7f17fda7a000-7f17fda7d000 ---p 00000000 00:00 0 
7f17fda7d000-7f17fdb7b000 rw-p 00000000 00:00 0                          [stack:16639]
7f17fdb7b000-7f17fdb82000 r--s 00000000 08:02 3208                       /usr/lib/x86_64-linux-gnu/gconv/gconv-modules.cache
7f17fdb82000-7f17fdb85000 ---p 00000000 00:00 0 
7f17fdb85000-7f17fdc83000 rw-p 00000000 00:00 0                          [stack:16636]
7f17fdc83000-7f17fdc86000 ---p 00000000 00:00 0 
7f17fdc86000-7f17fdd84000 rw-p 00000000 00:00 0                          [stack:16635]
7f17fdd84000-7f17fdd87000 ---p 00000000 00:00 0 
7f17fdd87000-7f17fde85000 rw-p 00000000 00:00 0                          [stack:16634]
7f17fde85000-7f17fde88000 ---p 00000000 00:00 0 
7f17fde88000-7f17fdf86000 rw-p 00000000 00:00 0                          [stack:16633]
7f17fdf86000-7f17fdf89000 ---p 00000000 00:00 0 
7f17fdf89000-7f17fe087000 rw-p 00000000 00:00 0                          [stack:16631]
7f17fe087000-7f17fe08b000 r--s 0004f000 08:02 2629222                    /usr/lib/jvm/java-7-openjdk-amd64/jre/lib/jsse.jar
7f17fe08b000-7f17fe08d000 r--s 00005000 08:02 28057014                   /home/ivan/tools/android/android-studio/gradle/gradle-2.10/lib/plugins/gradle-tooling-api-builders-2.10.jar
7f17fe08d000-7f17fe09d000 r--s 00088000 08:02 28057046                   /home/ivan/tools/android/android-studio/gradle/gradle-2.10/lib/plugins/joda-time-2.8.2.jar
7f17fe09d000-7f17fe0ae000 r--s 000cf000 08:02 28057045                   /home/ivan/tools/android/android-studio/gradle/gradle-2.10/lib/plugins/jackson-databind-2.3.2.jar
7f17fe0ae000-7f17fe0b0000 r--s 00007000 08:02 28057044                   /home/ivan/tools/android/android-studio/gradle/gradle-2.10/lib/plugins/jackson-annotations-2.3.2.jar
7f17fe0b0000-7f17fe0b3000 r--s 0002e000 08:02 28057043                   /home/ivan/tools/android/android-studio/gradle/gradle-2.10/lib/plugins/jackson-core-2.3.2.jar
7f17fe0b3000-7f17fe0be000 r--s 0006b000 08:02 28057042                   /home/ivan/tools/android/android-studio/gradle/gradle-2.10/lib/plugins/aws-java-sdk-core-1.9.19.jar
7f17fe0be000-7f17fe0c4000 r--s 00036000 08:02 28057041                   /home/ivan/tools/android/android-studio/gradle/gradle-2.10/lib/plugins/aws-java-sdk-kms-1.9.19.jar
7f17fe0c4000-7f17fe0cf000 r--s 00079000 08:02 28057040                   /home/ivan/tools/android/android-studio/gradle/gradle-2.10/lib/plugins/aws-java-sdk-s3-1.9.19.jar
7f17fe0cf000-7f17fe0d0000 r--s 00003000 08:02 28057013                   /home/ivan/tools/android/android-studio/gradle/gradle-2.10/lib/plugins/gradle-resources-s3-2.10.jar
7f17fe0d0000-7f17fe0d1000 r--s 00004000 08:02 28057012                   /home/ivan/tools/android/android-studio/gradle/gradle-2.10/lib/plugins/gradle-resources-sftp-2.10.jar
7f17fe0d1000-7f17fe0d2000 r--s 00001000 08:02 28057009                   /home/ivan/tools/android/android-studio/gradle/gradle-2.10/lib/plugins/gradle-plugin-development-2.10.jar
7f17fe0d2000-7f17fe0d4000 r--s 00005000 08:02 28057008                   /home/ivan/tools/android/android-studio/gradle/gradle-2.10/lib/plugins/gradle-testing-native-2.10.jar
7f17fe0d4000-7f17fe0d9000 r--s 0002b000 08:02 28057007                   /home/ivan/tools/android/android-studio/gradle/gradle-2.10/lib/plugins/gradle-ide-native-2.10.jar
7f17fe0d9000-7f17fe0de000 r--s 0001a000 08:02 28057006                   /home/ivan/tools/android/android-studio/gradle/gradle-2.10/lib/plugins/gradle-language-native-2.10.jar
7f17fe0de000-7f17fe0e3000 r--s 00028000 08:02 28057005                   /home/ivan/tools/android/android-studio/gradle/gradle-2.10/lib/plugins/gradle-platform-play-2.10.jar
7f17fe0e3000-7f17fe0f0000 r--s 0004f000 08:02 28057004                   /home/ivan/tools/android/android-studio/gradle/gradle-2.10/lib/plugins/gradle-platform-native-2.10.jar
7f17fe0f0000-7f17fe0f3000 r--s 00008000 08:02 28057003                   /home/ivan/tools/android/android-studio/gradle/gradle-2.10/lib/plugins/gradle-language-scala-2.10.jar
7f17fe0f3000-7f17fe0f5000 r--s 00009000 08:02 28057002                   /home/ivan/tools/android/android-studio/gradle/gradle-2.10/lib/plugins/gradle-language-groovy-2.10.jar
7f17fe0f5000-7f17fe0fb000 r--s 00023000 08:02 28057001                   /home/ivan/tools/android/android-studio/gradle/gradle-2.10/lib/plugins/gradle-language-java-2.10.jar
7f17fe0fb000-7f17fe0fd000 r--s 00008000 08:02 28057000                   /home/ivan/tools/android/android-studio/gradle/gradle-2.10/lib/plugins/gradle-language-jvm-2.10.jar
7f17fe0fd000-7f17fe100000 r--s 00015000 08:02 28056999                   /home/ivan/tools/android/android-studio/gradle/gradle-2.10/lib/plugins/gradle-platform-jvm-2.10.jar
7f17fe100000-7f17fe108000 r--s 0002b000 08:02 28056998                   /home/ivan/tools/android/android-studio/gradle/gradle-2.10/lib/plugins/gradle-platform-base-2.10.jar
7f17fe108000-7f17fe10c000 r--s 00020000 08:02 28056997                   /home/ivan/tools/android/android-studio/gradle/gradle-2.10/lib/plugins/gradle-build-init-2.10.jar
7f17fe10c000-7f17fe10f000 r--s 00017000 08:02 28056996                   /home/ivan/tools/android/android-studio/gradle/gradle-2.10/lib/plugins/gradle-jacoco-2.10.jar
7f17fe10f000-7f17fe112000 r--s 0000e000 08:02 28056995                   /home/ivan/tools/android/android-studio/gradle/gradle-2.10/lib/plugins/gradle-ivy-2.10.jar
7f17fe112000-7f17fe114000 r--s 00002000 08:02 28056994                   /home/ivan/tools/android/android-studio/gradle/gradle-2.10/lib/plugins/gradle-publish-2.10.jar
7f17fe114000-7f17fe116000 r--s 00005000 08:02 28057036                   /home/ivan/tools/android/android-studio/gradle/gradle-2.10/lib/plugins/jatl-0.2.2.jar
7f17fe116000-7f17fe118000 r--s 0000f000 08:02 28056993                   /home/ivan/tools/android/android-studio/gradle/gradle-2.10/lib/plugins/gradle-reporting-2.10.jar
7f17fe118000-7f17fe11e000 r--s 00036000 08:02 28056992                   /home/ivan/tools/android/android-studio/gradle/gradle-2.10/lib/plugins/gradle-diagnostics-2.10.jar
7f17fe11e000-7f17fe125000 r--s 0008f000 08:02 28056991                   /home/ivan/tools/android/android-studio/gradle/gradle-2.10/lib/plugins/gradle-build-comparison-2.10.jar
7f17fe125000-7f17fe12c000 r--s 00035000 08:02 28057035                   /home/ivan/tools/android/android-studio/gradle/gradle-2.10/lib/plugins/simple-4.1.21.jar
7f17fe12c000-7f17fe138000 r--s 00100000 08:02 28057033                   /home/ivan/tools/android/android-studio/gradle/gradle-2.10/lib/plugins/rhino-1.7R3.jar
7f17fe138000-7f17fe13c000 r--s 0001c000 08:02 28056990                   /home/ivan/tools/android/android-studio/gradle/gradle-2.10/lib/plugins/gradle-javascript-2.10.jar
7f17fe13c000-7f17fe13e000 r--s 0000b000 08:02 28056989                   /home/ivan/tools/android/android-studio/gradle/gradle-2.10/lib/plugins/gradle-ear-2.10.jar
7f17fe13e000-7f17fe145000 r--s 00038000 08:02 28057032                   /home/ivan/tools/android/android-studio/gradle/gradle-2.10/lib/plugins/bcpg-jdk15on-1.51.jar
7f17fe145000-7f17fe147000 r--s 00017000 08:02 28056988                   /home/ivan/tools/android/android-studio/gradle/gradle-2.10/lib/plugins/gradle-signing-2.10.jar
7f17fe147000-7f17fe148000 r--s 00002000 08:02 28057031                   /home/ivan/tools/android/android-studio/gradle/gradle-2.10/lib/plugins/sonar-batch-bootstrapper-2.9.jar
7f17fe148000-7f17fe14b000 r--s 00015000 08:02 28056987                   /home/ivan/tools/android/android-studio/gradle/gradle-2.10/lib/plugins/gradle-sonar-2.10.jar
7f17fe14b000-7f17fe14e000 r--s 00010000 08:02 28056986                   /home/ivan/tools/android/android-studio/gradle/gradle-2.10/lib/plugins/gradle-scala-2.10.jar
7f17fe14e000-7f17fe150000 r--s 0000a000 08:02 28056985                   /home/ivan/tools/android/android-studio/gradle/gradle-2.10/lib/plugins/gradle-announce-2.10.jar
7f17fe150000-7f17fe15f000 r--s 0009f000 08:02 28056984                   /home/ivan/tools/android/android-studio/gradle/gradle-2.10/lib/plugins/gradle-ide-2.10.jar
7f17fe15f000-7f17fe162000 r--s 0000c000 08:02 28057030                   /home/ivan/tools/android/android-studio/gradle/gradle-2.10/lib/plugins/pmaven-groovy-0.8-20100325.jar
7f17fe162000-7f17fe163000 r--s 00004000 08:02 28057029                   /home/ivan/tools/android/android-studio/gradle/gradle-2.10/lib/plugins/pmaven-common-0.8-20100325.jar
7f17fe163000-7f17fe169000 r--s 00022000 08:02 28056983                   /home/ivan/tools/android/android-studio/gradle/gradle-2.10/lib/plugins/gradle-maven-2.10.jar
7f17fe169000-7f17fe18a000 r--s 001c3000 08:02 28057027                   /home/ivan/tools/android/android-studio/gradle/gradle-2.10/lib/plugins/bndlib-2.4.0.jar
7f17fe18a000-7f17fe18c000 r--s 00004000 08:02 28056982                   /home/ivan/tools/android/android-studio/gradle/gradle-2.10/lib/plugins/gradle-osgi-2.10.jar
7f17fe18c000-7f17fe18e000 r--s 00008000 08:02 28056981                   /home/ivan/tools/android/android-studio/gradle/gradle-2.10/lib/plugins/gradle-antlr-2.10.jar
7f17fe18e000-7f17fe191000 r--s 0001e000 08:02 28057055                   /home/ivan/tools/android/android-studio/gradle/gradle-2.10/lib/plugins/jsp-api-2.1-6.1.14.jar
7f17fe191000-7f17fe1b4000 r--s 00344000 08:02 28057054                   /home/ivan/tools/android/android-studio/gradle/gradle-2.10/lib/plugins/core-3.1.1.jar
7f17fe1b4000-7f17fe1b5000 r--s 00006000 08:02 28057053                   /home/ivan/tools/android/android-studio/gradle/gradle-2.10/lib/plugins/jetty-naming-6.1.25.jar
7f17fe1b5000-7f17fe1b6000 r--s 00002000 08:02 28057026                   /home/ivan/tools/android/android-studio/gradle/gradle-2.10/lib/plugins/geronimo-annotation_1.0_spec-1.0.jar
7f17fe1b6000-7f17fe1b8000 r--s 00002000 08:02 28057025                   /home/ivan/tools/android/android-studio/gradle/gradle-2.10/lib/plugins/jetty-annotations-6.1.25.jar
7f17fe1b8000-7f17fe1c9000 r--s 000ea000 08:02 28057024                   /home/ivan/tools/android/android-studio/gradle/gradle-2.10/lib/plugins/jsp-2.1-6.1.14.jar
7f17fe1c9000-7f17fe1cb000 r--s 0000d000 08:02 28057023                   /home/ivan/tools/android/android-studio/gradle/gradle-2.10/lib/plugins/jetty-plus-6.1.25.jar
7f17fe1cb000-7f17fe1cd000 r--s 0001f000 08:02 28057022                   /home/ivan/tools/android/android-studio/gradle/gradle-2.10/lib/plugins/servlet-api-2.5-20081211.jar
7f17fe1cd000-7f17fe1d1000 r--s 00028000 08:02 28057021                   /home/ivan/tools/android/android-studio/gradle/gradle-2.10/lib/plugins/jetty-util-6.1.25.jar
7f17fe1d1000-7f17fe1d8000 r--s 0007d000 08:02 28057020                   /home/ivan/tools/android/android-studio/gradle/gradle-2.10/lib/plugins/jetty-6.1.25.jar
7f17fe1d8000-7f17fe1da000 r--s 00009000 08:02 28056980                   /home/ivan/tools/android/android-studio/gradle/gradle-2.10/lib/plugins/gradle-jetty-2.10.jar
7f17fe1da000-7f17fe1e0000 r--s 00037000 08:02 28056979                   /home/ivan/tools/android/android-studio/gradle/gradle-2.10/lib/plugins/gradle-code-quality-2.10.jar
7f17fe1e0000-7f17fe1e2000 r--s 00009000 08:02 28057086                   /home/ivan/tools/android/android-studio/gradle/gradle-2.10/lib/plugins/hamcrest-core-1.3.jar
7f17fe1e2000-7f17fe1e8000 r--s 00033000 08:02 28057052                   /home/ivan/tools/android/android-studio/gradle/gradle-2.10/lib/plugins/snakeyaml-1.6.jar
7f17fe1e8000-7f17fe1ea000 r--s 00006000 08:02 28057051                   /home/ivan/tools/android/android-studio/gradle/gradle-2.10/lib/plugins/jcommander-1.12.jar
7f17fe1ea000-7f17fe1ef000 r--s 00040000 08:02 28057050                   /home/ivan/tools/android/android-studio/gradle/gradle-2.10/lib/plugins/bsh-2.0b4.jar
7f17fe1ef000-7f17fe1f1000 r--s 00009000 08:02 28057019                   /home/ivan/tools/android/android-studio/gradle/gradle-2.10/lib/plugins/commons-cli-1.2.jar
7f17fe1f1000-7f17fe1fa000 r--s 00089000 08:02 28057018                   /home/ivan/tools/android/android-studio/gradle/gradle-2.10/lib/plugins/testng-6.3.1.jar
7f17fe1fa000-7f17fe202000 r--s 00045000 08:02 28057017                   /home/ivan/tools/android/android-studio/gradle/gradle-2.10/lib/plugins/junit-4.12.jar
7f17fe202000-7f17fe20f000 r--s 00073000 08:02 28056978                   /home/ivan/tools/android/android-studio/gradle/gradle-2.10/lib/plugins/gradle-plugins-2.10.jar
7f17fe20f000-7f17fe227000 r--s 00115000 08:02 28057084                   /home/ivan/tools/android/android-studio/gradle/gradle-2.10/lib/plugins/xercesImpl-2.9.1.jar
7f17fe227000-7f17fe22f000 r--s 00028000 08:02 28057085                   /home/ivan/tools/android/android-studio/gradle/gradle-2.10/lib/plugins/xml-apis-1.3.04.jar
7f17fe22f000-7f17fe235000 r--s 0005b000 08:02 28057083                   /home/ivan/tools/android/android-studio/gradle/gradle-2.10/lib/plugins/jcifs-1.3.17.jar
7f17fe235000-7f17fe23b000 r--s 00031000 08:02 28057082                   /home/ivan/tools/android/android-studio/gradle/gradle-2.10/lib/plugins/httpcore-4.2.2.jar
7f17fe23b000-7f17fe241000 r--s 00033000 08:02 28057081                   /home/ivan/tools/android/android-studio/gradle/gradle-2.10/lib/plugins/commons-codec-1.6.jar
7f17fe241000-7f17fe244000 r--s 0001c000 08:02 28057038                   /home/ivan/tools/android/android-studio/gradle/gradle-2.10/lib/plugins/nekohtml-1.9.14.jar
7f17fe244000-7f17fe24d000 r--s 00060000 08:02 28057037                   /home/ivan/tools/android/android-studio/gradle/gradle-2.10/lib/plugins/httpclient-4.2.2.jar
7f17fe24d000-7f17fe24f000 r--s 00009000 08:02 28057011                   /home/ivan/tools/android/android-studio/gradle/gradle-2.10/lib/plugins/gradle-resources-http-2.10.jar
7f17fe24f000-7f17fe252000 r--s 00011000 08:02 28057010                   /home/ivan/tools/android/android-studio/gradle/gradle-2.10/lib/plugins/gradle-plugin-use-2.10.jar
7f17fe252000-7f17fe253000 r--s 00007000 08:02 28057080                   /home/ivan/tools/android/android-studio/gradle/gradle-2.10/lib/plugins/wagon-http-shared4-2.4.jar
7f17fe253000-7f17fe257000 r--s 00033000 08:02 28057079                   /home/ivan/tools/android/android-studio/gradle/gradle-2.10/lib/plugins/plexus-utils-2.0.6.jar
7f17fe257000-7f17fe25b000 r--s 00021000 08:02 28057078                   /home/ivan/tools/android/android-studio/gradle/gradle-2.10/lib/plugins/maven-model-builder-3.0.4.jar
7f17fe25b000-7f17fe25c000 r--s 00002000 08:02 28057076                   /home/ivan/tools/android/android-studio/gradle/gradle-2.10/lib/plugins/wagon-file-2.4.jar
7f17fe25c000-7f17fe25e000 r--s 00002000 08:02 28057075                   /home/ivan/tools/android/android-studio/gradle/gradle-2.10/lib/plugins/plexus-cipher-1.7.jar
7f17fe25e000-7f17fe261000 r--s 00013000 08:02 28057074                   /home/ivan/tools/android/android-studio/gradle/gradle-2.10/lib/plugins/aether-api-1.13.1.jar
7f17fe261000-7f17fe263000 r--s 0000a000 08:02 28057073                   /home/ivan/tools/android/android-studio/gradle/gradle-2.10/lib/plugins/maven-settings-3.0.4.jar
7f17fe263000-7f17fe265000 r--s 0000d000 08:02 28057072                   /home/ivan/tools/android/android-studio/gradle/gradle-2.10/lib/plugins/plexus-interpolation-1.14.jar
7f17fe265000-7f17fe267000 r--s 0000b000 08:02 28057071                   /home/ivan/tools/android/android-studio/gradle/gradle-2.10/lib/plugins/maven-artifact-3.0.4.jar
7f17fe267000-7f17fe26e000 r--s 0002e000 08:02 28057070                   /home/ivan/tools/android/android-studio/gradle/gradle-2.10/lib/plugins/plexus-container-default-1.5.5.jar
7f17fe26e000-7f17fe270000 r--s 0000b000 08:02 28057069                   /home/ivan/tools/android/android-studio/gradle/gradle-2.10/lib/plugins/maven-plugin-api-3.0.4.jar
7f17fe270000-7f17fe272000 r--s 00000000 08:02 28057087                   /home/ivan/tools/android/android-studio/gradle/gradle-2.10/lib/plugins/plexus-component-annotations-1.5.5.jar
7f17fe272000-7f17fe278000 r--s 0003f000 08:02 28057068                   /home/ivan/tools/android/android-studio/gradle/gradle-2.10/lib/plugins/maven-compat-3.0.4.jar
7f17fe278000-7f17fe27b000 r--s 00008000 08:02 28057067                   /home/ivan/tools/android/android-studio/gradle/gradle-2.10/lib/plugins/maven-settings-builder-3.0.4.jar
7f17fe27b000-7f17fe27d000 r--s 00026000 08:02 28057065                   /home/ivan/tools/android/android-studio/gradle/gradle-2.10/lib/plugins/maven-model-3.0.4.jar
7f17fe27d000-7f17fe27f000 r--s 00006000 08:02 28057064                   /home/ivan/tools/android/android-studio/gradle/gradle-2.10/lib/plugins/aether-connector-wagon-1.13.1.jar
7f17fe27f000-7f17fe281000 r--s 0000a000 08:02 28057063                   /home/ivan/tools/android/android-studio/gradle/gradle-2.10/lib/plugins/plexus-classworlds-2.4.jar
7f17fe281000-7f17fe283000 r--s 00006000 08:02 28057062                   /home/ivan/tools/android/android-studio/gradle/gradle-2.10/lib/plugins/maven-repository-metadata-3.0.4.jar
7f17fe283000-7f17fe285000 r--s 0000c000 08:02 28057061                   /home/ivan/tools/android/android-studio/gradle/gradle-2.10/lib/plugins/maven-aether-provider-3.0.4.jar
7f17fe285000-7f17fe287000 r--s 0000b000 08:02 28057060                   /home/ivan/tools/android/android-studio/gradle/gradle-2.10/lib/plugins/wagon-provider-api-2.4.jar
7f17fe287000-7f17fe28b000 r--s 0001c000 08:02 28057058                   /home/ivan/tools/android/android-studio/gradle/gradle-2.10/lib/plugins/aether-util-1.13.1.jar
7f17fe28b000-7f17fe28e000 r--s 0001d000 08:02 28057057                   /home/ivan/tools/android/android-studio/gradle/gradle-2.10/lib/plugins/aether-impl-1.13.1.jar
7f17fe28e000-7f17fe293000 r--s 00040000 08:02 28057039                   /home/ivan/tools/android/android-studio/gradle/gradle-2.10/lib/plugins/jsch-0.1.53.jar
7f17fe293000-7f17fe2d3000 r--s 00277000 08:02 28057049                   /home/ivan/tools/android/android-studio/gradle/gradle-2.10/lib/plugins/bcprov-jdk15on-1.51.jar
7f17fe2d3000-7f17fe2d7000 r--s 0001d000 08:02 28057048                   /home/ivan/tools/android/android-studio/gradle/gradle-2.10/lib/plugins/xbean-reflect-3.4.jar
7f17fe2d7000-7f17fe2e3000 r--s 0007d000 08:02 28057028                   /home/ivan/tools/android/android-studio/gradle/gradle-2.10/lib/plugins/maven-core-3.0.4.jar
7f17fe2e3000-7f17fe2f2000 r--s 000d9000 08:02 28057047                   /home/ivan/tools/android/android-studio/gradle/gradle-2.10/lib/plugins/ivy-2.2.0.jar
7f17fe2f2000-7f17fe2f6000 r-xp 00000000 08:02 27396148                   /home/ivan/.gradle/native/19/linux-amd64/libnative-platform.so
7f17fe2f6000-7f17fe4f5000 ---p 00004000 08:02 27396148                   /home/ivan/.gradle/native/19/linux-amd64/libnative-platform.so
7f17fe4f5000-7f17fe4f6000 rw-p 00003000 08:02 27396148                   /home/ivan/.gradle/native/19/linux-amd64/libnative-platform.so
7f17fe4f6000-7f17fe506000 r-xp 00000000 08:02 2629192                    /usr/lib/jvm/java-7-openjdk-amd64/jre/lib/amd64/libnio.so
7f17fe506000-7f17fe706000 ---p 00010000 08:02 2629192                    /usr/lib/jvm/java-7-openjdk-amd64/jre/lib/amd64/libnio.so
7f17fe706000-7f17fe707000 r--p 00010000 08:02 2629192                    /usr/lib/jvm/java-7-openjdk-amd64/jre/lib/amd64/libnio.so
7f17fe707000-7f17fe708000 rw-p 00011000 08:02 2629192                    /usr/lib/jvm/java-7-openjdk-amd64/jre/lib/amd64/libnio.so
7f17fe708000-7f17fe739000 rw-p 00000000 00:00 0 
7f17fe739000-7f17fe776000 r-xp 00000000 08:02 13490                      /lib/x86_64-linux-gnu/libpcre.so.3.13.1
7f17fe776000-7f17fe975000 ---p 0003d000 08:02 13490                      /lib/x86_64-linux-gnu/libpcre.so.3.13.1
7f17fe975000-7f17fe976000 r--p 0003c000 08:02 13490                      /lib/x86_64-linux-gnu/libpcre.so.3.13.1
7f17fe976000-7f17fe977000 rw-p 0003d000 08:02 13490                      /lib/x86_64-linux-gnu/libpcre.so.3.13.1
7f17fe977000-7f17fe97e000 r-xp 00000000 08:02 21389                      /usr/lib/x86_64-linux-gnu/libffi.so.6.0.1
7f17fe97e000-7f17feb7d000 ---p 00007000 08:02 21389                      /usr/lib/x86_64-linux-gnu/libffi.so.6.0.1
7f17feb7d000-7f17feb7e000 r--p 00006000 08:02 21389                      /usr/lib/x86_64-linux-gnu/libffi.so.6.0.1
7f17feb7e000-7f17feb7f000 rw-p 00007000 08:02 21389                      /usr/lib/x86_64-linux-gnu/libffi.so.6.0.1
7f17feb7f000-7f17feb96000 r-xp 00000000 08:02 3147                       /lib/x86_64-linux-gnu/libresolv-2.19.so
7f17feb96000-7f17fed96000 ---p 00017000 08:02 3147                       /lib/x86_64-linux-gnu/libresolv-2.19.so
7f17fed96000-7f17fed97000 r--p 00017000 08:02 3147                       /lib/x86_64-linux-gnu/libresolv-2.19.so
7f17fed97000-7f17fed98000 rw-p 00018000 08:02 3147                       /lib/x86_64-linux-gnu/libresolv-2.19.so
7f17fed98000-7f17fed9a000 rw-p 00000000 00:00 0 
7f17fed9a000-7f17fedba000 r-xp 00000000 08:02 13524                      /lib/x86_64-linux-gnu/libselinux.so.1
7f17fedba000-7f17fefb9000 ---p 00020000 08:02 13524                      /lib/x86_64-linux-gnu/libselinux.so.1
7f17fefb9000-7f17fefba000 r--p 0001f000 08:02 13524                      /lib/x86_64-linux-gnu/libselinux.so.1
7f17fefba000-7f17fefbb000 rw-p 00020000 08:02 13524                      /lib/x86_64-linux-gnu/libselinux.so.1
7f17fefbb000-7f17fefbd000 rw-p 00000000 00:00 0 
7f17fefbd000-7f17fefc0000 r-xp 00000000 08:02 28550                      /usr/lib/x86_64-linux-gnu/libgmodule-2.0.so.0.4002.0
7f17fefc0000-7f17ff1bf000 ---p 00003000 08:02 28550                      /usr/lib/x86_64-linux-gnu/libgmodule-2.0.so.0.4002.0
7f17ff1bf000-7f17ff1c0000 r--p 00002000 08:02 28550                      /usr/lib/x86_64-linux-gnu/libgmodule-2.0.so.0.4002.0
7f17ff1c0000-7f17ff1c1000 rw-p 00003000 08:02 28550                      /usr/lib/x86_64-linux-gnu/libgmodule-2.0.so.0.4002.0
7f17ff1c1000-7f17ff2c7000 r-xp 00000000 08:02 13425                      /lib/x86_64-linux-gnu/libglib-2.0.so.0.4002.0
7f17ff2c7000-7f17ff4c6000 ---p 00106000 08:02 13425                      /lib/x86_64-linux-gnu/libglib-2.0.so.0.4002.0
7f17ff4c6000-7f17ff4c7000 r--p 00105000 08:02 13425                      /lib/x86_64-linux-gnu/libglib-2.0.so.0.4002.0
7f17ff4c7000-7f17ff4c8000 rw-p 00106000 08:02 13425                      /lib/x86_64-linux-gnu/libglib-2.0.so.0.4002.0
7f17ff4c8000-7f17ff4c9000 rw-p 00000000 00:00 0 
7f17ff4c9000-7f17ff518000 r-xp 00000000 08:02 28566                      /usr/lib/x86_64-linux-gnu/libgobject-2.0.so.0.4002.0
7f17ff518000-7f17ff718000 ---p 0004f000 08:02 28566                      /usr/lib/x86_64-linux-gnu/libgobject-2.0.so.0.4002.0
7f17ff718000-7f17ff719000 r--p 0004f000 08:02 28566                      /usr/lib/x86_64-linux-gnu/libgobject-2.0.so.0.4002.0
7f17ff719000-7f17ff71a000 rw-p 00050000 08:02 28566                      /usr/lib/x86_64-linux-gnu/libgobject-2.0.so.0.4002.0
7f17ff71a000-7f17ff886000 r-xp 00000000 08:02 28538                      /usr/lib/x86_64-linux-gnu/libgio-2.0.so.0.4002.0
7f17ff886000-7f17ffa85000 ---p 0016c000 08:02 28538                      /usr/lib/x86_64-linux-gnu/libgio-2.0.so.0.4002.0
7f17ffa85000-7f17ffa89000 r--p 0016b000 08:02 28538                      /usr/lib/x86_64-linux-gnu/libgio-2.0.so.0.4002.0
7f17ffa89000-7f17ffa8b000 rw-p 0016f000 08:02 28538                      /usr/lib/x86_64-linux-gnu/libgio-2.0.so.0.4002.0
7f17ffa8b000-7f17ffa8d000 rw-p 00000000 00:00 0 
7f17ffa8d000-7f17ffa8e000 r--s 00002000 08:02 28057066                   /home/ivan/tools/android/android-studio/gradle/gradle-2.10/lib/plugins/wagon-http-2.4.jar
7f17ffa8e000-7f17ffa8f000 r--s 00003000 08:02 28057059                   /home/ivan/tools/android/android-studio/gradle/gradle-2.10/lib/plugins/aether-spi-1.13.1.jar
7f17ffa8f000-7f17ffa90000 r--s 00006000 08:02 28057056                   /home/ivan/tools/android/android-studio/gradle/gradle-2.10/lib/plugins/plexus-sec-dispatcher-1.3.jar
7f17ffa90000-7f17ffa95000 r--s 0002a000 08:02 28057034                   /home/ivan/tools/android/android-studio/gradle/gradle-2.10/lib/plugins/gson-2.2.4.jar
7f17ffa95000-7f17ffab1000 r--s 000c9000 08:02 28057015                   /home/ivan/tools/android/android-studio/gradle/gradle-2.10/lib/plugins/gradle-dependency-management-2.10.jar
7f17ffab1000-7f17ffac8000 r-xp 00000000 08:02 2629171                    /usr/lib/jvm/java-7-openjdk-amd64/jre/lib/amd64/libnet.so
7f17ffac8000-7f17ffcc7000 ---p 00017000 08:02 2629171                    /usr/lib/jvm/java-7-openjdk-amd64/jre/lib/amd64/libnet.so
7f17ffcc7000-7f17ffcc8000 r--p 00016000 08:02 2629171                    /usr/lib/jvm/java-7-openjdk-amd64/jre/lib/amd64/libnet.so
7f17ffcc8000-7f17ffcc9000 rw-p 00017000 08:02 2629171                    /usr/lib/jvm/java-7-openjdk-amd64/jre/lib/amd64/libnet.so
7f17ffcc9000-7f17ffcca000 r--s 00006000 08:02 28056928                   /home/ivan/tools/android/android-studio/gradle/gradle-2.10/lib/gradle-wrapper-2.10.jar
7f17ffcca000-7f17ffcd5000 r--s 0003b000 08:02 28056933                   /home/ivan/tools/android/android-studio/gradle/gradle-2.10/lib/gradle-tooling-api-2.10.jar
7f17ffcd5000-7f17ffcd7000 r--s 00002000 08:02 28056956                   /home/ivan/tools/android/android-studio/gradle/gradle-2.10/lib/gradle-open-api-2.10.jar
7f17ffcd7000-7f17ffcdd000 r--s 00032000 08:02 28056958                   /home/ivan/tools/android/android-studio/gradle/gradle-2.10/lib/jaxen-1.1.jar
7f17ffcdd000-7f17ffce2000 r--s 00048000 08:02 28056957                   /home/ivan/tools/android/android-studio/gradle/gradle-2.10/lib/dom4j-1.6.1.jar
7f17ffce2000-7f17ffced000 r--s 00059000 08:02 28056932                   /home/ivan/tools/android/android-studio/gradle/gradle-2.10/lib/gradle-ui-2.10.jar
7f17ffced000-7f17ffcf0000 r--s 00008000 08:02 28056952                   /home/ivan/tools/android/android-studio/gradle/gradle-2.10/lib/gradle-resources-2.10.jar
7f17ffcf0000-7f17ffcf2000 r--s 00007000 08:02 28056975                   /home/ivan/tools/android/android-studio/gradle/gradle-2.10/lib/objenesis-1.2.jar
7f17ffcf2000-7f17ffcf4000 r--s 00000000 08:02 28056973                   /home/ivan/tools/android/android-studio/gradle/gradle-2.10/lib/minlog-1.2.jar
7f17ffcf4000-7f17ffcf6000 r--s 0000f000 08:02 28056972                   /home/ivan/tools/android/android-studio/gradle/gradle-2.10/lib/reflectasm-1.07-shaded.jar
7f17ffcf6000-7f17ffcfa000 r--s 00026000 08:02 28056963                   /home/ivan/tools/android/android-studio/gradle/gradle-2.10/lib/kryo-2.20.jar
7f17ffcfa000-7f17ffd03000 r--s 0003f000 08:02 28056951                   /home/ivan/tools/android/android-studio/gradle/gradle-2.10/lib/gradle-messaging-2.10.jar
7f17ffd03000-7f17ffd04000 r--s 00003000 08:02 28056971                   /home/ivan/tools/android/android-studio/gradle/gradle-2.10/lib/native-platform-freebsd-amd64-0.10.jar
7f17ffd04000-7f17ffd05000 r--s 00003000 08:02 28056970                   /home/ivan/tools/android/android-studio/gradle/gradle-2.10/lib/native-platform-freebsd-i386-0.10.jar
7f17ffd05000-7f17ffd06000 r--s 00005000 08:02 28056969                   /home/ivan/tools/android/android-studio/gradle/gradle-2.10/lib/native-platform-windows-i386-0.10.jar
7f17ffd06000-7f17ffd07000 r--s 00005000 08:02 28056968                   /home/ivan/tools/android/android-studio/gradle/gradle-2.10/lib/native-platform-windows-amd64-0.10.jar
7f17ffd07000-7f17ffd08000 r--s 00003000 08:02 28056967                   /home/ivan/tools/android/android-studio/gradle/gradle-2.10/lib/native-platform-linux-i386-0.10.jar
7f17ffd08000-7f17ffd09000 r--s 00003000 08:02 28056966                   /home/ivan/tools/android/android-studio/gradle/gradle-2.10/lib/native-platform-linux-amd64-0.10.jar
7f17ffd09000-7f17ffd0a000 r--s 00002000 08:02 28056965                   /home/ivan/tools/android/android-studio/gradle/gradle-2.10/lib/native-platform-osx-amd64-0.10.jar
7f17ffd0a000-7f17ffd0b000 r--s 00002000 08:02 28056964                   /home/ivan/tools/android/android-studio/gradle/gradle-2.10/lib/native-platform-osx-i386-0.10.jar
7f17ffd0b000-7f17ffd0d000 r--s 00008000 08:02 28056961                   /home/ivan/tools/android/android-studio/gradle/gradle-2.10/lib/jansi-1.2.1.jar
7f17ffd0d000-7f17ffd10000 r--s 0000d000 08:02 28056960                   /home/ivan/tools/android/android-studio/gradle/gradle-2.10/lib/native-platform-0.10.jar
7f17ffd10000-7f17ffd14000 r--s 000e4000 08:02 28056959                   /home/ivan/tools/android/android-studio/gradle/gradle-2.10/lib/jna-3.2.7.jar
7f17ffd14000-7f17ffd16000 r--s 00008000 08:02 28056934                   /home/ivan/tools/android/android-studio/gradle/gradle-2.10/lib/gradle-native-2.10.jar
7f17ffd16000-7f17ffd18000 r--s 00005000 08:02 28056931                   /home/ivan/tools/android/android-studio/gradle/gradle-2.10/lib/gradle-cli-2.10.jar
7f17ffd18000-7f17ffd19000 r--s 00007000 08:02 28056940                   /home/ivan/tools/android/android-studio/gradle/gradle-2.10/lib/gradle-model-groovy-2.10.jar
7f17ffd19000-7f17ffd1b000 r--s 00005000 08:02 28056950                   /home/ivan/tools/android/android-studio/gradle/gradle-2.10/lib/gradle-base-services-groovy-2.10.jar
7f17ffd1b000-7f17ffd28000 r--s 00073000 08:02 28056939                   /home/ivan/tools/android/android-studio/gradle/gradle-2.10/lib/gradle-model-core-2.10.jar
7f17ffd28000-7f17ffd29000 r--s 00000000 08:02 28056953                   /home/ivan/tools/android/android-studio/gradle/gradle-2.10/lib/gradle-docs-2.10.jar
7f17ffd29000-7f17ffd2c000 r--s 0001b000 08:02 28056948                   /home/ivan/tools/android/android-studio/gradle/gradle-2.10/lib/jarjar-1.3.jar
7f17ffd2c000-7f17ffd30000 r--s 00027000 08:02 28056944                   /home/ivan/tools/android/android-studio/gradle/gradle-2.10/lib/commons-io-2.2.jar
7f17ffd30000-7f17ffd3e000 r--s 0007f000 08:02 28056943                   /home/ivan/tools/android/android-studio/gradle/gradle-2.10/lib/commons-collections-3.2.1.jar
7f17ffd3e000-7f17ffd43000 r--s 00036000 08:02 28056941                   /home/ivan/tools/android/android-studio/gradle/gradle-2.10/lib/asm-all-5.0.3.jar
7f17ffd43000-7f17ffdb2000 r--s 0063e000 08:02 28056938                   /home/ivan/tools/android/android-studio/gradle/gradle-2.10/lib/groovy-all-2.4.4.jar
7f17ffdb2000-7f17ffdb7000 r--s 00041000 08:02 28056937                   /home/ivan/tools/android/android-studio/gradle/gradle-2.10/lib/commons-lang-2.6.jar
7f17ffdb7000-7f17ffddf000 r--s 001cf000 08:02 28056936                   /home/ivan/tools/android/android-studio/gradle/gradle-2.10/lib/guava-jdk5-17.0.jar
7f17ffddf000-7f17ffdfe000 r--s 001cc000 08:02 28056942                   /home/ivan/tools/android/android-studio/gradle/gradle-2.10/lib/ant-1.9.3.jar
7f17ffdfe000-7f17ffdff000 ---p 00000000 00:00 0 
7f17ffdff000-7f17ffeff000 rw-p 00000000 00:00 0                          [stack:16563]
7f17ffeff000-7f17fff02000 ---p 00000000 00:00 0 
7f17fff02000-7f1800000000 rw-p 00000000 00:00 0                          [stack:16562]
7f1800000000-7f1800021000 rw-p 00000000 00:00 0 
7f1800021000-7f1804000000 ---p 00000000 00:00 0 
7f1804000000-7f1804021000 rw-p 00000000 00:00 0 
7f1804021000-7f1808000000 ---p 00000000 00:00 0 
7f1808000000-7f1808069000 rw-p 00000000 00:00 0 
7f1808069000-7f180c000000 ---p 00000000 00:00 0 
7f180c000000-7f180c021000 rw-p 00000000 00:00 0 
7f180c021000-7f1810000000 ---p 00000000 00:00 0 
7f1810000000-7f1810021000 rw-p 00000000 00:00 0 
7f1810021000-7f1814000000 ---p 00000000 00:00 0 
7f1814000000-7f1814021000 rw-p 00000000 00:00 0 
7f1814021000-7f1818000000 ---p 00000000 00:00 0 
7f1818000000-7f1818021000 rw-p 00000000 00:00 0 
7f1818021000-7f181c000000 ---p 00000000 00:00 0 
7f181c000000-7f181c002000 r--s 00003000 08:02 28056955                   /home/ivan/tools/android/android-studio/gradle/gradle-2.10/lib/jcl-over-slf4j-1.7.10.jar
7f181c002000-7f181c039000 r--s 001bc000 08:02 28056930                   /home/ivan/tools/android/android-studio/gradle/gradle-2.10/lib/gradle-core-2.10.jar
7f181c039000-7f181c03c000 ---p 00000000 00:00 0 
7f181c03c000-7f181c13a000 rw-p 00000000 00:00 0                          [stack:16561]
7f181c13a000-7f181c13d000 ---p 00000000 00:00 0 
7f181c13d000-7f181c23b000 rw-p 00000000 00:00 0                          [stack:16560]
7f181c23b000-7f181c23e000 ---p 00000000 00:00 0 
7f181c23e000-7f181c33c000 rw-p 00000000 00:00 0                          [stack:16559]
7f181c33c000-7f181cb4f000 r--p 00000000 08:02 27195                      /usr/lib/locale/locale-archive
7f181cb4f000-7f181cb52000 ---p 00000000 00:00 0 
7f181cb52000-7f181cc50000 rw-p 00000000 00:00 0                          [stack:16558]
7f181cc50000-7f181cc53000 ---p 00000000 00:00 0 
7f181cc53000-7f181cd51000 rw-p 00000000 00:00 0                          [stack:16557]
7f181cd51000-7f181cd52000 ---p 00000000 00:00 0 
7f181cd52000-7f1820000000 rw-p 00000000 00:00 0                          [stack:16556]
7f1820000000-7f1820021000 rw-p 00000000 00:00 0 
7f1820021000-7f1824000000 ---p 00000000 00:00 0 
7f1824000000-7f1824001000 r--s 00005000 08:02 28056954                   /home/ivan/tools/android/android-studio/gradle/gradle-2.10/lib/log4j-over-slf4j-1.7.10.jar
7f1824001000-7f1824003000 r--s 00000000 08:02 28056946                   /home/ivan/tools/android/android-studio/gradle/gradle-2.10/lib/jul-to-slf4j-1.7.10.jar
7f1824003000-7f1824652000 rw-p 00000000 00:00 0 
7f1824652000-7f1824803000 r--s 01d30000 08:02 2629205                    /usr/lib/jvm/java-7-openjdk-amd64/jre/lib/rt.jar
7f1824803000-7f1824b7c000 rw-p 00000000 00:00 0 
7f1824b7c000-7f1824b7d000 ---p 00000000 00:00 0 
7f1824b7d000-7f1824c7d000 rw-p 00000000 00:00 0                          [stack:16555]
7f1824c7d000-7f1824c7e000 ---p 00000000 00:00 0 
7f1824c7e000-7f1824d7e000 rw-p 00000000 00:00 0                          [stack:16554]
7f1824d7e000-7f1824d7f000 ---p 00000000 00:00 0 
7f1824d7f000-7f1824e7f000 rw-p 00000000 00:00 0                          [stack:16553]
7f1824e7f000-7f1824e80000 ---p 00000000 00:00 0 
7f1824e80000-7f1824f98000 rw-p 00000000 00:00 0                          [stack:16552]
7f1824f98000-7f1825000000 rw-p 00000000 00:00 0 
7f1825000000-7f1825560000 rwxp 00000000 00:00 0 
7f1825560000-7f1828b09000 rw-p 00000000 00:00 0 
7f1828b09000-7f182c000000 ---p 00000000 00:00 0 
7f182c000000-7f182c001000 r--s 00000000 08:02 28056949                   /home/ivan/tools/android/android-studio/gradle/gradle-2.10/lib/javax.inject-1.jar
7f182c001000-7f182c002000 r--s 00000000 08:02 28056945                   /home/ivan/tools/android/android-studio/gradle/gradle-2.10/lib/jcip-annotations-1.0.jar
7f182c002000-7f182c003000 r--s 00007000 08:02 28056935                   /home/ivan/tools/android/android-studio/gradle/gradle-2.10/lib/slf4j-api-1.7.10.jar
7f182c003000-7f182c004000 r--s 00004000 08:02 28056962                   /home/ivan/tools/android/android-studio/gradle/gradle-2.10/lib/ant-launcher-1.9.3.jar
7f182c004000-7f182c00b000 r--s 00034000 08:02 28056929                   /home/ivan/tools/android/android-studio/gradle/gradle-2.10/lib/gradle-base-services-2.10.jar
7f182c00b000-7f182c015000 r--s 0004a000 08:02 28056927                   /home/ivan/tools/android/android-studio/gradle/gradle-2.10/lib/gradle-launcher-2.10.jar
7f182c015000-7f182c03e000 rw-p 00000000 00:00 0 
7f182c03e000-7f182c16b000 rw-p 00000000 00:00 0 
7f182c16b000-7f182c183000 rw-p 00000000 00:00 0 
7f182c183000-7f182c1eb000 rw-p 00000000 00:00 0 
7f182c1eb000-7f182c214000 rw-p 00000000 00:00 0 
7f182c214000-7f182c340000 rw-p 00000000 00:00 0 
7f182c340000-7f182c3eb000 rw-p 00000000 00:00 0 
7f182c3eb000-7f182c3ec000 rw-p 00000000 00:00 0 
7f182c3ec000-7f182c3f4000 r-xp 00000000 08:02 2629176                    /usr/lib/jvm/java-7-openjdk-amd64/jre/lib/amd64/libzip.so
7f182c3f4000-7f182c5f3000 ---p 00008000 08:02 2629176                    /usr/lib/jvm/java-7-openjdk-amd64/jre/lib/amd64/libzip.so
7f182c5f3000-7f182c5f4000 r--p 00007000 08:02 2629176                    /usr/lib/jvm/java-7-openjdk-amd64/jre/lib/amd64/libzip.so
7f182c5f4000-7f182c5f5000 rw-p 00008000 08:02 2629176                    /usr/lib/jvm/java-7-openjdk-amd64/jre/lib/amd64/libzip.so
7f182c5f5000-7f182c600000 r-xp 00000000 08:02 3187                       /lib/x86_64-linux-gnu/libnss_files-2.19.so
7f182c600000-7f182c7ff000 ---p 0000b000 08:02 3187                       /lib/x86_64-linux-gnu/libnss_files-2.19.so
7f182c7ff000-7f182c800000 r--p 0000a000 08:02 3187                       /lib/x86_64-linux-gnu/libnss_files-2.19.so
7f182c800000-7f182c801000 rw-p 0000b000 08:02 3187                       /lib/x86_64-linux-gnu/libnss_files-2.19.so
7f182c801000-7f182c80c000 r-xp 00000000 08:02 3171                       /lib/x86_64-linux-gnu/libnss_nis-2.19.so
7f182c80c000-7f182ca0b000 ---p 0000b000 08:02 3171                       /lib/x86_64-linux-gnu/libnss_nis-2.19.so
7f182ca0b000-7f182ca0c000 r--p 0000a000 08:02 3171                       /lib/x86_64-linux-gnu/libnss_nis-2.19.so
7f182ca0c000-7f182ca0d000 rw-p 0000b000 08:02 3171                       /lib/x86_64-linux-gnu/libnss_nis-2.19.so
7f182ca0d000-7f182ca24000 r-xp 00000000 08:02 3163                       /lib/x86_64-linux-gnu/libnsl-2.19.so
7f182ca24000-7f182cc23000 ---p 00017000 08:02 3163                       /lib/x86_64-linux-gnu/libnsl-2.19.so
7f182cc23000-7f182cc24000 r--p 00016000 08:02 3163                       /lib/x86_64-linux-gnu/libnsl-2.19.so
7f182cc24000-7f182cc25000 rw-p 00017000 08:02 3163                       /lib/x86_64-linux-gnu/libnsl-2.19.so
7f182cc25000-7f182cc27000 rw-p 00000000 00:00 0 
7f182cc27000-7f182cc30000 r-xp 00000000 08:02 3161                       /lib/x86_64-linux-gnu/libnss_compat-2.19.so
7f182cc30000-7f182ce2f000 ---p 00009000 08:02 3161                       /lib/x86_64-linux-gnu/libnss_compat-2.19.so
7f182ce2f000-7f182ce30000 r--p 00008000 08:02 3161                       /lib/x86_64-linux-gnu/libnss_compat-2.19.so
7f182ce30000-7f182ce31000 rw-p 00009000 08:02 3161                       /lib/x86_64-linux-gnu/libnss_compat-2.19.so
7f182ce31000-7f182ce5c000 r-xp 00000000 08:02 2629162                    /usr/lib/jvm/java-7-openjdk-amd64/jre/lib/amd64/libjava.so
7f182ce5c000-7f182d05c000 ---p 0002b000 08:02 2629162                    /usr/lib/jvm/java-7-openjdk-amd64/jre/lib/amd64/libjava.so
7f182d05c000-7f182d05d000 r--p 0002b000 08:02 2629162                    /usr/lib/jvm/java-7-openjdk-amd64/jre/lib/amd64/libjava.so
7f182d05d000-7f182d05f000 rw-p 0002c000 08:02 2629162                    /usr/lib/jvm/java-7-openjdk-amd64/jre/lib/amd64/libjava.so
7f182d05f000-7f182d06f000 r-xp 00000000 08:02 2629163                    /usr/lib/jvm/java-7-openjdk-amd64/jre/lib/amd64/libverify.so
7f182d06f000-7f182d26e000 ---p 00010000 08:02 2629163                    /usr/lib/jvm/java-7-openjdk-amd64/jre/lib/amd64/libverify.so
7f182d26e000-7f182d270000 r--p 0000f000 08:02 2629163                    /usr/lib/jvm/java-7-openjdk-amd64/jre/lib/amd64/libverify.so
7f182d270000-7f182d271000 rw-p 00011000 08:02 2629163                    /usr/lib/jvm/java-7-openjdk-amd64/jre/lib/amd64/libverify.so
7f182d271000-7f182d278000 r-xp 00000000 08:02 3179                       /lib/x86_64-linux-gnu/librt-2.19.so
7f182d278000-7f182d477000 ---p 00007000 08:02 3179                       /lib/x86_64-linux-gnu/librt-2.19.so
7f182d477000-7f182d478000 r--p 00006000 08:02 3179                       /lib/x86_64-linux-gnu/librt-2.19.so
7f182d478000-7f182d479000 rw-p 00007000 08:02 3179                       /lib/x86_64-linux-gnu/librt-2.19.so
7f182d479000-7f182d48f000 r-xp 00000000 08:02 3455                       /lib/x86_64-linux-gnu/libgcc_s.so.1
7f182d48f000-7f182d68e000 ---p 00016000 08:02 3455                       /lib/x86_64-linux-gnu/libgcc_s.so.1
7f182d68e000-7f182d68f000 r--p 00015000 08:02 3455                       /lib/x86_64-linux-gnu/libgcc_s.so.1
7f182d68f000-7f182d690000 rw-p 00016000 08:02 3455                       /lib/x86_64-linux-gnu/libgcc_s.so.1
7f182d690000-7f182d795000 r-xp 00000000 08:02 3151                       /lib/x86_64-linux-gnu/libm-2.19.so
7f182d795000-7f182d994000 ---p 00105000 08:02 3151                       /lib/x86_64-linux-gnu/libm-2.19.so
7f182d994000-7f182d995000 r--p 00104000 08:02 3151                       /lib/x86_64-linux-gnu/libm-2.19.so
7f182d995000-7f182d996000 rw-p 00105000 08:02 3151                       /lib/x86_64-linux-gnu/libm-2.19.so
7f182d996000-7f182da83000 r-xp 00000000 08:02 9486                       /usr/lib/x86_64-linux-gnu/libstdc++.so.6.0.20
7f182da83000-7f182dc83000 ---p 000ed000 08:02 9486                       /usr/lib/x86_64-linux-gnu/libstdc++.so.6.0.20
7f182dc83000-7f182dc8b000 r--p 000ed000 08:02 9486                       /usr/lib/x86_64-linux-gnu/libstdc++.so.6.0.20
7f182dc8b000-7f182dc8d000 rw-p 000f5000 08:02 9486                       /usr/lib/x86_64-linux-gnu/libstdc++.so.6.0.20
7f182dc8d000-7f182dca2000 rw-p 00000000 00:00 0 
7f182dca2000-7f182e7c6000 r-xp 00000000 08:02 2629174                    /usr/lib/jvm/java-7-openjdk-amd64/jre/lib/amd64/server/libjvm.so
7f182e7c6000-7f182e9c6000 ---p 00b24000 08:02 2629174                    /usr/lib/jvm/java-7-openjdk-amd64/jre/lib/amd64/server/libjvm.so
7f182e9c6000-7f182ea60000 r--p 00b24000 08:02 2629174                    /usr/lib/jvm/java-7-openjdk-amd64/jre/lib/amd64/server/libjvm.so
7f182ea60000-7f182ea83000 rw-p 00bbe000 08:02 2629174                    /usr/lib/jvm/java-7-openjdk-amd64/jre/lib/amd64/server/libjvm.so
7f182ea83000-7f182eab1000 rw-p 00000000 00:00 0 
7f182eab1000-7f182eac9000 r-xp 00000000 08:02 13550                      /lib/x86_64-linux-gnu/libz.so.1.2.8
7f182eac9000-7f182ecc8000 ---p 00018000 08:02 13550                      /lib/x86_64-linux-gnu/libz.so.1.2.8
7f182ecc8000-7f182ecc9000 r--p 00017000 08:02 13550                      /lib/x86_64-linux-gnu/libz.so.1.2.8
7f182ecc9000-7f182ecca000 rw-p 00018000 08:02 13550                      /lib/x86_64-linux-gnu/libz.so.1.2.8
7f182ecca000-7f182ece3000 r-xp 00000000 08:02 3165                       /lib/x86_64-linux-gnu/libpthread-2.19.so
7f182ece3000-7f182eee2000 ---p 00019000 08:02 3165                       /lib/x86_64-linux-gnu/libpthread-2.19.so
7f182eee2000-7f182eee3000 r--p 00018000 08:02 3165                       /lib/x86_64-linux-gnu/libpthread-2.19.so
7f182eee3000-7f182eee4000 rw-p 00019000 08:02 3165                       /lib/x86_64-linux-gnu/libpthread-2.19.so
7f182eee4000-7f182eee8000 rw-p 00000000 00:00 0 
7f182eee8000-7f182eeeb000 r-xp 00000000 08:02 3155                       /lib/x86_64-linux-gnu/libdl-2.19.so
7f182eeeb000-7f182f0ea000 ---p 00003000 08:02 3155                       /lib/x86_64-linux-gnu/libdl-2.19.so
7f182f0ea000-7f182f0eb000 r--p 00002000 08:02 3155                       /lib/x86_64-linux-gnu/libdl-2.19.so
7f182f0eb000-7f182f0ec000 rw-p 00003000 08:02 3155                       /lib/x86_64-linux-gnu/libdl-2.19.so
7f182f0ec000-7f182f2a7000 r-xp 00000000 08:02 3181                       /lib/x86_64-linux-gnu/libc-2.19.so
7f182f2a7000-7f182f4a6000 ---p 001bb000 08:02 3181                       /lib/x86_64-linux-gnu/libc-2.19.so
7f182f4a6000-7f182f4aa000 r--p 001ba000 08:02 3181                       /lib/x86_64-linux-gnu/libc-2.19.so
7f182f4aa000-7f182f4ac000 rw-p 001be000 08:02 3181                       /lib/x86_64-linux-gnu/libc-2.19.so
7f182f4ac000-7f182f4b1000 rw-p 00000000 00:00 0 
7f182f4b1000-7f182f4be000 r-xp 00000000 08:02 2629189                    /usr/lib/jvm/java-7-openjdk-amd64/jre/lib/amd64/jli/libjli.so
7f182f4be000-7f182f6bd000 ---p 0000d000 08:02 2629189                    /usr/lib/jvm/java-7-openjdk-amd64/jre/lib/amd64/jli/libjli.so
7f182f6bd000-7f182f6be000 r--p 0000c000 08:02 2629189                    /usr/lib/jvm/java-7-openjdk-amd64/jre/lib/amd64/jli/libjli.so
7f182f6be000-7f182f6bf000 rw-p 0000d000 08:02 2629189                    /usr/lib/jvm/java-7-openjdk-amd64/jre/lib/amd64/jli/libjli.so
7f182f6bf000-7f182f6e2000 r-xp 00000000 08:02 3167                       /lib/x86_64-linux-gnu/ld-2.19.so
7f182f6e2000-7f182f6e6000 r--s 00034000 08:02 2629217                    /usr/lib/jvm/java-7-openjdk-amd64/jre/lib/ext/sunjce_provider.jar
7f182f6e6000-7f182f6e8000 r--s 00012000 08:02 2629216                    /usr/lib/jvm/java-7-openjdk-amd64/jre/lib/ext/zipfs.jar
7f182f6e8000-7f182f6eb000 r--s 0000f000 08:02 2629218                    /usr/lib/jvm/java-7-openjdk-amd64/jre/lib/ext/icedtea-sound.jar
7f182f6eb000-7f182f6ef000 r--s 0003c000 08:02 2629220                    /usr/lib/jvm/java-7-openjdk-amd64/jre/lib/ext/sunpkcs11.jar
7f182f6ef000-7f182f6f1000 r--s 00006000 08:02 5674                       /usr/share/java/java-atk-wrapper.jar
7f182f6f1000-7f182f6f5000 r--s 00085000 08:02 2629219                    /usr/lib/jvm/java-7-openjdk-amd64/jre/lib/ext/localedata.jar
7f182f6f5000-7f182f70b000 rw-p 00000000 00:00 0 
7f182f70b000-7f182f7b5000 rw-p 00000000 00:00 0 
7f182f7b5000-7f182f7b8000 ---p 00000000 00:00 0 
7f182f7b8000-7f182f8bb000 rw-p 00000000 00:00 0                          [stack:16549]
7f182f8bb000-7f182f8bc000 r--s 00002000 08:02 2629215                    /usr/lib/jvm/java-7-openjdk-amd64/jre/lib/ext/dnsns.jar
7f182f8bc000-7f182f8d5000 rw-p 00000000 00:00 0 
7f182f8d5000-7f182f8dd000 rw-s 00000000 08:02 1313437                    /tmp/hsperfdata_ivan/16548
7f182f8dd000-7f182f8de000 rw-p 00000000 00:00 0 
7f182f8de000-7f182f8df000 r--p 00000000 00:00 0 
7f182f8df000-7f182f8e1000 rw-p 00000000 00:00 0 
7f182f8e1000-7f182f8e2000 r--p 00022000 08:02 3167                       /lib/x86_64-linux-gnu/ld-2.19.so
7f182f8e2000-7f182f8e3000 rw-p 00023000 08:02 3167                       /lib/x86_64-linux-gnu/ld-2.19.so
7f182f8e3000-7f182f8e4000 rw-p 00000000 00:00 0 
7fffe3125000-7fffe3146000 rw-p 00000000 00:00 0                          [stack]
7fffe31b2000-7fffe31b4000 r-xp 00000000 00:00 0                          [vdso]
7fffe31b4000-7fffe31b6000 r--p 00000000 00:00 0                          [vvar]
ffffffffff600000-ffffffffff601000 r-xp 00000000 00:00 0                  [vsyscall]

VM Arguments:
jvm_args: -XX:MaxPermSize=256m -XX:+HeapDumpOnOutOfMemoryError -Xmx1024m -Dfile.encoding=UTF-8 -Duser.country=UA -Duser.language=ru -Duser.variant 
java_command: org.gradle.launcher.daemon.bootstrap.GradleDaemon 2.10
Launcher Type: SUN_STANDARD

Environment Variables:
JAVA_HOME=/usr/lib/jvm/java-8-oracle
PATH=/usr/local/sbin:/usr/local/bin:/usr/sbin:/usr/bin:/sbin:/bin:/usr/games:/usr/local/games:/usr/lib/jvm/java-8-oracle/bin:/usr/lib/jvm/java-8-oracle/db/bin:/usr/lib/jvm/java-8-oracle/jre/bin
SHELL=/bin/bash
DISPLAY=:0

Signal Handlers:
SIGSEGV: [libjvm.so+0x9548f0], sa_mask[0]=0x7ffbfeff, sa_flags=0x10000004
SIGBUS: [libjvm.so+0x9548f0], sa_mask[0]=0x7ffbfeff, sa_flags=0x10000004
SIGFPE: [libjvm.so+0x7cb0b0], sa_mask[0]=0x7ffbfeff, sa_flags=0x10000004
SIGPIPE: SIG_IGN, sa_mask[0]=0x00000000, sa_flags=0x00000000
SIGXFSZ: [libjvm.so+0x7cb0b0], sa_mask[0]=0x7ffbfeff, sa_flags=0x10000004
SIGILL: [libjvm.so+0x7cb0b0], sa_mask[0]=0x7ffbfeff, sa_flags=0x10000004
SIGUSR1: SIG_DFL, sa_mask[0]=0x00000000, sa_flags=0x00000000
SIGUSR2: [libjvm.so+0x7caf50], sa_mask[0]=0x00000004, sa_flags=0x10000004
SIGHUP: [libjvm.so+0x7cb130], sa_mask[0]=0x7ffbfeff, sa_flags=0x10000004
SIGINT: [libjvm.so+0x7cb130], sa_mask[0]=0x7ffbfeff, sa_flags=0x10000004
SIGTERM: [libjvm.so+0x7cb130], sa_mask[0]=0x7ffbfeff, sa_flags=0x10000004
SIGQUIT: [libjvm.so+0x7cb130], sa_mask[0]=0x7ffbfeff, sa_flags=0x10000004
SIGTRAP: SIG_DFL, sa_mask[0]=0x00000000, sa_flags=0x00000000


---------------  S Y S T E M  ---------------

OS:Ubuntu 14.04 (trusty)
uname:Linux 3.16.0-70-generic #90~14.04.1-Ubuntu SMP Wed Apr 6 22:56:34 UTC 2016 x86_64
libc:glibc 2.19 NPTL 2.19 
rlimit: STACK 8192k, CORE 0k, NPROC 30693, NOFILE 4096, AS infinity
load average:3,35 1,77 1,53

/proc/meminfo:
MemTotal:        8059688 kB
MemFree:         1375840 kB
MemAvailable:    4344140 kB
Buffers:          714368 kB
Cached:          2237552 kB
SwapCached:            0 kB
Active:          4495364 kB
Inactive:        1545648 kB
Active(anon):    3091116 kB
Inactive(anon):   118392 kB
Active(file):    1404248 kB
Inactive(file):  1427256 kB
Unevictable:          72 kB
Mlocked:              72 kB
SwapTotal:       4075516 kB
SwapFree:        4075516 kB
Dirty:             36224 kB
Writeback:             0 kB
AnonPages:       3089480 kB
Mapped:           527812 kB
Shmem:            120320 kB
Slab:             432916 kB
SReclaimable:     390200 kB
SUnreclaim:        42716 kB
KernelStack:       11088 kB
PageTables:        53096 kB
NFS_Unstable:          0 kB
Bounce:                0 kB
WritebackTmp:          0 kB
CommitLimit:     8105360 kB
Committed_AS:    8796180 kB
VmallocTotal:   34359738367 kB
VmallocUsed:      391908 kB
VmallocChunk:   34359275092 kB
HardwareCorrupted:     0 kB
AnonHugePages:   1232896 kB
HugePages_Total:       0
HugePages_Free:        0
HugePages_Rsvd:        0
HugePages_Surp:        0
Hugepagesize:       2048 kB
DirectMap4k:      235460 kB
DirectMap2M:     8036352 kB


CPU:total 4 (2 cores per cpu, 2 threads per core) family 6 model 58 stepping 9, cmov, cx8, fxsr, mmx, sse, sse2, sse3, ssse3, sse4.1, sse4.2, popcnt, avx, erms, ht, tsc, tscinvbit, tscinv

/proc/cpuinfo:
processor	: 0
vendor_id	: GenuineIntel
cpu family	: 6
model		: 58
model name	: Intel(R) Core(TM) i3-3217U CPU @ 1.80GHz
stepping	: 9
microcode	: 0x15
cpu MHz		: 1800.070
cache size	: 3072 KB
physical id	: 0
siblings	: 4
core id		: 0
cpu cores	: 2
apicid		: 0
initial apicid	: 0
fpu		: yes
fpu_exception	: yes
cpuid level	: 13
wp		: yes
flags		: fpu vme de pse tsc msr pae mce cx8 apic sep mtrr pge mca cmov pat pse36 clflush dts acpi mmx fxsr sse sse2 ss ht tm pbe syscall nx rdtscp lm constant_tsc arch_perfmon pebs bts rep_good nopl xtopology nonstop_tsc aperfmperf eagerfpu pni pclmulqdq dtes64 monitor ds_cpl vmx est tm2 ssse3 cx16 xtpr pdcm pcid sse4_1 sse4_2 x2apic popcnt tsc_deadline_timer xsave avx f16c lahf_lm ida arat epb xsaveopt pln pts dtherm tpr_shadow vnmi flexpriority ept vpid fsgsbase smep erms
bogomips	: 3591.74
clflush size	: 64
cache_alignment	: 64
address sizes	: 36 bits physical, 48 bits virtual
power management:

processor	: 1
vendor_id	: GenuineIntel
cpu family	: 6
model		: 58
model name	: Intel(R) Core(TM) i3-3217U CPU @ 1.80GHz
stepping	: 9
microcode	: 0x15
cpu MHz		: 1800.000
cache size	: 3072 KB
physical id	: 0
siblings	: 4
core id		: 1
cpu cores	: 2
apicid		: 2
initial apicid	: 2
fpu		: yes
fpu_exception	: yes
cpuid level	: 13
wp		: yes
flags		: fpu vme de pse tsc msr pae mce cx8 apic sep mtrr pge mca cmov pat pse36 clflush dts acpi mmx fxsr sse sse2 ss ht tm pbe syscall nx rdtscp lm constant_tsc arch_perfmon pebs bts rep_good nopl xtopology nonstop_tsc aperfmperf eagerfpu pni pclmulqdq dtes64 monitor ds_cpl vmx est tm2 ssse3 cx16 xtpr pdcm pcid sse4_1 sse4_2 x2apic popcnt tsc_deadline_timer xsave avx f16c lahf_lm ida arat epb xsaveopt pln pts dtherm tpr_shadow vnmi flexpriority ept vpid fsgsbase smep erms
bogomips	: 3591.74
clflush size	: 64
cache_alignment	: 64
address sizes	: 36 bits physical, 48 bits virtual
power management:

processor	: 2
vendor_id	: GenuineIntel
cpu family	: 6
model		: 58
model name	: Intel(R) Core(TM) i3-3217U CPU @ 1.80GHz
stepping	: 9
microcode	: 0x15
cpu MHz		: 1800.000
cache size	: 3072 KB
physical id	: 0
siblings	: 4
core id		: 0
cpu cores	: 2
apicid		: 1
initial apicid	: 1
fpu		: yes
fpu_exception	: yes
cpuid level	: 13
wp		: yes
flags		: fpu vme de pse tsc msr pae mce cx8 apic sep mtrr pge mca cmov pat pse36 clflush dts acpi mmx fxsr sse sse2 ss ht tm pbe syscall nx rdtscp lm constant_tsc arch_perfmon pebs bts rep_good nopl xtopology nonstop_tsc aperfmperf eagerfpu pni pclmulqdq dtes64 monitor ds_cpl vmx est tm2 ssse3 cx16 xtpr pdcm pcid sse4_1 sse4_2 x2apic popcnt tsc_deadline_timer xsave avx f16c lahf_lm ida arat epb xsaveopt pln pts dtherm tpr_shadow vnmi flexpriority ept vpid fsgsbase smep erms
bogomips	: 3591.74
clflush size	: 64
cache_alignment	: 64
address sizes	: 36 bits physical, 48 bits virtual
power management:

processor	: 3
vendor_id	: GenuineIntel
cpu family	: 6
model		: 58
model name	: Intel(R) Core(TM) i3-3217U CPU @ 1.80GHz
stepping	: 9
microcode	: 0x15
cpu MHz		: 1800.000
cache size	: 3072 KB
physical id	: 0
siblings	: 4
core id		: 1
cpu cores	: 2
apicid		: 3
initial apicid	: 3
fpu		: yes
fpu_exception	: yes
cpuid level	: 13
wp		: yes
flags		: fpu vme de pse tsc msr pae mce cx8 apic sep mtrr pge mca cmov pat pse36 clflush dts acpi mmx fxsr sse sse2 ss ht tm pbe syscall nx rdtscp lm constant_tsc arch_perfmon pebs bts rep_good nopl xtopology nonstop_tsc aperfmperf eagerfpu pni pclmulqdq dtes64 monitor ds_cpl vmx est tm2 ssse3 cx16 xtpr pdcm pcid sse4_1 sse4_2 x2apic popcnt tsc_deadline_timer xsave avx f16c lahf_lm ida arat epb xsaveopt pln pts dtherm tpr_shadow vnmi flexpriority ept vpid fsgsbase smep erms
bogomips	: 3591.74
clflush size	: 64
cache_alignment	: 64
address sizes	: 36 bits physical, 48 bits virtual
power management:



Memory: 4k page, physical 8059688k(1375840k free), swap 4075516k(4075516k free)

vm_info: OpenJDK 64-Bit Server VM (24.95-b01) for linux-amd64 JRE (1.7.0_95-b00), built on Mar 24 2016 06:13:32 by "buildd" with gcc 4.8.2

time: Wed Apr 20 10:35:11 2016
elapsed time: 35 seconds

