#
# A fatal error has been detected by the Java Runtime Environment:
#
#  SIGSEGV (0xb) at pc=0x00007f726eff15d3, pid=28729, tid=140129423001344
#
# JRE version: OpenJDK Runtime Environment (7.0_85-b01) (build 1.7.0_85-b01)
# Java VM: OpenJDK 64-Bit Server VM (24.85-b03 mixed mode linux-amd64 compressed oops)
# Derivative: IcedTea 2.6.1
# Distribution: Ubuntu 14.04 LTS, package 7u85-2.6.1-5ubuntu0.14.04.1
# Problematic frame:
# V  [libjvm.so+0x8395d3]  oopDesc* PSPromotionManager::copy_to_survivor_space<false>(oopDesc*)+0x253
#
# Failed to write core dump. Core dumps have been disabled. To enable core dumping, try "ulimit -c unlimited" before starting Java again
#
# If you would like to submit a bug report, please include
# instructions on how to reproduce the bug and visit:
#   http://icedtea.classpath.org/bugzilla
#

---------------  T H R E A D  ---------------

Current thread (0x00007f7268025800):  GCTaskThread [stack: 0x00007f726c6b0000,0x00007f726c7b1000] [id=28735]

siginfo:si_signo=SIGSEGV: si_errno=0, si_code=1 (SEGV_MAPERR), si_addr=0x0000000000000019

Registers:
RAX=0x0000000000000001, RBX=0x00000000eeb129c0, RCX=0x0000000000000000, RDX=0x0000000000000001
RSP=0x00007f726c7afc70, RBP=0x00007f726c7afcd0, RSI=0x00007f726f5854e0, RDI=0x00007f7268073910
R8 =0x00007f72680739b0, R9 =0x00000000c39778c5, R10=0x0000000000000000, R11=0x000000000000003c
R12=0x00000000c39778c4, R13=0x0000000000000000, R14=0x00007f7268073910, R15=0x00007f726f5854e0
RIP=0x00007f726eff15d3, EFLAGS=0x0000000000010202, CSGSFS=0x0000000000000033, ERR=0x0000000000000004
  TRAPNO=0x000000000000000e

Top of Stack: (sp=0x00007f726c7afc70)
0x00007f726c7afc70:   0000000000000018 00007f726801b2c0
0x00007f726c7afc80:   0000000000000018 00000000c39778b8
0x00007f726c7afc90:   00000000c3975b98 0000000000000400
0x00007f726c7afca0:   00007f726cd11081 00007f7268073910
0x00007f726c7afcb0:   00000000c39778c4 0000000000000001
0x00007f726c7afcc0:   00007f7268073980 00007f726f5854e0
0x00007f726c7afcd0:   00007f726c7afd40 00007f726eff0d58
0x00007f726c7afce0:   00007f726c7afd40 00007f72680739b0
0x00007f726c7afcf0:   0001944f00012b3d 00000000fff71360
0x00007f726c7afd00:   0001945000012b3d 00007f726f5a1502
0x00007f726c7afd10:   00007f726c7afdc0 0000000000000003
0x00007f726c7afd20:   00007f726c7afd70 00007f726c7afd80
0x00007f726c7afd30:   0000000000000000 00007f72680733b0
0x00007f726c7afd40:   00007f726c7afdc0 00007f726eff484a
0x00007f726c7afd50:   00007f726f5854e0 00000000ffd4870c
0x00007f726c7afd60:   00007f7250029a20 00007f7268073910
0x00007f726c7afd70:   00007f726373893d 00007f726ef4efcb
0x00007f726c7afd80:   00000000ffd4870d 00007f726801f850
0x00007f726c7afd90:   00007f726c7afdc0 0000000000000001
0x00007f726c7afda0:   00007f7250029a20 00007f726f1701db
0x00007f726c7afdb0:   00007f7268025800 00007f726f5a1502
0x00007f726c7afdc0:   00007f726c7afed0 00007f726ed02b22
0x00007f726c7afdd0:   00000000000003d8 00007f72680262b8
0x00007f726c7afde0:   00007f7268025ee0 00007f726c7afe60
0x00007f726c7afdf0:   00007f7268025ea0 00007f7268025ed0
0x00007f726c7afe00:   00007f726c7afe10 0000000000000000
0x00007f726c7afe10:   0000000000000000 00007f7268026c00
0x00007f726c7afe20:   00007f7268025800 00007f72680262c0
0x00007f726c7afe30:   00007f7268026300 00007f7268026310
0x00007f726c7afe40:   00007f72680266e8 00000000000003d8
0x00007f726c7afe50:   00007f72680266f0 00007f7268027060
0x00007f726c7afe60:   00007f7268025800 00007f72680262c0 

Instructions: (pc=0x00007f726eff15d3)
0x00007f726eff15b3:   48 c1 ea 03 83 e2 0f e9 3d fe ff ff 90 8b 56 08
0x00007f726eff15c3:   48 8d 35 16 3f 59 00 8b 4e 08 48 d3 e2 48 03 16
0x00007f726eff15d3:   8b 4a 18 48 8d 7a 10 83 f9 00 0f 8f ed fd ff ff
0x00007f726eff15e3:   0f 85 cf 02 00 00 0f 1f 80 00 00 00 00 48 8b 42 

Register to memory mapping:

RAX=0x0000000000000001 is an unknown value
RBX=0x00000000eeb129c0 is an unknown value
RCX=0x0000000000000000 is an unknown value
RDX=0x0000000000000001 is an unknown value
RSP=0x00007f726c7afc70 is an unknown value
RBP=0x00007f726c7afcd0 is an unknown value
RSI=0x00007f726f5854e0: <offset 0xdcd4e0> in /usr/lib/jvm/java-7-openjdk-amd64/jre/lib/amd64/server/libjvm.so at 0x00007f726e7b8000
RDI=0x00007f7268073910 is an unknown value
R8 =0x00007f72680739b0 is an unknown value
R9 =0x00000000c39778c5 is pointing into object: 0x00000000c39778b8
java.lang.String 
 - klass: 'java/lang/String'
R10=0x0000000000000000 is an unknown value
R11=0x000000000000003c is an unknown value
R12=0x00000000c39778c4 is pointing into object: 0x00000000c39778b8
java.lang.String 
 - klass: 'java/lang/String'
R13=0x0000000000000000 is an unknown value
R14=0x00007f7268073910 is an unknown value
R15=0x00007f726f5854e0: <offset 0xdcd4e0> in /usr/lib/jvm/java-7-openjdk-amd64/jre/lib/amd64/server/libjvm.so at 0x00007f726e7b8000


Stack: [0x00007f726c6b0000,0x00007f726c7b1000],  sp=0x00007f726c7afc70,  free space=1023k
Native frames: (J=compiled Java code, j=interpreted, Vv=VM code, C=native code)
V  [libjvm.so+0x8395d3]  oopDesc* PSPromotionManager::copy_to_survivor_space<false>(oopDesc*)+0x253
V  [libjvm.so+0x838d58]  PSPromotionManager::drain_stacks_depth(bool)+0x6a8
V  [libjvm.so+0x83c84a]  StealTask::do_it(GCTaskManager*, unsigned int)+0x18a
V  [libjvm.so+0x54ab22]  GCTaskThread::run()+0x162
V  [libjvm.so+0x7cc7e2]  java_start(Thread*)+0xf2


---------------  P R O C E S S  ---------------

Java Threads: ( => current thread )
  0x00007f721c55a000 JavaThread "Stdin handler" [_thread_blocked, id=7586, stack(0x00007f7231b95000,0x00007f7231c96000)]
  0x00007f7220008800 JavaThread "Cancel handler" [_thread_blocked, id=7583, stack(0x00007f72326a4000,0x00007f72327a5000)]
  0x00007f7220014000 JavaThread "Handler for socket connection from /127.0.0.1:47165 to /127.0.0.1:36299" [_thread_in_native, id=7582, stack(0x00007f72327a5000,0x00007f72328a6000)]
  0x00007f721ca2d800 JavaThread "process reaper" daemon [_thread_blocked, id=7386, stack(0x00007f72308bd000,0x00007f72308f6000)]
  0x00007f721ca29000 JavaThread "process reaper" daemon [_thread_blocked, id=7383, stack(0x00007f72311a8000,0x00007f72311e1000)]
  0x00007f721cc74800 JavaThread "process reaper" daemon [_thread_blocked, id=7378, stack(0x00007f72324f8000,0x00007f7232531000)]
  0x00007f721cdf7800 JavaThread "process reaper" daemon [_thread_blocked, id=7375, stack(0x00007f7231a22000,0x00007f7231a5b000)]
  0x00007f721cdf6800 JavaThread "process reaper" daemon [_thread_blocked, id=7374, stack(0x00007f71e6255000,0x00007f71e628e000)]
  0x00007f721c4a5000 JavaThread "process reaper" daemon [_thread_blocked, id=7371, stack(0x00007f7231a5b000,0x00007f7231a94000)]
  0x00007f721c105000 JavaThread "process reaper" daemon [_thread_blocked, id=7367, stack(0x00007f7230f6d000,0x00007f7230fa6000)]
  0x00007f721cb3a000 JavaThread "process reaper" daemon [_thread_blocked, id=7357, stack(0x00007f71e6490000,0x00007f71e64c9000)]
  0x00007f721cda2800 JavaThread "process reaper" daemon [_thread_blocked, id=7354, stack(0x00007f7230245000,0x00007f723027e000)]
  0x00007f721c4a2000 JavaThread "process reaper" daemon [_thread_blocked, id=7350, stack(0x00007f72308f6000,0x00007f723092f000)]
  0x00007f721c340800 JavaThread "process reaper" daemon [_thread_blocked, id=7347, stack(0x00007f723027e000,0x00007f72302b7000)]
  0x00007f721cb70800 JavaThread "process reaper" daemon [_thread_blocked, id=7343, stack(0x00007f72319e9000,0x00007f7231a22000)]
  0x00007f721c4cc800 JavaThread "process reaper" daemon [_thread_blocked, id=7340, stack(0x00007f71e7483000,0x00007f71e74bc000)]
  0x00007f721c30b800 JavaThread "process reaper" daemon [_thread_blocked, id=7328, stack(0x00007f71e744a000,0x00007f71e7483000)]
  0x00007f721c31f800 JavaThread "process reaper" daemon [_thread_blocked, id=7324, stack(0x00007f723000a000,0x00007f7230043000)]
  0x00007f721c2a6000 JavaThread "process reaper" daemon [_thread_blocked, id=7313, stack(0x00007f71e76be000,0x00007f71e76f7000)]
  0x00007f721c108800 JavaThread "process reaper" daemon [_thread_blocked, id=7308, stack(0x00007f71e700d000,0x00007f71e7046000)]
  0x00007f721c308800 JavaThread "process reaper" daemon [_thread_blocked, id=7305, stack(0x00007f71e6cd1000,0x00007f71e6d0a000)]
  0x00007f721ca3c000 JavaThread "process reaper" daemon [_thread_blocked, id=7301, stack(0x00007f71e601a000,0x00007f71e6053000)]
  0x00007f721ce09000 JavaThread "process reaper" daemon [_thread_blocked, id=7205, stack(0x00007f71e5ddf000,0x00007f71e5e18000)]
  0x00007f7220005800 JavaThread "Daemon worker Thread 27" [_thread_blocked, id=7198, stack(0x00007f72328a6000,0x00007f72329a7000)]
  0x00007f722802f800 JavaThread "Daemon Thread 27" [_thread_blocked, id=7195, stack(0x00007f72329a7000,0x00007f7232aa8000)]
  0x00007f721c633800 JavaThread "File lock request listener" [_thread_in_native, id=28779, stack(0x00007f72323f7000,0x00007f72324f8000)]
  0x00007f7268aa1000 JavaThread "Incoming local TCP Connector on port 47165" [_thread_in_native, id=28753, stack(0x00007f7232aa8000,0x00007f7232ba9000)]
  0x00007f72680b0800 JavaThread "Service Thread" daemon [_thread_blocked, id=28743, stack(0x00007f7260a54000,0x00007f7260b55000)]
  0x00007f72680ae000 JavaThread "C2 CompilerThread1" daemon [_thread_blocked, id=28742, stack(0x00007f7260b55000,0x00007f7260c56000)]
  0x00007f72680ab000 JavaThread "C2 CompilerThread0" daemon [_thread_blocked, id=28741, stack(0x00007f7260c56000,0x00007f7260d57000)]
  0x00007f72680a9000 JavaThread "Signal Dispatcher" daemon [_thread_blocked, id=28740, stack(0x00007f7260d57000,0x00007f7260e58000)]
  0x00007f726807c000 JavaThread "Finalizer" daemon [_thread_blocked, id=28739, stack(0x00007f726166b000,0x00007f726176c000)]
  0x00007f726807a000 JavaThread "Reference Handler" daemon [_thread_blocked, id=28738, stack(0x00007f726176c000,0x00007f726186d000)]
  0x00007f726800a000 JavaThread "main" [_thread_blocked, id=28731, stack(0x00007f72702c9000,0x00007f72703ca000)]

Other Threads:
  0x00007f7268075800 VMThread [stack: 0x00007f726186d000,0x00007f726196e000] [id=28737]
  0x00007f72680bb000 WatcherThread [stack: 0x00007f7260953000,0x00007f7260a54000] [id=28744]

=>0x00007f7268025800 (exited) GCTaskThread [stack: 0x00007f726c6b0000,0x00007f726c7b1000] [id=28735]

VM state:at safepoint (normal execution)

VM Mutex/Monitor currently owned by a thread:  ([mutex/lock_event])
[0x00007f72680066e0] Threads_lock - owner thread: 0x00007f7268075800
[0x00007f7268006be0] Heap_lock - owner thread: 0x00007f7220005800

Heap
 PSYoungGen      total 283136K, used 228252K [0x00000000eaa80000, 0x0000000100000000, 0x0000000100000000)
  eden space 216576K, 100% used [0x00000000eaa80000,0x00000000f7e00000,0x00000000f7e00000)
  from space 66560K, 17% used [0x00000000f7e00000,0x00000000f89672f0,0x00000000fbf00000)
  to   space 64000K, 99% used [0x00000000fc180000,0x00000000ffffb328,0x0000000100000000)
 ParOldGen       total 261632K, used 63878K [0x00000000c0000000, 0x00000000cff80000, 0x00000000eaa80000)
  object space 261632K, 24% used [0x00000000c0000000,0x00000000c3e61b98,0x00000000cff80000)
 PSPermGen       total 56832K, used 56594K [0x00000000b0000000, 0x00000000b3780000, 0x00000000c0000000)
  object space 56832K, 99% used [0x00000000b0000000,0x00000000b3744938,0x00000000b3780000)

Card table byte_map: [0x00007f726cc8a000,0x00007f726cf0b000] byte_map_base: 0x00007f726c70a000

Polling page: 0x00007f72703f3000

Code Cache  [0x00007f7265000000, 0x00007f72660d0000, 0x00007f7268000000)
 total_blobs=4967 nmethods=4320 adapters=598 free_code_cache=32120Kb largest_free_block=32708416

Compilation events (10 events):
Event: 7197,158 Thread 0x00007f72680ab000 5023             org.objectweb.asm.Item::<init> (5 bytes)
Event: 7197,159 Thread 0x00007f72680ab000 nmethod 5023 0x00007f72660af9d0 code [0x00007f72660afb00, 0x00007f72660afb58]
Event: 7201,836 Thread 0x00007f72680ae000 5024             java.io.FilterInputStream::close (8 bytes)
Event: 7201,836 Thread 0x00007f72680ae000 nmethod 5024 0x00007f72660af2d0 code [0x00007f72660af420, 0x00007f72660af498]
Event: 7212,751 Thread 0x00007f72680ab000 5025             com.sun.org.apache.xerces.internal.parsers.XML11Configuration::addCommonComponent (27 bytes)
Event: 7212,751 Thread 0x00007f72680ae000 5026             com.sun.org.apache.xerces.internal.impl.XMLErrorReporter::putMessageFormatter (13 bytes)
Event: 7212,753 Thread 0x00007f72680ae000 nmethod 5026 0x00007f72660aefd0 code [0x00007f72660af120, 0x00007f72660af1e8]
Event: 7212,761 Thread 0x00007f72680ab000 nmethod 5025 0x00007f7266095390 code [0x00007f7266095520, 0x00007f72660959e8]
Event: 7213,050 Thread 0x00007f72680ae000 5027             org.apache.ivy.util.ContextualSAXHandler::getContext (71 bytes)
Event: 7213,064 Thread 0x00007f72680ae000 nmethod 5027 0x00007f72660afe90 code [0x00007f72660b0040, 0x00007f72660b0cd0]

GC Heap History (10 events):
Event: 7184,341 GC heap after
Heap after GC invocations=158 (full 29):
 PSYoungGen      total 279040K, used 23691K [0x00000000eaa80000, 0x00000000ff880000, 0x0000000100000000)
  eden space 215040K, 0% used [0x00000000eaa80000,0x00000000eaa80000,0x00000000f7c80000)
  from space 64000K, 37% used [0x00000000f7c80000,0x00000000f93a2c90,0x00000000fbb00000)
  to   space 60928K, 0% used [0x00000000fbd00000,0x00000000fbd00000,0x00000000ff880000)
 ParOldGen       total 261632K, used 48207K [0x00000000c0000000, 0x00000000cff80000, 0x00000000eaa80000)
  object space 261632K, 18% used [0x00000000c0000000,0x00000000c2f13fb0,0x00000000cff80000)
 PSPermGen       total 56832K, used 54796K [0x00000000b0000000, 0x00000000b3780000, 0x00000000c0000000)
  object space 56832K, 96% used [0x00000000b0000000,0x00000000b3583268,0x00000000b3780000)
}
Event: 7186,552 GC heap before
{Heap before GC invocations=159 (full 29):
 PSYoungGen      total 279040K, used 238731K [0x00000000eaa80000, 0x00000000ff880000, 0x0000000100000000)
  eden space 215040K, 100% used [0x00000000eaa80000,0x00000000f7c80000,0x00000000f7c80000)
  from space 64000K, 37% used [0x00000000f7c80000,0x00000000f93a2c90,0x00000000fbb00000)
  to   space 60928K, 0% used [0x00000000fbd00000,0x00000000fbd00000,0x00000000ff880000)
 ParOldGen       total 261632K, used 48207K [0x00000000c0000000, 0x00000000cff80000, 0x00000000eaa80000)
  object space 261632K, 18% used [0x00000000c0000000,0x00000000c2f13fb0,0x00000000cff80000)
 PSPermGen       total 56832K, used 54829K [0x00000000b0000000, 0x00000000b3780000, 0x00000000c0000000)
  object space 56832K, 96% used [0x00000000b0000000,0x00000000b358b520,0x00000000b3780000)
Event: 7186,581 GC heap after
Heap after GC invocations=159 (full 29):
 PSYoungGen      total 282112K, used 16876K [0x00000000eaa80000, 0x00000000ff600000, 0x0000000100000000)
  eden space 223744K, 0% used [0x00000000eaa80000,0x00000000eaa80000,0x00000000f8500000)
  from space 58368K, 28% used [0x00000000fbd00000,0x00000000fcd7b088,0x00000000ff600000)
  to   space 57344K, 0% used [0x00000000f8500000,0x00000000f8500000,0x00000000fbd00000)
 ParOldGen       total 261632K, used 48207K [0x00000000c0000000, 0x00000000cff80000, 0x00000000eaa80000)
  object space 261632K, 18% used [0x00000000c0000000,0x00000000c2f13fb0,0x00000000cff80000)
 PSPermGen       total 56832K, used 54829K [0x00000000b0000000, 0x00000000b3780000, 0x00000000c0000000)
  object space 56832K, 96% used [0x00000000b0000000,0x00000000b358b520,0x00000000b3780000)
}
Event: 7197,196 GC heap before
{Heap before GC invocations=160 (full 29):
 PSYoungGen      total 282112K, used 240620K [0x00000000eaa80000, 0x00000000ff600000, 0x0000000100000000)
  eden space 223744K, 100% used [0x00000000eaa80000,0x00000000f8500000,0x00000000f8500000)
  from space 58368K, 28% used [0x00000000fbd00000,0x00000000fcd7b088,0x00000000ff600000)
  to   space 57344K, 0% used [0x00000000f8500000,0x00000000f8500000,0x00000000fbd00000)
 ParOldGen       total 261632K, used 48207K [0x00000000c0000000, 0x00000000cff80000, 0x00000000eaa80000)
  object space 261632K, 18% used [0x00000000c0000000,0x00000000c2f13fb0,0x00000000cff80000)
 PSPermGen       total 56832K, used 54845K [0x00000000b0000000, 0x00000000b3780000, 0x00000000c0000000)
  object space 56832K, 96% used [0x00000000b0000000,0x00000000b358f7f0,0x00000000b3780000)
Event: 7197,218 GC heap after
Heap after GC invocations=160 (full 29):
 PSYoungGen      total 281088K, used 14652K [0x00000000eaa80000, 0x00000000ff900000, 0x0000000100000000)
  eden space 223744K, 0% used [0x00000000eaa80000,0x00000000eaa80000,0x00000000f8500000)
  from space 57344K, 25% used [0x00000000f8500000,0x00000000f934f3b0,0x00000000fbd00000)
  to   space 54272K, 0% used [0x00000000fc400000,0x00000000fc400000,0x00000000ff900000)
 ParOldGen       total 261632K, used 48207K [0x00000000c0000000, 0x00000000cff80000, 0x00000000eaa80000)
  object space 261632K, 18% used [0x00000000c0000000,0x00000000c2f13fb0,0x00000000cff80000)
 PSPermGen       total 56832K, used 54845K [0x00000000b0000000, 0x00000000b3780000, 0x00000000c0000000)
  object space 56832K, 96% used [0x00000000b0000000,0x00000000b358f7f0,0x00000000b3780000)
}
Event: 7201,417 GC heap before
{Heap before GC invocations=161 (full 29):
 PSYoungGen      total 281088K, used 238396K [0x00000000eaa80000, 0x00000000ff900000, 0x0000000100000000)
  eden space 223744K, 100% used [0x00000000eaa80000,0x00000000f8500000,0x00000000f8500000)
  from space 57344K, 25% used [0x00000000f8500000,0x00000000f934f3b0,0x00000000fbd00000)
  to   space 54272K, 0% used [0x00000000fc400000,0x00000000fc400000,0x00000000ff900000)
 ParOldGen       total 261632K, used 48207K [0x00000000c0000000, 0x00000000cff80000, 0x00000000eaa80000)
  object space 261632K, 18% used [0x00000000c0000000,0x00000000c2f13fb0,0x00000000cff80000)
 PSPermGen       total 56832K, used 55698K [0x00000000b0000000, 0x00000000b3780000, 0x00000000c0000000)
  object space 56832K, 98% used [0x00000000b0000000,0x00000000b3664b90,0x00000000b3780000)
Event: 7201,489 GC heap after
Heap after GC invocations=161 (full 29):
 PSYoungGen      total 270848K, used 54261K [0x00000000eaa80000, 0x0000000100000000, 0x0000000100000000)
  eden space 216576K, 0% used [0x00000000eaa80000,0x00000000eaa80000,0x00000000f7e00000)
  from space 54272K, 99% used [0x00000000fc400000,0x00000000ff8fd4e0,0x00000000ff900000)
  to   space 66560K, 0% used [0x00000000f7e00000,0x00000000f7e00000,0x00000000fbf00000)
 ParOldGen       total 261632K, used 54842K [0x00000000c0000000, 0x00000000cff80000, 0x00000000eaa80000)
  object space 261632K, 20% used [0x00000000c0000000,0x00000000c358eb28,0x00000000cff80000)
 PSPermGen       total 56832K, used 55698K [0x00000000b0000000, 0x00000000b3780000, 0x00000000c0000000)
  object space 56832K, 98% used [0x00000000b0000000,0x00000000b3664b90,0x00000000b3780000)
}
Event: 7213,383 GC heap before
{Heap before GC invocations=162 (full 29):
 PSYoungGen      total 270848K, used 270837K [0x00000000eaa80000, 0x0000000100000000, 0x0000000100000000)
  eden space 216576K, 100% used [0x00000000eaa80000,0x00000000f7e00000,0x00000000f7e00000)
  from space 54272K, 99% used [0x00000000fc400000,0x00000000ff8fd4e0,0x00000000ff900000)
  to   space 66560K, 0% used [0x00000000f7e00000,0x00000000f7e00000,0x00000000fbf00000)
 ParOldGen       total 261632K, used 54842K [0x00000000c0000000, 0x00000000cff80000, 0x00000000eaa80000)
  object space 261632K, 20% used [0x00000000c0000000,0x00000000c358eb28,0x00000000cff80000)
 PSPermGen       total 56832K, used 56576K [0x00000000b0000000, 0x00000000b3780000, 0x00000000c0000000)
  object space 56832K, 99% used [0x00000000b0000000,0x00000000b3740080,0x00000000b3780000)
Event: 7213,401 GC heap after
Heap after GC invocations=162 (full 29):
 PSYoungGen      total 283136K, used 11676K [0x00000000eaa80000, 0x0000000100000000, 0x0000000100000000)
  eden space 216576K, 0% used [0x00000000eaa80000,0x00000000eaa80000,0x00000000f7e00000)
  from space 66560K, 17% used [0x00000000f7e00000,0x00000000f89672f0,0x00000000fbf00000)
  to   space 64000K, 0% used [0x00000000fc180000,0x00000000fc180000,0x0000000100000000)
 ParOldGen       total 261632K, used 55766K [0x00000000c0000000, 0x00000000cff80000, 0x00000000eaa80000)
  object space 261632K, 21% used [0x00000000c0000000,0x00000000c3675b98,0x00000000cff80000)
 PSPermGen       total 56832K, used 56576K [0x00000000b0000000, 0x00000000b3780000, 0x00000000c0000000)
  object space 56832K, 99% used [0x00000000b0000000,0x00000000b3740080,0x00000000b3780000)
}
Event: 7216,846 GC heap before
{Heap before GC invocations=163 (full 29):
 PSYoungGen      total 283136K, used 228252K [0x00000000eaa80000, 0x0000000100000000, 0x0000000100000000)
  eden space 216576K, 100% used [0x00000000eaa80000,0x00000000f7e00000,0x00000000f7e00000)
  from space 66560K, 17% used [0x00000000f7e00000,0x00000000f89672f0,0x00000000fbf00000)
  to   space 64000K, 0% used [0x00000000fc180000,0x00000000fc180000,0x0000000100000000)
 ParOldGen       total 261632K, used 55766K [0x00000000c0000000, 0x00000000cff80000, 0x00000000eaa80000)
  object space 261632K, 21% used [0x00000000c0000000,0x00000000c3675b98,0x00000000cff80000)
 PSPermGen       total 56832K, used 56594K [0x00000000b0000000, 0x00000000b3780000, 0x00000000c0000000)
  object space 56832K, 99% used [0x00000000b0000000,0x00000000b3744938,0x00000000b3780000)

Deoptimization events (10 events):
Event: 7201,054 Thread 0x00007f7220005800 Uncommon trap: reason=unstable_if action=reinterpret pc=0x00007f7265f543ac method=java.util.ComparableTimSort.mergeCollapse()V @ 61
Event: 7201,055 Thread 0x00007f7220005800 Uncommon trap: reason=array_check action=maybe_recompile pc=0x00007f7265a18294 method=java.util.ComparableTimSort.mergeHi(IIII)V @ 160
Event: 7201,057 Thread 0x00007f7220005800 Uncommon trap: reason=array_check action=maybe_recompile pc=0x00007f7265a18294 method=java.util.ComparableTimSort.mergeHi(IIII)V @ 160
Event: 7203,095 Thread 0x00007f7220005800 Uncommon trap: reason=unstable_if action=reinterpret pc=0x00007f7265dc2464 method=com.sun.tools.javac.parser.JavacParser.parseCompilationUnit()Lcom/sun/tools/javac/tree/JCTree$JCCompilationUnit; @ 63
Event: 7203,131 Thread 0x00007f7220005800 Uncommon trap: reason=class_check action=maybe_recompile pc=0x00007f7265ebc014 method=com.sun.tools.javac.jvm.ClassReader.complete(Lcom/sun/tools/javac/code/Symbol;)V @ 83
Event: 7203,140 Thread 0x00007f7220005800 Uncommon trap: reason=unstable_if action=reinterpret pc=0x00007f7265dc594c method=com.sun.tools.javac.comp.MemberEnter.visitTopLevel(Lcom/sun/tools/javac/tree/JCTree$JCCompilationUnit;)V @ 15
Event: 7203,141 Thread 0x00007f7220005800 Uncommon trap: reason=unstable_if action=reinterpret pc=0x00007f7265c71b70 method=com.sun.tools.javac.comp.Check$CycleChecker.checkSymbol(Lcom/sun/tools/javac/util/JCDiagnostic$DiagnosticPosition;Lcom/sun/tools/javac/code/Symbol;)V @ 1
Event: 7203,246 Thread 0x00007f7220005800 Uncommon trap: reason=class_check action=maybe_recompile pc=0x00007f7265ebc014 method=com.sun.tools.javac.jvm.ClassReader.complete(Lcom/sun/tools/javac/code/Symbol;)V @ 83
Event: 7203,267 Thread 0x00007f7220005800 Uncommon trap: reason=class_check action=maybe_recompile pc=0x00007f7265ebc014 method=com.sun.tools.javac.jvm.ClassReader.complete(Lcom/sun/tools/javac/code/Symbol;)V @ 83
Event: 7216,162 Thread 0x00007f7220005800 Uncommon trap: reason=unstable_if action=reinterpret pc=0x00007f7265eb2dac method=org.codehaus.groovy.runtime.callsite.AbstractCallSite.noWrappers([Ljava/lang/Object;)Z @ 14

Internal exceptions (10 events):
Event: 7216,140 Thread 0x00007f7220005800 Threw 0x00000000ebd5ea20 at /build/openjdk-7-65SuYz/openjdk-7-7u85-2.6.1/build/openjdk/hotspot/src/share/vm/prims/jvm.cpp:1322
Event: 7216,143 Thread 0x00007f7220005800 Threw 0x00000000ebd8e6a0 at /build/openjdk-7-65SuYz/openjdk-7-7u85-2.6.1/build/openjdk/hotspot/src/share/vm/prims/jvm.cpp:1322
Event: 7216,143 Thread 0x00007f7220005800 Threw 0x00000000ebd8f6b0 at /build/openjdk-7-65SuYz/openjdk-7-7u85-2.6.1/build/openjdk/hotspot/src/share/vm/prims/jvm.cpp:1322
Event: 7216,143 Thread 0x00007f7220005800 Threw 0x00000000ebd98650 at /build/openjdk-7-65SuYz/openjdk-7-7u85-2.6.1/build/openjdk/hotspot/src/share/vm/prims/jvm.cpp:1322
Event: 7216,158 Thread 0x00007f7220005800 Threw 0x00000000ec294270 at /build/openjdk-7-65SuYz/openjdk-7-7u85-2.6.1/build/openjdk/hotspot/src/share/vm/prims/jvm.cpp:1322
Event: 7216,158 Thread 0x00007f7220005800 Threw 0x00000000ec294f80 at /build/openjdk-7-65SuYz/openjdk-7-7u85-2.6.1/build/openjdk/hotspot/src/share/vm/prims/jvm.cpp:1322
Event: 7216,158 Thread 0x00007f7220005800 Threw 0x00000000ec29a930 at /build/openjdk-7-65SuYz/openjdk-7-7u85-2.6.1/build/openjdk/hotspot/src/share/vm/prims/jvm.cpp:1322
Event: 7216,159 Thread 0x00007f7220005800 Threw 0x00000000ec2b5ba8 at /build/openjdk-7-65SuYz/openjdk-7-7u85-2.6.1/build/openjdk/hotspot/src/share/vm/prims/jvm.cpp:1322
Event: 7216,159 Thread 0x00007f7220005800 Threw 0x00000000ec2b6c08 at /build/openjdk-7-65SuYz/openjdk-7-7u85-2.6.1/build/openjdk/hotspot/src/share/vm/prims/jvm.cpp:1322
Event: 7216,159 Thread 0x00007f7220005800 Threw 0x00000000ec2c0188 at /build/openjdk-7-65SuYz/openjdk-7-7u85-2.6.1/build/openjdk/hotspot/src/share/vm/prims/jvm.cpp:1322

Events (10 events):
Event: 7216,162 loading class 0x00007f721c07bb10
Event: 7216,162 loading class 0x00007f721c07bb10 done
Event: 7216,162 Thread 0x00007f7220005800 Uncommon trap: trap_request=0xffffff75 fr.pc=0x00007f7265eb2dac
Event: 7216,162 Thread 0x00007f7220005800 DEOPT PACKING pc=0x00007f7265eb2dac sp=0x00007f72329a2540
Event: 7216,162 Thread 0x00007f7220005800 DEOPT UNPACKING pc=0x00007f7265039445 sp=0x00007f72329a2500 mode 2
Event: 7216,164 loading class 0x00007f721c07bb10
Event: 7216,164 loading class 0x00007f721c07bb10 done
Event: 7216,165 loading class 0x00007f721c07bb10
Event: 7216,165 loading class 0x00007f721c07bb10 done
Event: 7216,846 Executing VM operation: ParallelGCFailedAllocation


Dynamic libraries:
00400000-00401000 r-xp 00000000 08:02 2755005                            /usr/lib/jvm/java-7-openjdk-amd64/jre/bin/java
00600000-00601000 r--p 00000000 08:02 2755005                            /usr/lib/jvm/java-7-openjdk-amd64/jre/bin/java
00601000-00602000 rw-p 00001000 08:02 2755005                            /usr/lib/jvm/java-7-openjdk-amd64/jre/bin/java
01327000-01348000 rw-p 00000000 00:00 0                                  [heap]
b0000000-b3780000 rw-p 00000000 00:00 0 
b3780000-b6480000 ---p 00000000 00:00 0 
b6480000-c0000000 rw-p 00000000 00:00 0 
c0000000-cff80000 rw-p 00000000 00:00 0 
cff80000-eaa80000 rw-p 00000000 00:00 0 
eaa80000-100000000 rw-p 00000000 00:00 0 
7f71e0000000-7f71e0021000 rw-p 00000000 00:00 0 
7f71e0021000-7f71e4000000 ---p 00000000 00:00 0 
7f71e5ddf000-7f71e5de2000 ---p 00000000 00:00 0 
7f71e5de2000-7f71e5e18000 rw-p 00000000 00:00 0                          [stack:7205]
7f71e601a000-7f71e601d000 ---p 00000000 00:00 0 
7f71e601d000-7f71e6053000 rw-p 00000000 00:00 0                          [stack:7301]
7f71e6053000-7f71e6056000 ---p 00000000 00:00 0 
7f71e6056000-7f71e6154000 rw-p 00000000 00:00 0 
7f71e6154000-7f71e6157000 ---p 00000000 00:00 0 
7f71e6157000-7f71e6255000 rw-p 00000000 00:00 0 
7f71e6255000-7f71e6258000 ---p 00000000 00:00 0 
7f71e6258000-7f71e628e000 rw-p 00000000 00:00 0                          [stack:7374]
7f71e6490000-7f71e6493000 ---p 00000000 00:00 0 
7f71e6493000-7f71e64c9000 rw-p 00000000 00:00 0                          [stack:7357]
7f71e64c9000-7f71e64cc000 ---p 00000000 00:00 0 
7f71e64cc000-7f71e65ca000 rw-p 00000000 00:00 0 
7f71e68cd000-7f71e68d0000 ---p 00000000 00:00 0 
7f71e68d0000-7f71e69ce000 rw-p 00000000 00:00 0 
7f71e6acf000-7f71e6ad2000 ---p 00000000 00:00 0 
7f71e6ad2000-7f71e6bd0000 rw-p 00000000 00:00 0 
7f71e6bd0000-7f71e6bd3000 ---p 00000000 00:00 0 
7f71e6bd3000-7f71e6cd1000 rw-p 00000000 00:00 0 
7f71e6cd1000-7f71e6cd4000 ---p 00000000 00:00 0 
7f71e6cd4000-7f71e6d0a000 rw-p 00000000 00:00 0                          [stack:7305]
7f71e6d0a000-7f71e6d0d000 ---p 00000000 00:00 0 
7f71e6d0d000-7f71e6e0b000 rw-p 00000000 00:00 0 
7f71e6e0b000-7f71e6e0e000 ---p 00000000 00:00 0 
7f71e6e0e000-7f71e6f0c000 rw-p 00000000 00:00 0 
7f71e6f0c000-7f71e6f0f000 ---p 00000000 00:00 0 
7f71e6f0f000-7f71e700d000 rw-p 00000000 00:00 0 
7f71e700d000-7f71e7010000 ---p 00000000 00:00 0 
7f71e7010000-7f71e7046000 rw-p 00000000 00:00 0                          [stack:7308]
7f71e7046000-7f71e7049000 ---p 00000000 00:00 0 
7f71e7049000-7f71e7147000 rw-p 00000000 00:00 0 
7f71e7147000-7f71e714a000 ---p 00000000 00:00 0 
7f71e714a000-7f71e7248000 rw-p 00000000 00:00 0 
7f71e744a000-7f71e744d000 ---p 00000000 00:00 0 
7f71e744d000-7f71e7483000 rw-p 00000000 00:00 0                          [stack:7328]
7f71e7483000-7f71e7486000 ---p 00000000 00:00 0 
7f71e7486000-7f71e74bc000 rw-p 00000000 00:00 0                          [stack:7340]
7f71e74bc000-7f71e74bf000 ---p 00000000 00:00 0 
7f71e74bf000-7f71e75bd000 rw-p 00000000 00:00 0 
7f71e75bd000-7f71e75c0000 ---p 00000000 00:00 0 
7f71e75c0000-7f71e76be000 rw-p 00000000 00:00 0 
7f71e76be000-7f71e76c1000 ---p 00000000 00:00 0 
7f71e76c1000-7f71e76f7000 rw-p 00000000 00:00 0                          [stack:7313]
7f71e76f7000-7f71e76fa000 ---p 00000000 00:00 0 
7f71e76fa000-7f71e77f8000 rw-p 00000000 00:00 0 
7f71e7cfd000-7f71e7d00000 ---p 00000000 00:00 0 
7f71e7d00000-7f71e7dfe000 rw-p 00000000 00:00 0 
7f71e7dfe000-7f71e7e01000 ---p 00000000 00:00 0 
7f71e7e01000-7f71e7eff000 rw-p 00000000 00:00 0 
7f71e8000000-7f71e804c000 rw-p 00000000 00:00 0 
7f71e804c000-7f71ec000000 ---p 00000000 00:00 0 
7f71ec000000-7f71ec021000 rw-p 00000000 00:00 0 
7f71ec021000-7f71f0000000 ---p 00000000 00:00 0 
7f71f0000000-7f71f0021000 rw-p 00000000 00:00 0 
7f71f0021000-7f71f4000000 ---p 00000000 00:00 0 
7f71f4000000-7f71f444b000 rw-p 00000000 00:00 0 
7f71f444b000-7f71f8000000 ---p 00000000 00:00 0 
7f71f8000000-7f71f8021000 rw-p 00000000 00:00 0 
7f71f8021000-7f71fc000000 ---p 00000000 00:00 0 
7f71fc000000-7f71fc021000 rw-p 00000000 00:00 0 
7f71fc021000-7f7200000000 ---p 00000000 00:00 0 
7f7200000000-7f7200021000 rw-p 00000000 00:00 0 
7f7200021000-7f7204000000 ---p 00000000 00:00 0 
7f7204000000-7f7204021000 rw-p 00000000 00:00 0 
7f7204021000-7f7208000000 ---p 00000000 00:00 0 
7f7208000000-7f7208021000 rw-p 00000000 00:00 0 
7f7208021000-7f720c000000 ---p 00000000 00:00 0 
7f720c000000-7f720c028000 rw-p 00000000 00:00 0 
7f720c028000-7f7210000000 ---p 00000000 00:00 0 
7f7210000000-7f7210021000 rw-p 00000000 00:00 0 
7f7210021000-7f7214000000 ---p 00000000 00:00 0 
7f7214000000-7f7214021000 rw-p 00000000 00:00 0 
7f7214021000-7f7218000000 ---p 00000000 00:00 0 
7f7218000000-7f7218028000 rw-p 00000000 00:00 0 
7f7218028000-7f721c000000 ---p 00000000 00:00 0 
7f721c000000-7f721d0c3000 rw-p 00000000 00:00 0 
7f721d0c3000-7f7220000000 ---p 00000000 00:00 0 
7f7220000000-7f7220031000 rw-p 00000000 00:00 0 
7f7220031000-7f7224000000 ---p 00000000 00:00 0 
7f7224000000-7f7224033000 rw-p 00000000 00:00 0 
7f7224033000-7f7228000000 ---p 00000000 00:00 0 
7f7228000000-7f722806a000 rw-p 00000000 00:00 0 
7f722806a000-7f722c000000 ---p 00000000 00:00 0 
7f722c000000-7f722c021000 rw-p 00000000 00:00 0 
7f722c021000-7f7230000000 ---p 00000000 00:00 0 
7f723000a000-7f723000d000 ---p 00000000 00:00 0 
7f723000d000-7f7230043000 rw-p 00000000 00:00 0                          [stack:7324]
7f7230043000-7f7230046000 ---p 00000000 00:00 0 
7f7230046000-7f7230144000 rw-p 00000000 00:00 0 
7f7230245000-7f7230248000 ---p 00000000 00:00 0 
7f7230248000-7f723027e000 rw-p 00000000 00:00 0                          [stack:7354]
7f723027e000-7f7230281000 ---p 00000000 00:00 0 
7f7230281000-7f72302b7000 rw-p 00000000 00:00 0                          [stack:7347]
7f72303b8000-7f72303bb000 ---p 00000000 00:00 0 
7f72303bb000-7f72304b9000 rw-p 00000000 00:00 0 
7f72305ba000-7f72305bd000 ---p 00000000 00:00 0 
7f72305bd000-7f72306bb000 rw-p 00000000 00:00 0 
7f72307bc000-7f72307bf000 ---p 00000000 00:00 0 
7f72307bf000-7f72308bd000 rw-p 00000000 00:00 0 
7f72308bd000-7f72308c0000 ---p 00000000 00:00 0 
7f72308c0000-7f72308f6000 rw-p 00000000 00:00 0                          [stack:7386]
7f72308f6000-7f72308f9000 ---p 00000000 00:00 0 
7f72308f9000-7f723092f000 rw-p 00000000 00:00 0                          [stack:7350]
7f723092f000-7f7230932000 ---p 00000000 00:00 0 
7f7230932000-7f7230a30000 rw-p 00000000 00:00 0 
7f7230c32000-7f7230c35000 ---p 00000000 00:00 0 
7f7230c35000-7f7230d33000 rw-p 00000000 00:00 0 
7f7230d33000-7f7230d36000 ---p 00000000 00:00 0 
7f7230d36000-7f7230e34000 rw-p 00000000 00:00 0 
7f7230e34000-7f7230e37000 ---p 00000000 00:00 0 
7f7230e37000-7f7230f35000 rw-p 00000000 00:00 0 
7f7230f35000-7f7230f3d000 r--s 00065000 08:02 1048862                    /home/ivan/.gradle/caches/modules-2/files-2.1/com.google.dagger/dagger-compiler/2.0/2c5c7cfd604076f09eac6fd0783b3eebbc125732/dagger-compiler-2.0.jar
7f7230f6d000-7f7230f70000 ---p 00000000 00:00 0 
7f7230f70000-7f7230fa6000 rw-p 00000000 00:00 0                          [stack:7367]
7f7230fa6000-7f7230fa9000 ---p 00000000 00:00 0 
7f7230fa9000-7f72310a7000 rw-p 00000000 00:00 0 
7f72310a7000-7f72310aa000 ---p 00000000 00:00 0 
7f72310aa000-7f72311a8000 rw-p 00000000 00:00 0 
7f72311a8000-7f72311ab000 ---p 00000000 00:00 0 
7f72311ab000-7f72311e1000 rw-p 00000000 00:00 0                          [stack:7383]
7f72312e2000-7f72312e5000 ---p 00000000 00:00 0 
7f72312e5000-7f72313e3000 rw-p 00000000 00:00 0 
7f72313e3000-7f72313e6000 ---p 00000000 00:00 0 
7f72313e6000-7f72314e4000 rw-p 00000000 00:00 0 
7f72314e4000-7f72314e7000 ---p 00000000 00:00 0 
7f72314e7000-7f72315e5000 rw-p 00000000 00:00 0 
7f72315e5000-7f72315e8000 ---p 00000000 00:00 0 
7f72315e8000-7f72316e6000 rw-p 00000000 00:00 0 
7f72318e8000-7f72318eb000 ---p 00000000 00:00 0 
7f72318eb000-7f72319e9000 rw-p 00000000 00:00 0 
7f72319e9000-7f72319ec000 ---p 00000000 00:00 0 
7f72319ec000-7f7231a22000 rw-p 00000000 00:00 0                          [stack:7343]
7f7231a22000-7f7231a25000 ---p 00000000 00:00 0 
7f7231a25000-7f7231a5b000 rw-p 00000000 00:00 0                          [stack:7375]
7f7231a5b000-7f7231a5e000 ---p 00000000 00:00 0 
7f7231a5e000-7f7231a94000 rw-p 00000000 00:00 0                          [stack:7371]
7f7231b94000-7f7231b95000 rw-p 00000000 00:00 0 
7f7231b95000-7f7231b98000 ---p 00000000 00:00 0 
7f7231b98000-7f7231c96000 rw-p 00000000 00:00 0                          [stack:7586]
7f7231c96000-7f7231c99000 ---p 00000000 00:00 0 
7f7231c99000-7f7231d97000 rw-p 00000000 00:00 0 
7f7231d97000-7f7231d9a000 ---p 00000000 00:00 0 
7f7231d9a000-7f7231e98000 rw-p 00000000 00:00 0 
7f7231e98000-7f7231e9b000 ---p 00000000 00:00 0 
7f7231e9b000-7f7231f99000 rw-p 00000000 00:00 0 
7f7231f99000-7f7231f9c000 ---p 00000000 00:00 0 
7f7231f9c000-7f723209a000 rw-p 00000000 00:00 0 
7f723209a000-7f72320a2000 r-xp 00000000 08:02 2626390                    /usr/lib/jvm/java-7-openjdk-amd64/jre/lib/amd64/libmanagement.so
7f72320a2000-7f72322a1000 ---p 00008000 08:02 2626390                    /usr/lib/jvm/java-7-openjdk-amd64/jre/lib/amd64/libmanagement.so
7f72322a1000-7f72322a2000 r--p 00007000 08:02 2626390                    /usr/lib/jvm/java-7-openjdk-amd64/jre/lib/amd64/libmanagement.so
7f72322a2000-7f72322a3000 rw-p 00008000 08:02 2626390                    /usr/lib/jvm/java-7-openjdk-amd64/jre/lib/amd64/libmanagement.so
7f72322a3000-7f72322a4000 r--s 00004000 08:02 2759055                    /home/ivan/tools/android/android-studio/gradle/m2repository/com/intellij/annotations/12.0/annotations-12.0.jar
7f72322a4000-7f72322a6000 r--s 0000d000 08:02 2759096                    /home/ivan/tools/android/android-studio/gradle/m2repository/commons-codec/commons-codec/1.4/commons-codec-1.4.jar
7f72322a6000-7f72322a8000 r--s 0000d000 08:02 28313190                   /home/ivan/tools/android/android-studio/gradle/m2repository/commons-logging/commons-logging/1.1.1/commons-logging-1.1.1.jar
7f72322a8000-7f72322ad000 r--s 00028000 08:02 28837451                   /home/ivan/tools/android/android-studio/gradle/m2repository/org/apache/httpcomponents/httpcore/4.1/httpcore-4.1.jar
7f72322ad000-7f72322b5000 r--s 000a8000 08:02 31606554                   /home/ivan/tools/android/android-studio/gradle/m2repository/com/android/tools/external/lombok/lombok-ast/0.2.3/lombok-ast-0.2.3.jar
7f72322b5000-7f72322b7000 r--s 00005000 08:02 28444458                   /home/ivan/tools/android/android-studio/gradle/m2repository/org/abego/treelayout/org.abego.treelayout.core/1.0.1/org.abego.treelayout.core-1.0.1.jar
7f72322b7000-7f72322b8000 r--s 0000a000 08:02 2759092                    /home/ivan/tools/android/android-studio/gradle/m2repository/net/sf/kxml/kxml2/2.3.0/kxml2-2.3.0.jar
7f72322b8000-7f72322b9000 r--s 00005000 08:02 2752550                    /home/ivan/tools/android/android-studio/gradle/m2repository/com/android/tools/dvlib/24.5.0/dvlib-24.5.0.jar
7f72322b9000-7f72322c0000 r--s 00053000 08:02 28968388                   /home/ivan/tools/android/android-studio/gradle/m2repository/org/apache/commons/commons-compress/1.8.1/commons-compress-1.8.1.jar
7f72322c0000-7f72322c5000 r--s 0002a000 08:02 30676744                   /home/ivan/tools/android/android-studio/gradle/m2repository/com/google/code/gson/gson/2.2.4/gson-2.2.4.jar
7f72322c5000-7f72322c8000 r--s 00013000 08:02 31854201                   /home/ivan/tools/android/android-studio/gradle/m2repository/com/android/tools/layoutlib/layoutlib-api/24.5.0/layoutlib-api-24.5.0.jar
7f72322c8000-7f72322ca000 r--s 00005000 08:02 28837444                   /home/ivan/tools/android/android-studio/gradle/m2repository/org/apache/httpcomponents/httpmime/4.1/httpmime-4.1.jar
7f72322ca000-7f72322d2000 r--s 0004e000 08:02 28968380                   /home/ivan/tools/android/android-studio/gradle/m2repository/org/apache/httpcomponents/httpclient/4.1.1/httpclient-4.1.1.jar
7f72322d2000-7f72322d5000 r--s 0002d000 08:02 31462666                   /home/ivan/tools/android/android-studio/gradle/m2repository/com/android/tools/lint/lint-api/24.5.0/lint-api-24.5.0.jar
7f72322d5000-7f72322d6000 r--s 00004000 08:02 29623624                   /home/ivan/tools/android/android-studio/gradle/m2repository/org/ow2/asm/asm-analysis/5.0.3/asm-analysis-5.0.3.jar
7f72322d6000-7f72322da000 r--s 00037000 08:02 28313210                   /home/ivan/tools/android/android-studio/gradle/m2repository/org/antlr/ST4/4.0.8/ST4-4.0.8.jar
7f72322da000-7f72322db000 r--s 00002000 08:02 30676751                   /home/ivan/tools/android/android-studio/gradle/m2repository/com/tunnelvisionlabs/antlr4-annotations/4.5/antlr4-annotations-4.5.jar
7f72322db000-7f72322e2000 r--s 00062000 08:02 30017461                   /home/ivan/tools/android/android-studio/gradle/m2repository/com/tunnelvisionlabs/antlr4-runtime/4.5/antlr4-runtime-4.5.jar
7f72322e2000-7f72322f0000 r--s 00081000 08:02 29230164                   /home/ivan/tools/android/android-studio/gradle/m2repository/org/bouncycastle/bcpkix-jdk15on/1.48/bcpkix-jdk15on-1.48.jar
7f72322f0000-7f72322f2000 r--s 00005000 08:02 2759048                    /home/ivan/tools/android/android-studio/gradle/m2repository/com/android/tools/jill/jill-api/0.9.0/jill-api-0.9.0.jar
7f72322f2000-7f72322f6000 r--s 00027000 08:02 2757179                    /home/ivan/tools/android/android-studio/gradle/m2repository/com/android/tools/build/manifest-merger/24.5.0/manifest-merger-24.5.0.jar
7f72322f6000-7f72322fb000 r--s 00047000 08:02 2752628                    /home/ivan/tools/android/android-studio/gradle/m2repository/com/android/tools/ddms/ddmlib/24.5.0/ddmlib-24.5.0.jar
7f72322fb000-7f72322fd000 r--s 00006000 08:02 31199226                   /home/ivan/tools/android/android-studio/gradle/m2repository/com/android/tools/jack/jack-api/0.9.0/jack-api-0.9.0.jar
7f72322fd000-7f72322fe000 r--s 0000c000 08:02 29755695                   /home/ivan/tools/android/android-studio/gradle/m2repository/org/ow2/asm/asm/5.0.3/asm-5.0.3.jar
7f72322fe000-7f72322ff000 r--s 00002000 08:02 2758969                    /home/ivan/tools/android/android-studio/gradle/m2repository/com/android/tools/build/builder-test-api/1.5.0/builder-test-api-1.5.0.jar
7f72322ff000-7f7232302000 r--s 00026000 08:02 28313205                   /home/ivan/tools/android/android-studio/gradle/m2repository/org/antlr/antlr-runtime/3.5.2/antlr-runtime-3.5.2.jar
7f7232302000-7f723230c000 r--s 000ab000 08:02 2752613                    /home/ivan/tools/android/android-studio/gradle/m2repository/com/android/tools/sdklib/24.5.0/sdklib-24.5.0.jar
7f723230c000-7f723230e000 r--s 00002000 08:02 30017450                   /home/ivan/tools/android/android-studio/gradle/m2repository/com/squareup/javawriter/2.5.0/javawriter-2.5.0.jar
7f723230e000-7f7232310000 r--s 00016000 08:02 2757143                    /home/ivan/tools/android/android-studio/gradle/m2repository/com/android/tools/common/24.5.0/common-24.5.0.jar
7f7232310000-7f7232312000 r--s 00006000 08:02 29885961                   /home/ivan/tools/android/android-studio/gradle/m2repository/org/ow2/asm/asm-tree/5.0.3/asm-tree-5.0.3.jar
7f7232312000-7f7232314000 r--s 00005000 08:02 2757281                    /home/ivan/tools/android/android-studio/gradle/m2repository/com/android/tools/build/builder-model/1.5.0/builder-model-1.5.0.jar
7f7232314000-7f7232347000 r--s 00203000 08:02 29492123                   /home/ivan/tools/android/android-studio/gradle/m2repository/org/bouncycastle/bcprov-jdk15on/1.48/bcprov-jdk15on-1.48.jar
7f7232347000-7f723234f000 r--s 00079000 08:02 2752933                    /home/ivan/tools/android/android-studio/gradle/m2repository/com/android/tools/sdk-common/24.5.0/sdk-common-24.5.0.jar
7f723234f000-7f7232361000 r--s 00223000 08:02 28575587                   /home/ivan/tools/android/android-studio/gradle/m2repository/org/eclipse/jdt/core/compiler/ecj/4.4.2/ecj-4.4.2.jar
7f7232361000-7f7232367000 r--s 000af000 08:02 31330796                   /home/ivan/tools/android/android-studio/gradle/m2repository/com/android/tools/lint/lint-checks/24.5.0/lint-checks-24.5.0.jar
7f7232367000-7f7232377000 r--s 000d6000 08:02 2759067                    /home/ivan/tools/android/android-studio/gradle/m2repository/net/sf/proguard/proguard-base/5.2.1/proguard-base-5.2.1.jar
7f7232377000-7f7232378000 r--s 00002000 08:02 31065982                   /home/ivan/tools/android/android-studio/gradle/m2repository/com/android/databinding/baseLibrary/1.0-rc5/baseLibrary-1.0-rc5.jar
7f7232378000-7f723237c000 r--s 0002a000 08:02 28182173                   /home/ivan/tools/android/android-studio/gradle/m2repository/commons-io/commons-io/2.4/commons-io-2.4.jar
7f723237c000-7f7232386000 r--s 00099000 08:02 30017465                   /home/ivan/tools/android/android-studio/gradle/m2repository/com/tunnelvisionlabs/antlr4/4.5/antlr4-4.5.jar
7f7232386000-7f723238d000 r--s 0005e000 08:02 28968393                   /home/ivan/tools/android/android-studio/gradle/m2repository/org/apache/commons/commons-lang3/3.3.2/commons-lang3-3.3.2.jar
7f723238d000-7f7232390000 r--s 00033000 08:02 30676772                   /home/ivan/tools/android/android-studio/gradle/m2repository/com/googlecode/juniversalchardet/juniversalchardet/1.0.3/juniversalchardet-1.0.3.jar
7f7232390000-7f7232391000 r--s 00001000 08:02 31724219                   /home/ivan/tools/android/android-studio/gradle/m2repository/com/android/tools/annotations/24.5.0/annotations-24.5.0.jar
7f7232391000-7f72323bc000 r--s 001f9000 08:02 31065959                   /home/ivan/tools/android/android-studio/gradle/m2repository/com/google/guava/guava/17.0/guava-17.0.jar
7f72323bc000-7f72323c1000 r--s 00058000 08:02 29623630                   /home/ivan/tools/android/android-studio/gradle/m2repository/org/ow2/asm/asm-debug-all/5.0.1/asm-debug-all-5.0.1.jar
7f72323c1000-7f72323c7000 r--s 0005a000 08:02 2757183                    /home/ivan/tools/android/android-studio/gradle/m2repository/com/android/tools/build/builder/1.5.0/builder-1.5.0.jar
7f72323c7000-7f72323c9000 r--s 00022000 08:02 31199233                   /home/ivan/tools/android/android-studio/gradle/m2repository/com/android/tools/lint/lint/24.5.0/lint-24.5.0.jar
7f72323c9000-7f72323ca000 r--s 00002000 08:02 2759078                    /home/ivan/tools/android/android-studio/gradle/m2repository/net/sf/proguard/proguard-gradle/5.2.1/proguard-gradle-5.2.1.jar
7f72323ca000-7f72323ce000 r--s 00026000 08:02 31065977                   /home/ivan/tools/android/android-studio/gradle/m2repository/com/android/databinding/compilerCommon/1.0-rc5/compilerCommon-1.0-rc5.jar
7f72323ce000-7f72323d0000 r--s 00001000 08:02 2758980                    /home/ivan/tools/android/android-studio/gradle/m2repository/com/android/tools/build/transform-api/1.5.0/transform-api-1.5.0.jar
7f72323d0000-7f72323d4000 r--s 0001e000 08:02 28444451                   /home/ivan/tools/android/android-studio/gradle/m2repository/org/jacoco/org.jacoco.core/0.7.4.201502262128/org.jacoco.core-0.7.4.201502262128.jar
7f72323d4000-7f72323eb000 r--s 0012c000 08:02 2757159                    /home/ivan/tools/android/android-studio/gradle/m2repository/com/android/tools/build/gradle-core/1.5.0/gradle-core-1.5.0.jar
7f72323eb000-7f72323ed000 r--s 0000d000 08:02 2757330                    /home/ivan/tools/android/android-studio/gradle/m2repository/com/android/tools/build/gradle/1.5.0/gradle-1.5.0.jar
7f72323ed000-7f72323f7000 r--s 000ae000 08:02 2627987                    /usr/lib/jvm/java-7-openjdk-amd64/jre/lib/resources.jar
7f72323f7000-7f72323fa000 ---p 00000000 00:00 0 
7f72323fa000-7f72324f8000 rw-p 00000000 00:00 0                          [stack:28779]
7f72324f8000-7f72324fb000 ---p 00000000 00:00 0 
7f72324fb000-7f7232531000 rw-p 00000000 00:00 0                          [stack:7378]
7f7232531000-7f723259c000 r--s 0069d000 08:02 2763405                    /usr/lib/jvm/java-7-openjdk-amd64/lib/tools.jar
7f723259c000-7f723259f000 ---p 00000000 00:00 0 
7f723259f000-7f723269d000 rw-p 00000000 00:00 0 
7f723269d000-7f72326a4000 r--s 00000000 08:02 52167                      /usr/lib/x86_64-linux-gnu/gconv/gconv-modules.cache
7f72326a4000-7f72326a7000 ---p 00000000 00:00 0 
7f72326a7000-7f72327a5000 rw-p 00000000 00:00 0                          [stack:7583]
7f72327a5000-7f72327a8000 ---p 00000000 00:00 0 
7f72327a8000-7f72328a6000 rw-p 00000000 00:00 0                          [stack:7582]
7f72328a6000-7f72328a9000 ---p 00000000 00:00 0 
7f72328a9000-7f72329a7000 rw-p 00000000 00:00 0                          [stack:7198]
7f72329a7000-7f72329aa000 ---p 00000000 00:00 0 
7f72329aa000-7f7232aa8000 rw-p 00000000 00:00 0                          [stack:7195]
7f7232aa8000-7f7232aab000 ---p 00000000 00:00 0 
7f7232aab000-7f7232ba9000 rw-p 00000000 00:00 0                          [stack:28753]
7f7232ba9000-7f7232bae000 r--s 0004e000 08:02 2627980                    /usr/lib/jvm/java-7-openjdk-amd64/jre/lib/jsse.jar
7f7232bae000-7f7232bbe000 r--s 00088000 08:02 28186616                   /home/ivan/tools/android/android-studio/gradle/gradle-2.8/lib/plugins/joda-time-2.8.2.jar
7f7232bbe000-7f7232bcf000 r--s 000cf000 08:02 28186710                   /home/ivan/tools/android/android-studio/gradle/gradle-2.8/lib/plugins/jackson-databind-2.3.2.jar
7f7232bcf000-7f7232bd0000 r--s 00004000 08:02 28186658                   /home/ivan/tools/android/android-studio/gradle/gradle-2.8/lib/plugins/gradle-resources-sftp-2.8.jar
7f7232bd0000-7f7232bd1000 r--p 00000000 00:00 0 
7f7232bd1000-7f7232bd3000 r--s 00005000 08:02 28186656                   /home/ivan/tools/android/android-studio/gradle/gradle-2.8/lib/plugins/gradle-tooling-api-builders-2.8.jar
7f7232bd3000-7f7232bd5000 r--s 00007000 08:02 28186715                   /home/ivan/tools/android/android-studio/gradle/gradle-2.8/lib/plugins/jackson-annotations-2.3.2.jar
7f7232bd5000-7f7232bd8000 r--s 0002e000 08:02 28186719                   /home/ivan/tools/android/android-studio/gradle/gradle-2.8/lib/plugins/jackson-core-2.3.2.jar
7f7232bd8000-7f7232be3000 r--s 0006b000 08:02 28186699                   /home/ivan/tools/android/android-studio/gradle/gradle-2.8/lib/plugins/aws-java-sdk-core-1.9.19.jar
7f7232be3000-7f7232be9000 r--s 00036000 08:02 28186729                   /home/ivan/tools/android/android-studio/gradle/gradle-2.8/lib/plugins/aws-java-sdk-kms-1.9.19.jar
7f7232be9000-7f7232bf4000 r--s 00079000 08:02 28186696                   /home/ivan/tools/android/android-studio/gradle/gradle-2.8/lib/plugins/aws-java-sdk-s3-1.9.19.jar
7f7232bf4000-7f7232bf5000 r--s 00003000 08:02 28186635                   /home/ivan/tools/android/android-studio/gradle/gradle-2.8/lib/plugins/gradle-resources-s3-2.8.jar
7f7232bf5000-7f7232bf6000 r--s 00001000 08:02 28182195                   /home/ivan/tools/android/android-studio/gradle/gradle-2.8/lib/plugins/gradle-plugin-development-2.8.jar
7f7232bf6000-7f7232bf8000 r--s 00005000 08:02 28186638                   /home/ivan/tools/android/android-studio/gradle/gradle-2.8/lib/plugins/gradle-testing-native-2.8.jar
7f7232bf8000-7f7232bfd000 r--s 0002b000 08:02 28186614                   /home/ivan/tools/android/android-studio/gradle/gradle-2.8/lib/plugins/gradle-ide-native-2.8.jar
7f7232bfd000-7f7232c03000 r--s 00019000 08:02 28186646                   /home/ivan/tools/android/android-studio/gradle/gradle-2.8/lib/plugins/gradle-language-native-2.8.jar
7f7232c03000-7f7232c08000 r--s 00028000 08:02 28186657                   /home/ivan/tools/android/android-studio/gradle/gradle-2.8/lib/plugins/gradle-platform-play-2.8.jar
7f7232c08000-7f7232c15000 r--s 0004f000 08:02 28182205                   /home/ivan/tools/android/android-studio/gradle/gradle-2.8/lib/plugins/gradle-platform-native-2.8.jar
7f7232c15000-7f7232c18000 r--s 00008000 08:02 28186617                   /home/ivan/tools/android/android-studio/gradle/gradle-2.8/lib/plugins/gradle-language-scala-2.8.jar
7f7232c18000-7f7232c1b000 r--s 00009000 08:02 28186641                   /home/ivan/tools/android/android-studio/gradle/gradle-2.8/lib/plugins/gradle-language-groovy-2.8.jar
7f7232c1b000-7f7232c21000 r--s 00023000 08:02 28182202                   /home/ivan/tools/android/android-studio/gradle/gradle-2.8/lib/plugins/gradle-language-java-2.8.jar
7f7232c21000-7f7232c23000 r--s 00008000 08:02 28182194                   /home/ivan/tools/android/android-studio/gradle/gradle-2.8/lib/plugins/gradle-language-jvm-2.8.jar
7f7232c23000-7f7232c26000 r--s 0000d000 08:02 28186648                   /home/ivan/tools/android/android-studio/gradle/gradle-2.8/lib/plugins/gradle-platform-jvm-2.8.jar
7f7232c26000-7f7232c2e000 r--s 0002c000 08:02 28186626                   /home/ivan/tools/android/android-studio/gradle/gradle-2.8/lib/plugins/gradle-platform-base-2.8.jar
7f7232c2e000-7f7232c32000 r--s 00020000 08:02 28182209                   /home/ivan/tools/android/android-studio/gradle/gradle-2.8/lib/plugins/gradle-build-init-2.8.jar
7f7232c32000-7f7232c35000 r--s 00017000 08:02 28186651                   /home/ivan/tools/android/android-studio/gradle/gradle-2.8/lib/plugins/gradle-jacoco-2.8.jar
7f7232c35000-7f7232c38000 r--s 0000e000 08:02 28186613                   /home/ivan/tools/android/android-studio/gradle/gradle-2.8/lib/plugins/gradle-ivy-2.8.jar
7f7232c38000-7f7232c3a000 r--s 00002000 08:02 28182208                   /home/ivan/tools/android/android-studio/gradle/gradle-2.8/lib/plugins/gradle-publish-2.8.jar
7f7232c3a000-7f7232c3c000 r--s 00005000 08:02 28186700                   /home/ivan/tools/android/android-studio/gradle/gradle-2.8/lib/plugins/jatl-0.2.2.jar
7f7232c3c000-7f7232c3e000 r--s 0000f000 08:02 28186644                   /home/ivan/tools/android/android-studio/gradle/gradle-2.8/lib/plugins/gradle-reporting-2.8.jar
7f7232c3e000-7f7232c43000 r--s 00035000 08:02 28186631                   /home/ivan/tools/android/android-studio/gradle/gradle-2.8/lib/plugins/gradle-diagnostics-2.8.jar
7f7232c43000-7f7232c4a000 r--s 0008f000 08:02 28186652                   /home/ivan/tools/android/android-studio/gradle/gradle-2.8/lib/plugins/gradle-build-comparison-2.8.jar
7f7232c4a000-7f7232c51000 r--s 00035000 08:02 28186702                   /home/ivan/tools/android/android-studio/gradle/gradle-2.8/lib/plugins/simple-4.1.21.jar
7f7232c51000-7f7232c5d000 r--s 00100000 08:02 28186708                   /home/ivan/tools/android/android-studio/gradle/gradle-2.8/lib/plugins/rhino-1.7R3.jar
7f7232c5d000-7f7232c61000 r--s 0001c000 08:02 28182200                   /home/ivan/tools/android/android-studio/gradle/gradle-2.8/lib/plugins/gradle-javascript-2.8.jar
7f7232c61000-7f7232c63000 r--s 0000b000 08:02 28186639                   /home/ivan/tools/android/android-studio/gradle/gradle-2.8/lib/plugins/gradle-ear-2.8.jar
7f7232c63000-7f7232c6a000 r--s 00038000 08:02 28186716                   /home/ivan/tools/android/android-studio/gradle/gradle-2.8/lib/plugins/bcpg-jdk15on-1.51.jar
7f7232c6a000-7f7232c6c000 r--s 00017000 08:02 28182207                   /home/ivan/tools/android/android-studio/gradle/gradle-2.8/lib/plugins/gradle-signing-2.8.jar
7f7232c6c000-7f7232c6d000 r--s 00002000 08:02 28186703                   /home/ivan/tools/android/android-studio/gradle/gradle-2.8/lib/plugins/sonar-batch-bootstrapper-2.9.jar
7f7232c6d000-7f7232c70000 r--s 00015000 08:02 28186632                   /home/ivan/tools/android/android-studio/gradle/gradle-2.8/lib/plugins/gradle-sonar-2.8.jar
7f7232c70000-7f7232c73000 r--s 00010000 08:02 28186629                   /home/ivan/tools/android/android-studio/gradle/gradle-2.8/lib/plugins/gradle-scala-2.8.jar
7f7232c73000-7f7232c75000 r--s 0000a000 08:02 28186628                   /home/ivan/tools/android/android-studio/gradle/gradle-2.8/lib/plugins/gradle-announce-2.8.jar
7f7232c75000-7f7232c83000 r--s 0009f000 08:02 28186630                   /home/ivan/tools/android/android-studio/gradle/gradle-2.8/lib/plugins/gradle-ide-2.8.jar
7f7232c83000-7f7232c86000 r--s 0000c000 08:02 28186727                   /home/ivan/tools/android/android-studio/gradle/gradle-2.8/lib/plugins/pmaven-groovy-0.8-20100325.jar
7f7232c86000-7f7232c87000 r--s 00004000 08:02 28186718                   /home/ivan/tools/android/android-studio/gradle/gradle-2.8/lib/plugins/pmaven-common-0.8-20100325.jar
7f7232c87000-7f7232c8d000 r--s 00022000 08:02 28186643                   /home/ivan/tools/android/android-studio/gradle/gradle-2.8/lib/plugins/gradle-maven-2.8.jar
7f7232c8d000-7f7232cae000 r--s 001c3000 08:02 28186642                   /home/ivan/tools/android/android-studio/gradle/gradle-2.8/lib/plugins/bndlib-2.4.0.jar
7f7232cae000-7f7232cb0000 r--s 00004000 08:02 28182196                   /home/ivan/tools/android/android-studio/gradle/gradle-2.8/lib/plugins/gradle-osgi-2.8.jar
7f7232cb0000-7f7232cb2000 r--s 00008000 08:02 28186637                   /home/ivan/tools/android/android-studio/gradle/gradle-2.8/lib/plugins/gradle-antlr-2.8.jar
7f7232cb2000-7f7232cb5000 r--s 0001e000 08:02 28186728                   /home/ivan/tools/android/android-studio/gradle/gradle-2.8/lib/plugins/jsp-api-2.1-6.1.14.jar
7f7232cb5000-7f7232cd8000 r--s 00344000 08:02 28186731                   /home/ivan/tools/android/android-studio/gradle/gradle-2.8/lib/plugins/core-3.1.1.jar
7f7232cd8000-7f7232cd9000 r--s 00006000 08:02 28186725                   /home/ivan/tools/android/android-studio/gradle/gradle-2.8/lib/plugins/jetty-naming-6.1.25.jar
7f7232cd9000-7f7232cda000 r--s 00002000 08:02 28186706                   /home/ivan/tools/android/android-studio/gradle/gradle-2.8/lib/plugins/geronimo-annotation_1.0_spec-1.0.jar
7f7232cda000-7f7232cdc000 r--s 00002000 08:02 28186697                   /home/ivan/tools/android/android-studio/gradle/gradle-2.8/lib/plugins/jetty-annotations-6.1.25.jar
7f7232cdc000-7f7232ced000 r--s 000ea000 08:02 28186732                   /home/ivan/tools/android/android-studio/gradle/gradle-2.8/lib/plugins/jsp-2.1-6.1.14.jar
7f7232ced000-7f7232cef000 r--s 0000d000 08:02 28186694                   /home/ivan/tools/android/android-studio/gradle/gradle-2.8/lib/plugins/jetty-plus-6.1.25.jar
7f7232cef000-7f7232cf1000 r--s 0001f000 08:02 28186690                   /home/ivan/tools/android/android-studio/gradle/gradle-2.8/lib/plugins/servlet-api-2.5-20081211.jar
7f7232cf1000-7f7232cf5000 r--s 00028000 08:02 28186721                   /home/ivan/tools/android/android-studio/gradle/gradle-2.8/lib/plugins/jetty-util-6.1.25.jar
7f7232cf5000-7f7232cfc000 r--s 0007d000 08:02 28186692                   /home/ivan/tools/android/android-studio/gradle/gradle-2.8/lib/plugins/jetty-6.1.25.jar
7f7232cfc000-7f7232cfe000 r--s 00009000 08:02 28186615                   /home/ivan/tools/android/android-studio/gradle/gradle-2.8/lib/plugins/gradle-jetty-2.8.jar
7f7232cfe000-7f7232d04000 r--s 00036000 08:02 28186645                   /home/ivan/tools/android/android-studio/gradle/gradle-2.8/lib/plugins/gradle-code-quality-2.8.jar
7f7232d04000-7f7232d06000 r--s 00009000 08:02 28186709                   /home/ivan/tools/android/android-studio/gradle/gradle-2.8/lib/plugins/hamcrest-core-1.3.jar
7f7232d06000-7f7232d0c000 r--s 00033000 08:02 28186691                   /home/ivan/tools/android/android-studio/gradle/gradle-2.8/lib/plugins/snakeyaml-1.6.jar
7f7232d0c000-7f7232d0e000 r--s 00006000 08:02 28186726                   /home/ivan/tools/android/android-studio/gradle/gradle-2.8/lib/plugins/jcommander-1.12.jar
7f7232d0e000-7f7232d13000 r--s 00040000 08:02 28186698                   /home/ivan/tools/android/android-studio/gradle/gradle-2.8/lib/plugins/bsh-2.0b4.jar
7f7232d13000-7f7232d15000 r--s 00009000 08:02 28186704                   /home/ivan/tools/android/android-studio/gradle/gradle-2.8/lib/plugins/commons-cli-1.2.jar
7f7232d15000-7f7232d1e000 r--s 00089000 08:02 28186724                   /home/ivan/tools/android/android-studio/gradle/gradle-2.8/lib/plugins/testng-6.3.1.jar
7f7232d1e000-7f7232d26000 r--s 00045000 08:02 28186713                   /home/ivan/tools/android/android-studio/gradle/gradle-2.8/lib/plugins/junit-4.12.jar
7f7232d26000-7f7232d32000 r--s 00073000 08:02 28182203                   /home/ivan/tools/android/android-studio/gradle/gradle-2.8/lib/plugins/gradle-plugins-2.8.jar
7f7232d32000-7f7232d4a000 r--s 00115000 08:02 28186720                   /home/ivan/tools/android/android-studio/gradle/gradle-2.8/lib/plugins/xercesImpl-2.9.1.jar
7f7232d4a000-7f7232d52000 r--s 00028000 08:02 28186695                   /home/ivan/tools/android/android-studio/gradle/gradle-2.8/lib/plugins/xml-apis-1.3.04.jar
7f7232d52000-7f7232d58000 r--s 0005b000 08:02 28186693                   /home/ivan/tools/android/android-studio/gradle/gradle-2.8/lib/plugins/jcifs-1.3.17.jar
7f7232d58000-7f7232d5e000 r--s 00031000 08:02 28186711                   /home/ivan/tools/android/android-studio/gradle/gradle-2.8/lib/plugins/httpcore-4.2.2.jar
7f7232d5e000-7f7232d64000 r--s 00033000 08:02 28186717                   /home/ivan/tools/android/android-studio/gradle/gradle-2.8/lib/plugins/commons-codec-1.6.jar
7f7232d64000-7f7232d67000 r--s 0001c000 08:02 28186705                   /home/ivan/tools/android/android-studio/gradle/gradle-2.8/lib/plugins/nekohtml-1.9.14.jar
7f7232d67000-7f7232d70000 r--s 00060000 08:02 28186714                   /home/ivan/tools/android/android-studio/gradle/gradle-2.8/lib/plugins/httpclient-4.2.2.jar
7f7232d70000-7f7232d72000 r--s 00009000 08:02 28182193                   /home/ivan/tools/android/android-studio/gradle/gradle-2.8/lib/plugins/gradle-resources-http-2.8.jar
7f7232d72000-7f7232d75000 r--s 00011000 08:02 28186619                   /home/ivan/tools/android/android-studio/gradle/gradle-2.8/lib/plugins/gradle-plugin-use-2.8.jar
7f7232d75000-7f7232d76000 r--s 00007000 08:02 28186627                   /home/ivan/tools/android/android-studio/gradle/gradle-2.8/lib/plugins/wagon-http-shared4-2.4.jar
7f7232d76000-7f7232d7a000 r--s 00033000 08:02 28182210                   /home/ivan/tools/android/android-studio/gradle/gradle-2.8/lib/plugins/plexus-utils-2.0.6.jar
7f7232d7a000-7f7232d7e000 r--s 00021000 08:02 28186654                   /home/ivan/tools/android/android-studio/gradle/gradle-2.8/lib/plugins/maven-model-builder-3.0.4.jar
7f7232d7e000-7f7232d7f000 r--s 00002000 08:02 28186621                   /home/ivan/tools/android/android-studio/gradle/gradle-2.8/lib/plugins/wagon-file-2.4.jar
7f7232d7f000-7f7232d81000 r--s 00002000 08:02 28182206                   /home/ivan/tools/android/android-studio/gradle/gradle-2.8/lib/plugins/plexus-cipher-1.7.jar
7f7232d81000-7f7232d84000 r--s 00013000 08:02 28186634                   /home/ivan/tools/android/android-studio/gradle/gradle-2.8/lib/plugins/aether-api-1.13.1.jar
7f7232d84000-7f7232d86000 r--s 0000a000 08:02 28182191                   /home/ivan/tools/android/android-studio/gradle/gradle-2.8/lib/plugins/maven-settings-3.0.4.jar
7f7232d86000-7f7232d88000 r--s 0000d000 08:02 28186633                   /home/ivan/tools/android/android-studio/gradle/gradle-2.8/lib/plugins/plexus-interpolation-1.14.jar
7f7232d88000-7f7232d8a000 r--s 0000b000 08:02 28182192                   /home/ivan/tools/android/android-studio/gradle/gradle-2.8/lib/plugins/maven-artifact-3.0.4.jar
7f7232d8a000-7f7232d91000 r--s 0002e000 08:02 28186659                   /home/ivan/tools/android/android-studio/gradle/gradle-2.8/lib/plugins/plexus-container-default-1.5.5.jar
7f7232d91000-7f7232d93000 r--s 0000b000 08:02 28182204                   /home/ivan/tools/android/android-studio/gradle/gradle-2.8/lib/plugins/maven-plugin-api-3.0.4.jar
7f7232d93000-7f7232d95000 r--s 00000000 08:02 28186620                   /home/ivan/tools/android/android-studio/gradle/gradle-2.8/lib/plugins/plexus-component-annotations-1.5.5.jar
7f7232d95000-7f7232d9b000 r--s 0003f000 08:02 28186622                   /home/ivan/tools/android/android-studio/gradle/gradle-2.8/lib/plugins/maven-compat-3.0.4.jar
7f7232d9b000-7f7232d9e000 r--s 00008000 08:02 28182199                   /home/ivan/tools/android/android-studio/gradle/gradle-2.8/lib/plugins/maven-settings-builder-3.0.4.jar
7f7232d9e000-7f7232d9f000 r--s 00002000 08:02 28186655                   /home/ivan/tools/android/android-studio/gradle/gradle-2.8/lib/plugins/wagon-http-2.4.jar
7f7232d9f000-7f7232da1000 r--s 00026000 08:02 28186650                   /home/ivan/tools/android/android-studio/gradle/gradle-2.8/lib/plugins/maven-model-3.0.4.jar
7f7232da1000-7f7232da3000 r--s 00006000 08:02 28182197                   /home/ivan/tools/android/android-studio/gradle/gradle-2.8/lib/plugins/aether-connector-wagon-1.13.1.jar
7f7232da3000-7f7232da5000 r--s 0000a000 08:02 28186624                   /home/ivan/tools/android/android-studio/gradle/gradle-2.8/lib/plugins/plexus-classworlds-2.4.jar
7f7232da5000-7f7232da7000 r--s 00006000 08:02 28182201                   /home/ivan/tools/android/android-studio/gradle/gradle-2.8/lib/plugins/maven-repository-metadata-3.0.4.jar
7f7232da7000-7f7232da9000 r--s 0000c000 08:02 28186618                   /home/ivan/tools/android/android-studio/gradle/gradle-2.8/lib/plugins/maven-aether-provider-3.0.4.jar
7f7232da9000-7f7232dab000 r--s 0000b000 08:02 28186625                   /home/ivan/tools/android/android-studio/gradle/gradle-2.8/lib/plugins/wagon-provider-api-2.4.jar
7f7232dab000-7f7232daf000 r--s 0001c000 08:02 28186636                   /home/ivan/tools/android/android-studio/gradle/gradle-2.8/lib/plugins/aether-util-1.13.1.jar
7f7232daf000-7f7232db2000 r--s 0001d000 08:02 28186647                   /home/ivan/tools/android/android-studio/gradle/gradle-2.8/lib/plugins/aether-impl-1.13.1.jar
7f7232db2000-7f7232df2000 r--s 00277000 08:02 28186712                   /home/ivan/tools/android/android-studio/gradle/gradle-2.8/lib/plugins/bcprov-jdk15on-1.51.jar
7f7232df2000-7f7232dfe000 r--s 0007d000 08:02 28186640                   /home/ivan/tools/android/android-studio/gradle/gradle-2.8/lib/plugins/maven-core-3.0.4.jar
7f7232dfe000-7f7232e0d000 r--s 000d9000 08:02 28186707                   /home/ivan/tools/android/android-studio/gradle/gradle-2.8/lib/plugins/ivy-2.2.0.jar
7f7232e0d000-7f7232e11000 r-xp 00000000 08:02 27396148                   /home/ivan/.gradle/native/19/linux-amd64/libnative-platform.so
7f7232e11000-7f7233010000 ---p 00004000 08:02 27396148                   /home/ivan/.gradle/native/19/linux-amd64/libnative-platform.so
7f7233010000-7f7233011000 rw-p 00003000 08:02 27396148                   /home/ivan/.gradle/native/19/linux-amd64/libnative-platform.so
7f7233011000-7f7233021000 r-xp 00000000 08:02 2626382                    /usr/lib/jvm/java-7-openjdk-amd64/jre/lib/amd64/libnio.so
7f7233021000-7f7233221000 ---p 00010000 08:02 2626382                    /usr/lib/jvm/java-7-openjdk-amd64/jre/lib/amd64/libnio.so
7f7233221000-7f7233222000 r--p 00010000 08:02 2626382                    /usr/lib/jvm/java-7-openjdk-amd64/jre/lib/amd64/libnio.so
7f7233222000-7f7233223000 rw-p 00011000 08:02 2626382                    /usr/lib/jvm/java-7-openjdk-amd64/jre/lib/amd64/libnio.so
7f7233223000-7f7233260000 r-xp 00000000 08:02 13497                      /lib/x86_64-linux-gnu/libpcre.so.3.13.1
7f7233260000-7f723345f000 ---p 0003d000 08:02 13497                      /lib/x86_64-linux-gnu/libpcre.so.3.13.1
7f723345f000-7f7233460000 r--p 0003c000 08:02 13497                      /lib/x86_64-linux-gnu/libpcre.so.3.13.1
7f7233460000-7f7233461000 rw-p 0003d000 08:02 13497                      /lib/x86_64-linux-gnu/libpcre.so.3.13.1
7f7233461000-7f7233468000 r-xp 00000000 08:02 28437                      /usr/lib/x86_64-linux-gnu/libffi.so.6.0.1
7f7233468000-7f7233667000 ---p 00007000 08:02 28437                      /usr/lib/x86_64-linux-gnu/libffi.so.6.0.1
7f7233667000-7f7233668000 r--p 00006000 08:02 28437                      /usr/lib/x86_64-linux-gnu/libffi.so.6.0.1
7f7233668000-7f7233669000 rw-p 00007000 08:02 28437                      /usr/lib/x86_64-linux-gnu/libffi.so.6.0.1
7f7233669000-7f7233680000 r-xp 00000000 08:02 9390                       /lib/x86_64-linux-gnu/libresolv-2.19.so
7f7233680000-7f7233880000 ---p 00017000 08:02 9390                       /lib/x86_64-linux-gnu/libresolv-2.19.so
7f7233880000-7f7233881000 r--p 00017000 08:02 9390                       /lib/x86_64-linux-gnu/libresolv-2.19.so
7f7233881000-7f7233882000 rw-p 00018000 08:02 9390                       /lib/x86_64-linux-gnu/libresolv-2.19.so
7f7233882000-7f7233884000 rw-p 00000000 00:00 0 
7f7233884000-7f72338a4000 r-xp 00000000 08:02 13524                      /lib/x86_64-linux-gnu/libselinux.so.1
7f72338a4000-7f7233aa3000 ---p 00020000 08:02 13524                      /lib/x86_64-linux-gnu/libselinux.so.1
7f7233aa3000-7f7233aa4000 r--p 0001f000 08:02 13524                      /lib/x86_64-linux-gnu/libselinux.so.1
7f7233aa4000-7f7233aa5000 rw-p 00020000 08:02 13524                      /lib/x86_64-linux-gnu/libselinux.so.1
7f7233aa5000-7f7233aa7000 rw-p 00000000 00:00 0 
7f7233aa7000-7f7233bad000 r-xp 00000000 08:02 13425                      /lib/x86_64-linux-gnu/libglib-2.0.so.0.4002.0
7f7233bad000-7f7233dac000 ---p 00106000 08:02 13425                      /lib/x86_64-linux-gnu/libglib-2.0.so.0.4002.0
7f7233dac000-7f7233dad000 r--p 00105000 08:02 13425                      /lib/x86_64-linux-gnu/libglib-2.0.so.0.4002.0
7f7233dad000-7f7233dae000 rw-p 00106000 08:02 13425                      /lib/x86_64-linux-gnu/libglib-2.0.so.0.4002.0
7f7233dae000-7f7233daf000 rw-p 00000000 00:00 0 
7f7233daf000-7f7233dfe000 r-xp 00000000 08:02 28566                      /usr/lib/x86_64-linux-gnu/libgobject-2.0.so.0.4002.0
7f7233dfe000-7f7233ffe000 ---p 0004f000 08:02 28566                      /usr/lib/x86_64-linux-gnu/libgobject-2.0.so.0.4002.0
7f7233ffe000-7f7233fff000 r--p 0004f000 08:02 28566                      /usr/lib/x86_64-linux-gnu/libgobject-2.0.so.0.4002.0
7f7233fff000-7f7234000000 rw-p 00050000 08:02 28566                      /usr/lib/x86_64-linux-gnu/libgobject-2.0.so.0.4002.0
7f7234000000-7f7235978000 rw-p 00000000 00:00 0 
7f7235978000-7f7238000000 ---p 00000000 00:00 0 
7f7238000000-7f7238021000 rw-p 00000000 00:00 0 
7f7238021000-7f723c000000 ---p 00000000 00:00 0 
7f723c000000-7f723c021000 rw-p 00000000 00:00 0 
7f723c021000-7f7240000000 ---p 00000000 00:00 0 
7f7240000000-7f724194c000 rw-p 00000000 00:00 0 
7f724194c000-7f7244000000 ---p 00000000 00:00 0 
7f7244000000-7f7244021000 rw-p 00000000 00:00 0 
7f7244021000-7f7248000000 ---p 00000000 00:00 0 
7f7248000000-7f7248021000 rw-p 00000000 00:00 0 
7f7248021000-7f724c000000 ---p 00000000 00:00 0 
7f724c000000-7f724c2ae000 rw-p 00000000 00:00 0 
7f724c2ae000-7f7250000000 ---p 00000000 00:00 0 
7f7250000000-7f725017a000 rw-p 00000000 00:00 0 
7f725017a000-7f7254000000 ---p 00000000 00:00 0 
7f7254000000-7f725406f000 rw-p 00000000 00:00 0 
7f725406f000-7f7258000000 ---p 00000000 00:00 0 
7f7258000000-7f7258054000 rw-p 00000000 00:00 0 
7f7258054000-7f725c000000 ---p 00000000 00:00 0 
7f725c000000-7f725c074000 rw-p 00000000 00:00 0 
7f725c074000-7f7260000000 ---p 00000000 00:00 0 
7f7260000000-7f7260001000 r--s 00003000 08:02 28186653                   /home/ivan/tools/android/android-studio/gradle/gradle-2.8/lib/plugins/aether-spi-1.13.1.jar
7f7260001000-7f7260002000 r--s 00006000 08:02 28186623                   /home/ivan/tools/android/android-studio/gradle/gradle-2.8/lib/plugins/plexus-sec-dispatcher-1.3.jar
7f7260002000-7f7260006000 r--s 0003d000 08:02 28186701                   /home/ivan/tools/android/android-studio/gradle/gradle-2.8/lib/plugins/jsch-0.1.51.jar
7f7260006000-7f7260037000 rw-p 00000000 00:00 0 
7f7260037000-7f726003a000 r-xp 00000000 08:02 28550                      /usr/lib/x86_64-linux-gnu/libgmodule-2.0.so.0.4002.0
7f726003a000-7f7260239000 ---p 00003000 08:02 28550                      /usr/lib/x86_64-linux-gnu/libgmodule-2.0.so.0.4002.0
7f7260239000-7f726023a000 r--p 00002000 08:02 28550                      /usr/lib/x86_64-linux-gnu/libgmodule-2.0.so.0.4002.0
7f726023a000-7f726023b000 rw-p 00003000 08:02 28550                      /usr/lib/x86_64-linux-gnu/libgmodule-2.0.so.0.4002.0
7f726023b000-7f72603a7000 r-xp 00000000 08:02 28538                      /usr/lib/x86_64-linux-gnu/libgio-2.0.so.0.4002.0
7f72603a7000-7f72605a6000 ---p 0016c000 08:02 28538                      /usr/lib/x86_64-linux-gnu/libgio-2.0.so.0.4002.0
7f72605a6000-7f72605aa000 r--p 0016b000 08:02 28538                      /usr/lib/x86_64-linux-gnu/libgio-2.0.so.0.4002.0
7f72605aa000-7f72605ac000 rw-p 0016f000 08:02 28538                      /usr/lib/x86_64-linux-gnu/libgio-2.0.so.0.4002.0
7f72605ac000-7f72605ae000 rw-p 00000000 00:00 0 
7f72605ae000-7f72605b2000 r--s 0001d000 08:02 28186730                   /home/ivan/tools/android/android-studio/gradle/gradle-2.8/lib/plugins/xbean-reflect-3.4.jar
7f72605b2000-7f72605b7000 r--s 0002a000 08:02 28186689                   /home/ivan/tools/android/android-studio/gradle/gradle-2.8/lib/plugins/gson-2.2.4.jar
7f72605b7000-7f72605d3000 r--s 000ca000 08:02 28182198                   /home/ivan/tools/android/android-studio/gradle/gradle-2.8/lib/plugins/gradle-dependency-management-2.8.jar
7f72605d3000-7f72605ea000 r-xp 00000000 08:02 2626412                    /usr/lib/jvm/java-7-openjdk-amd64/jre/lib/amd64/libnet.so
7f72605ea000-7f72607e9000 ---p 00017000 08:02 2626412                    /usr/lib/jvm/java-7-openjdk-amd64/jre/lib/amd64/libnet.so
7f72607e9000-7f72607ea000 r--p 00016000 08:02 2626412                    /usr/lib/jvm/java-7-openjdk-amd64/jre/lib/amd64/libnet.so
7f72607ea000-7f72607eb000 rw-p 00017000 08:02 2626412                    /usr/lib/jvm/java-7-openjdk-amd64/jre/lib/amd64/libnet.so
7f72607eb000-7f72607ec000 r--s 00006000 08:02 28186664                   /home/ivan/tools/android/android-studio/gradle/gradle-2.8/lib/gradle-wrapper-2.8.jar
7f72607ec000-7f72607f7000 r--s 0003a000 08:02 28186669                   /home/ivan/tools/android/android-studio/gradle/gradle-2.8/lib/gradle-tooling-api-2.8.jar
7f72607f7000-7f72607f9000 r--s 00002000 08:02 28186661                   /home/ivan/tools/android/android-studio/gradle/gradle-2.8/lib/gradle-open-api-2.8.jar
7f72607f9000-7f72607ff000 r--s 00032000 08:02 28186736                   /home/ivan/tools/android/android-studio/gradle/gradle-2.8/lib/jaxen-1.1.jar
7f72607ff000-7f7260804000 r--s 00048000 08:02 28186756                   /home/ivan/tools/android/android-studio/gradle/gradle-2.8/lib/dom4j-1.6.1.jar
7f7260804000-7f726080f000 r--s 00059000 08:02 28186665                   /home/ivan/tools/android/android-studio/gradle/gradle-2.8/lib/gradle-ui-2.8.jar
7f726080f000-7f7260812000 r--s 00008000 08:02 28186666                   /home/ivan/tools/android/android-studio/gradle/gradle-2.8/lib/gradle-resources-2.8.jar
7f7260812000-7f7260814000 r--s 00007000 08:02 28186753                   /home/ivan/tools/android/android-studio/gradle/gradle-2.8/lib/objenesis-1.2.jar
7f7260814000-7f7260816000 r--s 00000000 08:02 28186754                   /home/ivan/tools/android/android-studio/gradle/gradle-2.8/lib/minlog-1.2.jar
7f7260816000-7f7260818000 r--s 0000f000 08:02 28186686                   /home/ivan/tools/android/android-studio/gradle/gradle-2.8/lib/reflectasm-1.07-shaded.jar
7f7260818000-7f726081c000 r--s 00026000 08:02 28186735                   /home/ivan/tools/android/android-studio/gradle/gradle-2.8/lib/kryo-2.20.jar
7f726081c000-7f7260825000 r--s 0003f000 08:02 28186668                   /home/ivan/tools/android/android-studio/gradle/gradle-2.8/lib/gradle-messaging-2.8.jar
7f7260825000-7f7260826000 r--s 00003000 08:02 28186740                   /home/ivan/tools/android/android-studio/gradle/gradle-2.8/lib/native-platform-freebsd-amd64-0.10.jar
7f7260826000-7f7260827000 r--s 00003000 08:02 28186734                   /home/ivan/tools/android/android-studio/gradle/gradle-2.8/lib/native-platform-freebsd-i386-0.10.jar
7f7260827000-7f7260828000 r--s 00005000 08:02 28186751                   /home/ivan/tools/android/android-studio/gradle/gradle-2.8/lib/native-platform-windows-i386-0.10.jar
7f7260828000-7f7260829000 r--s 00005000 08:02 28186737                   /home/ivan/tools/android/android-studio/gradle/gradle-2.8/lib/native-platform-windows-amd64-0.10.jar
7f7260829000-7f726082a000 r--s 00003000 08:02 28186741                   /home/ivan/tools/android/android-studio/gradle/gradle-2.8/lib/native-platform-linux-i386-0.10.jar
7f726082a000-7f726082b000 r--s 00003000 08:02 28186749                   /home/ivan/tools/android/android-studio/gradle/gradle-2.8/lib/native-platform-linux-amd64-0.10.jar
7f726082b000-7f726082c000 r--s 00002000 08:02 28186688                   /home/ivan/tools/android/android-studio/gradle/gradle-2.8/lib/native-platform-osx-amd64-0.10.jar
7f726082c000-7f726082d000 r--s 00002000 08:02 28186758                   /home/ivan/tools/android/android-studio/gradle/gradle-2.8/lib/native-platform-osx-i386-0.10.jar
7f726082d000-7f726082f000 r--s 00008000 08:02 28186739                   /home/ivan/tools/android/android-studio/gradle/gradle-2.8/lib/jansi-1.2.1.jar
7f726082f000-7f7260832000 r--s 0000d000 08:02 28186747                   /home/ivan/tools/android/android-studio/gradle/gradle-2.8/lib/native-platform-0.10.jar
7f7260832000-7f7260836000 r--s 000e4000 08:02 28186752                   /home/ivan/tools/android/android-studio/gradle/gradle-2.8/lib/jna-3.2.7.jar
7f7260836000-7f7260838000 r--s 00008000 08:02 28182189                   /home/ivan/tools/android/android-studio/gradle/gradle-2.8/lib/gradle-native-2.8.jar
7f7260838000-7f726083a000 r--s 00005000 08:02 28186660                   /home/ivan/tools/android/android-studio/gradle/gradle-2.8/lib/gradle-cli-2.8.jar
7f726083a000-7f726083b000 r--s 00007000 08:02 28186662                   /home/ivan/tools/android/android-studio/gradle/gradle-2.8/lib/gradle-model-groovy-2.8.jar
7f726083b000-7f726083c000 r--s 00006000 08:02 28186675                   /home/ivan/tools/android/android-studio/gradle/gradle-2.8/lib/gradle-base-services-groovy-2.8.jar
7f726083c000-7f7260848000 r--s 00067000 08:02 28186673                   /home/ivan/tools/android/android-studio/gradle/gradle-2.8/lib/gradle-model-core-2.8.jar
7f7260848000-7f7260849000 r--s 00000000 08:02 28186671                   /home/ivan/tools/android/android-studio/gradle/gradle-2.8/lib/gradle-docs-2.8.jar
7f7260849000-7f726084b000 r--s 00003000 08:02 28186738                   /home/ivan/tools/android/android-studio/gradle/gradle-2.8/lib/jcl-over-slf4j-1.7.10.jar
7f726084b000-7f726084c000 r--s 00005000 08:02 28186733                   /home/ivan/tools/android/android-studio/gradle/gradle-2.8/lib/log4j-over-slf4j-1.7.10.jar
7f726084c000-7f726084f000 r--s 0001b000 08:02 28186687                   /home/ivan/tools/android/android-studio/gradle/gradle-2.8/lib/jarjar-1.3.jar
7f726084f000-7f7260851000 r--s 00000000 08:02 28186742                   /home/ivan/tools/android/android-studio/gradle/gradle-2.8/lib/jul-to-slf4j-1.7.10.jar
7f7260851000-7f7260854000 r--s 00018000 08:02 28186744                   /home/ivan/tools/android/android-studio/gradle/gradle-2.8/lib/commons-io-1.4.jar
7f7260854000-7f7260862000 r--s 0007f000 08:02 28186743                   /home/ivan/tools/android/android-studio/gradle/gradle-2.8/lib/commons-collections-3.2.1.jar
7f7260862000-7f7260867000 r--s 00036000 08:02 28186750                   /home/ivan/tools/android/android-studio/gradle/gradle-2.8/lib/asm-all-5.0.3.jar
7f7260867000-7f72608d6000 r--s 0063e000 08:02 28186667                   /home/ivan/tools/android/android-studio/gradle/gradle-2.8/lib/groovy-all-2.4.4.jar
7f72608d6000-7f72608fe000 r--s 001cf000 08:02 28186746                   /home/ivan/tools/android/android-studio/gradle/gradle-2.8/lib/guava-jdk5-17.0.jar
7f72608fe000-7f726091d000 r--s 001cc000 08:02 28186672                   /home/ivan/tools/android/android-studio/gradle/gradle-2.8/lib/ant-1.9.3.jar
7f726091d000-7f7260953000 r--s 001b5000 08:02 28182188                   /home/ivan/tools/android/android-studio/gradle/gradle-2.8/lib/gradle-core-2.8.jar
7f7260953000-7f7260954000 ---p 00000000 00:00 0 
7f7260954000-7f7260a54000 rw-p 00000000 00:00 0                          [stack:28744]
7f7260a54000-7f7260a57000 ---p 00000000 00:00 0 
7f7260a57000-7f7260b55000 rw-p 00000000 00:00 0                          [stack:28743]
7f7260b55000-7f7260b58000 ---p 00000000 00:00 0 
7f7260b58000-7f7260c56000 rw-p 00000000 00:00 0                          [stack:28742]
7f7260c56000-7f7260c59000 ---p 00000000 00:00 0 
7f7260c59000-7f7260d57000 rw-p 00000000 00:00 0                          [stack:28741]
7f7260d57000-7f7260d5a000 ---p 00000000 00:00 0 
7f7260d5a000-7f7260e58000 rw-p 00000000 00:00 0                          [stack:28740]
7f7260e58000-7f726166b000 r--p 00000000 08:02 27195                      /usr/lib/locale/locale-archive
7f726166b000-7f726166e000 ---p 00000000 00:00 0 
7f726166e000-7f726176c000 rw-p 00000000 00:00 0                          [stack:28739]
7f726176c000-7f726176f000 ---p 00000000 00:00 0 
7f726176f000-7f726186d000 rw-p 00000000 00:00 0                          [stack:28738]
7f726186d000-7f726186e000 ---p 00000000 00:00 0 
7f726186e000-7f7265000000 rw-p 00000000 00:00 0                          [stack:28737]
7f7265000000-7f72660d0000 rwxp 00000000 00:00 0 
7f72660d0000-7f7268ac2000 rw-p 00000000 00:00 0 
7f7268ac2000-7f726c000000 ---p 00000000 00:00 0 
7f726c000000-7f726c001000 r--s 00000000 08:02 28186745                   /home/ivan/tools/android/android-studio/gradle/gradle-2.8/lib/javax.inject-1.jar
7f726c001000-7f726c002000 r--s 00000000 08:02 28186757                   /home/ivan/tools/android/android-studio/gradle/gradle-2.8/lib/jcip-annotations-1.0.jar
7f726c002000-7f726c007000 r--s 00041000 08:02 28186748                   /home/ivan/tools/android/android-studio/gradle/gradle-2.8/lib/commons-lang-2.6.jar
7f726c007000-7f726c008000 r--s 00007000 08:02 28186755                   /home/ivan/tools/android/android-studio/gradle/gradle-2.8/lib/slf4j-api-1.7.10.jar
7f726c008000-7f726c009000 r--s 00004000 08:02 28186663                   /home/ivan/tools/android/android-studio/gradle/gradle-2.8/lib/ant-launcher-1.9.3.jar
7f726c009000-7f726c010000 r--s 00032000 08:02 28186674                   /home/ivan/tools/android/android-studio/gradle/gradle-2.8/lib/gradle-base-services-2.8.jar
7f726c010000-7f726c01a000 r--s 0004a000 08:02 28186670                   /home/ivan/tools/android/android-studio/gradle/gradle-2.8/lib/gradle-launcher-2.8.jar
7f726c01a000-7f726c185000 rw-p 00000000 00:00 0 
7f726c185000-7f726c337000 r--s 01d30000 08:02 2626376                    /usr/lib/jvm/java-7-openjdk-amd64/jre/lib/rt.jar
7f726c337000-7f726c6b0000 rw-p 00000000 00:00 0 
7f726c6b0000-7f726c6b1000 ---p 00000000 00:00 0 
7f726c6b1000-7f726c7b1000 rw-p 00000000 00:00 0                          [stack:28735]
7f726c7b1000-7f726c7b2000 ---p 00000000 00:00 0 
7f726c7b2000-7f726c8b2000 rw-p 00000000 00:00 0                          [stack:28734]
7f726c8b2000-7f726c8b3000 ---p 00000000 00:00 0 
7f726c8b3000-7f726c9b3000 rw-p 00000000 00:00 0                          [stack:28733]
7f726c9b3000-7f726c9b4000 ---p 00000000 00:00 0 
7f726c9b4000-7f726cad0000 rw-p 00000000 00:00 0                          [stack:28732]
7f726cad0000-7f726cae7000 ---p 00000000 00:00 0 
7f726cae7000-7f726cb34000 rw-p 00000000 00:00 0 
7f726cb34000-7f726cbb4000 rw-p 00000000 00:00 0 
7f726cbb4000-7f726cc8a000 rw-p 00000000 00:00 0 
7f726cc8a000-7f726cca6000 rw-p 00000000 00:00 0 
7f726cca6000-7f726ccbd000 ---p 00000000 00:00 0 
7f726ccbd000-7f726cd0a000 rw-p 00000000 00:00 0 
7f726cd0a000-7f726cd8a000 rw-p 00000000 00:00 0 
7f726cd8a000-7f726ce5f000 rw-p 00000000 00:00 0 
7f726ce5f000-7f726cf0a000 rw-p 00000000 00:00 0 
7f726cf0a000-7f726cf0b000 rw-p 00000000 00:00 0 
7f726cf0b000-7f726cf13000 r-xp 00000000 08:02 2626386                    /usr/lib/jvm/java-7-openjdk-amd64/jre/lib/amd64/libzip.so
7f726cf13000-7f726d112000 ---p 00008000 08:02 2626386                    /usr/lib/jvm/java-7-openjdk-amd64/jre/lib/amd64/libzip.so
7f726d112000-7f726d113000 r--p 00007000 08:02 2626386                    /usr/lib/jvm/java-7-openjdk-amd64/jre/lib/amd64/libzip.so
7f726d113000-7f726d114000 rw-p 00008000 08:02 2626386                    /usr/lib/jvm/java-7-openjdk-amd64/jre/lib/amd64/libzip.so
7f726d114000-7f726d11f000 r-xp 00000000 08:02 9404                       /lib/x86_64-linux-gnu/libnss_files-2.19.so
7f726d11f000-7f726d31e000 ---p 0000b000 08:02 9404                       /lib/x86_64-linux-gnu/libnss_files-2.19.so
7f726d31e000-7f726d31f000 r--p 0000a000 08:02 9404                       /lib/x86_64-linux-gnu/libnss_files-2.19.so
7f726d31f000-7f726d320000 rw-p 0000b000 08:02 9404                       /lib/x86_64-linux-gnu/libnss_files-2.19.so
7f726d320000-7f726d32b000 r-xp 00000000 08:02 13325                      /lib/x86_64-linux-gnu/libnss_nis-2.19.so
7f726d32b000-7f726d52a000 ---p 0000b000 08:02 13325                      /lib/x86_64-linux-gnu/libnss_nis-2.19.so
7f726d52a000-7f726d52b000 r--p 0000a000 08:02 13325                      /lib/x86_64-linux-gnu/libnss_nis-2.19.so
7f726d52b000-7f726d52c000 rw-p 0000b000 08:02 13325                      /lib/x86_64-linux-gnu/libnss_nis-2.19.so
7f726d52c000-7f726d543000 r-xp 00000000 08:02 9479                       /lib/x86_64-linux-gnu/libnsl-2.19.so
7f726d543000-7f726d742000 ---p 00017000 08:02 9479                       /lib/x86_64-linux-gnu/libnsl-2.19.so
7f726d742000-7f726d743000 r--p 00016000 08:02 9479                       /lib/x86_64-linux-gnu/libnsl-2.19.so
7f726d743000-7f726d744000 rw-p 00017000 08:02 9479                       /lib/x86_64-linux-gnu/libnsl-2.19.so
7f726d744000-7f726d746000 rw-p 00000000 00:00 0 
7f726d746000-7f726d74f000 r-xp 00000000 08:02 9478                       /lib/x86_64-linux-gnu/libnss_compat-2.19.so
7f726d74f000-7f726d94e000 ---p 00009000 08:02 9478                       /lib/x86_64-linux-gnu/libnss_compat-2.19.so
7f726d94e000-7f726d94f000 r--p 00008000 08:02 9478                       /lib/x86_64-linux-gnu/libnss_compat-2.19.so
7f726d94f000-7f726d950000 rw-p 00009000 08:02 9478                       /lib/x86_64-linux-gnu/libnss_compat-2.19.so
7f726d950000-7f726d97b000 r-xp 00000000 08:02 2626394                    /usr/lib/jvm/java-7-openjdk-amd64/jre/lib/amd64/libjava.so
7f726d97b000-7f726db7b000 ---p 0002b000 08:02 2626394                    /usr/lib/jvm/java-7-openjdk-amd64/jre/lib/amd64/libjava.so
7f726db7b000-7f726db7c000 r--p 0002b000 08:02 2626394                    /usr/lib/jvm/java-7-openjdk-amd64/jre/lib/amd64/libjava.so
7f726db7c000-7f726db7e000 rw-p 0002c000 08:02 2626394                    /usr/lib/jvm/java-7-openjdk-amd64/jre/lib/amd64/libjava.so
7f726db7e000-7f726db8e000 r-xp 00000000 08:02 2626408                    /usr/lib/jvm/java-7-openjdk-amd64/jre/lib/amd64/libverify.so
7f726db8e000-7f726dd8d000 ---p 00010000 08:02 2626408                    /usr/lib/jvm/java-7-openjdk-amd64/jre/lib/amd64/libverify.so
7f726dd8d000-7f726dd8f000 r--p 0000f000 08:02 2626408                    /usr/lib/jvm/java-7-openjdk-amd64/jre/lib/amd64/libverify.so
7f726dd8f000-7f726dd90000 rw-p 00011000 08:02 2626408                    /usr/lib/jvm/java-7-openjdk-amd64/jre/lib/amd64/libverify.so
7f726dd90000-7f726dd97000 r-xp 00000000 08:02 9487                       /lib/x86_64-linux-gnu/librt-2.19.so
7f726dd97000-7f726df96000 ---p 00007000 08:02 9487                       /lib/x86_64-linux-gnu/librt-2.19.so
7f726df96000-7f726df97000 r--p 00006000 08:02 9487                       /lib/x86_64-linux-gnu/librt-2.19.so
7f726df97000-7f726df98000 rw-p 00007000 08:02 9487                       /lib/x86_64-linux-gnu/librt-2.19.so
7f726df98000-7f726dfae000 r-xp 00000000 08:02 13421                      /lib/x86_64-linux-gnu/libgcc_s.so.1
7f726dfae000-7f726e1ad000 ---p 00016000 08:02 13421                      /lib/x86_64-linux-gnu/libgcc_s.so.1
7f726e1ad000-7f726e1ae000 rw-p 00015000 08:02 13421                      /lib/x86_64-linux-gnu/libgcc_s.so.1
7f726e1ae000-7f726e2b3000 r-xp 00000000 08:02 9400                       /lib/x86_64-linux-gnu/libm-2.19.so
7f726e2b3000-7f726e4b2000 ---p 00105000 08:02 9400                       /lib/x86_64-linux-gnu/libm-2.19.so
7f726e4b2000-7f726e4b3000 r--p 00104000 08:02 9400                       /lib/x86_64-linux-gnu/libm-2.19.so
7f726e4b3000-7f726e4b4000 rw-p 00105000 08:02 9400                       /lib/x86_64-linux-gnu/libm-2.19.so
7f726e4b4000-7f726e59a000 r-xp 00000000 08:02 6821                       /usr/lib/x86_64-linux-gnu/libstdc++.so.6.0.19
7f726e59a000-7f726e799000 ---p 000e6000 08:02 6821                       /usr/lib/x86_64-linux-gnu/libstdc++.so.6.0.19
7f726e799000-7f726e7a1000 r--p 000e5000 08:02 6821                       /usr/lib/x86_64-linux-gnu/libstdc++.so.6.0.19
7f726e7a1000-7f726e7a3000 rw-p 000ed000 08:02 6821                       /usr/lib/x86_64-linux-gnu/libstdc++.so.6.0.19
7f726e7a3000-7f726e7b8000 rw-p 00000000 00:00 0 
7f726e7b8000-7f726f2dc000 r-xp 00000000 08:02 2626400                    /usr/lib/jvm/java-7-openjdk-amd64/jre/lib/amd64/server/libjvm.so
7f726f2dc000-7f726f4db000 ---p 00b24000 08:02 2626400                    /usr/lib/jvm/java-7-openjdk-amd64/jre/lib/amd64/server/libjvm.so
7f726f4db000-7f726f575000 r--p 00b23000 08:02 2626400                    /usr/lib/jvm/java-7-openjdk-amd64/jre/lib/amd64/server/libjvm.so
7f726f575000-7f726f598000 rw-p 00bbd000 08:02 2626400                    /usr/lib/jvm/java-7-openjdk-amd64/jre/lib/amd64/server/libjvm.so
7f726f598000-7f726f5c6000 rw-p 00000000 00:00 0 
7f726f5c6000-7f726f5de000 r-xp 00000000 08:02 13550                      /lib/x86_64-linux-gnu/libz.so.1.2.8
7f726f5de000-7f726f7dd000 ---p 00018000 08:02 13550                      /lib/x86_64-linux-gnu/libz.so.1.2.8
7f726f7dd000-7f726f7de000 r--p 00017000 08:02 13550                      /lib/x86_64-linux-gnu/libz.so.1.2.8
7f726f7de000-7f726f7df000 rw-p 00018000 08:02 13550                      /lib/x86_64-linux-gnu/libz.so.1.2.8
7f726f7df000-7f726f7f8000 r-xp 00000000 08:02 9485                       /lib/x86_64-linux-gnu/libpthread-2.19.so
7f726f7f8000-7f726f9f7000 ---p 00019000 08:02 9485                       /lib/x86_64-linux-gnu/libpthread-2.19.so
7f726f9f7000-7f726f9f8000 r--p 00018000 08:02 9485                       /lib/x86_64-linux-gnu/libpthread-2.19.so
7f726f9f8000-7f726f9f9000 rw-p 00019000 08:02 9485                       /lib/x86_64-linux-gnu/libpthread-2.19.so
7f726f9f9000-7f726f9fd000 rw-p 00000000 00:00 0 
7f726f9fd000-7f726fa00000 r-xp 00000000 08:02 9415                       /lib/x86_64-linux-gnu/libdl-2.19.so
7f726fa00000-7f726fbff000 ---p 00003000 08:02 9415                       /lib/x86_64-linux-gnu/libdl-2.19.so
7f726fbff000-7f726fc00000 r--p 00002000 08:02 9415                       /lib/x86_64-linux-gnu/libdl-2.19.so
7f726fc00000-7f726fc01000 rw-p 00003000 08:02 9415                       /lib/x86_64-linux-gnu/libdl-2.19.so
7f726fc01000-7f726fdbc000 r-xp 00000000 08:02 9484                       /lib/x86_64-linux-gnu/libc-2.19.so
7f726fdbc000-7f726ffbb000 ---p 001bb000 08:02 9484                       /lib/x86_64-linux-gnu/libc-2.19.so
7f726ffbb000-7f726ffbf000 r--p 001ba000 08:02 9484                       /lib/x86_64-linux-gnu/libc-2.19.so
7f726ffbf000-7f726ffc1000 rw-p 001be000 08:02 9484                       /lib/x86_64-linux-gnu/libc-2.19.so
7f726ffc1000-7f726ffc6000 rw-p 00000000 00:00 0 
7f726ffc6000-7f726ffd3000 r-xp 00000000 08:02 2626409                    /usr/lib/jvm/java-7-openjdk-amd64/jre/lib/amd64/jli/libjli.so
7f726ffd3000-7f72701d2000 ---p 0000d000 08:02 2626409                    /usr/lib/jvm/java-7-openjdk-amd64/jre/lib/amd64/jli/libjli.so
7f72701d2000-7f72701d3000 r--p 0000c000 08:02 2626409                    /usr/lib/jvm/java-7-openjdk-amd64/jre/lib/amd64/jli/libjli.so
7f72701d3000-7f72701d4000 rw-p 0000d000 08:02 2626409                    /usr/lib/jvm/java-7-openjdk-amd64/jre/lib/amd64/jli/libjli.so
7f72701d4000-7f72701f7000 r-xp 00000000 08:02 9481                       /lib/x86_64-linux-gnu/ld-2.19.so
7f72701f7000-7f72701fb000 r--s 00034000 08:02 2626371                    /usr/lib/jvm/java-7-openjdk-amd64/jre/lib/ext/sunjce_provider.jar
7f72701fb000-7f72701fd000 r--s 00012000 08:02 2626365                    /usr/lib/jvm/java-7-openjdk-amd64/jre/lib/ext/zipfs.jar
7f72701fd000-7f72701fe000 r--s 00002000 08:02 2626373                    /usr/lib/jvm/java-7-openjdk-amd64/jre/lib/ext/dnsns.jar
7f72701fe000-7f7270201000 r--s 0000f000 08:02 2626369                    /usr/lib/jvm/java-7-openjdk-amd64/jre/lib/ext/icedtea-sound.jar
7f7270201000-7f7270205000 r--s 0003c000 08:02 2626372                    /usr/lib/jvm/java-7-openjdk-amd64/jre/lib/ext/sunpkcs11.jar
7f7270205000-7f7270209000 r--s 00085000 08:02 2626367                    /usr/lib/jvm/java-7-openjdk-amd64/jre/lib/ext/localedata.jar
7f7270209000-7f727024d000 rw-p 00000000 00:00 0 
7f727024d000-7f72702c9000 rw-p 00000000 00:00 0 
7f72702c9000-7f72702cc000 ---p 00000000 00:00 0 
7f72702cc000-7f72703cf000 rw-p 00000000 00:00 0                          [stack:28731]
7f72703cf000-7f72703d1000 r--s 00006000 08:02 5674                       /usr/share/java/java-atk-wrapper.jar
7f72703d1000-7f72703ea000 rw-p 00000000 00:00 0 
7f72703ea000-7f72703f2000 rw-s 00000000 08:02 1313860                    /tmp/hsperfdata_ivan/28729
7f72703f2000-7f72703f3000 rw-p 00000000 00:00 0 
7f72703f3000-7f72703f4000 ---p 00000000 00:00 0 
7f72703f4000-7f72703f6000 rw-p 00000000 00:00 0 
7f72703f6000-7f72703f7000 r--p 00022000 08:02 9481                       /lib/x86_64-linux-gnu/ld-2.19.so
7f72703f7000-7f72703f8000 rw-p 00023000 08:02 9481                       /lib/x86_64-linux-gnu/ld-2.19.so
7f72703f8000-7f72703f9000 rw-p 00000000 00:00 0 
7fff44967000-7fff44988000 rw-p 00000000 00:00 0                          [stack]
7fff449e4000-7fff449e6000 r-xp 00000000 00:00 0                          [vdso]
7fff449e6000-7fff449e8000 r--p 00000000 00:00 0                          [vvar]
ffffffffff600000-ffffffffff601000 r-xp 00000000 00:00 0                  [vsyscall]

VM Arguments:
jvm_args: -XX:MaxPermSize=256m -XX:+HeapDumpOnOutOfMemoryError -Xmx1024m -Dfile.encoding=UTF-8 -Duser.country=UA -Duser.language=ru -Duser.variant 
java_command: org.gradle.launcher.daemon.bootstrap.GradleDaemon 2.8
Launcher Type: SUN_STANDARD

Environment Variables:
JAVA_HOME=/usr/lib/jvm/java-8-oracle
PATH=/usr/local/sbin:/usr/local/bin:/usr/sbin:/usr/bin:/sbin:/bin:/usr/games:/usr/local/games:/usr/lib/jvm/java-8-oracle/bin:/usr/lib/jvm/java-8-oracle/db/bin:/usr/lib/jvm/java-8-oracle/jre/bin
SHELL=/bin/bash
DISPLAY=:0

Signal Handlers:
SIGSEGV: [libjvm.so+0x954820], sa_mask[0]=0x7ffbfeff, sa_flags=0x10000004
SIGBUS: [libjvm.so+0x954820], sa_mask[0]=0x7ffbfeff, sa_flags=0x10000004
SIGFPE: [libjvm.so+0x7cb150], sa_mask[0]=0x7ffbfeff, sa_flags=0x10000004
SIGPIPE: [libjvm.so+0x7cb150], sa_mask[0]=0x7ffbfeff, sa_flags=0x10000004
SIGXFSZ: [libjvm.so+0x7cb150], sa_mask[0]=0x7ffbfeff, sa_flags=0x10000004
SIGILL: [libjvm.so+0x7cb150], sa_mask[0]=0x7ffbfeff, sa_flags=0x10000004
SIGUSR1: SIG_DFL, sa_mask[0]=0x00000000, sa_flags=0x00000000
SIGUSR2: [libjvm.so+0x7caff0], sa_mask[0]=0x00000004, sa_flags=0x10000004
SIGHUP: [libjvm.so+0x7cb1d0], sa_mask[0]=0x7ffbfeff, sa_flags=0x10000004
SIGINT: [libjvm.so+0x7cb1d0], sa_mask[0]=0x7ffbfeff, sa_flags=0x10000004
SIGTERM: [libjvm.so+0x7cb1d0], sa_mask[0]=0x7ffbfeff, sa_flags=0x10000004
SIGQUIT: [libjvm.so+0x7cb1d0], sa_mask[0]=0x7ffbfeff, sa_flags=0x10000004
SIGTRAP: SIG_DFL, sa_mask[0]=0x00000000, sa_flags=0x00000000


---------------  S Y S T E M  ---------------

OS:Ubuntu 14.04 (trusty)
uname:Linux 3.16.0-33-generic #44~14.04.1-Ubuntu SMP Fri Mar 13 10:33:29 UTC 2015 x86_64
libc:glibc 2.19 NPTL 2.19 
rlimit: STACK 8192k, CORE 0k, NPROC 30684, NOFILE 4096, AS infinity
load average:4,96 4,48 2,78

/proc/meminfo:
MemTotal:        8059736 kB
MemFree:         1110148 kB
MemAvailable:    2471216 kB
Buffers:          209080 kB
Cached:          1157888 kB
SwapCached:          784 kB
Active:          4664388 kB
Inactive:        1665472 kB
Active(anon):    3923720 kB
Inactive(anon):  1152620 kB
Active(file):     740668 kB
Inactive(file):   512852 kB
Unevictable:          68 kB
Mlocked:              68 kB
SwapTotal:       4075516 kB
SwapFree:        4064452 kB
Dirty:             35304 kB
Writeback:             0 kB
AnonPages:       4962248 kB
Mapped:           531896 kB
Shmem:            113424 kB
Slab:             408892 kB
SReclaimable:     360952 kB
SUnreclaim:        47940 kB
KernelStack:       12720 kB
PageTables:        69552 kB
NFS_Unstable:          0 kB
Bounce:                0 kB
WritebackTmp:          0 kB
CommitLimit:     8105384 kB
Committed_AS:   10954420 kB
VmallocTotal:   34359738367 kB
VmallocUsed:      391872 kB
VmallocChunk:   34359326204 kB
HardwareCorrupted:     0 kB
AnonHugePages:   2971648 kB
HugePages_Total:       0
HugePages_Free:        0
HugePages_Rsvd:        0
HugePages_Surp:        0
Hugepagesize:       2048 kB
DirectMap4k:      286660 kB
DirectMap2M:     7985152 kB


CPU:total 4 (2 cores per cpu, 2 threads per core) family 6 model 58 stepping 9, cmov, cx8, fxsr, mmx, sse, sse2, sse3, ssse3, sse4.1, sse4.2, popcnt, avx, erms, ht, tsc, tscinvbit, tscinv

/proc/cpuinfo:
processor	: 0
vendor_id	: GenuineIntel
cpu family	: 6
model		: 58
model name	: Intel(R) Core(TM) i3-3217U CPU @ 1.80GHz
stepping	: 9
microcode	: 0x15
cpu MHz		: 1800.000
cache size	: 3072 KB
physical id	: 0
siblings	: 4
core id		: 0
cpu cores	: 2
apicid		: 0
initial apicid	: 0
fpu		: yes
fpu_exception	: yes
cpuid level	: 13
wp		: yes
flags		: fpu vme de pse tsc msr pae mce cx8 apic sep mtrr pge mca cmov pat pse36 clflush dts acpi mmx fxsr sse sse2 ss ht tm pbe syscall nx rdtscp lm constant_tsc arch_perfmon pebs bts rep_good nopl xtopology nonstop_tsc aperfmperf eagerfpu pni pclmulqdq dtes64 monitor ds_cpl vmx est tm2 ssse3 cx16 xtpr pdcm pcid sse4_1 sse4_2 x2apic popcnt tsc_deadline_timer xsave avx f16c lahf_lm ida arat epb xsaveopt pln pts dtherm tpr_shadow vnmi flexpriority ept vpid fsgsbase smep erms
bogomips	: 3591.95
clflush size	: 64
cache_alignment	: 64
address sizes	: 36 bits physical, 48 bits virtual
power management:

processor	: 1
vendor_id	: GenuineIntel
cpu family	: 6
model		: 58
model name	: Intel(R) Core(TM) i3-3217U CPU @ 1.80GHz
stepping	: 9
microcode	: 0x15
cpu MHz		: 1800.000
cache size	: 3072 KB
physical id	: 0
siblings	: 4
core id		: 1
cpu cores	: 2
apicid		: 2
initial apicid	: 2
fpu		: yes
fpu_exception	: yes
cpuid level	: 13
wp		: yes
flags		: fpu vme de pse tsc msr pae mce cx8 apic sep mtrr pge mca cmov pat pse36 clflush dts acpi mmx fxsr sse sse2 ss ht tm pbe syscall nx rdtscp lm constant_tsc arch_perfmon pebs bts rep_good nopl xtopology nonstop_tsc aperfmperf eagerfpu pni pclmulqdq dtes64 monitor ds_cpl vmx est tm2 ssse3 cx16 xtpr pdcm pcid sse4_1 sse4_2 x2apic popcnt tsc_deadline_timer xsave avx f16c lahf_lm ida arat epb xsaveopt pln pts dtherm tpr_shadow vnmi flexpriority ept vpid fsgsbase smep erms
bogomips	: 3591.95
clflush size	: 64
cache_alignment	: 64
address sizes	: 36 bits physical, 48 bits virtual
power management:

processor	: 2
vendor_id	: GenuineIntel
cpu family	: 6
model		: 58
model name	: Intel(R) Core(TM) i3-3217U CPU @ 1.80GHz
stepping	: 9
microcode	: 0x15
cpu MHz		: 1800.000
cache size	: 3072 KB
physical id	: 0
siblings	: 4
core id		: 0
cpu cores	: 2
apicid		: 1
initial apicid	: 1
fpu		: yes
fpu_exception	: yes
cpuid level	: 13
wp		: yes
flags		: fpu vme de pse tsc msr pae mce cx8 apic sep mtrr pge mca cmov pat pse36 clflush dts acpi mmx fxsr sse sse2 ss ht tm pbe syscall nx rdtscp lm constant_tsc arch_perfmon pebs bts rep_good nopl xtopology nonstop_tsc aperfmperf eagerfpu pni pclmulqdq dtes64 monitor ds_cpl vmx est tm2 ssse3 cx16 xtpr pdcm pcid sse4_1 sse4_2 x2apic popcnt tsc_deadline_timer xsave avx f16c lahf_lm ida arat epb xsaveopt pln pts dtherm tpr_shadow vnmi flexpriority ept vpid fsgsbase smep erms
bogomips	: 3591.95
clflush size	: 64
cache_alignment	: 64
address sizes	: 36 bits physical, 48 bits virtual
power management:

processor	: 3
vendor_id	: GenuineIntel
cpu family	: 6
model		: 58
model name	: Intel(R) Core(TM) i3-3217U CPU @ 1.80GHz
stepping	: 9
microcode	: 0x15
cpu MHz		: 1800.000
cache size	: 3072 KB
physical id	: 0
siblings	: 4
core id		: 1
cpu cores	: 2
apicid		: 3
initial apicid	: 3
fpu		: yes
fpu_exception	: yes
cpuid level	: 13
wp		: yes
flags		: fpu vme de pse tsc msr pae mce cx8 apic sep mtrr pge mca cmov pat pse36 clflush dts acpi mmx fxsr sse sse2 ss ht tm pbe syscall nx rdtscp lm constant_tsc arch_perfmon pebs bts rep_good nopl xtopology nonstop_tsc aperfmperf eagerfpu pni pclmulqdq dtes64 monitor ds_cpl vmx est tm2 ssse3 cx16 xtpr pdcm pcid sse4_1 sse4_2 x2apic popcnt tsc_deadline_timer xsave avx f16c lahf_lm ida arat epb xsaveopt pln pts dtherm tpr_shadow vnmi flexpriority ept vpid fsgsbase smep erms
bogomips	: 3591.95
clflush size	: 64
cache_alignment	: 64
address sizes	: 36 bits physical, 48 bits virtual
power management:



Memory: 4k page, physical 8059736k(1110148k free), swap 4075516k(4064452k free)

vm_info: OpenJDK 64-Bit Server VM (24.85-b03) for linux-amd64 JRE (1.7.0_85-b01), built on Oct 22 2015 06:46:50 by "buildd" with gcc 4.8.2

time: Mon Mar 14 15:52:14 2016
elapsed time: 7216 seconds

