#
# A fatal error has been detected by the Java Runtime Environment:
#
#  SIGSEGV (0xb) at pc=0x00007f6b4073e29b, pid=22582, tid=140098384422656
#
# JRE version: OpenJDK Runtime Environment (7.0_95) (build 1.7.0_95-b00)
# Java VM: OpenJDK 64-Bit Server VM (24.95-b01 mixed mode linux-amd64 compressed oops)
# Derivative: IcedTea 2.6.4
# Distribution: Ubuntu 14.04.3 LTS, package 7u95-2.6.4-0ubuntu0.14.04.1
# Problematic frame:
# V  [libjvm.so+0x5a229b]
#
# Failed to write core dump. Core dumps have been disabled. To enable core dumping, try "ulimit -c unlimited" before starting Java again
#
# If you would like to submit a bug report, please include
# instructions on how to reproduce the bug and visit:
#   http://icedtea.classpath.org/bugzilla
#

---------------  T H R E A D  ---------------

Current thread (0x00007f6b380ab000):  JavaThread "C2 CompilerThread0" daemon [_thread_in_native, id=22594, stack(0x00007f6b325fe000,0x00007f6b326ff000)]

siginfo:si_signo=SIGSEGV: si_errno=0, si_code=1 (SEGV_MAPERR), si_addr=0x00007f6310727400

Registers:
RAX=0x00007f6310727400, RBX=0x00007f6b1165fdf0, RCX=0x0000000000000000, RDX=0x00007f6b326fa840
RSP=0x00007f6b326fa650, RBP=0x00007f6b326fa6a0, RSI=0x00007f6b107273f0, RDI=0x00007f6b326fa830
R8 =0x0000000000000000, R9 =0x0000000000000000, R10=0x0000000000000000, R11=0x0000000000000000
R12=0x00007f6b1165ff40, R13=0x00007f6b326fa830, R14=0x00007f6b107273f0, R15=0x0000000000000000
RIP=0x00007f6b4073e29b, EFLAGS=0x0000000000010202, CSGSFS=0x0000000000000033, ERR=0x0000000000000004
  TRAPNO=0x000000000000000e

Top of Stack: (sp=0x00007f6b326fa650)
0x00007f6b326fa650:   00007f6b326fa840 00007f6b00000008
0x00007f6b326fa660:   00007f6b326fa830 00007f6b326fa830
0x00007f6b326fa670:   00007f6b326fa680 00007f6b1165fdf0
0x00007f6b326fa680:   00007f6b1165ff40 00007f6b326fac10
0x00007f6b326fa690:   00007f6b04266790 00007f6b326fac10
0x00007f6b326fa6a0:   00007f6b326fa900 00007f6b40737d70
0x00007f6b326fa6b0:   00007f6b326fa6d0 00007f6b326fa730
0x00007f6b326fa6c0:   00007f6b326fa740 fffffffe00000001
0x00007f6b326fa6d0:   00007f6b04266790 0000000000000000
0x00007f6b326fa6e0:   00007f6b326fa780 00007f6b326fa7b0
0x00007f6b326fa6f0:   0000000000000002 00007f6b326fa830
0x00007f6b326fa700:   000000030000012b 00007f6b00000002
0x00007f6b326fa710:   00007f6b1165ff40 00007f6b1165fdf0
0x00007f6b326fa720:   ffffffff00000001 0000000000000000
0x00007f6b326fa730:   0000000000000000 00007f6b1068b7a0
0x00007f6b326fa740:   0000000400000004 00007f6b10688500
0x00007f6b326fa750:   0000000000000000 0000000000000000
0x00007f6b326fa760:   c000000000000000 0000000000000000
0x00007f6b326fa770:   0000000000000000 0000000000020000
0x00007f6b326fa780:   0000000000300000 0000000000000000
0x00007f6b326fa790:   0000000000000000 0000000000000000
0x00007f6b326fa7a0:   0000000000000000 00007f6b10f9e8d0
0x00007f6b326fa7b0:   000003d400000000 00007f6b00000008
0x00007f6b326fa7c0:   00007f6b1010af60 00007f6b00000008
0x00007f6b326fa7d0:   00007f6b326fa840 00007f6b00000008
0x00007f6b326fa7e0:   00007f6b326fa830 00007f6b40447d9a
0x00007f6b326fa7f0:   0000000800000000 0303030300000008
0x00007f6b326fa800:   00007f6b1010af60 0000000000000008
0x00007f6b326fa810:   00007f6b326fa840 0000000000000008
0x00007f6b326fa820:   00007f6b326fa830 00007f6b326fa9f0
0x00007f6b326fa830:   00007f6b00000003 00007f6b326fa840
0x00007f6b326fa840:   00007f6b1010af80 00007f6b40f88940 

Instructions: (pc=0x00007f6b4073e29b)
0x00007f6b4073e27b:   8b 54 24 18 48 89 50 18 49 8b 55 08 4a 89 04 c2
0x00007f6b4073e28b:   45 39 bd 90 00 00 00 76 37 49 8b 46 08 45 89 f8
0x00007f6b4073e29b:   4e 8b 24 c0 48 8d 05 9a a6 84 00 49 39 c4 0f 85
0x00007f6b4073e2ab:   51 ff ff ff 49 8b 45 08 48 8d 0d 86 a6 84 00 41 

Register to memory mapping:

RAX=0x00007f6310727400 is an unknown value
RBX=0x00007f6b1165fdf0 is an unknown value
RCX=0x0000000000000000 is an unknown value
RDX=0x00007f6b326fa840 is pointing into the stack for thread: 0x00007f6b380ab000
RSP=0x00007f6b326fa650 is pointing into the stack for thread: 0x00007f6b380ab000
RBP=0x00007f6b326fa6a0 is pointing into the stack for thread: 0x00007f6b380ab000
RSI=0x00007f6b107273f0 is an unknown value
RDI=0x00007f6b326fa830 is pointing into the stack for thread: 0x00007f6b380ab000
R8 =0x0000000000000000 is an unknown value
R9 =0x0000000000000000 is an unknown value
R10=0x0000000000000000 is an unknown value
R11=0x0000000000000000 is an unknown value
R12=0x00007f6b1165ff40 is an unknown value
R13=0x00007f6b326fa830 is pointing into the stack for thread: 0x00007f6b380ab000
R14=0x00007f6b107273f0 is an unknown value
R15=0x0000000000000000 is an unknown value


Stack: [0x00007f6b325fe000,0x00007f6b326ff000],  sp=0x00007f6b326fa650,  free space=1009k
Native frames: (J=compiled Java code, j=interpreted, Vv=VM code, C=native code)
V  [libjvm.so+0x5a229b]
V  [libjvm.so+0x59bd70]
V  [libjvm.so+0x3cb6d2]
V  [libjvm.so+0x43f92a]
V  [libjvm.so+0x443ab7]
V  [libjvm.so+0x3b1c7a]
V  [libjvm.so+0x449937]
V  [libjvm.so+0x44aa40]
V  [libjvm.so+0x907e50]
V  [libjvm.so+0x9080c1]
V  [libjvm.so+0x7cc682]


Current CompileTask:
C2:  23579  865             org.gradle.internal.reflect.ClassInspector::inspectClass (273 bytes)


---------------  P R O C E S S  ---------------

Java Threads: ( => current thread )
  0x00007f6af051c000 JavaThread "File lock request listener" [_thread_in_native, id=23050, stack(0x00007f6aebdc5000,0x00007f6aebec6000)]
  0x00007f6af04aa800 JavaThread "process reaper" daemon [_thread_blocked, id=23049, stack(0x00007f6aebec6000,0x00007f6aebeff000)]
  0x00007f6af001d800 JavaThread "Stdin handler" [_thread_blocked, id=23044, stack(0x00007f6aebeff000,0x00007f6aec000000)]
  0x00007f6af400a000 JavaThread "Daemon worker" [_thread_in_native, id=23041, stack(0x00007f6b30081000,0x00007f6b30182000)]
  0x00007f6af4003800 JavaThread "Cancel handler" [_thread_blocked, id=23040, stack(0x00007f6b30182000,0x00007f6b30283000)]
  0x00007f6af4006800 JavaThread "Handler for socket connection from /127.0.0.1:41585 to /127.0.0.1:59311" [_thread_in_native, id=23037, stack(0x00007f6b30283000,0x00007f6b30384000)]
  0x00007f6b0000d000 JavaThread "Daemon" [_thread_blocked, id=23036, stack(0x00007f6b30384000,0x00007f6b30485000)]
  0x00007f6b38a69800 JavaThread "Incoming local TCP Connector on port 41585" [_thread_in_native, id=23035, stack(0x00007f6b30485000,0x00007f6b30586000)]
  0x00007f6b380b0800 JavaThread "Service Thread" daemon [_thread_blocked, id=22596, stack(0x00007f6b323fc000,0x00007f6b324fd000)]
  0x00007f6b380ae000 JavaThread "C2 CompilerThread1" daemon [_thread_in_native, id=22595, stack(0x00007f6b324fd000,0x00007f6b325fe000)]
=>0x00007f6b380ab000 JavaThread "C2 CompilerThread0" daemon [_thread_in_native, id=22594, stack(0x00007f6b325fe000,0x00007f6b326ff000)]
  0x00007f6b380a9000 JavaThread "Signal Dispatcher" daemon [_thread_blocked, id=22593, stack(0x00007f6b326ff000,0x00007f6b32800000)]
  0x00007f6b3807c000 JavaThread "Finalizer" daemon [_thread_blocked, id=22592, stack(0x00007f6b3c860000,0x00007f6b3c961000)]
  0x00007f6b3807a000 JavaThread "Reference Handler" daemon [_thread_blocked, id=22591, stack(0x00007f6b3c961000,0x00007f6b3ca62000)]
  0x00007f6b3800a000 JavaThread "main" [_thread_blocked, id=22584, stack(0x00007f6b41cb0000,0x00007f6b41db1000)]

Other Threads:
  0x00007f6b38075800 VMThread [stack: 0x00007f6b3ca62000,0x00007f6b3cb63000] [id=22590]
  0x00007f6b380bb000 WatcherThread [stack: 0x00007f6b322fb000,0x00007f6b323fc000] [id=22597]

VM state:not at safepoint (normal execution)

VM Mutex/Monitor currently owned by a thread:  ([mutex/lock_event])
[0x00007f6b38005e60] SystemDictionary_lock - owner thread: 0x0000000000000000

Heap
 PSYoungGen      total 269312K, used 65401K [0x00000000eaa80000, 0x00000000fd280000, 0x0000000100000000)
  eden space 249344K, 18% used [0x00000000eaa80000,0x00000000ed6e36d8,0x00000000f9e00000)
  from space 19968K, 99% used [0x00000000fb600000,0x00000000fc97afb0,0x00000000fc980000)
  to   space 24576K, 0% used [0x00000000f9e00000,0x00000000f9e00000,0x00000000fb600000)
 ParOldGen       total 83968K, used 26836K [0x00000000c0000000, 0x00000000c5200000, 0x00000000eaa80000)
  object space 83968K, 31% used [0x00000000c0000000,0x00000000c1a35200,0x00000000c5200000)
 PSPermGen       total 39936K, used 39763K [0x00000000b0000000, 0x00000000b2700000, 0x00000000c0000000)
  object space 39936K, 99% used [0x00000000b0000000,0x00000000b26d4c58,0x00000000b2700000)

Card table byte_map: [0x00007f6b3e665000,0x00007f6b3e8e6000] byte_map_base: 0x00007f6b3e0e5000

Polling page: 0x00007f6b41dd9000

Code Cache  [0x00007f6b35000000, 0x00007f6b35400000, 0x00007f6b38000000)
 total_blobs=1402 nmethods=749 adapters=605 free_code_cache=45261Kb largest_free_block=46187776

Compilation events (10 events):
Event: 23,430 Thread 0x00007f6b380ab000 nmethod 859 0x00007f6b352ee010 code [0x00007f6b352ee180, 0x00007f6b352ee5c8]
Event: 23,430 Thread 0x00007f6b380ab000  860             java.lang.reflect.AccessibleObject::setAccessible0 (43 bytes)
Event: 23,432 Thread 0x00007f6b380ab000 nmethod 860 0x00007f6b3508c790 code [0x00007f6b3508c8e0, 0x00007f6b3508c978]
Event: 23,432 Thread 0x00007f6b380ab000  861             java.lang.reflect.Modifier::methodModifiers (4 bytes)
Event: 23,432 Thread 0x00007f6b380ab000 nmethod 861 0x00007f6b350b6c10 code [0x00007f6b350b6d40, 0x00007f6b350b6d78]
Event: 23,432 Thread 0x00007f6b380ab000  862             java.lang.reflect.Modifier::toString (202 bytes)
Event: 23,450 Thread 0x00007f6b380ab000 nmethod 862 0x00007f6b3538e4d0 code [0x00007f6b3538e6e0, 0x00007f6b3538efc0]
Event: 23,450 Thread 0x00007f6b380ab000  863             java.beans.MethodRef::isSet (13 bytes)
Event: 23,451 Thread 0x00007f6b380ab000 nmethod 863 0x00007f6b3539e650 code [0x00007f6b3539e780, 0x00007f6b3539e7f8]
Event: 23,451 Thread 0x00007f6b380ab000  865             org.gradle.internal.reflect.ClassInspector::inspectClass (273 bytes)

GC Heap History (10 events):
Event: 5,115 GC heap before
{Heap before GC invocations=2 (full 0):
 PSYoungGen      total 36864K, used 35470K [0x00000000eaa80000, 0x00000000ef280000, 0x0000000100000000)
  eden space 31744K, 100% used [0x00000000eaa80000,0x00000000ec980000,0x00000000ec980000)
  from space 5120K, 72% used [0x00000000ec980000,0x00000000ecd23898,0x00000000ece80000)
  to   space 5120K, 0% used [0x00000000eed80000,0x00000000eed80000,0x00000000ef280000)
 ParOldGen       total 83968K, used 8K [0x00000000c0000000, 0x00000000c5200000, 0x00000000eaa80000)
  object space 83968K, 0% used [0x00000000c0000000,0x00000000c0002000,0x00000000c5200000)
 PSPermGen       total 21504K, used 11841K [0x00000000b0000000, 0x00000000b1500000, 0x00000000c0000000)
  object space 21504K, 55% used [0x00000000b0000000,0x00000000b0b90728,0x00000000b1500000)
Event: 5,187 GC heap after
Heap after GC invocations=2 (full 0):
 PSYoungGen      total 68608K, used 5119K [0x00000000eaa80000, 0x00000000ef280000, 0x0000000100000000)
  eden space 63488K, 0% used [0x00000000eaa80000,0x00000000eaa80000,0x00000000ee880000)
  from space 5120K, 99% used [0x00000000eed80000,0x00000000ef27fea8,0x00000000ef280000)
  to   space 5120K, 0% used [0x00000000ee880000,0x00000000ee880000,0x00000000eed80000)
 ParOldGen       total 83968K, used 649K [0x00000000c0000000, 0x00000000c5200000, 0x00000000eaa80000)
  object space 83968K, 0% used [0x00000000c0000000,0x00000000c00a27d0,0x00000000c5200000)
 PSPermGen       total 21504K, used 11841K [0x00000000b0000000, 0x00000000b1500000, 0x00000000c0000000)
  object space 21504K, 55% used [0x00000000b0000000,0x00000000b0b90728,0x00000000b1500000)
}
Event: 9,788 GC heap before
{Heap before GC invocations=3 (full 0):
 PSYoungGen      total 68608K, used 68607K [0x00000000eaa80000, 0x00000000ef280000, 0x0000000100000000)
  eden space 63488K, 100% used [0x00000000eaa80000,0x00000000ee880000,0x00000000ee880000)
  from space 5120K, 99% used [0x00000000eed80000,0x00000000ef27fea8,0x00000000ef280000)
  to   space 5120K, 0% used [0x00000000ee880000,0x00000000ee880000,0x00000000eed80000)
 ParOldGen       total 83968K, used 649K [0x00000000c0000000, 0x00000000c5200000, 0x00000000eaa80000)
  object space 83968K, 0% used [0x00000000c0000000,0x00000000c00a27d0,0x00000000c5200000)
 PSPermGen       total 21504K, used 20375K [0x00000000b0000000, 0x00000000b1500000, 0x00000000c0000000)
  object space 21504K, 94% used [0x00000000b0000000,0x00000000b13e5d40,0x00000000b1500000)
Event: 9,852 GC heap after
Heap after GC invocations=3 (full 0):
 PSYoungGen      total 68608K, used 5088K [0x00000000eaa80000, 0x00000000f3080000, 0x0000000100000000)
  eden space 63488K, 0% used [0x00000000eaa80000,0x00000000eaa80000,0x00000000ee880000)
  from space 5120K, 99% used [0x00000000ee880000,0x00000000eed78020,0x00000000eed80000)
  to   space 5120K, 0% used [0x00000000f2b80000,0x00000000f2b80000,0x00000000f3080000)
 ParOldGen       total 83968K, used 7462K [0x00000000c0000000, 0x00000000c5200000, 0x00000000eaa80000)
  object space 83968K, 8% used [0x00000000c0000000,0x00000000c0749970,0x00000000c5200000)
 PSPermGen       total 21504K, used 20375K [0x00000000b0000000, 0x00000000b1500000, 0x00000000c0000000)
  object space 21504K, 94% used [0x00000000b0000000,0x00000000b13e5d40,0x00000000b1500000)
}
Event: 12,666 GC heap before
{Heap before GC invocations=4 (full 0):
 PSYoungGen      total 68608K, used 68576K [0x00000000eaa80000, 0x00000000f3080000, 0x0000000100000000)
  eden space 63488K, 100% used [0x00000000eaa80000,0x00000000ee880000,0x00000000ee880000)
  from space 5120K, 99% used [0x00000000ee880000,0x00000000eed78020,0x00000000eed80000)
  to   space 5120K, 0% used [0x00000000f2b80000,0x00000000f2b80000,0x00000000f3080000)
 ParOldGen       total 83968K, used 7462K [0x00000000c0000000, 0x00000000c5200000, 0x00000000eaa80000)
  object space 83968K, 8% used [0x00000000c0000000,0x00000000c0749970,0x00000000c5200000)
 PSPermGen       total 26624K, used 26383K [0x00000000b0000000, 0x00000000b1a00000, 0x00000000c0000000)
  object space 26624K, 99% used [0x00000000b0000000,0x00000000b19c3d88,0x00000000b1a00000)
Event: 12,723 GC heap after
Heap after GC invocations=4 (full 0):
 PSYoungGen      total 132096K, used 5104K [0x00000000eaa80000, 0x00000000f3080000, 0x0000000100000000)
  eden space 126976K, 0% used [0x00000000eaa80000,0x00000000eaa80000,0x00000000f2680000)
  from space 5120K, 99% used [0x00000000f2b80000,0x00000000f307c010,0x00000000f3080000)
  to   space 5120K, 0% used [0x00000000f2680000,0x00000000f2680000,0x00000000f2b80000)
 ParOldGen       total 83968K, used 13832K [0x00000000c0000000, 0x00000000c5200000, 0x00000000eaa80000)
  object space 83968K, 16% used [0x00000000c0000000,0x00000000c0d822c8,0x00000000c5200000)
 PSPermGen       total 26624K, used 26383K [0x00000000b0000000, 0x00000000b1a00000, 0x00000000c0000000)
  object space 26624K, 99% used [0x00000000b0000000,0x00000000b19c3d88,0x00000000b1a00000)
}
Event: 17,865 GC heap before
{Heap before GC invocations=5 (full 0):
 PSYoungGen      total 132096K, used 132080K [0x00000000eaa80000, 0x00000000f3080000, 0x0000000100000000)
  eden space 126976K, 100% used [0x00000000eaa80000,0x00000000f2680000,0x00000000f2680000)
  from space 5120K, 99% used [0x00000000f2b80000,0x00000000f307c010,0x00000000f3080000)
  to   space 5120K, 0% used [0x00000000f2680000,0x00000000f2680000,0x00000000f2b80000)
 ParOldGen       total 83968K, used 13832K [0x00000000c0000000, 0x00000000c5200000, 0x00000000eaa80000)
  object space 83968K, 16% used [0x00000000c0000000,0x00000000c0d822c8,0x00000000c5200000)
 PSPermGen       total 32256K, used 31971K [0x00000000b0000000, 0x00000000b1f80000, 0x00000000c0000000)
  object space 32256K, 99% used [0x00000000b0000000,0x00000000b1f38d58,0x00000000b1f80000)
Event: 17,906 GC heap after
Heap after GC invocations=5 (full 0):
 PSYoungGen      total 132096K, used 5120K [0x00000000eaa80000, 0x00000000fc980000, 0x0000000100000000)
  eden space 126976K, 0% used [0x00000000eaa80000,0x00000000eaa80000,0x00000000f2680000)
  from space 5120K, 100% used [0x00000000f2680000,0x00000000f2b80000,0x00000000f2b80000)
  to   space 19968K, 0% used [0x00000000fb600000,0x00000000fb600000,0x00000000fc980000)
 ParOldGen       total 83968K, used 26123K [0x00000000c0000000, 0x00000000c5200000, 0x00000000eaa80000)
  object space 83968K, 31% used [0x00000000c0000000,0x00000000c1982e10,0x00000000c5200000)
 PSPermGen       total 32256K, used 31971K [0x00000000b0000000, 0x00000000b1f80000, 0x00000000c0000000)
  object space 32256K, 99% used [0x00000000b0000000,0x00000000b1f38d58,0x00000000b1f80000)
}
Event: 22,229 GC heap before
{Heap before GC invocations=6 (full 0):
 PSYoungGen      total 132096K, used 132096K [0x00000000eaa80000, 0x00000000fc980000, 0x0000000100000000)
  eden space 126976K, 100% used [0x00000000eaa80000,0x00000000f2680000,0x00000000f2680000)
  from space 5120K, 100% used [0x00000000f2680000,0x00000000f2b80000,0x00000000f2b80000)
  to   space 19968K, 0% used [0x00000000fb600000,0x00000000fb600000,0x00000000fc980000)
 ParOldGen       total 83968K, used 26123K [0x00000000c0000000, 0x00000000c5200000, 0x00000000eaa80000)
  object space 83968K, 31% used [0x00000000c0000000,0x00000000c1982e10,0x00000000c5200000)
 PSPermGen       total 39424K, used 38937K [0x00000000b0000000, 0x00000000b2680000, 0x00000000c0000000)
  object space 39424K, 98% used [0x00000000b0000000,0x00000000b26067b0,0x00000000b2680000)
Event: 22,279 GC heap after
Heap after GC invocations=6 (full 0):
 PSYoungGen      total 269312K, used 19947K [0x00000000eaa80000, 0x00000000fd280000, 0x0000000100000000)
  eden space 249344K, 0% used [0x00000000eaa80000,0x00000000eaa80000,0x00000000f9e00000)
  from space 19968K, 99% used [0x00000000fb600000,0x00000000fc97afb0,0x00000000fc980000)
  to   space 24576K, 0% used [0x00000000f9e00000,0x00000000f9e00000,0x00000000fb600000)
 ParOldGen       total 83968K, used 26836K [0x00000000c0000000, 0x00000000c5200000, 0x00000000eaa80000)
  object space 83968K, 31% used [0x00000000c0000000,0x00000000c1a35200,0x00000000c5200000)
 PSPermGen       total 39424K, used 38937K [0x00000000b0000000, 0x00000000b2680000, 0x00000000c0000000)
  object space 39424K, 98% used [0x00000000b0000000,0x00000000b26067b0,0x00000000b2680000)
}

Deoptimization events (10 events):
Event: 21,316 Thread 0x00007f6af400a000 Uncommon trap: reason=array_check action=maybe_recompile pc=0x00007f6b351fd19c method=java.util.ComparableTimSort.binarySort([Ljava/lang/Object;III)V @ 183
Event: 21,316 Thread 0x00007f6af400a000 Uncommon trap: reason=array_check action=maybe_recompile pc=0x00007f6b351fd0d4 method=java.util.ComparableTimSort.binarySort([Ljava/lang/Object;III)V @ 193
Event: 21,368 Thread 0x00007f6af400a000 Uncommon trap: reason=array_check action=maybe_recompile pc=0x00007f6b351fd19c method=java.util.ComparableTimSort.binarySort([Ljava/lang/Object;III)V @ 183
Event: 21,368 Thread 0x00007f6af400a000 Uncommon trap: reason=array_check action=maybe_recompile pc=0x00007f6b351fd0d4 method=java.util.ComparableTimSort.binarySort([Ljava/lang/Object;III)V @ 193
Event: 21,571 Thread 0x00007f6af400a000 Uncommon trap: reason=unstable_if action=reinterpret pc=0x00007f6b35317998 method=groovy.lang.MetaClassImpl$1MOPIter.methodNameAction(Ljava/lang/Class;Lorg/codehaus/groovy/runtime/metaclass/MetaMethodIndex$Entry;)V @ 425
Event: 21,799 Thread 0x00007f6af400a000 Uncommon trap: reason=null_check action=make_not_entrant pc=0x00007f6b352f83e4 method=sun.reflect.Reflection.filterMethods(Ljava/lang/Class;[Ljava/lang/reflect/Method;)[Ljava/lang/reflect/Method; @ 18
Event: 22,733 Thread 0x00007f6af400a000 Uncommon trap: reason=null_check action=make_not_entrant pc=0x00007f6b353c93b4 method=java.beans.PropertyDescriptor.setReadMethod(Ljava/lang/reflect/Method;)V @ 58
Event: 22,752 Thread 0x00007f6af400a000 Uncommon trap: reason=null_check action=make_not_entrant pc=0x00007f6b352c5790 method=org.gradle.api.internal.AbstractClassGenerator$ClassMetaData.property(Ljava/lang/String;)Lorg/gradle/api/internal/AbstractClassGenerator$PropertyMetaData; @ 10
Event: 22,864 Thread 0x00007f6af400a000 Uncommon trap: reason=array_check action=maybe_recompile pc=0x00007f6b35376df0 method=java.util.ComparableTimSort.binarySort([Ljava/lang/Object;III)V @ 215
Event: 23,537 Thread 0x00007f6af400a000 Uncommon trap: reason=unstable_if action=reinterpret pc=0x00007f6b351cf658 method=org.objectweb.asm.Type.getArgumentsAndReturnSizes(Ljava/lang/String;)I @ 47

Internal exceptions (10 events):
Event: 23,568 Thread 0x00007f6af400a000 Threw 0x00000000ed2f8dd0 at /build/openjdk-7-2FOwCu/openjdk-7-7u95-2.6.4/build/openjdk/hotspot/src/share/vm/prims/jvm.cpp:1322
Event: 23,570 Thread 0x00007f6af400a000 Threw 0x00000000ed2ff820 at /build/openjdk-7-2FOwCu/openjdk-7-7u95-2.6.4/build/openjdk/hotspot/src/share/vm/prims/jvm.cpp:1322
Event: 23,571 Thread 0x00007f6af400a000 Threw 0x00000000ed300700 at /build/openjdk-7-2FOwCu/openjdk-7-7u95-2.6.4/build/openjdk/hotspot/src/share/vm/prims/jvm.cpp:1322
Event: 23,572 Thread 0x00007f6af400a000 Threw 0x00000000ed308728 at /build/openjdk-7-2FOwCu/openjdk-7-7u95-2.6.4/build/openjdk/hotspot/src/share/vm/prims/jvm.cpp:1322
Event: 23,573 Thread 0x00007f6af400a000 Threw 0x00000000ed3095f0 at /build/openjdk-7-2FOwCu/openjdk-7-7u95-2.6.4/build/openjdk/hotspot/src/share/vm/prims/jvm.cpp:1322
Event: 23,573 Thread 0x00007f6af400a000 Threw 0x00000000ed30d100 at /build/openjdk-7-2FOwCu/openjdk-7-7u95-2.6.4/build/openjdk/hotspot/src/share/vm/prims/jvm.cpp:1322
Event: 23,573 Thread 0x00007f6af400a000 Threw 0x00000000ed30dce0 at /build/openjdk-7-2FOwCu/openjdk-7-7u95-2.6.4/build/openjdk/hotspot/src/share/vm/prims/jvm.cpp:1322
Event: 23,576 Thread 0x00007f6af400a000 Threw 0x00000000ed31b2e0 at /build/openjdk-7-2FOwCu/openjdk-7-7u95-2.6.4/build/openjdk/hotspot/src/share/vm/prims/jvm.cpp:1322
Event: 23,576 Thread 0x00007f6af400a000 Threw 0x00000000ed31c0f0 at /build/openjdk-7-2FOwCu/openjdk-7-7u95-2.6.4/build/openjdk/hotspot/src/share/vm/prims/jvm.cpp:1322
Event: 23,576 Thread 0x00007f6af400a000 Threw 0x00000000ed322c98 at /build/openjdk-7-2FOwCu/openjdk-7-7u95-2.6.4/build/openjdk/hotspot/src/share/vm/prims/jvm.cpp:1322

Events (10 events):
Event: 23,570 loading class 0x00007f6af0c3e940
Event: 23,570 loading class 0x00007f6af0c3e940 done
Event: 23,572 loading class 0x00007f6af02970b0
Event: 23,572 loading class 0x00007f6af02970b0 done
Event: 23,573 loading class 0x00007f6af0c3e900
Event: 23,573 loading class 0x00007f6af0c3e900 done
Event: 23,575 loading class 0x00007f6b38109dd0
Event: 23,575 loading class 0x00007f6b38109dd0 done
Event: 23,576 loading class 0x00007f6af0910690
Event: 23,576 loading class 0x00007f6af0910690 done


Dynamic libraries:
00400000-00401000 r-xp 00000000 08:02 2761158                            /usr/lib/jvm/java-7-openjdk-amd64/jre/bin/java
00600000-00601000 r--p 00000000 08:02 2761158                            /usr/lib/jvm/java-7-openjdk-amd64/jre/bin/java
00601000-00602000 rw-p 00001000 08:02 2761158                            /usr/lib/jvm/java-7-openjdk-amd64/jre/bin/java
00d02000-00d23000 rw-p 00000000 00:00 0                                  [heap]
b0000000-b2700000 rw-p 00000000 00:00 0 
b2700000-c0000000 rw-p 00000000 00:00 0 
c0000000-c5200000 rw-p 00000000 00:00 0 
c5200000-eaa80000 rw-p 00000000 00:00 0 
eaa80000-fd280000 rw-p 00000000 00:00 0 
fd280000-100000000 rw-p 00000000 00:00 0 
7f6adc000000-7f6adc021000 rw-p 00000000 00:00 0 
7f6adc021000-7f6ae0000000 ---p 00000000 00:00 0 
7f6ae0000000-7f6ae0021000 rw-p 00000000 00:00 0 
7f6ae0021000-7f6ae4000000 ---p 00000000 00:00 0 
7f6ae4000000-7f6ae4021000 rw-p 00000000 00:00 0 
7f6ae4021000-7f6ae8000000 ---p 00000000 00:00 0 
7f6aea110000-7f6aea115000 r-xp 00000000 08:02 3175                       /lib/x86_64-linux-gnu/libnss_dns-2.19.so
7f6aea115000-7f6aea314000 ---p 00005000 08:02 3175                       /lib/x86_64-linux-gnu/libnss_dns-2.19.so
7f6aea314000-7f6aea315000 r--p 00004000 08:02 3175                       /lib/x86_64-linux-gnu/libnss_dns-2.19.so
7f6aea315000-7f6aea316000 rw-p 00005000 08:02 3175                       /lib/x86_64-linux-gnu/libnss_dns-2.19.so
7f6aea316000-7f6aea318000 r-xp 00000000 08:02 13475                      /lib/x86_64-linux-gnu/libnss_mdns4_minimal.so.2
7f6aea318000-7f6aea517000 ---p 00002000 08:02 13475                      /lib/x86_64-linux-gnu/libnss_mdns4_minimal.so.2
7f6aea517000-7f6aea518000 r--p 00001000 08:02 13475                      /lib/x86_64-linux-gnu/libnss_mdns4_minimal.so.2
7f6aea518000-7f6aea519000 rw-p 00002000 08:02 13475                      /lib/x86_64-linux-gnu/libnss_mdns4_minimal.so.2
7f6aea519000-7f6aea591000 r-xp 00000000 08:02 43082                      /usr/lib/x86_64-linux-gnu/nss/libfreebl3.so
7f6aea591000-7f6aea791000 ---p 00078000 08:02 43082                      /usr/lib/x86_64-linux-gnu/nss/libfreebl3.so
7f6aea791000-7f6aea793000 r--p 00078000 08:02 43082                      /usr/lib/x86_64-linux-gnu/nss/libfreebl3.so
7f6aea793000-7f6aea794000 rw-p 0007a000 08:02 43082                      /usr/lib/x86_64-linux-gnu/nss/libfreebl3.so
7f6aea794000-7f6aea798000 rw-p 00000000 00:00 0 
7f6aea798000-7f6aea84c000 r-xp 00000000 08:02 21880                      /usr/lib/x86_64-linux-gnu/libsqlite3.so.0.8.6
7f6aea84c000-7f6aeaa4c000 ---p 000b4000 08:02 21880                      /usr/lib/x86_64-linux-gnu/libsqlite3.so.0.8.6
7f6aeaa4c000-7f6aeaa4e000 r--p 000b4000 08:02 21880                      /usr/lib/x86_64-linux-gnu/libsqlite3.so.0.8.6
7f6aeaa4e000-7f6aeaa50000 rw-p 000b6000 08:02 21880                      /usr/lib/x86_64-linux-gnu/libsqlite3.so.0.8.6
7f6aeaa50000-7f6aeaa51000 rw-p 00000000 00:00 0 
7f6aeaa51000-7f6aeaa91000 r-xp 00000000 08:02 43080                      /usr/lib/x86_64-linux-gnu/nss/libsoftokn3.so
7f6aeaa91000-7f6aeac91000 ---p 00040000 08:02 43080                      /usr/lib/x86_64-linux-gnu/nss/libsoftokn3.so
7f6aeac91000-7f6aeac92000 r--p 00040000 08:02 43080                      /usr/lib/x86_64-linux-gnu/nss/libsoftokn3.so
7f6aeac92000-7f6aeac93000 rw-p 00041000 08:02 43080                      /usr/lib/x86_64-linux-gnu/nss/libsoftokn3.so
7f6aeac93000-7f6aeaccc000 r-xp 00000000 08:02 43062                      /usr/lib/x86_64-linux-gnu/libnspr4.so
7f6aeaccc000-7f6aeaecb000 ---p 00039000 08:02 43062                      /usr/lib/x86_64-linux-gnu/libnspr4.so
7f6aeaecb000-7f6aeaecc000 r--p 00038000 08:02 43062                      /usr/lib/x86_64-linux-gnu/libnspr4.so
7f6aeaecc000-7f6aeaecd000 rw-p 00039000 08:02 43062                      /usr/lib/x86_64-linux-gnu/libnspr4.so
7f6aeaecd000-7f6aeaed0000 rw-p 00000000 00:00 0 
7f6aeaed0000-7f6aeaed3000 r-xp 00000000 08:02 23344                      /usr/lib/x86_64-linux-gnu/libplds4.so
7f6aeaed3000-7f6aeb0d2000 ---p 00003000 08:02 23344                      /usr/lib/x86_64-linux-gnu/libplds4.so
7f6aeb0d2000-7f6aeb0d3000 r--p 00002000 08:02 23344                      /usr/lib/x86_64-linux-gnu/libplds4.so
7f6aeb0d3000-7f6aeb0d4000 rw-p 00003000 08:02 23344                      /usr/lib/x86_64-linux-gnu/libplds4.so
7f6aeb0d4000-7f6aeb0d8000 r-xp 00000000 08:02 43066                      /usr/lib/x86_64-linux-gnu/libplc4.so
7f6aeb0d8000-7f6aeb2d7000 ---p 00004000 08:02 43066                      /usr/lib/x86_64-linux-gnu/libplc4.so
7f6aeb2d7000-7f6aeb2d8000 r--p 00003000 08:02 43066                      /usr/lib/x86_64-linux-gnu/libplc4.so
7f6aeb2d8000-7f6aeb2d9000 rw-p 00004000 08:02 43066                      /usr/lib/x86_64-linux-gnu/libplc4.so
7f6aeb2d9000-7f6aeb2fe000 r-xp 00000000 08:02 23348                      /usr/lib/x86_64-linux-gnu/libnssutil3.so
7f6aeb2fe000-7f6aeb4fe000 ---p 00025000 08:02 23348                      /usr/lib/x86_64-linux-gnu/libnssutil3.so
7f6aeb4fe000-7f6aeb504000 r--p 00025000 08:02 23348                      /usr/lib/x86_64-linux-gnu/libnssutil3.so
7f6aeb504000-7f6aeb505000 rw-p 0002b000 08:02 23348                      /usr/lib/x86_64-linux-gnu/libnssutil3.so
7f6aeb505000-7f6aeb638000 r-xp 00000000 08:02 43071                      /usr/lib/x86_64-linux-gnu/libnss3.so
7f6aeb638000-7f6aeb837000 ---p 00133000 08:02 43071                      /usr/lib/x86_64-linux-gnu/libnss3.so
7f6aeb837000-7f6aeb83c000 r--p 00132000 08:02 43071                      /usr/lib/x86_64-linux-gnu/libnss3.so
7f6aeb83c000-7f6aeb83e000 rw-p 00137000 08:02 43071                      /usr/lib/x86_64-linux-gnu/libnss3.so
7f6aeb83e000-7f6aeb83f000 rw-p 00000000 00:00 0 
7f6aeb862000-7f6aeb863000 rw-p 00000000 00:00 0 
7f6aeb863000-7f6aeb873000 r-xp 00000000 08:02 2625913                    /usr/lib/jvm/java-7-openjdk-amd64/jre/lib/amd64/libj2pkcs11.so
7f6aeb873000-7f6aeba72000 ---p 00010000 08:02 2625913                    /usr/lib/jvm/java-7-openjdk-amd64/jre/lib/amd64/libj2pkcs11.so
7f6aeba72000-7f6aeba73000 r--p 0000f000 08:02 2625913                    /usr/lib/jvm/java-7-openjdk-amd64/jre/lib/amd64/libj2pkcs11.so
7f6aeba73000-7f6aeba74000 rw-p 00010000 08:02 2625913                    /usr/lib/jvm/java-7-openjdk-amd64/jre/lib/amd64/libj2pkcs11.so
7f6aeba74000-7f6aeba76000 r--s 00018000 08:02 2625932                    /usr/lib/jvm/java-7-openjdk-amd64/jre/lib/jce.jar
7f6aeba76000-7f6aeba7e000 r-xp 00000000 08:02 2625915                    /usr/lib/jvm/java-7-openjdk-amd64/jre/lib/amd64/libmanagement.so
7f6aeba7e000-7f6aebc7d000 ---p 00008000 08:02 2625915                    /usr/lib/jvm/java-7-openjdk-amd64/jre/lib/amd64/libmanagement.so
7f6aebc7d000-7f6aebc7e000 r--p 00007000 08:02 2625915                    /usr/lib/jvm/java-7-openjdk-amd64/jre/lib/amd64/libmanagement.so
7f6aebc7e000-7f6aebc7f000 rw-p 00008000 08:02 2625915                    /usr/lib/jvm/java-7-openjdk-amd64/jre/lib/amd64/libmanagement.so
7f6aebc7f000-7f6aebc80000 r--s 00004000 08:02 2759055                    /home/ivan/tools/android/android-studio/gradle/m2repository/com/intellij/annotations/12.0/annotations-12.0.jar
7f6aebc80000-7f6aebc82000 r--s 0000d000 08:02 2759096                    /home/ivan/tools/android/android-studio/gradle/m2repository/commons-codec/commons-codec/1.4/commons-codec-1.4.jar
7f6aebc82000-7f6aebc84000 r--s 0000d000 08:02 28313190                   /home/ivan/tools/android/android-studio/gradle/m2repository/commons-logging/commons-logging/1.1.1/commons-logging-1.1.1.jar
7f6aebc84000-7f6aebc89000 r--s 00028000 08:02 28837451                   /home/ivan/tools/android/android-studio/gradle/m2repository/org/apache/httpcomponents/httpcore/4.1/httpcore-4.1.jar
7f6aebc89000-7f6aebc91000 r--s 000a8000 08:02 31606554                   /home/ivan/tools/android/android-studio/gradle/m2repository/com/android/tools/external/lombok/lombok-ast/0.2.3/lombok-ast-0.2.3.jar
7f6aebc91000-7f6aebc93000 r--s 00005000 08:02 28444458                   /home/ivan/tools/android/android-studio/gradle/m2repository/org/abego/treelayout/org.abego.treelayout.core/1.0.1/org.abego.treelayout.core-1.0.1.jar
7f6aebc93000-7f6aebc94000 r--s 0000a000 08:02 2759092                    /home/ivan/tools/android/android-studio/gradle/m2repository/net/sf/kxml/kxml2/2.3.0/kxml2-2.3.0.jar
7f6aebc94000-7f6aebc95000 r--s 00005000 08:02 2752550                    /home/ivan/tools/android/android-studio/gradle/m2repository/com/android/tools/dvlib/24.5.0/dvlib-24.5.0.jar
7f6aebc95000-7f6aebc9c000 r--s 00053000 08:02 28968388                   /home/ivan/tools/android/android-studio/gradle/m2repository/org/apache/commons/commons-compress/1.8.1/commons-compress-1.8.1.jar
7f6aebc9c000-7f6aebca1000 r--s 0002a000 08:02 30676744                   /home/ivan/tools/android/android-studio/gradle/m2repository/com/google/code/gson/gson/2.2.4/gson-2.2.4.jar
7f6aebca1000-7f6aebca4000 r--s 00013000 08:02 31854201                   /home/ivan/tools/android/android-studio/gradle/m2repository/com/android/tools/layoutlib/layoutlib-api/24.5.0/layoutlib-api-24.5.0.jar
7f6aebca4000-7f6aebca6000 r--s 00005000 08:02 28837444                   /home/ivan/tools/android/android-studio/gradle/m2repository/org/apache/httpcomponents/httpmime/4.1/httpmime-4.1.jar
7f6aebca6000-7f6aebcae000 r--s 0004e000 08:02 28968380                   /home/ivan/tools/android/android-studio/gradle/m2repository/org/apache/httpcomponents/httpclient/4.1.1/httpclient-4.1.1.jar
7f6aebcae000-7f6aebcb1000 r--s 0002d000 08:02 31462666                   /home/ivan/tools/android/android-studio/gradle/m2repository/com/android/tools/lint/lint-api/24.5.0/lint-api-24.5.0.jar
7f6aebcb1000-7f6aebcb2000 r--s 00004000 08:02 29623624                   /home/ivan/tools/android/android-studio/gradle/m2repository/org/ow2/asm/asm-analysis/5.0.3/asm-analysis-5.0.3.jar
7f6aebcb2000-7f6aebcb6000 r--s 00037000 08:02 28313210                   /home/ivan/tools/android/android-studio/gradle/m2repository/org/antlr/ST4/4.0.8/ST4-4.0.8.jar
7f6aebcb6000-7f6aebcb7000 r--s 00002000 08:02 30676751                   /home/ivan/tools/android/android-studio/gradle/m2repository/com/tunnelvisionlabs/antlr4-annotations/4.5/antlr4-annotations-4.5.jar
7f6aebcb7000-7f6aebcbe000 r--s 00062000 08:02 30017461                   /home/ivan/tools/android/android-studio/gradle/m2repository/com/tunnelvisionlabs/antlr4-runtime/4.5/antlr4-runtime-4.5.jar
7f6aebcbe000-7f6aebccc000 r--s 00081000 08:02 29230164                   /home/ivan/tools/android/android-studio/gradle/m2repository/org/bouncycastle/bcpkix-jdk15on/1.48/bcpkix-jdk15on-1.48.jar
7f6aebccc000-7f6aebcce000 r--s 00005000 08:02 2759048                    /home/ivan/tools/android/android-studio/gradle/m2repository/com/android/tools/jill/jill-api/0.9.0/jill-api-0.9.0.jar
7f6aebcce000-7f6aebcd2000 r--s 00027000 08:02 2757179                    /home/ivan/tools/android/android-studio/gradle/m2repository/com/android/tools/build/manifest-merger/24.5.0/manifest-merger-24.5.0.jar
7f6aebcd2000-7f6aebcd7000 r--s 00047000 08:02 2752628                    /home/ivan/tools/android/android-studio/gradle/m2repository/com/android/tools/ddms/ddmlib/24.5.0/ddmlib-24.5.0.jar
7f6aebcd7000-7f6aebcd9000 r--s 00006000 08:02 31199226                   /home/ivan/tools/android/android-studio/gradle/m2repository/com/android/tools/jack/jack-api/0.9.0/jack-api-0.9.0.jar
7f6aebcd9000-7f6aebcda000 r--s 0000c000 08:02 29755695                   /home/ivan/tools/android/android-studio/gradle/m2repository/org/ow2/asm/asm/5.0.3/asm-5.0.3.jar
7f6aebcda000-7f6aebcdb000 r--s 00002000 08:02 2758969                    /home/ivan/tools/android/android-studio/gradle/m2repository/com/android/tools/build/builder-test-api/1.5.0/builder-test-api-1.5.0.jar
7f6aebcdb000-7f6aebcde000 r--s 00026000 08:02 28313205                   /home/ivan/tools/android/android-studio/gradle/m2repository/org/antlr/antlr-runtime/3.5.2/antlr-runtime-3.5.2.jar
7f6aebcde000-7f6aebce8000 r--s 000ab000 08:02 2752613                    /home/ivan/tools/android/android-studio/gradle/m2repository/com/android/tools/sdklib/24.5.0/sdklib-24.5.0.jar
7f6aebce8000-7f6aebcea000 r--s 00002000 08:02 30017450                   /home/ivan/tools/android/android-studio/gradle/m2repository/com/squareup/javawriter/2.5.0/javawriter-2.5.0.jar
7f6aebcea000-7f6aebcec000 r--s 00016000 08:02 2757143                    /home/ivan/tools/android/android-studio/gradle/m2repository/com/android/tools/common/24.5.0/common-24.5.0.jar
7f6aebcec000-7f6aebcee000 r--s 00006000 08:02 29885961                   /home/ivan/tools/android/android-studio/gradle/m2repository/org/ow2/asm/asm-tree/5.0.3/asm-tree-5.0.3.jar
7f6aebcee000-7f6aebcf0000 r--s 00005000 08:02 2757281                    /home/ivan/tools/android/android-studio/gradle/m2repository/com/android/tools/build/builder-model/1.5.0/builder-model-1.5.0.jar
7f6aebcf0000-7f6aebd23000 r--s 00203000 08:02 29492123                   /home/ivan/tools/android/android-studio/gradle/m2repository/org/bouncycastle/bcprov-jdk15on/1.48/bcprov-jdk15on-1.48.jar
7f6aebd23000-7f6aebd2b000 r--s 00079000 08:02 2752933                    /home/ivan/tools/android/android-studio/gradle/m2repository/com/android/tools/sdk-common/24.5.0/sdk-common-24.5.0.jar
7f6aebd2b000-7f6aebd3d000 r--s 00223000 08:02 28575587                   /home/ivan/tools/android/android-studio/gradle/m2repository/org/eclipse/jdt/core/compiler/ecj/4.4.2/ecj-4.4.2.jar
7f6aebd3d000-7f6aebd43000 r--s 000af000 08:02 31330796                   /home/ivan/tools/android/android-studio/gradle/m2repository/com/android/tools/lint/lint-checks/24.5.0/lint-checks-24.5.0.jar
7f6aebd43000-7f6aebd53000 r--s 000d6000 08:02 2759067                    /home/ivan/tools/android/android-studio/gradle/m2repository/net/sf/proguard/proguard-base/5.2.1/proguard-base-5.2.1.jar
7f6aebd53000-7f6aebd54000 r--s 00002000 08:02 31065982                   /home/ivan/tools/android/android-studio/gradle/m2repository/com/android/databinding/baseLibrary/1.0-rc5/baseLibrary-1.0-rc5.jar
7f6aebd54000-7f6aebd58000 r--s 0002a000 08:02 28182173                   /home/ivan/tools/android/android-studio/gradle/m2repository/commons-io/commons-io/2.4/commons-io-2.4.jar
7f6aebd58000-7f6aebd62000 r--s 00099000 08:02 30017465                   /home/ivan/tools/android/android-studio/gradle/m2repository/com/tunnelvisionlabs/antlr4/4.5/antlr4-4.5.jar
7f6aebd62000-7f6aebd69000 r--s 0005e000 08:02 28968393                   /home/ivan/tools/android/android-studio/gradle/m2repository/org/apache/commons/commons-lang3/3.3.2/commons-lang3-3.3.2.jar
7f6aebd69000-7f6aebd6c000 r--s 00033000 08:02 30676772                   /home/ivan/tools/android/android-studio/gradle/m2repository/com/googlecode/juniversalchardet/juniversalchardet/1.0.3/juniversalchardet-1.0.3.jar
7f6aebd6c000-7f6aebd6d000 r--s 00001000 08:02 31724219                   /home/ivan/tools/android/android-studio/gradle/m2repository/com/android/tools/annotations/24.5.0/annotations-24.5.0.jar
7f6aebd6d000-7f6aebd98000 r--s 001f9000 08:02 31065959                   /home/ivan/tools/android/android-studio/gradle/m2repository/com/google/guava/guava/17.0/guava-17.0.jar
7f6aebd98000-7f6aebd9d000 r--s 00058000 08:02 29623630                   /home/ivan/tools/android/android-studio/gradle/m2repository/org/ow2/asm/asm-debug-all/5.0.1/asm-debug-all-5.0.1.jar
7f6aebd9d000-7f6aebda3000 r--s 0005a000 08:02 2757183                    /home/ivan/tools/android/android-studio/gradle/m2repository/com/android/tools/build/builder/1.5.0/builder-1.5.0.jar
7f6aebda3000-7f6aebda5000 r--s 00022000 08:02 31199233                   /home/ivan/tools/android/android-studio/gradle/m2repository/com/android/tools/lint/lint/24.5.0/lint-24.5.0.jar
7f6aebda5000-7f6aebda6000 r--s 00002000 08:02 2759078                    /home/ivan/tools/android/android-studio/gradle/m2repository/net/sf/proguard/proguard-gradle/5.2.1/proguard-gradle-5.2.1.jar
7f6aebda6000-7f6aebdaa000 r--s 00026000 08:02 31065977                   /home/ivan/tools/android/android-studio/gradle/m2repository/com/android/databinding/compilerCommon/1.0-rc5/compilerCommon-1.0-rc5.jar
7f6aebdaa000-7f6aebdae000 r--s 0001e000 08:02 28444451                   /home/ivan/tools/android/android-studio/gradle/m2repository/org/jacoco/org.jacoco.core/0.7.4.201502262128/org.jacoco.core-0.7.4.201502262128.jar
7f6aebdae000-7f6aebdc5000 r--s 0012c000 08:02 2757159                    /home/ivan/tools/android/android-studio/gradle/m2repository/com/android/tools/build/gradle-core/1.5.0/gradle-core-1.5.0.jar
7f6aebdc5000-7f6aebdc8000 ---p 00000000 00:00 0 
7f6aebdc8000-7f6aebec6000 rw-p 00000000 00:00 0                          [stack:23050]
7f6aebec6000-7f6aebec9000 ---p 00000000 00:00 0 
7f6aebec9000-7f6aebeff000 rw-p 00000000 00:00 0                          [stack:23049]
7f6aebeff000-7f6aebf02000 ---p 00000000 00:00 0 
7f6aebf02000-7f6aec000000 rw-p 00000000 00:00 0                          [stack:23044]
7f6aec000000-7f6aec021000 rw-p 00000000 00:00 0 
7f6aec021000-7f6af0000000 ---p 00000000 00:00 0 
7f6af0000000-7f6af0c7a000 rw-p 00000000 00:00 0 
7f6af0c7a000-7f6af4000000 ---p 00000000 00:00 0 
7f6af4000000-7f6af4021000 rw-p 00000000 00:00 0 
7f6af4021000-7f6af8000000 ---p 00000000 00:00 0 
7f6af8000000-7f6af8038000 rw-p 00000000 00:00 0 
7f6af8038000-7f6afc000000 ---p 00000000 00:00 0 
7f6afc000000-7f6afc021000 rw-p 00000000 00:00 0 
7f6afc021000-7f6b00000000 ---p 00000000 00:00 0 
7f6b00000000-7f6b0006c000 rw-p 00000000 00:00 0 
7f6b0006c000-7f6b04000000 ---p 00000000 00:00 0 
7f6b04000000-7f6b05341000 rw-p 00000000 00:00 0 
7f6b05341000-7f6b08000000 ---p 00000000 00:00 0 
7f6b08000000-7f6b08021000 rw-p 00000000 00:00 0 
7f6b08021000-7f6b0c000000 ---p 00000000 00:00 0 
7f6b0c000000-7f6b0c021000 rw-p 00000000 00:00 0 
7f6b0c021000-7f6b10000000 ---p 00000000 00:00 0 
7f6b10000000-7f6b118cb000 rw-p 00000000 00:00 0 
7f6b118cb000-7f6b14000000 ---p 00000000 00:00 0 
7f6b14000000-7f6b14021000 rw-p 00000000 00:00 0 
7f6b14021000-7f6b18000000 ---p 00000000 00:00 0 
7f6b18000000-7f6b18021000 rw-p 00000000 00:00 0 
7f6b18021000-7f6b1c000000 ---p 00000000 00:00 0 
7f6b1c000000-7f6b1c027000 rw-p 00000000 00:00 0 
7f6b1c027000-7f6b20000000 ---p 00000000 00:00 0 
7f6b20000000-7f6b20051000 rw-p 00000000 00:00 0 
7f6b20051000-7f6b24000000 ---p 00000000 00:00 0 
7f6b24000000-7f6b24021000 rw-p 00000000 00:00 0 
7f6b24021000-7f6b28000000 ---p 00000000 00:00 0 
7f6b28000000-7f6b28025000 rw-p 00000000 00:00 0 
7f6b28025000-7f6b2c000000 ---p 00000000 00:00 0 
7f6b2c000000-7f6b2c021000 rw-p 00000000 00:00 0 
7f6b2c021000-7f6b30000000 ---p 00000000 00:00 0 
7f6b30000000-7f6b30002000 r--s 00001000 08:02 2758980                    /home/ivan/tools/android/android-studio/gradle/m2repository/com/android/tools/build/transform-api/1.5.0/transform-api-1.5.0.jar
7f6b30002000-7f6b30004000 r--s 0000d000 08:02 2757330                    /home/ivan/tools/android/android-studio/gradle/m2repository/com/android/tools/build/gradle/1.5.0/gradle-1.5.0.jar
7f6b30004000-7f6b3000e000 r--s 000ae000 08:02 2625887                    /usr/lib/jvm/java-7-openjdk-amd64/jre/lib/resources.jar
7f6b3000e000-7f6b3000f000 r--p 00000000 00:00 0 
7f6b3000f000-7f6b3007a000 r--s 0069d000 08:02 2761103                    /usr/lib/jvm/java-7-openjdk-amd64/lib/tools.jar
7f6b3007a000-7f6b30081000 r--s 00000000 08:02 3208                       /usr/lib/x86_64-linux-gnu/gconv/gconv-modules.cache
7f6b30081000-7f6b30084000 ---p 00000000 00:00 0 
7f6b30084000-7f6b30182000 rw-p 00000000 00:00 0                          [stack:23041]
7f6b30182000-7f6b30185000 ---p 00000000 00:00 0 
7f6b30185000-7f6b30283000 rw-p 00000000 00:00 0                          [stack:23040]
7f6b30283000-7f6b30286000 ---p 00000000 00:00 0 
7f6b30286000-7f6b30384000 rw-p 00000000 00:00 0                          [stack:23037]
7f6b30384000-7f6b30387000 ---p 00000000 00:00 0 
7f6b30387000-7f6b30485000 rw-p 00000000 00:00 0                          [stack:23036]
7f6b30485000-7f6b30488000 ---p 00000000 00:00 0 
7f6b30488000-7f6b30586000 rw-p 00000000 00:00 0                          [stack:23035]
7f6b30586000-7f6b3058a000 r--s 0004f000 08:02 2625874                    /usr/lib/jvm/java-7-openjdk-amd64/jre/lib/jsse.jar
7f6b3058a000-7f6b3058c000 r--s 00005000 08:02 28186656                   /home/ivan/tools/android/android-studio/gradle/gradle-2.8/lib/plugins/gradle-tooling-api-builders-2.8.jar
7f6b3058c000-7f6b3059c000 r--s 00088000 08:02 28186616                   /home/ivan/tools/android/android-studio/gradle/gradle-2.8/lib/plugins/joda-time-2.8.2.jar
7f6b3059c000-7f6b305ad000 r--s 000cf000 08:02 28186710                   /home/ivan/tools/android/android-studio/gradle/gradle-2.8/lib/plugins/jackson-databind-2.3.2.jar
7f6b305ad000-7f6b305af000 r--s 00007000 08:02 28186715                   /home/ivan/tools/android/android-studio/gradle/gradle-2.8/lib/plugins/jackson-annotations-2.3.2.jar
7f6b305af000-7f6b305b2000 r--s 0002e000 08:02 28186719                   /home/ivan/tools/android/android-studio/gradle/gradle-2.8/lib/plugins/jackson-core-2.3.2.jar
7f6b305b2000-7f6b305bd000 r--s 0006b000 08:02 28186699                   /home/ivan/tools/android/android-studio/gradle/gradle-2.8/lib/plugins/aws-java-sdk-core-1.9.19.jar
7f6b305bd000-7f6b305c3000 r--s 00036000 08:02 28186729                   /home/ivan/tools/android/android-studio/gradle/gradle-2.8/lib/plugins/aws-java-sdk-kms-1.9.19.jar
7f6b305c3000-7f6b305ce000 r--s 00079000 08:02 28186696                   /home/ivan/tools/android/android-studio/gradle/gradle-2.8/lib/plugins/aws-java-sdk-s3-1.9.19.jar
7f6b305ce000-7f6b305cf000 r--s 00003000 08:02 28186635                   /home/ivan/tools/android/android-studio/gradle/gradle-2.8/lib/plugins/gradle-resources-s3-2.8.jar
7f6b305cf000-7f6b305d0000 r--s 00004000 08:02 28186658                   /home/ivan/tools/android/android-studio/gradle/gradle-2.8/lib/plugins/gradle-resources-sftp-2.8.jar
7f6b305d0000-7f6b305d1000 r--s 00001000 08:02 28182195                   /home/ivan/tools/android/android-studio/gradle/gradle-2.8/lib/plugins/gradle-plugin-development-2.8.jar
7f6b305d1000-7f6b305d3000 r--s 00005000 08:02 28186638                   /home/ivan/tools/android/android-studio/gradle/gradle-2.8/lib/plugins/gradle-testing-native-2.8.jar
7f6b305d3000-7f6b305d8000 r--s 0002b000 08:02 28186614                   /home/ivan/tools/android/android-studio/gradle/gradle-2.8/lib/plugins/gradle-ide-native-2.8.jar
7f6b305d8000-7f6b305de000 r--s 00019000 08:02 28186646                   /home/ivan/tools/android/android-studio/gradle/gradle-2.8/lib/plugins/gradle-language-native-2.8.jar
7f6b305de000-7f6b305e3000 r--s 00028000 08:02 28186657                   /home/ivan/tools/android/android-studio/gradle/gradle-2.8/lib/plugins/gradle-platform-play-2.8.jar
7f6b305e3000-7f6b305f0000 r--s 0004f000 08:02 28182205                   /home/ivan/tools/android/android-studio/gradle/gradle-2.8/lib/plugins/gradle-platform-native-2.8.jar
7f6b305f0000-7f6b305f3000 r--s 00008000 08:02 28186617                   /home/ivan/tools/android/android-studio/gradle/gradle-2.8/lib/plugins/gradle-language-scala-2.8.jar
7f6b305f3000-7f6b305f6000 r--s 00009000 08:02 28186641                   /home/ivan/tools/android/android-studio/gradle/gradle-2.8/lib/plugins/gradle-language-groovy-2.8.jar
7f6b305f6000-7f6b305fc000 r--s 00023000 08:02 28182202                   /home/ivan/tools/android/android-studio/gradle/gradle-2.8/lib/plugins/gradle-language-java-2.8.jar
7f6b305fc000-7f6b305fe000 r--s 00008000 08:02 28182194                   /home/ivan/tools/android/android-studio/gradle/gradle-2.8/lib/plugins/gradle-language-jvm-2.8.jar
7f6b305fe000-7f6b30601000 r--s 0000d000 08:02 28186648                   /home/ivan/tools/android/android-studio/gradle/gradle-2.8/lib/plugins/gradle-platform-jvm-2.8.jar
7f6b30601000-7f6b30609000 r--s 0002c000 08:02 28186626                   /home/ivan/tools/android/android-studio/gradle/gradle-2.8/lib/plugins/gradle-platform-base-2.8.jar
7f6b30609000-7f6b3060d000 r--s 00020000 08:02 28182209                   /home/ivan/tools/android/android-studio/gradle/gradle-2.8/lib/plugins/gradle-build-init-2.8.jar
7f6b3060d000-7f6b30610000 r--s 00017000 08:02 28186651                   /home/ivan/tools/android/android-studio/gradle/gradle-2.8/lib/plugins/gradle-jacoco-2.8.jar
7f6b30610000-7f6b30613000 r--s 0000e000 08:02 28186613                   /home/ivan/tools/android/android-studio/gradle/gradle-2.8/lib/plugins/gradle-ivy-2.8.jar
7f6b30613000-7f6b30615000 r--s 00002000 08:02 28182208                   /home/ivan/tools/android/android-studio/gradle/gradle-2.8/lib/plugins/gradle-publish-2.8.jar
7f6b30615000-7f6b30617000 r--s 00005000 08:02 28186700                   /home/ivan/tools/android/android-studio/gradle/gradle-2.8/lib/plugins/jatl-0.2.2.jar
7f6b30617000-7f6b30619000 r--s 0000f000 08:02 28186644                   /home/ivan/tools/android/android-studio/gradle/gradle-2.8/lib/plugins/gradle-reporting-2.8.jar
7f6b30619000-7f6b3061e000 r--s 00035000 08:02 28186631                   /home/ivan/tools/android/android-studio/gradle/gradle-2.8/lib/plugins/gradle-diagnostics-2.8.jar
7f6b3061e000-7f6b30625000 r--s 0008f000 08:02 28186652                   /home/ivan/tools/android/android-studio/gradle/gradle-2.8/lib/plugins/gradle-build-comparison-2.8.jar
7f6b30625000-7f6b3062c000 r--s 00035000 08:02 28186702                   /home/ivan/tools/android/android-studio/gradle/gradle-2.8/lib/plugins/simple-4.1.21.jar
7f6b3062c000-7f6b30638000 r--s 00100000 08:02 28186708                   /home/ivan/tools/android/android-studio/gradle/gradle-2.8/lib/plugins/rhino-1.7R3.jar
7f6b30638000-7f6b3063c000 r--s 0001c000 08:02 28182200                   /home/ivan/tools/android/android-studio/gradle/gradle-2.8/lib/plugins/gradle-javascript-2.8.jar
7f6b3063c000-7f6b3063e000 r--s 0000b000 08:02 28186639                   /home/ivan/tools/android/android-studio/gradle/gradle-2.8/lib/plugins/gradle-ear-2.8.jar
7f6b3063e000-7f6b30645000 r--s 00038000 08:02 28186716                   /home/ivan/tools/android/android-studio/gradle/gradle-2.8/lib/plugins/bcpg-jdk15on-1.51.jar
7f6b30645000-7f6b30647000 r--s 00017000 08:02 28182207                   /home/ivan/tools/android/android-studio/gradle/gradle-2.8/lib/plugins/gradle-signing-2.8.jar
7f6b30647000-7f6b30648000 r--s 00002000 08:02 28186703                   /home/ivan/tools/android/android-studio/gradle/gradle-2.8/lib/plugins/sonar-batch-bootstrapper-2.9.jar
7f6b30648000-7f6b3064b000 r--s 00015000 08:02 28186632                   /home/ivan/tools/android/android-studio/gradle/gradle-2.8/lib/plugins/gradle-sonar-2.8.jar
7f6b3064b000-7f6b3064e000 r--s 00010000 08:02 28186629                   /home/ivan/tools/android/android-studio/gradle/gradle-2.8/lib/plugins/gradle-scala-2.8.jar
7f6b3064e000-7f6b30650000 r--s 0000a000 08:02 28186628                   /home/ivan/tools/android/android-studio/gradle/gradle-2.8/lib/plugins/gradle-announce-2.8.jar
7f6b30650000-7f6b3065e000 r--s 0009f000 08:02 28186630                   /home/ivan/tools/android/android-studio/gradle/gradle-2.8/lib/plugins/gradle-ide-2.8.jar
7f6b3065e000-7f6b30661000 r--s 0000c000 08:02 28186727                   /home/ivan/tools/android/android-studio/gradle/gradle-2.8/lib/plugins/pmaven-groovy-0.8-20100325.jar
7f6b30661000-7f6b30662000 r--s 00004000 08:02 28186718                   /home/ivan/tools/android/android-studio/gradle/gradle-2.8/lib/plugins/pmaven-common-0.8-20100325.jar
7f6b30662000-7f6b30668000 r--s 00022000 08:02 28186643                   /home/ivan/tools/android/android-studio/gradle/gradle-2.8/lib/plugins/gradle-maven-2.8.jar
7f6b30668000-7f6b30689000 r--s 001c3000 08:02 28186642                   /home/ivan/tools/android/android-studio/gradle/gradle-2.8/lib/plugins/bndlib-2.4.0.jar
7f6b30689000-7f6b3068b000 r--s 00004000 08:02 28182196                   /home/ivan/tools/android/android-studio/gradle/gradle-2.8/lib/plugins/gradle-osgi-2.8.jar
7f6b3068b000-7f6b3068d000 r--s 00008000 08:02 28186637                   /home/ivan/tools/android/android-studio/gradle/gradle-2.8/lib/plugins/gradle-antlr-2.8.jar
7f6b3068d000-7f6b30690000 r--s 0001e000 08:02 28186728                   /home/ivan/tools/android/android-studio/gradle/gradle-2.8/lib/plugins/jsp-api-2.1-6.1.14.jar
7f6b30690000-7f6b306b3000 r--s 00344000 08:02 28186731                   /home/ivan/tools/android/android-studio/gradle/gradle-2.8/lib/plugins/core-3.1.1.jar
7f6b306b3000-7f6b306b4000 r--s 00006000 08:02 28186725                   /home/ivan/tools/android/android-studio/gradle/gradle-2.8/lib/plugins/jetty-naming-6.1.25.jar
7f6b306b4000-7f6b306b5000 r--s 00002000 08:02 28186706                   /home/ivan/tools/android/android-studio/gradle/gradle-2.8/lib/plugins/geronimo-annotation_1.0_spec-1.0.jar
7f6b306b5000-7f6b306b7000 r--s 00002000 08:02 28186697                   /home/ivan/tools/android/android-studio/gradle/gradle-2.8/lib/plugins/jetty-annotations-6.1.25.jar
7f6b306b7000-7f6b306c8000 r--s 000ea000 08:02 28186732                   /home/ivan/tools/android/android-studio/gradle/gradle-2.8/lib/plugins/jsp-2.1-6.1.14.jar
7f6b306c8000-7f6b306ca000 r--s 0000d000 08:02 28186694                   /home/ivan/tools/android/android-studio/gradle/gradle-2.8/lib/plugins/jetty-plus-6.1.25.jar
7f6b306ca000-7f6b306cc000 r--s 0001f000 08:02 28186690                   /home/ivan/tools/android/android-studio/gradle/gradle-2.8/lib/plugins/servlet-api-2.5-20081211.jar
7f6b306cc000-7f6b306d0000 r--s 00028000 08:02 28186721                   /home/ivan/tools/android/android-studio/gradle/gradle-2.8/lib/plugins/jetty-util-6.1.25.jar
7f6b306d0000-7f6b306d7000 r--s 0007d000 08:02 28186692                   /home/ivan/tools/android/android-studio/gradle/gradle-2.8/lib/plugins/jetty-6.1.25.jar
7f6b306d7000-7f6b306d9000 r--s 00009000 08:02 28186615                   /home/ivan/tools/android/android-studio/gradle/gradle-2.8/lib/plugins/gradle-jetty-2.8.jar
7f6b306d9000-7f6b306df000 r--s 00036000 08:02 28186645                   /home/ivan/tools/android/android-studio/gradle/gradle-2.8/lib/plugins/gradle-code-quality-2.8.jar
7f6b306df000-7f6b306e1000 r--s 00009000 08:02 28186709                   /home/ivan/tools/android/android-studio/gradle/gradle-2.8/lib/plugins/hamcrest-core-1.3.jar
7f6b306e1000-7f6b306e7000 r--s 00033000 08:02 28186691                   /home/ivan/tools/android/android-studio/gradle/gradle-2.8/lib/plugins/snakeyaml-1.6.jar
7f6b306e7000-7f6b306e9000 r--s 00006000 08:02 28186726                   /home/ivan/tools/android/android-studio/gradle/gradle-2.8/lib/plugins/jcommander-1.12.jar
7f6b306e9000-7f6b306ee000 r--s 00040000 08:02 28186698                   /home/ivan/tools/android/android-studio/gradle/gradle-2.8/lib/plugins/bsh-2.0b4.jar
7f6b306ee000-7f6b306f0000 r--s 00009000 08:02 28186704                   /home/ivan/tools/android/android-studio/gradle/gradle-2.8/lib/plugins/commons-cli-1.2.jar
7f6b306f0000-7f6b306f9000 r--s 00089000 08:02 28186724                   /home/ivan/tools/android/android-studio/gradle/gradle-2.8/lib/plugins/testng-6.3.1.jar
7f6b306f9000-7f6b30701000 r--s 00045000 08:02 28186713                   /home/ivan/tools/android/android-studio/gradle/gradle-2.8/lib/plugins/junit-4.12.jar
7f6b30701000-7f6b3070d000 r--s 00073000 08:02 28182203                   /home/ivan/tools/android/android-studio/gradle/gradle-2.8/lib/plugins/gradle-plugins-2.8.jar
7f6b3070d000-7f6b30725000 r--s 00115000 08:02 28186720                   /home/ivan/tools/android/android-studio/gradle/gradle-2.8/lib/plugins/xercesImpl-2.9.1.jar
7f6b30725000-7f6b3072d000 r--s 00028000 08:02 28186695                   /home/ivan/tools/android/android-studio/gradle/gradle-2.8/lib/plugins/xml-apis-1.3.04.jar
7f6b3072d000-7f6b30733000 r--s 0005b000 08:02 28186693                   /home/ivan/tools/android/android-studio/gradle/gradle-2.8/lib/plugins/jcifs-1.3.17.jar
7f6b30733000-7f6b30739000 r--s 00031000 08:02 28186711                   /home/ivan/tools/android/android-studio/gradle/gradle-2.8/lib/plugins/httpcore-4.2.2.jar
7f6b30739000-7f6b3073f000 r--s 00033000 08:02 28186717                   /home/ivan/tools/android/android-studio/gradle/gradle-2.8/lib/plugins/commons-codec-1.6.jar
7f6b3073f000-7f6b30742000 r--s 0001c000 08:02 28186705                   /home/ivan/tools/android/android-studio/gradle/gradle-2.8/lib/plugins/nekohtml-1.9.14.jar
7f6b30742000-7f6b3074b000 r--s 00060000 08:02 28186714                   /home/ivan/tools/android/android-studio/gradle/gradle-2.8/lib/plugins/httpclient-4.2.2.jar
7f6b3074b000-7f6b3074d000 r--s 00009000 08:02 28182193                   /home/ivan/tools/android/android-studio/gradle/gradle-2.8/lib/plugins/gradle-resources-http-2.8.jar
7f6b3074d000-7f6b30750000 r--s 00011000 08:02 28186619                   /home/ivan/tools/android/android-studio/gradle/gradle-2.8/lib/plugins/gradle-plugin-use-2.8.jar
7f6b30750000-7f6b30751000 r--s 00007000 08:02 28186627                   /home/ivan/tools/android/android-studio/gradle/gradle-2.8/lib/plugins/wagon-http-shared4-2.4.jar
7f6b30751000-7f6b30755000 r--s 00033000 08:02 28182210                   /home/ivan/tools/android/android-studio/gradle/gradle-2.8/lib/plugins/plexus-utils-2.0.6.jar
7f6b30755000-7f6b30759000 r--s 00021000 08:02 28186654                   /home/ivan/tools/android/android-studio/gradle/gradle-2.8/lib/plugins/maven-model-builder-3.0.4.jar
7f6b30759000-7f6b3075a000 r--s 00002000 08:02 28186621                   /home/ivan/tools/android/android-studio/gradle/gradle-2.8/lib/plugins/wagon-file-2.4.jar
7f6b3075a000-7f6b3075c000 r--s 00002000 08:02 28182206                   /home/ivan/tools/android/android-studio/gradle/gradle-2.8/lib/plugins/plexus-cipher-1.7.jar
7f6b3075c000-7f6b3075f000 r--s 00013000 08:02 28186634                   /home/ivan/tools/android/android-studio/gradle/gradle-2.8/lib/plugins/aether-api-1.13.1.jar
7f6b3075f000-7f6b30761000 r--s 0000a000 08:02 28182191                   /home/ivan/tools/android/android-studio/gradle/gradle-2.8/lib/plugins/maven-settings-3.0.4.jar
7f6b30761000-7f6b30763000 r--s 0000d000 08:02 28186633                   /home/ivan/tools/android/android-studio/gradle/gradle-2.8/lib/plugins/plexus-interpolation-1.14.jar
7f6b30763000-7f6b30765000 r--s 0000b000 08:02 28182192                   /home/ivan/tools/android/android-studio/gradle/gradle-2.8/lib/plugins/maven-artifact-3.0.4.jar
7f6b30765000-7f6b3076c000 r--s 0002e000 08:02 28186659                   /home/ivan/tools/android/android-studio/gradle/gradle-2.8/lib/plugins/plexus-container-default-1.5.5.jar
7f6b3076c000-7f6b3076e000 r--s 0000b000 08:02 28182204                   /home/ivan/tools/android/android-studio/gradle/gradle-2.8/lib/plugins/maven-plugin-api-3.0.4.jar
7f6b3076e000-7f6b30770000 r--s 00000000 08:02 28186620                   /home/ivan/tools/android/android-studio/gradle/gradle-2.8/lib/plugins/plexus-component-annotations-1.5.5.jar
7f6b30770000-7f6b30776000 r--s 0003f000 08:02 28186622                   /home/ivan/tools/android/android-studio/gradle/gradle-2.8/lib/plugins/maven-compat-3.0.4.jar
7f6b30776000-7f6b30779000 r--s 00008000 08:02 28182199                   /home/ivan/tools/android/android-studio/gradle/gradle-2.8/lib/plugins/maven-settings-builder-3.0.4.jar
7f6b30779000-7f6b3077b000 r--s 00026000 08:02 28186650                   /home/ivan/tools/android/android-studio/gradle/gradle-2.8/lib/plugins/maven-model-3.0.4.jar
7f6b3077b000-7f6b3077d000 r--s 00006000 08:02 28182197                   /home/ivan/tools/android/android-studio/gradle/gradle-2.8/lib/plugins/aether-connector-wagon-1.13.1.jar
7f6b3077d000-7f6b3077f000 r--s 0000a000 08:02 28186624                   /home/ivan/tools/android/android-studio/gradle/gradle-2.8/lib/plugins/plexus-classworlds-2.4.jar
7f6b3077f000-7f6b30781000 r--s 00006000 08:02 28182201                   /home/ivan/tools/android/android-studio/gradle/gradle-2.8/lib/plugins/maven-repository-metadata-3.0.4.jar
7f6b30781000-7f6b30783000 r--s 0000c000 08:02 28186618                   /home/ivan/tools/android/android-studio/gradle/gradle-2.8/lib/plugins/maven-aether-provider-3.0.4.jar
7f6b30783000-7f6b30785000 r--s 0000b000 08:02 28186625                   /home/ivan/tools/android/android-studio/gradle/gradle-2.8/lib/plugins/wagon-provider-api-2.4.jar
7f6b30785000-7f6b30789000 r--s 0001c000 08:02 28186636                   /home/ivan/tools/android/android-studio/gradle/gradle-2.8/lib/plugins/aether-util-1.13.1.jar
7f6b30789000-7f6b3078c000 r--s 0001d000 08:02 28186647                   /home/ivan/tools/android/android-studio/gradle/gradle-2.8/lib/plugins/aether-impl-1.13.1.jar
7f6b3078c000-7f6b30790000 r--s 0003d000 08:02 28186701                   /home/ivan/tools/android/android-studio/gradle/gradle-2.8/lib/plugins/jsch-0.1.51.jar
7f6b30790000-7f6b307d0000 r--s 00277000 08:02 28186712                   /home/ivan/tools/android/android-studio/gradle/gradle-2.8/lib/plugins/bcprov-jdk15on-1.51.jar
7f6b307d0000-7f6b307d4000 r--s 0001d000 08:02 28186730                   /home/ivan/tools/android/android-studio/gradle/gradle-2.8/lib/plugins/xbean-reflect-3.4.jar
7f6b307d4000-7f6b307e0000 r--s 0007d000 08:02 28186640                   /home/ivan/tools/android/android-studio/gradle/gradle-2.8/lib/plugins/maven-core-3.0.4.jar
7f6b307e0000-7f6b307ef000 r--s 000d9000 08:02 28186707                   /home/ivan/tools/android/android-studio/gradle/gradle-2.8/lib/plugins/ivy-2.2.0.jar
7f6b307ef000-7f6b307f3000 r-xp 00000000 08:02 27396148                   /home/ivan/.gradle/native/19/linux-amd64/libnative-platform.so
7f6b307f3000-7f6b309f2000 ---p 00004000 08:02 27396148                   /home/ivan/.gradle/native/19/linux-amd64/libnative-platform.so
7f6b309f2000-7f6b309f3000 rw-p 00003000 08:02 27396148                   /home/ivan/.gradle/native/19/linux-amd64/libnative-platform.so
7f6b309f3000-7f6b30a03000 r-xp 00000000 08:02 2625910                    /usr/lib/jvm/java-7-openjdk-amd64/jre/lib/amd64/libnio.so
7f6b30a03000-7f6b30c03000 ---p 00010000 08:02 2625910                    /usr/lib/jvm/java-7-openjdk-amd64/jre/lib/amd64/libnio.so
7f6b30c03000-7f6b30c04000 r--p 00010000 08:02 2625910                    /usr/lib/jvm/java-7-openjdk-amd64/jre/lib/amd64/libnio.so
7f6b30c04000-7f6b30c05000 rw-p 00011000 08:02 2625910                    /usr/lib/jvm/java-7-openjdk-amd64/jre/lib/amd64/libnio.so
7f6b30c05000-7f6b30c36000 rw-p 00000000 00:00 0 
7f6b30c36000-7f6b30c73000 r-xp 00000000 08:02 13447                      /lib/x86_64-linux-gnu/libpcre.so.3.13.1
7f6b30c73000-7f6b30e72000 ---p 0003d000 08:02 13447                      /lib/x86_64-linux-gnu/libpcre.so.3.13.1
7f6b30e72000-7f6b30e73000 r--p 0003c000 08:02 13447                      /lib/x86_64-linux-gnu/libpcre.so.3.13.1
7f6b30e73000-7f6b30e74000 rw-p 0003d000 08:02 13447                      /lib/x86_64-linux-gnu/libpcre.so.3.13.1
7f6b30e74000-7f6b30e7b000 r-xp 00000000 08:02 21389                      /usr/lib/x86_64-linux-gnu/libffi.so.6.0.1
7f6b30e7b000-7f6b3107a000 ---p 00007000 08:02 21389                      /usr/lib/x86_64-linux-gnu/libffi.so.6.0.1
7f6b3107a000-7f6b3107b000 r--p 00006000 08:02 21389                      /usr/lib/x86_64-linux-gnu/libffi.so.6.0.1
7f6b3107b000-7f6b3107c000 rw-p 00007000 08:02 21389                      /usr/lib/x86_64-linux-gnu/libffi.so.6.0.1
7f6b3107c000-7f6b31093000 r-xp 00000000 08:02 3147                       /lib/x86_64-linux-gnu/libresolv-2.19.so
7f6b31093000-7f6b31293000 ---p 00017000 08:02 3147                       /lib/x86_64-linux-gnu/libresolv-2.19.so
7f6b31293000-7f6b31294000 r--p 00017000 08:02 3147                       /lib/x86_64-linux-gnu/libresolv-2.19.so
7f6b31294000-7f6b31295000 rw-p 00018000 08:02 3147                       /lib/x86_64-linux-gnu/libresolv-2.19.so
7f6b31295000-7f6b31297000 rw-p 00000000 00:00 0 
7f6b31297000-7f6b312b7000 r-xp 00000000 08:02 13524                      /lib/x86_64-linux-gnu/libselinux.so.1
7f6b312b7000-7f6b314b6000 ---p 00020000 08:02 13524                      /lib/x86_64-linux-gnu/libselinux.so.1
7f6b314b6000-7f6b314b7000 r--p 0001f000 08:02 13524                      /lib/x86_64-linux-gnu/libselinux.so.1
7f6b314b7000-7f6b314b8000 rw-p 00020000 08:02 13524                      /lib/x86_64-linux-gnu/libselinux.so.1
7f6b314b8000-7f6b314ba000 rw-p 00000000 00:00 0 
7f6b314ba000-7f6b314bd000 r-xp 00000000 08:02 28550                      /usr/lib/x86_64-linux-gnu/libgmodule-2.0.so.0.4002.0
7f6b314bd000-7f6b316bc000 ---p 00003000 08:02 28550                      /usr/lib/x86_64-linux-gnu/libgmodule-2.0.so.0.4002.0
7f6b316bc000-7f6b316bd000 r--p 00002000 08:02 28550                      /usr/lib/x86_64-linux-gnu/libgmodule-2.0.so.0.4002.0
7f6b316bd000-7f6b316be000 rw-p 00003000 08:02 28550                      /usr/lib/x86_64-linux-gnu/libgmodule-2.0.so.0.4002.0
7f6b316be000-7f6b317c4000 r-xp 00000000 08:02 13425                      /lib/x86_64-linux-gnu/libglib-2.0.so.0.4002.0
7f6b317c4000-7f6b319c3000 ---p 00106000 08:02 13425                      /lib/x86_64-linux-gnu/libglib-2.0.so.0.4002.0
7f6b319c3000-7f6b319c4000 r--p 00105000 08:02 13425                      /lib/x86_64-linux-gnu/libglib-2.0.so.0.4002.0
7f6b319c4000-7f6b319c5000 rw-p 00106000 08:02 13425                      /lib/x86_64-linux-gnu/libglib-2.0.so.0.4002.0
7f6b319c5000-7f6b319c6000 rw-p 00000000 00:00 0 
7f6b319c6000-7f6b31a15000 r-xp 00000000 08:02 28566                      /usr/lib/x86_64-linux-gnu/libgobject-2.0.so.0.4002.0
7f6b31a15000-7f6b31c15000 ---p 0004f000 08:02 28566                      /usr/lib/x86_64-linux-gnu/libgobject-2.0.so.0.4002.0
7f6b31c15000-7f6b31c16000 r--p 0004f000 08:02 28566                      /usr/lib/x86_64-linux-gnu/libgobject-2.0.so.0.4002.0
7f6b31c16000-7f6b31c17000 rw-p 00050000 08:02 28566                      /usr/lib/x86_64-linux-gnu/libgobject-2.0.so.0.4002.0
7f6b31c17000-7f6b31d83000 r-xp 00000000 08:02 28538                      /usr/lib/x86_64-linux-gnu/libgio-2.0.so.0.4002.0
7f6b31d83000-7f6b31f82000 ---p 0016c000 08:02 28538                      /usr/lib/x86_64-linux-gnu/libgio-2.0.so.0.4002.0
7f6b31f82000-7f6b31f86000 r--p 0016b000 08:02 28538                      /usr/lib/x86_64-linux-gnu/libgio-2.0.so.0.4002.0
7f6b31f86000-7f6b31f88000 rw-p 0016f000 08:02 28538                      /usr/lib/x86_64-linux-gnu/libgio-2.0.so.0.4002.0
7f6b31f88000-7f6b31f8a000 rw-p 00000000 00:00 0 
7f6b31f8a000-7f6b31f8b000 r--s 00002000 08:02 28186655                   /home/ivan/tools/android/android-studio/gradle/gradle-2.8/lib/plugins/wagon-http-2.4.jar
7f6b31f8b000-7f6b31f8c000 r--s 00003000 08:02 28186653                   /home/ivan/tools/android/android-studio/gradle/gradle-2.8/lib/plugins/aether-spi-1.13.1.jar
7f6b31f8c000-7f6b31f8d000 r--s 00006000 08:02 28186623                   /home/ivan/tools/android/android-studio/gradle/gradle-2.8/lib/plugins/plexus-sec-dispatcher-1.3.jar
7f6b31f8d000-7f6b31f92000 r--s 0002a000 08:02 28186689                   /home/ivan/tools/android/android-studio/gradle/gradle-2.8/lib/plugins/gson-2.2.4.jar
7f6b31f92000-7f6b31fae000 r--s 000ca000 08:02 28182198                   /home/ivan/tools/android/android-studio/gradle/gradle-2.8/lib/plugins/gradle-dependency-management-2.8.jar
7f6b31fae000-7f6b31fc5000 r-xp 00000000 08:02 2625929                    /usr/lib/jvm/java-7-openjdk-amd64/jre/lib/amd64/libnet.so
7f6b31fc5000-7f6b321c4000 ---p 00017000 08:02 2625929                    /usr/lib/jvm/java-7-openjdk-amd64/jre/lib/amd64/libnet.so
7f6b321c4000-7f6b321c5000 r--p 00016000 08:02 2625929                    /usr/lib/jvm/java-7-openjdk-amd64/jre/lib/amd64/libnet.so
7f6b321c5000-7f6b321c6000 rw-p 00017000 08:02 2625929                    /usr/lib/jvm/java-7-openjdk-amd64/jre/lib/amd64/libnet.so
7f6b321c6000-7f6b321c7000 r--s 00006000 08:02 28186664                   /home/ivan/tools/android/android-studio/gradle/gradle-2.8/lib/gradle-wrapper-2.8.jar
7f6b321c7000-7f6b321d2000 r--s 0003a000 08:02 28186669                   /home/ivan/tools/android/android-studio/gradle/gradle-2.8/lib/gradle-tooling-api-2.8.jar
7f6b321d2000-7f6b321d4000 r--s 00002000 08:02 28186661                   /home/ivan/tools/android/android-studio/gradle/gradle-2.8/lib/gradle-open-api-2.8.jar
7f6b321d4000-7f6b321da000 r--s 00032000 08:02 28186736                   /home/ivan/tools/android/android-studio/gradle/gradle-2.8/lib/jaxen-1.1.jar
7f6b321da000-7f6b321df000 r--s 00048000 08:02 28186756                   /home/ivan/tools/android/android-studio/gradle/gradle-2.8/lib/dom4j-1.6.1.jar
7f6b321df000-7f6b321ea000 r--s 00059000 08:02 28186665                   /home/ivan/tools/android/android-studio/gradle/gradle-2.8/lib/gradle-ui-2.8.jar
7f6b321ea000-7f6b321ed000 r--s 00008000 08:02 28186666                   /home/ivan/tools/android/android-studio/gradle/gradle-2.8/lib/gradle-resources-2.8.jar
7f6b321ed000-7f6b321ef000 r--s 00007000 08:02 28186753                   /home/ivan/tools/android/android-studio/gradle/gradle-2.8/lib/objenesis-1.2.jar
7f6b321ef000-7f6b321f1000 r--s 00000000 08:02 28186754                   /home/ivan/tools/android/android-studio/gradle/gradle-2.8/lib/minlog-1.2.jar
7f6b321f1000-7f6b321f3000 r--s 0000f000 08:02 28186686                   /home/ivan/tools/android/android-studio/gradle/gradle-2.8/lib/reflectasm-1.07-shaded.jar
7f6b321f3000-7f6b321f7000 r--s 00026000 08:02 28186735                   /home/ivan/tools/android/android-studio/gradle/gradle-2.8/lib/kryo-2.20.jar
7f6b321f7000-7f6b32200000 r--s 0003f000 08:02 28186668                   /home/ivan/tools/android/android-studio/gradle/gradle-2.8/lib/gradle-messaging-2.8.jar
7f6b32200000-7f6b32201000 r--s 00003000 08:02 28186740                   /home/ivan/tools/android/android-studio/gradle/gradle-2.8/lib/native-platform-freebsd-amd64-0.10.jar
7f6b32201000-7f6b32202000 r--s 00003000 08:02 28186734                   /home/ivan/tools/android/android-studio/gradle/gradle-2.8/lib/native-platform-freebsd-i386-0.10.jar
7f6b32202000-7f6b32203000 r--s 00005000 08:02 28186751                   /home/ivan/tools/android/android-studio/gradle/gradle-2.8/lib/native-platform-windows-i386-0.10.jar
7f6b32203000-7f6b32204000 r--s 00005000 08:02 28186737                   /home/ivan/tools/android/android-studio/gradle/gradle-2.8/lib/native-platform-windows-amd64-0.10.jar
7f6b32204000-7f6b32205000 r--s 00003000 08:02 28186741                   /home/ivan/tools/android/android-studio/gradle/gradle-2.8/lib/native-platform-linux-i386-0.10.jar
7f6b32205000-7f6b32206000 r--s 00003000 08:02 28186749                   /home/ivan/tools/android/android-studio/gradle/gradle-2.8/lib/native-platform-linux-amd64-0.10.jar
7f6b32206000-7f6b32207000 r--s 00002000 08:02 28186688                   /home/ivan/tools/android/android-studio/gradle/gradle-2.8/lib/native-platform-osx-amd64-0.10.jar
7f6b32207000-7f6b32208000 r--s 00002000 08:02 28186758                   /home/ivan/tools/android/android-studio/gradle/gradle-2.8/lib/native-platform-osx-i386-0.10.jar
7f6b32208000-7f6b3220a000 r--s 00008000 08:02 28186739                   /home/ivan/tools/android/android-studio/gradle/gradle-2.8/lib/jansi-1.2.1.jar
7f6b3220a000-7f6b3220d000 r--s 0000d000 08:02 28186747                   /home/ivan/tools/android/android-studio/gradle/gradle-2.8/lib/native-platform-0.10.jar
7f6b3220d000-7f6b32211000 r--s 000e4000 08:02 28186752                   /home/ivan/tools/android/android-studio/gradle/gradle-2.8/lib/jna-3.2.7.jar
7f6b32211000-7f6b32213000 r--s 00008000 08:02 28182189                   /home/ivan/tools/android/android-studio/gradle/gradle-2.8/lib/gradle-native-2.8.jar
7f6b32213000-7f6b32215000 r--s 00005000 08:02 28186660                   /home/ivan/tools/android/android-studio/gradle/gradle-2.8/lib/gradle-cli-2.8.jar
7f6b32215000-7f6b32216000 r--s 00007000 08:02 28186662                   /home/ivan/tools/android/android-studio/gradle/gradle-2.8/lib/gradle-model-groovy-2.8.jar
7f6b32216000-7f6b32217000 r--s 00006000 08:02 28186675                   /home/ivan/tools/android/android-studio/gradle/gradle-2.8/lib/gradle-base-services-groovy-2.8.jar
7f6b32217000-7f6b32223000 r--s 00067000 08:02 28186673                   /home/ivan/tools/android/android-studio/gradle/gradle-2.8/lib/gradle-model-core-2.8.jar
7f6b32223000-7f6b32224000 r--s 00000000 08:02 28186671                   /home/ivan/tools/android/android-studio/gradle/gradle-2.8/lib/gradle-docs-2.8.jar
7f6b32224000-7f6b32226000 r--s 00003000 08:02 28186738                   /home/ivan/tools/android/android-studio/gradle/gradle-2.8/lib/jcl-over-slf4j-1.7.10.jar
7f6b32226000-7f6b32227000 r--s 00005000 08:02 28186733                   /home/ivan/tools/android/android-studio/gradle/gradle-2.8/lib/log4j-over-slf4j-1.7.10.jar
7f6b32227000-7f6b32228000 r--s 00000000 08:02 28186745                   /home/ivan/tools/android/android-studio/gradle/gradle-2.8/lib/javax.inject-1.jar
7f6b32228000-7f6b3222b000 r--s 0001b000 08:02 28186687                   /home/ivan/tools/android/android-studio/gradle/gradle-2.8/lib/jarjar-1.3.jar
7f6b3222b000-7f6b3222d000 r--s 00000000 08:02 28186742                   /home/ivan/tools/android/android-studio/gradle/gradle-2.8/lib/jul-to-slf4j-1.7.10.jar
7f6b3222d000-7f6b3223b000 r--s 0007f000 08:02 28186743                   /home/ivan/tools/android/android-studio/gradle/gradle-2.8/lib/commons-collections-3.2.1.jar
7f6b3223b000-7f6b32240000 r--s 00036000 08:02 28186750                   /home/ivan/tools/android/android-studio/gradle/gradle-2.8/lib/asm-all-5.0.3.jar
7f6b32240000-7f6b322af000 r--s 0063e000 08:02 28186667                   /home/ivan/tools/android/android-studio/gradle/gradle-2.8/lib/groovy-all-2.4.4.jar
7f6b322af000-7f6b322b4000 r--s 00041000 08:02 28186748                   /home/ivan/tools/android/android-studio/gradle/gradle-2.8/lib/commons-lang-2.6.jar
7f6b322b4000-7f6b322dc000 r--s 001cf000 08:02 28186746                   /home/ivan/tools/android/android-studio/gradle/gradle-2.8/lib/guava-jdk5-17.0.jar
7f6b322dc000-7f6b322fb000 r--s 001cc000 08:02 28186672                   /home/ivan/tools/android/android-studio/gradle/gradle-2.8/lib/ant-1.9.3.jar
7f6b322fb000-7f6b322fc000 ---p 00000000 00:00 0 
7f6b322fc000-7f6b323fc000 rw-p 00000000 00:00 0                          [stack:22597]
7f6b323fc000-7f6b323ff000 ---p 00000000 00:00 0 
7f6b323ff000-7f6b324fd000 rw-p 00000000 00:00 0                          [stack:22596]
7f6b324fd000-7f6b32500000 ---p 00000000 00:00 0 
7f6b32500000-7f6b325fe000 rw-p 00000000 00:00 0                          [stack:22595]
7f6b325fe000-7f6b32601000 ---p 00000000 00:00 0 
7f6b32601000-7f6b326ff000 rw-p 00000000 00:00 0                          [stack:22594]
7f6b326ff000-7f6b32702000 ---p 00000000 00:00 0 
7f6b32702000-7f6b35000000 rw-p 00000000 00:00 0                          [stack:22593]
7f6b35000000-7f6b35400000 rwxp 00000000 00:00 0 
7f6b35400000-7f6b38a8c000 rw-p 00000000 00:00 0 
7f6b38a8c000-7f6b3c000000 ---p 00000000 00:00 0 
7f6b3c000000-7f6b3c001000 r--s 00000000 08:02 28186757                   /home/ivan/tools/android/android-studio/gradle/gradle-2.8/lib/jcip-annotations-1.0.jar
7f6b3c001000-7f6b3c004000 r--s 00018000 08:02 28186744                   /home/ivan/tools/android/android-studio/gradle/gradle-2.8/lib/commons-io-1.4.jar
7f6b3c004000-7f6b3c005000 r--s 00007000 08:02 28186755                   /home/ivan/tools/android/android-studio/gradle/gradle-2.8/lib/slf4j-api-1.7.10.jar
7f6b3c005000-7f6b3c006000 r--s 00004000 08:02 28186663                   /home/ivan/tools/android/android-studio/gradle/gradle-2.8/lib/ant-launcher-1.9.3.jar
7f6b3c006000-7f6b3c00d000 r--s 00032000 08:02 28186674                   /home/ivan/tools/android/android-studio/gradle/gradle-2.8/lib/gradle-base-services-2.8.jar
7f6b3c00d000-7f6b3c043000 r--s 001b5000 08:02 28182188                   /home/ivan/tools/android/android-studio/gradle/gradle-2.8/lib/gradle-core-2.8.jar
7f6b3c043000-7f6b3c04d000 r--s 0004a000 08:02 28186670                   /home/ivan/tools/android/android-studio/gradle/gradle-2.8/lib/gradle-launcher-2.8.jar
7f6b3c04d000-7f6b3c860000 r--p 00000000 08:02 27195                      /usr/lib/locale/locale-archive
7f6b3c860000-7f6b3c863000 ---p 00000000 00:00 0 
7f6b3c863000-7f6b3c961000 rw-p 00000000 00:00 0                          [stack:22592]
7f6b3c961000-7f6b3c964000 ---p 00000000 00:00 0 
7f6b3c964000-7f6b3ca62000 rw-p 00000000 00:00 0                          [stack:22591]
7f6b3ca62000-7f6b3ca63000 ---p 00000000 00:00 0 
7f6b3ca63000-7f6b3db60000 rw-p 00000000 00:00 0                          [stack:22590]
7f6b3db60000-7f6b3dd12000 r--s 01d2f000 08:02 2625893                    /usr/lib/jvm/java-7-openjdk-amd64/jre/lib/rt.jar
7f6b3dd12000-7f6b3e08b000 rw-p 00000000 00:00 0 
7f6b3e08b000-7f6b3e08c000 ---p 00000000 00:00 0 
7f6b3e08c000-7f6b3e18c000 rw-p 00000000 00:00 0                          [stack:22589]
7f6b3e18c000-7f6b3e18d000 ---p 00000000 00:00 0 
7f6b3e18d000-7f6b3e28d000 rw-p 00000000 00:00 0                          [stack:22588]
7f6b3e28d000-7f6b3e28e000 ---p 00000000 00:00 0 
7f6b3e28e000-7f6b3e38e000 rw-p 00000000 00:00 0                          [stack:22587]
7f6b3e38e000-7f6b3e38f000 ---p 00000000 00:00 0 
7f6b3e38f000-7f6b3e4a3000 rw-p 00000000 00:00 0                          [stack:22586]
7f6b3e4a3000-7f6b3e50f000 rw-p 00000000 00:00 0 
7f6b3e50f000-7f6b3e538000 rw-p 00000000 00:00 0 
7f6b3e538000-7f6b3e665000 rw-p 00000000 00:00 0 
7f6b3e665000-7f6b3e679000 rw-p 00000000 00:00 0 
7f6b3e679000-7f6b3e6e5000 rw-p 00000000 00:00 0 
7f6b3e6e5000-7f6b3e70e000 rw-p 00000000 00:00 0 
7f6b3e70e000-7f6b3e83a000 rw-p 00000000 00:00 0 
7f6b3e83a000-7f6b3e8cf000 rw-p 00000000 00:00 0 
7f6b3e8cf000-7f6b3e8e5000 rw-p 00000000 00:00 0 
7f6b3e8e5000-7f6b3e8e6000 rw-p 00000000 00:00 0 
7f6b3e8e6000-7f6b3e8ee000 r-xp 00000000 08:02 2625902                    /usr/lib/jvm/java-7-openjdk-amd64/jre/lib/amd64/libzip.so
7f6b3e8ee000-7f6b3eaed000 ---p 00008000 08:02 2625902                    /usr/lib/jvm/java-7-openjdk-amd64/jre/lib/amd64/libzip.so
7f6b3eaed000-7f6b3eaee000 r--p 00007000 08:02 2625902                    /usr/lib/jvm/java-7-openjdk-amd64/jre/lib/amd64/libzip.so
7f6b3eaee000-7f6b3eaef000 rw-p 00008000 08:02 2625902                    /usr/lib/jvm/java-7-openjdk-amd64/jre/lib/amd64/libzip.so
7f6b3eaef000-7f6b3eafa000 r-xp 00000000 08:02 3187                       /lib/x86_64-linux-gnu/libnss_files-2.19.so
7f6b3eafa000-7f6b3ecf9000 ---p 0000b000 08:02 3187                       /lib/x86_64-linux-gnu/libnss_files-2.19.so
7f6b3ecf9000-7f6b3ecfa000 r--p 0000a000 08:02 3187                       /lib/x86_64-linux-gnu/libnss_files-2.19.so
7f6b3ecfa000-7f6b3ecfb000 rw-p 0000b000 08:02 3187                       /lib/x86_64-linux-gnu/libnss_files-2.19.so
7f6b3ecfb000-7f6b3ed06000 r-xp 00000000 08:02 3171                       /lib/x86_64-linux-gnu/libnss_nis-2.19.so
7f6b3ed06000-7f6b3ef05000 ---p 0000b000 08:02 3171                       /lib/x86_64-linux-gnu/libnss_nis-2.19.so
7f6b3ef05000-7f6b3ef06000 r--p 0000a000 08:02 3171                       /lib/x86_64-linux-gnu/libnss_nis-2.19.so
7f6b3ef06000-7f6b3ef07000 rw-p 0000b000 08:02 3171                       /lib/x86_64-linux-gnu/libnss_nis-2.19.so
7f6b3ef07000-7f6b3ef1e000 r-xp 00000000 08:02 3163                       /lib/x86_64-linux-gnu/libnsl-2.19.so
7f6b3ef1e000-7f6b3f11d000 ---p 00017000 08:02 3163                       /lib/x86_64-linux-gnu/libnsl-2.19.so
7f6b3f11d000-7f6b3f11e000 r--p 00016000 08:02 3163                       /lib/x86_64-linux-gnu/libnsl-2.19.so
7f6b3f11e000-7f6b3f11f000 rw-p 00017000 08:02 3163                       /lib/x86_64-linux-gnu/libnsl-2.19.so
7f6b3f11f000-7f6b3f121000 rw-p 00000000 00:00 0 
7f6b3f121000-7f6b3f12a000 r-xp 00000000 08:02 3161                       /lib/x86_64-linux-gnu/libnss_compat-2.19.so
7f6b3f12a000-7f6b3f329000 ---p 00009000 08:02 3161                       /lib/x86_64-linux-gnu/libnss_compat-2.19.so
7f6b3f329000-7f6b3f32a000 r--p 00008000 08:02 3161                       /lib/x86_64-linux-gnu/libnss_compat-2.19.so
7f6b3f32a000-7f6b3f32b000 rw-p 00009000 08:02 3161                       /lib/x86_64-linux-gnu/libnss_compat-2.19.so
7f6b3f32b000-7f6b3f356000 r-xp 00000000 08:02 2625925                    /usr/lib/jvm/java-7-openjdk-amd64/jre/lib/amd64/libjava.so
7f6b3f356000-7f6b3f556000 ---p 0002b000 08:02 2625925                    /usr/lib/jvm/java-7-openjdk-amd64/jre/lib/amd64/libjava.so
7f6b3f556000-7f6b3f557000 r--p 0002b000 08:02 2625925                    /usr/lib/jvm/java-7-openjdk-amd64/jre/lib/amd64/libjava.so
7f6b3f557000-7f6b3f559000 rw-p 0002c000 08:02 2625925                    /usr/lib/jvm/java-7-openjdk-amd64/jre/lib/amd64/libjava.so
7f6b3f559000-7f6b3f569000 r-xp 00000000 08:02 2625907                    /usr/lib/jvm/java-7-openjdk-amd64/jre/lib/amd64/libverify.so
7f6b3f569000-7f6b3f768000 ---p 00010000 08:02 2625907                    /usr/lib/jvm/java-7-openjdk-amd64/jre/lib/amd64/libverify.so
7f6b3f768000-7f6b3f76a000 r--p 0000f000 08:02 2625907                    /usr/lib/jvm/java-7-openjdk-amd64/jre/lib/amd64/libverify.so
7f6b3f76a000-7f6b3f76b000 rw-p 00011000 08:02 2625907                    /usr/lib/jvm/java-7-openjdk-amd64/jre/lib/amd64/libverify.so
7f6b3f76b000-7f6b3f772000 r-xp 00000000 08:02 3179                       /lib/x86_64-linux-gnu/librt-2.19.so
7f6b3f772000-7f6b3f971000 ---p 00007000 08:02 3179                       /lib/x86_64-linux-gnu/librt-2.19.so
7f6b3f971000-7f6b3f972000 r--p 00006000 08:02 3179                       /lib/x86_64-linux-gnu/librt-2.19.so
7f6b3f972000-7f6b3f973000 rw-p 00007000 08:02 3179                       /lib/x86_64-linux-gnu/librt-2.19.so
7f6b3f973000-7f6b3f989000 r-xp 00000000 08:02 3455                       /lib/x86_64-linux-gnu/libgcc_s.so.1
7f6b3f989000-7f6b3fb88000 ---p 00016000 08:02 3455                       /lib/x86_64-linux-gnu/libgcc_s.so.1
7f6b3fb88000-7f6b3fb89000 r--p 00015000 08:02 3455                       /lib/x86_64-linux-gnu/libgcc_s.so.1
7f6b3fb89000-7f6b3fb8a000 rw-p 00016000 08:02 3455                       /lib/x86_64-linux-gnu/libgcc_s.so.1
7f6b3fb8a000-7f6b3fc8f000 r-xp 00000000 08:02 3151                       /lib/x86_64-linux-gnu/libm-2.19.so
7f6b3fc8f000-7f6b3fe8e000 ---p 00105000 08:02 3151                       /lib/x86_64-linux-gnu/libm-2.19.so
7f6b3fe8e000-7f6b3fe8f000 r--p 00104000 08:02 3151                       /lib/x86_64-linux-gnu/libm-2.19.so
7f6b3fe8f000-7f6b3fe90000 rw-p 00105000 08:02 3151                       /lib/x86_64-linux-gnu/libm-2.19.so
7f6b3fe90000-7f6b3ff7d000 r-xp 00000000 08:02 9486                       /usr/lib/x86_64-linux-gnu/libstdc++.so.6.0.20
7f6b3ff7d000-7f6b4017d000 ---p 000ed000 08:02 9486                       /usr/lib/x86_64-linux-gnu/libstdc++.so.6.0.20
7f6b4017d000-7f6b40185000 r--p 000ed000 08:02 9486                       /usr/lib/x86_64-linux-gnu/libstdc++.so.6.0.20
7f6b40185000-7f6b40187000 rw-p 000f5000 08:02 9486                       /usr/lib/x86_64-linux-gnu/libstdc++.so.6.0.20
7f6b40187000-7f6b4019c000 rw-p 00000000 00:00 0 
7f6b4019c000-7f6b40cc1000 r-xp 00000000 08:02 2625903                    /usr/lib/jvm/java-7-openjdk-amd64/jre/lib/amd64/server/libjvm.so
7f6b40cc1000-7f6b40ec1000 ---p 00b25000 08:02 2625903                    /usr/lib/jvm/java-7-openjdk-amd64/jre/lib/amd64/server/libjvm.so
7f6b40ec1000-7f6b40f5b000 r--p 00b25000 08:02 2625903                    /usr/lib/jvm/java-7-openjdk-amd64/jre/lib/amd64/server/libjvm.so
7f6b40f5b000-7f6b40f7e000 rw-p 00bbf000 08:02 2625903                    /usr/lib/jvm/java-7-openjdk-amd64/jre/lib/amd64/server/libjvm.so
7f6b40f7e000-7f6b40fac000 rw-p 00000000 00:00 0 
7f6b40fac000-7f6b40fc4000 r-xp 00000000 08:02 13550                      /lib/x86_64-linux-gnu/libz.so.1.2.8
7f6b40fc4000-7f6b411c3000 ---p 00018000 08:02 13550                      /lib/x86_64-linux-gnu/libz.so.1.2.8
7f6b411c3000-7f6b411c4000 r--p 00017000 08:02 13550                      /lib/x86_64-linux-gnu/libz.so.1.2.8
7f6b411c4000-7f6b411c5000 rw-p 00018000 08:02 13550                      /lib/x86_64-linux-gnu/libz.so.1.2.8
7f6b411c5000-7f6b411de000 r-xp 00000000 08:02 3165                       /lib/x86_64-linux-gnu/libpthread-2.19.so
7f6b411de000-7f6b413dd000 ---p 00019000 08:02 3165                       /lib/x86_64-linux-gnu/libpthread-2.19.so
7f6b413dd000-7f6b413de000 r--p 00018000 08:02 3165                       /lib/x86_64-linux-gnu/libpthread-2.19.so
7f6b413de000-7f6b413df000 rw-p 00019000 08:02 3165                       /lib/x86_64-linux-gnu/libpthread-2.19.so
7f6b413df000-7f6b413e3000 rw-p 00000000 00:00 0 
7f6b413e3000-7f6b413e6000 r-xp 00000000 08:02 3155                       /lib/x86_64-linux-gnu/libdl-2.19.so
7f6b413e6000-7f6b415e5000 ---p 00003000 08:02 3155                       /lib/x86_64-linux-gnu/libdl-2.19.so
7f6b415e5000-7f6b415e6000 r--p 00002000 08:02 3155                       /lib/x86_64-linux-gnu/libdl-2.19.so
7f6b415e6000-7f6b415e7000 rw-p 00003000 08:02 3155                       /lib/x86_64-linux-gnu/libdl-2.19.so
7f6b415e7000-7f6b417a2000 r-xp 00000000 08:02 3181                       /lib/x86_64-linux-gnu/libc-2.19.so
7f6b417a2000-7f6b419a1000 ---p 001bb000 08:02 3181                       /lib/x86_64-linux-gnu/libc-2.19.so
7f6b419a1000-7f6b419a5000 r--p 001ba000 08:02 3181                       /lib/x86_64-linux-gnu/libc-2.19.so
7f6b419a5000-7f6b419a7000 rw-p 001be000 08:02 3181                       /lib/x86_64-linux-gnu/libc-2.19.so
7f6b419a7000-7f6b419ac000 rw-p 00000000 00:00 0 
7f6b419ac000-7f6b419b9000 r-xp 00000000 08:02 2625897                    /usr/lib/jvm/java-7-openjdk-amd64/jre/lib/amd64/jli/libjli.so
7f6b419b9000-7f6b41bb8000 ---p 0000d000 08:02 2625897                    /usr/lib/jvm/java-7-openjdk-amd64/jre/lib/amd64/jli/libjli.so
7f6b41bb8000-7f6b41bb9000 r--p 0000c000 08:02 2625897                    /usr/lib/jvm/java-7-openjdk-amd64/jre/lib/amd64/jli/libjli.so
7f6b41bb9000-7f6b41bba000 rw-p 0000d000 08:02 2625897                    /usr/lib/jvm/java-7-openjdk-amd64/jre/lib/amd64/jli/libjli.so
7f6b41bba000-7f6b41bdd000 r-xp 00000000 08:02 3167                       /lib/x86_64-linux-gnu/ld-2.19.so
7f6b41bdd000-7f6b41be1000 r--s 00034000 08:02 2625935                    /usr/lib/jvm/java-7-openjdk-amd64/jre/lib/ext/sunjce_provider.jar
7f6b41be1000-7f6b41be3000 r--s 00012000 08:02 2625936                    /usr/lib/jvm/java-7-openjdk-amd64/jre/lib/ext/zipfs.jar
7f6b41be3000-7f6b41be6000 r--s 0000f000 08:02 2625939                    /usr/lib/jvm/java-7-openjdk-amd64/jre/lib/ext/icedtea-sound.jar
7f6b41be6000-7f6b41bea000 r--s 0003c000 08:02 2625937                    /usr/lib/jvm/java-7-openjdk-amd64/jre/lib/ext/sunpkcs11.jar
7f6b41bea000-7f6b41bec000 r--s 00006000 08:02 5674                       /usr/share/java/java-atk-wrapper.jar
7f6b41bec000-7f6b41bf0000 r--s 00085000 08:02 2625934                    /usr/lib/jvm/java-7-openjdk-amd64/jre/lib/ext/localedata.jar
7f6b41bf0000-7f6b41c00000 rw-p 00000000 00:00 0 
7f6b41c00000-7f6b41cb0000 rw-p 00000000 00:00 0 
7f6b41cb0000-7f6b41cb3000 ---p 00000000 00:00 0 
7f6b41cb3000-7f6b41db6000 rw-p 00000000 00:00 0                          [stack:22584]
7f6b41db6000-7f6b41db7000 r--s 00002000 08:02 2625938                    /usr/lib/jvm/java-7-openjdk-amd64/jre/lib/ext/dnsns.jar
7f6b41db7000-7f6b41dd0000 rw-p 00000000 00:00 0 
7f6b41dd0000-7f6b41dd8000 rw-s 00000000 08:02 1315306                    /tmp/hsperfdata_ivan/22582
7f6b41dd8000-7f6b41dd9000 rw-p 00000000 00:00 0 
7f6b41dd9000-7f6b41dda000 r--p 00000000 00:00 0 
7f6b41dda000-7f6b41ddc000 rw-p 00000000 00:00 0 
7f6b41ddc000-7f6b41ddd000 r--p 00022000 08:02 3167                       /lib/x86_64-linux-gnu/ld-2.19.so
7f6b41ddd000-7f6b41dde000 rw-p 00023000 08:02 3167                       /lib/x86_64-linux-gnu/ld-2.19.so
7f6b41dde000-7f6b41ddf000 rw-p 00000000 00:00 0 
7ffdbd304000-7ffdbd325000 rw-p 00000000 00:00 0                          [stack]
7ffdbd3f6000-7ffdbd3f8000 r-xp 00000000 00:00 0                          [vdso]
7ffdbd3f8000-7ffdbd3fa000 r--p 00000000 00:00 0                          [vvar]
ffffffffff600000-ffffffffff601000 r-xp 00000000 00:00 0                  [vsyscall]

VM Arguments:
jvm_args: -XX:MaxPermSize=256m -XX:+HeapDumpOnOutOfMemoryError -Xmx1024m -Dfile.encoding=UTF-8 -Duser.country=UA -Duser.language=ru -Duser.variant 
java_command: org.gradle.launcher.daemon.bootstrap.GradleDaemon 2.8
Launcher Type: SUN_STANDARD

Environment Variables:
JAVA_HOME=/usr/lib/jvm/java-8-oracle
PATH=/usr/local/sbin:/usr/local/bin:/usr/sbin:/usr/bin:/sbin:/bin:/usr/games:/usr/local/games:/usr/lib/jvm/java-8-oracle/bin:/usr/lib/jvm/java-8-oracle/db/bin:/usr/lib/jvm/java-8-oracle/jre/bin
SHELL=/bin/bash
DISPLAY=:0

Signal Handlers:
SIGSEGV: [libjvm.so+0x955bc0], sa_mask[0]=0x7ffbfeff, sa_flags=0x10000004
SIGBUS: [libjvm.so+0x955bc0], sa_mask[0]=0x7ffbfeff, sa_flags=0x10000004
SIGFPE: [libjvm.so+0x7caff0], sa_mask[0]=0x7ffbfeff, sa_flags=0x10000004
SIGPIPE: SIG_IGN, sa_mask[0]=0x00000000, sa_flags=0x00000000
SIGXFSZ: [libjvm.so+0x7caff0], sa_mask[0]=0x7ffbfeff, sa_flags=0x10000004
SIGILL: [libjvm.so+0x7caff0], sa_mask[0]=0x7ffbfeff, sa_flags=0x10000004
SIGUSR1: SIG_DFL, sa_mask[0]=0x00000000, sa_flags=0x00000000
SIGUSR2: [libjvm.so+0x7cae90], sa_mask[0]=0x00000004, sa_flags=0x10000004
SIGHUP: [libjvm.so+0x7cb070], sa_mask[0]=0x7ffbfeff, sa_flags=0x10000004
SIGINT: [libjvm.so+0x7cb070], sa_mask[0]=0x7ffbfeff, sa_flags=0x10000004
SIGTERM: [libjvm.so+0x7cb070], sa_mask[0]=0x7ffbfeff, sa_flags=0x10000004
SIGQUIT: [libjvm.so+0x7cb070], sa_mask[0]=0x7ffbfeff, sa_flags=0x10000004
SIGTRAP: SIG_DFL, sa_mask[0]=0x00000000, sa_flags=0x00000000


---------------  S Y S T E M  ---------------

OS:Ubuntu 14.04 (trusty)
uname:Linux 3.16.0-67-generic #87~14.04.1-Ubuntu SMP Fri Mar 11 00:26:02 UTC 2016 x86_64
libc:glibc 2.19 NPTL 2.19 
rlimit: STACK 8192k, CORE 0k, NPROC 30693, NOFILE 4096, AS infinity
load average:5,13 3,08 1,70

/proc/meminfo:
MemTotal:        8059688 kB
MemFree:         3410668 kB
MemAvailable:    5081188 kB
Buffers:          192584 kB
Cached:          1710768 kB
SwapCached:            0 kB
Active:          3124260 kB
Inactive:        1183168 kB
Active(anon):    2405792 kB
Inactive(anon):   109992 kB
Active(file):     718468 kB
Inactive(file):  1073176 kB
Unevictable:          68 kB
Mlocked:              68 kB
SwapTotal:       4075516 kB
SwapFree:        4075516 kB
Dirty:             30940 kB
Writeback:             0 kB
AnonPages:       2404264 kB
Mapped:           503772 kB
Shmem:            111712 kB
Slab:             135696 kB
SReclaimable:      95620 kB
SUnreclaim:        40076 kB
KernelStack:       10704 kB
PageTables:        50068 kB
NFS_Unstable:          0 kB
Bounce:                0 kB
WritebackTmp:          0 kB
CommitLimit:     8105360 kB
Committed_AS:    7802928 kB
VmallocTotal:   34359738367 kB
VmallocUsed:      395976 kB
VmallocChunk:   34359321084 kB
HardwareCorrupted:     0 kB
AnonHugePages:    735232 kB
HugePages_Total:       0
HugePages_Free:        0
HugePages_Rsvd:        0
HugePages_Surp:        0
Hugepagesize:       2048 kB
DirectMap4k:      235460 kB
DirectMap2M:     8036352 kB


CPU:total 4 (2 cores per cpu, 2 threads per core) family 6 model 58 stepping 9, cmov, cx8, fxsr, mmx, sse, sse2, sse3, ssse3, sse4.1, sse4.2, popcnt, avx, erms, ht, tsc, tscinvbit, tscinv

/proc/cpuinfo:
processor	: 0
vendor_id	: GenuineIntel
cpu family	: 6
model		: 58
model name	: Intel(R) Core(TM) i3-3217U CPU @ 1.80GHz
stepping	: 9
microcode	: 0x15
cpu MHz		: 1800.000
cache size	: 3072 KB
physical id	: 0
siblings	: 4
core id		: 0
cpu cores	: 2
apicid		: 0
initial apicid	: 0
fpu		: yes
fpu_exception	: yes
cpuid level	: 13
wp		: yes
flags		: fpu vme de pse tsc msr pae mce cx8 apic sep mtrr pge mca cmov pat pse36 clflush dts acpi mmx fxsr sse sse2 ss ht tm pbe syscall nx rdtscp lm constant_tsc arch_perfmon pebs bts rep_good nopl xtopology nonstop_tsc aperfmperf eagerfpu pni pclmulqdq dtes64 monitor ds_cpl vmx est tm2 ssse3 cx16 xtpr pdcm pcid sse4_1 sse4_2 x2apic popcnt tsc_deadline_timer xsave avx f16c lahf_lm ida arat epb xsaveopt pln pts dtherm tpr_shadow vnmi flexpriority ept vpid fsgsbase smep erms
bogomips	: 3592.06
clflush size	: 64
cache_alignment	: 64
address sizes	: 36 bits physical, 48 bits virtual
power management:

processor	: 1
vendor_id	: GenuineIntel
cpu family	: 6
model		: 58
model name	: Intel(R) Core(TM) i3-3217U CPU @ 1.80GHz
stepping	: 9
microcode	: 0x15
cpu MHz		: 1800.000
cache size	: 3072 KB
physical id	: 0
siblings	: 4
core id		: 1
cpu cores	: 2
apicid		: 2
initial apicid	: 2
fpu		: yes
fpu_exception	: yes
cpuid level	: 13
wp		: yes
flags		: fpu vme de pse tsc msr pae mce cx8 apic sep mtrr pge mca cmov pat pse36 clflush dts acpi mmx fxsr sse sse2 ss ht tm pbe syscall nx rdtscp lm constant_tsc arch_perfmon pebs bts rep_good nopl xtopology nonstop_tsc aperfmperf eagerfpu pni pclmulqdq dtes64 monitor ds_cpl vmx est tm2 ssse3 cx16 xtpr pdcm pcid sse4_1 sse4_2 x2apic popcnt tsc_deadline_timer xsave avx f16c lahf_lm ida arat epb xsaveopt pln pts dtherm tpr_shadow vnmi flexpriority ept vpid fsgsbase smep erms
bogomips	: 3592.06
clflush size	: 64
cache_alignment	: 64
address sizes	: 36 bits physical, 48 bits virtual
power management:

processor	: 2
vendor_id	: GenuineIntel
cpu family	: 6
model		: 58
model name	: Intel(R) Core(TM) i3-3217U CPU @ 1.80GHz
stepping	: 9
microcode	: 0x15
cpu MHz		: 1800.000
cache size	: 3072 KB
physical id	: 0
siblings	: 4
core id		: 0
cpu cores	: 2
apicid		: 1
initial apicid	: 1
fpu		: yes
fpu_exception	: yes
cpuid level	: 13
wp		: yes
flags		: fpu vme de pse tsc msr pae mce cx8 apic sep mtrr pge mca cmov pat pse36 clflush dts acpi mmx fxsr sse sse2 ss ht tm pbe syscall nx rdtscp lm constant_tsc arch_perfmon pebs bts rep_good nopl xtopology nonstop_tsc aperfmperf eagerfpu pni pclmulqdq dtes64 monitor ds_cpl vmx est tm2 ssse3 cx16 xtpr pdcm pcid sse4_1 sse4_2 x2apic popcnt tsc_deadline_timer xsave avx f16c lahf_lm ida arat epb xsaveopt pln pts dtherm tpr_shadow vnmi flexpriority ept vpid fsgsbase smep erms
bogomips	: 3592.06
clflush size	: 64
cache_alignment	: 64
address sizes	: 36 bits physical, 48 bits virtual
power management:

processor	: 3
vendor_id	: GenuineIntel
cpu family	: 6
model		: 58
model name	: Intel(R) Core(TM) i3-3217U CPU @ 1.80GHz
stepping	: 9
microcode	: 0x15
cpu MHz		: 1800.000
cache size	: 3072 KB
physical id	: 0
siblings	: 4
core id		: 1
cpu cores	: 2
apicid		: 3
initial apicid	: 3
fpu		: yes
fpu_exception	: yes
cpuid level	: 13
wp		: yes
flags		: fpu vme de pse tsc msr pae mce cx8 apic sep mtrr pge mca cmov pat pse36 clflush dts acpi mmx fxsr sse sse2 ss ht tm pbe syscall nx rdtscp lm constant_tsc arch_perfmon pebs bts rep_good nopl xtopology nonstop_tsc aperfmperf eagerfpu pni pclmulqdq dtes64 monitor ds_cpl vmx est tm2 ssse3 cx16 xtpr pdcm pcid sse4_1 sse4_2 x2apic popcnt tsc_deadline_timer xsave avx f16c lahf_lm ida arat epb xsaveopt pln pts dtherm tpr_shadow vnmi flexpriority ept vpid fsgsbase smep erms
bogomips	: 3592.06
clflush size	: 64
cache_alignment	: 64
address sizes	: 36 bits physical, 48 bits virtual
power management:



Memory: 4k page, physical 8059688k(3410668k free), swap 4075516k(4075516k free)

vm_info: OpenJDK 64-Bit Server VM (24.95-b01) for linux-amd64 JRE (1.7.0_95-b00), built on Jan 21 2016 03:31:40 by "buildd" with gcc 4.8.4

time: Tue Mar 22 11:13:43 2016
elapsed time: 23 seconds

