#
# A fatal error has been detected by the Java Runtime Environment:
#
#  SIGSEGV (0xb) at pc=0x00007f0740db9ba8, pid=15575, tid=139668694644480
#
# JRE version: OpenJDK Runtime Environment (7.0_85-b01) (build 1.7.0_85-b01)
# Java VM: OpenJDK 64-Bit Server VM (24.85-b03 mixed mode linux-amd64 compressed oops)
# Derivative: IcedTea 2.6.1
# Distribution: Ubuntu 14.04 LTS, package 7u85-2.6.1-5ubuntu0.14.04.1
# Problematic frame:
# V  [libjvm.so+0x3c6ba8]  PhaseChaitin::gather_lrg_masks(bool) [clone .constprop.130]+0x3e8
#
# Failed to write core dump. Core dumps have been disabled. To enable core dumping, try "ulimit -c unlimited" before starting Java again
#
# If you would like to submit a bug report, please include
# instructions on how to reproduce the bug and visit:
#   http://icedtea.classpath.org/bugzilla
#

---------------  T H R E A D  ---------------

Current thread (0x00007f073c0a9000):  JavaThread "C2 CompilerThread0" daemon [_thread_in_native, id=15587, stack(0x00007f0726de3000,0x00007f0726ee4000)]

siginfo:si_signo=SIGSEGV: si_errno=0, si_code=1 (SEGV_MAPERR), si_addr=0x00007f0f10015a68

Registers:
RAX=0x00007f0f10015a58, RBX=0x0000000000000002, RCX=0x0000000000000001, RDX=0x00007f07413b46f0
RSP=0x00007f0726edf890, RBP=0x00007f0726edf900, RSI=0x000000000ffffcff, RDI=0x00007f07100159f0
R8 =0x00007f07105210f8, R9 =0x0000000000000018, R10=0x000000000000031d, R11=0x000000000000036a
R12=0x00007f07417d3d80, R13=0x00007f07100159f0, R14=0x0000000000000002, R15=0x00007f0726edfc10
RIP=0x00007f0740db9ba8, EFLAGS=0x0000000000010202, CSGSFS=0x0000000000000033, ERR=0x0000000000000004
  TRAPNO=0x000000000000000e

Top of Stack: (sp=0x00007f0726edf890)
0x00007f0726edf890:   00007f0726edf900 0000000e000162b0
0x00007f0726edf8a0:   ffffffff0000000a 00007f07042278e0
0x00007f0726edf8b0:   00007f06f0ba5488 00007f0710004aa0
0x00007f0726edf8c0:   00007f0700000003 00007f07105210f8
0x00007f0726edf8d0:   0000000000000000 00007f0726edfc10
0x00007f0726edf8e0:   00007f07417dd940 00007f0726edf980
0x00007f0726edf8f0:   00007f0704000b70 00007f0726edf9f0
0x00007f0726edf900:   00007f0726edfb40 00007f0740dbdfd8
0x00007f0726edf910:   00007f0726edf920 00007f0726edf9f0
0x00007f0726edf920:   00007f0726edf950 00000000000003d8
0x00007f0726edf930:   00007f0726edf9b0 00007f0726edfa50
0x00007f0726edf940:   00007f0704000f58 00007f0704000b80
0x00007f0726edf950:   00007f0704440340 00007f0704440340
0x00007f0726edf960:   00007f0704440350 00007f0704440728
0x00007f0726edf970:   00000000000003d8 0000000a10036ff8
0x00007f0726edf980:   00007f0704000b70 00007f071051fa90
0x00007f0726edf990:   00007f0710535d50 00007f0710535d50
0x00007f0726edf9a0:   0000000000038828 00007f0726edf9e0
0x00007f0726edf9b0:   00007f070000000b 00007f0726ee1f50
0x00007f0726edf9c0:   00007f0710c08310 00007f0700000000
0x00007f0726edf9d0:   00007f071051faa0 00007f0700000369
0x00007f0726edf9e0:   00007f0726edf980 00007f0704000b80
0x00007f0726edf9f0:   00007f0700000009 00007f0726ee1f50
0x00007f0726edfa00:   00007f06f0bb2b60 00007f0704316e80
0x00007f0726edfa10:   00007f070431d640 00007f070431dc20
0x00007f0726edfa20:   00007f06f0bb2b40 00007f0726edfb80
0x00007f0726edfa30:   00007f0726edfcd8 000000000000031b
0x00007f0726edfa40:   00007f0726edf980 00007f0740c9f5a8
0x00007f0726edfa50:   00007f0741795690 00007f070000000c
0x00007f0726edfa60:   00007f0726ee1f50 00007f0726edfc10
0x00007f0726edfa70:   00007f0700000001 00007f0726edfa80
0x00007f0726edfa80:   00007f0704546920 00007f07417dd940 

Instructions: (pc=0x00007f0740db9ba8)
0x00007f0740db9b88:   24 10 76 07 f2 41 0f 11 44 24 10 41 83 c6 01 44
0x00007f0740db9b98:   39 75 c0 0f 86 27 01 00 00 49 8b 45 08 44 89 f3
0x00007f0740db9ba8:   48 8b 04 d8 8b 50 28 49 8b 87 d0 00 00 00 44 8b
0x00007f0740db9bb8:   24 90 45 85 e4 74 d4 44 3b 75 a4 0f 84 e7 00 00 

Register to memory mapping:

RAX=0x00007f0f10015a58 is an unknown value
RBX=0x0000000000000002 is an unknown value
RCX=0x0000000000000001 is an unknown value
RDX=0x00007f07413b46f0: <offset 0x9c16f0> in /usr/lib/jvm/java-7-openjdk-amd64/jre/lib/amd64/server/libjvm.so at 0x00007f07409f3000
RSP=0x00007f0726edf890 is pointing into the stack for thread: 0x00007f073c0a9000
RBP=0x00007f0726edf900 is pointing into the stack for thread: 0x00007f073c0a9000
RSI=0x000000000ffffcff is an unknown value
RDI=0x00007f07100159f0 is an unknown value
R8 =0x00007f07105210f8 is an unknown value
R9 =0x0000000000000018 is an unknown value
R10=0x000000000000031d is an unknown value
R11=0x000000000000036a is an unknown value
R12=0x00007f07417d3d80: <offset 0xde0d80> in /usr/lib/jvm/java-7-openjdk-amd64/jre/lib/amd64/server/libjvm.so at 0x00007f07409f3000
R13=0x00007f07100159f0 is an unknown value
R14=0x0000000000000002 is an unknown value
R15=0x00007f0726edfc10 is pointing into the stack for thread: 0x00007f073c0a9000


Stack: [0x00007f0726de3000,0x00007f0726ee4000],  sp=0x00007f0726edf890,  free space=1010k
Native frames: (J=compiled Java code, j=interpreted, Vv=VM code, C=native code)
V  [libjvm.so+0x3c6ba8]  PhaseChaitin::gather_lrg_masks(bool) [clone .constprop.130]+0x3e8
V  [libjvm.so+0x3cafd8]  PhaseChaitin::Register_Allocate()+0x598
V  [libjvm.so+0x43f33a]  Compile::Code_Gen()+0x3fa
V  [libjvm.so+0x4434c7]  Compile::Compile(ciEnv*, C2Compiler*, ciMethod*, int, bool, bool)+0x1017
V  [libjvm.so+0x3b157a]  C2Compiler::compile_method(ciEnv*, ciMethod*, int)+0xca
V  [libjvm.so+0x449347]  CompileBroker::invoke_compiler_on_method(CompileTask*)+0x327
V  [libjvm.so+0x44a450]  CompileBroker::compiler_thread_loop()+0x3a0
V  [libjvm.so+0x906cb0]  JavaThread::thread_main_inner()+0xf0
V  [libjvm.so+0x906f21]  JavaThread::run()+0x221
V  [libjvm.so+0x7cc7e2]  java_start(Thread*)+0xf2


Current CompileTask:
C2:  66297 1641             proguard.classfile.io.ProgramClassReader::visitLocalVariableTableAttribute (73 bytes)


---------------  P R O C E S S  ---------------

Java Threads: ( => current thread )
  0x00007f06f0429000 JavaThread "File lock request listener" [_thread_in_native, id=16205, stack(0x00007f0724632000,0x00007f0724733000)]
  0x00007f06f0534800 JavaThread "process reaper" daemon [_thread_blocked, id=16192, stack(0x00007f0724733000,0x00007f072476c000)]
  0x00007f06f400e000 JavaThread "Daemon worker" [_thread_in_Java, id=15595, stack(0x00007f07248e0000,0x00007f07249e1000)]
  0x00007f06f400d800 JavaThread "Cancel handler" [_thread_blocked, id=15594, stack(0x00007f07249e1000,0x00007f0724ae2000)]
  0x00007f06f4005800 JavaThread "Handler for socket connection from /127.0.0.1:46395 to /127.0.0.1:48102" [_thread_in_native, id=15593, stack(0x00007f0724ae2000,0x00007f0724be3000)]
  0x00007f0700017800 JavaThread "Daemon" [_thread_blocked, id=15592, stack(0x00007f0724be3000,0x00007f0724ce4000)]
  0x00007f073caf8000 JavaThread "Incoming local TCP Connector on port 46395" [_thread_in_native, id=15591, stack(0x00007f0724ce4000,0x00007f0724de5000)]
  0x00007f073c0ae800 JavaThread "Service Thread" daemon [_thread_blocked, id=15589, stack(0x00007f0726be1000,0x00007f0726ce2000)]
  0x00007f073c0ac000 JavaThread "C2 CompilerThread1" daemon [_thread_in_native, id=15588, stack(0x00007f0726ce2000,0x00007f0726de3000)]
=>0x00007f073c0a9000 JavaThread "C2 CompilerThread0" daemon [_thread_in_native, id=15587, stack(0x00007f0726de3000,0x00007f0726ee4000)]
  0x00007f073c0a7000 JavaThread "Signal Dispatcher" daemon [_thread_blocked, id=15586, stack(0x00007f0726ee4000,0x00007f0726fe5000)]
  0x00007f073c07c000 JavaThread "Finalizer" daemon [_thread_blocked, id=15585, stack(0x00007f07277f8000,0x00007f07278f9000)]
  0x00007f073c07a000 JavaThread "Reference Handler" daemon [_thread_blocked, id=15584, stack(0x00007f07278f9000,0x00007f07279fa000)]
  0x00007f073c00a000 JavaThread "main" [_thread_blocked, id=15578, stack(0x00007f0742504000,0x00007f0742605000)]

Other Threads:
  0x00007f073c075800 VMThread [stack: 0x00007f07279fa000,0x00007f0727afb000] [id=15583]
  0x00007f073c0b9000 WatcherThread [stack: 0x00007f0726ae0000,0x00007f0726be1000] [id=15590]

VM state:not at safepoint (normal execution)

VM Mutex/Monitor currently owned by a thread: None

Heap
 PSYoungGen      total 128000K, used 47432K [0x00000000eaa80000, 0x00000000f7080000, 0x0000000100000000)
  eden space 111104K, 27% used [0x00000000eaa80000,0x00000000ec857fb0,0x00000000f1700000)
  from space 16896K, 99% used [0x00000000f1700000,0x00000000f277a1d8,0x00000000f2780000)
  to   space 23552K, 0% used [0x00000000f5980000,0x00000000f5980000,0x00000000f7080000)
 ParOldGen       total 83968K, used 64379K [0x00000000c0000000, 0x00000000c5200000, 0x00000000eaa80000)
  object space 83968K, 76% used [0x00000000c0000000,0x00000000c3edef50,0x00000000c5200000)
 PSPermGen       total 45568K, used 45388K [0x00000000b0000000, 0x00000000b2c80000, 0x00000000c0000000)
  object space 45568K, 99% used [0x00000000b0000000,0x00000000b2c53288,0x00000000b2c80000)

Card table byte_map: [0x00007f0737cf2000,0x00007f0737f73000] byte_map_base: 0x00007f0737772000

Polling page: 0x00007f074262e000

Code Cache  [0x00007f0737f73000, 0x00007f0738573000, 0x00007f073af73000)
 total_blobs=2025 nmethods=1390 adapters=587 free_code_cache=43162Kb largest_free_block=44091584

Compilation events (10 events):
Event: 66,193 Thread 0x00007f073c0ac000 nmethod 1636 0x00007f07384913d0 code [0x00007f0738491500, 0x00007f0738491558]
Event: 66,193 Thread 0x00007f073c0ac000 1637             proguard.classfile.io.ProgramClassReader::visitLineNumberInfo (25 bytes)
Event: 66,193 Thread 0x00007f073c0a9000 nmethod 1635 0x00007f07383dbd50 code [0x00007f07383dbea0, 0x00007f07383dbf48]
Event: 66,193 Thread 0x00007f073c0a9000 1638             proguard.classfile.io.ProgramClassReader::createAttribute (549 bytes)
Event: 66,206 Thread 0x00007f073c0ac000 nmethod 1637 0x00007f07383ddd90 code [0x00007f07383ddf60, 0x00007f07383de2d0]
Event: 66,206 Thread 0x00007f073c0ac000 1639             proguard.classfile.attribute.Attribute::<init> (5 bytes)
Event: 66,206 Thread 0x00007f073c0ac000 nmethod 1639 0x00007f07383dead0 code [0x00007f07383dec00, 0x00007f07383dec58]
Event: 66,206 Thread 0x00007f073c0ac000 1640             java.util.TreeMap::put (247 bytes)
Event: 66,266 Thread 0x00007f073c0a9000 nmethod 1638 0x00007f0738528650 code [0x00007f0738528980, 0x00007f073852a928]
Event: 66,266 Thread 0x00007f073c0a9000 1641             proguard.classfile.io.ProgramClassReader::visitLocalVariableTableAttribute (73 bytes)

GC Heap History (10 events):
Event: 43,685 GC heap before
{Heap before GC invocations=13 (full 0):
 PSYoungGen      total 56832K, used 48611K [0x00000000eaa80000, 0x00000000eec80000, 0x0000000100000000)
  eden space 46080K, 100% used [0x00000000eaa80000,0x00000000ed780000,0x00000000ed780000)
  from space 10752K, 23% used [0x00000000ee200000,0x00000000ee478c30,0x00000000eec80000)
  to   space 10752K, 0% used [0x00000000ed780000,0x00000000ed780000,0x00000000ee200000)
 ParOldGen       total 83968K, used 25720K [0x00000000c0000000, 0x00000000c5200000, 0x00000000eaa80000)
  object space 83968K, 30% used [0x00000000c0000000,0x00000000c191e0a8,0x00000000c5200000)
 PSPermGen       total 35840K, used 35540K [0x00000000b0000000, 0x00000000b2300000, 0x00000000c0000000)
  object space 35840K, 99% used [0x00000000b0000000,0x00000000b22b5240,0x00000000b2300000)
Event: 43,713 GC heap after
Heap after GC invocations=13 (full 0):
 PSYoungGen      total 56832K, used 6055K [0x00000000eaa80000, 0x00000000f0780000, 0x0000000100000000)
  eden space 46080K, 0% used [0x00000000eaa80000,0x00000000eaa80000,0x00000000ed780000)
  from space 10752K, 56% used [0x00000000ed780000,0x00000000edd69c38,0x00000000ee200000)
  to   space 10752K, 0% used [0x00000000efd00000,0x00000000efd00000,0x00000000f0780000)
 ParOldGen       total 83968K, used 27488K [0x00000000c0000000, 0x00000000c5200000, 0x00000000eaa80000)
  object space 83968K, 32% used [0x00000000c0000000,0x00000000c1ad80a8,0x00000000c5200000)
 PSPermGen       total 35840K, used 35540K [0x00000000b0000000, 0x00000000b2300000, 0x00000000c0000000)
  object space 35840K, 99% used [0x00000000b0000000,0x00000000b22b5240,0x00000000b2300000)
}
Event: 45,192 GC heap before
{Heap before GC invocations=14 (full 0):
 PSYoungGen      total 56832K, used 52135K [0x00000000eaa80000, 0x00000000f0780000, 0x0000000100000000)
  eden space 46080K, 100% used [0x00000000eaa80000,0x00000000ed780000,0x00000000ed780000)
  from space 10752K, 56% used [0x00000000ed780000,0x00000000edd69c38,0x00000000ee200000)
  to   space 10752K, 0% used [0x00000000efd00000,0x00000000efd00000,0x00000000f0780000)
 ParOldGen       total 83968K, used 27488K [0x00000000c0000000, 0x00000000c5200000, 0x00000000eaa80000)
  object space 83968K, 32% used [0x00000000c0000000,0x00000000c1ad80a8,0x00000000c5200000)
 PSPermGen       total 36864K, used 36592K [0x00000000b0000000, 0x00000000b2400000, 0x00000000c0000000)
  object space 36864K, 99% used [0x00000000b0000000,0x00000000b23bc1e0,0x00000000b2400000)
Event: 45,216 GC heap after
Heap after GC invocations=14 (full 0):
 PSYoungGen      total 83456K, used 4800K [0x00000000eaa80000, 0x00000000f0680000, 0x0000000100000000)
  eden space 73728K, 0% used [0x00000000eaa80000,0x00000000eaa80000,0x00000000ef280000)
  from space 9728K, 49% used [0x00000000efd00000,0x00000000f01b0000,0x00000000f0680000)
  to   space 10240K, 0% used [0x00000000ef280000,0x00000000ef280000,0x00000000efc80000)
 ParOldGen       total 83968K, used 32648K [0x00000000c0000000, 0x00000000c5200000, 0x00000000eaa80000)
  object space 83968K, 38% used [0x00000000c0000000,0x00000000c1fe2108,0x00000000c5200000)
 PSPermGen       total 36864K, used 36592K [0x00000000b0000000, 0x00000000b2400000, 0x00000000c0000000)
  object space 36864K, 99% used [0x00000000b0000000,0x00000000b23bc1e0,0x00000000b2400000)
}
Event: 48,336 GC heap before
{Heap before GC invocations=15 (full 0):
 PSYoungGen      total 83456K, used 78528K [0x00000000eaa80000, 0x00000000f0680000, 0x0000000100000000)
  eden space 73728K, 100% used [0x00000000eaa80000,0x00000000ef280000,0x00000000ef280000)
  from space 9728K, 49% used [0x00000000efd00000,0x00000000f01b0000,0x00000000f0680000)
  to   space 10240K, 0% used [0x00000000ef280000,0x00000000ef280000,0x00000000efc80000)
 ParOldGen       total 83968K, used 32648K [0x00000000c0000000, 0x00000000c5200000, 0x00000000eaa80000)
  object space 83968K, 38% used [0x00000000c0000000,0x00000000c1fe2108,0x00000000c5200000)
 PSPermGen       total 39424K, used 38964K [0x00000000b0000000, 0x00000000b2680000, 0x00000000c0000000)
  object space 39424K, 98% used [0x00000000b0000000,0x00000000b260d2f8,0x00000000b2680000)
Event: 48,354 GC heap after
Heap after GC invocations=15 (full 0):
 PSYoungGen      total 83968K, used 5123K [0x00000000eaa80000, 0x00000000f3100000, 0x0000000100000000)
  eden space 73728K, 0% used [0x00000000eaa80000,0x00000000eaa80000,0x00000000ef280000)
  from space 10240K, 50% used [0x00000000ef280000,0x00000000ef780da0,0x00000000efc80000)
  to   space 9728K, 0% used [0x00000000f2780000,0x00000000f2780000,0x00000000f3100000)
 ParOldGen       total 83968K, used 36858K [0x00000000c0000000, 0x00000000c5200000, 0x00000000eaa80000)
  object space 83968K, 43% used [0x00000000c0000000,0x00000000c23fe978,0x00000000c5200000)
 PSPermGen       total 39424K, used 38964K [0x00000000b0000000, 0x00000000b2680000, 0x00000000c0000000)
  object space 39424K, 98% used [0x00000000b0000000,0x00000000b260d2f8,0x00000000b2680000)
}
Event: 51,725 GC heap before
{Heap before GC invocations=16 (full 0):
 PSYoungGen      total 83968K, used 78851K [0x00000000eaa80000, 0x00000000f3100000, 0x0000000100000000)
  eden space 73728K, 100% used [0x00000000eaa80000,0x00000000ef280000,0x00000000ef280000)
  from space 10240K, 50% used [0x00000000ef280000,0x00000000ef780da0,0x00000000efc80000)
  to   space 9728K, 0% used [0x00000000f2780000,0x00000000f2780000,0x00000000f3100000)
 ParOldGen       total 83968K, used 36858K [0x00000000c0000000, 0x00000000c5200000, 0x00000000eaa80000)
  object space 83968K, 43% used [0x00000000c0000000,0x00000000c23fe978,0x00000000c5200000)
 PSPermGen       total 43008K, used 42749K [0x00000000b0000000, 0x00000000b2a00000, 0x00000000c0000000)
  object space 43008K, 99% used [0x00000000b0000000,0x00000000b29bf570,0x00000000b2a00000)
Event: 51,768 GC heap after
Heap after GC invocations=16 (full 0):
 PSYoungGen      total 120832K, used 9712K [0x00000000eaa80000, 0x00000000f3f00000, 0x0000000100000000)
  eden space 111104K, 0% used [0x00000000eaa80000,0x00000000eaa80000,0x00000000f1700000)
  from space 9728K, 99% used [0x00000000f2780000,0x00000000f30fc250,0x00000000f3100000)
  to   space 16896K, 0% used [0x00000000f1700000,0x00000000f1700000,0x00000000f2780000)
 ParOldGen       total 83968K, used 53208K [0x00000000c0000000, 0x00000000c5200000, 0x00000000eaa80000)
  object space 83968K, 63% used [0x00000000c0000000,0x00000000c33f63c0,0x00000000c5200000)
 PSPermGen       total 43008K, used 42749K [0x00000000b0000000, 0x00000000b2a00000, 0x00000000c0000000)
  object space 43008K, 99% used [0x00000000b0000000,0x00000000b29bf570,0x00000000b2a00000)
}
Event: 59,816 GC heap before
{Heap before GC invocations=17 (full 0):
 PSYoungGen      total 120832K, used 120816K [0x00000000eaa80000, 0x00000000f3f00000, 0x0000000100000000)
  eden space 111104K, 100% used [0x00000000eaa80000,0x00000000f1700000,0x00000000f1700000)
  from space 9728K, 99% used [0x00000000f2780000,0x00000000f30fc250,0x00000000f3100000)
  to   space 16896K, 0% used [0x00000000f1700000,0x00000000f1700000,0x00000000f2780000)
 ParOldGen       total 83968K, used 53208K [0x00000000c0000000, 0x00000000c5200000, 0x00000000eaa80000)
  object space 83968K, 63% used [0x00000000c0000000,0x00000000c33f63c0,0x00000000c5200000)
 PSPermGen       total 44544K, used 44447K [0x00000000b0000000, 0x00000000b2b80000, 0x00000000c0000000)
  object space 44544K, 99% used [0x00000000b0000000,0x00000000b2b67fe0,0x00000000b2b80000)
Event: 59,878 GC heap after
Heap after GC invocations=17 (full 0):
 PSYoungGen      total 128000K, used 16872K [0x00000000eaa80000, 0x00000000f7080000, 0x0000000100000000)
  eden space 111104K, 0% used [0x00000000eaa80000,0x00000000eaa80000,0x00000000f1700000)
  from space 16896K, 99% used [0x00000000f1700000,0x00000000f277a1d8,0x00000000f2780000)
  to   space 23552K, 0% used [0x00000000f5980000,0x00000000f5980000,0x00000000f7080000)
 ParOldGen       total 83968K, used 64379K [0x00000000c0000000, 0x00000000c5200000, 0x00000000eaa80000)
  object space 83968K, 76% used [0x00000000c0000000,0x00000000c3edef50,0x00000000c5200000)
 PSPermGen       total 44544K, used 44447K [0x00000000b0000000, 0x00000000b2b80000, 0x00000000c0000000)
  object space 44544K, 99% used [0x00000000b0000000,0x00000000b2b67fe0,0x00000000b2b80000)
}

Deoptimization events (10 events):
Event: 65,740 Thread 0x00007f06f400e000 Uncommon trap: reason=unstable_if action=reinterpret pc=0x00007f07383a7e20 method=java.lang.CharacterDataLatin1.isJavaIdentifierPart(I)Z @ 11
Event: 65,740 Thread 0x00007f06f400e000 Uncommon trap: reason=unstable_if action=reinterpret pc=0x00007f07383a814c method=java.lang.CharacterDataLatin1.isJavaIdentifierPart(I)Z @ 11
Event: 65,910 Thread 0x00007f06f400e000 Uncommon trap: reason=class_check action=maybe_recompile pc=0x00007f07383d0f70 method=java.io.FilterInputStream.read([BII)I @ 7
Event: 65,911 Thread 0x00007f06f400e000 Uncommon trap: reason=class_check action=maybe_recompile pc=0x00007f07383d0f70 method=java.io.FilterInputStream.read([BII)I @ 7
Event: 65,911 Thread 0x00007f06f400e000 Uncommon trap: reason=class_check action=maybe_recompile pc=0x00007f07383d0f70 method=java.io.FilterInputStream.read([BII)I @ 7
Event: 65,933 Thread 0x00007f06f400e000 Uncommon trap: reason=class_check action=maybe_recompile pc=0x00007f0738500550 method=java.io.FilterInputStream.read([BII)I @ 7
Event: 65,940 Thread 0x00007f06f400e000 Uncommon trap: reason=class_check action=maybe_recompile pc=0x00007f07383d0f70 method=java.io.FilterInputStream.read([BII)I @ 7
Event: 66,027 Thread 0x00007f06f400e000 Uncommon trap: reason=unloaded action=reinterpret pc=0x00007f07384aadfc method=proguard.classfile.io.ProgramClassReader.createConstant()Lproguard/classfile/constant/Constant; @ 104
Event: 66,164 Thread 0x00007f06f400e000 Uncommon trap: reason=unloaded action=reinterpret pc=0x00007f0738493274 method=proguard.classfile.io.ProgramClassReader.createConstant()Lproguard/classfile/constant/Constant; @ 120
Event: 66,191 Thread 0x00007f06f400e000 Uncommon trap: reason=unloaded action=reinterpret pc=0x00007f07384a3460 method=proguard.classfile.io.ProgramClassReader.createConstant()Lproguard/classfile/constant/Constant; @ 120

Internal exceptions (10 events):
Event: 65,924 Thread 0x00007f06f400e000 Threw 0x00000000eba37168 at /build/openjdk-7-65SuYz/openjdk-7-7u85-2.6.1/build/openjdk/hotspot/src/share/vm/prims/jvm.cpp:1322
Event: 65,924 Thread 0x00007f06f400e000 Threw 0x00000000eba3e348 at /build/openjdk-7-65SuYz/openjdk-7-7u85-2.6.1/build/openjdk/hotspot/src/share/vm/prims/jvm.cpp:1322
Event: 65,927 Thread 0x00007f06f400e000 Threw 0x00000000eba44e48 at /build/openjdk-7-65SuYz/openjdk-7-7u85-2.6.1/build/openjdk/hotspot/src/share/vm/prims/jvm.cpp:1322
Event: 65,929 Thread 0x00007f06f400e000 Threw 0x00000000eba4b9c0 at /build/openjdk-7-65SuYz/openjdk-7-7u85-2.6.1/build/openjdk/hotspot/src/share/vm/prims/jvm.cpp:1322
Event: 65,932 Thread 0x00007f06f400e000 Threw 0x00000000eba54758 at /build/openjdk-7-65SuYz/openjdk-7-7u85-2.6.1/build/openjdk/hotspot/src/share/vm/prims/jvm.cpp:1322
Event: 65,937 Thread 0x00007f06f400e000 Threw 0x00000000eba60950 at /build/openjdk-7-65SuYz/openjdk-7-7u85-2.6.1/build/openjdk/hotspot/src/share/vm/prims/jvm.cpp:1322
Event: 65,938 Thread 0x00007f06f400e000 Threw 0x00000000eba665e0 at /build/openjdk-7-65SuYz/openjdk-7-7u85-2.6.1/build/openjdk/hotspot/src/share/vm/prims/jvm.cpp:1322
Event: 65,938 Thread 0x00007f06f400e000 Threw 0x00000000eba6bc10 at /build/openjdk-7-65SuYz/openjdk-7-7u85-2.6.1/build/openjdk/hotspot/src/share/vm/prims/jvm.cpp:1322
Event: 65,939 Thread 0x00007f06f400e000 Threw 0x00000000eba72670 at /build/openjdk-7-65SuYz/openjdk-7-7u85-2.6.1/build/openjdk/hotspot/src/share/vm/prims/jvm.cpp:1322
Event: 65,945 Thread 0x00007f06f400e000 Threw 0x00000000eba9c360 at /build/openjdk-7-65SuYz/openjdk-7-7u85-2.6.1/build/openjdk/hotspot/src/share/vm/prims/jvm.cpp:1322

Events (10 events):
Event: 65,980 Thread 0x00007f073c0ac000 flushing nmethod 0x00007f0738528450
Event: 66,027 Thread 0x00007f06f400e000 Uncommon trap: trap_request=0x000000f3 fr.pc=0x00007f07384aadfc
Event: 66,027 Thread 0x00007f06f400e000 DEOPT PACKING pc=0x00007f07384aadfc sp=0x00007f07249dc710
Event: 66,027 Thread 0x00007f06f400e000 DEOPT UNPACKING pc=0x00007f0737fac445 sp=0x00007f07249dc6d8 mode 2
Event: 66,164 Thread 0x00007f06f400e000 Uncommon trap: trap_request=0x000000f7 fr.pc=0x00007f0738493274
Event: 66,164 Thread 0x00007f06f400e000 DEOPT PACKING pc=0x00007f0738493274 sp=0x00007f07249dc710
Event: 66,164 Thread 0x00007f06f400e000 DEOPT UNPACKING pc=0x00007f0737fac445 sp=0x00007f07249dc6d8 mode 2
Event: 66,191 Thread 0x00007f06f400e000 Uncommon trap: trap_request=0x000000f7 fr.pc=0x00007f07384a3460
Event: 66,191 Thread 0x00007f06f400e000 DEOPT PACKING pc=0x00007f07384a3460 sp=0x00007f07249dc760
Event: 66,191 Thread 0x00007f06f400e000 DEOPT UNPACKING pc=0x00007f0737fac445 sp=0x00007f07249dc6d8 mode 2


Dynamic libraries:
00400000-00401000 r-xp 00000000 08:02 2755005                            /usr/lib/jvm/java-7-openjdk-amd64/jre/bin/java
00600000-00601000 r--p 00000000 08:02 2755005                            /usr/lib/jvm/java-7-openjdk-amd64/jre/bin/java
00601000-00602000 rw-p 00001000 08:02 2755005                            /usr/lib/jvm/java-7-openjdk-amd64/jre/bin/java
0109a000-010bb000 rw-p 00000000 00:00 0                                  [heap]
b0000000-b2c80000 rw-p 00000000 00:00 0 
b2c80000-c0000000 rw-p 00000000 00:00 0 
c0000000-c5200000 rw-p 00000000 00:00 0 
c5200000-eaa80000 rw-p 00000000 00:00 0 
eaa80000-f7080000 rw-p 00000000 00:00 0 
f7080000-100000000 rw-p 00000000 00:00 0 
7f06dc000000-7f06dc021000 rw-p 00000000 00:00 0 
7f06dc021000-7f06e0000000 ---p 00000000 00:00 0 
7f06e4000000-7f06e4021000 rw-p 00000000 00:00 0 
7f06e4021000-7f06e8000000 ---p 00000000 00:00 0 
7f06e8000000-7f06e8021000 rw-p 00000000 00:00 0 
7f06e8021000-7f06ec000000 ---p 00000000 00:00 0 
7f06ec000000-7f06ec021000 rw-p 00000000 00:00 0 
7f06ec021000-7f06f0000000 ---p 00000000 00:00 0 
7f06f0000000-7f06f0f9a000 rw-p 00000000 00:00 0 
7f06f0f9a000-7f06f4000000 ---p 00000000 00:00 0 
7f06f4000000-7f06f4022000 rw-p 00000000 00:00 0 
7f06f4022000-7f06f8000000 ---p 00000000 00:00 0 
7f06f8000000-7f06f8021000 rw-p 00000000 00:00 0 
7f06f8021000-7f06fc000000 ---p 00000000 00:00 0 
7f06fc000000-7f06fc021000 rw-p 00000000 00:00 0 
7f06fc021000-7f0700000000 ---p 00000000 00:00 0 
7f0700000000-7f070006a000 rw-p 00000000 00:00 0 
7f070006a000-7f0704000000 ---p 00000000 00:00 0 
7f0704000000-7f07056fa000 rw-p 00000000 00:00 0 
7f07056fa000-7f0708000000 ---p 00000000 00:00 0 
7f0708000000-7f0708021000 rw-p 00000000 00:00 0 
7f0708021000-7f070c000000 ---p 00000000 00:00 0 
7f070c000000-7f070c021000 rw-p 00000000 00:00 0 
7f070c021000-7f0710000000 ---p 00000000 00:00 0 
7f0710000000-7f07115a3000 rw-p 00000000 00:00 0 
7f07115a3000-7f0714000000 ---p 00000000 00:00 0 
7f0714000000-7f0714021000 rw-p 00000000 00:00 0 
7f0714021000-7f0718000000 ---p 00000000 00:00 0 
7f0718000000-7f0718021000 rw-p 00000000 00:00 0 
7f0718021000-7f071c000000 ---p 00000000 00:00 0 
7f071c000000-7f071c021000 rw-p 00000000 00:00 0 
7f071c021000-7f0720000000 ---p 00000000 00:00 0 
7f0720000000-7f0720021000 rw-p 00000000 00:00 0 
7f0720021000-7f0724000000 ---p 00000000 00:00 0 
7f0724263000-7f072426b000 r--s 00065000 08:02 1048862                    /home/ivan/.gradle/caches/modules-2/files-2.1/com.google.dagger/dagger-compiler/2.0/2c5c7cfd604076f09eac6fd0783b3eebbc125732/dagger-compiler-2.0.jar
7f07242d4000-7f07242d5000 rw-p 00000000 00:00 0 
7f07242d5000-7f07242dd000 r-xp 00000000 08:02 2626390                    /usr/lib/jvm/java-7-openjdk-amd64/jre/lib/amd64/libmanagement.so
7f07242dd000-7f07244dc000 ---p 00008000 08:02 2626390                    /usr/lib/jvm/java-7-openjdk-amd64/jre/lib/amd64/libmanagement.so
7f07244dc000-7f07244dd000 r--p 00007000 08:02 2626390                    /usr/lib/jvm/java-7-openjdk-amd64/jre/lib/amd64/libmanagement.so
7f07244dd000-7f07244de000 rw-p 00008000 08:02 2626390                    /usr/lib/jvm/java-7-openjdk-amd64/jre/lib/amd64/libmanagement.so
7f07244de000-7f07244df000 r--s 00004000 08:02 2759055                    /home/ivan/tools/android/android-studio/gradle/m2repository/com/intellij/annotations/12.0/annotations-12.0.jar
7f07244df000-7f07244e1000 r--s 0000d000 08:02 2759096                    /home/ivan/tools/android/android-studio/gradle/m2repository/commons-codec/commons-codec/1.4/commons-codec-1.4.jar
7f07244e1000-7f07244e3000 r--s 0000d000 08:02 28313190                   /home/ivan/tools/android/android-studio/gradle/m2repository/commons-logging/commons-logging/1.1.1/commons-logging-1.1.1.jar
7f07244e3000-7f07244e8000 r--s 00028000 08:02 28837451                   /home/ivan/tools/android/android-studio/gradle/m2repository/org/apache/httpcomponents/httpcore/4.1/httpcore-4.1.jar
7f07244e8000-7f07244f0000 r--s 000a8000 08:02 31606554                   /home/ivan/tools/android/android-studio/gradle/m2repository/com/android/tools/external/lombok/lombok-ast/0.2.3/lombok-ast-0.2.3.jar
7f07244f0000-7f07244f2000 r--s 00005000 08:02 28444458                   /home/ivan/tools/android/android-studio/gradle/m2repository/org/abego/treelayout/org.abego.treelayout.core/1.0.1/org.abego.treelayout.core-1.0.1.jar
7f07244f2000-7f07244f3000 r--s 0000a000 08:02 2759092                    /home/ivan/tools/android/android-studio/gradle/m2repository/net/sf/kxml/kxml2/2.3.0/kxml2-2.3.0.jar
7f07244f3000-7f07244f4000 r--s 00005000 08:02 2752550                    /home/ivan/tools/android/android-studio/gradle/m2repository/com/android/tools/dvlib/24.5.0/dvlib-24.5.0.jar
7f07244f4000-7f07244fb000 r--s 00053000 08:02 28968388                   /home/ivan/tools/android/android-studio/gradle/m2repository/org/apache/commons/commons-compress/1.8.1/commons-compress-1.8.1.jar
7f07244fb000-7f0724500000 r--s 0002a000 08:02 30676744                   /home/ivan/tools/android/android-studio/gradle/m2repository/com/google/code/gson/gson/2.2.4/gson-2.2.4.jar
7f0724500000-7f0724503000 r--s 00013000 08:02 31854201                   /home/ivan/tools/android/android-studio/gradle/m2repository/com/android/tools/layoutlib/layoutlib-api/24.5.0/layoutlib-api-24.5.0.jar
7f0724503000-7f0724505000 r--s 00005000 08:02 28837444                   /home/ivan/tools/android/android-studio/gradle/m2repository/org/apache/httpcomponents/httpmime/4.1/httpmime-4.1.jar
7f0724505000-7f072450d000 r--s 0004e000 08:02 28968380                   /home/ivan/tools/android/android-studio/gradle/m2repository/org/apache/httpcomponents/httpclient/4.1.1/httpclient-4.1.1.jar
7f072450d000-7f0724510000 r--s 0002d000 08:02 31462666                   /home/ivan/tools/android/android-studio/gradle/m2repository/com/android/tools/lint/lint-api/24.5.0/lint-api-24.5.0.jar
7f0724510000-7f0724511000 r--s 00004000 08:02 29623624                   /home/ivan/tools/android/android-studio/gradle/m2repository/org/ow2/asm/asm-analysis/5.0.3/asm-analysis-5.0.3.jar
7f0724511000-7f0724515000 r--s 00037000 08:02 28313210                   /home/ivan/tools/android/android-studio/gradle/m2repository/org/antlr/ST4/4.0.8/ST4-4.0.8.jar
7f0724515000-7f0724516000 r--s 00002000 08:02 30676751                   /home/ivan/tools/android/android-studio/gradle/m2repository/com/tunnelvisionlabs/antlr4-annotations/4.5/antlr4-annotations-4.5.jar
7f0724516000-7f072451d000 r--s 00062000 08:02 30017461                   /home/ivan/tools/android/android-studio/gradle/m2repository/com/tunnelvisionlabs/antlr4-runtime/4.5/antlr4-runtime-4.5.jar
7f072451d000-7f072452b000 r--s 00081000 08:02 29230164                   /home/ivan/tools/android/android-studio/gradle/m2repository/org/bouncycastle/bcpkix-jdk15on/1.48/bcpkix-jdk15on-1.48.jar
7f072452b000-7f072452d000 r--s 00005000 08:02 2759048                    /home/ivan/tools/android/android-studio/gradle/m2repository/com/android/tools/jill/jill-api/0.9.0/jill-api-0.9.0.jar
7f072452d000-7f0724531000 r--s 00027000 08:02 2757179                    /home/ivan/tools/android/android-studio/gradle/m2repository/com/android/tools/build/manifest-merger/24.5.0/manifest-merger-24.5.0.jar
7f0724531000-7f0724536000 r--s 00047000 08:02 2752628                    /home/ivan/tools/android/android-studio/gradle/m2repository/com/android/tools/ddms/ddmlib/24.5.0/ddmlib-24.5.0.jar
7f0724536000-7f0724538000 r--s 00006000 08:02 31199226                   /home/ivan/tools/android/android-studio/gradle/m2repository/com/android/tools/jack/jack-api/0.9.0/jack-api-0.9.0.jar
7f0724538000-7f0724539000 r--s 0000c000 08:02 29755695                   /home/ivan/tools/android/android-studio/gradle/m2repository/org/ow2/asm/asm/5.0.3/asm-5.0.3.jar
7f0724539000-7f072453a000 r--s 00002000 08:02 2758969                    /home/ivan/tools/android/android-studio/gradle/m2repository/com/android/tools/build/builder-test-api/1.5.0/builder-test-api-1.5.0.jar
7f072453a000-7f072453d000 r--s 00026000 08:02 28313205                   /home/ivan/tools/android/android-studio/gradle/m2repository/org/antlr/antlr-runtime/3.5.2/antlr-runtime-3.5.2.jar
7f072453d000-7f0724547000 r--s 000ab000 08:02 2752613                    /home/ivan/tools/android/android-studio/gradle/m2repository/com/android/tools/sdklib/24.5.0/sdklib-24.5.0.jar
7f0724547000-7f0724549000 r--s 00002000 08:02 30017450                   /home/ivan/tools/android/android-studio/gradle/m2repository/com/squareup/javawriter/2.5.0/javawriter-2.5.0.jar
7f0724549000-7f072454b000 r--s 00016000 08:02 2757143                    /home/ivan/tools/android/android-studio/gradle/m2repository/com/android/tools/common/24.5.0/common-24.5.0.jar
7f072454b000-7f072454d000 r--s 00006000 08:02 29885961                   /home/ivan/tools/android/android-studio/gradle/m2repository/org/ow2/asm/asm-tree/5.0.3/asm-tree-5.0.3.jar
7f072454d000-7f072454f000 r--s 00005000 08:02 2757281                    /home/ivan/tools/android/android-studio/gradle/m2repository/com/android/tools/build/builder-model/1.5.0/builder-model-1.5.0.jar
7f072454f000-7f0724582000 r--s 00203000 08:02 29492123                   /home/ivan/tools/android/android-studio/gradle/m2repository/org/bouncycastle/bcprov-jdk15on/1.48/bcprov-jdk15on-1.48.jar
7f0724582000-7f072458a000 r--s 00079000 08:02 2752933                    /home/ivan/tools/android/android-studio/gradle/m2repository/com/android/tools/sdk-common/24.5.0/sdk-common-24.5.0.jar
7f072458a000-7f072459c000 r--s 00223000 08:02 28575587                   /home/ivan/tools/android/android-studio/gradle/m2repository/org/eclipse/jdt/core/compiler/ecj/4.4.2/ecj-4.4.2.jar
7f072459c000-7f07245a2000 r--s 000af000 08:02 31330796                   /home/ivan/tools/android/android-studio/gradle/m2repository/com/android/tools/lint/lint-checks/24.5.0/lint-checks-24.5.0.jar
7f07245a2000-7f07245b2000 r--s 000d6000 08:02 2759067                    /home/ivan/tools/android/android-studio/gradle/m2repository/net/sf/proguard/proguard-base/5.2.1/proguard-base-5.2.1.jar
7f07245b2000-7f07245b3000 r--s 00002000 08:02 31065982                   /home/ivan/tools/android/android-studio/gradle/m2repository/com/android/databinding/baseLibrary/1.0-rc5/baseLibrary-1.0-rc5.jar
7f07245b3000-7f07245b7000 r--s 0002a000 08:02 28182173                   /home/ivan/tools/android/android-studio/gradle/m2repository/commons-io/commons-io/2.4/commons-io-2.4.jar
7f07245b7000-7f07245c1000 r--s 00099000 08:02 30017465                   /home/ivan/tools/android/android-studio/gradle/m2repository/com/tunnelvisionlabs/antlr4/4.5/antlr4-4.5.jar
7f07245c1000-7f07245c8000 r--s 0005e000 08:02 28968393                   /home/ivan/tools/android/android-studio/gradle/m2repository/org/apache/commons/commons-lang3/3.3.2/commons-lang3-3.3.2.jar
7f07245c8000-7f07245cb000 r--s 00033000 08:02 30676772                   /home/ivan/tools/android/android-studio/gradle/m2repository/com/googlecode/juniversalchardet/juniversalchardet/1.0.3/juniversalchardet-1.0.3.jar
7f07245cb000-7f07245cc000 r--s 00001000 08:02 31724219                   /home/ivan/tools/android/android-studio/gradle/m2repository/com/android/tools/annotations/24.5.0/annotations-24.5.0.jar
7f07245cc000-7f07245f7000 r--s 001f9000 08:02 31065959                   /home/ivan/tools/android/android-studio/gradle/m2repository/com/google/guava/guava/17.0/guava-17.0.jar
7f07245f7000-7f07245fc000 r--s 00058000 08:02 29623630                   /home/ivan/tools/android/android-studio/gradle/m2repository/org/ow2/asm/asm-debug-all/5.0.1/asm-debug-all-5.0.1.jar
7f07245fc000-7f0724602000 r--s 0005a000 08:02 2757183                    /home/ivan/tools/android/android-studio/gradle/m2repository/com/android/tools/build/builder/1.5.0/builder-1.5.0.jar
7f0724602000-7f0724604000 r--s 00022000 08:02 31199233                   /home/ivan/tools/android/android-studio/gradle/m2repository/com/android/tools/lint/lint/24.5.0/lint-24.5.0.jar
7f0724604000-7f0724605000 r--s 00002000 08:02 2759078                    /home/ivan/tools/android/android-studio/gradle/m2repository/net/sf/proguard/proguard-gradle/5.2.1/proguard-gradle-5.2.1.jar
7f0724605000-7f0724609000 r--s 00026000 08:02 31065977                   /home/ivan/tools/android/android-studio/gradle/m2repository/com/android/databinding/compilerCommon/1.0-rc5/compilerCommon-1.0-rc5.jar
7f0724609000-7f072460b000 r--s 00001000 08:02 2758980                    /home/ivan/tools/android/android-studio/gradle/m2repository/com/android/tools/build/transform-api/1.5.0/transform-api-1.5.0.jar
7f072460b000-7f072460f000 r--s 0001e000 08:02 28444451                   /home/ivan/tools/android/android-studio/gradle/m2repository/org/jacoco/org.jacoco.core/0.7.4.201502262128/org.jacoco.core-0.7.4.201502262128.jar
7f072460f000-7f0724626000 r--s 0012c000 08:02 2757159                    /home/ivan/tools/android/android-studio/gradle/m2repository/com/android/tools/build/gradle-core/1.5.0/gradle-core-1.5.0.jar
7f0724626000-7f0724628000 r--s 0000d000 08:02 2757330                    /home/ivan/tools/android/android-studio/gradle/m2repository/com/android/tools/build/gradle/1.5.0/gradle-1.5.0.jar
7f0724628000-7f0724632000 r--s 000ae000 08:02 2627987                    /usr/lib/jvm/java-7-openjdk-amd64/jre/lib/resources.jar
7f0724632000-7f0724635000 ---p 00000000 00:00 0 
7f0724635000-7f0724733000 rw-p 00000000 00:00 0                          [stack:16205]
7f0724733000-7f0724736000 ---p 00000000 00:00 0 
7f0724736000-7f072476c000 rw-p 00000000 00:00 0                          [stack:16192]
7f072476c000-7f072476d000 r--p 00000000 00:00 0 
7f072476d000-7f07247d8000 r--s 0069d000 08:02 2763405                    /usr/lib/jvm/java-7-openjdk-amd64/lib/tools.jar
7f07247d8000-7f07247db000 ---p 00000000 00:00 0 
7f07247db000-7f07248d9000 rw-p 00000000 00:00 0 
7f07248d9000-7f07248e0000 r--s 00000000 08:02 52167                      /usr/lib/x86_64-linux-gnu/gconv/gconv-modules.cache
7f07248e0000-7f07248e3000 ---p 00000000 00:00 0 
7f07248e3000-7f07249e1000 rw-p 00000000 00:00 0                          [stack:15595]
7f07249e1000-7f07249e4000 ---p 00000000 00:00 0 
7f07249e4000-7f0724ae2000 rw-p 00000000 00:00 0                          [stack:15594]
7f0724ae2000-7f0724ae5000 ---p 00000000 00:00 0 
7f0724ae5000-7f0724be3000 rw-p 00000000 00:00 0                          [stack:15593]
7f0724be3000-7f0724be6000 ---p 00000000 00:00 0 
7f0724be6000-7f0724ce4000 rw-p 00000000 00:00 0                          [stack:15592]
7f0724ce4000-7f0724ce7000 ---p 00000000 00:00 0 
7f0724ce7000-7f0724de5000 rw-p 00000000 00:00 0                          [stack:15591]
7f0724de5000-7f0724dea000 r--s 0004e000 08:02 2627980                    /usr/lib/jvm/java-7-openjdk-amd64/jre/lib/jsse.jar
7f0724dea000-7f0724dec000 r--s 00005000 08:02 28186656                   /home/ivan/tools/android/android-studio/gradle/gradle-2.8/lib/plugins/gradle-tooling-api-builders-2.8.jar
7f0724dec000-7f0724dfc000 r--s 00088000 08:02 28186616                   /home/ivan/tools/android/android-studio/gradle/gradle-2.8/lib/plugins/joda-time-2.8.2.jar
7f0724dfc000-7f0724e0d000 r--s 000cf000 08:02 28186710                   /home/ivan/tools/android/android-studio/gradle/gradle-2.8/lib/plugins/jackson-databind-2.3.2.jar
7f0724e0d000-7f0724e0f000 r--s 00007000 08:02 28186715                   /home/ivan/tools/android/android-studio/gradle/gradle-2.8/lib/plugins/jackson-annotations-2.3.2.jar
7f0724e0f000-7f0724e12000 r--s 0002e000 08:02 28186719                   /home/ivan/tools/android/android-studio/gradle/gradle-2.8/lib/plugins/jackson-core-2.3.2.jar
7f0724e12000-7f0724e1d000 r--s 0006b000 08:02 28186699                   /home/ivan/tools/android/android-studio/gradle/gradle-2.8/lib/plugins/aws-java-sdk-core-1.9.19.jar
7f0724e1d000-7f0724e23000 r--s 00036000 08:02 28186729                   /home/ivan/tools/android/android-studio/gradle/gradle-2.8/lib/plugins/aws-java-sdk-kms-1.9.19.jar
7f0724e23000-7f0724e2e000 r--s 00079000 08:02 28186696                   /home/ivan/tools/android/android-studio/gradle/gradle-2.8/lib/plugins/aws-java-sdk-s3-1.9.19.jar
7f0724e2e000-7f0724e2f000 r--s 00003000 08:02 28186635                   /home/ivan/tools/android/android-studio/gradle/gradle-2.8/lib/plugins/gradle-resources-s3-2.8.jar
7f0724e2f000-7f0724e30000 r--s 00004000 08:02 28186658                   /home/ivan/tools/android/android-studio/gradle/gradle-2.8/lib/plugins/gradle-resources-sftp-2.8.jar
7f0724e30000-7f0724e31000 r--s 00001000 08:02 28182195                   /home/ivan/tools/android/android-studio/gradle/gradle-2.8/lib/plugins/gradle-plugin-development-2.8.jar
7f0724e31000-7f0724e33000 r--s 00005000 08:02 28186638                   /home/ivan/tools/android/android-studio/gradle/gradle-2.8/lib/plugins/gradle-testing-native-2.8.jar
7f0724e33000-7f0724e38000 r--s 0002b000 08:02 28186614                   /home/ivan/tools/android/android-studio/gradle/gradle-2.8/lib/plugins/gradle-ide-native-2.8.jar
7f0724e38000-7f0724e3e000 r--s 00019000 08:02 28186646                   /home/ivan/tools/android/android-studio/gradle/gradle-2.8/lib/plugins/gradle-language-native-2.8.jar
7f0724e3e000-7f0724e43000 r--s 00028000 08:02 28186657                   /home/ivan/tools/android/android-studio/gradle/gradle-2.8/lib/plugins/gradle-platform-play-2.8.jar
7f0724e43000-7f0724e50000 r--s 0004f000 08:02 28182205                   /home/ivan/tools/android/android-studio/gradle/gradle-2.8/lib/plugins/gradle-platform-native-2.8.jar
7f0724e50000-7f0724e53000 r--s 00008000 08:02 28186617                   /home/ivan/tools/android/android-studio/gradle/gradle-2.8/lib/plugins/gradle-language-scala-2.8.jar
7f0724e53000-7f0724e56000 r--s 00009000 08:02 28186641                   /home/ivan/tools/android/android-studio/gradle/gradle-2.8/lib/plugins/gradle-language-groovy-2.8.jar
7f0724e56000-7f0724e5c000 r--s 00023000 08:02 28182202                   /home/ivan/tools/android/android-studio/gradle/gradle-2.8/lib/plugins/gradle-language-java-2.8.jar
7f0724e5c000-7f0724e5e000 r--s 00008000 08:02 28182194                   /home/ivan/tools/android/android-studio/gradle/gradle-2.8/lib/plugins/gradle-language-jvm-2.8.jar
7f0724e5e000-7f0724e61000 r--s 0000d000 08:02 28186648                   /home/ivan/tools/android/android-studio/gradle/gradle-2.8/lib/plugins/gradle-platform-jvm-2.8.jar
7f0724e61000-7f0724e69000 r--s 0002c000 08:02 28186626                   /home/ivan/tools/android/android-studio/gradle/gradle-2.8/lib/plugins/gradle-platform-base-2.8.jar
7f0724e69000-7f0724e6d000 r--s 00020000 08:02 28182209                   /home/ivan/tools/android/android-studio/gradle/gradle-2.8/lib/plugins/gradle-build-init-2.8.jar
7f0724e6d000-7f0724e70000 r--s 00017000 08:02 28186651                   /home/ivan/tools/android/android-studio/gradle/gradle-2.8/lib/plugins/gradle-jacoco-2.8.jar
7f0724e70000-7f0724e73000 r--s 0000e000 08:02 28186613                   /home/ivan/tools/android/android-studio/gradle/gradle-2.8/lib/plugins/gradle-ivy-2.8.jar
7f0724e73000-7f0724e75000 r--s 00002000 08:02 28182208                   /home/ivan/tools/android/android-studio/gradle/gradle-2.8/lib/plugins/gradle-publish-2.8.jar
7f0724e75000-7f0724e77000 r--s 00005000 08:02 28186700                   /home/ivan/tools/android/android-studio/gradle/gradle-2.8/lib/plugins/jatl-0.2.2.jar
7f0724e77000-7f0724e79000 r--s 0000f000 08:02 28186644                   /home/ivan/tools/android/android-studio/gradle/gradle-2.8/lib/plugins/gradle-reporting-2.8.jar
7f0724e79000-7f0724e7e000 r--s 00035000 08:02 28186631                   /home/ivan/tools/android/android-studio/gradle/gradle-2.8/lib/plugins/gradle-diagnostics-2.8.jar
7f0724e7e000-7f0724e85000 r--s 0008f000 08:02 28186652                   /home/ivan/tools/android/android-studio/gradle/gradle-2.8/lib/plugins/gradle-build-comparison-2.8.jar
7f0724e85000-7f0724e8c000 r--s 00035000 08:02 28186702                   /home/ivan/tools/android/android-studio/gradle/gradle-2.8/lib/plugins/simple-4.1.21.jar
7f0724e8c000-7f0724e98000 r--s 00100000 08:02 28186708                   /home/ivan/tools/android/android-studio/gradle/gradle-2.8/lib/plugins/rhino-1.7R3.jar
7f0724e98000-7f0724e9c000 r--s 0001c000 08:02 28182200                   /home/ivan/tools/android/android-studio/gradle/gradle-2.8/lib/plugins/gradle-javascript-2.8.jar
7f0724e9c000-7f0724e9e000 r--s 0000b000 08:02 28186639                   /home/ivan/tools/android/android-studio/gradle/gradle-2.8/lib/plugins/gradle-ear-2.8.jar
7f0724e9e000-7f0724ea5000 r--s 00038000 08:02 28186716                   /home/ivan/tools/android/android-studio/gradle/gradle-2.8/lib/plugins/bcpg-jdk15on-1.51.jar
7f0724ea5000-7f0724ea7000 r--s 00017000 08:02 28182207                   /home/ivan/tools/android/android-studio/gradle/gradle-2.8/lib/plugins/gradle-signing-2.8.jar
7f0724ea7000-7f0724ea8000 r--s 00002000 08:02 28186703                   /home/ivan/tools/android/android-studio/gradle/gradle-2.8/lib/plugins/sonar-batch-bootstrapper-2.9.jar
7f0724ea8000-7f0724eab000 r--s 00015000 08:02 28186632                   /home/ivan/tools/android/android-studio/gradle/gradle-2.8/lib/plugins/gradle-sonar-2.8.jar
7f0724eab000-7f0724eae000 r--s 00010000 08:02 28186629                   /home/ivan/tools/android/android-studio/gradle/gradle-2.8/lib/plugins/gradle-scala-2.8.jar
7f0724eae000-7f0724eb0000 r--s 0000a000 08:02 28186628                   /home/ivan/tools/android/android-studio/gradle/gradle-2.8/lib/plugins/gradle-announce-2.8.jar
7f0724eb0000-7f0724ebe000 r--s 0009f000 08:02 28186630                   /home/ivan/tools/android/android-studio/gradle/gradle-2.8/lib/plugins/gradle-ide-2.8.jar
7f0724ebe000-7f0724ec1000 r--s 0000c000 08:02 28186727                   /home/ivan/tools/android/android-studio/gradle/gradle-2.8/lib/plugins/pmaven-groovy-0.8-20100325.jar
7f0724ec1000-7f0724ec2000 r--s 00004000 08:02 28186718                   /home/ivan/tools/android/android-studio/gradle/gradle-2.8/lib/plugins/pmaven-common-0.8-20100325.jar
7f0724ec2000-7f0724ec8000 r--s 00022000 08:02 28186643                   /home/ivan/tools/android/android-studio/gradle/gradle-2.8/lib/plugins/gradle-maven-2.8.jar
7f0724ec8000-7f0724ee9000 r--s 001c3000 08:02 28186642                   /home/ivan/tools/android/android-studio/gradle/gradle-2.8/lib/plugins/bndlib-2.4.0.jar
7f0724ee9000-7f0724eeb000 r--s 00004000 08:02 28182196                   /home/ivan/tools/android/android-studio/gradle/gradle-2.8/lib/plugins/gradle-osgi-2.8.jar
7f0724eeb000-7f0724eed000 r--s 00008000 08:02 28186637                   /home/ivan/tools/android/android-studio/gradle/gradle-2.8/lib/plugins/gradle-antlr-2.8.jar
7f0724eed000-7f0724ef0000 r--s 0001e000 08:02 28186728                   /home/ivan/tools/android/android-studio/gradle/gradle-2.8/lib/plugins/jsp-api-2.1-6.1.14.jar
7f0724ef0000-7f0724f13000 r--s 00344000 08:02 28186731                   /home/ivan/tools/android/android-studio/gradle/gradle-2.8/lib/plugins/core-3.1.1.jar
7f0724f13000-7f0724f14000 r--s 00006000 08:02 28186725                   /home/ivan/tools/android/android-studio/gradle/gradle-2.8/lib/plugins/jetty-naming-6.1.25.jar
7f0724f14000-7f0724f15000 r--s 00002000 08:02 28186706                   /home/ivan/tools/android/android-studio/gradle/gradle-2.8/lib/plugins/geronimo-annotation_1.0_spec-1.0.jar
7f0724f15000-7f0724f17000 r--s 00002000 08:02 28186697                   /home/ivan/tools/android/android-studio/gradle/gradle-2.8/lib/plugins/jetty-annotations-6.1.25.jar
7f0724f17000-7f0724f28000 r--s 000ea000 08:02 28186732                   /home/ivan/tools/android/android-studio/gradle/gradle-2.8/lib/plugins/jsp-2.1-6.1.14.jar
7f0724f28000-7f0724f2a000 r--s 0000d000 08:02 28186694                   /home/ivan/tools/android/android-studio/gradle/gradle-2.8/lib/plugins/jetty-plus-6.1.25.jar
7f0724f2a000-7f0724f2c000 r--s 0001f000 08:02 28186690                   /home/ivan/tools/android/android-studio/gradle/gradle-2.8/lib/plugins/servlet-api-2.5-20081211.jar
7f0724f2c000-7f0724f30000 r--s 00028000 08:02 28186721                   /home/ivan/tools/android/android-studio/gradle/gradle-2.8/lib/plugins/jetty-util-6.1.25.jar
7f0724f30000-7f0724f37000 r--s 0007d000 08:02 28186692                   /home/ivan/tools/android/android-studio/gradle/gradle-2.8/lib/plugins/jetty-6.1.25.jar
7f0724f37000-7f0724f39000 r--s 00009000 08:02 28186615                   /home/ivan/tools/android/android-studio/gradle/gradle-2.8/lib/plugins/gradle-jetty-2.8.jar
7f0724f39000-7f0724f3f000 r--s 00036000 08:02 28186645                   /home/ivan/tools/android/android-studio/gradle/gradle-2.8/lib/plugins/gradle-code-quality-2.8.jar
7f0724f3f000-7f0724f41000 r--s 00009000 08:02 28186709                   /home/ivan/tools/android/android-studio/gradle/gradle-2.8/lib/plugins/hamcrest-core-1.3.jar
7f0724f41000-7f0724f47000 r--s 00033000 08:02 28186691                   /home/ivan/tools/android/android-studio/gradle/gradle-2.8/lib/plugins/snakeyaml-1.6.jar
7f0724f47000-7f0724f49000 r--s 00006000 08:02 28186726                   /home/ivan/tools/android/android-studio/gradle/gradle-2.8/lib/plugins/jcommander-1.12.jar
7f0724f49000-7f0724f4e000 r--s 00040000 08:02 28186698                   /home/ivan/tools/android/android-studio/gradle/gradle-2.8/lib/plugins/bsh-2.0b4.jar
7f0724f4e000-7f0724f50000 r--s 00009000 08:02 28186704                   /home/ivan/tools/android/android-studio/gradle/gradle-2.8/lib/plugins/commons-cli-1.2.jar
7f0724f50000-7f0724f59000 r--s 00089000 08:02 28186724                   /home/ivan/tools/android/android-studio/gradle/gradle-2.8/lib/plugins/testng-6.3.1.jar
7f0724f59000-7f0724f61000 r--s 00045000 08:02 28186713                   /home/ivan/tools/android/android-studio/gradle/gradle-2.8/lib/plugins/junit-4.12.jar
7f0724f61000-7f0724f6d000 r--s 00073000 08:02 28182203                   /home/ivan/tools/android/android-studio/gradle/gradle-2.8/lib/plugins/gradle-plugins-2.8.jar
7f0724f6d000-7f0724f85000 r--s 00115000 08:02 28186720                   /home/ivan/tools/android/android-studio/gradle/gradle-2.8/lib/plugins/xercesImpl-2.9.1.jar
7f0724f85000-7f0724f8d000 r--s 00028000 08:02 28186695                   /home/ivan/tools/android/android-studio/gradle/gradle-2.8/lib/plugins/xml-apis-1.3.04.jar
7f0724f8d000-7f0724f93000 r--s 0005b000 08:02 28186693                   /home/ivan/tools/android/android-studio/gradle/gradle-2.8/lib/plugins/jcifs-1.3.17.jar
7f0724f93000-7f0724f99000 r--s 00031000 08:02 28186711                   /home/ivan/tools/android/android-studio/gradle/gradle-2.8/lib/plugins/httpcore-4.2.2.jar
7f0724f99000-7f0724f9f000 r--s 00033000 08:02 28186717                   /home/ivan/tools/android/android-studio/gradle/gradle-2.8/lib/plugins/commons-codec-1.6.jar
7f0724f9f000-7f0724fa2000 r--s 0001c000 08:02 28186705                   /home/ivan/tools/android/android-studio/gradle/gradle-2.8/lib/plugins/nekohtml-1.9.14.jar
7f0724fa2000-7f0724fab000 r--s 00060000 08:02 28186714                   /home/ivan/tools/android/android-studio/gradle/gradle-2.8/lib/plugins/httpclient-4.2.2.jar
7f0724fab000-7f0724fad000 r--s 00009000 08:02 28182193                   /home/ivan/tools/android/android-studio/gradle/gradle-2.8/lib/plugins/gradle-resources-http-2.8.jar
7f0724fad000-7f0724fb0000 r--s 00011000 08:02 28186619                   /home/ivan/tools/android/android-studio/gradle/gradle-2.8/lib/plugins/gradle-plugin-use-2.8.jar
7f0724fb0000-7f0724fb1000 r--s 00007000 08:02 28186627                   /home/ivan/tools/android/android-studio/gradle/gradle-2.8/lib/plugins/wagon-http-shared4-2.4.jar
7f0724fb1000-7f0724fb5000 r--s 00033000 08:02 28182210                   /home/ivan/tools/android/android-studio/gradle/gradle-2.8/lib/plugins/plexus-utils-2.0.6.jar
7f0724fb5000-7f0724fb9000 r--s 00021000 08:02 28186654                   /home/ivan/tools/android/android-studio/gradle/gradle-2.8/lib/plugins/maven-model-builder-3.0.4.jar
7f0724fb9000-7f0724fba000 r--s 00002000 08:02 28186621                   /home/ivan/tools/android/android-studio/gradle/gradle-2.8/lib/plugins/wagon-file-2.4.jar
7f0724fba000-7f0724fbc000 r--s 00002000 08:02 28182206                   /home/ivan/tools/android/android-studio/gradle/gradle-2.8/lib/plugins/plexus-cipher-1.7.jar
7f0724fbc000-7f0724fbf000 r--s 00013000 08:02 28186634                   /home/ivan/tools/android/android-studio/gradle/gradle-2.8/lib/plugins/aether-api-1.13.1.jar
7f0724fbf000-7f0724fc1000 r--s 0000a000 08:02 28182191                   /home/ivan/tools/android/android-studio/gradle/gradle-2.8/lib/plugins/maven-settings-3.0.4.jar
7f0724fc1000-7f0724fc3000 r--s 0000d000 08:02 28186633                   /home/ivan/tools/android/android-studio/gradle/gradle-2.8/lib/plugins/plexus-interpolation-1.14.jar
7f0724fc3000-7f0724fc5000 r--s 0000b000 08:02 28182192                   /home/ivan/tools/android/android-studio/gradle/gradle-2.8/lib/plugins/maven-artifact-3.0.4.jar
7f0724fc5000-7f0724fcc000 r--s 0002e000 08:02 28186659                   /home/ivan/tools/android/android-studio/gradle/gradle-2.8/lib/plugins/plexus-container-default-1.5.5.jar
7f0724fcc000-7f0724fce000 r--s 0000b000 08:02 28182204                   /home/ivan/tools/android/android-studio/gradle/gradle-2.8/lib/plugins/maven-plugin-api-3.0.4.jar
7f0724fce000-7f0724fd0000 r--s 00000000 08:02 28186620                   /home/ivan/tools/android/android-studio/gradle/gradle-2.8/lib/plugins/plexus-component-annotations-1.5.5.jar
7f0724fd0000-7f0724fd6000 r--s 0003f000 08:02 28186622                   /home/ivan/tools/android/android-studio/gradle/gradle-2.8/lib/plugins/maven-compat-3.0.4.jar
7f0724fd6000-7f0724fd9000 r--s 00008000 08:02 28182199                   /home/ivan/tools/android/android-studio/gradle/gradle-2.8/lib/plugins/maven-settings-builder-3.0.4.jar
7f0724fd9000-7f0724fda000 r--s 00002000 08:02 28186655                   /home/ivan/tools/android/android-studio/gradle/gradle-2.8/lib/plugins/wagon-http-2.4.jar
7f0724fda000-7f0724fdc000 r--s 00026000 08:02 28186650                   /home/ivan/tools/android/android-studio/gradle/gradle-2.8/lib/plugins/maven-model-3.0.4.jar
7f0724fdc000-7f0724fde000 r--s 00006000 08:02 28182197                   /home/ivan/tools/android/android-studio/gradle/gradle-2.8/lib/plugins/aether-connector-wagon-1.13.1.jar
7f0724fde000-7f0724fe0000 r--s 0000a000 08:02 28186624                   /home/ivan/tools/android/android-studio/gradle/gradle-2.8/lib/plugins/plexus-classworlds-2.4.jar
7f0724fe0000-7f0724fe2000 r--s 00006000 08:02 28182201                   /home/ivan/tools/android/android-studio/gradle/gradle-2.8/lib/plugins/maven-repository-metadata-3.0.4.jar
7f0724fe2000-7f0724fe4000 r--s 0000c000 08:02 28186618                   /home/ivan/tools/android/android-studio/gradle/gradle-2.8/lib/plugins/maven-aether-provider-3.0.4.jar
7f0724fe4000-7f0724fe6000 r--s 0000b000 08:02 28186625                   /home/ivan/tools/android/android-studio/gradle/gradle-2.8/lib/plugins/wagon-provider-api-2.4.jar
7f0724fe6000-7f0724fe7000 r--s 00003000 08:02 28186653                   /home/ivan/tools/android/android-studio/gradle/gradle-2.8/lib/plugins/aether-spi-1.13.1.jar
7f0724fe7000-7f0724feb000 r--s 0001c000 08:02 28186636                   /home/ivan/tools/android/android-studio/gradle/gradle-2.8/lib/plugins/aether-util-1.13.1.jar
7f0724feb000-7f0724fee000 r--s 0001d000 08:02 28186647                   /home/ivan/tools/android/android-studio/gradle/gradle-2.8/lib/plugins/aether-impl-1.13.1.jar
7f0724fee000-7f0724fef000 r--s 00006000 08:02 28186623                   /home/ivan/tools/android/android-studio/gradle/gradle-2.8/lib/plugins/plexus-sec-dispatcher-1.3.jar
7f0724fef000-7f0724ff3000 r--s 0003d000 08:02 28186701                   /home/ivan/tools/android/android-studio/gradle/gradle-2.8/lib/plugins/jsch-0.1.51.jar
7f0724ff3000-7f0725033000 r--s 00277000 08:02 28186712                   /home/ivan/tools/android/android-studio/gradle/gradle-2.8/lib/plugins/bcprov-jdk15on-1.51.jar
7f0725033000-7f072503f000 r--s 0007d000 08:02 28186640                   /home/ivan/tools/android/android-studio/gradle/gradle-2.8/lib/plugins/maven-core-3.0.4.jar
7f072503f000-7f072504e000 r--s 000d9000 08:02 28186707                   /home/ivan/tools/android/android-studio/gradle/gradle-2.8/lib/plugins/ivy-2.2.0.jar
7f072504e000-7f0725052000 r-xp 00000000 08:02 27396148                   /home/ivan/.gradle/native/19/linux-amd64/libnative-platform.so
7f0725052000-7f0725251000 ---p 00004000 08:02 27396148                   /home/ivan/.gradle/native/19/linux-amd64/libnative-platform.so
7f0725251000-7f0725252000 rw-p 00003000 08:02 27396148                   /home/ivan/.gradle/native/19/linux-amd64/libnative-platform.so
7f0725252000-7f0725262000 r-xp 00000000 08:02 2626382                    /usr/lib/jvm/java-7-openjdk-amd64/jre/lib/amd64/libnio.so
7f0725262000-7f0725462000 ---p 00010000 08:02 2626382                    /usr/lib/jvm/java-7-openjdk-amd64/jre/lib/amd64/libnio.so
7f0725462000-7f0725463000 r--p 00010000 08:02 2626382                    /usr/lib/jvm/java-7-openjdk-amd64/jre/lib/amd64/libnio.so
7f0725463000-7f0725464000 rw-p 00011000 08:02 2626382                    /usr/lib/jvm/java-7-openjdk-amd64/jre/lib/amd64/libnio.so
7f0725464000-7f0725495000 rw-p 00000000 00:00 0 
7f0725495000-7f07254d2000 r-xp 00000000 08:02 13497                      /lib/x86_64-linux-gnu/libpcre.so.3.13.1
7f07254d2000-7f07256d1000 ---p 0003d000 08:02 13497                      /lib/x86_64-linux-gnu/libpcre.so.3.13.1
7f07256d1000-7f07256d2000 r--p 0003c000 08:02 13497                      /lib/x86_64-linux-gnu/libpcre.so.3.13.1
7f07256d2000-7f07256d3000 rw-p 0003d000 08:02 13497                      /lib/x86_64-linux-gnu/libpcre.so.3.13.1
7f07256d3000-7f07256da000 r-xp 00000000 08:02 28437                      /usr/lib/x86_64-linux-gnu/libffi.so.6.0.1
7f07256da000-7f07258d9000 ---p 00007000 08:02 28437                      /usr/lib/x86_64-linux-gnu/libffi.so.6.0.1
7f07258d9000-7f07258da000 r--p 00006000 08:02 28437                      /usr/lib/x86_64-linux-gnu/libffi.so.6.0.1
7f07258da000-7f07258db000 rw-p 00007000 08:02 28437                      /usr/lib/x86_64-linux-gnu/libffi.so.6.0.1
7f07258db000-7f07258f2000 r-xp 00000000 08:02 9390                       /lib/x86_64-linux-gnu/libresolv-2.19.so
7f07258f2000-7f0725af2000 ---p 00017000 08:02 9390                       /lib/x86_64-linux-gnu/libresolv-2.19.so
7f0725af2000-7f0725af3000 r--p 00017000 08:02 9390                       /lib/x86_64-linux-gnu/libresolv-2.19.so
7f0725af3000-7f0725af4000 rw-p 00018000 08:02 9390                       /lib/x86_64-linux-gnu/libresolv-2.19.so
7f0725af4000-7f0725af6000 rw-p 00000000 00:00 0 
7f0725af6000-7f0725b16000 r-xp 00000000 08:02 13524                      /lib/x86_64-linux-gnu/libselinux.so.1
7f0725b16000-7f0725d15000 ---p 00020000 08:02 13524                      /lib/x86_64-linux-gnu/libselinux.so.1
7f0725d15000-7f0725d16000 r--p 0001f000 08:02 13524                      /lib/x86_64-linux-gnu/libselinux.so.1
7f0725d16000-7f0725d17000 rw-p 00020000 08:02 13524                      /lib/x86_64-linux-gnu/libselinux.so.1
7f0725d17000-7f0725d19000 rw-p 00000000 00:00 0 
7f0725d19000-7f0725d1c000 r-xp 00000000 08:02 28550                      /usr/lib/x86_64-linux-gnu/libgmodule-2.0.so.0.4002.0
7f0725d1c000-7f0725f1b000 ---p 00003000 08:02 28550                      /usr/lib/x86_64-linux-gnu/libgmodule-2.0.so.0.4002.0
7f0725f1b000-7f0725f1c000 r--p 00002000 08:02 28550                      /usr/lib/x86_64-linux-gnu/libgmodule-2.0.so.0.4002.0
7f0725f1c000-7f0725f1d000 rw-p 00003000 08:02 28550                      /usr/lib/x86_64-linux-gnu/libgmodule-2.0.so.0.4002.0
7f0725f1d000-7f0726023000 r-xp 00000000 08:02 13425                      /lib/x86_64-linux-gnu/libglib-2.0.so.0.4002.0
7f0726023000-7f0726222000 ---p 00106000 08:02 13425                      /lib/x86_64-linux-gnu/libglib-2.0.so.0.4002.0
7f0726222000-7f0726223000 r--p 00105000 08:02 13425                      /lib/x86_64-linux-gnu/libglib-2.0.so.0.4002.0
7f0726223000-7f0726224000 rw-p 00106000 08:02 13425                      /lib/x86_64-linux-gnu/libglib-2.0.so.0.4002.0
7f0726224000-7f0726225000 rw-p 00000000 00:00 0 
7f0726225000-7f0726274000 r-xp 00000000 08:02 28566                      /usr/lib/x86_64-linux-gnu/libgobject-2.0.so.0.4002.0
7f0726274000-7f0726474000 ---p 0004f000 08:02 28566                      /usr/lib/x86_64-linux-gnu/libgobject-2.0.so.0.4002.0
7f0726474000-7f0726475000 r--p 0004f000 08:02 28566                      /usr/lib/x86_64-linux-gnu/libgobject-2.0.so.0.4002.0
7f0726475000-7f0726476000 rw-p 00050000 08:02 28566                      /usr/lib/x86_64-linux-gnu/libgobject-2.0.so.0.4002.0
7f0726476000-7f07265e2000 r-xp 00000000 08:02 28538                      /usr/lib/x86_64-linux-gnu/libgio-2.0.so.0.4002.0
7f07265e2000-7f07267e1000 ---p 0016c000 08:02 28538                      /usr/lib/x86_64-linux-gnu/libgio-2.0.so.0.4002.0
7f07267e1000-7f07267e5000 r--p 0016b000 08:02 28538                      /usr/lib/x86_64-linux-gnu/libgio-2.0.so.0.4002.0
7f07267e5000-7f07267e7000 rw-p 0016f000 08:02 28538                      /usr/lib/x86_64-linux-gnu/libgio-2.0.so.0.4002.0
7f07267e7000-7f07267e9000 rw-p 00000000 00:00 0 
7f07267e9000-7f07267ed000 r--s 0001d000 08:02 28186730                   /home/ivan/tools/android/android-studio/gradle/gradle-2.8/lib/plugins/xbean-reflect-3.4.jar
7f07267ed000-7f07267f2000 r--s 0002a000 08:02 28186689                   /home/ivan/tools/android/android-studio/gradle/gradle-2.8/lib/plugins/gson-2.2.4.jar
7f07267f2000-7f072680e000 r--s 000ca000 08:02 28182198                   /home/ivan/tools/android/android-studio/gradle/gradle-2.8/lib/plugins/gradle-dependency-management-2.8.jar
7f072680e000-7f0726825000 r-xp 00000000 08:02 2626412                    /usr/lib/jvm/java-7-openjdk-amd64/jre/lib/amd64/libnet.so
7f0726825000-7f0726a24000 ---p 00017000 08:02 2626412                    /usr/lib/jvm/java-7-openjdk-amd64/jre/lib/amd64/libnet.so
7f0726a24000-7f0726a25000 r--p 00016000 08:02 2626412                    /usr/lib/jvm/java-7-openjdk-amd64/jre/lib/amd64/libnet.so
7f0726a25000-7f0726a26000 rw-p 00017000 08:02 2626412                    /usr/lib/jvm/java-7-openjdk-amd64/jre/lib/amd64/libnet.so
7f0726a26000-7f0726a27000 r--s 00006000 08:02 28186664                   /home/ivan/tools/android/android-studio/gradle/gradle-2.8/lib/gradle-wrapper-2.8.jar
7f0726a27000-7f0726a32000 r--s 0003a000 08:02 28186669                   /home/ivan/tools/android/android-studio/gradle/gradle-2.8/lib/gradle-tooling-api-2.8.jar
7f0726a32000-7f0726a34000 r--s 00002000 08:02 28186661                   /home/ivan/tools/android/android-studio/gradle/gradle-2.8/lib/gradle-open-api-2.8.jar
7f0726a34000-7f0726a3a000 r--s 00032000 08:02 28186736                   /home/ivan/tools/android/android-studio/gradle/gradle-2.8/lib/jaxen-1.1.jar
7f0726a3a000-7f0726a3f000 r--s 00048000 08:02 28186756                   /home/ivan/tools/android/android-studio/gradle/gradle-2.8/lib/dom4j-1.6.1.jar
7f0726a3f000-7f0726a4a000 r--s 00059000 08:02 28186665                   /home/ivan/tools/android/android-studio/gradle/gradle-2.8/lib/gradle-ui-2.8.jar
7f0726a4a000-7f0726a4d000 r--s 00008000 08:02 28186666                   /home/ivan/tools/android/android-studio/gradle/gradle-2.8/lib/gradle-resources-2.8.jar
7f0726a4d000-7f0726a4f000 r--s 00007000 08:02 28186753                   /home/ivan/tools/android/android-studio/gradle/gradle-2.8/lib/objenesis-1.2.jar
7f0726a4f000-7f0726a51000 r--s 00000000 08:02 28186754                   /home/ivan/tools/android/android-studio/gradle/gradle-2.8/lib/minlog-1.2.jar
7f0726a51000-7f0726a53000 r--s 0000f000 08:02 28186686                   /home/ivan/tools/android/android-studio/gradle/gradle-2.8/lib/reflectasm-1.07-shaded.jar
7f0726a53000-7f0726a57000 r--s 00026000 08:02 28186735                   /home/ivan/tools/android/android-studio/gradle/gradle-2.8/lib/kryo-2.20.jar
7f0726a57000-7f0726a60000 r--s 0003f000 08:02 28186668                   /home/ivan/tools/android/android-studio/gradle/gradle-2.8/lib/gradle-messaging-2.8.jar
7f0726a60000-7f0726a61000 r--s 00003000 08:02 28186740                   /home/ivan/tools/android/android-studio/gradle/gradle-2.8/lib/native-platform-freebsd-amd64-0.10.jar
7f0726a61000-7f0726a62000 r--s 00003000 08:02 28186734                   /home/ivan/tools/android/android-studio/gradle/gradle-2.8/lib/native-platform-freebsd-i386-0.10.jar
7f0726a62000-7f0726a63000 r--s 00005000 08:02 28186751                   /home/ivan/tools/android/android-studio/gradle/gradle-2.8/lib/native-platform-windows-i386-0.10.jar
7f0726a63000-7f0726a64000 r--s 00005000 08:02 28186737                   /home/ivan/tools/android/android-studio/gradle/gradle-2.8/lib/native-platform-windows-amd64-0.10.jar
7f0726a64000-7f0726a65000 r--s 00003000 08:02 28186741                   /home/ivan/tools/android/android-studio/gradle/gradle-2.8/lib/native-platform-linux-i386-0.10.jar
7f0726a65000-7f0726a66000 r--s 00003000 08:02 28186749                   /home/ivan/tools/android/android-studio/gradle/gradle-2.8/lib/native-platform-linux-amd64-0.10.jar
7f0726a66000-7f0726a67000 r--s 00002000 08:02 28186688                   /home/ivan/tools/android/android-studio/gradle/gradle-2.8/lib/native-platform-osx-amd64-0.10.jar
7f0726a67000-7f0726a68000 r--s 00002000 08:02 28186758                   /home/ivan/tools/android/android-studio/gradle/gradle-2.8/lib/native-platform-osx-i386-0.10.jar
7f0726a68000-7f0726a6a000 r--s 00008000 08:02 28186739                   /home/ivan/tools/android/android-studio/gradle/gradle-2.8/lib/jansi-1.2.1.jar
7f0726a6a000-7f0726a6d000 r--s 0000d000 08:02 28186747                   /home/ivan/tools/android/android-studio/gradle/gradle-2.8/lib/native-platform-0.10.jar
7f0726a6d000-7f0726a71000 r--s 000e4000 08:02 28186752                   /home/ivan/tools/android/android-studio/gradle/gradle-2.8/lib/jna-3.2.7.jar
7f0726a71000-7f0726ae0000 r--s 0063e000 08:02 28186667                   /home/ivan/tools/android/android-studio/gradle/gradle-2.8/lib/groovy-all-2.4.4.jar
7f0726ae0000-7f0726ae1000 ---p 00000000 00:00 0 
7f0726ae1000-7f0726be1000 rw-p 00000000 00:00 0                          [stack:15590]
7f0726be1000-7f0726be4000 ---p 00000000 00:00 0 
7f0726be4000-7f0726ce2000 rw-p 00000000 00:00 0                          [stack:15589]
7f0726ce2000-7f0726ce5000 ---p 00000000 00:00 0 
7f0726ce5000-7f0726de3000 rw-p 00000000 00:00 0                          [stack:15588]
7f0726de3000-7f0726de6000 ---p 00000000 00:00 0 
7f0726de6000-7f0726ee4000 rw-p 00000000 00:00 0                          [stack:15587]
7f0726ee4000-7f0726ee7000 ---p 00000000 00:00 0 
7f0726ee7000-7f0726fe5000 rw-p 00000000 00:00 0                          [stack:15586]
7f0726fe5000-7f07277f8000 r--p 00000000 08:02 27195                      /usr/lib/locale/locale-archive
7f07277f8000-7f07277fb000 ---p 00000000 00:00 0 
7f07277fb000-7f07278f9000 rw-p 00000000 00:00 0                          [stack:15585]
7f07278f9000-7f07278fc000 ---p 00000000 00:00 0 
7f07278fc000-7f07279fa000 rw-p 00000000 00:00 0                          [stack:15584]
7f07279fa000-7f07279fb000 ---p 00000000 00:00 0 
7f07279fb000-7f0728000000 rw-p 00000000 00:00 0                          [stack:15583]
7f0728000000-7f0728029000 rw-p 00000000 00:00 0 
7f0728029000-7f072c000000 ---p 00000000 00:00 0 
7f072c000000-7f072c02c000 rw-p 00000000 00:00 0 
7f072c02c000-7f0730000000 ---p 00000000 00:00 0 
7f0730000000-7f0730021000 rw-p 00000000 00:00 0 
7f0730021000-7f0734000000 ---p 00000000 00:00 0 
7f0734000000-7f0734002000 r--s 00008000 08:02 28182189                   /home/ivan/tools/android/android-studio/gradle/gradle-2.8/lib/gradle-native-2.8.jar
7f0734002000-7f0734004000 r--s 00005000 08:02 28186660                   /home/ivan/tools/android/android-studio/gradle/gradle-2.8/lib/gradle-cli-2.8.jar
7f0734004000-7f0734005000 r--s 00007000 08:02 28186662                   /home/ivan/tools/android/android-studio/gradle/gradle-2.8/lib/gradle-model-groovy-2.8.jar
7f0734005000-7f0734006000 r--s 00006000 08:02 28186675                   /home/ivan/tools/android/android-studio/gradle/gradle-2.8/lib/gradle-base-services-groovy-2.8.jar
7f0734006000-7f0734012000 r--s 00067000 08:02 28186673                   /home/ivan/tools/android/android-studio/gradle/gradle-2.8/lib/gradle-model-core-2.8.jar
7f0734012000-7f0734013000 r--s 00000000 08:02 28186671                   /home/ivan/tools/android/android-studio/gradle/gradle-2.8/lib/gradle-docs-2.8.jar
7f0734013000-7f0734015000 r--s 00003000 08:02 28186738                   /home/ivan/tools/android/android-studio/gradle/gradle-2.8/lib/jcl-over-slf4j-1.7.10.jar
7f0734015000-7f0734016000 r--s 00005000 08:02 28186733                   /home/ivan/tools/android/android-studio/gradle/gradle-2.8/lib/log4j-over-slf4j-1.7.10.jar
7f0734016000-7f0734017000 r--s 00000000 08:02 28186745                   /home/ivan/tools/android/android-studio/gradle/gradle-2.8/lib/javax.inject-1.jar
7f0734017000-7f073401a000 r--s 0001b000 08:02 28186687                   /home/ivan/tools/android/android-studio/gradle/gradle-2.8/lib/jarjar-1.3.jar
7f073401a000-7f073401c000 r--s 00000000 08:02 28186742                   /home/ivan/tools/android/android-studio/gradle/gradle-2.8/lib/jul-to-slf4j-1.7.10.jar
7f073401c000-7f073401d000 r--s 00000000 08:02 28186757                   /home/ivan/tools/android/android-studio/gradle/gradle-2.8/lib/jcip-annotations-1.0.jar
7f073401d000-7f0734020000 r--s 00018000 08:02 28186744                   /home/ivan/tools/android/android-studio/gradle/gradle-2.8/lib/commons-io-1.4.jar
7f0734020000-7f073402e000 r--s 0007f000 08:02 28186743                   /home/ivan/tools/android/android-studio/gradle/gradle-2.8/lib/commons-collections-3.2.1.jar
7f073402e000-7f0734033000 r--s 00036000 08:02 28186750                   /home/ivan/tools/android/android-studio/gradle/gradle-2.8/lib/asm-all-5.0.3.jar
7f0734033000-7f0734038000 r--s 00041000 08:02 28186748                   /home/ivan/tools/android/android-studio/gradle/gradle-2.8/lib/commons-lang-2.6.jar
7f0734038000-7f0734060000 r--s 001cf000 08:02 28186746                   /home/ivan/tools/android/android-studio/gradle/gradle-2.8/lib/guava-jdk5-17.0.jar
7f0734060000-7f073407f000 r--s 001cc000 08:02 28186672                   /home/ivan/tools/android/android-studio/gradle/gradle-2.8/lib/ant-1.9.3.jar
7f073407f000-7f0734086000 r--s 00032000 08:02 28186674                   /home/ivan/tools/android/android-studio/gradle/gradle-2.8/lib/gradle-base-services-2.8.jar
7f0734086000-7f07340bc000 r--s 001b5000 08:02 28182188                   /home/ivan/tools/android/android-studio/gradle/gradle-2.8/lib/gradle-core-2.8.jar
7f07340bc000-7f0734b6b000 rw-p 00000000 00:00 0 
7f0734b6b000-7f0734d1d000 r--s 01d30000 08:02 2626376                    /usr/lib/jvm/java-7-openjdk-amd64/jre/lib/rt.jar
7f0734d1d000-7f073786e000 rw-p 00000000 00:00 0 
7f073786e000-7f073786f000 ---p 00000000 00:00 0 
7f073786f000-7f073796f000 rw-p 00000000 00:00 0                          [stack:15582]
7f073796f000-7f0737970000 ---p 00000000 00:00 0 
7f0737970000-7f0737a70000 rw-p 00000000 00:00 0                          [stack:15581]
7f0737a70000-7f0737a71000 ---p 00000000 00:00 0 
7f0737a71000-7f0737b71000 rw-p 00000000 00:00 0                          [stack:15580]
7f0737b71000-7f0737b72000 ---p 00000000 00:00 0 
7f0737b72000-7f0737c89000 rw-p 00000000 00:00 0                          [stack:15579]
7f0737c89000-7f0737cf2000 rw-p 00000000 00:00 0 
7f0737cf2000-7f0737d09000 rw-p 00000000 00:00 0 
7f0737d09000-7f0737d72000 rw-p 00000000 00:00 0 
7f0737d72000-7f0737d9b000 rw-p 00000000 00:00 0 
7f0737d9b000-7f0737ec7000 rw-p 00000000 00:00 0 
7f0737ec7000-7f0737f2b000 rw-p 00000000 00:00 0 
7f0737f2b000-7f0737f72000 rw-p 00000000 00:00 0 
7f0737f72000-7f0737f73000 rw-p 00000000 00:00 0 
7f0737f73000-7f0738573000 rwxp 00000000 00:00 0 
7f0738573000-7f073af73000 rw-p 00000000 00:00 0 
7f073af73000-7f073af7b000 r-xp 00000000 08:02 2626386                    /usr/lib/jvm/java-7-openjdk-amd64/jre/lib/amd64/libzip.so
7f073af7b000-7f073b17a000 ---p 00008000 08:02 2626386                    /usr/lib/jvm/java-7-openjdk-amd64/jre/lib/amd64/libzip.so
7f073b17a000-7f073b17b000 r--p 00007000 08:02 2626386                    /usr/lib/jvm/java-7-openjdk-amd64/jre/lib/amd64/libzip.so
7f073b17b000-7f073b17c000 rw-p 00008000 08:02 2626386                    /usr/lib/jvm/java-7-openjdk-amd64/jre/lib/amd64/libzip.so
7f073b17c000-7f073b187000 r-xp 00000000 08:02 9404                       /lib/x86_64-linux-gnu/libnss_files-2.19.so
7f073b187000-7f073b386000 ---p 0000b000 08:02 9404                       /lib/x86_64-linux-gnu/libnss_files-2.19.so
7f073b386000-7f073b387000 r--p 0000a000 08:02 9404                       /lib/x86_64-linux-gnu/libnss_files-2.19.so
7f073b387000-7f073b388000 rw-p 0000b000 08:02 9404                       /lib/x86_64-linux-gnu/libnss_files-2.19.so
7f073b388000-7f073b393000 r-xp 00000000 08:02 13325                      /lib/x86_64-linux-gnu/libnss_nis-2.19.so
7f073b393000-7f073b592000 ---p 0000b000 08:02 13325                      /lib/x86_64-linux-gnu/libnss_nis-2.19.so
7f073b592000-7f073b593000 r--p 0000a000 08:02 13325                      /lib/x86_64-linux-gnu/libnss_nis-2.19.so
7f073b593000-7f073b594000 rw-p 0000b000 08:02 13325                      /lib/x86_64-linux-gnu/libnss_nis-2.19.so
7f073b594000-7f073b5ab000 r-xp 00000000 08:02 9479                       /lib/x86_64-linux-gnu/libnsl-2.19.so
7f073b5ab000-7f073b7aa000 ---p 00017000 08:02 9479                       /lib/x86_64-linux-gnu/libnsl-2.19.so
7f073b7aa000-7f073b7ab000 r--p 00016000 08:02 9479                       /lib/x86_64-linux-gnu/libnsl-2.19.so
7f073b7ab000-7f073b7ac000 rw-p 00017000 08:02 9479                       /lib/x86_64-linux-gnu/libnsl-2.19.so
7f073b7ac000-7f073b7ae000 rw-p 00000000 00:00 0 
7f073b7ae000-7f073b7b7000 r-xp 00000000 08:02 9478                       /lib/x86_64-linux-gnu/libnss_compat-2.19.so
7f073b7b7000-7f073b9b6000 ---p 00009000 08:02 9478                       /lib/x86_64-linux-gnu/libnss_compat-2.19.so
7f073b9b6000-7f073b9b7000 r--p 00008000 08:02 9478                       /lib/x86_64-linux-gnu/libnss_compat-2.19.so
7f073b9b7000-7f073b9b8000 rw-p 00009000 08:02 9478                       /lib/x86_64-linux-gnu/libnss_compat-2.19.so
7f073b9b8000-7f073b9e3000 r-xp 00000000 08:02 2626394                    /usr/lib/jvm/java-7-openjdk-amd64/jre/lib/amd64/libjava.so
7f073b9e3000-7f073bbe3000 ---p 0002b000 08:02 2626394                    /usr/lib/jvm/java-7-openjdk-amd64/jre/lib/amd64/libjava.so
7f073bbe3000-7f073bbe4000 r--p 0002b000 08:02 2626394                    /usr/lib/jvm/java-7-openjdk-amd64/jre/lib/amd64/libjava.so
7f073bbe4000-7f073bbe6000 rw-p 0002c000 08:02 2626394                    /usr/lib/jvm/java-7-openjdk-amd64/jre/lib/amd64/libjava.so
7f073bbe6000-7f073bbf6000 r-xp 00000000 08:02 2626408                    /usr/lib/jvm/java-7-openjdk-amd64/jre/lib/amd64/libverify.so
7f073bbf6000-7f073bdf5000 ---p 00010000 08:02 2626408                    /usr/lib/jvm/java-7-openjdk-amd64/jre/lib/amd64/libverify.so
7f073bdf5000-7f073bdf7000 r--p 0000f000 08:02 2626408                    /usr/lib/jvm/java-7-openjdk-amd64/jre/lib/amd64/libverify.so
7f073bdf7000-7f073bdf8000 rw-p 00011000 08:02 2626408                    /usr/lib/jvm/java-7-openjdk-amd64/jre/lib/amd64/libverify.so
7f073bdf8000-7f073bdff000 r-xp 00000000 08:02 9487                       /lib/x86_64-linux-gnu/librt-2.19.so
7f073bdff000-7f073bffe000 ---p 00007000 08:02 9487                       /lib/x86_64-linux-gnu/librt-2.19.so
7f073bffe000-7f073bfff000 r--p 00006000 08:02 9487                       /lib/x86_64-linux-gnu/librt-2.19.so
7f073bfff000-7f073c000000 rw-p 00007000 08:02 9487                       /lib/x86_64-linux-gnu/librt-2.19.so
7f073c000000-7f073cb24000 rw-p 00000000 00:00 0 
7f073cb24000-7f0740000000 ---p 00000000 00:00 0 
7f0740000000-7f0740001000 r--s 00007000 08:02 28186755                   /home/ivan/tools/android/android-studio/gradle/gradle-2.8/lib/slf4j-api-1.7.10.jar
7f0740001000-7f0740002000 r--s 00004000 08:02 28186663                   /home/ivan/tools/android/android-studio/gradle/gradle-2.8/lib/ant-launcher-1.9.3.jar
7f0740002000-7f074000c000 r--s 0004a000 08:02 28186670                   /home/ivan/tools/android/android-studio/gradle/gradle-2.8/lib/gradle-launcher-2.8.jar
7f074000c000-7f07400a6000 rw-p 00000000 00:00 0 
7f07400a6000-7f07401d3000 rw-p 00000000 00:00 0 
7f07401d3000-7f07401e9000 r-xp 00000000 08:02 13421                      /lib/x86_64-linux-gnu/libgcc_s.so.1
7f07401e9000-7f07403e8000 ---p 00016000 08:02 13421                      /lib/x86_64-linux-gnu/libgcc_s.so.1
7f07403e8000-7f07403e9000 rw-p 00015000 08:02 13421                      /lib/x86_64-linux-gnu/libgcc_s.so.1
7f07403e9000-7f07404ee000 r-xp 00000000 08:02 9400                       /lib/x86_64-linux-gnu/libm-2.19.so
7f07404ee000-7f07406ed000 ---p 00105000 08:02 9400                       /lib/x86_64-linux-gnu/libm-2.19.so
7f07406ed000-7f07406ee000 r--p 00104000 08:02 9400                       /lib/x86_64-linux-gnu/libm-2.19.so
7f07406ee000-7f07406ef000 rw-p 00105000 08:02 9400                       /lib/x86_64-linux-gnu/libm-2.19.so
7f07406ef000-7f07407d5000 r-xp 00000000 08:02 6821                       /usr/lib/x86_64-linux-gnu/libstdc++.so.6.0.19
7f07407d5000-7f07409d4000 ---p 000e6000 08:02 6821                       /usr/lib/x86_64-linux-gnu/libstdc++.so.6.0.19
7f07409d4000-7f07409dc000 r--p 000e5000 08:02 6821                       /usr/lib/x86_64-linux-gnu/libstdc++.so.6.0.19
7f07409dc000-7f07409de000 rw-p 000ed000 08:02 6821                       /usr/lib/x86_64-linux-gnu/libstdc++.so.6.0.19
7f07409de000-7f07409f3000 rw-p 00000000 00:00 0 
7f07409f3000-7f0741517000 r-xp 00000000 08:02 2626400                    /usr/lib/jvm/java-7-openjdk-amd64/jre/lib/amd64/server/libjvm.so
7f0741517000-7f0741716000 ---p 00b24000 08:02 2626400                    /usr/lib/jvm/java-7-openjdk-amd64/jre/lib/amd64/server/libjvm.so
7f0741716000-7f07417b0000 r--p 00b23000 08:02 2626400                    /usr/lib/jvm/java-7-openjdk-amd64/jre/lib/amd64/server/libjvm.so
7f07417b0000-7f07417d3000 rw-p 00bbd000 08:02 2626400                    /usr/lib/jvm/java-7-openjdk-amd64/jre/lib/amd64/server/libjvm.so
7f07417d3000-7f0741801000 rw-p 00000000 00:00 0 
7f0741801000-7f0741819000 r-xp 00000000 08:02 13550                      /lib/x86_64-linux-gnu/libz.so.1.2.8
7f0741819000-7f0741a18000 ---p 00018000 08:02 13550                      /lib/x86_64-linux-gnu/libz.so.1.2.8
7f0741a18000-7f0741a19000 r--p 00017000 08:02 13550                      /lib/x86_64-linux-gnu/libz.so.1.2.8
7f0741a19000-7f0741a1a000 rw-p 00018000 08:02 13550                      /lib/x86_64-linux-gnu/libz.so.1.2.8
7f0741a1a000-7f0741a33000 r-xp 00000000 08:02 9485                       /lib/x86_64-linux-gnu/libpthread-2.19.so
7f0741a33000-7f0741c32000 ---p 00019000 08:02 9485                       /lib/x86_64-linux-gnu/libpthread-2.19.so
7f0741c32000-7f0741c33000 r--p 00018000 08:02 9485                       /lib/x86_64-linux-gnu/libpthread-2.19.so
7f0741c33000-7f0741c34000 rw-p 00019000 08:02 9485                       /lib/x86_64-linux-gnu/libpthread-2.19.so
7f0741c34000-7f0741c38000 rw-p 00000000 00:00 0 
7f0741c38000-7f0741c3b000 r-xp 00000000 08:02 9415                       /lib/x86_64-linux-gnu/libdl-2.19.so
7f0741c3b000-7f0741e3a000 ---p 00003000 08:02 9415                       /lib/x86_64-linux-gnu/libdl-2.19.so
7f0741e3a000-7f0741e3b000 r--p 00002000 08:02 9415                       /lib/x86_64-linux-gnu/libdl-2.19.so
7f0741e3b000-7f0741e3c000 rw-p 00003000 08:02 9415                       /lib/x86_64-linux-gnu/libdl-2.19.so
7f0741e3c000-7f0741ff7000 r-xp 00000000 08:02 9484                       /lib/x86_64-linux-gnu/libc-2.19.so
7f0741ff7000-7f07421f6000 ---p 001bb000 08:02 9484                       /lib/x86_64-linux-gnu/libc-2.19.so
7f07421f6000-7f07421fa000 r--p 001ba000 08:02 9484                       /lib/x86_64-linux-gnu/libc-2.19.so
7f07421fa000-7f07421fc000 rw-p 001be000 08:02 9484                       /lib/x86_64-linux-gnu/libc-2.19.so
7f07421fc000-7f0742201000 rw-p 00000000 00:00 0 
7f0742201000-7f074220e000 r-xp 00000000 08:02 2626409                    /usr/lib/jvm/java-7-openjdk-amd64/jre/lib/amd64/jli/libjli.so
7f074220e000-7f074240d000 ---p 0000d000 08:02 2626409                    /usr/lib/jvm/java-7-openjdk-amd64/jre/lib/amd64/jli/libjli.so
7f074240d000-7f074240e000 r--p 0000c000 08:02 2626409                    /usr/lib/jvm/java-7-openjdk-amd64/jre/lib/amd64/jli/libjli.so
7f074240e000-7f074240f000 rw-p 0000d000 08:02 2626409                    /usr/lib/jvm/java-7-openjdk-amd64/jre/lib/amd64/jli/libjli.so
7f074240f000-7f0742432000 r-xp 00000000 08:02 9481                       /lib/x86_64-linux-gnu/ld-2.19.so
7f0742432000-7f0742436000 r--s 00034000 08:02 2626371                    /usr/lib/jvm/java-7-openjdk-amd64/jre/lib/ext/sunjce_provider.jar
7f0742436000-7f0742438000 r--s 00012000 08:02 2626365                    /usr/lib/jvm/java-7-openjdk-amd64/jre/lib/ext/zipfs.jar
7f0742438000-7f0742439000 r--s 00002000 08:02 2626373                    /usr/lib/jvm/java-7-openjdk-amd64/jre/lib/ext/dnsns.jar
7f0742439000-7f074243c000 r--s 0000f000 08:02 2626369                    /usr/lib/jvm/java-7-openjdk-amd64/jre/lib/ext/icedtea-sound.jar
7f074243c000-7f0742440000 r--s 0003c000 08:02 2626372                    /usr/lib/jvm/java-7-openjdk-amd64/jre/lib/ext/sunpkcs11.jar
7f0742440000-7f0742444000 r--s 00085000 08:02 2626367                    /usr/lib/jvm/java-7-openjdk-amd64/jre/lib/ext/localedata.jar
7f0742444000-7f074245c000 rw-p 00000000 00:00 0 
7f074245c000-7f0742504000 rw-p 00000000 00:00 0 
7f0742504000-7f0742507000 ---p 00000000 00:00 0 
7f0742507000-7f074260a000 rw-p 00000000 00:00 0                          [stack:15578]
7f074260a000-7f074260c000 r--s 00006000 08:02 5674                       /usr/share/java/java-atk-wrapper.jar
7f074260c000-7f0742625000 rw-p 00000000 00:00 0 
7f0742625000-7f074262d000 rw-s 00000000 08:02 1313860                    /tmp/hsperfdata_ivan/15575
7f074262d000-7f074262e000 rw-p 00000000 00:00 0 
7f074262e000-7f074262f000 r--p 00000000 00:00 0 
7f074262f000-7f0742631000 rw-p 00000000 00:00 0 
7f0742631000-7f0742632000 r--p 00022000 08:02 9481                       /lib/x86_64-linux-gnu/ld-2.19.so
7f0742632000-7f0742633000 rw-p 00023000 08:02 9481                       /lib/x86_64-linux-gnu/ld-2.19.so
7f0742633000-7f0742634000 rw-p 00000000 00:00 0 
7ffffab9a000-7ffffabbb000 rw-p 00000000 00:00 0                          [stack]
7ffffabd1000-7ffffabd3000 r-xp 00000000 00:00 0                          [vdso]
7ffffabd3000-7ffffabd5000 r--p 00000000 00:00 0                          [vvar]
ffffffffff600000-ffffffffff601000 r-xp 00000000 00:00 0                  [vsyscall]

VM Arguments:
jvm_args: -XX:MaxPermSize=256m -XX:+HeapDumpOnOutOfMemoryError -Xmx1024m -Dfile.encoding=UTF-8 -Duser.country=UA -Duser.language=ru -Duser.variant 
java_command: org.gradle.launcher.daemon.bootstrap.GradleDaemon 2.8
Launcher Type: SUN_STANDARD

Environment Variables:
JAVA_HOME=/usr/lib/jvm/java-8-oracle
PATH=/usr/local/sbin:/usr/local/bin:/usr/sbin:/usr/bin:/sbin:/bin:/usr/games:/usr/local/games:/usr/lib/jvm/java-8-oracle/bin:/usr/lib/jvm/java-8-oracle/db/bin:/usr/lib/jvm/java-8-oracle/jre/bin
SHELL=/bin/bash
DISPLAY=:0

Signal Handlers:
SIGSEGV: [libjvm.so+0x954820], sa_mask[0]=0x7ffbfeff, sa_flags=0x10000004
SIGBUS: [libjvm.so+0x954820], sa_mask[0]=0x7ffbfeff, sa_flags=0x10000004
SIGFPE: [libjvm.so+0x7cb150], sa_mask[0]=0x7ffbfeff, sa_flags=0x10000004
SIGPIPE: [libjvm.so+0x7cb150], sa_mask[0]=0x7ffbfeff, sa_flags=0x10000004
SIGXFSZ: [libjvm.so+0x7cb150], sa_mask[0]=0x7ffbfeff, sa_flags=0x10000004
SIGILL: [libjvm.so+0x7cb150], sa_mask[0]=0x7ffbfeff, sa_flags=0x10000004
SIGUSR1: SIG_DFL, sa_mask[0]=0x00000000, sa_flags=0x00000000
SIGUSR2: [libjvm.so+0x7caff0], sa_mask[0]=0x00000004, sa_flags=0x10000004
SIGHUP: [libjvm.so+0x7cb1d0], sa_mask[0]=0x7ffbfeff, sa_flags=0x10000004
SIGINT: [libjvm.so+0x7cb1d0], sa_mask[0]=0x7ffbfeff, sa_flags=0x10000004
SIGTERM: [libjvm.so+0x7cb1d0], sa_mask[0]=0x7ffbfeff, sa_flags=0x10000004
SIGQUIT: [libjvm.so+0x7cb1d0], sa_mask[0]=0x7ffbfeff, sa_flags=0x10000004
SIGTRAP: SIG_DFL, sa_mask[0]=0x00000000, sa_flags=0x00000000


---------------  S Y S T E M  ---------------

OS:Ubuntu 14.04 (trusty)
uname:Linux 3.16.0-33-generic #44~14.04.1-Ubuntu SMP Fri Mar 13 10:33:29 UTC 2015 x86_64
libc:glibc 2.19 NPTL 2.19 
rlimit: STACK 8192k, CORE 0k, NPROC 30684, NOFILE 4096, AS infinity
load average:4,85 2,97 1,35

/proc/meminfo:
MemTotal:        8059736 kB
MemFree:         3640692 kB
MemAvailable:    5170220 kB
Buffers:          176580 kB
Cached:          1558376 kB
SwapCached:            0 kB
Active:          2960904 kB
Inactive:        1140916 kB
Active(anon):    2369060 kB
Inactive(anon):    83628 kB
Active(file):     591844 kB
Inactive(file):  1057288 kB
Unevictable:          68 kB
Mlocked:              68 kB
SwapTotal:       4075516 kB
SwapFree:        4075516 kB
Dirty:             15004 kB
Writeback:             0 kB
AnonPages:       2367292 kB
Mapped:           424664 kB
Shmem:             85488 kB
Slab:             136152 kB
SReclaimable:      98664 kB
SUnreclaim:        37488 kB
KernelStack:        9520 kB
PageTables:        45944 kB
NFS_Unstable:          0 kB
Bounce:                0 kB
WritebackTmp:          0 kB
CommitLimit:     8105384 kB
Committed_AS:    6600480 kB
VmallocTotal:   34359738367 kB
VmallocUsed:      395748 kB
VmallocChunk:   34359321596 kB
HardwareCorrupted:     0 kB
AnonHugePages:    841728 kB
HugePages_Total:       0
HugePages_Free:        0
HugePages_Rsvd:        0
HugePages_Surp:        0
Hugepagesize:       2048 kB
DirectMap4k:      171972 kB
DirectMap2M:     8099840 kB


CPU:total 4 (2 cores per cpu, 2 threads per core) family 6 model 58 stepping 9, cmov, cx8, fxsr, mmx, sse, sse2, sse3, ssse3, sse4.1, sse4.2, popcnt, avx, erms, ht, tsc, tscinvbit, tscinv

/proc/cpuinfo:
processor	: 0
vendor_id	: GenuineIntel
cpu family	: 6
model		: 58
model name	: Intel(R) Core(TM) i3-3217U CPU @ 1.80GHz
stepping	: 9
microcode	: 0x15
cpu MHz		: 1800.000
cache size	: 3072 KB
physical id	: 0
siblings	: 4
core id		: 0
cpu cores	: 2
apicid		: 0
initial apicid	: 0
fpu		: yes
fpu_exception	: yes
cpuid level	: 13
wp		: yes
flags		: fpu vme de pse tsc msr pae mce cx8 apic sep mtrr pge mca cmov pat pse36 clflush dts acpi mmx fxsr sse sse2 ss ht tm pbe syscall nx rdtscp lm constant_tsc arch_perfmon pebs bts rep_good nopl xtopology nonstop_tsc aperfmperf eagerfpu pni pclmulqdq dtes64 monitor ds_cpl vmx est tm2 ssse3 cx16 xtpr pdcm pcid sse4_1 sse4_2 x2apic popcnt tsc_deadline_timer xsave avx f16c lahf_lm ida arat epb xsaveopt pln pts dtherm tpr_shadow vnmi flexpriority ept vpid fsgsbase smep erms
bogomips	: 3591.97
clflush size	: 64
cache_alignment	: 64
address sizes	: 36 bits physical, 48 bits virtual
power management:

processor	: 1
vendor_id	: GenuineIntel
cpu family	: 6
model		: 58
model name	: Intel(R) Core(TM) i3-3217U CPU @ 1.80GHz
stepping	: 9
microcode	: 0x15
cpu MHz		: 1800.000
cache size	: 3072 KB
physical id	: 0
siblings	: 4
core id		: 1
cpu cores	: 2
apicid		: 2
initial apicid	: 2
fpu		: yes
fpu_exception	: yes
cpuid level	: 13
wp		: yes
flags		: fpu vme de pse tsc msr pae mce cx8 apic sep mtrr pge mca cmov pat pse36 clflush dts acpi mmx fxsr sse sse2 ss ht tm pbe syscall nx rdtscp lm constant_tsc arch_perfmon pebs bts rep_good nopl xtopology nonstop_tsc aperfmperf eagerfpu pni pclmulqdq dtes64 monitor ds_cpl vmx est tm2 ssse3 cx16 xtpr pdcm pcid sse4_1 sse4_2 x2apic popcnt tsc_deadline_timer xsave avx f16c lahf_lm ida arat epb xsaveopt pln pts dtherm tpr_shadow vnmi flexpriority ept vpid fsgsbase smep erms
bogomips	: 3591.97
clflush size	: 64
cache_alignment	: 64
address sizes	: 36 bits physical, 48 bits virtual
power management:

processor	: 2
vendor_id	: GenuineIntel
cpu family	: 6
model		: 58
model name	: Intel(R) Core(TM) i3-3217U CPU @ 1.80GHz
stepping	: 9
microcode	: 0x15
cpu MHz		: 1800.000
cache size	: 3072 KB
physical id	: 0
siblings	: 4
core id		: 0
cpu cores	: 2
apicid		: 1
initial apicid	: 1
fpu		: yes
fpu_exception	: yes
cpuid level	: 13
wp		: yes
flags		: fpu vme de pse tsc msr pae mce cx8 apic sep mtrr pge mca cmov pat pse36 clflush dts acpi mmx fxsr sse sse2 ss ht tm pbe syscall nx rdtscp lm constant_tsc arch_perfmon pebs bts rep_good nopl xtopology nonstop_tsc aperfmperf eagerfpu pni pclmulqdq dtes64 monitor ds_cpl vmx est tm2 ssse3 cx16 xtpr pdcm pcid sse4_1 sse4_2 x2apic popcnt tsc_deadline_timer xsave avx f16c lahf_lm ida arat epb xsaveopt pln pts dtherm tpr_shadow vnmi flexpriority ept vpid fsgsbase smep erms
bogomips	: 3591.97
clflush size	: 64
cache_alignment	: 64
address sizes	: 36 bits physical, 48 bits virtual
power management:

processor	: 3
vendor_id	: GenuineIntel
cpu family	: 6
model		: 58
model name	: Intel(R) Core(TM) i3-3217U CPU @ 1.80GHz
stepping	: 9
microcode	: 0x15
cpu MHz		: 1800.000
cache size	: 3072 KB
physical id	: 0
siblings	: 4
core id		: 1
cpu cores	: 2
apicid		: 3
initial apicid	: 3
fpu		: yes
fpu_exception	: yes
cpuid level	: 13
wp		: yes
flags		: fpu vme de pse tsc msr pae mce cx8 apic sep mtrr pge mca cmov pat pse36 clflush dts acpi mmx fxsr sse sse2 ss ht tm pbe syscall nx rdtscp lm constant_tsc arch_perfmon pebs bts rep_good nopl xtopology nonstop_tsc aperfmperf eagerfpu pni pclmulqdq dtes64 monitor ds_cpl vmx est tm2 ssse3 cx16 xtpr pdcm pcid sse4_1 sse4_2 x2apic popcnt tsc_deadline_timer xsave avx f16c lahf_lm ida arat epb xsaveopt pln pts dtherm tpr_shadow vnmi flexpriority ept vpid fsgsbase smep erms
bogomips	: 3591.97
clflush size	: 64
cache_alignment	: 64
address sizes	: 36 bits physical, 48 bits virtual
power management:



Memory: 4k page, physical 8059736k(3640692k free), swap 4075516k(4075516k free)

vm_info: OpenJDK 64-Bit Server VM (24.85-b03) for linux-amd64 JRE (1.7.0_85-b01), built on Oct 22 2015 06:46:50 by "buildd" with gcc 4.8.2

time: Tue Mar 15 10:48:46 2016
elapsed time: 66 seconds

