#
# A fatal error has been detected by the Java Runtime Environment:
#
#  SIGSEGV (0xb) at pc=0x00007febd8f9366d, pid=17793, tid=140650631542528
#
# JRE version: OpenJDK Runtime Environment (7.0_95) (build 1.7.0_95-b00)
# Java VM: OpenJDK 64-Bit Server VM (24.95-b01 mixed mode linux-amd64 compressed oops)
# Derivative: IcedTea 2.6.4
# Distribution: Ubuntu 14.04.3 LTS, package 7u95-2.6.4-0ubuntu0.14.04.1
# Problematic frame:
# V  [libjvm.so+0x4e366d]
#
# Failed to write core dump. Core dumps have been disabled. To enable core dumping, try "ulimit -c unlimited" before starting Java again
#
# If you would like to submit a bug report, please include
# instructions on how to reproduce the bug and visit:
#   http://icedtea.classpath.org/bugzilla
#

---------------  T H R E A D  ---------------

Current thread (0x00007febd40ae000):  JavaThread "C2 CompilerThread1" daemon [_thread_in_native, id=17807, stack(0x00007febc6de3000,0x00007febc6ee4000)]

siginfo:si_signo=SIGSEGV: si_errno=0, si_code=1 (SEGV_MAPERR), si_addr=0x0000000000000000

Registers:
RAX=0x0000000000000000, RBX=0x00007feb981b9388, RCX=0x0000000000000000, RDX=0x0000000000000000
RSP=0x00007febc6edf7f0, RBP=0x00007febc6edf840, RSI=0x00007feb981b9388, RDI=0x00007feb981b9388
R8 =0x00007feb981b9388, R9 =0x00000000000003ff, R10=0x00007feb9896d750, R11=0x000000000000001a
R12=0x00007feb98291640, R13=0x00007febd987f4d0, R14=0x00007feb989d8490, R15=0x00007feba4127870
RIP=0x00007febd8f9366d, EFLAGS=0x0000000000010246, CSGSFS=0x0000000000000033, ERR=0x0000000000000006
  TRAPNO=0x000000000000000e

Top of Stack: (sp=0x00007febc6edf7f0)
0x00007febc6edf7f0:   00007febd40a35a0 00000000a4004366
0x00007febc6edf800:   00007feb981b9388 00007feb981b9388
0x00007febc6edf810:   00007febc6edf870 00007feb981b9388
0x00007febc6edf820:   00007feb98291640 00007febd987f4d0
0x00007febc6edf830:   00007feb989d8490 00007febc6edfb80
0x00007febc6edf840:   00007febc6edf870 00007febd93c5515
0x00007febc6edf850:   00007feb989d8330 00007feb989d8330
0x00007febc6edf860:   00007feb989d8330 00007febc6edfb80
0x00007febc6edf870:   00007febc6edf8a0 00007febd91dcbdb
0x00007febc6edf880:   0000000000000010 00007feb989d5770
0x00007febc6edf890:   ffffffffffffffff 00007febd925ae82
0x00007febc6edf8a0:   00007febc6edf9e0 00007febd9000dfd
0x00007febc6edf8b0:   00007febc6edf8d0 00007febc6edf970
0x00007febc6edf8c0:   0000000c00000000 01007feb0000028c
0x00007febc6edf8d0:   00007febc6edfb80 00007febc6edf950
0x00007febc6edf8e0:   00007feb989d8330 00007feb98695ee0
0x00007febc6edf8f0:   00007feb9869c1a0 00007febd8d5c66e
0x00007febc6edf900:   00007febc6edf910 00007febc6edf930
0x00007febc6edf910:   00007febd401c720 00007feb98695ef0
0x00007febc6edf920:   00007feb989d8208 0000000000000020
0x00007febc6edf930:   0000000000000001 0000000000000004
0x00007febc6edf940:   00007febc6edf980 00007febd925cd6f
0x00007febc6edf950:   00007feb849e89d0 00007feb989d8318
0x00007febc6edf960:   00007feb989d8328 00007febc6edfb80
0x00007febc6edf970:   00007feb989d82a0 00007feb98695ee0
0x00007febc6edf980:   00007febc6edf9e0 00007febd9000407
0x00007febc6edf990:   00007febc6edfbc8 00007feb98695ef0
0x00007febc6edf9a0:   00000004989d5770 00007feb989d8330
0x00007febc6edf9b0:   00007febc6edf9d0 00007feb98695ee0
0x00007febc6edf9c0:   00007feb989d8330 00007feb98695ee0
0x00007febc6edf9d0:   00007feb989d8490 00007febc6edfb80
0x00007febc6edf9e0:   00007febc6edfa60 00007febd9006321 

Instructions: (pc=0x00007febd8f9366d)
0x00007febd8f9364d:   39 c2 41 89 54 24 14 77 7a 41 8b 17 41 3b 57 04
0x00007febd8f9365d:   0f 84 9b 00 00 00 49 8b 47 08 48 8b 7d c8 01 d2
0x00007febd8f9366d:   48 89 3c d0 41 8b 07 48 8b 7d c0 8d 54 00 01 49
0x00007febd8f9367d:   8b 47 08 48 89 3c d0 41 83 07 01 48 83 c4 28 5b 

Register to memory mapping:

RAX=0x0000000000000000 is an unknown value
RBX=0x00007feb981b9388 is an unknown value
RCX=0x0000000000000000 is an unknown value
RDX=0x0000000000000000 is an unknown value
RSP=0x00007febc6edf7f0 is pointing into the stack for thread: 0x00007febd40ae000
RBP=0x00007febc6edf840 is pointing into the stack for thread: 0x00007febd40ae000
RSI=0x00007feb981b9388 is an unknown value
RDI=0x00007feb981b9388 is an unknown value
R8 =0x00007feb981b9388 is an unknown value
R9 =0x00000000000003ff is an unknown value
R10=0x00007feb9896d750 is an unknown value
R11=0x000000000000001a is an unknown value
R12=0x00007feb98291640 is an unknown value
R13=0x00007febd987f4d0: <offset 0xdcf4d0> in /usr/lib/jvm/java-7-openjdk-amd64/jre/lib/amd64/server/libjvm.so at 0x00007febd8ab0000
R14=0x00007feb989d8490 is an unknown value
R15=0x00007feba4127870 is an unknown value


Stack: [0x00007febc6de3000,0x00007febc6ee4000],  sp=0x00007febc6edf7f0,  free space=1009k
Native frames: (J=compiled Java code, j=interpreted, Vv=VM code, C=native code)
V  [libjvm.so+0x4e366d]
V  [libjvm.so+0x915515]
V  [libjvm.so+0x72cbdb]
V  [libjvm.so+0x550dfd]
V  [libjvm.so+0x556321]
V  [libjvm.so+0x556665]
V  [libjvm.so+0x43f891]
V  [libjvm.so+0x443ab7]
V  [libjvm.so+0x3b1c7a]
V  [libjvm.so+0x449937]
V  [libjvm.so+0x44aa40]
V  [libjvm.so+0x907e50]
V  [libjvm.so+0x9080c1]
V  [libjvm.so+0x7cc682]


Current CompileTask:
C2:  10896  636             org.gradle.internal.classloader.FilteringClassLoader::classAllowed (116 bytes)


---------------  P R O C E S S  ---------------

Java Threads: ( => current thread )
  0x00007feb844d9000 JavaThread "File lock request listener" [_thread_in_native, id=17820, stack(0x00007febc46e7000,0x00007febc47e8000)]
  0x00007feb843b8000 JavaThread "process reaper" daemon [_thread_blocked, id=17819, stack(0x00007febc47e8000,0x00007febc4821000)]
  0x00007feb8401c800 JavaThread "Stdin handler" [_thread_blocked, id=17817, stack(0x00007febc488d000,0x00007febc498e000)]
  0x00007feb8800d800 JavaThread "Daemon worker" [_thread_in_vm, id=17814, stack(0x00007febc4995000,0x00007febc4a96000)]
  0x00007feb8800c800 JavaThread "Cancel handler" [_thread_blocked, id=17813, stack(0x00007febc4a96000,0x00007febc4b97000)]
  0x00007feb88003800 JavaThread "Handler for socket connection from /127.0.0.1:33609 to /127.0.0.1:60740" [_thread_in_native, id=17812, stack(0x00007febc4b97000,0x00007febc4c98000)]
  0x00007feb94015000 JavaThread "Daemon" [_thread_blocked, id=17811, stack(0x00007febc4c98000,0x00007febc4d99000)]
  0x00007febd4aea000 JavaThread "Incoming local TCP Connector on port 33609" [_thread_in_native, id=17810, stack(0x00007febc4d99000,0x00007febc4e9a000)]
  0x00007febd40b0800 JavaThread "Service Thread" daemon [_thread_blocked, id=17808, stack(0x00007febc6ce2000,0x00007febc6de3000)]
=>0x00007febd40ae000 JavaThread "C2 CompilerThread1" daemon [_thread_in_native, id=17807, stack(0x00007febc6de3000,0x00007febc6ee4000)]
  0x00007febd40ab000 JavaThread "C2 CompilerThread0" daemon [_thread_in_native, id=17806, stack(0x00007febc6ee4000,0x00007febc6fe5000)]
  0x00007febd40a9000 JavaThread "Signal Dispatcher" daemon [_thread_blocked, id=17805, stack(0x00007febc6fe5000,0x00007febc70e6000)]
  0x00007febd407c000 JavaThread "Finalizer" daemon [_thread_blocked, id=17804, stack(0x00007febc78f9000,0x00007febc79fa000)]
  0x00007febd407a000 JavaThread "Reference Handler" daemon [_thread_blocked, id=17803, stack(0x00007febc79fa000,0x00007febc7afb000)]
  0x00007febd400a000 JavaThread "main" [_thread_blocked, id=17795, stack(0x00007febda5c4000,0x00007febda6c5000)]

Other Threads:
  0x00007febd4075800 VMThread [stack: 0x00007febc7afb000,0x00007febc7bfc000] [id=17802]
  0x00007febd40bb800 WatcherThread [stack: 0x00007febc6be1000,0x00007febc6ce2000] [id=17809]

VM state:not at safepoint (normal execution)

VM Mutex/Monitor currently owned by a thread: None

Heap
 PSYoungGen      total 140288K, used 95668K [0x00000000eaa80000, 0x00000000f4080000, 0x0000000100000000)
  eden space 126976K, 68% used [0x00000000eaa80000,0x00000000efedc580,0x00000000f2680000)
  from space 13312K, 69% used [0x00000000f3380000,0x00000000f3c90bd8,0x00000000f4080000)
  to   space 13312K, 0% used [0x00000000f2680000,0x00000000f2680000,0x00000000f3380000)
 ParOldGen       total 83968K, used 13725K [0x00000000c0000000, 0x00000000c5200000, 0x00000000eaa80000)
  object space 83968K, 16% used [0x00000000c0000000,0x00000000c0d674c0,0x00000000c5200000)
 PSPermGen       total 33792K, used 33287K [0x00000000b0000000, 0x00000000b2100000, 0x00000000c0000000)
  object space 33792K, 98% used [0x00000000b0000000,0x00000000b2082000,0x00000000b2100000)

Card table byte_map: [0x00007febcfefa000,0x00007febd017b000] byte_map_base: 0x00007febcf97a000

Polling page: 0x00007febda6ed000

Code Cache  [0x00007febd017b000, 0x00007febd047b000, 0x00007febd317b000)
 total_blobs=1175 nmethods=574 adapters=554 free_code_cache=46190Kb largest_free_block=47239744

Compilation events (10 events):
Event: 10,853 Thread 0x00007febd40ae000 nmethod 631 0x00007febd03f91d0 code [0x00007febd03f9300, 0x00007febd03f9358]
Event: 10,853 Thread 0x00007febd40ae000  632             java.util.regex.Pattern::inRange (16 bytes)
Event: 10,853 Thread 0x00007febd40ae000 nmethod 632 0x00007febd03f8f10 code [0x00007febd03f9040, 0x00007febd03f9098]
Event: 10,853 Thread 0x00007febd40ae000  633             java.util.regex.Pattern$1::isSatisfiedBy (13 bytes)
Event: 10,854 Thread 0x00007febd40ae000 nmethod 633 0x00007febd0454290 code [0x00007febd04543c0, 0x00007febd0454438]
Event: 10,854 Thread 0x00007febd40ae000  634             java.util.regex.Pattern::isSupplementary (20 bytes)
Event: 10,855 Thread 0x00007febd40ae000 nmethod 634 0x00007febd0454050 code [0x00007febd0454180, 0x00007febd04541f8]
Event: 10,855 Thread 0x00007febd40ae000  635             java.util.regex.Pattern$Curly::match (86 bytes)
Event: 10,858 Thread 0x00007febd40ae000 nmethod 635 0x00007febd0455850 code [0x00007febd04559a0, 0x00007febd0455ac8]
Event: 10,863 Thread 0x00007febd40ae000  636             org.gradle.internal.classloader.FilteringClassLoader::classAllowed (116 bytes)

GC Heap History (10 events):
Event: 1,884 GC heap before
{Heap before GC invocations=2 (full 0):
 PSYoungGen      total 36864K, used 35476K [0x00000000eaa80000, 0x00000000ed380000, 0x0000000100000000)
  eden space 31744K, 100% used [0x00000000eaa80000,0x00000000ec980000,0x00000000ec980000)
  from space 5120K, 72% used [0x00000000ec980000,0x00000000ecd252b8,0x00000000ece80000)
  to   space 5120K, 0% used [0x00000000ece80000,0x00000000ece80000,0x00000000ed380000)
 ParOldGen       total 83968K, used 8K [0x00000000c0000000, 0x00000000c5200000, 0x00000000eaa80000)
  object space 83968K, 0% used [0x00000000c0000000,0x00000000c0002000,0x00000000c5200000)
 PSPermGen       total 21504K, used 11848K [0x00000000b0000000, 0x00000000b1500000, 0x00000000c0000000)
  object space 21504K, 55% used [0x00000000b0000000,0x00000000b0b92030,0x00000000b1500000)
Event: 1,901 GC heap after
Heap after GC invocations=2 (full 0):
 PSYoungGen      total 36864K, used 5105K [0x00000000eaa80000, 0x00000000ef280000, 0x0000000100000000)
  eden space 31744K, 0% used [0x00000000eaa80000,0x00000000eaa80000,0x00000000ec980000)
  from space 5120K, 99% used [0x00000000ece80000,0x00000000ed37c640,0x00000000ed380000)
  to   space 5120K, 0% used [0x00000000ec980000,0x00000000ec980000,0x00000000ece80000)
 ParOldGen       total 83968K, used 700K [0x00000000c0000000, 0x00000000c5200000, 0x00000000eaa80000)
  object space 83968K, 0% used [0x00000000c0000000,0x00000000c00af0c0,0x00000000c5200000)
 PSPermGen       total 21504K, used 11848K [0x00000000b0000000, 0x00000000b1500000, 0x00000000c0000000)
  object space 21504K, 55% used [0x00000000b0000000,0x00000000b0b92030,0x00000000b1500000)
}
Event: 2,835 GC heap before
{Heap before GC invocations=3 (full 0):
 PSYoungGen      total 36864K, used 36849K [0x00000000eaa80000, 0x00000000ef280000, 0x0000000100000000)
  eden space 31744K, 100% used [0x00000000eaa80000,0x00000000ec980000,0x00000000ec980000)
  from space 5120K, 99% used [0x00000000ece80000,0x00000000ed37c640,0x00000000ed380000)
  to   space 5120K, 0% used [0x00000000ec980000,0x00000000ec980000,0x00000000ece80000)
 ParOldGen       total 83968K, used 700K [0x00000000c0000000, 0x00000000c5200000, 0x00000000eaa80000)
  object space 83968K, 0% used [0x00000000c0000000,0x00000000c00af0c0,0x00000000c5200000)
 PSPermGen       total 21504K, used 17786K [0x00000000b0000000, 0x00000000b1500000, 0x00000000c0000000)
  object space 21504K, 82% used [0x00000000b0000000,0x00000000b115e9e0,0x00000000b1500000)
Event: 2,853 GC heap after
Heap after GC invocations=3 (full 0):
 PSYoungGen      total 36864K, used 5104K [0x00000000eaa80000, 0x00000000ef280000, 0x0000000100000000)
  eden space 31744K, 0% used [0x00000000eaa80000,0x00000000eaa80000,0x00000000ec980000)
  from space 5120K, 99% used [0x00000000ec980000,0x00000000ece7c2e8,0x00000000ece80000)
  to   space 5120K, 0% used [0x00000000eed80000,0x00000000eed80000,0x00000000ef280000)
 ParOldGen       total 83968K, used 3779K [0x00000000c0000000, 0x00000000c5200000, 0x00000000eaa80000)
  object space 83968K, 4% used [0x00000000c0000000,0x00000000c03b0f28,0x00000000c5200000)
 PSPermGen       total 21504K, used 17786K [0x00000000b0000000, 0x00000000b1500000, 0x00000000c0000000)
  object space 21504K, 82% used [0x00000000b0000000,0x00000000b115e9e0,0x00000000b1500000)
}
Event: 3,541 GC heap before
{Heap before GC invocations=4 (full 0):
 PSYoungGen      total 36864K, used 36848K [0x00000000eaa80000, 0x00000000ef280000, 0x0000000100000000)
  eden space 31744K, 100% used [0x00000000eaa80000,0x00000000ec980000,0x00000000ec980000)
  from space 5120K, 99% used [0x00000000ec980000,0x00000000ece7c2e8,0x00000000ece80000)
  to   space 5120K, 0% used [0x00000000eed80000,0x00000000eed80000,0x00000000ef280000)
 ParOldGen       total 83968K, used 3779K [0x00000000c0000000, 0x00000000c5200000, 0x00000000eaa80000)
  object space 83968K, 4% used [0x00000000c0000000,0x00000000c03b0f28,0x00000000c5200000)
 PSPermGen       total 21504K, used 20379K [0x00000000b0000000, 0x00000000b1500000, 0x00000000c0000000)
  object space 21504K, 94% used [0x00000000b0000000,0x00000000b13e6c88,0x00000000b1500000)
Event: 3,559 GC heap after
Heap after GC invocations=4 (full 0):
 PSYoungGen      total 68608K, used 5088K [0x00000000eaa80000, 0x00000000ef280000, 0x0000000100000000)
  eden space 63488K, 0% used [0x00000000eaa80000,0x00000000eaa80000,0x00000000ee880000)
  from space 5120K, 99% used [0x00000000eed80000,0x00000000ef278020,0x00000000ef280000)
  to   space 5120K, 0% used [0x00000000ee880000,0x00000000ee880000,0x00000000eed80000)
 ParOldGen       total 83968K, used 7460K [0x00000000c0000000, 0x00000000c5200000, 0x00000000eaa80000)
  object space 83968K, 8% used [0x00000000c0000000,0x00000000c07492e8,0x00000000c5200000)
 PSPermGen       total 21504K, used 20379K [0x00000000b0000000, 0x00000000b1500000, 0x00000000c0000000)
  object space 21504K, 94% used [0x00000000b0000000,0x00000000b13e6c88,0x00000000b1500000)
}
Event: 4,731 GC heap before
{Heap before GC invocations=5 (full 0):
 PSYoungGen      total 68608K, used 68576K [0x00000000eaa80000, 0x00000000ef280000, 0x0000000100000000)
  eden space 63488K, 100% used [0x00000000eaa80000,0x00000000ee880000,0x00000000ee880000)
  from space 5120K, 99% used [0x00000000eed80000,0x00000000ef278020,0x00000000ef280000)
  to   space 5120K, 0% used [0x00000000ee880000,0x00000000ee880000,0x00000000eed80000)
 ParOldGen       total 83968K, used 7460K [0x00000000c0000000, 0x00000000c5200000, 0x00000000eaa80000)
  object space 83968K, 8% used [0x00000000c0000000,0x00000000c07492e8,0x00000000c5200000)
 PSPermGen       total 26624K, used 26380K [0x00000000b0000000, 0x00000000b1a00000, 0x00000000c0000000)
  object space 26624K, 99% used [0x00000000b0000000,0x00000000b19c3398,0x00000000b1a00000)
Event: 4,759 GC heap after
Heap after GC invocations=5 (full 0):
 PSYoungGen      total 68608K, used 5088K [0x00000000eaa80000, 0x00000000f4080000, 0x0000000100000000)
  eden space 63488K, 0% used [0x00000000eaa80000,0x00000000eaa80000,0x00000000ee880000)
  from space 5120K, 99% used [0x00000000ee880000,0x00000000eed78020,0x00000000eed80000)
  to   space 13312K, 0% used [0x00000000f3380000,0x00000000f3380000,0x00000000f4080000)
 ParOldGen       total 83968K, used 13717K [0x00000000c0000000, 0x00000000c5200000, 0x00000000eaa80000)
  object space 83968K, 16% used [0x00000000c0000000,0x00000000c0d654c0,0x00000000c5200000)
 PSPermGen       total 26624K, used 26380K [0x00000000b0000000, 0x00000000b1a00000, 0x00000000c0000000)
  object space 26624K, 99% used [0x00000000b0000000,0x00000000b19c3398,0x00000000b1a00000)
}
Event: 7,903 GC heap before
{Heap before GC invocations=6 (full 0):
 PSYoungGen      total 68608K, used 68576K [0x00000000eaa80000, 0x00000000f4080000, 0x0000000100000000)
  eden space 63488K, 100% used [0x00000000eaa80000,0x00000000ee880000,0x00000000ee880000)
  from space 5120K, 99% used [0x00000000ee880000,0x00000000eed78020,0x00000000eed80000)
  to   space 13312K, 0% used [0x00000000f3380000,0x00000000f3380000,0x00000000f4080000)
 ParOldGen       total 83968K, used 13717K [0x00000000c0000000, 0x00000000c5200000, 0x00000000eaa80000)
  object space 83968K, 16% used [0x00000000c0000000,0x00000000c0d654c0,0x00000000c5200000)
 PSPermGen       total 27648K, used 27558K [0x00000000b0000000, 0x00000000b1b00000, 0x00000000c0000000)
  object space 27648K, 99% used [0x00000000b0000000,0x00000000b1ae9b20,0x00000000b1b00000)
Event: 7,978 GC heap after
Heap after GC invocations=6 (full 0):
 PSYoungGen      total 140288K, used 9282K [0x00000000eaa80000, 0x00000000f4080000, 0x0000000100000000)
  eden space 126976K, 0% used [0x00000000eaa80000,0x00000000eaa80000,0x00000000f2680000)
  from space 13312K, 69% used [0x00000000f3380000,0x00000000f3c90bd8,0x00000000f4080000)
  to   space 13312K, 0% used [0x00000000f2680000,0x00000000f2680000,0x00000000f3380000)
 ParOldGen       total 83968K, used 13725K [0x00000000c0000000, 0x00000000c5200000, 0x00000000eaa80000)
  object space 83968K, 16% used [0x00000000c0000000,0x00000000c0d674c0,0x00000000c5200000)
 PSPermGen       total 27648K, used 27558K [0x00000000b0000000, 0x00000000b1b00000, 0x00000000c0000000)
  object space 27648K, 99% used [0x00000000b0000000,0x00000000b1ae9b20,0x00000000b1b00000)
}

Deoptimization events (10 events):
Event: 10,797 Thread 0x00007feb8800d800 Uncommon trap: reason=class_check action=maybe_recompile pc=0x00007febd0345564 method=java.util.regex.Matcher.search(I)Z @ 86
Event: 10,797 Thread 0x00007feb8800d800 Uncommon trap: reason=class_check action=maybe_recompile pc=0x00007febd0345564 method=java.util.regex.Matcher.search(I)Z @ 86
Event: 10,798 Thread 0x00007feb8800d800 Uncommon trap: reason=class_check action=maybe_recompile pc=0x00007febd0345564 method=java.util.regex.Matcher.search(I)Z @ 86
Event: 10,798 Thread 0x00007feb8800d800 Uncommon trap: reason=class_check action=maybe_recompile pc=0x00007febd0345564 method=java.util.regex.Matcher.search(I)Z @ 86
Event: 10,874 Thread 0x00007feb8800d800 Uncommon trap: reason=unstable_if action=reinterpret pc=0x00007febd0443354 method=groovy.lang.MetaClassImpl.populateMethods(Ljava/util/LinkedList;Lorg/codehaus/groovy/reflection/CachedClass;)V @ 151
Event: 10,875 Thread 0x00007feb8800d800 Uncommon trap: reason=bimorphic action=maybe_recompile pc=0x00007febd043b25c method=groovy.lang.MetaClassImpl.filterPropertyMethod(Ljava/lang/Object;ZZ)Ljava/lang/Object; @ 171
Event: 10,875 Thread 0x00007feb8800d800 Uncommon trap: reason=bimorphic action=maybe_recompile pc=0x00007febd044262c method=org.codehaus.groovy.util.SingleKeyHashMap.get(Ljava/lang/Object;)Ljava/lang/Object; @ 43
Event: 10,877 Thread 0x00007feb8800d800 Uncommon trap: reason=unstable_if action=reinterpret pc=0x00007febd03a59f8 method=groovy.lang.MetaClassImpl.checkIfStdMethod(Lgroovy/lang/MetaMethod;)V @ 168
Event: 10,886 Thread 0x00007feb8800d800 Uncommon trap: reason=unstable_if action=reinterpret pc=0x00007febd042a020 method=groovy.lang.MetaClassImpl.checkIfStdMethod(Lgroovy/lang/MetaMethod;)V @ 168
Event: 10,891 Thread 0x00007feb8800d800 Uncommon trap: reason=unstable_if action=reinterpret pc=0x00007febd043b3c0 method=groovy.lang.MetaClassImpl.filterPropertyMethod(Ljava/lang/Object;ZZ)Ljava/lang/Object; @ 62

Internal exceptions (10 events):
Event: 10,889 Thread 0x00007feb8800d800 Threw 0x00000000efc54070 at /build/openjdk-7-2FOwCu/openjdk-7-7u95-2.6.4/build/openjdk/hotspot/src/share/vm/prims/jvm.cpp:1322
Event: 10,889 Thread 0x00007feb8800d800 Threw 0x00000000efc544f8 at /build/openjdk-7-2FOwCu/openjdk-7-7u95-2.6.4/build/openjdk/hotspot/src/share/vm/classfile/systemDictionary.cpp:185
Event: 10,890 Thread 0x00007feb8800d800 Threw 0x00000000efc58e18 at /build/openjdk-7-2FOwCu/openjdk-7-7u95-2.6.4/build/openjdk/hotspot/src/share/vm/prims/jvm.cpp:1322
Event: 10,890 Thread 0x00007feb8800d800 Threw 0x00000000efc59960 at /build/openjdk-7-2FOwCu/openjdk-7-7u95-2.6.4/build/openjdk/hotspot/src/share/vm/prims/jvm.cpp:1322
Event: 10,890 Thread 0x00007feb8800d800 Threw 0x00000000efc5d390 at /build/openjdk-7-2FOwCu/openjdk-7-7u95-2.6.4/build/openjdk/hotspot/src/share/vm/prims/jvm.cpp:1322
Event: 10,890 Thread 0x00007feb8800d800 Threw 0x00000000efc5d818 at /build/openjdk-7-2FOwCu/openjdk-7-7u95-2.6.4/build/openjdk/hotspot/src/share/vm/classfile/systemDictionary.cpp:185
Event: 10,892 Thread 0x00007feb8800d800 Threw 0x00000000efc72898 at /build/openjdk-7-2FOwCu/openjdk-7-7u95-2.6.4/build/openjdk/hotspot/src/share/vm/prims/jvm.cpp:1322
Event: 10,892 Thread 0x00007feb8800d800 Threw 0x00000000efc73460 at /build/openjdk-7-2FOwCu/openjdk-7-7u95-2.6.4/build/openjdk/hotspot/src/share/vm/prims/jvm.cpp:1322
Event: 10,893 Thread 0x00007feb8800d800 Threw 0x00000000efc77500 at /build/openjdk-7-2FOwCu/openjdk-7-7u95-2.6.4/build/openjdk/hotspot/src/share/vm/prims/jvm.cpp:1322
Event: 10,893 Thread 0x00007feb8800d800 Threw 0x00000000efc782f8 at /build/openjdk-7-2FOwCu/openjdk-7-7u95-2.6.4/build/openjdk/hotspot/src/share/vm/prims/jvm.cpp:1322

Events (10 events):
Event: 10,890 loading class 0x00007feb849e1200 done
Event: 10,891 Thread 0x00007feb8800d800 Uncommon trap: trap_request=0xffffff75 fr.pc=0x00007febd043b3c0
Event: 10,891 Thread 0x00007feb8800d800 DEOPT PACKING pc=0x00007febd043b3c0 sp=0x00007febc4a91800
Event: 10,892 Thread 0x00007feb8800d800 DEOPT UNPACKING pc=0x00007febd01b4445 sp=0x00007febc4a91710 mode 2
Event: 10,892 loading class 0x00007feb849e1260
Event: 10,892 loading class 0x00007feb849e1260 done
Event: 10,892 Executing VM operation: Deoptimize
Event: 10,893 Executing VM operation: Deoptimize done
Event: 10,893 loading class 0x00007feb84111c40
Event: 10,893 loading class 0x00007feb84111c40 done


Dynamic libraries:
00400000-00401000 r-xp 00000000 08:02 2761158                            /usr/lib/jvm/java-7-openjdk-amd64/jre/bin/java
00600000-00601000 r--p 00000000 08:02 2761158                            /usr/lib/jvm/java-7-openjdk-amd64/jre/bin/java
00601000-00602000 rw-p 00001000 08:02 2761158                            /usr/lib/jvm/java-7-openjdk-amd64/jre/bin/java
0258d000-025ae000 rw-p 00000000 00:00 0                                  [heap]
b0000000-b2100000 rw-p 00000000 00:00 0 
b2100000-c0000000 rw-p 00000000 00:00 0 
c0000000-c5200000 rw-p 00000000 00:00 0 
c5200000-eaa80000 rw-p 00000000 00:00 0 
eaa80000-f4080000 rw-p 00000000 00:00 0 
f4080000-100000000 rw-p 00000000 00:00 0 
7feb70000000-7feb70021000 rw-p 00000000 00:00 0 
7feb70021000-7feb74000000 ---p 00000000 00:00 0 
7feb78000000-7feb78021000 rw-p 00000000 00:00 0 
7feb78021000-7feb7c000000 ---p 00000000 00:00 0 
7feb7c000000-7feb7c021000 rw-p 00000000 00:00 0 
7feb7c021000-7feb80000000 ---p 00000000 00:00 0 
7feb80000000-7feb80021000 rw-p 00000000 00:00 0 
7feb80021000-7feb84000000 ---p 00000000 00:00 0 
7feb84000000-7feb84a45000 rw-p 00000000 00:00 0 
7feb84a45000-7feb88000000 ---p 00000000 00:00 0 
7feb88000000-7feb88021000 rw-p 00000000 00:00 0 
7feb88021000-7feb8c000000 ---p 00000000 00:00 0 
7feb8c000000-7feb8c021000 rw-p 00000000 00:00 0 
7feb8c021000-7feb90000000 ---p 00000000 00:00 0 
7feb90000000-7feb90021000 rw-p 00000000 00:00 0 
7feb90021000-7feb94000000 ---p 00000000 00:00 0 
7feb94000000-7feb9406d000 rw-p 00000000 00:00 0 
7feb9406d000-7feb98000000 ---p 00000000 00:00 0 
7feb98000000-7feb99360000 rw-p 00000000 00:00 0 
7feb99360000-7feb9c000000 ---p 00000000 00:00 0 
7feb9c000000-7feb9c021000 rw-p 00000000 00:00 0 
7feb9c021000-7feba0000000 ---p 00000000 00:00 0 
7feba0000000-7feba0021000 rw-p 00000000 00:00 0 
7feba0021000-7feba4000000 ---p 00000000 00:00 0 
7feba4000000-7feba56c9000 rw-p 00000000 00:00 0 
7feba56c9000-7feba8000000 ---p 00000000 00:00 0 
7feba8000000-7feba8021000 rw-p 00000000 00:00 0 
7feba8021000-7febac000000 ---p 00000000 00:00 0 
7febac000000-7febac021000 rw-p 00000000 00:00 0 
7febac021000-7febb0000000 ---p 00000000 00:00 0 
7febb0000000-7febb0021000 rw-p 00000000 00:00 0 
7febb0021000-7febb4000000 ---p 00000000 00:00 0 
7febb4000000-7febb4021000 rw-p 00000000 00:00 0 
7febb4021000-7febb8000000 ---p 00000000 00:00 0 
7febb8000000-7febb8021000 rw-p 00000000 00:00 0 
7febb8021000-7febbc000000 ---p 00000000 00:00 0 
7febc0000000-7febc0034000 rw-p 00000000 00:00 0 
7febc0034000-7febc4000000 ---p 00000000 00:00 0 
7febc4389000-7febc438a000 rw-p 00000000 00:00 0 
7febc438a000-7febc4392000 r-xp 00000000 08:02 2625915                    /usr/lib/jvm/java-7-openjdk-amd64/jre/lib/amd64/libmanagement.so
7febc4392000-7febc4591000 ---p 00008000 08:02 2625915                    /usr/lib/jvm/java-7-openjdk-amd64/jre/lib/amd64/libmanagement.so
7febc4591000-7febc4592000 r--p 00007000 08:02 2625915                    /usr/lib/jvm/java-7-openjdk-amd64/jre/lib/amd64/libmanagement.so
7febc4592000-7febc4593000 rw-p 00008000 08:02 2625915                    /usr/lib/jvm/java-7-openjdk-amd64/jre/lib/amd64/libmanagement.so
7febc4593000-7febc4594000 r--s 00004000 08:02 2759055                    /home/ivan/tools/android/android-studio/gradle/m2repository/com/intellij/annotations/12.0/annotations-12.0.jar
7febc4594000-7febc4596000 r--s 0000d000 08:02 2759096                    /home/ivan/tools/android/android-studio/gradle/m2repository/commons-codec/commons-codec/1.4/commons-codec-1.4.jar
7febc4596000-7febc4598000 r--s 0000d000 08:02 28313190                   /home/ivan/tools/android/android-studio/gradle/m2repository/commons-logging/commons-logging/1.1.1/commons-logging-1.1.1.jar
7febc4598000-7febc459d000 r--s 00028000 08:02 28837451                   /home/ivan/tools/android/android-studio/gradle/m2repository/org/apache/httpcomponents/httpcore/4.1/httpcore-4.1.jar
7febc459d000-7febc45a5000 r--s 000a8000 08:02 31606554                   /home/ivan/tools/android/android-studio/gradle/m2repository/com/android/tools/external/lombok/lombok-ast/0.2.3/lombok-ast-0.2.3.jar
7febc45a5000-7febc45a7000 r--s 00005000 08:02 28444458                   /home/ivan/tools/android/android-studio/gradle/m2repository/org/abego/treelayout/org.abego.treelayout.core/1.0.1/org.abego.treelayout.core-1.0.1.jar
7febc45a7000-7febc45a8000 r--s 0000a000 08:02 2759092                    /home/ivan/tools/android/android-studio/gradle/m2repository/net/sf/kxml/kxml2/2.3.0/kxml2-2.3.0.jar
7febc45a8000-7febc45a9000 r--s 00005000 08:02 2752550                    /home/ivan/tools/android/android-studio/gradle/m2repository/com/android/tools/dvlib/24.5.0/dvlib-24.5.0.jar
7febc45a9000-7febc45b0000 r--s 00053000 08:02 28968388                   /home/ivan/tools/android/android-studio/gradle/m2repository/org/apache/commons/commons-compress/1.8.1/commons-compress-1.8.1.jar
7febc45b0000-7febc45b5000 r--s 0002a000 08:02 30676744                   /home/ivan/tools/android/android-studio/gradle/m2repository/com/google/code/gson/gson/2.2.4/gson-2.2.4.jar
7febc45b5000-7febc45b8000 r--s 00013000 08:02 31854201                   /home/ivan/tools/android/android-studio/gradle/m2repository/com/android/tools/layoutlib/layoutlib-api/24.5.0/layoutlib-api-24.5.0.jar
7febc45b8000-7febc45ba000 r--s 00005000 08:02 28837444                   /home/ivan/tools/android/android-studio/gradle/m2repository/org/apache/httpcomponents/httpmime/4.1/httpmime-4.1.jar
7febc45ba000-7febc45c2000 r--s 0004e000 08:02 28968380                   /home/ivan/tools/android/android-studio/gradle/m2repository/org/apache/httpcomponents/httpclient/4.1.1/httpclient-4.1.1.jar
7febc45c2000-7febc45c5000 r--s 0002d000 08:02 31462666                   /home/ivan/tools/android/android-studio/gradle/m2repository/com/android/tools/lint/lint-api/24.5.0/lint-api-24.5.0.jar
7febc45c5000-7febc45c6000 r--s 00004000 08:02 29623624                   /home/ivan/tools/android/android-studio/gradle/m2repository/org/ow2/asm/asm-analysis/5.0.3/asm-analysis-5.0.3.jar
7febc45c6000-7febc45ca000 r--s 00037000 08:02 28313210                   /home/ivan/tools/android/android-studio/gradle/m2repository/org/antlr/ST4/4.0.8/ST4-4.0.8.jar
7febc45ca000-7febc45cb000 r--s 00002000 08:02 30676751                   /home/ivan/tools/android/android-studio/gradle/m2repository/com/tunnelvisionlabs/antlr4-annotations/4.5/antlr4-annotations-4.5.jar
7febc45cb000-7febc45d2000 r--s 00062000 08:02 30017461                   /home/ivan/tools/android/android-studio/gradle/m2repository/com/tunnelvisionlabs/antlr4-runtime/4.5/antlr4-runtime-4.5.jar
7febc45d2000-7febc45e0000 r--s 00081000 08:02 29230164                   /home/ivan/tools/android/android-studio/gradle/m2repository/org/bouncycastle/bcpkix-jdk15on/1.48/bcpkix-jdk15on-1.48.jar
7febc45e0000-7febc45e2000 r--s 00005000 08:02 2759048                    /home/ivan/tools/android/android-studio/gradle/m2repository/com/android/tools/jill/jill-api/0.9.0/jill-api-0.9.0.jar
7febc45e2000-7febc45e6000 r--s 00027000 08:02 2757179                    /home/ivan/tools/android/android-studio/gradle/m2repository/com/android/tools/build/manifest-merger/24.5.0/manifest-merger-24.5.0.jar
7febc45e6000-7febc45eb000 r--s 00047000 08:02 2752628                    /home/ivan/tools/android/android-studio/gradle/m2repository/com/android/tools/ddms/ddmlib/24.5.0/ddmlib-24.5.0.jar
7febc45eb000-7febc45ed000 r--s 00006000 08:02 31199226                   /home/ivan/tools/android/android-studio/gradle/m2repository/com/android/tools/jack/jack-api/0.9.0/jack-api-0.9.0.jar
7febc45ed000-7febc45ee000 r--s 0000c000 08:02 29755695                   /home/ivan/tools/android/android-studio/gradle/m2repository/org/ow2/asm/asm/5.0.3/asm-5.0.3.jar
7febc45ee000-7febc45ef000 r--s 00002000 08:02 2758969                    /home/ivan/tools/android/android-studio/gradle/m2repository/com/android/tools/build/builder-test-api/1.5.0/builder-test-api-1.5.0.jar
7febc45ef000-7febc45f2000 r--s 00026000 08:02 28313205                   /home/ivan/tools/android/android-studio/gradle/m2repository/org/antlr/antlr-runtime/3.5.2/antlr-runtime-3.5.2.jar
7febc45f2000-7febc45fc000 r--s 000ab000 08:02 2752613                    /home/ivan/tools/android/android-studio/gradle/m2repository/com/android/tools/sdklib/24.5.0/sdklib-24.5.0.jar
7febc45fc000-7febc45fe000 r--s 00002000 08:02 30017450                   /home/ivan/tools/android/android-studio/gradle/m2repository/com/squareup/javawriter/2.5.0/javawriter-2.5.0.jar
7febc45fe000-7febc4600000 r--s 00016000 08:02 2757143                    /home/ivan/tools/android/android-studio/gradle/m2repository/com/android/tools/common/24.5.0/common-24.5.0.jar
7febc4600000-7febc4602000 r--s 00006000 08:02 29885961                   /home/ivan/tools/android/android-studio/gradle/m2repository/org/ow2/asm/asm-tree/5.0.3/asm-tree-5.0.3.jar
7febc4602000-7febc4604000 r--s 00005000 08:02 2757281                    /home/ivan/tools/android/android-studio/gradle/m2repository/com/android/tools/build/builder-model/1.5.0/builder-model-1.5.0.jar
7febc4604000-7febc4637000 r--s 00203000 08:02 29492123                   /home/ivan/tools/android/android-studio/gradle/m2repository/org/bouncycastle/bcprov-jdk15on/1.48/bcprov-jdk15on-1.48.jar
7febc4637000-7febc463f000 r--s 00079000 08:02 2752933                    /home/ivan/tools/android/android-studio/gradle/m2repository/com/android/tools/sdk-common/24.5.0/sdk-common-24.5.0.jar
7febc463f000-7febc4651000 r--s 00223000 08:02 28575587                   /home/ivan/tools/android/android-studio/gradle/m2repository/org/eclipse/jdt/core/compiler/ecj/4.4.2/ecj-4.4.2.jar
7febc4651000-7febc4657000 r--s 000af000 08:02 31330796                   /home/ivan/tools/android/android-studio/gradle/m2repository/com/android/tools/lint/lint-checks/24.5.0/lint-checks-24.5.0.jar
7febc4657000-7febc4667000 r--s 000d6000 08:02 2759067                    /home/ivan/tools/android/android-studio/gradle/m2repository/net/sf/proguard/proguard-base/5.2.1/proguard-base-5.2.1.jar
7febc4667000-7febc4668000 r--s 00002000 08:02 31065982                   /home/ivan/tools/android/android-studio/gradle/m2repository/com/android/databinding/baseLibrary/1.0-rc5/baseLibrary-1.0-rc5.jar
7febc4668000-7febc466c000 r--s 0002a000 08:02 28182173                   /home/ivan/tools/android/android-studio/gradle/m2repository/commons-io/commons-io/2.4/commons-io-2.4.jar
7febc466c000-7febc4676000 r--s 00099000 08:02 30017465                   /home/ivan/tools/android/android-studio/gradle/m2repository/com/tunnelvisionlabs/antlr4/4.5/antlr4-4.5.jar
7febc4676000-7febc467d000 r--s 0005e000 08:02 28968393                   /home/ivan/tools/android/android-studio/gradle/m2repository/org/apache/commons/commons-lang3/3.3.2/commons-lang3-3.3.2.jar
7febc467d000-7febc4680000 r--s 00033000 08:02 30676772                   /home/ivan/tools/android/android-studio/gradle/m2repository/com/googlecode/juniversalchardet/juniversalchardet/1.0.3/juniversalchardet-1.0.3.jar
7febc4680000-7febc4681000 r--s 00001000 08:02 31724219                   /home/ivan/tools/android/android-studio/gradle/m2repository/com/android/tools/annotations/24.5.0/annotations-24.5.0.jar
7febc4681000-7febc46ac000 r--s 001f9000 08:02 31065959                   /home/ivan/tools/android/android-studio/gradle/m2repository/com/google/guava/guava/17.0/guava-17.0.jar
7febc46ac000-7febc46b1000 r--s 00058000 08:02 29623630                   /home/ivan/tools/android/android-studio/gradle/m2repository/org/ow2/asm/asm-debug-all/5.0.1/asm-debug-all-5.0.1.jar
7febc46b1000-7febc46b7000 r--s 0005a000 08:02 2757183                    /home/ivan/tools/android/android-studio/gradle/m2repository/com/android/tools/build/builder/1.5.0/builder-1.5.0.jar
7febc46b7000-7febc46b9000 r--s 00022000 08:02 31199233                   /home/ivan/tools/android/android-studio/gradle/m2repository/com/android/tools/lint/lint/24.5.0/lint-24.5.0.jar
7febc46b9000-7febc46ba000 r--s 00002000 08:02 2759078                    /home/ivan/tools/android/android-studio/gradle/m2repository/net/sf/proguard/proguard-gradle/5.2.1/proguard-gradle-5.2.1.jar
7febc46ba000-7febc46be000 r--s 00026000 08:02 31065977                   /home/ivan/tools/android/android-studio/gradle/m2repository/com/android/databinding/compilerCommon/1.0-rc5/compilerCommon-1.0-rc5.jar
7febc46be000-7febc46c0000 r--s 00001000 08:02 2758980                    /home/ivan/tools/android/android-studio/gradle/m2repository/com/android/tools/build/transform-api/1.5.0/transform-api-1.5.0.jar
7febc46c0000-7febc46c4000 r--s 0001e000 08:02 28444451                   /home/ivan/tools/android/android-studio/gradle/m2repository/org/jacoco/org.jacoco.core/0.7.4.201502262128/org.jacoco.core-0.7.4.201502262128.jar
7febc46c4000-7febc46db000 r--s 0012c000 08:02 2757159                    /home/ivan/tools/android/android-studio/gradle/m2repository/com/android/tools/build/gradle-core/1.5.0/gradle-core-1.5.0.jar
7febc46db000-7febc46dd000 r--s 0000d000 08:02 2757330                    /home/ivan/tools/android/android-studio/gradle/m2repository/com/android/tools/build/gradle/1.5.0/gradle-1.5.0.jar
7febc46dd000-7febc46e7000 r--s 000ae000 08:02 2625887                    /usr/lib/jvm/java-7-openjdk-amd64/jre/lib/resources.jar
7febc46e7000-7febc46ea000 ---p 00000000 00:00 0 
7febc46ea000-7febc47e8000 rw-p 00000000 00:00 0                          [stack:17820]
7febc47e8000-7febc47eb000 ---p 00000000 00:00 0 
7febc47eb000-7febc4821000 rw-p 00000000 00:00 0                          [stack:17819]
7febc4821000-7febc4822000 r--p 00000000 00:00 0 
7febc4822000-7febc488d000 r--s 0069d000 08:02 2761103                    /usr/lib/jvm/java-7-openjdk-amd64/lib/tools.jar
7febc488d000-7febc4890000 ---p 00000000 00:00 0 
7febc4890000-7febc498e000 rw-p 00000000 00:00 0                          [stack:17817]
7febc498e000-7febc4995000 r--s 00000000 08:02 3208                       /usr/lib/x86_64-linux-gnu/gconv/gconv-modules.cache
7febc4995000-7febc4998000 ---p 00000000 00:00 0 
7febc4998000-7febc4a96000 rw-p 00000000 00:00 0                          [stack:17814]
7febc4a96000-7febc4a99000 ---p 00000000 00:00 0 
7febc4a99000-7febc4b97000 rw-p 00000000 00:00 0                          [stack:17813]
7febc4b97000-7febc4b9a000 ---p 00000000 00:00 0 
7febc4b9a000-7febc4c98000 rw-p 00000000 00:00 0                          [stack:17812]
7febc4c98000-7febc4c9b000 ---p 00000000 00:00 0 
7febc4c9b000-7febc4d99000 rw-p 00000000 00:00 0                          [stack:17811]
7febc4d99000-7febc4d9c000 ---p 00000000 00:00 0 
7febc4d9c000-7febc4e9a000 rw-p 00000000 00:00 0                          [stack:17810]
7febc4e9a000-7febc4e9e000 r--s 0004f000 08:02 2625874                    /usr/lib/jvm/java-7-openjdk-amd64/jre/lib/jsse.jar
7febc4e9e000-7febc4ea0000 r--s 00005000 08:02 28186656                   /home/ivan/tools/android/android-studio/gradle/gradle-2.8/lib/plugins/gradle-tooling-api-builders-2.8.jar
7febc4ea0000-7febc4eb0000 r--s 00088000 08:02 28186616                   /home/ivan/tools/android/android-studio/gradle/gradle-2.8/lib/plugins/joda-time-2.8.2.jar
7febc4eb0000-7febc4ec1000 r--s 000cf000 08:02 28186710                   /home/ivan/tools/android/android-studio/gradle/gradle-2.8/lib/plugins/jackson-databind-2.3.2.jar
7febc4ec1000-7febc4ec3000 r--s 00007000 08:02 28186715                   /home/ivan/tools/android/android-studio/gradle/gradle-2.8/lib/plugins/jackson-annotations-2.3.2.jar
7febc4ec3000-7febc4ec6000 r--s 0002e000 08:02 28186719                   /home/ivan/tools/android/android-studio/gradle/gradle-2.8/lib/plugins/jackson-core-2.3.2.jar
7febc4ec6000-7febc4ed1000 r--s 0006b000 08:02 28186699                   /home/ivan/tools/android/android-studio/gradle/gradle-2.8/lib/plugins/aws-java-sdk-core-1.9.19.jar
7febc4ed1000-7febc4ed7000 r--s 00036000 08:02 28186729                   /home/ivan/tools/android/android-studio/gradle/gradle-2.8/lib/plugins/aws-java-sdk-kms-1.9.19.jar
7febc4ed7000-7febc4ee2000 r--s 00079000 08:02 28186696                   /home/ivan/tools/android/android-studio/gradle/gradle-2.8/lib/plugins/aws-java-sdk-s3-1.9.19.jar
7febc4ee2000-7febc4ee3000 r--s 00003000 08:02 28186635                   /home/ivan/tools/android/android-studio/gradle/gradle-2.8/lib/plugins/gradle-resources-s3-2.8.jar
7febc4ee3000-7febc4ee4000 r--s 00004000 08:02 28186658                   /home/ivan/tools/android/android-studio/gradle/gradle-2.8/lib/plugins/gradle-resources-sftp-2.8.jar
7febc4ee4000-7febc4ee6000 r--s 00005000 08:02 28186638                   /home/ivan/tools/android/android-studio/gradle/gradle-2.8/lib/plugins/gradle-testing-native-2.8.jar
7febc4ee6000-7febc4eeb000 r--s 0002b000 08:02 28186614                   /home/ivan/tools/android/android-studio/gradle/gradle-2.8/lib/plugins/gradle-ide-native-2.8.jar
7febc4eeb000-7febc4ef1000 r--s 00019000 08:02 28186646                   /home/ivan/tools/android/android-studio/gradle/gradle-2.8/lib/plugins/gradle-language-native-2.8.jar
7febc4ef1000-7febc4ef6000 r--s 00028000 08:02 28186657                   /home/ivan/tools/android/android-studio/gradle/gradle-2.8/lib/plugins/gradle-platform-play-2.8.jar
7febc4ef6000-7febc4f03000 r--s 0004f000 08:02 28182205                   /home/ivan/tools/android/android-studio/gradle/gradle-2.8/lib/plugins/gradle-platform-native-2.8.jar
7febc4f03000-7febc4f06000 r--s 00008000 08:02 28186617                   /home/ivan/tools/android/android-studio/gradle/gradle-2.8/lib/plugins/gradle-language-scala-2.8.jar
7febc4f06000-7febc4f08000 r--s 00005000 08:02 28186700                   /home/ivan/tools/android/android-studio/gradle/gradle-2.8/lib/plugins/jatl-0.2.2.jar
7febc4f08000-7febc4f09000 r--s 00001000 08:02 28182195                   /home/ivan/tools/android/android-studio/gradle/gradle-2.8/lib/plugins/gradle-plugin-development-2.8.jar
7febc4f09000-7febc4f0c000 r--s 00009000 08:02 28186641                   /home/ivan/tools/android/android-studio/gradle/gradle-2.8/lib/plugins/gradle-language-groovy-2.8.jar
7febc4f0c000-7febc4f12000 r--s 00023000 08:02 28182202                   /home/ivan/tools/android/android-studio/gradle/gradle-2.8/lib/plugins/gradle-language-java-2.8.jar
7febc4f12000-7febc4f14000 r--s 00008000 08:02 28182194                   /home/ivan/tools/android/android-studio/gradle/gradle-2.8/lib/plugins/gradle-language-jvm-2.8.jar
7febc4f14000-7febc4f17000 r--s 0000d000 08:02 28186648                   /home/ivan/tools/android/android-studio/gradle/gradle-2.8/lib/plugins/gradle-platform-jvm-2.8.jar
7febc4f17000-7febc4f1f000 r--s 0002c000 08:02 28186626                   /home/ivan/tools/android/android-studio/gradle/gradle-2.8/lib/plugins/gradle-platform-base-2.8.jar
7febc4f1f000-7febc4f23000 r--s 00020000 08:02 28182209                   /home/ivan/tools/android/android-studio/gradle/gradle-2.8/lib/plugins/gradle-build-init-2.8.jar
7febc4f23000-7febc4f26000 r--s 00017000 08:02 28186651                   /home/ivan/tools/android/android-studio/gradle/gradle-2.8/lib/plugins/gradle-jacoco-2.8.jar
7febc4f26000-7febc4f29000 r--s 0000e000 08:02 28186613                   /home/ivan/tools/android/android-studio/gradle/gradle-2.8/lib/plugins/gradle-ivy-2.8.jar
7febc4f29000-7febc4f2b000 r--s 00002000 08:02 28182208                   /home/ivan/tools/android/android-studio/gradle/gradle-2.8/lib/plugins/gradle-publish-2.8.jar
7febc4f2b000-7febc4f2d000 r--s 0000f000 08:02 28186644                   /home/ivan/tools/android/android-studio/gradle/gradle-2.8/lib/plugins/gradle-reporting-2.8.jar
7febc4f2d000-7febc4f32000 r--s 00035000 08:02 28186631                   /home/ivan/tools/android/android-studio/gradle/gradle-2.8/lib/plugins/gradle-diagnostics-2.8.jar
7febc4f32000-7febc4f39000 r--s 0008f000 08:02 28186652                   /home/ivan/tools/android/android-studio/gradle/gradle-2.8/lib/plugins/gradle-build-comparison-2.8.jar
7febc4f39000-7febc4f40000 r--s 00035000 08:02 28186702                   /home/ivan/tools/android/android-studio/gradle/gradle-2.8/lib/plugins/simple-4.1.21.jar
7febc4f40000-7febc4f4c000 r--s 00100000 08:02 28186708                   /home/ivan/tools/android/android-studio/gradle/gradle-2.8/lib/plugins/rhino-1.7R3.jar
7febc4f4c000-7febc4f50000 r--s 0001c000 08:02 28182200                   /home/ivan/tools/android/android-studio/gradle/gradle-2.8/lib/plugins/gradle-javascript-2.8.jar
7febc4f50000-7febc4f52000 r--s 0000b000 08:02 28186639                   /home/ivan/tools/android/android-studio/gradle/gradle-2.8/lib/plugins/gradle-ear-2.8.jar
7febc4f52000-7febc4f59000 r--s 00038000 08:02 28186716                   /home/ivan/tools/android/android-studio/gradle/gradle-2.8/lib/plugins/bcpg-jdk15on-1.51.jar
7febc4f59000-7febc4f5b000 r--s 00017000 08:02 28182207                   /home/ivan/tools/android/android-studio/gradle/gradle-2.8/lib/plugins/gradle-signing-2.8.jar
7febc4f5b000-7febc4f5c000 r--s 00002000 08:02 28186703                   /home/ivan/tools/android/android-studio/gradle/gradle-2.8/lib/plugins/sonar-batch-bootstrapper-2.9.jar
7febc4f5c000-7febc4f5f000 r--s 00015000 08:02 28186632                   /home/ivan/tools/android/android-studio/gradle/gradle-2.8/lib/plugins/gradle-sonar-2.8.jar
7febc4f5f000-7febc4f62000 r--s 00010000 08:02 28186629                   /home/ivan/tools/android/android-studio/gradle/gradle-2.8/lib/plugins/gradle-scala-2.8.jar
7febc4f62000-7febc4f64000 r--s 0000a000 08:02 28186628                   /home/ivan/tools/android/android-studio/gradle/gradle-2.8/lib/plugins/gradle-announce-2.8.jar
7febc4f64000-7febc4f72000 r--s 0009f000 08:02 28186630                   /home/ivan/tools/android/android-studio/gradle/gradle-2.8/lib/plugins/gradle-ide-2.8.jar
7febc4f72000-7febc4f75000 r--s 0000c000 08:02 28186727                   /home/ivan/tools/android/android-studio/gradle/gradle-2.8/lib/plugins/pmaven-groovy-0.8-20100325.jar
7febc4f75000-7febc4f76000 r--s 00004000 08:02 28186718                   /home/ivan/tools/android/android-studio/gradle/gradle-2.8/lib/plugins/pmaven-common-0.8-20100325.jar
7febc4f76000-7febc4f7c000 r--s 00022000 08:02 28186643                   /home/ivan/tools/android/android-studio/gradle/gradle-2.8/lib/plugins/gradle-maven-2.8.jar
7febc4f7c000-7febc4f9d000 r--s 001c3000 08:02 28186642                   /home/ivan/tools/android/android-studio/gradle/gradle-2.8/lib/plugins/bndlib-2.4.0.jar
7febc4f9d000-7febc4f9f000 r--s 00004000 08:02 28182196                   /home/ivan/tools/android/android-studio/gradle/gradle-2.8/lib/plugins/gradle-osgi-2.8.jar
7febc4f9f000-7febc4fa1000 r--s 00008000 08:02 28186637                   /home/ivan/tools/android/android-studio/gradle/gradle-2.8/lib/plugins/gradle-antlr-2.8.jar
7febc4fa1000-7febc4fa4000 r--s 0001e000 08:02 28186728                   /home/ivan/tools/android/android-studio/gradle/gradle-2.8/lib/plugins/jsp-api-2.1-6.1.14.jar
7febc4fa4000-7febc4fc7000 r--s 00344000 08:02 28186731                   /home/ivan/tools/android/android-studio/gradle/gradle-2.8/lib/plugins/core-3.1.1.jar
7febc4fc7000-7febc4fc8000 r--s 00006000 08:02 28186725                   /home/ivan/tools/android/android-studio/gradle/gradle-2.8/lib/plugins/jetty-naming-6.1.25.jar
7febc4fc8000-7febc4fc9000 r--s 00002000 08:02 28186706                   /home/ivan/tools/android/android-studio/gradle/gradle-2.8/lib/plugins/geronimo-annotation_1.0_spec-1.0.jar
7febc4fc9000-7febc4fcb000 r--s 00002000 08:02 28186697                   /home/ivan/tools/android/android-studio/gradle/gradle-2.8/lib/plugins/jetty-annotations-6.1.25.jar
7febc4fcb000-7febc4fdc000 r--s 000ea000 08:02 28186732                   /home/ivan/tools/android/android-studio/gradle/gradle-2.8/lib/plugins/jsp-2.1-6.1.14.jar
7febc4fdc000-7febc4fde000 r--s 0000d000 08:02 28186694                   /home/ivan/tools/android/android-studio/gradle/gradle-2.8/lib/plugins/jetty-plus-6.1.25.jar
7febc4fde000-7febc4fe0000 r--s 0001f000 08:02 28186690                   /home/ivan/tools/android/android-studio/gradle/gradle-2.8/lib/plugins/servlet-api-2.5-20081211.jar
7febc4fe0000-7febc4fe4000 r--s 00028000 08:02 28186721                   /home/ivan/tools/android/android-studio/gradle/gradle-2.8/lib/plugins/jetty-util-6.1.25.jar
7febc4fe4000-7febc4feb000 r--s 0007d000 08:02 28186692                   /home/ivan/tools/android/android-studio/gradle/gradle-2.8/lib/plugins/jetty-6.1.25.jar
7febc4feb000-7febc4fed000 r--s 00009000 08:02 28186615                   /home/ivan/tools/android/android-studio/gradle/gradle-2.8/lib/plugins/gradle-jetty-2.8.jar
7febc4fed000-7febc4ff3000 r--s 00036000 08:02 28186645                   /home/ivan/tools/android/android-studio/gradle/gradle-2.8/lib/plugins/gradle-code-quality-2.8.jar
7febc4ff3000-7febc4ff5000 r--s 00009000 08:02 28186709                   /home/ivan/tools/android/android-studio/gradle/gradle-2.8/lib/plugins/hamcrest-core-1.3.jar
7febc4ff5000-7febc4ffb000 r--s 00033000 08:02 28186691                   /home/ivan/tools/android/android-studio/gradle/gradle-2.8/lib/plugins/snakeyaml-1.6.jar
7febc4ffb000-7febc4ffd000 r--s 00006000 08:02 28186726                   /home/ivan/tools/android/android-studio/gradle/gradle-2.8/lib/plugins/jcommander-1.12.jar
7febc4ffd000-7febc5002000 r--s 00040000 08:02 28186698                   /home/ivan/tools/android/android-studio/gradle/gradle-2.8/lib/plugins/bsh-2.0b4.jar
7febc5002000-7febc5004000 r--s 00009000 08:02 28186704                   /home/ivan/tools/android/android-studio/gradle/gradle-2.8/lib/plugins/commons-cli-1.2.jar
7febc5004000-7febc500d000 r--s 00089000 08:02 28186724                   /home/ivan/tools/android/android-studio/gradle/gradle-2.8/lib/plugins/testng-6.3.1.jar
7febc500d000-7febc5015000 r--s 00045000 08:02 28186713                   /home/ivan/tools/android/android-studio/gradle/gradle-2.8/lib/plugins/junit-4.12.jar
7febc5015000-7febc5021000 r--s 00073000 08:02 28182203                   /home/ivan/tools/android/android-studio/gradle/gradle-2.8/lib/plugins/gradle-plugins-2.8.jar
7febc5021000-7febc5039000 r--s 00115000 08:02 28186720                   /home/ivan/tools/android/android-studio/gradle/gradle-2.8/lib/plugins/xercesImpl-2.9.1.jar
7febc5039000-7febc5041000 r--s 00028000 08:02 28186695                   /home/ivan/tools/android/android-studio/gradle/gradle-2.8/lib/plugins/xml-apis-1.3.04.jar
7febc5041000-7febc5047000 r--s 0005b000 08:02 28186693                   /home/ivan/tools/android/android-studio/gradle/gradle-2.8/lib/plugins/jcifs-1.3.17.jar
7febc5047000-7febc504d000 r--s 00031000 08:02 28186711                   /home/ivan/tools/android/android-studio/gradle/gradle-2.8/lib/plugins/httpcore-4.2.2.jar
7febc504d000-7febc5053000 r--s 00033000 08:02 28186717                   /home/ivan/tools/android/android-studio/gradle/gradle-2.8/lib/plugins/commons-codec-1.6.jar
7febc5053000-7febc5056000 r--s 0001c000 08:02 28186705                   /home/ivan/tools/android/android-studio/gradle/gradle-2.8/lib/plugins/nekohtml-1.9.14.jar
7febc5056000-7febc505f000 r--s 00060000 08:02 28186714                   /home/ivan/tools/android/android-studio/gradle/gradle-2.8/lib/plugins/httpclient-4.2.2.jar
7febc505f000-7febc5061000 r--s 00009000 08:02 28182193                   /home/ivan/tools/android/android-studio/gradle/gradle-2.8/lib/plugins/gradle-resources-http-2.8.jar
7febc5061000-7febc5064000 r--s 00011000 08:02 28186619                   /home/ivan/tools/android/android-studio/gradle/gradle-2.8/lib/plugins/gradle-plugin-use-2.8.jar
7febc5064000-7febc5065000 r--s 00007000 08:02 28186627                   /home/ivan/tools/android/android-studio/gradle/gradle-2.8/lib/plugins/wagon-http-shared4-2.4.jar
7febc5065000-7febc5069000 r--s 00033000 08:02 28182210                   /home/ivan/tools/android/android-studio/gradle/gradle-2.8/lib/plugins/plexus-utils-2.0.6.jar
7febc5069000-7febc506d000 r--s 00021000 08:02 28186654                   /home/ivan/tools/android/android-studio/gradle/gradle-2.8/lib/plugins/maven-model-builder-3.0.4.jar
7febc506d000-7febc506e000 r--s 00002000 08:02 28186621                   /home/ivan/tools/android/android-studio/gradle/gradle-2.8/lib/plugins/wagon-file-2.4.jar
7febc506e000-7febc5070000 r--s 00002000 08:02 28182206                   /home/ivan/tools/android/android-studio/gradle/gradle-2.8/lib/plugins/plexus-cipher-1.7.jar
7febc5070000-7febc5073000 r--s 00013000 08:02 28186634                   /home/ivan/tools/android/android-studio/gradle/gradle-2.8/lib/plugins/aether-api-1.13.1.jar
7febc5073000-7febc5075000 r--s 0000a000 08:02 28182191                   /home/ivan/tools/android/android-studio/gradle/gradle-2.8/lib/plugins/maven-settings-3.0.4.jar
7febc5075000-7febc5077000 r--s 0000d000 08:02 28186633                   /home/ivan/tools/android/android-studio/gradle/gradle-2.8/lib/plugins/plexus-interpolation-1.14.jar
7febc5077000-7febc5079000 r--s 0000b000 08:02 28182192                   /home/ivan/tools/android/android-studio/gradle/gradle-2.8/lib/plugins/maven-artifact-3.0.4.jar
7febc5079000-7febc5080000 r--s 0002e000 08:02 28186659                   /home/ivan/tools/android/android-studio/gradle/gradle-2.8/lib/plugins/plexus-container-default-1.5.5.jar
7febc5080000-7febc5082000 r--s 0000b000 08:02 28182204                   /home/ivan/tools/android/android-studio/gradle/gradle-2.8/lib/plugins/maven-plugin-api-3.0.4.jar
7febc5082000-7febc5084000 r--s 00000000 08:02 28186620                   /home/ivan/tools/android/android-studio/gradle/gradle-2.8/lib/plugins/plexus-component-annotations-1.5.5.jar
7febc5084000-7febc508a000 r--s 0003f000 08:02 28186622                   /home/ivan/tools/android/android-studio/gradle/gradle-2.8/lib/plugins/maven-compat-3.0.4.jar
7febc508a000-7febc508d000 r--s 00008000 08:02 28182199                   /home/ivan/tools/android/android-studio/gradle/gradle-2.8/lib/plugins/maven-settings-builder-3.0.4.jar
7febc508d000-7febc508f000 r--s 00026000 08:02 28186650                   /home/ivan/tools/android/android-studio/gradle/gradle-2.8/lib/plugins/maven-model-3.0.4.jar
7febc508f000-7febc5091000 r--s 00006000 08:02 28182197                   /home/ivan/tools/android/android-studio/gradle/gradle-2.8/lib/plugins/aether-connector-wagon-1.13.1.jar
7febc5091000-7febc5093000 r--s 0000a000 08:02 28186624                   /home/ivan/tools/android/android-studio/gradle/gradle-2.8/lib/plugins/plexus-classworlds-2.4.jar
7febc5093000-7febc5095000 r--s 00006000 08:02 28182201                   /home/ivan/tools/android/android-studio/gradle/gradle-2.8/lib/plugins/maven-repository-metadata-3.0.4.jar
7febc5095000-7febc5097000 r--s 0000c000 08:02 28186618                   /home/ivan/tools/android/android-studio/gradle/gradle-2.8/lib/plugins/maven-aether-provider-3.0.4.jar
7febc5097000-7febc5099000 r--s 0000b000 08:02 28186625                   /home/ivan/tools/android/android-studio/gradle/gradle-2.8/lib/plugins/wagon-provider-api-2.4.jar
7febc5099000-7febc509d000 r--s 0001c000 08:02 28186636                   /home/ivan/tools/android/android-studio/gradle/gradle-2.8/lib/plugins/aether-util-1.13.1.jar
7febc509d000-7febc50a0000 r--s 0001d000 08:02 28186647                   /home/ivan/tools/android/android-studio/gradle/gradle-2.8/lib/plugins/aether-impl-1.13.1.jar
7febc50a0000-7febc50a4000 r--s 0003d000 08:02 28186701                   /home/ivan/tools/android/android-studio/gradle/gradle-2.8/lib/plugins/jsch-0.1.51.jar
7febc50a4000-7febc50e4000 r--s 00277000 08:02 28186712                   /home/ivan/tools/android/android-studio/gradle/gradle-2.8/lib/plugins/bcprov-jdk15on-1.51.jar
7febc50e4000-7febc50e8000 r--s 0001d000 08:02 28186730                   /home/ivan/tools/android/android-studio/gradle/gradle-2.8/lib/plugins/xbean-reflect-3.4.jar
7febc50e8000-7febc50f4000 r--s 0007d000 08:02 28186640                   /home/ivan/tools/android/android-studio/gradle/gradle-2.8/lib/plugins/maven-core-3.0.4.jar
7febc50f4000-7febc5103000 r--s 000d9000 08:02 28186707                   /home/ivan/tools/android/android-studio/gradle/gradle-2.8/lib/plugins/ivy-2.2.0.jar
7febc5103000-7febc5107000 r-xp 00000000 08:02 27396148                   /home/ivan/.gradle/native/19/linux-amd64/libnative-platform.so
7febc5107000-7febc5306000 ---p 00004000 08:02 27396148                   /home/ivan/.gradle/native/19/linux-amd64/libnative-platform.so
7febc5306000-7febc5307000 rw-p 00003000 08:02 27396148                   /home/ivan/.gradle/native/19/linux-amd64/libnative-platform.so
7febc5307000-7febc5317000 r-xp 00000000 08:02 2625910                    /usr/lib/jvm/java-7-openjdk-amd64/jre/lib/amd64/libnio.so
7febc5317000-7febc5517000 ---p 00010000 08:02 2625910                    /usr/lib/jvm/java-7-openjdk-amd64/jre/lib/amd64/libnio.so
7febc5517000-7febc5518000 r--p 00010000 08:02 2625910                    /usr/lib/jvm/java-7-openjdk-amd64/jre/lib/amd64/libnio.so
7febc5518000-7febc5519000 rw-p 00011000 08:02 2625910                    /usr/lib/jvm/java-7-openjdk-amd64/jre/lib/amd64/libnio.so
7febc5519000-7febc554a000 rw-p 00000000 00:00 0 
7febc554a000-7febc5587000 r-xp 00000000 08:02 13447                      /lib/x86_64-linux-gnu/libpcre.so.3.13.1
7febc5587000-7febc5786000 ---p 0003d000 08:02 13447                      /lib/x86_64-linux-gnu/libpcre.so.3.13.1
7febc5786000-7febc5787000 r--p 0003c000 08:02 13447                      /lib/x86_64-linux-gnu/libpcre.so.3.13.1
7febc5787000-7febc5788000 rw-p 0003d000 08:02 13447                      /lib/x86_64-linux-gnu/libpcre.so.3.13.1
7febc5788000-7febc578f000 r-xp 00000000 08:02 21389                      /usr/lib/x86_64-linux-gnu/libffi.so.6.0.1
7febc578f000-7febc598e000 ---p 00007000 08:02 21389                      /usr/lib/x86_64-linux-gnu/libffi.so.6.0.1
7febc598e000-7febc598f000 r--p 00006000 08:02 21389                      /usr/lib/x86_64-linux-gnu/libffi.so.6.0.1
7febc598f000-7febc5990000 rw-p 00007000 08:02 21389                      /usr/lib/x86_64-linux-gnu/libffi.so.6.0.1
7febc5990000-7febc59a7000 r-xp 00000000 08:02 3147                       /lib/x86_64-linux-gnu/libresolv-2.19.so
7febc59a7000-7febc5ba7000 ---p 00017000 08:02 3147                       /lib/x86_64-linux-gnu/libresolv-2.19.so
7febc5ba7000-7febc5ba8000 r--p 00017000 08:02 3147                       /lib/x86_64-linux-gnu/libresolv-2.19.so
7febc5ba8000-7febc5ba9000 rw-p 00018000 08:02 3147                       /lib/x86_64-linux-gnu/libresolv-2.19.so
7febc5ba9000-7febc5bab000 rw-p 00000000 00:00 0 
7febc5bab000-7febc5bcb000 r-xp 00000000 08:02 13524                      /lib/x86_64-linux-gnu/libselinux.so.1
7febc5bcb000-7febc5dca000 ---p 00020000 08:02 13524                      /lib/x86_64-linux-gnu/libselinux.so.1
7febc5dca000-7febc5dcb000 r--p 0001f000 08:02 13524                      /lib/x86_64-linux-gnu/libselinux.so.1
7febc5dcb000-7febc5dcc000 rw-p 00020000 08:02 13524                      /lib/x86_64-linux-gnu/libselinux.so.1
7febc5dcc000-7febc5dce000 rw-p 00000000 00:00 0 
7febc5dce000-7febc5dd1000 r-xp 00000000 08:02 28550                      /usr/lib/x86_64-linux-gnu/libgmodule-2.0.so.0.4002.0
7febc5dd1000-7febc5fd0000 ---p 00003000 08:02 28550                      /usr/lib/x86_64-linux-gnu/libgmodule-2.0.so.0.4002.0
7febc5fd0000-7febc5fd1000 r--p 00002000 08:02 28550                      /usr/lib/x86_64-linux-gnu/libgmodule-2.0.so.0.4002.0
7febc5fd1000-7febc5fd2000 rw-p 00003000 08:02 28550                      /usr/lib/x86_64-linux-gnu/libgmodule-2.0.so.0.4002.0
7febc5fd2000-7febc60d8000 r-xp 00000000 08:02 13425                      /lib/x86_64-linux-gnu/libglib-2.0.so.0.4002.0
7febc60d8000-7febc62d7000 ---p 00106000 08:02 13425                      /lib/x86_64-linux-gnu/libglib-2.0.so.0.4002.0
7febc62d7000-7febc62d8000 r--p 00105000 08:02 13425                      /lib/x86_64-linux-gnu/libglib-2.0.so.0.4002.0
7febc62d8000-7febc62d9000 rw-p 00106000 08:02 13425                      /lib/x86_64-linux-gnu/libglib-2.0.so.0.4002.0
7febc62d9000-7febc62da000 rw-p 00000000 00:00 0 
7febc62da000-7febc6329000 r-xp 00000000 08:02 28566                      /usr/lib/x86_64-linux-gnu/libgobject-2.0.so.0.4002.0
7febc6329000-7febc6529000 ---p 0004f000 08:02 28566                      /usr/lib/x86_64-linux-gnu/libgobject-2.0.so.0.4002.0
7febc6529000-7febc652a000 r--p 0004f000 08:02 28566                      /usr/lib/x86_64-linux-gnu/libgobject-2.0.so.0.4002.0
7febc652a000-7febc652b000 rw-p 00050000 08:02 28566                      /usr/lib/x86_64-linux-gnu/libgobject-2.0.so.0.4002.0
7febc652b000-7febc6697000 r-xp 00000000 08:02 28538                      /usr/lib/x86_64-linux-gnu/libgio-2.0.so.0.4002.0
7febc6697000-7febc6896000 ---p 0016c000 08:02 28538                      /usr/lib/x86_64-linux-gnu/libgio-2.0.so.0.4002.0
7febc6896000-7febc689a000 r--p 0016b000 08:02 28538                      /usr/lib/x86_64-linux-gnu/libgio-2.0.so.0.4002.0
7febc689a000-7febc689c000 rw-p 0016f000 08:02 28538                      /usr/lib/x86_64-linux-gnu/libgio-2.0.so.0.4002.0
7febc689c000-7febc689e000 rw-p 00000000 00:00 0 
7febc689e000-7febc689f000 r--s 00002000 08:02 28186655                   /home/ivan/tools/android/android-studio/gradle/gradle-2.8/lib/plugins/wagon-http-2.4.jar
7febc689f000-7febc68a0000 r--s 00003000 08:02 28186653                   /home/ivan/tools/android/android-studio/gradle/gradle-2.8/lib/plugins/aether-spi-1.13.1.jar
7febc68a0000-7febc68a1000 r--s 00006000 08:02 28186623                   /home/ivan/tools/android/android-studio/gradle/gradle-2.8/lib/plugins/plexus-sec-dispatcher-1.3.jar
7febc68a1000-7febc68a6000 r--s 0002a000 08:02 28186689                   /home/ivan/tools/android/android-studio/gradle/gradle-2.8/lib/plugins/gson-2.2.4.jar
7febc68a6000-7febc68c2000 r--s 000ca000 08:02 28182198                   /home/ivan/tools/android/android-studio/gradle/gradle-2.8/lib/plugins/gradle-dependency-management-2.8.jar
7febc68c2000-7febc68d9000 r-xp 00000000 08:02 2625929                    /usr/lib/jvm/java-7-openjdk-amd64/jre/lib/amd64/libnet.so
7febc68d9000-7febc6ad8000 ---p 00017000 08:02 2625929                    /usr/lib/jvm/java-7-openjdk-amd64/jre/lib/amd64/libnet.so
7febc6ad8000-7febc6ad9000 r--p 00016000 08:02 2625929                    /usr/lib/jvm/java-7-openjdk-amd64/jre/lib/amd64/libnet.so
7febc6ad9000-7febc6ada000 rw-p 00017000 08:02 2625929                    /usr/lib/jvm/java-7-openjdk-amd64/jre/lib/amd64/libnet.so
7febc6ada000-7febc6adb000 r--s 00006000 08:02 28186664                   /home/ivan/tools/android/android-studio/gradle/gradle-2.8/lib/gradle-wrapper-2.8.jar
7febc6adb000-7febc6ae6000 r--s 0003a000 08:02 28186669                   /home/ivan/tools/android/android-studio/gradle/gradle-2.8/lib/gradle-tooling-api-2.8.jar
7febc6ae6000-7febc6ae8000 r--s 00002000 08:02 28186661                   /home/ivan/tools/android/android-studio/gradle/gradle-2.8/lib/gradle-open-api-2.8.jar
7febc6ae8000-7febc6aee000 r--s 00032000 08:02 28186736                   /home/ivan/tools/android/android-studio/gradle/gradle-2.8/lib/jaxen-1.1.jar
7febc6aee000-7febc6af3000 r--s 00048000 08:02 28186756                   /home/ivan/tools/android/android-studio/gradle/gradle-2.8/lib/dom4j-1.6.1.jar
7febc6af3000-7febc6afe000 r--s 00059000 08:02 28186665                   /home/ivan/tools/android/android-studio/gradle/gradle-2.8/lib/gradle-ui-2.8.jar
7febc6afe000-7febc6b01000 r--s 00008000 08:02 28186666                   /home/ivan/tools/android/android-studio/gradle/gradle-2.8/lib/gradle-resources-2.8.jar
7febc6b01000-7febc6b03000 r--s 00007000 08:02 28186753                   /home/ivan/tools/android/android-studio/gradle/gradle-2.8/lib/objenesis-1.2.jar
7febc6b03000-7febc6b05000 r--s 00000000 08:02 28186754                   /home/ivan/tools/android/android-studio/gradle/gradle-2.8/lib/minlog-1.2.jar
7febc6b05000-7febc6b07000 r--s 0000f000 08:02 28186686                   /home/ivan/tools/android/android-studio/gradle/gradle-2.8/lib/reflectasm-1.07-shaded.jar
7febc6b07000-7febc6b0b000 r--s 00026000 08:02 28186735                   /home/ivan/tools/android/android-studio/gradle/gradle-2.8/lib/kryo-2.20.jar
7febc6b0b000-7febc6b14000 r--s 0003f000 08:02 28186668                   /home/ivan/tools/android/android-studio/gradle/gradle-2.8/lib/gradle-messaging-2.8.jar
7febc6b14000-7febc6b15000 r--s 00003000 08:02 28186740                   /home/ivan/tools/android/android-studio/gradle/gradle-2.8/lib/native-platform-freebsd-amd64-0.10.jar
7febc6b15000-7febc6b16000 r--s 00003000 08:02 28186734                   /home/ivan/tools/android/android-studio/gradle/gradle-2.8/lib/native-platform-freebsd-i386-0.10.jar
7febc6b16000-7febc6b17000 r--s 00005000 08:02 28186751                   /home/ivan/tools/android/android-studio/gradle/gradle-2.8/lib/native-platform-windows-i386-0.10.jar
7febc6b17000-7febc6b18000 r--s 00005000 08:02 28186737                   /home/ivan/tools/android/android-studio/gradle/gradle-2.8/lib/native-platform-windows-amd64-0.10.jar
7febc6b18000-7febc6b19000 r--s 00003000 08:02 28186741                   /home/ivan/tools/android/android-studio/gradle/gradle-2.8/lib/native-platform-linux-i386-0.10.jar
7febc6b19000-7febc6b1a000 r--s 00003000 08:02 28186749                   /home/ivan/tools/android/android-studio/gradle/gradle-2.8/lib/native-platform-linux-amd64-0.10.jar
7febc6b1a000-7febc6b1b000 r--s 00002000 08:02 28186688                   /home/ivan/tools/android/android-studio/gradle/gradle-2.8/lib/native-platform-osx-amd64-0.10.jar
7febc6b1b000-7febc6b1c000 r--s 00002000 08:02 28186758                   /home/ivan/tools/android/android-studio/gradle/gradle-2.8/lib/native-platform-osx-i386-0.10.jar
7febc6b1c000-7febc6b1e000 r--s 00008000 08:02 28186739                   /home/ivan/tools/android/android-studio/gradle/gradle-2.8/lib/jansi-1.2.1.jar
7febc6b1e000-7febc6b21000 r--s 0000d000 08:02 28186747                   /home/ivan/tools/android/android-studio/gradle/gradle-2.8/lib/native-platform-0.10.jar
7febc6b21000-7febc6b25000 r--s 000e4000 08:02 28186752                   /home/ivan/tools/android/android-studio/gradle/gradle-2.8/lib/jna-3.2.7.jar
7febc6b25000-7febc6b27000 r--s 00008000 08:02 28182189                   /home/ivan/tools/android/android-studio/gradle/gradle-2.8/lib/gradle-native-2.8.jar
7febc6b27000-7febc6b29000 r--s 00005000 08:02 28186660                   /home/ivan/tools/android/android-studio/gradle/gradle-2.8/lib/gradle-cli-2.8.jar
7febc6b29000-7febc6b2a000 r--s 00007000 08:02 28186662                   /home/ivan/tools/android/android-studio/gradle/gradle-2.8/lib/gradle-model-groovy-2.8.jar
7febc6b2a000-7febc6b2b000 r--s 00006000 08:02 28186675                   /home/ivan/tools/android/android-studio/gradle/gradle-2.8/lib/gradle-base-services-groovy-2.8.jar
7febc6b2b000-7febc6b37000 r--s 00067000 08:02 28186673                   /home/ivan/tools/android/android-studio/gradle/gradle-2.8/lib/gradle-model-core-2.8.jar
7febc6b37000-7febc6b39000 r--s 00003000 08:02 28186738                   /home/ivan/tools/android/android-studio/gradle/gradle-2.8/lib/jcl-over-slf4j-1.7.10.jar
7febc6b39000-7febc6b3c000 r--s 0001b000 08:02 28186687                   /home/ivan/tools/android/android-studio/gradle/gradle-2.8/lib/jarjar-1.3.jar
7febc6b3c000-7febc6b4a000 r--s 0007f000 08:02 28186743                   /home/ivan/tools/android/android-studio/gradle/gradle-2.8/lib/commons-collections-3.2.1.jar
7febc6b4a000-7febc6bb9000 r--s 0063e000 08:02 28186667                   /home/ivan/tools/android/android-studio/gradle/gradle-2.8/lib/groovy-all-2.4.4.jar
7febc6bb9000-7febc6be1000 r--s 001cf000 08:02 28186746                   /home/ivan/tools/android/android-studio/gradle/gradle-2.8/lib/guava-jdk5-17.0.jar
7febc6be1000-7febc6be2000 ---p 00000000 00:00 0 
7febc6be2000-7febc6ce2000 rw-p 00000000 00:00 0                          [stack:17809]
7febc6ce2000-7febc6ce5000 ---p 00000000 00:00 0 
7febc6ce5000-7febc6de3000 rw-p 00000000 00:00 0                          [stack:17808]
7febc6de3000-7febc6de6000 ---p 00000000 00:00 0 
7febc6de6000-7febc6ee4000 rw-p 00000000 00:00 0                          [stack:17807]
7febc6ee4000-7febc6ee7000 ---p 00000000 00:00 0 
7febc6ee7000-7febc6fe5000 rw-p 00000000 00:00 0                          [stack:17806]
7febc6fe5000-7febc6fe8000 ---p 00000000 00:00 0 
7febc6fe8000-7febc70e6000 rw-p 00000000 00:00 0                          [stack:17805]
7febc70e6000-7febc78f9000 r--p 00000000 08:02 27195                      /usr/lib/locale/locale-archive
7febc78f9000-7febc78fc000 ---p 00000000 00:00 0 
7febc78fc000-7febc79fa000 rw-p 00000000 00:00 0                          [stack:17804]
7febc79fa000-7febc79fd000 ---p 00000000 00:00 0 
7febc79fd000-7febc7afb000 rw-p 00000000 00:00 0                          [stack:17803]
7febc7afb000-7febc7afc000 ---p 00000000 00:00 0 
7febc7afc000-7febc8000000 rw-p 00000000 00:00 0                          [stack:17802]
7febc8000000-7febc8021000 rw-p 00000000 00:00 0 
7febc8021000-7febcc000000 ---p 00000000 00:00 0 
7febcc000000-7febcc001000 r--s 00000000 08:02 28186671                   /home/ivan/tools/android/android-studio/gradle/gradle-2.8/lib/gradle-docs-2.8.jar
7febcc001000-7febcc002000 r--s 00005000 08:02 28186733                   /home/ivan/tools/android/android-studio/gradle/gradle-2.8/lib/log4j-over-slf4j-1.7.10.jar
7febcc002000-7febcc004000 r--s 00000000 08:02 28186742                   /home/ivan/tools/android/android-studio/gradle/gradle-2.8/lib/jul-to-slf4j-1.7.10.jar
7febcc004000-7febcc007000 r--s 00018000 08:02 28186744                   /home/ivan/tools/android/android-studio/gradle/gradle-2.8/lib/commons-io-1.4.jar
7febcc007000-7febcc00c000 r--s 00036000 08:02 28186750                   /home/ivan/tools/android/android-studio/gradle/gradle-2.8/lib/asm-all-5.0.3.jar
7febcc00c000-7febcc011000 r--s 00041000 08:02 28186748                   /home/ivan/tools/android/android-studio/gradle/gradle-2.8/lib/commons-lang-2.6.jar
7febcc011000-7febcc030000 r--s 001cc000 08:02 28186672                   /home/ivan/tools/android/android-studio/gradle/gradle-2.8/lib/ant-1.9.3.jar
7febcc030000-7febcc037000 r--s 00032000 08:02 28186674                   /home/ivan/tools/android/android-studio/gradle/gradle-2.8/lib/gradle-base-services-2.8.jar
7febcc037000-7febcc06d000 r--s 001b5000 08:02 28182188                   /home/ivan/tools/android/android-studio/gradle/gradle-2.8/lib/gradle-core-2.8.jar
7febcc06d000-7febccc1d000 rw-p 00000000 00:00 0 
7febccc1d000-7febccdcf000 r--s 01d2f000 08:02 2625893                    /usr/lib/jvm/java-7-openjdk-amd64/jre/lib/rt.jar
7febccdcf000-7febcf920000 rw-p 00000000 00:00 0 
7febcf920000-7febcf921000 ---p 00000000 00:00 0 
7febcf921000-7febcfa21000 rw-p 00000000 00:00 0                          [stack:17801]
7febcfa21000-7febcfa22000 ---p 00000000 00:00 0 
7febcfa22000-7febcfb22000 rw-p 00000000 00:00 0                          [stack:17800]
7febcfb22000-7febcfb23000 ---p 00000000 00:00 0 
7febcfb23000-7febcfc23000 rw-p 00000000 00:00 0                          [stack:17799]
7febcfc23000-7febcfc24000 ---p 00000000 00:00 0 
7febcfc24000-7febcfd35000 rw-p 00000000 00:00 0                          [stack:17798]
7febcfd35000-7febcfda4000 rw-p 00000000 00:00 0 
7febcfda4000-7febcfdcd000 rw-p 00000000 00:00 0 
7febcfdcd000-7febcfefa000 rw-p 00000000 00:00 0 
7febcfefa000-7febcff0b000 rw-p 00000000 00:00 0 
7febcff0b000-7febcff7a000 rw-p 00000000 00:00 0 
7febcff7a000-7febcffa3000 rw-p 00000000 00:00 0 
7febcffa3000-7febd00cf000 rw-p 00000000 00:00 0 
7febd00cf000-7febd011b000 rw-p 00000000 00:00 0 
7febd011b000-7febd017a000 rw-p 00000000 00:00 0 
7febd017a000-7febd017b000 rw-p 00000000 00:00 0 
7febd017b000-7febd047b000 rwxp 00000000 00:00 0 
7febd047b000-7febd317b000 rw-p 00000000 00:00 0 
7febd317b000-7febd3183000 r-xp 00000000 08:02 2625902                    /usr/lib/jvm/java-7-openjdk-amd64/jre/lib/amd64/libzip.so
7febd3183000-7febd3382000 ---p 00008000 08:02 2625902                    /usr/lib/jvm/java-7-openjdk-amd64/jre/lib/amd64/libzip.so
7febd3382000-7febd3383000 r--p 00007000 08:02 2625902                    /usr/lib/jvm/java-7-openjdk-amd64/jre/lib/amd64/libzip.so
7febd3383000-7febd3384000 rw-p 00008000 08:02 2625902                    /usr/lib/jvm/java-7-openjdk-amd64/jre/lib/amd64/libzip.so
7febd3384000-7febd338f000 r-xp 00000000 08:02 3187                       /lib/x86_64-linux-gnu/libnss_files-2.19.so
7febd338f000-7febd358e000 ---p 0000b000 08:02 3187                       /lib/x86_64-linux-gnu/libnss_files-2.19.so
7febd358e000-7febd358f000 r--p 0000a000 08:02 3187                       /lib/x86_64-linux-gnu/libnss_files-2.19.so
7febd358f000-7febd3590000 rw-p 0000b000 08:02 3187                       /lib/x86_64-linux-gnu/libnss_files-2.19.so
7febd3590000-7febd359b000 r-xp 00000000 08:02 3171                       /lib/x86_64-linux-gnu/libnss_nis-2.19.so
7febd359b000-7febd379a000 ---p 0000b000 08:02 3171                       /lib/x86_64-linux-gnu/libnss_nis-2.19.so
7febd379a000-7febd379b000 r--p 0000a000 08:02 3171                       /lib/x86_64-linux-gnu/libnss_nis-2.19.so
7febd379b000-7febd379c000 rw-p 0000b000 08:02 3171                       /lib/x86_64-linux-gnu/libnss_nis-2.19.so
7febd379c000-7febd37b3000 r-xp 00000000 08:02 3163                       /lib/x86_64-linux-gnu/libnsl-2.19.so
7febd37b3000-7febd39b2000 ---p 00017000 08:02 3163                       /lib/x86_64-linux-gnu/libnsl-2.19.so
7febd39b2000-7febd39b3000 r--p 00016000 08:02 3163                       /lib/x86_64-linux-gnu/libnsl-2.19.so
7febd39b3000-7febd39b4000 rw-p 00017000 08:02 3163                       /lib/x86_64-linux-gnu/libnsl-2.19.so
7febd39b4000-7febd39b6000 rw-p 00000000 00:00 0 
7febd39b6000-7febd39bf000 r-xp 00000000 08:02 3161                       /lib/x86_64-linux-gnu/libnss_compat-2.19.so
7febd39bf000-7febd3bbe000 ---p 00009000 08:02 3161                       /lib/x86_64-linux-gnu/libnss_compat-2.19.so
7febd3bbe000-7febd3bbf000 r--p 00008000 08:02 3161                       /lib/x86_64-linux-gnu/libnss_compat-2.19.so
7febd3bbf000-7febd3bc0000 rw-p 00009000 08:02 3161                       /lib/x86_64-linux-gnu/libnss_compat-2.19.so
7febd3bc0000-7febd3beb000 r-xp 00000000 08:02 2625925                    /usr/lib/jvm/java-7-openjdk-amd64/jre/lib/amd64/libjava.so
7febd3beb000-7febd3deb000 ---p 0002b000 08:02 2625925                    /usr/lib/jvm/java-7-openjdk-amd64/jre/lib/amd64/libjava.so
7febd3deb000-7febd3dec000 r--p 0002b000 08:02 2625925                    /usr/lib/jvm/java-7-openjdk-amd64/jre/lib/amd64/libjava.so
7febd3dec000-7febd3dee000 rw-p 0002c000 08:02 2625925                    /usr/lib/jvm/java-7-openjdk-amd64/jre/lib/amd64/libjava.so
7febd3dee000-7febd3dfe000 r-xp 00000000 08:02 2625907                    /usr/lib/jvm/java-7-openjdk-amd64/jre/lib/amd64/libverify.so
7febd3dfe000-7febd3ffd000 ---p 00010000 08:02 2625907                    /usr/lib/jvm/java-7-openjdk-amd64/jre/lib/amd64/libverify.so
7febd3ffd000-7febd3fff000 r--p 0000f000 08:02 2625907                    /usr/lib/jvm/java-7-openjdk-amd64/jre/lib/amd64/libverify.so
7febd3fff000-7febd4000000 rw-p 00011000 08:02 2625907                    /usr/lib/jvm/java-7-openjdk-amd64/jre/lib/amd64/libverify.so
7febd4000000-7febd4b10000 rw-p 00000000 00:00 0 
7febd4b10000-7febd8000000 ---p 00000000 00:00 0 
7febd8000000-7febd8001000 r--s 00000000 08:02 28186745                   /home/ivan/tools/android/android-studio/gradle/gradle-2.8/lib/javax.inject-1.jar
7febd8001000-7febd8002000 r--s 00000000 08:02 28186757                   /home/ivan/tools/android/android-studio/gradle/gradle-2.8/lib/jcip-annotations-1.0.jar
7febd8002000-7febd8003000 r--s 00007000 08:02 28186755                   /home/ivan/tools/android/android-studio/gradle/gradle-2.8/lib/slf4j-api-1.7.10.jar
7febd8003000-7febd8004000 r--s 00004000 08:02 28186663                   /home/ivan/tools/android/android-studio/gradle/gradle-2.8/lib/ant-launcher-1.9.3.jar
7febd8004000-7febd800e000 r--s 0004a000 08:02 28186670                   /home/ivan/tools/android/android-studio/gradle/gradle-2.8/lib/gradle-launcher-2.8.jar
7febd800e000-7febd807f000 rw-p 00000000 00:00 0 
7febd807f000-7febd8086000 r-xp 00000000 08:02 3179                       /lib/x86_64-linux-gnu/librt-2.19.so
7febd8086000-7febd8285000 ---p 00007000 08:02 3179                       /lib/x86_64-linux-gnu/librt-2.19.so
7febd8285000-7febd8286000 r--p 00006000 08:02 3179                       /lib/x86_64-linux-gnu/librt-2.19.so
7febd8286000-7febd8287000 rw-p 00007000 08:02 3179                       /lib/x86_64-linux-gnu/librt-2.19.so
7febd8287000-7febd829d000 r-xp 00000000 08:02 3455                       /lib/x86_64-linux-gnu/libgcc_s.so.1
7febd829d000-7febd849c000 ---p 00016000 08:02 3455                       /lib/x86_64-linux-gnu/libgcc_s.so.1
7febd849c000-7febd849d000 r--p 00015000 08:02 3455                       /lib/x86_64-linux-gnu/libgcc_s.so.1
7febd849d000-7febd849e000 rw-p 00016000 08:02 3455                       /lib/x86_64-linux-gnu/libgcc_s.so.1
7febd849e000-7febd85a3000 r-xp 00000000 08:02 3151                       /lib/x86_64-linux-gnu/libm-2.19.so
7febd85a3000-7febd87a2000 ---p 00105000 08:02 3151                       /lib/x86_64-linux-gnu/libm-2.19.so
7febd87a2000-7febd87a3000 r--p 00104000 08:02 3151                       /lib/x86_64-linux-gnu/libm-2.19.so
7febd87a3000-7febd87a4000 rw-p 00105000 08:02 3151                       /lib/x86_64-linux-gnu/libm-2.19.so
7febd87a4000-7febd8891000 r-xp 00000000 08:02 9486                       /usr/lib/x86_64-linux-gnu/libstdc++.so.6.0.20
7febd8891000-7febd8a91000 ---p 000ed000 08:02 9486                       /usr/lib/x86_64-linux-gnu/libstdc++.so.6.0.20
7febd8a91000-7febd8a99000 r--p 000ed000 08:02 9486                       /usr/lib/x86_64-linux-gnu/libstdc++.so.6.0.20
7febd8a99000-7febd8a9b000 rw-p 000f5000 08:02 9486                       /usr/lib/x86_64-linux-gnu/libstdc++.so.6.0.20
7febd8a9b000-7febd8ab0000 rw-p 00000000 00:00 0 
7febd8ab0000-7febd95d5000 r-xp 00000000 08:02 2625903                    /usr/lib/jvm/java-7-openjdk-amd64/jre/lib/amd64/server/libjvm.so
7febd95d5000-7febd97d5000 ---p 00b25000 08:02 2625903                    /usr/lib/jvm/java-7-openjdk-amd64/jre/lib/amd64/server/libjvm.so
7febd97d5000-7febd986f000 r--p 00b25000 08:02 2625903                    /usr/lib/jvm/java-7-openjdk-amd64/jre/lib/amd64/server/libjvm.so
7febd986f000-7febd9892000 rw-p 00bbf000 08:02 2625903                    /usr/lib/jvm/java-7-openjdk-amd64/jre/lib/amd64/server/libjvm.so
7febd9892000-7febd98c0000 rw-p 00000000 00:00 0 
7febd98c0000-7febd98d8000 r-xp 00000000 08:02 13550                      /lib/x86_64-linux-gnu/libz.so.1.2.8
7febd98d8000-7febd9ad7000 ---p 00018000 08:02 13550                      /lib/x86_64-linux-gnu/libz.so.1.2.8
7febd9ad7000-7febd9ad8000 r--p 00017000 08:02 13550                      /lib/x86_64-linux-gnu/libz.so.1.2.8
7febd9ad8000-7febd9ad9000 rw-p 00018000 08:02 13550                      /lib/x86_64-linux-gnu/libz.so.1.2.8
7febd9ad9000-7febd9af2000 r-xp 00000000 08:02 3165                       /lib/x86_64-linux-gnu/libpthread-2.19.so
7febd9af2000-7febd9cf1000 ---p 00019000 08:02 3165                       /lib/x86_64-linux-gnu/libpthread-2.19.so
7febd9cf1000-7febd9cf2000 r--p 00018000 08:02 3165                       /lib/x86_64-linux-gnu/libpthread-2.19.so
7febd9cf2000-7febd9cf3000 rw-p 00019000 08:02 3165                       /lib/x86_64-linux-gnu/libpthread-2.19.so
7febd9cf3000-7febd9cf7000 rw-p 00000000 00:00 0 
7febd9cf7000-7febd9cfa000 r-xp 00000000 08:02 3155                       /lib/x86_64-linux-gnu/libdl-2.19.so
7febd9cfa000-7febd9ef9000 ---p 00003000 08:02 3155                       /lib/x86_64-linux-gnu/libdl-2.19.so
7febd9ef9000-7febd9efa000 r--p 00002000 08:02 3155                       /lib/x86_64-linux-gnu/libdl-2.19.so
7febd9efa000-7febd9efb000 rw-p 00003000 08:02 3155                       /lib/x86_64-linux-gnu/libdl-2.19.so
7febd9efb000-7febda0b6000 r-xp 00000000 08:02 3181                       /lib/x86_64-linux-gnu/libc-2.19.so
7febda0b6000-7febda2b5000 ---p 001bb000 08:02 3181                       /lib/x86_64-linux-gnu/libc-2.19.so
7febda2b5000-7febda2b9000 r--p 001ba000 08:02 3181                       /lib/x86_64-linux-gnu/libc-2.19.so
7febda2b9000-7febda2bb000 rw-p 001be000 08:02 3181                       /lib/x86_64-linux-gnu/libc-2.19.so
7febda2bb000-7febda2c0000 rw-p 00000000 00:00 0 
7febda2c0000-7febda2cd000 r-xp 00000000 08:02 2625897                    /usr/lib/jvm/java-7-openjdk-amd64/jre/lib/amd64/jli/libjli.so
7febda2cd000-7febda4cc000 ---p 0000d000 08:02 2625897                    /usr/lib/jvm/java-7-openjdk-amd64/jre/lib/amd64/jli/libjli.so
7febda4cc000-7febda4cd000 r--p 0000c000 08:02 2625897                    /usr/lib/jvm/java-7-openjdk-amd64/jre/lib/amd64/jli/libjli.so
7febda4cd000-7febda4ce000 rw-p 0000d000 08:02 2625897                    /usr/lib/jvm/java-7-openjdk-amd64/jre/lib/amd64/jli/libjli.so
7febda4ce000-7febda4f1000 r-xp 00000000 08:02 3167                       /lib/x86_64-linux-gnu/ld-2.19.so
7febda4f1000-7febda4f5000 r--s 00034000 08:02 2625935                    /usr/lib/jvm/java-7-openjdk-amd64/jre/lib/ext/sunjce_provider.jar
7febda4f5000-7febda4f7000 r--s 00012000 08:02 2625936                    /usr/lib/jvm/java-7-openjdk-amd64/jre/lib/ext/zipfs.jar
7febda4f7000-7febda4fa000 r--s 0000f000 08:02 2625939                    /usr/lib/jvm/java-7-openjdk-amd64/jre/lib/ext/icedtea-sound.jar
7febda4fa000-7febda4fe000 r--s 0003c000 08:02 2625937                    /usr/lib/jvm/java-7-openjdk-amd64/jre/lib/ext/sunpkcs11.jar
7febda4fe000-7febda500000 r--s 00006000 08:02 5674                       /usr/share/java/java-atk-wrapper.jar
7febda500000-7febda504000 r--s 00085000 08:02 2625934                    /usr/lib/jvm/java-7-openjdk-amd64/jre/lib/ext/localedata.jar
7febda504000-7febda510000 rw-p 00000000 00:00 0 
7febda510000-7febda5c4000 rw-p 00000000 00:00 0 
7febda5c4000-7febda5c7000 ---p 00000000 00:00 0 
7febda5c7000-7febda6ca000 rw-p 00000000 00:00 0                          [stack:17795]
7febda6ca000-7febda6cb000 r--s 00002000 08:02 2625938                    /usr/lib/jvm/java-7-openjdk-amd64/jre/lib/ext/dnsns.jar
7febda6cb000-7febda6e4000 rw-p 00000000 00:00 0 
7febda6e4000-7febda6ec000 rw-s 00000000 08:02 1312249                    /tmp/hsperfdata_ivan/17793
7febda6ec000-7febda6ed000 rw-p 00000000 00:00 0 
7febda6ed000-7febda6ee000 r--p 00000000 00:00 0 
7febda6ee000-7febda6f0000 rw-p 00000000 00:00 0 
7febda6f0000-7febda6f1000 r--p 00022000 08:02 3167                       /lib/x86_64-linux-gnu/ld-2.19.so
7febda6f1000-7febda6f2000 rw-p 00023000 08:02 3167                       /lib/x86_64-linux-gnu/ld-2.19.so
7febda6f2000-7febda6f3000 rw-p 00000000 00:00 0 
7fff8b26d000-7fff8b28e000 rw-p 00000000 00:00 0                          [stack]
7fff8b2ed000-7fff8b2ef000 r-xp 00000000 00:00 0                          [vdso]
7fff8b2ef000-7fff8b2f1000 r--p 00000000 00:00 0                          [vvar]
ffffffffff600000-ffffffffff601000 r-xp 00000000 00:00 0                  [vsyscall]

VM Arguments:
jvm_args: -XX:MaxPermSize=256m -XX:+HeapDumpOnOutOfMemoryError -Xmx1024m -Dfile.encoding=UTF-8 -Duser.country=UA -Duser.language=ru -Duser.variant 
java_command: org.gradle.launcher.daemon.bootstrap.GradleDaemon 2.8
Launcher Type: SUN_STANDARD

Environment Variables:
JAVA_HOME=/usr/lib/jvm/java-8-oracle
PATH=/usr/local/sbin:/usr/local/bin:/usr/sbin:/usr/bin:/sbin:/bin:/usr/games:/usr/local/games:/usr/lib/jvm/java-8-oracle/bin:/usr/lib/jvm/java-8-oracle/db/bin:/usr/lib/jvm/java-8-oracle/jre/bin
SHELL=/bin/bash
DISPLAY=:0

Signal Handlers:
SIGSEGV: [libjvm.so+0x955bc0], sa_mask[0]=0x7ffbfeff, sa_flags=0x10000004
SIGBUS: [libjvm.so+0x955bc0], sa_mask[0]=0x7ffbfeff, sa_flags=0x10000004
SIGFPE: [libjvm.so+0x7caff0], sa_mask[0]=0x7ffbfeff, sa_flags=0x10000004
SIGPIPE: [libjvm.so+0x7caff0], sa_mask[0]=0x7ffbfeff, sa_flags=0x10000004
SIGXFSZ: [libjvm.so+0x7caff0], sa_mask[0]=0x7ffbfeff, sa_flags=0x10000004
SIGILL: [libjvm.so+0x7caff0], sa_mask[0]=0x7ffbfeff, sa_flags=0x10000004
SIGUSR1: SIG_DFL, sa_mask[0]=0x00000000, sa_flags=0x00000000
SIGUSR2: [libjvm.so+0x7cae90], sa_mask[0]=0x00000004, sa_flags=0x10000004
SIGHUP: [libjvm.so+0x7cb070], sa_mask[0]=0x7ffbfeff, sa_flags=0x10000004
SIGINT: [libjvm.so+0x7cb070], sa_mask[0]=0x7ffbfeff, sa_flags=0x10000004
SIGTERM: [libjvm.so+0x7cb070], sa_mask[0]=0x7ffbfeff, sa_flags=0x10000004
SIGQUIT: [libjvm.so+0x7cb070], sa_mask[0]=0x7ffbfeff, sa_flags=0x10000004
SIGTRAP: SIG_DFL, sa_mask[0]=0x00000000, sa_flags=0x00000000


---------------  S Y S T E M  ---------------

OS:Ubuntu 14.04 (trusty)
uname:Linux 3.16.0-67-generic #87~14.04.1-Ubuntu SMP Fri Mar 11 00:26:02 UTC 2016 x86_64
libc:glibc 2.19 NPTL 2.19 
rlimit: STACK 8192k, CORE 0k, NPROC 30684, NOFILE 4096, AS infinity
load average:2,18 1,62 1,31

/proc/meminfo:
MemTotal:        8059688 kB
MemFree:         1634344 kB
MemAvailable:    3523496 kB
Buffers:          147540 kB
Cached:          2018696 kB
SwapCached:            0 kB
Active:          4750136 kB
Inactive:        1305308 kB
Active(anon):    3816800 kB
Inactive(anon):   236196 kB
Active(file):     933336 kB
Inactive(file):  1069112 kB
Unevictable:          72 kB
Mlocked:              72 kB
SwapTotal:       4075516 kB
SwapFree:        4075516 kB
Dirty:             17640 kB
Writeback:             0 kB
AnonPages:       3889724 kB
Mapped:           584392 kB
Shmem:            163572 kB
Slab:             155620 kB
SReclaimable:     111276 kB
SUnreclaim:        44344 kB
KernelStack:       11648 kB
PageTables:        57860 kB
NFS_Unstable:          0 kB
Bounce:                0 kB
WritebackTmp:          0 kB
CommitLimit:     8105360 kB
Committed_AS:    9920168 kB
VmallocTotal:   34359738367 kB
VmallocUsed:      392036 kB
VmallocChunk:   34359325180 kB
HardwareCorrupted:     0 kB
AnonHugePages:   1566720 kB
HugePages_Total:       0
HugePages_Free:        0
HugePages_Rsvd:        0
HugePages_Surp:        0
Hugepagesize:       2048 kB
DirectMap4k:      247748 kB
DirectMap2M:     8024064 kB


CPU:total 4 (2 cores per cpu, 2 threads per core) family 6 model 58 stepping 9, cmov, cx8, fxsr, mmx, sse, sse2, sse3, ssse3, sse4.1, sse4.2, popcnt, avx, erms, ht, tsc, tscinvbit, tscinv

/proc/cpuinfo:
processor	: 0
vendor_id	: GenuineIntel
cpu family	: 6
model		: 58
model name	: Intel(R) Core(TM) i3-3217U CPU @ 1.80GHz
stepping	: 9
microcode	: 0x15
cpu MHz		: 1800.000
cache size	: 3072 KB
physical id	: 0
siblings	: 4
core id		: 0
cpu cores	: 2
apicid		: 0
initial apicid	: 0
fpu		: yes
fpu_exception	: yes
cpuid level	: 13
wp		: yes
flags		: fpu vme de pse tsc msr pae mce cx8 apic sep mtrr pge mca cmov pat pse36 clflush dts acpi mmx fxsr sse sse2 ss ht tm pbe syscall nx rdtscp lm constant_tsc arch_perfmon pebs bts rep_good nopl xtopology nonstop_tsc aperfmperf eagerfpu pni pclmulqdq dtes64 monitor ds_cpl vmx est tm2 ssse3 cx16 xtpr pdcm pcid sse4_1 sse4_2 x2apic popcnt tsc_deadline_timer xsave avx f16c lahf_lm ida arat epb xsaveopt pln pts dtherm tpr_shadow vnmi flexpriority ept vpid fsgsbase smep erms
bogomips	: 3591.78
clflush size	: 64
cache_alignment	: 64
address sizes	: 36 bits physical, 48 bits virtual
power management:

processor	: 1
vendor_id	: GenuineIntel
cpu family	: 6
model		: 58
model name	: Intel(R) Core(TM) i3-3217U CPU @ 1.80GHz
stepping	: 9
microcode	: 0x15
cpu MHz		: 1800.000
cache size	: 3072 KB
physical id	: 0
siblings	: 4
core id		: 1
cpu cores	: 2
apicid		: 2
initial apicid	: 2
fpu		: yes
fpu_exception	: yes
cpuid level	: 13
wp		: yes
flags		: fpu vme de pse tsc msr pae mce cx8 apic sep mtrr pge mca cmov pat pse36 clflush dts acpi mmx fxsr sse sse2 ss ht tm pbe syscall nx rdtscp lm constant_tsc arch_perfmon pebs bts rep_good nopl xtopology nonstop_tsc aperfmperf eagerfpu pni pclmulqdq dtes64 monitor ds_cpl vmx est tm2 ssse3 cx16 xtpr pdcm pcid sse4_1 sse4_2 x2apic popcnt tsc_deadline_timer xsave avx f16c lahf_lm ida arat epb xsaveopt pln pts dtherm tpr_shadow vnmi flexpriority ept vpid fsgsbase smep erms
bogomips	: 3591.78
clflush size	: 64
cache_alignment	: 64
address sizes	: 36 bits physical, 48 bits virtual
power management:

processor	: 2
vendor_id	: GenuineIntel
cpu family	: 6
model		: 58
model name	: Intel(R) Core(TM) i3-3217U CPU @ 1.80GHz
stepping	: 9
microcode	: 0x15
cpu MHz		: 1800.000
cache size	: 3072 KB
physical id	: 0
siblings	: 4
core id		: 0
cpu cores	: 2
apicid		: 1
initial apicid	: 1
fpu		: yes
fpu_exception	: yes
cpuid level	: 13
wp		: yes
flags		: fpu vme de pse tsc msr pae mce cx8 apic sep mtrr pge mca cmov pat pse36 clflush dts acpi mmx fxsr sse sse2 ss ht tm pbe syscall nx rdtscp lm constant_tsc arch_perfmon pebs bts rep_good nopl xtopology nonstop_tsc aperfmperf eagerfpu pni pclmulqdq dtes64 monitor ds_cpl vmx est tm2 ssse3 cx16 xtpr pdcm pcid sse4_1 sse4_2 x2apic popcnt tsc_deadline_timer xsave avx f16c lahf_lm ida arat epb xsaveopt pln pts dtherm tpr_shadow vnmi flexpriority ept vpid fsgsbase smep erms
bogomips	: 3591.78
clflush size	: 64
cache_alignment	: 64
address sizes	: 36 bits physical, 48 bits virtual
power management:

processor	: 3
vendor_id	: GenuineIntel
cpu family	: 6
model		: 58
model name	: Intel(R) Core(TM) i3-3217U CPU @ 1.80GHz
stepping	: 9
microcode	: 0x15
cpu MHz		: 1800.000
cache size	: 3072 KB
physical id	: 0
siblings	: 4
core id		: 1
cpu cores	: 2
apicid		: 3
initial apicid	: 3
fpu		: yes
fpu_exception	: yes
cpuid level	: 13
wp		: yes
flags		: fpu vme de pse tsc msr pae mce cx8 apic sep mtrr pge mca cmov pat pse36 clflush dts acpi mmx fxsr sse sse2 ss ht tm pbe syscall nx rdtscp lm constant_tsc arch_perfmon pebs bts rep_good nopl xtopology nonstop_tsc aperfmperf eagerfpu pni pclmulqdq dtes64 monitor ds_cpl vmx est tm2 ssse3 cx16 xtpr pdcm pcid sse4_1 sse4_2 x2apic popcnt tsc_deadline_timer xsave avx f16c lahf_lm ida arat epb xsaveopt pln pts dtherm tpr_shadow vnmi flexpriority ept vpid fsgsbase smep erms
bogomips	: 3591.78
clflush size	: 64
cache_alignment	: 64
address sizes	: 36 bits physical, 48 bits virtual
power management:



Memory: 4k page, physical 8059688k(1634344k free), swap 4075516k(4075516k free)

vm_info: OpenJDK 64-Bit Server VM (24.95-b01) for linux-amd64 JRE (1.7.0_95-b00), built on Jan 21 2016 03:31:40 by "buildd" with gcc 4.8.4

time: Wed Mar 23 17:10:31 2016
elapsed time: 10 seconds

