#
# A fatal error has been detected by the Java Runtime Environment:
#
#  SIGSEGV (0xb) at pc=0x00007f9dc08b246e, pid=2952, tid=0x00007f9da2a34700
#
# JRE version: Java(TM) SE Runtime Environment (8.0_92-b14) (build 1.8.0_92-b14)
# Java VM: Java HotSpot(TM) 64-Bit Server VM (25.92-b14 mixed mode linux-amd64 compressed oops)
# Problematic frame:
# V  [libjvm.so+0x5e446e]  PhaseCFG::schedule_late(VectorSet&, Node_List&)+0xbe
#
# Failed to write core dump. Core dumps have been disabled. To enable core dumping, try "ulimit -c unlimited" before starting Java again
#
# If you would like to submit a bug report, please visit:
#   http://bugreport.java.com/bugreport/crash.jsp
#

---------------  T H R E A D  ---------------

Current thread (0x00007f9db80b8800):  JavaThread "C2 CompilerThread0" daemon [_thread_in_native, id=2964, stack(0x00007f9da2934000,0x00007f9da2a35000)]

siginfo: si_signo: 11 (SIGSEGV), si_code: 1 (SEGV_MAPERR), si_addr: 0x00007f95c1214380

Registers:
RAX=0x00007f95c12142d0, RBX=0x00007f9d7cdc28f0, RCX=0x0000000000000001, RDX=0x0000000000001143
RSP=0x00007f9da2a308c0, RBP=0x00007f9da2a30930, RSI=0x0000000000001141, RDI=0x00007f9d74c8f938
R8 =0x0000000000000000, R9 =0x0000000000000058, R10=0x00007f9da2a307d0, R11=0x00007f9d7c3b6420
R12=0x00007f9d74c8f938, R13=0x00007f9d7cdc28f0, R14=0x00007f9d74ce2a60, R15=0x00007f9da2a321b0
RIP=0x00007f9dc08b246e, EFLAGS=0x0000000000010202, CSGSFS=0x0000000000000033, ERR=0x0000000000000004
  TRAPNO=0x000000000000000e

Top of Stack: (sp=0x00007f9da2a308c0)
0x00007f9da2a308c0:   00007f9da2a308e0 0000000000000000
0x00007f9da2a308d0:   00007f9d74c90a40 00007f9da2a32208
0x00007f9da2a308e0:   00007f9da2a309b0 00007f9da2a30990
0x00007f9da2a308f0:   00007f9da2a321b0 00007f9db80b8f50
0x00007f9da2a30900:   00007f9da2a30930 00007f9d7c1464d0
0x00007f9da2a30910:   00007f9da2a309b0 00007f9da2a321b0
0x00007f9da2a30920:   00007f9da2a30990 00007f9db80b8f50
0x00007f9da2a30930:   00007f9da2a30a20 00007f9dc08b2bba
0x00007f9da2a30940:   00007f9d00000008 00007f9d7c9871c0
0x00007f9da2a30950:   00007f9d7c98e740 00007f9d7c98f1a8
0x00007f9da2a30960:   000000000017b518 00007f9d74ce2a60
0x00007f9da2a30970:   00007f9d74b32df0 0000000000000002
0x00007f9da2a30980:   00007f9da2a309d0 00007f9da2a309d0
0x00007f9da2a30990:   00007f9db80b8f50 00007f9d00001000
0x00007f9da2a309a0:   00007f9d7c96f1d0 00007f9d00000002
0x00007f9da2a309b0:   00007f9dc122f150 00007f9db80b8f50
0x00007f9da2a309c0:   0000000100000100 00007f9d7c146510
0x00007f9da2a309d0:   00007f9d00000100 00007f9db80b8f50
0x00007f9da2a309e0:   00007f9d7c9891d0 0000000000000000
0x00007f9da2a309f0:   00007f9da2a30a50 00007f9da2a321b0
0x00007f9da2a30a00:   00007f9da2a316e0 00007f9da2a30a50
0x00007f9da2a30a10:   00007f9da2a321b0 00007f9dc124caa0
0x00007f9da2a30a20:   00007f9da2a30a40 00007f9dc08b2f1a
0x00007f9da2a30a30:   00007f9da2a321b0 00007f9da2a32f10
0x00007f9da2a30a40:   00007f9da2a32270 00007f9dc076eecd
0x00007f9da2a30a50:   00007f9dc1226650 0000000000000006
0x00007f9da2a30a60:   00007f9da2a32f10 00007f9db80b8f50
0x00007f9da2a30a70:   00007f9db80b8f50 0000000000004000
0x00007f9da2a30a80:   00007f9d7cc1d610 0000000000000000
0x00007f9da2a30a90:   00007f9db80b8f50 0000000000004000
0x00007f9da2a30aa0:   00007f9d7c62c6d0 0000000000000000
0x00007f9da2a30ab0:   0000000000000000 0000000000000000 

Instructions: (pc=0x00007f9dc08b246e)
0x00007f9dc08b244e:   10 00 49 8b 47 68 4c 8b 34 d0 0f 84 62 02 00 00
0x00007f9dc08b245e:   41 8b 44 24 20 85 c0 74 c9 49 8b 04 24 4c 89 e7
0x00007f9dc08b246e:   ff 90 b0 00 00 00 84 c0 75 b8 41 0f b7 44 24 2c
0x00007f9dc08b247e:   48 c7 45 98 00 00 00 00 83 e0 03 83 f8 02 0f 84 

Register to memory mapping:

RAX=0x00007f95c12142d0 is an unknown value
RBX=0x00007f9d7cdc28f0 is an unknown value
RCX=0x0000000000000001 is an unknown value
RDX=0x0000000000001143 is an unknown value
RSP=0x00007f9da2a308c0 is pointing into the stack for thread: 0x00007f9db80b8800
RBP=0x00007f9da2a30930 is pointing into the stack for thread: 0x00007f9db80b8800
RSI=0x0000000000001141 is an unknown value
RDI=0x00007f9d74c8f938 is an unknown value
R8 =0x0000000000000000 is an unknown value
R9 =0x0000000000000058 is an unknown value
R10=0x00007f9da2a307d0 is pointing into the stack for thread: 0x00007f9db80b8800
R11=0x00007f9d7c3b6420 is an unknown value
R12=0x00007f9d74c8f938 is an unknown value
R13=0x00007f9d7cdc28f0 is an unknown value
R14=0x00007f9d74ce2a60 is an unknown value
R15=0x00007f9da2a321b0 is pointing into the stack for thread: 0x00007f9db80b8800


Stack: [0x00007f9da2934000,0x00007f9da2a35000],  sp=0x00007f9da2a308c0,  free space=1010k
Native frames: (J=compiled Java code, j=interpreted, Vv=VM code, C=native code)
V  [libjvm.so+0x5e446e]  PhaseCFG::schedule_late(VectorSet&, Node_List&)+0xbe
V  [libjvm.so+0x5e4bba]  PhaseCFG::global_code_motion()+0x2ea
V  [libjvm.so+0x5e4f1a]  PhaseCFG::do_global_code_motion()+0x4a
V  [libjvm.so+0x4a0ecd]  Compile::Code_Gen()+0x1fd
V  [libjvm.so+0x4a44e1]  Compile::Compile(ciEnv*, C2Compiler*, ciMethod*, int, bool, bool, bool)+0x14b1
V  [libjvm.so+0x3f1b38]  C2Compiler::compile_method(ciEnv*, ciMethod*, int)+0x198
V  [libjvm.so+0x4aea9a]  CompileBroker::invoke_compiler_on_method(CompileTask*)+0xc9a
V  [libjvm.so+0x4afa46]  CompileBroker::compiler_thread_loop()+0x5d6
V  [libjvm.so+0xa6cc5f]  JavaThread::thread_main_inner()+0xdf
V  [libjvm.so+0xa6cd8c]  JavaThread::run()+0x11c
V  [libjvm.so+0x91fad8]  java_start(Thread*)+0x108
C  [libpthread.so.0+0x76fa]  start_thread+0xca


Current CompileTask:
C2:1761173 14879       4       org.gradle.api.internal.artifacts.ivyservice.resolveengine.artifact.ResolvedArtifactsGraphVisitor::getArtifacts (199 bytes)


---------------  P R O C E S S  ---------------

Java Threads: ( => current thread )
  0x00007f9d680d4000 JavaThread "Stdin handler" [_thread_blocked, id=4138, stack(0x00007f9d5210c000,0x00007f9d5220d000)]
  0x00007f9d64003800 JavaThread "Cancel handler" [_thread_blocked, id=4135, stack(0x00007f9da0c45000,0x00007f9da0d46000)]
  0x00007f9d6400c800 JavaThread "Handler for socket connection from /127.0.0.1:42518 to /127.0.0.1:40992" [_thread_in_native, id=4134, stack(0x00007f9da0d46000,0x00007f9da0e47000)]
  0x00007f9d5c001000 JavaThread "process reaper" daemon [_thread_blocked, id=4098, stack(0x00007f9da018a000,0x00007f9da01c3000)]
  0x00007f9d64031000 JavaThread "Daemon worker Thread 4" [_thread_in_vm, id=4066, stack(0x00007f9da0b44000,0x00007f9da0c45000)]
  0x00007f9d7000f800 JavaThread "Daemon Thread 4" [_thread_blocked, id=4062, stack(0x00007f9da0e47000,0x00007f9da0f48000)]
  0x00007f9d60c77800 JavaThread "pool-1-thread-3" [_thread_blocked, id=3880, stack(0x00007f9d5240f000,0x00007f9d52510000)]
  0x00007f9d684a6800 JavaThread "pool-1-thread-2" [_thread_blocked, id=3416, stack(0x00007f9d52510000,0x00007f9d52611000)]
  0x00007f9d609ee800 JavaThread "pool-1-thread-1" [_thread_blocked, id=3074, stack(0x00007f9d52611000,0x00007f9d52712000)]
  0x00007f9d60461000 JavaThread "File lock request listener" [_thread_in_native, id=3030, stack(0x00007f9da0089000,0x00007f9da018a000)]
  0x00007f9db8b76000 JavaThread "Incoming local TCP Connector on port 42518" [_thread_in_native, id=2969, stack(0x00007f9da1148000,0x00007f9da1249000)]
  0x00007f9db80c0000 JavaThread "Service Thread" daemon [_thread_blocked, id=2967, stack(0x00007f9da2631000,0x00007f9da2732000)]
  0x00007f9db80bd000 JavaThread "C1 CompilerThread2" daemon [_thread_blocked, id=2966, stack(0x00007f9da2732000,0x00007f9da2833000)]
  0x00007f9db80bb800 JavaThread "C2 CompilerThread1" daemon [_thread_in_native, id=2965, stack(0x00007f9da2833000,0x00007f9da2934000)]
=>0x00007f9db80b8800 JavaThread "C2 CompilerThread0" daemon [_thread_in_native, id=2964, stack(0x00007f9da2934000,0x00007f9da2a35000)]
  0x00007f9db80b7000 JavaThread "Signal Dispatcher" daemon [_thread_blocked, id=2963, stack(0x00007f9da2a35000,0x00007f9da2b36000)]
  0x00007f9db8084000 JavaThread "Finalizer" daemon [_thread_blocked, id=2962, stack(0x00007f9da34f5000,0x00007f9da35f6000)]
  0x00007f9db807f800 JavaThread "Reference Handler" daemon [_thread_blocked, id=2961, stack(0x00007f9da35f6000,0x00007f9da36f7000)]
  0x00007f9db800a000 JavaThread "main" [_thread_blocked, id=2953, stack(0x00007f9dc1db9000,0x00007f9dc1eba000)]

Other Threads:
  0x00007f9db8077800 VMThread [stack: 0x00007f9da36f7000,0x00007f9da37f8000] [id=2960]
  0x00007f9db80c3000 WatcherThread [stack: 0x00007f9da2530000,0x00007f9da2631000] [id=2968]

VM state:not at safepoint (normal execution)

VM Mutex/Monitor currently owned by a thread: None

Heap:
 PSYoungGen      total 273920K, used 93357K [0x00000000eab00000, 0x00000000ff380000, 0x0000000100000000)
  eden space 215552K, 43% used [0x00000000eab00000,0x00000000f062b5d0,0x00000000f7d80000)
  from space 58368K, 0% used [0x00000000fba80000,0x00000000fba80000,0x00000000ff380000)
  to   space 60416K, 0% used [0x00000000f7d80000,0x00000000f7d80000,0x00000000fb880000)
 ParOldGen       total 240128K, used 39207K [0x00000000c0000000, 0x00000000cea80000, 0x00000000eab00000)
  object space 240128K, 16% used [0x00000000c0000000,0x00000000c2649d40,0x00000000cea80000)
 Metaspace       used 57879K, capacity 59794K, committed 60672K, reserved 1101824K
  class space    used 7592K, capacity 8022K, committed 8192K, reserved 1048576K

Card table byte_map: [0x00007f9dbe966000,0x00007f9dbeb67000] byte_map_base: 0x00007f9dbe366000

Marking Bits: (ParMarkBitMap*) 0x00007f9dc12874c0
 Begin Bits: [0x00007f9dbc40c000, 0x00007f9dbd40c000)
 End Bits:   [0x00007f9dbd40c000, 0x00007f9dbe40c000)

Polling page: 0x00007f9dc1ed6000

CodeCache: size=245760Kb used=39916Kb max_used=39916Kb free=205844Kb
 bounds [0x00007f9da9000000, 0x00007f9dab740000, 0x00007f9db8000000]
 total_blobs=12107 nmethods=11382 adapters=636
 compilation: enabled

Compilation events (10 events):
Event: 1760,985 Thread 0x00007f9db80bd000 14995       3       org.gradle.internal.component.model.AbstractModuleDescriptorBackedMetaData::setChanging (6 bytes)
Event: 1760,985 Thread 0x00007f9db80bd000 nmethod 14995 0x00007f9dab735810 code [0x00007f9dab735960, 0x00007f9dab735ab0]
Event: 1760,997 Thread 0x00007f9db80bd000 14996       1       com.sun.org.apache.xerces.internal.parsers.AbstractXMLDocumentParser::setDocumentSource (6 bytes)
Event: 1760,999 Thread 0x00007f9db80bd000 nmethod 14996 0x00007f9dab735b50 code [0x00007f9dab735ca0, 0x00007f9dab735dd0]
Event: 1761,003 Thread 0x00007f9db80bd000 14997       1       com.sun.org.apache.xerces.internal.impl.dtd.XMLDTDValidator::setDocumentHandler (6 bytes)
Event: 1761,004 Thread 0x00007f9db80bd000 nmethod 14997 0x00007f9dab735e10 code [0x00007f9dab735f60, 0x00007f9dab736090]
Event: 1761,009 Thread 0x00007f9db80bd000 14998       3       org.apache.ivy.util.ContextualSAXHandler::characters (12 bytes)
Event: 1761,010 Thread 0x00007f9db80bd000 nmethod 14998 0x00007f9dab7360d0 code [0x00007f9dab736240, 0x00007f9dab736648]
Event: 1761,073 Thread 0x00007f9db80bd000 14999       3       org.xml.sax.helpers.DefaultHandler::<init> (5 bytes)
Event: 1761,074 Thread 0x00007f9db80bd000 nmethod 14999 0x00007f9dab7367d0 code [0x00007f9dab736940, 0x00007f9dab736af0]

GC Heap History (10 events):
Event: 1737,629 GC heap before
{Heap before GC invocations=41 (full 6):
 PSYoungGen      total 278528K, used 209792K [0x00000000eab00000, 0x0000000100000000, 0x0000000100000000)
  eden space 205824K, 100% used [0x00000000eab00000,0x00000000f7400000,0x00000000f7400000)
  from space 72704K, 5% used [0x00000000fb900000,0x00000000fbce0000,0x0000000100000000)
  to   space 70656K, 0% used [0x00000000f7400000,0x00000000f7400000,0x00000000fb900000)
 ParOldGen       total 240128K, used 112665K [0x00000000c0000000, 0x00000000cea80000, 0x00000000eab00000)
  object space 240128K, 46% used [0x00000000c0000000,0x00000000c6e06530,0x00000000cea80000)
 Metaspace       used 58311K, capacity 60186K, committed 60416K, reserved 1101824K
  class space    used 7655K, capacity 8066K, committed 8192K, reserved 1048576K
Event: 1737,651 GC heap after
Heap after GC invocations=41 (full 6):
 PSYoungGen      total 210944K, used 4896K [0x00000000eab00000, 0x00000000ff900000, 0x0000000100000000)
  eden space 205824K, 0% used [0x00000000eab00000,0x00000000eab00000,0x00000000f7400000)
  from space 5120K, 95% used [0x00000000f7400000,0x00000000f78c8000,0x00000000f7900000)
  to   space 68096K, 0% used [0x00000000fb680000,0x00000000fb680000,0x00000000ff900000)
 ParOldGen       total 240128K, used 116625K [0x00000000c0000000, 0x00000000cea80000, 0x00000000eab00000)
  object space 240128K, 48% used [0x00000000c0000000,0x00000000c71e4530,0x00000000cea80000)
 Metaspace       used 58311K, capacity 60186K, committed 60416K, reserved 1101824K
  class space    used 7655K, capacity 8066K, committed 8192K, reserved 1048576K
}
Event: 1737,976 GC heap before
{Heap before GC invocations=42 (full 6):
 PSYoungGen      total 210944K, used 210720K [0x00000000eab00000, 0x00000000ff900000, 0x0000000100000000)
  eden space 205824K, 100% used [0x00000000eab00000,0x00000000f7400000,0x00000000f7400000)
  from space 5120K, 95% used [0x00000000f7400000,0x00000000f78c8000,0x00000000f7900000)
  to   space 68096K, 0% used [0x00000000fb680000,0x00000000fb680000,0x00000000ff900000)
 ParOldGen       total 240128K, used 116625K [0x00000000c0000000, 0x00000000cea80000, 0x00000000eab00000)
  object space 240128K, 48% used [0x00000000c0000000,0x00000000c71e4530,0x00000000cea80000)
 Metaspace       used 58311K, capacity 60186K, committed 60416K, reserved 1101824K
  class space    used 7655K, capacity 8066K, committed 8192K, reserved 1048576K
Event: 1738,012 GC heap after
Heap after GC invocations=42 (full 6):
 PSYoungGen      total 276480K, used 5376K [0x00000000eab00000, 0x0000000100000000, 0x0000000100000000)
  eden space 208384K, 0% used [0x00000000eab00000,0x00000000eab00000,0x00000000f7680000)
  from space 68096K, 7% used [0x00000000fb680000,0x00000000fbbc0000,0x00000000ff900000)
  to   space 65536K, 0% used [0x00000000f7680000,0x00000000f7680000,0x00000000fb680000)
 ParOldGen       total 240128K, used 121481K [0x00000000c0000000, 0x00000000cea80000, 0x00000000eab00000)
  object space 240128K, 50% used [0x00000000c0000000,0x00000000c76a2530,0x00000000cea80000)
 Metaspace       used 58311K, capacity 60186K, committed 60416K, reserved 1101824K
  class space    used 7655K, capacity 8066K, committed 8192K, reserved 1048576K
}
Event: 1738,396 GC heap before
{Heap before GC invocations=43 (full 6):
 PSYoungGen      total 276480K, used 213760K [0x00000000eab00000, 0x0000000100000000, 0x0000000100000000)
  eden space 208384K, 100% used [0x00000000eab00000,0x00000000f7680000,0x00000000f7680000)
  from space 68096K, 7% used [0x00000000fb680000,0x00000000fbbc0000,0x00000000ff900000)
  to   space 65536K, 0% used [0x00000000f7680000,0x00000000f7680000,0x00000000fb680000)
 ParOldGen       total 240128K, used 121481K [0x00000000c0000000, 0x00000000cea80000, 0x00000000eab00000)
  object space 240128K, 50% used [0x00000000c0000000,0x00000000c76a2530,0x00000000cea80000)
 Metaspace       used 58312K, capacity 60186K, committed 60416K, reserved 1101824K
  class space    used 7655K, capacity 8066K, committed 8192K, reserved 1048576K
Event: 1738,445 GC heap after
Heap after GC invocations=43 (full 6):
 PSYoungGen      total 273920K, used 5600K [0x00000000eab00000, 0x00000000ff780000, 0x0000000100000000)
  eden space 208384K, 0% used [0x00000000eab00000,0x00000000eab00000,0x00000000f7680000)
  from space 65536K, 8% used [0x00000000f7680000,0x00000000f7bf8000,0x00000000fb680000)
  to   space 62464K, 0% used [0x00000000fba80000,0x00000000fba80000,0x00000000ff780000)
 ParOldGen       total 240128K, used 126841K [0x00000000c0000000, 0x00000000cea80000, 0x00000000eab00000)
  object space 240128K, 52% used [0x00000000c0000000,0x00000000c7bde530,0x00000000cea80000)
 Metaspace       used 58312K, capacity 60186K, committed 60416K, reserved 1101824K
  class space    used 7655K, capacity 8066K, committed 8192K, reserved 1048576K
}
Event: 1749,410 GC heap before
{Heap before GC invocations=44 (full 6):
 PSYoungGen      total 273920K, used 148760K [0x00000000eab00000, 0x00000000ff780000, 0x0000000100000000)
  eden space 208384K, 68% used [0x00000000eab00000,0x00000000f36ce250,0x00000000f7680000)
  from space 65536K, 8% used [0x00000000f7680000,0x00000000f7bf8000,0x00000000fb680000)
  to   space 62464K, 0% used [0x00000000fba80000,0x00000000fba80000,0x00000000ff780000)
 ParOldGen       total 240128K, used 126841K [0x00000000c0000000, 0x00000000cea80000, 0x00000000eab00000)
  object space 240128K, 52% used [0x00000000c0000000,0x00000000c7bde530,0x00000000cea80000)
 Metaspace       used 58378K, capacity 60250K, committed 60416K, reserved 1101824K
  class space    used 7661K, capacity 8066K, committed 8192K, reserved 1048576K
Event: 1749,466 GC heap after
Heap after GC invocations=44 (full 6):
 PSYoungGen      total 273920K, used 1408K [0x00000000eab00000, 0x00000000ff380000, 0x0000000100000000)
  eden space 215552K, 0% used [0x00000000eab00000,0x00000000eab00000,0x00000000f7d80000)
  from space 58368K, 2% used [0x00000000fba80000,0x00000000fbbe0000,0x00000000ff380000)
  to   space 60416K, 0% used [0x00000000f7d80000,0x00000000f7d80000,0x00000000fb880000)
 ParOldGen       total 240128K, used 130513K [0x00000000c0000000, 0x00000000cea80000, 0x00000000eab00000)
  object space 240128K, 54% used [0x00000000c0000000,0x00000000c7f74530,0x00000000cea80000)
 Metaspace       used 58378K, capacity 60250K, committed 60416K, reserved 1101824K
  class space    used 7661K, capacity 8066K, committed 8192K, reserved 1048576K
}
Event: 1749,466 GC heap before
{Heap before GC invocations=45 (full 7):
 PSYoungGen      total 273920K, used 1408K [0x00000000eab00000, 0x00000000ff380000, 0x0000000100000000)
  eden space 215552K, 0% used [0x00000000eab00000,0x00000000eab00000,0x00000000f7d80000)
  from space 58368K, 2% used [0x00000000fba80000,0x00000000fbbe0000,0x00000000ff380000)
  to   space 60416K, 0% used [0x00000000f7d80000,0x00000000f7d80000,0x00000000fb880000)
 ParOldGen       total 240128K, used 130513K [0x00000000c0000000, 0x00000000cea80000, 0x00000000eab00000)
  object space 240128K, 54% used [0x00000000c0000000,0x00000000c7f74530,0x00000000cea80000)
 Metaspace       used 58378K, capacity 60250K, committed 60416K, reserved 1101824K
  class space    used 7661K, capacity 8066K, committed 8192K, reserved 1048576K
Event: 1750,261 GC heap after
Heap after GC invocations=45 (full 7):
 PSYoungGen      total 273920K, used 0K [0x00000000eab00000, 0x00000000ff380000, 0x0000000100000000)
  eden space 215552K, 0% used [0x00000000eab00000,0x00000000eab00000,0x00000000f7d80000)
  from space 58368K, 0% used [0x00000000fba80000,0x00000000fba80000,0x00000000ff380000)
  to   space 60416K, 0% used [0x00000000f7d80000,0x00000000f7d80000,0x00000000fb880000)
 ParOldGen       total 240128K, used 39207K [0x00000000c0000000, 0x00000000cea80000, 0x00000000eab00000)
  object space 240128K, 16% used [0x00000000c0000000,0x00000000c2649d40,0x00000000cea80000)
 Metaspace       used 57577K, capacity 59426K, committed 60416K, reserved 1101824K
  class space    used 7566K, capacity 7962K, committed 8192K, reserved 1048576K
}

Deoptimization events (10 events):
Event: 1749,351 Thread 0x00007f9d64031000 Uncommon trap: reason=unstable_if action=reinterpret pc=0x00007f9da9a2f334 method=java.util.regex.Pattern.split(Ljava/lang/CharSequence;I)[Ljava/lang/String; @ 255
Event: 1749,377 Thread 0x00007f9d64031000 Uncommon trap: reason=bimorphic action=maybe_recompile pc=0x00007f9da9a7885c method=org.gradle.logging.internal.AbstractStyledTextOutput.text(Ljava/lang/Object;)Lorg/gradle/logging/StyledTextOutput; @ 11
Event: 1750,310 Thread 0x00007f9d7000f800 Uncommon trap: reason=unstable_if action=reinterpret pc=0x00007f9da967b834 method=java.lang.ref.SoftReference.get()Ljava/lang/Object; @ 6
Event: 1750,315 Thread 0x00007f9d7000f800 Uncommon trap: reason=unstable_if action=reinterpret pc=0x00007f9da96a6214 method=java.lang.ref.SoftReference.get()Ljava/lang/Object; @ 6
Event: 1750,363 Thread 0x00007f9d7000f800 Uncommon trap: reason=unstable_if action=reinterpret pc=0x00007f9da9caef94 method=java.lang.ref.SoftReference.get()Ljava/lang/Object; @ 6
Event: 1759,673 Thread 0x00007f9d64031000 Uncommon trap: reason=predicate action=maybe_recompile pc=0x00007f9daa776314 method=java.util.LinkedList.toArray([Ljava/lang/Object;)[Ljava/lang/Object; @ 45
Event: 1759,682 Thread 0x00007f9d64031000 Uncommon trap: reason=unstable_if action=reinterpret pc=0x00007f9daa3689e4 method=org.codehaus.groovy.util.ReferenceManager$2.afterReferenceCreation(Lorg/codehaus/groovy/util/Reference;)V @ 8
Event: 1759,682 Thread 0x00007f9d64031000 Uncommon trap: reason=unstable_if action=reinterpret pc=0x00007f9da96f0b34 method=org.codehaus.groovy.util.ReferenceManager$2.afterReferenceCreation(Lorg/codehaus/groovy/util/Reference;)V @ 8
Event: 1759,682 Thread 0x00007f9d64031000 Uncommon trap: reason=unstable_if action=reinterpret pc=0x00007f9da96f0b34 method=org.codehaus.groovy.util.ReferenceManager$2.afterReferenceCreation(Lorg/codehaus/groovy/util/Reference;)V @ 8
Event: 1760,599 Thread 0x00007f9d64031000 Uncommon trap: reason=null_check action=make_not_entrant pc=0x00007f9daafafc54 method=org.gradle.api.internal.collections.CollectionFilter.filter(Ljava/lang/Object;)Ljava/lang/Object; @ 5

Internal exceptions (10 events):
Event: 1750,379 Thread 0x00007f9d7000f800 Exception <a 'java/lang/NoSuchMethodError': <clinit>> (0x00000000eaccf2f0) thrown at [/HUDSON/workspace/8-2-build-linux-amd64/jdk8u92/6642/hotspot/src/share/vm/prims/jni.cpp, line 1613]
Event: 1750,387 Thread 0x00007f9d7000f800 Exception <a 'java/lang/NoSuchMethodError': <clinit>> (0x00000000eace1140) thrown at [/HUDSON/workspace/8-2-build-linux-amd64/jdk8u92/6642/hotspot/src/share/vm/prims/jni.cpp, line 1613]
Event: 1750,413 Thread 0x00007f9d7000f800 Exception <a 'java/lang/NoSuchMethodError': <clinit>> (0x00000000ead1b638) thrown at [/HUDSON/workspace/8-2-build-linux-amd64/jdk8u92/6642/hotspot/src/share/vm/prims/jni.cpp, line 1613]
Event: 1750,414 Thread 0x00007f9d7000f800 Exception <a 'java/lang/NoSuchMethodError': <clinit>> (0x00000000ead1ed08) thrown at [/HUDSON/workspace/8-2-build-linux-amd64/jdk8u92/6642/hotspot/src/share/vm/prims/jni.cpp, line 1613]
Event: 1750,422 Thread 0x00007f9d7000f800 Exception <a 'java/lang/NoSuchMethodError': <clinit>> (0x00000000ead3b110) thrown at [/HUDSON/workspace/8-2-build-linux-amd64/jdk8u92/6642/hotspot/src/share/vm/prims/jni.cpp, line 1613]
Event: 1750,427 Thread 0x00007f9d7000f800 Exception <a 'java/lang/NoSuchMethodError': <clinit>> (0x00000000ead4f030) thrown at [/HUDSON/workspace/8-2-build-linux-amd64/jdk8u92/6642/hotspot/src/share/vm/prims/jni.cpp, line 1613]
Event: 1750,429 Thread 0x00007f9d7000f800 Exception <a 'java/lang/NoSuchMethodError': <clinit>> (0x00000000ead650b0) thrown at [/HUDSON/workspace/8-2-build-linux-amd64/jdk8u92/6642/hotspot/src/share/vm/prims/jni.cpp, line 1613]
Event: 1759,560 Thread 0x00007f9d64031000 Exception <a 'java/lang/ClassNotFoundException': asLocalRepo4_emjnrgknnreb8wqdkfby3sz5mBeanInfo> (0x00000000eb876310) thrown at [/HUDSON/workspace/8-2-build-linux-amd64/jdk8u92/6642/hotspot/src/share/vm/classfile/systemDictionary.cpp, line 210]
Event: 1759,561 Thread 0x00007f9d64031000 Exception <a 'java/lang/ClassNotFoundException': asLocalRepo4_emjnrgknnreb8wqdkfby3sz5mCustomizer> (0x00000000eb87f8a0) thrown at [/HUDSON/workspace/8-2-build-linux-amd64/jdk8u92/6642/hotspot/src/share/vm/classfile/systemDictionary.cpp, line 210]
Event: 1760,599 Thread 0x00007f9d64031000 Implicit null exception at 0x00007f9daafafb00 to 0x00007f9daafafc41

Events (10 events):
Event: 1759,682 Thread 0x00007f9d64031000 DEOPT UNPACKING pc=0x00007f9da9005229 sp=0x00007f9da0c3f328 mode 2
Event: 1759,937 Thread 0x00007f9d64031000 DEOPT PACKING pc=0x00007f9da99da91b sp=0x00007f9da0c3cf70
Event: 1759,937 Thread 0x00007f9d64031000 DEOPT UNPACKING pc=0x00007f9da9047633 sp=0x00007f9da0c3cd38 mode 0
Event: 1760,185 Thread 0x00007f9d64031000 DEOPT PACKING pc=0x00007f9da99e42ce sp=0x00007f9da0c3f540
Event: 1760,185 Thread 0x00007f9d64031000 DEOPT UNPACKING pc=0x00007f9da9047633 sp=0x00007f9da0c3f300 mode 0
Event: 1760,599 Thread 0x00007f9d64031000 Uncommon trap: trap_request=0xfffffff4 fr.pc=0x00007f9daafafc54
Event: 1760,599 Thread 0x00007f9d64031000 DEOPT PACKING pc=0x00007f9daafafc54 sp=0x00007f9da0c41450
Event: 1760,599 Thread 0x00007f9d64031000 DEOPT UNPACKING pc=0x00007f9da9005229 sp=0x00007f9da0c41418 mode 2
Event: 1760,601 Executing VM operation: ForceSafepoint
Event: 1760,602 Executing VM operation: ForceSafepoint done


Dynamic libraries:
00400000-00401000 r-xp 00000000 08:02 14554287                           /usr/lib/jvm/java-8-oracle/bin/java
00600000-00601000 rw-p 00000000 08:02 14554287                           /usr/lib/jvm/java-8-oracle/bin/java
0212b000-0214c000 rw-p 00000000 00:00 0                                  [heap]
c0000000-cea80000 rw-p 00000000 00:00 0 
cea80000-eab00000 ---p 00000000 00:00 0 
eab00000-ff380000 rw-p 00000000 00:00 0 
ff380000-100000000 ---p 00000000 00:00 0 
100000000-100800000 rw-p 00000000 00:00 0 
100800000-140000000 ---p 00000000 00:00 0 
7f9d2c000000-7f9d2c021000 rw-p 00000000 00:00 0 
7f9d2c021000-7f9d30000000 ---p 00000000 00:00 0 
7f9d34000000-7f9d34021000 rw-p 00000000 00:00 0 
7f9d34021000-7f9d38000000 ---p 00000000 00:00 0 
7f9d38000000-7f9d38021000 rw-p 00000000 00:00 0 
7f9d38021000-7f9d3c000000 ---p 00000000 00:00 0 
7f9d3c000000-7f9d3c021000 rw-p 00000000 00:00 0 
7f9d3c021000-7f9d40000000 ---p 00000000 00:00 0 
7f9d40000000-7f9d40021000 rw-p 00000000 00:00 0 
7f9d40021000-7f9d44000000 ---p 00000000 00:00 0 
7f9d44000000-7f9d44021000 rw-p 00000000 00:00 0 
7f9d44021000-7f9d48000000 ---p 00000000 00:00 0 
7f9d48000000-7f9d48021000 rw-p 00000000 00:00 0 
7f9d48021000-7f9d4c000000 ---p 00000000 00:00 0 
7f9d4c000000-7f9d4c021000 rw-p 00000000 00:00 0 
7f9d4c021000-7f9d50000000 ---p 00000000 00:00 0 
7f9d5140a000-7f9d5154a000 rw-p 00000000 00:00 0 
7f9d5154a000-7f9d5160a000 ---p 00000000 00:00 0 
7f9d5160a000-7f9d5180a000 rw-p 00000000 00:00 0 
7f9d5180a000-7f9d51a0a000 rw-p 00000000 00:00 0 
7f9d51a0b000-7f9d51a0e000 ---p 00000000 00:00 0 
7f9d51a0e000-7f9d51d0c000 rw-p 00000000 00:00 0 
7f9d51d0c000-7f9d51f0c000 rw-p 00000000 00:00 0 
7f9d51f0c000-7f9d5210c000 rw-p 00000000 00:00 0 
7f9d5210c000-7f9d5210f000 ---p 00000000 00:00 0 
7f9d5210f000-7f9d5220d000 rw-p 00000000 00:00 0 
7f9d5220d000-7f9d52210000 ---p 00000000 00:00 0 
7f9d52210000-7f9d5230e000 rw-p 00000000 00:00 0 
7f9d5230e000-7f9d52311000 ---p 00000000 00:00 0 
7f9d52311000-7f9d5240f000 rw-p 00000000 00:00 0 
7f9d5240f000-7f9d52412000 ---p 00000000 00:00 0 
7f9d52412000-7f9d52510000 rw-p 00000000 00:00 0 
7f9d52510000-7f9d52513000 ---p 00000000 00:00 0 
7f9d52513000-7f9d52611000 rw-p 00000000 00:00 0 
7f9d52611000-7f9d52614000 ---p 00000000 00:00 0 
7f9d52614000-7f9d52912000 rw-p 00000000 00:00 0 
7f9d52912000-7f9d52b12000 rw-p 00000000 00:00 0 
7f9d52b12000-7f9d52d12000 rw-p 00000000 00:00 0 
7f9d52d12000-7f9d52f12000 rw-p 00000000 00:00 0 
7f9d52f12000-7f9d52f25000 r--s 00344000 08:02 15077036                   /usr/lib/jvm/java-8-oracle/jre/lib/resources.jar
7f9d52f25000-7f9d53125000 rw-p 00000000 00:00 0 
7f9d53125000-7f9d53325000 rw-p 00000000 00:00 0 
7f9d53325000-7f9d53525000 rw-p 00000000 00:00 0 
7f9d53525000-7f9d5352e000 r-xp 00000000 08:02 15206769                   /usr/lib/jvm/java-8-oracle/jre/lib/amd64/libmanagement.so
7f9d5352e000-7f9d5372d000 ---p 00009000 08:02 15206769                   /usr/lib/jvm/java-8-oracle/jre/lib/amd64/libmanagement.so
7f9d5372d000-7f9d5372e000 rw-p 00008000 08:02 15206769                   /usr/lib/jvm/java-8-oracle/jre/lib/amd64/libmanagement.so
7f9d5372e000-7f9d5392e000 rw-p 00000000 00:00 0 
7f9d5392e000-7f9d5392f000 r--s 00004000 08:02 17957138                   /home/ivan/android-studio/gradle/m2repository/com/intellij/annotations/12.0/annotations-12.0.jar
7f9d5392f000-7f9d53931000 r--s 0000d000 08:02 17957183                   /home/ivan/android-studio/gradle/m2repository/commons-codec/commons-codec/1.4/commons-codec-1.4.jar
7f9d53931000-7f9d53933000 r--s 0000d000 08:02 12715101                   /home/ivan/android-studio/gradle/m2repository/commons-logging/commons-logging/1.1.1/commons-logging-1.1.1.jar
7f9d53933000-7f9d53938000 r--s 00028000 08:02 13240029                   /home/ivan/android-studio/gradle/m2repository/org/apache/httpcomponents/httpcore/4.1/httpcore-4.1.jar
7f9d53938000-7f9d5393a000 r--s 00005000 08:02 17827164                   /home/ivan/android-studio/gradle/m2repository/org/abego/treelayout/org.abego.treelayout.core/1.0.1/org.abego.treelayout.core-1.0.1.jar
7f9d5393a000-7f9d53942000 r--s 000a8000 08:02 17956890                   /home/ivan/android-studio/gradle/m2repository/com/android/tools/external/lombok/lombok-ast/0.2.3/lombok-ast-0.2.3.jar
7f9d53942000-7f9d53945000 r--s 00013000 08:02 17956926                   /home/ivan/android-studio/gradle/m2repository/com/android/tools/layoutlib/layoutlib-api/25.1.0/layoutlib-api-25.1.0.jar
7f9d53945000-7f9d53946000 r--s 00005000 08:02 17956949                   /home/ivan/android-studio/gradle/m2repository/com/android/tools/dvlib/25.1.0/dvlib-25.1.0.jar
7f9d53946000-7f9d5394d000 r--s 00053000 08:02 13640782                   /home/ivan/android-studio/gradle/m2repository/org/apache/commons/commons-compress/1.8.1/commons-compress-1.8.1.jar
7f9d5394d000-7f9d53952000 r--s 0002a000 08:02 17827265                   /home/ivan/android-studio/gradle/m2repository/com/google/code/gson/gson/2.2.4/gson-2.2.4.jar
7f9d53952000-7f9d53954000 r--s 00005000 08:02 13240022                   /home/ivan/android-studio/gradle/m2repository/org/apache/httpcomponents/httpmime/4.1/httpmime-4.1.jar
7f9d53954000-7f9d5395c000 r--s 0004e000 08:02 13504406                   /home/ivan/android-studio/gradle/m2repository/org/apache/httpcomponents/httpclient/4.1.1/httpclient-4.1.1.jar
7f9d5395c000-7f9d53960000 r--s 00026000 08:02 17956900                   /home/ivan/android-studio/gradle/m2repository/com/android/tools/repository/25.1.0/repository-25.1.0.jar
7f9d53960000-7f9d53961000 r--s 0000a000 08:02 17957176                   /home/ivan/android-studio/gradle/m2repository/net/sf/kxml/kxml2/2.3.0/kxml2-2.3.0.jar
7f9d53961000-7f9d53965000 r--s 00037000 08:02 17044562                   /home/ivan/android-studio/gradle/m2repository/org/antlr/ST4/4.0.8/ST4-4.0.8.jar
7f9d53965000-7f9d53968000 r--s 00026000 08:02 17827157                   /home/ivan/android-studio/gradle/m2repository/org/antlr/antlr-runtime/3.5.2/antlr-runtime-3.5.2.jar
7f9d53968000-7f9d53969000 r--s 00002000 08:02 17827240                   /home/ivan/android-studio/gradle/m2repository/com/tunnelvisionlabs/antlr4-annotations/4.5/antlr4-annotations-4.5.jar
7f9d53969000-7f9d53970000 r--s 00062000 08:02 17827227                   /home/ivan/android-studio/gradle/m2repository/com/tunnelvisionlabs/antlr4-runtime/4.5/antlr4-runtime-4.5.jar
7f9d53970000-7f9d53973000 r--s 00030000 08:02 17956883                   /home/ivan/android-studio/gradle/m2repository/com/android/tools/lint/lint-api/25.1.0/lint-api-25.1.0.jar
7f9d53973000-7f9d53974000 r--s 00004000 08:02 17827175                   /home/ivan/android-studio/gradle/m2repository/org/ow2/asm/asm-analysis/5.0.3/asm-analysis-5.0.3.jar
7f9d53974000-7f9d53975000 r--s 00001000 08:02 17957111                   /home/ivan/android-studio/gradle/m2repository/com/android/tools/jill/jill-api/0.10.0/jill-api-0.10.0.jar
7f9d53975000-7f9d53983000 r--s 00081000 08:02 15749855                   /home/ivan/android-studio/gradle/m2repository/org/bouncycastle/bcpkix-jdk15on/1.48/bcpkix-jdk15on-1.48.jar
7f9d53983000-7f9d53985000 r--s 00003000 08:02 17827289                   /home/ivan/android-studio/gradle/m2repository/com/android/tools/jack/jack-api/0.10.0/jack-api-0.10.0.jar
7f9d53985000-7f9d53988000 r--s 00028000 08:02 17957074                   /home/ivan/android-studio/gradle/m2repository/com/android/tools/build/manifest-merger/25.1.0/manifest-merger-25.1.0.jar
7f9d53988000-7f9d53990000 r--s 0007c000 08:02 17956938                   /home/ivan/android-studio/gradle/m2repository/com/android/tools/sdk-common/25.1.0/sdk-common-25.1.0.jar
7f9d53990000-7f9d53991000 r--s 00002000 08:02 17957040                   /home/ivan/android-studio/gradle/m2repository/com/android/tools/build/builder-test-api/2.1.0/builder-test-api-2.1.0.jar
7f9d53991000-7f9d53993000 r--s 00002000 08:02 17827254                   /home/ivan/android-studio/gradle/m2repository/com/squareup/javawriter/2.5.0/javawriter-2.5.0.jar
7f9d53993000-7f9d5399b000 r--s 00078000 08:02 17957101                   /home/ivan/android-studio/gradle/m2repository/com/android/tools/sdklib/25.1.0/sdklib-25.1.0.jar
7f9d5399b000-7f9d539ce000 r--s 00203000 08:02 16007875                   /home/ivan/android-studio/gradle/m2repository/org/bouncycastle/bcprov-jdk15on/1.48/bcprov-jdk15on-1.48.jar
7f9d539ce000-7f9d539d4000 r--s 0004a000 08:02 17957017                   /home/ivan/android-studio/gradle/m2repository/com/android/tools/ddms/ddmlib/25.1.0/ddmlib-25.1.0.jar
7f9d539d4000-7f9d539e4000 r--s 000d6000 08:02 17957151                   /home/ivan/android-studio/gradle/m2repository/net/sf/proguard/proguard-base/5.2.1/proguard-base-5.2.1.jar
7f9d539e4000-7f9d539ee000 r--s 00099000 08:02 17827234                   /home/ivan/android-studio/gradle/m2repository/com/tunnelvisionlabs/antlr4/4.5/antlr4-4.5.jar
7f9d539ee000-7f9d53a00000 r--s 00223000 08:02 12849419                   /home/ivan/android-studio/gradle/m2repository/org/eclipse/jdt/core/compiler/ecj/4.4.2/ecj-4.4.2.jar
7f9d53a00000-7f9d53c00000 rw-p 00000000 00:00 0 
7f9d53c00000-7f9d53e00000 rw-p 00000000 00:00 0 
7f9d53e00000-7f9d54000000 rw-p 00000000 00:00 0 
7f9d54000000-7f9d54021000 rw-p 00000000 00:00 0 
7f9d54021000-7f9d58000000 ---p 00000000 00:00 0 
7f9d58000000-7f9d58021000 rw-p 00000000 00:00 0 
7f9d58021000-7f9d5c000000 ---p 00000000 00:00 0 
7f9d5c000000-7f9d5c021000 rw-p 00000000 00:00 0 
7f9d5c021000-7f9d60000000 ---p 00000000 00:00 0 
7f9d60000000-7f9d60fb2000 rw-p 00000000 00:00 0 
7f9d60fb2000-7f9d64000000 ---p 00000000 00:00 0 
7f9d64000000-7f9d64039000 rw-p 00000000 00:00 0 
7f9d64039000-7f9d68000000 ---p 00000000 00:00 0 
7f9d68000000-7f9d68673000 rw-p 00000000 00:00 0 
7f9d68673000-7f9d6c000000 ---p 00000000 00:00 0 
7f9d6c000000-7f9d6c021000 rw-p 00000000 00:00 0 
7f9d6c021000-7f9d70000000 ---p 00000000 00:00 0 
7f9d70000000-7f9d70084000 rw-p 00000000 00:00 0 
7f9d70084000-7f9d74000000 ---p 00000000 00:00 0 
7f9d74000000-7f9d7508b000 rw-p 00000000 00:00 0 
7f9d7508b000-7f9d78000000 ---p 00000000 00:00 0 
7f9d78000000-7f9d78021000 rw-p 00000000 00:00 0 
7f9d78021000-7f9d7c000000 ---p 00000000 00:00 0 
7f9d7c000000-7f9d7d48d000 rw-p 00000000 00:00 0 
7f9d7d48d000-7f9d80000000 ---p 00000000 00:00 0 
7f9d80000000-7f9d82a1f000 rw-p 00000000 00:00 0 
7f9d82a1f000-7f9d84000000 ---p 00000000 00:00 0 
7f9d84000000-7f9d84021000 rw-p 00000000 00:00 0 
7f9d84021000-7f9d88000000 ---p 00000000 00:00 0 
7f9d88000000-7f9d88021000 rw-p 00000000 00:00 0 
7f9d88021000-7f9d8c000000 ---p 00000000 00:00 0 
7f9d8c000000-7f9d8c1dd000 rw-p 00000000 00:00 0 
7f9d8c1dd000-7f9d90000000 ---p 00000000 00:00 0 
7f9d90000000-7f9d90021000 rw-p 00000000 00:00 0 
7f9d90021000-7f9d94000000 ---p 00000000 00:00 0 
7f9d94000000-7f9d94021000 rw-p 00000000 00:00 0 
7f9d94021000-7f9d98000000 ---p 00000000 00:00 0 
7f9d98000000-7f9d98029000 rw-p 00000000 00:00 0 
7f9d98029000-7f9d9c000000 ---p 00000000 00:00 0 
7f9d9c000000-7f9d9c021000 rw-p 00000000 00:00 0 
7f9d9c021000-7f9da0000000 ---p 00000000 00:00 0 
7f9da0000000-7f9da0002000 r--s 00018000 08:02 17956963                   /home/ivan/android-studio/gradle/m2repository/com/android/tools/common/25.1.0/common-25.1.0.jar
7f9da0002000-7f9da0004000 r--s 00005000 08:02 17957032                   /home/ivan/android-studio/gradle/m2repository/com/android/tools/build/builder-model/2.1.0/builder-model-2.1.0.jar
7f9da0004000-7f9da0005000 r--s 00002000 08:02 18089045                   /home/ivan/android-studio/gradle/m2repository/com/android/databinding/baseLibrary/2.1.0/baseLibrary-2.1.0.jar
7f9da0005000-7f9da0009000 r--s 0002a000 08:02 12715108                   /home/ivan/android-studio/gradle/m2repository/commons-io/commons-io/2.4/commons-io-2.4.jar
7f9da0009000-7f9da000c000 r--s 00033000 08:02 17827247                   /home/ivan/android-studio/gradle/m2repository/com/googlecode/juniversalchardet/juniversalchardet/1.0.3/juniversalchardet-1.0.3.jar
7f9da000c000-7f9da0013000 r--s 000be000 08:02 17956872                   /home/ivan/android-studio/gradle/m2repository/com/android/tools/lint/lint-checks/25.1.0/lint-checks-25.1.0.jar
7f9da0013000-7f9da0014000 r--s 00001000 08:02 17956914                   /home/ivan/android-studio/gradle/m2repository/com/android/tools/annotations/25.1.0/annotations-25.1.0.jar
7f9da0014000-7f9da003f000 r--s 001f9000 08:02 17827272                   /home/ivan/android-studio/gradle/m2repository/com/google/guava/guava/17.0/guava-17.0.jar
7f9da003f000-7f9da0041000 r--s 00006000 08:02 17827205                   /home/ivan/android-studio/gradle/m2repository/org/ow2/asm/asm-tree/5.0.3/asm-tree-5.0.3.jar
7f9da0041000-7f9da0046000 r--s 00058000 08:02 17827194                   /home/ivan/android-studio/gradle/m2repository/org/ow2/asm/asm-debug-all/5.0.1/asm-debug-all-5.0.1.jar
7f9da0046000-7f9da0059000 r--s 00130000 08:02 17957025                   /home/ivan/android-studio/gradle/m2repository/com/android/tools/build/builder/2.1.0/builder-2.1.0.jar
7f9da0059000-7f9da005a000 r--s 00000000 08:02 17957069                   /home/ivan/android-studio/gradle/m2repository/com/android/tools/build/transform-api/2.0.0-deprecated-use-gradle-api/transform-api-2.0.0-deprecated-use-gradle-api.jar
7f9da005a000-7f9da005b000 r--s 00002000 08:02 17957162                   /home/ivan/android-studio/gradle/m2repository/net/sf/proguard/proguard-gradle/5.2.1/proguard-gradle-5.2.1.jar
7f9da005b000-7f9da005c000 r--s 0000c000 08:02 17827187                   /home/ivan/android-studio/gradle/m2repository/org/ow2/asm/asm/5.0.3/asm-5.0.3.jar
7f9da005c000-7f9da0060000 r--s 0002b000 08:02 18089042                   /home/ivan/android-studio/gradle/m2repository/com/android/databinding/compilerCommon/2.1.0/compilerCommon-2.1.0.jar
7f9da0060000-7f9da0062000 r--s 00023000 08:02 17827301                   /home/ivan/android-studio/gradle/m2repository/com/android/tools/lint/lint/25.1.0/lint-25.1.0.jar
7f9da0062000-7f9da0063000 r--s 00002000 08:02 17957077                   /home/ivan/android-studio/gradle/m2repository/com/android/tools/build/gradle-api/2.1.0/gradle-api-2.1.0.jar
7f9da0063000-7f9da0065000 r--s 00009000 08:02 17827218                   /home/ivan/android-studio/gradle/m2repository/org/ow2/asm/asm-commons/5.0.3/asm-commons-5.0.3.jar
7f9da0065000-7f9da0069000 r--s 0001e000 08:02 12979633                   /home/ivan/android-studio/gradle/m2repository/org/jacoco/org.jacoco.core/0.7.4.201502262128/org.jacoco.core-0.7.4.201502262128.jar
7f9da0069000-7f9da0086000 r--s 0017b000 08:02 17957054                   /home/ivan/android-studio/gradle/m2repository/com/android/tools/build/gradle-core/2.1.0/gradle-core-2.1.0.jar
7f9da0086000-7f9da0087000 r--s 00004000 08:02 8257599                    /home/ivan/.gradle/caches/modules-2/files-2.1/com.google.gms/google-services/2.0.0-alpha6/544d625fdb6cf2e6860f844ab6950c75108d510b/google-services-2.0.0-alpha6.jar
7f9da0087000-7f9da0089000 r--s 0000c000 08:02 17957049                   /home/ivan/android-studio/gradle/m2repository/com/android/tools/build/gradle/2.1.0/gradle-2.1.0.jar
7f9da0089000-7f9da008c000 ---p 00000000 00:00 0 
7f9da008c000-7f9da018a000 rw-p 00000000 00:00 0 
7f9da018a000-7f9da018d000 ---p 00000000 00:00 0 
7f9da018d000-7f9da01c3000 rw-p 00000000 00:00 0 
7f9da01c3000-7f9da01c4000 r--p 00000000 00:00 0 
7f9da01c4000-7f9da03c4000 rw-p 00000000 00:00 0 
7f9da03c4000-7f9da05c4000 rw-p 00000000 00:00 0 
7f9da05c4000-7f9da07c4000 rw-p 00000000 00:00 0 
7f9da07c4000-7f9da083c000 r--s 010e5000 08:02 14554394                   /usr/lib/jvm/java-8-oracle/lib/tools.jar
7f9da083c000-7f9da0a3c000 rw-p 00000000 00:00 0 
7f9da0a3c000-7f9da0a3f000 ---p 00000000 00:00 0 
7f9da0a3f000-7f9da0b3d000 rw-p 00000000 00:00 0 
7f9da0b3d000-7f9da0b44000 r--s 00000000 08:02 14682801                   /usr/lib/x86_64-linux-gnu/gconv/gconv-modules.cache
7f9da0b44000-7f9da0b47000 ---p 00000000 00:00 0 
7f9da0b47000-7f9da0c45000 rw-p 00000000 00:00 0 
7f9da0c45000-7f9da0c48000 ---p 00000000 00:00 0 
7f9da0c48000-7f9da0d46000 rw-p 00000000 00:00 0 
7f9da0d46000-7f9da0d49000 ---p 00000000 00:00 0 
7f9da0d49000-7f9da0e47000 rw-p 00000000 00:00 0 
7f9da0e47000-7f9da0e4a000 ---p 00000000 00:00 0 
7f9da0e4a000-7f9da1148000 rw-p 00000000 00:00 0 
7f9da1148000-7f9da114b000 ---p 00000000 00:00 0 
7f9da114b000-7f9da1249000 rw-p 00000000 00:00 0 
7f9da1249000-7f9da124d000 r--s 00097000 08:02 15077037                   /usr/lib/jvm/java-8-oracle/jre/lib/jsse.jar
7f9da124d000-7f9da124f000 r--s 00005000 08:02 12584106                   /home/ivan/.gradle/wrapper/dists/gradle-2.10-all/a4w5fzrkeut1ox71xslb49gst/gradle-2.10/lib/plugins/gradle-tooling-api-builders-2.10.jar
7f9da124f000-7f9da125f000 r--s 00088000 08:02 12584138                   /home/ivan/.gradle/wrapper/dists/gradle-2.10-all/a4w5fzrkeut1ox71xslb49gst/gradle-2.10/lib/plugins/joda-time-2.8.2.jar
7f9da125f000-7f9da1270000 r--s 000cf000 08:02 12584137                   /home/ivan/.gradle/wrapper/dists/gradle-2.10-all/a4w5fzrkeut1ox71xslb49gst/gradle-2.10/lib/plugins/jackson-databind-2.3.2.jar
7f9da1270000-7f9da1272000 r--s 00007000 08:02 12584136                   /home/ivan/.gradle/wrapper/dists/gradle-2.10-all/a4w5fzrkeut1ox71xslb49gst/gradle-2.10/lib/plugins/jackson-annotations-2.3.2.jar
7f9da1272000-7f9da1275000 r--s 0002e000 08:02 12584135                   /home/ivan/.gradle/wrapper/dists/gradle-2.10-all/a4w5fzrkeut1ox71xslb49gst/gradle-2.10/lib/plugins/jackson-core-2.3.2.jar
7f9da1275000-7f9da1280000 r--s 0006b000 08:02 12584134                   /home/ivan/.gradle/wrapper/dists/gradle-2.10-all/a4w5fzrkeut1ox71xslb49gst/gradle-2.10/lib/plugins/aws-java-sdk-core-1.9.19.jar
7f9da1280000-7f9da1286000 r--s 00036000 08:02 12584133                   /home/ivan/.gradle/wrapper/dists/gradle-2.10-all/a4w5fzrkeut1ox71xslb49gst/gradle-2.10/lib/plugins/aws-java-sdk-kms-1.9.19.jar
7f9da1286000-7f9da1291000 r--s 00079000 08:02 12584132                   /home/ivan/.gradle/wrapper/dists/gradle-2.10-all/a4w5fzrkeut1ox71xslb49gst/gradle-2.10/lib/plugins/aws-java-sdk-s3-1.9.19.jar
7f9da1291000-7f9da1292000 r--s 00003000 08:02 12584105                   /home/ivan/.gradle/wrapper/dists/gradle-2.10-all/a4w5fzrkeut1ox71xslb49gst/gradle-2.10/lib/plugins/gradle-resources-s3-2.10.jar
7f9da1292000-7f9da1293000 r--s 00004000 08:02 12584104                   /home/ivan/.gradle/wrapper/dists/gradle-2.10-all/a4w5fzrkeut1ox71xslb49gst/gradle-2.10/lib/plugins/gradle-resources-sftp-2.10.jar
7f9da1293000-7f9da1294000 r--s 00001000 08:02 12584101                   /home/ivan/.gradle/wrapper/dists/gradle-2.10-all/a4w5fzrkeut1ox71xslb49gst/gradle-2.10/lib/plugins/gradle-plugin-development-2.10.jar
7f9da1294000-7f9da1296000 r--s 00005000 08:02 12584100                   /home/ivan/.gradle/wrapper/dists/gradle-2.10-all/a4w5fzrkeut1ox71xslb49gst/gradle-2.10/lib/plugins/gradle-testing-native-2.10.jar
7f9da1296000-7f9da129b000 r--s 0002b000 08:02 12584099                   /home/ivan/.gradle/wrapper/dists/gradle-2.10-all/a4w5fzrkeut1ox71xslb49gst/gradle-2.10/lib/plugins/gradle-ide-native-2.10.jar
7f9da129b000-7f9da12a0000 r--s 0001a000 08:02 12584098                   /home/ivan/.gradle/wrapper/dists/gradle-2.10-all/a4w5fzrkeut1ox71xslb49gst/gradle-2.10/lib/plugins/gradle-language-native-2.10.jar
7f9da12a0000-7f9da12a5000 r--s 00028000 08:02 12584097                   /home/ivan/.gradle/wrapper/dists/gradle-2.10-all/a4w5fzrkeut1ox71xslb49gst/gradle-2.10/lib/plugins/gradle-platform-play-2.10.jar
7f9da12a5000-7f9da12b2000 r--s 0004f000 08:02 12584096                   /home/ivan/.gradle/wrapper/dists/gradle-2.10-all/a4w5fzrkeut1ox71xslb49gst/gradle-2.10/lib/plugins/gradle-platform-native-2.10.jar
7f9da12b2000-7f9da12b5000 r--s 00008000 08:02 12584095                   /home/ivan/.gradle/wrapper/dists/gradle-2.10-all/a4w5fzrkeut1ox71xslb49gst/gradle-2.10/lib/plugins/gradle-language-scala-2.10.jar
7f9da12b5000-7f9da12b7000 r--s 00009000 08:02 12584094                   /home/ivan/.gradle/wrapper/dists/gradle-2.10-all/a4w5fzrkeut1ox71xslb49gst/gradle-2.10/lib/plugins/gradle-language-groovy-2.10.jar
7f9da12b7000-7f9da12bd000 r--s 00023000 08:02 12584093                   /home/ivan/.gradle/wrapper/dists/gradle-2.10-all/a4w5fzrkeut1ox71xslb49gst/gradle-2.10/lib/plugins/gradle-language-java-2.10.jar
7f9da12bd000-7f9da12bf000 r--s 00008000 08:02 12584092                   /home/ivan/.gradle/wrapper/dists/gradle-2.10-all/a4w5fzrkeut1ox71xslb49gst/gradle-2.10/lib/plugins/gradle-language-jvm-2.10.jar
7f9da12bf000-7f9da12c2000 r--s 00015000 08:02 12584091                   /home/ivan/.gradle/wrapper/dists/gradle-2.10-all/a4w5fzrkeut1ox71xslb49gst/gradle-2.10/lib/plugins/gradle-platform-jvm-2.10.jar
7f9da12c2000-7f9da12ca000 r--s 0002b000 08:02 12584090                   /home/ivan/.gradle/wrapper/dists/gradle-2.10-all/a4w5fzrkeut1ox71xslb49gst/gradle-2.10/lib/plugins/gradle-platform-base-2.10.jar
7f9da12ca000-7f9da12ce000 r--s 00020000 08:02 12584089                   /home/ivan/.gradle/wrapper/dists/gradle-2.10-all/a4w5fzrkeut1ox71xslb49gst/gradle-2.10/lib/plugins/gradle-build-init-2.10.jar
7f9da12ce000-7f9da12d1000 r--s 00017000 08:02 12584088                   /home/ivan/.gradle/wrapper/dists/gradle-2.10-all/a4w5fzrkeut1ox71xslb49gst/gradle-2.10/lib/plugins/gradle-jacoco-2.10.jar
7f9da12d1000-7f9da12d4000 r--s 0000e000 08:02 12584087                   /home/ivan/.gradle/wrapper/dists/gradle-2.10-all/a4w5fzrkeut1ox71xslb49gst/gradle-2.10/lib/plugins/gradle-ivy-2.10.jar
7f9da12d4000-7f9da12d6000 r--s 00002000 08:02 12584086                   /home/ivan/.gradle/wrapper/dists/gradle-2.10-all/a4w5fzrkeut1ox71xslb49gst/gradle-2.10/lib/plugins/gradle-publish-2.10.jar
7f9da12d6000-7f9da12d8000 r--s 00005000 08:02 12584128                   /home/ivan/.gradle/wrapper/dists/gradle-2.10-all/a4w5fzrkeut1ox71xslb49gst/gradle-2.10/lib/plugins/jatl-0.2.2.jar
7f9da12d8000-7f9da12da000 r--s 0000f000 08:02 12584085                   /home/ivan/.gradle/wrapper/dists/gradle-2.10-all/a4w5fzrkeut1ox71xslb49gst/gradle-2.10/lib/plugins/gradle-reporting-2.10.jar
7f9da12da000-7f9da12e0000 r--s 00036000 08:02 12584084                   /home/ivan/.gradle/wrapper/dists/gradle-2.10-all/a4w5fzrkeut1ox71xslb49gst/gradle-2.10/lib/plugins/gradle-diagnostics-2.10.jar
7f9da12e0000-7f9da12e7000 r--s 0008f000 08:02 12584083                   /home/ivan/.gradle/wrapper/dists/gradle-2.10-all/a4w5fzrkeut1ox71xslb49gst/gradle-2.10/lib/plugins/gradle-build-comparison-2.10.jar
7f9da12e7000-7f9da12ee000 r--s 00035000 08:02 12584127                   /home/ivan/.gradle/wrapper/dists/gradle-2.10-all/a4w5fzrkeut1ox71xslb49gst/gradle-2.10/lib/plugins/simple-4.1.21.jar
7f9da12ee000-7f9da12fa000 r--s 00100000 08:02 12584125                   /home/ivan/.gradle/wrapper/dists/gradle-2.10-all/a4w5fzrkeut1ox71xslb49gst/gradle-2.10/lib/plugins/rhino-1.7R3.jar
7f9da12fa000-7f9da12fe000 r--s 0001c000 08:02 12584082                   /home/ivan/.gradle/wrapper/dists/gradle-2.10-all/a4w5fzrkeut1ox71xslb49gst/gradle-2.10/lib/plugins/gradle-javascript-2.10.jar
7f9da12fe000-7f9da1300000 r--s 0000b000 08:02 12584081                   /home/ivan/.gradle/wrapper/dists/gradle-2.10-all/a4w5fzrkeut1ox71xslb49gst/gradle-2.10/lib/plugins/gradle-ear-2.10.jar
7f9da1300000-7f9da1307000 r--s 00038000 08:02 12584124                   /home/ivan/.gradle/wrapper/dists/gradle-2.10-all/a4w5fzrkeut1ox71xslb49gst/gradle-2.10/lib/plugins/bcpg-jdk15on-1.51.jar
7f9da1307000-7f9da1309000 r--s 00017000 08:02 12584080                   /home/ivan/.gradle/wrapper/dists/gradle-2.10-all/a4w5fzrkeut1ox71xslb49gst/gradle-2.10/lib/plugins/gradle-signing-2.10.jar
7f9da1309000-7f9da130a000 r--s 00002000 08:02 12584123                   /home/ivan/.gradle/wrapper/dists/gradle-2.10-all/a4w5fzrkeut1ox71xslb49gst/gradle-2.10/lib/plugins/sonar-batch-bootstrapper-2.9.jar
7f9da130a000-7f9da130d000 r--s 00015000 08:02 12584079                   /home/ivan/.gradle/wrapper/dists/gradle-2.10-all/a4w5fzrkeut1ox71xslb49gst/gradle-2.10/lib/plugins/gradle-sonar-2.10.jar
7f9da130d000-7f9da1310000 r--s 00010000 08:02 12584078                   /home/ivan/.gradle/wrapper/dists/gradle-2.10-all/a4w5fzrkeut1ox71xslb49gst/gradle-2.10/lib/plugins/gradle-scala-2.10.jar
7f9da1310000-7f9da1312000 r--s 0000a000 08:02 12584077                   /home/ivan/.gradle/wrapper/dists/gradle-2.10-all/a4w5fzrkeut1ox71xslb49gst/gradle-2.10/lib/plugins/gradle-announce-2.10.jar
7f9da1312000-7f9da1321000 r--s 0009f000 08:02 12584076                   /home/ivan/.gradle/wrapper/dists/gradle-2.10-all/a4w5fzrkeut1ox71xslb49gst/gradle-2.10/lib/plugins/gradle-ide-2.10.jar
7f9da1321000-7f9da1324000 r--s 0000c000 08:02 12584122                   /home/ivan/.gradle/wrapper/dists/gradle-2.10-all/a4w5fzrkeut1ox71xslb49gst/gradle-2.10/lib/plugins/pmaven-groovy-0.8-20100325.jar
7f9da1324000-7f9da1325000 r--s 00004000 08:02 12584121                   /home/ivan/.gradle/wrapper/dists/gradle-2.10-all/a4w5fzrkeut1ox71xslb49gst/gradle-2.10/lib/plugins/pmaven-common-0.8-20100325.jar
7f9da1325000-7f9da132b000 r--s 00022000 08:02 12584075                   /home/ivan/.gradle/wrapper/dists/gradle-2.10-all/a4w5fzrkeut1ox71xslb49gst/gradle-2.10/lib/plugins/gradle-maven-2.10.jar
7f9da132b000-7f9da134c000 r--s 001c3000 08:02 12584119                   /home/ivan/.gradle/wrapper/dists/gradle-2.10-all/a4w5fzrkeut1ox71xslb49gst/gradle-2.10/lib/plugins/bndlib-2.4.0.jar
7f9da134c000-7f9da134e000 r--s 00004000 08:02 12584074                   /home/ivan/.gradle/wrapper/dists/gradle-2.10-all/a4w5fzrkeut1ox71xslb49gst/gradle-2.10/lib/plugins/gradle-osgi-2.10.jar
7f9da134e000-7f9da1350000 r--s 00008000 08:02 12584073                   /home/ivan/.gradle/wrapper/dists/gradle-2.10-all/a4w5fzrkeut1ox71xslb49gst/gradle-2.10/lib/plugins/gradle-antlr-2.10.jar
7f9da1350000-7f9da1353000 r--s 0001e000 08:02 12584147                   /home/ivan/.gradle/wrapper/dists/gradle-2.10-all/a4w5fzrkeut1ox71xslb49gst/gradle-2.10/lib/plugins/jsp-api-2.1-6.1.14.jar
7f9da1353000-7f9da1376000 r--s 00344000 08:02 12584146                   /home/ivan/.gradle/wrapper/dists/gradle-2.10-all/a4w5fzrkeut1ox71xslb49gst/gradle-2.10/lib/plugins/core-3.1.1.jar
7f9da1376000-7f9da1377000 r--s 00006000 08:02 12584145                   /home/ivan/.gradle/wrapper/dists/gradle-2.10-all/a4w5fzrkeut1ox71xslb49gst/gradle-2.10/lib/plugins/jetty-naming-6.1.25.jar
7f9da1377000-7f9da1378000 r--s 00002000 08:02 12584118                   /home/ivan/.gradle/wrapper/dists/gradle-2.10-all/a4w5fzrkeut1ox71xslb49gst/gradle-2.10/lib/plugins/geronimo-annotation_1.0_spec-1.0.jar
7f9da1378000-7f9da137a000 r--s 00002000 08:02 12584117                   /home/ivan/.gradle/wrapper/dists/gradle-2.10-all/a4w5fzrkeut1ox71xslb49gst/gradle-2.10/lib/plugins/jetty-annotations-6.1.25.jar
7f9da137a000-7f9da138b000 r--s 000ea000 08:02 12584116                   /home/ivan/.gradle/wrapper/dists/gradle-2.10-all/a4w5fzrkeut1ox71xslb49gst/gradle-2.10/lib/plugins/jsp-2.1-6.1.14.jar
7f9da138b000-7f9da138d000 r--s 0000d000 08:02 12584115                   /home/ivan/.gradle/wrapper/dists/gradle-2.10-all/a4w5fzrkeut1ox71xslb49gst/gradle-2.10/lib/plugins/jetty-plus-6.1.25.jar
7f9da138d000-7f9da138f000 r--s 0001f000 08:02 12584114                   /home/ivan/.gradle/wrapper/dists/gradle-2.10-all/a4w5fzrkeut1ox71xslb49gst/gradle-2.10/lib/plugins/servlet-api-2.5-20081211.jar
7f9da138f000-7f9da1393000 r--s 00028000 08:02 12584113                   /home/ivan/.gradle/wrapper/dists/gradle-2.10-all/a4w5fzrkeut1ox71xslb49gst/gradle-2.10/lib/plugins/jetty-util-6.1.25.jar
7f9da1393000-7f9da139a000 r--s 0007d000 08:02 12584112                   /home/ivan/.gradle/wrapper/dists/gradle-2.10-all/a4w5fzrkeut1ox71xslb49gst/gradle-2.10/lib/plugins/jetty-6.1.25.jar
7f9da139a000-7f9da139c000 r--s 00009000 08:02 12584072                   /home/ivan/.gradle/wrapper/dists/gradle-2.10-all/a4w5fzrkeut1ox71xslb49gst/gradle-2.10/lib/plugins/gradle-jetty-2.10.jar
7f9da139c000-7f9da13a2000 r--s 00037000 08:02 12584071                   /home/ivan/.gradle/wrapper/dists/gradle-2.10-all/a4w5fzrkeut1ox71xslb49gst/gradle-2.10/lib/plugins/gradle-code-quality-2.10.jar
7f9da13a2000-7f9da13a4000 r--s 00009000 08:02 12584177                   /home/ivan/.gradle/wrapper/dists/gradle-2.10-all/a4w5fzrkeut1ox71xslb49gst/gradle-2.10/lib/plugins/hamcrest-core-1.3.jar
7f9da13a4000-7f9da13aa000 r--s 00033000 08:02 12584144                   /home/ivan/.gradle/wrapper/dists/gradle-2.10-all/a4w5fzrkeut1ox71xslb49gst/gradle-2.10/lib/plugins/snakeyaml-1.6.jar
7f9da13aa000-7f9da13ac000 r--s 00006000 08:02 12584143                   /home/ivan/.gradle/wrapper/dists/gradle-2.10-all/a4w5fzrkeut1ox71xslb49gst/gradle-2.10/lib/plugins/jcommander-1.12.jar
7f9da13ac000-7f9da13b1000 r--s 00040000 08:02 12584142                   /home/ivan/.gradle/wrapper/dists/gradle-2.10-all/a4w5fzrkeut1ox71xslb49gst/gradle-2.10/lib/plugins/bsh-2.0b4.jar
7f9da13b1000-7f9da13b3000 r--s 00009000 08:02 12584111                   /home/ivan/.gradle/wrapper/dists/gradle-2.10-all/a4w5fzrkeut1ox71xslb49gst/gradle-2.10/lib/plugins/commons-cli-1.2.jar
7f9da13b3000-7f9da13bc000 r--s 00089000 08:02 12584110                   /home/ivan/.gradle/wrapper/dists/gradle-2.10-all/a4w5fzrkeut1ox71xslb49gst/gradle-2.10/lib/plugins/testng-6.3.1.jar
7f9da13bc000-7f9da13c4000 r--s 00045000 08:02 12584109                   /home/ivan/.gradle/wrapper/dists/gradle-2.10-all/a4w5fzrkeut1ox71xslb49gst/gradle-2.10/lib/plugins/junit-4.12.jar
7f9da13c4000-7f9da13d1000 r--s 00073000 08:02 12584070                   /home/ivan/.gradle/wrapper/dists/gradle-2.10-all/a4w5fzrkeut1ox71xslb49gst/gradle-2.10/lib/plugins/gradle-plugins-2.10.jar
7f9da13d1000-7f9da13e9000 r--s 00115000 08:02 12584175                   /home/ivan/.gradle/wrapper/dists/gradle-2.10-all/a4w5fzrkeut1ox71xslb49gst/gradle-2.10/lib/plugins/xercesImpl-2.9.1.jar
7f9da13e9000-7f9da13f1000 r--s 00028000 08:02 12584176                   /home/ivan/.gradle/wrapper/dists/gradle-2.10-all/a4w5fzrkeut1ox71xslb49gst/gradle-2.10/lib/plugins/xml-apis-1.3.04.jar
7f9da13f1000-7f9da13f7000 r--s 0005b000 08:02 12584174                   /home/ivan/.gradle/wrapper/dists/gradle-2.10-all/a4w5fzrkeut1ox71xslb49gst/gradle-2.10/lib/plugins/jcifs-1.3.17.jar
7f9da13f7000-7f9da13fd000 r--s 00031000 08:02 12584173                   /home/ivan/.gradle/wrapper/dists/gradle-2.10-all/a4w5fzrkeut1ox71xslb49gst/gradle-2.10/lib/plugins/httpcore-4.2.2.jar
7f9da13fd000-7f9da1403000 r--s 00033000 08:02 12584172                   /home/ivan/.gradle/wrapper/dists/gradle-2.10-all/a4w5fzrkeut1ox71xslb49gst/gradle-2.10/lib/plugins/commons-codec-1.6.jar
7f9da1403000-7f9da1406000 r--s 0001c000 08:02 12584130                   /home/ivan/.gradle/wrapper/dists/gradle-2.10-all/a4w5fzrkeut1ox71xslb49gst/gradle-2.10/lib/plugins/nekohtml-1.9.14.jar
7f9da1406000-7f9da140f000 r--s 00060000 08:02 12584129                   /home/ivan/.gradle/wrapper/dists/gradle-2.10-all/a4w5fzrkeut1ox71xslb49gst/gradle-2.10/lib/plugins/httpclient-4.2.2.jar
7f9da140f000-7f9da1411000 r--s 00009000 08:02 12584103                   /home/ivan/.gradle/wrapper/dists/gradle-2.10-all/a4w5fzrkeut1ox71xslb49gst/gradle-2.10/lib/plugins/gradle-resources-http-2.10.jar
7f9da1411000-7f9da1414000 r--s 00011000 08:02 12584102                   /home/ivan/.gradle/wrapper/dists/gradle-2.10-all/a4w5fzrkeut1ox71xslb49gst/gradle-2.10/lib/plugins/gradle-plugin-use-2.10.jar
7f9da1414000-7f9da1415000 r--s 00007000 08:02 12584171                   /home/ivan/.gradle/wrapper/dists/gradle-2.10-all/a4w5fzrkeut1ox71xslb49gst/gradle-2.10/lib/plugins/wagon-http-shared4-2.4.jar
7f9da1415000-7f9da1419000 r--s 00033000 08:02 12584170                   /home/ivan/.gradle/wrapper/dists/gradle-2.10-all/a4w5fzrkeut1ox71xslb49gst/gradle-2.10/lib/plugins/plexus-utils-2.0.6.jar
7f9da1419000-7f9da141d000 r--s 00021000 08:02 12584169                   /home/ivan/.gradle/wrapper/dists/gradle-2.10-all/a4w5fzrkeut1ox71xslb49gst/gradle-2.10/lib/plugins/maven-model-builder-3.0.4.jar
7f9da141d000-7f9da141e000 r--s 00002000 08:02 12584168                   /home/ivan/.gradle/wrapper/dists/gradle-2.10-all/a4w5fzrkeut1ox71xslb49gst/gradle-2.10/lib/plugins/wagon-file-2.4.jar
7f9da141e000-7f9da1420000 r--s 00002000 08:02 12584167                   /home/ivan/.gradle/wrapper/dists/gradle-2.10-all/a4w5fzrkeut1ox71xslb49gst/gradle-2.10/lib/plugins/plexus-cipher-1.7.jar
7f9da1420000-7f9da1423000 r--s 00013000 08:02 12584166                   /home/ivan/.gradle/wrapper/dists/gradle-2.10-all/a4w5fzrkeut1ox71xslb49gst/gradle-2.10/lib/plugins/aether-api-1.13.1.jar
7f9da1423000-7f9da1425000 r--s 0000a000 08:02 12584165                   /home/ivan/.gradle/wrapper/dists/gradle-2.10-all/a4w5fzrkeut1ox71xslb49gst/gradle-2.10/lib/plugins/maven-settings-3.0.4.jar
7f9da1425000-7f9da1427000 r--s 0000d000 08:02 12584164                   /home/ivan/.gradle/wrapper/dists/gradle-2.10-all/a4w5fzrkeut1ox71xslb49gst/gradle-2.10/lib/plugins/plexus-interpolation-1.14.jar
7f9da1427000-7f9da1429000 r--s 0000b000 08:02 12584163                   /home/ivan/.gradle/wrapper/dists/gradle-2.10-all/a4w5fzrkeut1ox71xslb49gst/gradle-2.10/lib/plugins/maven-artifact-3.0.4.jar
7f9da1429000-7f9da1430000 r--s 0002e000 08:02 12584162                   /home/ivan/.gradle/wrapper/dists/gradle-2.10-all/a4w5fzrkeut1ox71xslb49gst/gradle-2.10/lib/plugins/plexus-container-default-1.5.5.jar
7f9da1430000-7f9da1432000 r--s 0000b000 08:02 12584161                   /home/ivan/.gradle/wrapper/dists/gradle-2.10-all/a4w5fzrkeut1ox71xslb49gst/gradle-2.10/lib/plugins/maven-plugin-api-3.0.4.jar
7f9da1432000-7f9da1434000 r--s 00000000 08:02 12584178                   /home/ivan/.gradle/wrapper/dists/gradle-2.10-all/a4w5fzrkeut1ox71xslb49gst/gradle-2.10/lib/plugins/plexus-component-annotations-1.5.5.jar
7f9da1434000-7f9da143a000 r--s 0003f000 08:02 12584160                   /home/ivan/.gradle/wrapper/dists/gradle-2.10-all/a4w5fzrkeut1ox71xslb49gst/gradle-2.10/lib/plugins/maven-compat-3.0.4.jar
7f9da143a000-7f9da143d000 r--s 00008000 08:02 12584159                   /home/ivan/.gradle/wrapper/dists/gradle-2.10-all/a4w5fzrkeut1ox71xslb49gst/gradle-2.10/lib/plugins/maven-settings-builder-3.0.4.jar
7f9da143d000-7f9da143e000 r--s 00002000 08:02 12584158                   /home/ivan/.gradle/wrapper/dists/gradle-2.10-all/a4w5fzrkeut1ox71xslb49gst/gradle-2.10/lib/plugins/wagon-http-2.4.jar
7f9da143e000-7f9da1440000 r--s 00026000 08:02 12584157                   /home/ivan/.gradle/wrapper/dists/gradle-2.10-all/a4w5fzrkeut1ox71xslb49gst/gradle-2.10/lib/plugins/maven-model-3.0.4.jar
7f9da1440000-7f9da1442000 r--s 00006000 08:02 12584156                   /home/ivan/.gradle/wrapper/dists/gradle-2.10-all/a4w5fzrkeut1ox71xslb49gst/gradle-2.10/lib/plugins/aether-connector-wagon-1.13.1.jar
7f9da1442000-7f9da1444000 r--s 0000a000 08:02 12584155                   /home/ivan/.gradle/wrapper/dists/gradle-2.10-all/a4w5fzrkeut1ox71xslb49gst/gradle-2.10/lib/plugins/plexus-classworlds-2.4.jar
7f9da1444000-7f9da1446000 r--s 00006000 08:02 12584154                   /home/ivan/.gradle/wrapper/dists/gradle-2.10-all/a4w5fzrkeut1ox71xslb49gst/gradle-2.10/lib/plugins/maven-repository-metadata-3.0.4.jar
7f9da1446000-7f9da1448000 r--s 0000c000 08:02 12584153                   /home/ivan/.gradle/wrapper/dists/gradle-2.10-all/a4w5fzrkeut1ox71xslb49gst/gradle-2.10/lib/plugins/maven-aether-provider-3.0.4.jar
7f9da1448000-7f9da144a000 r--s 0000b000 08:02 12584152                   /home/ivan/.gradle/wrapper/dists/gradle-2.10-all/a4w5fzrkeut1ox71xslb49gst/gradle-2.10/lib/plugins/wagon-provider-api-2.4.jar
7f9da144a000-7f9da144b000 r--s 00003000 08:02 12584151                   /home/ivan/.gradle/wrapper/dists/gradle-2.10-all/a4w5fzrkeut1ox71xslb49gst/gradle-2.10/lib/plugins/aether-spi-1.13.1.jar
7f9da144b000-7f9da144f000 r--s 0001c000 08:02 12584150                   /home/ivan/.gradle/wrapper/dists/gradle-2.10-all/a4w5fzrkeut1ox71xslb49gst/gradle-2.10/lib/plugins/aether-util-1.13.1.jar
7f9da144f000-7f9da1452000 r--s 0001d000 08:02 12584149                   /home/ivan/.gradle/wrapper/dists/gradle-2.10-all/a4w5fzrkeut1ox71xslb49gst/gradle-2.10/lib/plugins/aether-impl-1.13.1.jar
7f9da1452000-7f9da1457000 r--s 00040000 08:02 12584131                   /home/ivan/.gradle/wrapper/dists/gradle-2.10-all/a4w5fzrkeut1ox71xslb49gst/gradle-2.10/lib/plugins/jsch-0.1.53.jar
7f9da1457000-7f9da1497000 r--s 00277000 08:02 12584141                   /home/ivan/.gradle/wrapper/dists/gradle-2.10-all/a4w5fzrkeut1ox71xslb49gst/gradle-2.10/lib/plugins/bcprov-jdk15on-1.51.jar
7f9da1497000-7f9da14a3000 r--s 0007d000 08:02 12584120                   /home/ivan/.gradle/wrapper/dists/gradle-2.10-all/a4w5fzrkeut1ox71xslb49gst/gradle-2.10/lib/plugins/maven-core-3.0.4.jar
7f9da14a3000-7f9da14bf000 r--s 000c9000 08:02 12584107                   /home/ivan/.gradle/wrapper/dists/gradle-2.10-all/a4w5fzrkeut1ox71xslb49gst/gradle-2.10/lib/plugins/gradle-dependency-management-2.10.jar
7f9da14bf000-7f9da14d5000 r-xp 00000000 08:02 24777111                   /lib/x86_64-linux-gnu/libgcc_s.so.1
7f9da14d5000-7f9da16d4000 ---p 00016000 08:02 24777111                   /lib/x86_64-linux-gnu/libgcc_s.so.1
7f9da16d4000-7f9da16d5000 rw-p 00015000 08:02 24777111                   /lib/x86_64-linux-gnu/libgcc_s.so.1
7f9da16d5000-7f9da1847000 r-xp 00000000 08:02 14426970                   /usr/lib/x86_64-linux-gnu/libstdc++.so.6.0.21
7f9da1847000-7f9da1a47000 ---p 00172000 08:02 14426970                   /usr/lib/x86_64-linux-gnu/libstdc++.so.6.0.21
7f9da1a47000-7f9da1a51000 r--p 00172000 08:02 14426970                   /usr/lib/x86_64-linux-gnu/libstdc++.so.6.0.21
7f9da1a51000-7f9da1a53000 rw-p 0017c000 08:02 14426970                   /usr/lib/x86_64-linux-gnu/libstdc++.so.6.0.21
7f9da1a53000-7f9da1a57000 rw-p 00000000 00:00 0 
7f9da1a57000-7f9da1a58000 r--s 00006000 08:02 12584148                   /home/ivan/.gradle/wrapper/dists/gradle-2.10-all/a4w5fzrkeut1ox71xslb49gst/gradle-2.10/lib/plugins/plexus-sec-dispatcher-1.3.jar
7f9da1a58000-7f9da1a5c000 r--s 0001d000 08:02 12584140                   /home/ivan/.gradle/wrapper/dists/gradle-2.10-all/a4w5fzrkeut1ox71xslb49gst/gradle-2.10/lib/plugins/xbean-reflect-3.4.jar
7f9da1a5c000-7f9da1a61000 r--s 0002a000 08:02 12584126                   /home/ivan/.gradle/wrapper/dists/gradle-2.10-all/a4w5fzrkeut1ox71xslb49gst/gradle-2.10/lib/plugins/gson-2.2.4.jar
7f9da1a61000-7f9da1a70000 r--s 000d9000 08:02 12584139                   /home/ivan/.gradle/wrapper/dists/gradle-2.10-all/a4w5fzrkeut1ox71xslb49gst/gradle-2.10/lib/plugins/ivy-2.2.0.jar
7f9da1a70000-7f9da1a74000 r-xp 00000000 08:02 12455593                   /home/ivan/.gradle/native/19/linux-amd64/libnative-platform.so
7f9da1a74000-7f9da1c73000 ---p 00004000 08:02 12455593                   /home/ivan/.gradle/native/19/linux-amd64/libnative-platform.so
7f9da1c73000-7f9da1c74000 rw-p 00003000 08:02 12455593                   /home/ivan/.gradle/native/19/linux-amd64/libnative-platform.so
7f9da1c74000-7f9da1c85000 r-xp 00000000 08:02 15206764                   /usr/lib/jvm/java-8-oracle/jre/lib/amd64/libnio.so
7f9da1c85000-7f9da1e84000 ---p 00011000 08:02 15206764                   /usr/lib/jvm/java-8-oracle/jre/lib/amd64/libnio.so
7f9da1e84000-7f9da1e85000 rw-p 00010000 08:02 15206764                   /usr/lib/jvm/java-8-oracle/jre/lib/amd64/libnio.so
7f9da1e85000-7f9da2186000 rw-p 00000000 00:00 0 
7f9da2186000-7f9da219c000 r-xp 00000000 08:02 15206761                   /usr/lib/jvm/java-8-oracle/jre/lib/amd64/libnet.so
7f9da219c000-7f9da239c000 ---p 00016000 08:02 15206761                   /usr/lib/jvm/java-8-oracle/jre/lib/amd64/libnet.so
7f9da239c000-7f9da239d000 rw-p 00016000 08:02 15206761                   /usr/lib/jvm/java-8-oracle/jre/lib/amd64/libnet.so
7f9da239d000-7f9da239e000 r--s 00006000 08:02 12584023                   /home/ivan/.gradle/wrapper/dists/gradle-2.10-all/a4w5fzrkeut1ox71xslb49gst/gradle-2.10/lib/gradle-wrapper-2.10.jar
7f9da239e000-7f9da23a9000 r--s 0003b000 08:02 12584028                   /home/ivan/.gradle/wrapper/dists/gradle-2.10-all/a4w5fzrkeut1ox71xslb49gst/gradle-2.10/lib/gradle-tooling-api-2.10.jar
7f9da23a9000-7f9da23ab000 r--s 00002000 08:02 12584050                   /home/ivan/.gradle/wrapper/dists/gradle-2.10-all/a4w5fzrkeut1ox71xslb49gst/gradle-2.10/lib/gradle-open-api-2.10.jar
7f9da23ab000-7f9da23b1000 r--s 00032000 08:02 12584052                   /home/ivan/.gradle/wrapper/dists/gradle-2.10-all/a4w5fzrkeut1ox71xslb49gst/gradle-2.10/lib/jaxen-1.1.jar
7f9da23b1000-7f9da23b6000 r--s 00048000 08:02 12584051                   /home/ivan/.gradle/wrapper/dists/gradle-2.10-all/a4w5fzrkeut1ox71xslb49gst/gradle-2.10/lib/dom4j-1.6.1.jar
7f9da23b6000-7f9da23c1000 r--s 00059000 08:02 12584027                   /home/ivan/.gradle/wrapper/dists/gradle-2.10-all/a4w5fzrkeut1ox71xslb49gst/gradle-2.10/lib/gradle-ui-2.10.jar
7f9da23c1000-7f9da23c4000 r--s 00008000 08:02 12584046                   /home/ivan/.gradle/wrapper/dists/gradle-2.10-all/a4w5fzrkeut1ox71xslb49gst/gradle-2.10/lib/gradle-resources-2.10.jar
7f9da23c4000-7f9da23c6000 r--s 00007000 08:02 12584068                   /home/ivan/.gradle/wrapper/dists/gradle-2.10-all/a4w5fzrkeut1ox71xslb49gst/gradle-2.10/lib/objenesis-1.2.jar
7f9da23c6000-7f9da23c8000 r--s 00000000 08:02 12584067                   /home/ivan/.gradle/wrapper/dists/gradle-2.10-all/a4w5fzrkeut1ox71xslb49gst/gradle-2.10/lib/minlog-1.2.jar
7f9da23c8000-7f9da23ca000 r--s 0000f000 08:02 12584066                   /home/ivan/.gradle/wrapper/dists/gradle-2.10-all/a4w5fzrkeut1ox71xslb49gst/gradle-2.10/lib/reflectasm-1.07-shaded.jar
7f9da23ca000-7f9da23ce000 r--s 00026000 08:02 12584057                   /home/ivan/.gradle/wrapper/dists/gradle-2.10-all/a4w5fzrkeut1ox71xslb49gst/gradle-2.10/lib/kryo-2.20.jar
7f9da23ce000-7f9da23d7000 r--s 0003f000 08:02 12584045                   /home/ivan/.gradle/wrapper/dists/gradle-2.10-all/a4w5fzrkeut1ox71xslb49gst/gradle-2.10/lib/gradle-messaging-2.10.jar
7f9da23d7000-7f9da23d8000 r--s 00003000 08:02 12584065                   /home/ivan/.gradle/wrapper/dists/gradle-2.10-all/a4w5fzrkeut1ox71xslb49gst/gradle-2.10/lib/native-platform-freebsd-amd64-0.10.jar
7f9da23d8000-7f9da23d9000 r--s 00003000 08:02 12584064                   /home/ivan/.gradle/wrapper/dists/gradle-2.10-all/a4w5fzrkeut1ox71xslb49gst/gradle-2.10/lib/native-platform-freebsd-i386-0.10.jar
7f9da23d9000-7f9da23da000 r--s 00005000 08:02 12584063                   /home/ivan/.gradle/wrapper/dists/gradle-2.10-all/a4w5fzrkeut1ox71xslb49gst/gradle-2.10/lib/native-platform-windows-i386-0.10.jar
7f9da23da000-7f9da23db000 r--s 00005000 08:02 12584062                   /home/ivan/.gradle/wrapper/dists/gradle-2.10-all/a4w5fzrkeut1ox71xslb49gst/gradle-2.10/lib/native-platform-windows-amd64-0.10.jar
7f9da23db000-7f9da23dc000 r--s 00003000 08:02 12584061                   /home/ivan/.gradle/wrapper/dists/gradle-2.10-all/a4w5fzrkeut1ox71xslb49gst/gradle-2.10/lib/native-platform-linux-i386-0.10.jar
7f9da23dc000-7f9da23dd000 r--s 00003000 08:02 12584060                   /home/ivan/.gradle/wrapper/dists/gradle-2.10-all/a4w5fzrkeut1ox71xslb49gst/gradle-2.10/lib/native-platform-linux-amd64-0.10.jar
7f9da23dd000-7f9da23de000 r--s 00002000 08:02 12584059                   /home/ivan/.gradle/wrapper/dists/gradle-2.10-all/a4w5fzrkeut1ox71xslb49gst/gradle-2.10/lib/native-platform-osx-amd64-0.10.jar
7f9da23de000-7f9da23df000 r--s 00002000 08:02 12584058                   /home/ivan/.gradle/wrapper/dists/gradle-2.10-all/a4w5fzrkeut1ox71xslb49gst/gradle-2.10/lib/native-platform-osx-i386-0.10.jar
7f9da23df000-7f9da23e1000 r--s 00008000 08:02 12584055                   /home/ivan/.gradle/wrapper/dists/gradle-2.10-all/a4w5fzrkeut1ox71xslb49gst/gradle-2.10/lib/jansi-1.2.1.jar
7f9da23e1000-7f9da23e4000 r--s 0000d000 08:02 12584054                   /home/ivan/.gradle/wrapper/dists/gradle-2.10-all/a4w5fzrkeut1ox71xslb49gst/gradle-2.10/lib/native-platform-0.10.jar
7f9da23e4000-7f9da23e8000 r--s 000e4000 08:02 12584053                   /home/ivan/.gradle/wrapper/dists/gradle-2.10-all/a4w5fzrkeut1ox71xslb49gst/gradle-2.10/lib/jna-3.2.7.jar
7f9da23e8000-7f9da23ea000 r--s 00008000 08:02 12584029                   /home/ivan/.gradle/wrapper/dists/gradle-2.10-all/a4w5fzrkeut1ox71xslb49gst/gradle-2.10/lib/gradle-native-2.10.jar
7f9da23ea000-7f9da23ec000 r--s 00005000 08:02 12584026                   /home/ivan/.gradle/wrapper/dists/gradle-2.10-all/a4w5fzrkeut1ox71xslb49gst/gradle-2.10/lib/gradle-cli-2.10.jar
7f9da23ec000-7f9da23ed000 r--s 00007000 08:02 12584035                   /home/ivan/.gradle/wrapper/dists/gradle-2.10-all/a4w5fzrkeut1ox71xslb49gst/gradle-2.10/lib/gradle-model-groovy-2.10.jar
7f9da23ed000-7f9da23ef000 r--s 00005000 08:02 12584044                   /home/ivan/.gradle/wrapper/dists/gradle-2.10-all/a4w5fzrkeut1ox71xslb49gst/gradle-2.10/lib/gradle-base-services-groovy-2.10.jar
7f9da23ef000-7f9da23fc000 r--s 00073000 08:02 12584034                   /home/ivan/.gradle/wrapper/dists/gradle-2.10-all/a4w5fzrkeut1ox71xslb49gst/gradle-2.10/lib/gradle-model-core-2.10.jar
7f9da23fc000-7f9da23fd000 r--s 00000000 08:02 12584047                   /home/ivan/.gradle/wrapper/dists/gradle-2.10-all/a4w5fzrkeut1ox71xslb49gst/gradle-2.10/lib/gradle-docs-2.10.jar
7f9da23fd000-7f9da23ff000 r--s 00003000 08:02 12584049                   /home/ivan/.gradle/wrapper/dists/gradle-2.10-all/a4w5fzrkeut1ox71xslb49gst/gradle-2.10/lib/jcl-over-slf4j-1.7.10.jar
7f9da23ff000-7f9da2400000 r--s 00005000 08:02 12584048                   /home/ivan/.gradle/wrapper/dists/gradle-2.10-all/a4w5fzrkeut1ox71xslb49gst/gradle-2.10/lib/log4j-over-slf4j-1.7.10.jar
7f9da2400000-7f9da2403000 r--s 0001b000 08:02 12584042                   /home/ivan/.gradle/wrapper/dists/gradle-2.10-all/a4w5fzrkeut1ox71xslb49gst/gradle-2.10/lib/jarjar-1.3.jar
7f9da2403000-7f9da2411000 r--s 0007f000 08:02 12584038                   /home/ivan/.gradle/wrapper/dists/gradle-2.10-all/a4w5fzrkeut1ox71xslb49gst/gradle-2.10/lib/commons-collections-3.2.1.jar
7f9da2411000-7f9da2416000 r--s 00036000 08:02 12584036                   /home/ivan/.gradle/wrapper/dists/gradle-2.10-all/a4w5fzrkeut1ox71xslb49gst/gradle-2.10/lib/asm-all-5.0.3.jar
7f9da2416000-7f9da2485000 r--s 0063e000 08:02 12584033                   /home/ivan/.gradle/wrapper/dists/gradle-2.10-all/a4w5fzrkeut1ox71xslb49gst/gradle-2.10/lib/groovy-all-2.4.4.jar
7f9da2485000-7f9da24ad000 r--s 001cf000 08:02 12584031                   /home/ivan/.gradle/wrapper/dists/gradle-2.10-all/a4w5fzrkeut1ox71xslb49gst/gradle-2.10/lib/guava-jdk5-17.0.jar
7f9da24ad000-7f9da24cc000 r--s 001cc000 08:02 12584037                   /home/ivan/.gradle/wrapper/dists/gradle-2.10-all/a4w5fzrkeut1ox71xslb49gst/gradle-2.10/lib/ant-1.9.3.jar
7f9da24cc000-7f9da24d6000 r--s 00116000 08:02 15206620                   /usr/lib/jvm/java-8-oracle/jre/lib/ext/localedata.jar
7f9da24d6000-7f9da24f2000 r--s 00393000 08:02 15206613                   /usr/lib/jvm/java-8-oracle/jre/lib/ext/cldrdata.jar
7f9da24f2000-7f9da24f9000 r--s 00034000 08:02 12584024                   /home/ivan/.gradle/wrapper/dists/gradle-2.10-all/a4w5fzrkeut1ox71xslb49gst/gradle-2.10/lib/gradle-base-services-2.10.jar
7f9da24f9000-7f9da2530000 r--s 001bc000 08:02 12584025                   /home/ivan/.gradle/wrapper/dists/gradle-2.10-all/a4w5fzrkeut1ox71xslb49gst/gradle-2.10/lib/gradle-core-2.10.jar
7f9da2530000-7f9da2531000 ---p 00000000 00:00 0 
7f9da2531000-7f9da2631000 rw-p 00000000 00:00 0 
7f9da2631000-7f9da2634000 ---p 00000000 00:00 0 
7f9da2634000-7f9da2732000 rw-p 00000000 00:00 0 
7f9da2732000-7f9da2735000 ---p 00000000 00:00 0 
7f9da2735000-7f9da2833000 rw-p 00000000 00:00 0 
7f9da2833000-7f9da2836000 ---p 00000000 00:00 0 
7f9da2836000-7f9da2934000 rw-p 00000000 00:00 0 
7f9da2934000-7f9da2937000 ---p 00000000 00:00 0 
7f9da2937000-7f9da2a35000 rw-p 00000000 00:00 0 
7f9da2a35000-7f9da2a38000 ---p 00000000 00:00 0 
7f9da2a38000-7f9da2b36000 rw-p 00000000 00:00 0 
7f9da2b36000-7f9da34f5000 r--p 00000000 08:02 14424946                   /usr/lib/locale/locale-archive
7f9da34f5000-7f9da34f8000 ---p 00000000 00:00 0 
7f9da34f8000-7f9da35f6000 rw-p 00000000 00:00 0 
7f9da35f6000-7f9da35f9000 ---p 00000000 00:00 0 
7f9da35f9000-7f9da36f7000 rw-p 00000000 00:00 0 
7f9da36f7000-7f9da36f8000 ---p 00000000 00:00 0 
7f9da36f8000-7f9da4000000 rw-p 00000000 00:00 0 
7f9da4000000-7f9da405a000 rw-p 00000000 00:00 0 
7f9da405a000-7f9da8000000 ---p 00000000 00:00 0 
7f9da8000000-7f9da8627000 rw-p 00000000 00:00 0 
7f9da8627000-7f9da8800000 r--s 03d24000 08:02 15077032                   /usr/lib/jvm/java-8-oracle/jre/lib/rt.jar
7f9da8800000-7f9da9000000 rw-p 00000000 00:00 0 
7f9da9000000-7f9dab740000 rwxp 00000000 00:00 0 
7f9dab740000-7f9db8000000 ---p 00000000 00:00 0 
7f9db8000000-7f9db8bbd000 rw-p 00000000 00:00 0 
7f9db8bbd000-7f9dbc000000 ---p 00000000 00:00 0 
7f9dbc000000-7f9dbc004000 r--s 00027000 08:02 12584039                   /home/ivan/.gradle/wrapper/dists/gradle-2.10-all/a4w5fzrkeut1ox71xslb49gst/gradle-2.10/lib/commons-io-2.2.jar
7f9dbc004000-7f9dbe40c000 rw-p 00000000 00:00 0 
7f9dbe40c000-7f9dbe40d000 ---p 00000000 00:00 0 
7f9dbe40d000-7f9dbe50d000 rw-p 00000000 00:00 0 
7f9dbe50d000-7f9dbe50e000 ---p 00000000 00:00 0 
7f9dbe50e000-7f9dbe60e000 rw-p 00000000 00:00 0 
7f9dbe60e000-7f9dbe60f000 ---p 00000000 00:00 0 
7f9dbe60f000-7f9dbe70f000 rw-p 00000000 00:00 0 
7f9dbe70f000-7f9dbe710000 ---p 00000000 00:00 0 
7f9dbe710000-7f9dbe886000 rw-p 00000000 00:00 0 
7f9dbe886000-7f9dbe966000 ---p 00000000 00:00 0 
7f9dbe966000-7f9dbe9dc000 rw-p 00000000 00:00 0 
7f9dbe9dc000-7f9dbeabb000 ---p 00000000 00:00 0 
7f9dbeabb000-7f9dbeb60000 rw-p 00000000 00:00 0 
7f9dbeb60000-7f9dbeb66000 ---p 00000000 00:00 0 
7f9dbeb66000-7f9dbec04000 rw-p 00000000 00:00 0 
7f9dbec04000-7f9dbef27000 ---p 00000000 00:00 0 
7f9dbef27000-7f9dbef41000 r-xp 00000000 08:02 15206757                   /usr/lib/jvm/java-8-oracle/jre/lib/amd64/libzip.so
7f9dbef41000-7f9dbf141000 ---p 0001a000 08:02 15206757                   /usr/lib/jvm/java-8-oracle/jre/lib/amd64/libzip.so
7f9dbf141000-7f9dbf142000 rw-p 0001a000 08:02 15206757                   /usr/lib/jvm/java-8-oracle/jre/lib/amd64/libzip.so
7f9dbf142000-7f9dbf14d000 r-xp 00000000 08:02 24777172                   /lib/x86_64-linux-gnu/libnss_files-2.23.so
7f9dbf14d000-7f9dbf34c000 ---p 0000b000 08:02 24777172                   /lib/x86_64-linux-gnu/libnss_files-2.23.so
7f9dbf34c000-7f9dbf34d000 r--p 0000a000 08:02 24777172                   /lib/x86_64-linux-gnu/libnss_files-2.23.so
7f9dbf34d000-7f9dbf34e000 rw-p 0000b000 08:02 24777172                   /lib/x86_64-linux-gnu/libnss_files-2.23.so
7f9dbf34e000-7f9dbf354000 rw-p 00000000 00:00 0 
7f9dbf354000-7f9dbf35f000 r-xp 00000000 08:02 24777182                   /lib/x86_64-linux-gnu/libnss_nis-2.23.so
7f9dbf35f000-7f9dbf55e000 ---p 0000b000 08:02 24777182                   /lib/x86_64-linux-gnu/libnss_nis-2.23.so
7f9dbf55e000-7f9dbf55f000 r--p 0000a000 08:02 24777182                   /lib/x86_64-linux-gnu/libnss_nis-2.23.so
7f9dbf55f000-7f9dbf560000 rw-p 0000b000 08:02 24777182                   /lib/x86_64-linux-gnu/libnss_nis-2.23.so
7f9dbf560000-7f9dbf576000 r-xp 00000000 08:02 24777166                   /lib/x86_64-linux-gnu/libnsl-2.23.so
7f9dbf576000-7f9dbf775000 ---p 00016000 08:02 24777166                   /lib/x86_64-linux-gnu/libnsl-2.23.so
7f9dbf775000-7f9dbf776000 r--p 00015000 08:02 24777166                   /lib/x86_64-linux-gnu/libnsl-2.23.so
7f9dbf776000-7f9dbf777000 rw-p 00016000 08:02 24777166                   /lib/x86_64-linux-gnu/libnsl-2.23.so
7f9dbf777000-7f9dbf779000 rw-p 00000000 00:00 0 
7f9dbf779000-7f9dbf781000 r-xp 00000000 08:02 24777168                   /lib/x86_64-linux-gnu/libnss_compat-2.23.so
7f9dbf781000-7f9dbf980000 ---p 00008000 08:02 24777168                   /lib/x86_64-linux-gnu/libnss_compat-2.23.so
7f9dbf980000-7f9dbf981000 r--p 00007000 08:02 24777168                   /lib/x86_64-linux-gnu/libnss_compat-2.23.so
7f9dbf981000-7f9dbf982000 rw-p 00008000 08:02 24777168                   /lib/x86_64-linux-gnu/libnss_compat-2.23.so
7f9dbf982000-7f9dbf9ac000 r-xp 00000000 08:02 15206752                   /usr/lib/jvm/java-8-oracle/jre/lib/amd64/libjava.so
7f9dbf9ac000-7f9dbfbac000 ---p 0002a000 08:02 15206752                   /usr/lib/jvm/java-8-oracle/jre/lib/amd64/libjava.so
7f9dbfbac000-7f9dbfbae000 rw-p 0002a000 08:02 15206752                   /usr/lib/jvm/java-8-oracle/jre/lib/amd64/libjava.so
7f9dbfbae000-7f9dbfbbb000 r-xp 00000000 08:02 15206756                   /usr/lib/jvm/java-8-oracle/jre/lib/amd64/libverify.so
7f9dbfbbb000-7f9dbfdbb000 ---p 0000d000 08:02 15206756                   /usr/lib/jvm/java-8-oracle/jre/lib/amd64/libverify.so
7f9dbfdbb000-7f9dbfdbd000 rw-p 0000d000 08:02 15206756                   /usr/lib/jvm/java-8-oracle/jre/lib/amd64/libverify.so
7f9dbfdbd000-7f9dbfdc4000 r-xp 00000000 08:02 24777227                   /lib/x86_64-linux-gnu/librt-2.23.so
7f9dbfdc4000-7f9dbffc3000 ---p 00007000 08:02 24777227                   /lib/x86_64-linux-gnu/librt-2.23.so
7f9dbffc3000-7f9dbffc4000 r--p 00006000 08:02 24777227                   /lib/x86_64-linux-gnu/librt-2.23.so
7f9dbffc4000-7f9dbffc5000 rw-p 00007000 08:02 24777227                   /lib/x86_64-linux-gnu/librt-2.23.so
7f9dbffc5000-7f9dc00cd000 r-xp 00000000 08:02 24777143                   /lib/x86_64-linux-gnu/libm-2.23.so
7f9dc00cd000-7f9dc02cc000 ---p 00108000 08:02 24777143                   /lib/x86_64-linux-gnu/libm-2.23.so
7f9dc02cc000-7f9dc02cd000 r--p 00107000 08:02 24777143                   /lib/x86_64-linux-gnu/libm-2.23.so
7f9dc02cd000-7f9dc02ce000 rw-p 00108000 08:02 24777143                   /lib/x86_64-linux-gnu/libm-2.23.so
7f9dc02ce000-7f9dc0f91000 r-xp 00000000 08:02 15206735                   /usr/lib/jvm/java-8-oracle/jre/lib/amd64/server/libjvm.so
7f9dc0f91000-7f9dc1190000 ---p 00cc3000 08:02 15206735                   /usr/lib/jvm/java-8-oracle/jre/lib/amd64/server/libjvm.so
7f9dc1190000-7f9dc1269000 rw-p 00cc2000 08:02 15206735                   /usr/lib/jvm/java-8-oracle/jre/lib/amd64/server/libjvm.so
7f9dc1269000-7f9dc12b4000 rw-p 00000000 00:00 0 
7f9dc12b4000-7f9dc1474000 r-xp 00000000 08:02 24777073                   /lib/x86_64-linux-gnu/libc-2.23.so
7f9dc1474000-7f9dc1673000 ---p 001c0000 08:02 24777073                   /lib/x86_64-linux-gnu/libc-2.23.so
7f9dc1673000-7f9dc1677000 r--p 001bf000 08:02 24777073                   /lib/x86_64-linux-gnu/libc-2.23.so
7f9dc1677000-7f9dc1679000 rw-p 001c3000 08:02 24777073                   /lib/x86_64-linux-gnu/libc-2.23.so
7f9dc1679000-7f9dc167d000 rw-p 00000000 00:00 0 
7f9dc167d000-7f9dc1680000 r-xp 00000000 08:02 24777097                   /lib/x86_64-linux-gnu/libdl-2.23.so
7f9dc1680000-7f9dc187f000 ---p 00003000 08:02 24777097                   /lib/x86_64-linux-gnu/libdl-2.23.so
7f9dc187f000-7f9dc1880000 r--p 00002000 08:02 24777097                   /lib/x86_64-linux-gnu/libdl-2.23.so
7f9dc1880000-7f9dc1881000 rw-p 00003000 08:02 24777097                   /lib/x86_64-linux-gnu/libdl-2.23.so
7f9dc1881000-7f9dc1896000 r-xp 00000000 08:02 14952758                   /usr/lib/jvm/java-8-oracle/lib/amd64/jli/libjli.so
7f9dc1896000-7f9dc1a96000 ---p 00015000 08:02 14952758                   /usr/lib/jvm/java-8-oracle/lib/amd64/jli/libjli.so
7f9dc1a96000-7f9dc1a97000 rw-p 00015000 08:02 14952758                   /usr/lib/jvm/java-8-oracle/lib/amd64/jli/libjli.so
7f9dc1a97000-7f9dc1aaf000 r-xp 00000000 08:02 24777219                   /lib/x86_64-linux-gnu/libpthread-2.23.so
7f9dc1aaf000-7f9dc1cae000 ---p 00018000 08:02 24777219                   /lib/x86_64-linux-gnu/libpthread-2.23.so
7f9dc1cae000-7f9dc1caf000 r--p 00017000 08:02 24777219                   /lib/x86_64-linux-gnu/libpthread-2.23.so
7f9dc1caf000-7f9dc1cb0000 rw-p 00018000 08:02 24777219                   /lib/x86_64-linux-gnu/libpthread-2.23.so
7f9dc1cb0000-7f9dc1cb4000 rw-p 00000000 00:00 0 
7f9dc1cb4000-7f9dc1cda000 r-xp 00000000 08:02 24777045                   /lib/x86_64-linux-gnu/ld-2.23.so
7f9dc1cda000-7f9dc1cdb000 r--s 00000000 08:02 12584043                   /home/ivan/.gradle/wrapper/dists/gradle-2.10-all/a4w5fzrkeut1ox71xslb49gst/gradle-2.10/lib/javax.inject-1.jar
7f9dc1cdb000-7f9dc1ce0000 r--s 00041000 08:02 12584032                   /home/ivan/.gradle/wrapper/dists/gradle-2.10-all/a4w5fzrkeut1ox71xslb49gst/gradle-2.10/lib/commons-lang-2.6.jar
7f9dc1ce0000-7f9dc1db9000 rw-p 00000000 00:00 0 
7f9dc1db9000-7f9dc1dbc000 ---p 00000000 00:00 0 
7f9dc1dbc000-7f9dc1ebe000 rw-p 00000000 00:00 0 
7f9dc1ebe000-7f9dc1ec0000 r--s 00000000 08:02 12584041                   /home/ivan/.gradle/wrapper/dists/gradle-2.10-all/a4w5fzrkeut1ox71xslb49gst/gradle-2.10/lib/jul-to-slf4j-1.7.10.jar
7f9dc1ec0000-7f9dc1ec1000 r--s 00000000 08:02 12584040                   /home/ivan/.gradle/wrapper/dists/gradle-2.10-all/a4w5fzrkeut1ox71xslb49gst/gradle-2.10/lib/jcip-annotations-1.0.jar
7f9dc1ec1000-7f9dc1ec2000 r--s 00007000 08:02 12584030                   /home/ivan/.gradle/wrapper/dists/gradle-2.10-all/a4w5fzrkeut1ox71xslb49gst/gradle-2.10/lib/slf4j-api-1.7.10.jar
7f9dc1ec2000-7f9dc1ec3000 r--s 00004000 08:02 12584056                   /home/ivan/.gradle/wrapper/dists/gradle-2.10-all/a4w5fzrkeut1ox71xslb49gst/gradle-2.10/lib/ant-launcher-1.9.3.jar
7f9dc1ec3000-7f9dc1ecd000 r--s 0004a000 08:02 12584022                   /home/ivan/.gradle/wrapper/dists/gradle-2.10-all/a4w5fzrkeut1ox71xslb49gst/gradle-2.10/lib/gradle-launcher-2.10.jar
7f9dc1ecd000-7f9dc1ed5000 rw-s 00000000 08:02 8650782                    /tmp/hsperfdata_ivan/2952
7f9dc1ed5000-7f9dc1ed6000 rw-p 00000000 00:00 0 
7f9dc1ed6000-7f9dc1ed7000 r--p 00000000 00:00 0 
7f9dc1ed7000-7f9dc1ed9000 rw-p 00000000 00:00 0 
7f9dc1ed9000-7f9dc1eda000 r--p 00025000 08:02 24777045                   /lib/x86_64-linux-gnu/ld-2.23.so
7f9dc1eda000-7f9dc1edb000 rw-p 00026000 08:02 24777045                   /lib/x86_64-linux-gnu/ld-2.23.so
7f9dc1edb000-7f9dc1edc000 rw-p 00000000 00:00 0 
7fff89e93000-7fff89eb4000 rw-p 00000000 00:00 0                          [stack]
7fff89f56000-7fff89f58000 r--p 00000000 00:00 0                          [vvar]
7fff89f58000-7fff89f5a000 r-xp 00000000 00:00 0                          [vdso]
ffffffffff600000-ffffffffff601000 r-xp 00000000 00:00 0                  [vsyscall]

VM Arguments:
jvm_args: -XX:MaxPermSize=256m -XX:+HeapDumpOnOutOfMemoryError -Xmx1024m -Dfile.encoding=UTF-8 -Duser.country=UA -Duser.language=ru -Duser.variant 
java_command: org.gradle.launcher.daemon.bootstrap.GradleDaemon 2.10
java_class_path (initial): /home/ivan/.gradle/wrapper/dists/gradle-2.10-all/a4w5fzrkeut1ox71xslb49gst/gradle-2.10/lib/gradle-launcher-2.10.jar
Launcher Type: SUN_STANDARD

Environment Variables:
PATH=/usr/local/sbin:/usr/local/bin:/usr/sbin:/usr/bin:/sbin:/bin:/usr/games:/usr/local/games:/snap/bin
LD_LIBRARY_PATH=.:
SHELL=/bin/bash
DISPLAY=:0

Signal Handlers:
SIGSEGV: [libjvm.so+0xabdee0], sa_mask[0]=11111111011111111101111111111110, sa_flags=SA_RESTART|SA_SIGINFO
SIGBUS: [libjvm.so+0xabdee0], sa_mask[0]=11111111011111111101111111111110, sa_flags=SA_RESTART|SA_SIGINFO
SIGFPE: [libjvm.so+0x91a580], sa_mask[0]=11111111011111111101111111111110, sa_flags=SA_RESTART|SA_SIGINFO
SIGPIPE: [libjvm.so+0x91a580], sa_mask[0]=11111111011111111101111111111110, sa_flags=SA_RESTART|SA_SIGINFO
SIGXFSZ: [libjvm.so+0x91a580], sa_mask[0]=11111111011111111101111111111110, sa_flags=SA_RESTART|SA_SIGINFO
SIGILL: [libjvm.so+0x91a580], sa_mask[0]=11111111011111111101111111111110, sa_flags=SA_RESTART|SA_SIGINFO
SIGUSR1: SIG_DFL, sa_mask[0]=00000000000000000000000000000000, sa_flags=none
SIGUSR2: [libjvm.so+0x91bbb0], sa_mask[0]=00100000000000000000000000000000, sa_flags=SA_RESTART|SA_SIGINFO
SIGHUP: [libjvm.so+0x91cfb0], sa_mask[0]=11111111011111111101111111111110, sa_flags=SA_RESTART|SA_SIGINFO
SIGINT: [libjvm.so+0x91cfb0], sa_mask[0]=11111111011111111101111111111110, sa_flags=SA_RESTART|SA_SIGINFO
SIGTERM: [libjvm.so+0x91cfb0], sa_mask[0]=11111111011111111101111111111110, sa_flags=SA_RESTART|SA_SIGINFO
SIGQUIT: [libjvm.so+0x91cfb0], sa_mask[0]=11111111011111111101111111111110, sa_flags=SA_RESTART|SA_SIGINFO


---------------  S Y S T E M  ---------------

OS:DISTRIB_ID=Ubuntu
DISTRIB_RELEASE=16.04
DISTRIB_CODENAME=xenial
DISTRIB_DESCRIPTION="Ubuntu 16.04 LTS"

uname:Linux 4.4.0-21-generic #37-Ubuntu SMP Mon Apr 18 18:33:37 UTC 2016 x86_64
libc:glibc 2.23 NPTL 2.23 
rlimit: STACK 8192k, CORE 0k, NPROC 30621, NOFILE 65536, AS infinity
load average:5,59 3,77 2,85

/proc/meminfo:
MemTotal:        8058444 kB
MemFree:         1244856 kB
MemAvailable:    2132136 kB
Buffers:           69684 kB
Cached:          1809092 kB
SwapCached:        14896 kB
Active:          4949708 kB
Inactive:        1642000 kB
Active(anon):    4524068 kB
Inactive(anon):  1192396 kB
Active(file):     425640 kB
Inactive(file):   449604 kB
Unevictable:          72 kB
Mlocked:              72 kB
SwapTotal:       4075516 kB
SwapFree:        3995380 kB
Dirty:              2768 kB
Writeback:             0 kB
AnonPages:       4698212 kB
Mapped:           767632 kB
Shmem:           1003536 kB
Slab:              94336 kB
SReclaimable:      54312 kB
SUnreclaim:        40024 kB
KernelStack:       11200 kB
PageTables:        49088 kB
NFS_Unstable:          0 kB
Bounce:                0 kB
WritebackTmp:          0 kB
CommitLimit:     8104736 kB
Committed_AS:   10795200 kB
VmallocTotal:   34359738367 kB
VmallocUsed:           0 kB
VmallocChunk:          0 kB
HardwareCorrupted:     0 kB
AnonHugePages:   3047424 kB
CmaTotal:              0 kB
CmaFree:               0 kB
HugePages_Total:       0
HugePages_Free:        0
HugePages_Rsvd:        0
HugePages_Surp:        0
Hugepagesize:       2048 kB
DirectMap4k:      153540 kB
DirectMap2M:     8118272 kB


CPU:total 4 (2 cores per cpu, 2 threads per core) family 6 model 58 stepping 9, cmov, cx8, fxsr, mmx, sse, sse2, sse3, ssse3, sse4.1, sse4.2, popcnt, avx, clmul, erms, ht, tsc, tscinvbit, tscinv

/proc/cpuinfo:
processor	: 0
vendor_id	: GenuineIntel
cpu family	: 6
model		: 58
model name	: Intel(R) Core(TM) i3-3217U CPU @ 1.80GHz
stepping	: 9
microcode	: 0x1c
cpu MHz		: 1799.929
cache size	: 3072 KB
physical id	: 0
siblings	: 4
core id		: 0
cpu cores	: 2
apicid		: 0
initial apicid	: 0
fpu		: yes
fpu_exception	: yes
cpuid level	: 13
wp		: yes
flags		: fpu vme de pse tsc msr pae mce cx8 apic sep mtrr pge mca cmov pat pse36 clflush dts acpi mmx fxsr sse sse2 ss ht tm pbe syscall nx rdtscp lm constant_tsc arch_perfmon pebs bts rep_good nopl xtopology nonstop_tsc aperfmperf eagerfpu pni pclmulqdq dtes64 monitor ds_cpl vmx est tm2 ssse3 cx16 xtpr pdcm pcid sse4_1 sse4_2 x2apic popcnt tsc_deadline_timer xsave avx f16c lahf_lm epb tpr_shadow vnmi flexpriority ept vpid fsgsbase smep erms xsaveopt dtherm ida arat pln pts
bugs		:
bogomips	: 3591.91
clflush size	: 64
cache_alignment	: 64
address sizes	: 36 bits physical, 48 bits virtual
power management:

processor	: 1
vendor_id	: GenuineIntel
cpu family	: 6
model		: 58
model name	: Intel(R) Core(TM) i3-3217U CPU @ 1.80GHz
stepping	: 9
microcode	: 0x1c
cpu MHz		: 1800.000
cache size	: 3072 KB
physical id	: 0
siblings	: 4
core id		: 1
cpu cores	: 2
apicid		: 2
initial apicid	: 2
fpu		: yes
fpu_exception	: yes
cpuid level	: 13
wp		: yes
flags		: fpu vme de pse tsc msr pae mce cx8 apic sep mtrr pge mca cmov pat pse36 clflush dts acpi mmx fxsr sse sse2 ss ht tm pbe syscall nx rdtscp lm constant_tsc arch_perfmon pebs bts rep_good nopl xtopology nonstop_tsc aperfmperf eagerfpu pni pclmulqdq dtes64 monitor ds_cpl vmx est tm2 ssse3 cx16 xtpr pdcm pcid sse4_1 sse4_2 x2apic popcnt tsc_deadline_timer xsave avx f16c lahf_lm epb tpr_shadow vnmi flexpriority ept vpid fsgsbase smep erms xsaveopt dtherm ida arat pln pts
bugs		:
bogomips	: 3591.91
clflush size	: 64
cache_alignment	: 64
address sizes	: 36 bits physical, 48 bits virtual
power management:

processor	: 2
vendor_id	: GenuineIntel
cpu family	: 6
model		: 58
model name	: Intel(R) Core(TM) i3-3217U CPU @ 1.80GHz
stepping	: 9
microcode	: 0x1c
cpu MHz		: 1799.929
cache size	: 3072 KB
physical id	: 0
siblings	: 4
core id		: 0
cpu cores	: 2
apicid		: 1
initial apicid	: 1
fpu		: yes
fpu_exception	: yes
cpuid level	: 13
wp		: yes
flags		: fpu vme de pse tsc msr pae mce cx8 apic sep mtrr pge mca cmov pat pse36 clflush dts acpi mmx fxsr sse sse2 ss ht tm pbe syscall nx rdtscp lm constant_tsc arch_perfmon pebs bts rep_good nopl xtopology nonstop_tsc aperfmperf eagerfpu pni pclmulqdq dtes64 monitor ds_cpl vmx est tm2 ssse3 cx16 xtpr pdcm pcid sse4_1 sse4_2 x2apic popcnt tsc_deadline_timer xsave avx f16c lahf_lm epb tpr_shadow vnmi flexpriority ept vpid fsgsbase smep erms xsaveopt dtherm ida arat pln pts
bugs		:
bogomips	: 3591.91
clflush size	: 64
cache_alignment	: 64
address sizes	: 36 bits physical, 48 bits virtual
power management:

processor	: 3
vendor_id	: GenuineIntel
cpu family	: 6
model		: 58
model name	: Intel(R) Core(TM) i3-3217U CPU @ 1.80GHz
stepping	: 9
microcode	: 0x1c
cpu MHz		: 1799.929
cache size	: 3072 KB
physical id	: 0
siblings	: 4
core id		: 1
cpu cores	: 2
apicid		: 3
initial apicid	: 3
fpu		: yes
fpu_exception	: yes
cpuid level	: 13
wp		: yes
flags		: fpu vme de pse tsc msr pae mce cx8 apic sep mtrr pge mca cmov pat pse36 clflush dts acpi mmx fxsr sse sse2 ss ht tm pbe syscall nx rdtscp lm constant_tsc arch_perfmon pebs bts rep_good nopl xtopology nonstop_tsc aperfmperf eagerfpu pni pclmulqdq dtes64 monitor ds_cpl vmx est tm2 ssse3 cx16 xtpr pdcm pcid sse4_1 sse4_2 x2apic popcnt tsc_deadline_timer xsave avx f16c lahf_lm epb tpr_shadow vnmi flexpriority ept vpid fsgsbase smep erms xsaveopt dtherm ida arat pln pts
bugs		:
bogomips	: 3591.91
clflush size	: 64
cache_alignment	: 64
address sizes	: 36 bits physical, 48 bits virtual
power management:



Memory: 4k page, physical 8058444k(1244856k free), swap 4075516k(3995380k free)

vm_info: Java HotSpot(TM) 64-Bit Server VM (25.92-b14) for linux-amd64 JRE (1.8.0_92-b14), built on Mar 31 2016 21:08:29 by "java_re" with gcc 4.3.0 20080428 (Red Hat 4.3.0-8)

time: Fri May  6 14:32:49 2016
elapsed time: 1761 seconds (0d 0h 29m 21s)

