#
# A fatal error has been detected by the Java Runtime Environment:
#
#  SIGSEGV (0xb) at pc=0x00007f735ba2c872, pid=4676, tid=140133201245952
#
# JRE version: OpenJDK Runtime Environment (7.0_85-b01) (build 1.7.0_85-b01)
# Java VM: OpenJDK 64-Bit Server VM (24.85-b03 mixed mode linux-amd64 compressed oops)
# Derivative: IcedTea 2.6.1
# Distribution: Ubuntu 14.04 LTS, package 7u85-2.6.1-5ubuntu0.14.04.1
# Problematic frame:
# V  [libjvm.so+0x3c6872]  PhaseChaitin::gather_lrg_masks(bool) [clone .constprop.130]+0xb2
#
# Failed to write core dump. Core dumps have been disabled. To enable core dumping, try "ulimit -c unlimited" before starting Java again
#
# If you would like to submit a bug report, please include
# instructions on how to reproduce the bug and visit:
#   http://icedtea.classpath.org/bugzilla
#

---------------  T H R E A D  ---------------

Current thread (0x00007f73540ae000):  JavaThread "C2 CompilerThread1" daemon [_thread_in_native, id=4690, stack(0x00007f734d9e7000,0x00007f734dae8000)]

siginfo:si_signo=SIGSEGV: si_errno=0, si_code=1 (SEGV_MAPERR), si_addr=0x00007f7b2c37c2ec

Registers:
RAX=0x00007f73200c2790, RBX=0x0000000000000003, RCX=0x00007f7320287bd0, RDX=0x0000000000000001
RSP=0x00007f734dae3890, RBP=0x00007f734dae3900, RSI=0x0000000000000001, RDI=0x00007f7320940848
R8 =0x0000000000000000, R9 =0x0000000000000000, R10=0x000000000000027f, R11=0x0000000000000200
R12=0x00007f73208d7768, R13=0x00007f734dae3c10, R14=0x00007f7b2c37c2c0, R15=0x0000000000000001
RIP=0x00007f735ba2c872, EFLAGS=0x0000000000010202, CSGSFS=0x0000000000000033, ERR=0x0000000000000004
  TRAPNO=0x000000000000000e

Top of Stack: (sp=0x00007f734dae3890)
0x00007f734dae3890:   00007f734dae3900 0000006600010200
0x00007f734dae38a0:   ffffffff00000001 00007f7320611870
0x00007f734dae38b0:   00007f735c446880 00007f73540f8700
0x00007f734dae38c0:   00007f7300000001 00007f73208d77a0
0x00007f734dae38d0:   0000000000000000 00007f734dae3c10
0x00007f734dae38e0:   00007f735c450940 00007f734dae3980
0x00007f734dae38f0:   00007f732c694ff0 00007f734dae39f0
0x00007f734dae3900:   00007f734dae3b40 00007f735ba30fd8
0x00007f734dae3910:   00007f734dae3920 00007f734dae39f0
0x00007f734dae3920:   00007f734dae3950 00000000000003d8
0x00007f734dae3930:   00007f734dae39b0 00007f734dae3a50
0x00007f734dae3940:   00007f732c6953d8 00007f732c695000
0x00007f734dae3950:   00007f732cb27980 00007f732cb27980
0x00007f734dae3960:   00007f732cb27990 00007f732cb27d68
0x00007f734dae3970:   00000000000003d8 0000000320541208
0x00007f734dae3980:   00007f732c694ff0 00007f73208d20d0
0x00007f734dae3990:   00007f73208e22e0 00007f73208e22e0
0x00007f734dae39a0:   00000000000292b8 00007f734dae39e0
0x00007f734dae39b0:   00007f730000000b 00007f734dae5f50
0x00007f734dae39c0:   00007f73200d1200 00007f7300000000
0x00007f734dae39d0:   00007f73208d20e0 00007f730000027b
0x00007f734dae39e0:   00007f734dae3980 00007f732c695000
0x00007f734dae39f0:   00007f7300000009 00007f734dae5f50
0x00007f734dae3a00:   00007f7320142360 00007f7320948080
0x00007f734dae3a10:   00007f732094e2a0 00007f732094e840
0x00007f734dae3a20:   00007f7320142340 00007f734dae3b80
0x00007f734dae3a30:   00007f734dae3cd8 000000000000025f
0x00007f734dae3a40:   00007f734dae3980 00007f735b9125a8
0x00007f734dae3a50:   00007f735c408690 00007f730000000c
0x00007f734dae3a60:   00007f734dae5f50 00007f734dae3c10
0x00007f734dae3a70:   00007f7300000001 00007f734dae3a80
0x00007f734dae3a80:   00007f7320149ba0 00007f735c450940 

Instructions: (pc=0x00007f735ba2c872)
0x00007f735ba2c852:   01 00 00 00 48 8b 45 a8 8b 75 a0 0f 1f 00 45 31
0x00007f735ba2c862:   f6 39 70 18 76 0a 48 8b 40 20 89 f2 4c 8b 34 d0
0x00007f735ba2c872:   41 0f b7 46 2c 41 bf 01 00 00 00 83 e0 03 66 83
0x00007f735ba2c882:   f8 02 0f 84 96 06 00 00 41 8b 56 28 49 8b 85 d0 

Register to memory mapping:

RAX=0x00007f73200c2790 is an unknown value
RBX=0x0000000000000003 is an unknown value
RCX=0x00007f7320287bd0 is an unknown value
RDX=0x0000000000000001 is an unknown value
RSP=0x00007f734dae3890 is pointing into the stack for thread: 0x00007f73540ae000
RBP=0x00007f734dae3900 is pointing into the stack for thread: 0x00007f73540ae000
RSI=0x0000000000000001 is an unknown value
RDI=0x00007f7320940848 is an unknown value
R8 =0x0000000000000000 is an unknown value
R9 =0x0000000000000000 is an unknown value
R10=0x000000000000027f is an unknown value
R11=0x0000000000000200 is an unknown value
R12=0x00007f73208d7768 is an unknown value
R13=0x00007f734dae3c10 is pointing into the stack for thread: 0x00007f73540ae000
R14=0x00007f7b2c37c2c0 is an unknown value
R15=0x0000000000000001 is an unknown value


Stack: [0x00007f734d9e7000,0x00007f734dae8000],  sp=0x00007f734dae3890,  free space=1010k
Native frames: (J=compiled Java code, j=interpreted, Vv=VM code, C=native code)
V  [libjvm.so+0x3c6872]  PhaseChaitin::gather_lrg_masks(bool) [clone .constprop.130]+0xb2
V  [libjvm.so+0x3cafd8]  PhaseChaitin::Register_Allocate()+0x598
V  [libjvm.so+0x43f33a]  Compile::Code_Gen()+0x3fa
V  [libjvm.so+0x4434c7]  Compile::Compile(ciEnv*, C2Compiler*, ciMethod*, int, bool, bool)+0x1017
V  [libjvm.so+0x3b157a]  C2Compiler::compile_method(ciEnv*, ciMethod*, int)+0xca
V  [libjvm.so+0x449347]  CompileBroker::invoke_compiler_on_method(CompileTask*)+0x327
V  [libjvm.so+0x44a450]  CompileBroker::compiler_thread_loop()+0x3a0
V  [libjvm.so+0x906cb0]  JavaThread::thread_main_inner()+0xf0
V  [libjvm.so+0x906f21]  JavaThread::run()+0x221
V  [libjvm.so+0x7cc7e2]  java_start(Thread*)+0xf2


Current CompileTask:
C2: 106825 2258             com.sun.org.apache.xerces.internal.parsers.AbstractDOMParser::startElement (876 bytes)


---------------  P R O C E S S  ---------------

Java Threads: ( => current thread )
  0x00007f7308e88000 JavaThread "Stdin handler" [_thread_blocked, id=5249, stack(0x00007f731d493000,0x00007f731d594000)]
  0x00007f730c005800 JavaThread "Cancel handler" [_thread_blocked, id=5247, stack(0x00007f731f654000,0x00007f731f755000)]
  0x00007f730c008800 JavaThread "Handler for socket connection from /127.0.0.1:35721 to /127.0.0.1:40943" [_thread_in_native, id=5246, stack(0x00007f731f755000,0x00007f731f856000)]
  0x00007f7308678000 JavaThread "File lock request listener" [_thread_in_native, id=4799, stack(0x00007f731f2a5000,0x00007f731f3a6000)]
  0x00007f7308593000 JavaThread "process reaper" daemon [_thread_blocked, id=4712, stack(0x00007f731f3a6000,0x00007f731f3df000)]
  0x00007f730c00e000 JavaThread "Daemon worker" [_thread_in_Java, id=4707, stack(0x00007f731f553000,0x00007f731f654000)]
  0x00007f731402f800 JavaThread "Daemon" [_thread_blocked, id=4704, stack(0x00007f731f856000,0x00007f731f957000)]
  0x00007f7354a94800 JavaThread "Incoming local TCP Connector on port 35721" [_thread_in_native, id=4703, stack(0x00007f731f957000,0x00007f731fa58000)]
  0x00007f73540b0800 JavaThread "Service Thread" daemon [_thread_blocked, id=4691, stack(0x00007f734d8e6000,0x00007f734d9e7000)]
=>0x00007f73540ae000 JavaThread "C2 CompilerThread1" daemon [_thread_in_native, id=4690, stack(0x00007f734d9e7000,0x00007f734dae8000)]
  0x00007f73540ab000 JavaThread "C2 CompilerThread0" daemon [_thread_in_native, id=4689, stack(0x00007f734dae8000,0x00007f734dbe9000)]
  0x00007f73540a9000 JavaThread "Signal Dispatcher" daemon [_thread_blocked, id=4688, stack(0x00007f734dbe9000,0x00007f734dcea000)]
  0x00007f735407c000 JavaThread "Finalizer" daemon [_thread_blocked, id=4687, stack(0x00007f734e4fd000,0x00007f734e5fe000)]
  0x00007f735407a000 JavaThread "Reference Handler" daemon [_thread_blocked, id=4686, stack(0x00007f734e5fe000,0x00007f734e6ff000)]
  0x00007f735400a000 JavaThread "main" [_thread_blocked, id=4677, stack(0x00007f735d177000,0x00007f735d278000)]

Other Threads:
  0x00007f7354075800 VMThread [stack: 0x00007f734e6ff000,0x00007f734e800000] [id=4685]
  0x00007f73540bb000 WatcherThread [stack: 0x00007f734d7e5000,0x00007f734d8e6000] [id=4692]

VM state:not at safepoint (normal execution)

VM Mutex/Monitor currently owned by a thread: None

Heap
 PSYoungGen      total 309248K, used 48003K [0x00000000eaa80000, 0x0000000100000000, 0x0000000100000000)
  eden space 268800K, 17% used [0x00000000eaa80000,0x00000000ed960f80,0x00000000fb100000)
  from space 40448K, 0% used [0x00000000fd880000,0x00000000fd880000,0x0000000100000000)
  to   space 40448K, 0% used [0x00000000fb100000,0x00000000fb100000,0x00000000fd880000)
 ParOldGen       total 172544K, used 38419K [0x00000000c0000000, 0x00000000ca880000, 0x00000000eaa80000)
  object space 172544K, 22% used [0x00000000c0000000,0x00000000c2584f60,0x00000000ca880000)
 PSPermGen       total 111616K, used 49781K [0x00000000b0000000, 0x00000000b6d00000, 0x00000000c0000000)
  object space 111616K, 44% used [0x00000000b0000000,0x00000000b309d538,0x00000000b6d00000)

Card table byte_map: [0x00007f7359b38000,0x00007f7359db9000] byte_map_base: 0x00007f73595b8000

Polling page: 0x00007f735d2a1000

Code Cache  [0x00007f7351000000, 0x00007f7351710000, 0x00007f7354000000)
 total_blobs=2557 nmethods=1873 adapters=636 free_code_cache=42154Kb largest_free_block=42926080

Compilation events (10 events):
Event: 106,670 Thread 0x00007f73540ae000 nmethod 2254 0x00007f7351684890 code [0x00007f73516849e0, 0x00007f7351684a98]
Event: 106,676 Thread 0x00007f73540ab000 nmethod 2252 0x00007f73516be190 code [0x00007f73516be3a0, 0x00007f73516bed88]
Event: 106,689 Thread 0x00007f73540ae000 2255             com.sun.org.apache.xerces.internal.xni.XMLString::<init> (5 bytes)
Event: 106,689 Thread 0x00007f73540ae000 nmethod 2255 0x00007f73510b4e90 code [0x00007f73510b4fc0, 0x00007f73510b5018]
Event: 106,723 Thread 0x00007f73540ab000 2256             com.sun.org.apache.xerces.internal.impl.XMLDocumentFragmentScannerImpl::scanStartElement (440 bytes)
Event: 106,734 Thread 0x00007f73540ae000 2257             com.sun.org.apache.xerces.internal.dom.DeferredDocumentImpl::getNodeObject (510 bytes)
Event: 106,754 Thread 0x00007f73540ae000 nmethod 2257 0x00007f73514fe0d0 code [0x00007f73514fe3c0, 0x00007f73514fedd8]
Event: 106,790 Thread 0x00007f73540ab000 nmethod 2256 0x00007f735170cbd0 code [0x00007f735170cf80, 0x00007f735170e508]
Event: 106,805 Thread 0x00007f73540ae000 2258             com.sun.org.apache.xerces.internal.parsers.AbstractDOMParser::startElement (876 bytes)
Event: 106,819 Thread 0x00007f73540ab000 2259             com.sun.org.apache.xerces.internal.impl.dtd.XMLDTDValidator::handleStartElement (508 bytes)

GC Heap History (10 events):
Event: 49,235 GC heap before
{Heap before GC invocations=12 (full 0):
 PSYoungGen      total 218624K, used 207168K [0x00000000eaa80000, 0x0000000100000000, 0x0000000100000000)
  eden space 197120K, 100% used [0x00000000eaa80000,0x00000000f6b00000,0x00000000f6b00000)
  from space 21504K, 46% used [0x00000000f6b00000,0x00000000f74d0168,0x00000000f8000000)
  to   space 20480K, 0% used [0x00000000fec00000,0x00000000fec00000,0x0000000100000000)
 ParOldGen       total 83968K, used 47669K [0x00000000c0000000, 0x00000000c5200000, 0x00000000eaa80000)
  object space 83968K, 56% used [0x00000000c0000000,0x00000000c2e8d708,0x00000000c5200000)
 PSPermGen       total 49664K, used 49494K [0x00000000b0000000, 0x00000000b3080000, 0x00000000c0000000)
  object space 49664K, 99% used [0x00000000b0000000,0x00000000b3055820,0x00000000b3080000)
Event: 49,482 GC heap after
Heap after GC invocations=12 (full 0):
 PSYoungGen      total 286208K, used 20480K [0x00000000eaa80000, 0x0000000100000000, 0x0000000100000000)
  eden space 265728K, 0% used [0x00000000eaa80000,0x00000000eaa80000,0x00000000fae00000)
  from space 20480K, 100% used [0x00000000fec00000,0x0000000100000000,0x0000000100000000)
  to   space 41984K, 0% used [0x00000000fae00000,0x00000000fae00000,0x00000000fd700000)
 ParOldGen       total 98304K, used 98151K [0x00000000c0000000, 0x00000000c6000000, 0x00000000eaa80000)
  object space 98304K, 99% used [0x00000000c0000000,0x00000000c5fd9ca0,0x00000000c6000000)
 PSPermGen       total 49664K, used 49494K [0x00000000b0000000, 0x00000000b3080000, 0x00000000c0000000)
  object space 49664K, 99% used [0x00000000b0000000,0x00000000b3055820,0x00000000b3080000)
}
Event: 49,482 GC heap before
{Heap before GC invocations=13 (full 1):
 PSYoungGen      total 286208K, used 20480K [0x00000000eaa80000, 0x0000000100000000, 0x0000000100000000)
  eden space 265728K, 0% used [0x00000000eaa80000,0x00000000eaa80000,0x00000000fae00000)
  from space 20480K, 100% used [0x00000000fec00000,0x0000000100000000,0x0000000100000000)
  to   space 41984K, 0% used [0x00000000fae00000,0x00000000fae00000,0x00000000fd700000)
 ParOldGen       total 98304K, used 98151K [0x00000000c0000000, 0x00000000c6000000, 0x00000000eaa80000)
  object space 98304K, 99% used [0x00000000c0000000,0x00000000c5fd9ca0,0x00000000c6000000)
 PSPermGen       total 49664K, used 49494K [0x00000000b0000000, 0x00000000b3080000, 0x00000000c0000000)
  object space 49664K, 99% used [0x00000000b0000000,0x00000000b3055820,0x00000000b3080000)
Event: 50,643 GC heap after
Heap after GC invocations=13 (full 1):
 PSYoungGen      total 286208K, used 9198K [0x00000000eaa80000, 0x0000000100000000, 0x0000000100000000)
  eden space 265728K, 0% used [0x00000000eaa80000,0x00000000eaa80000,0x00000000fae00000)
  from space 20480K, 44% used [0x00000000fec00000,0x00000000ff4fb938,0x0000000100000000)
  to   space 41984K, 0% used [0x00000000fae00000,0x00000000fae00000,0x00000000fd700000)
 ParOldGen       total 172544K, used 98258K [0x00000000c0000000, 0x00000000ca880000, 0x00000000eaa80000)
  object space 172544K, 56% used [0x00000000c0000000,0x00000000c5ff49a0,0x00000000ca880000)
 PSPermGen       total 98304K, used 48612K [0x00000000b0000000, 0x00000000b6000000, 0x00000000c0000000)
  object space 98304K, 49% used [0x00000000b0000000,0x00000000b2f79040,0x00000000b6000000)
}
Event: 59,404 GC heap before
{Heap before GC invocations=14 (full 1):
 PSYoungGen      total 286208K, used 274926K [0x00000000eaa80000, 0x0000000100000000, 0x0000000100000000)
  eden space 265728K, 100% used [0x00000000eaa80000,0x00000000fae00000,0x00000000fae00000)
  from space 20480K, 44% used [0x00000000fec00000,0x00000000ff4fb938,0x0000000100000000)
  to   space 41984K, 0% used [0x00000000fae00000,0x00000000fae00000,0x00000000fd700000)
 ParOldGen       total 172544K, used 98258K [0x00000000c0000000, 0x00000000ca880000, 0x00000000eaa80000)
  object space 172544K, 56% used [0x00000000c0000000,0x00000000c5ff49a0,0x00000000ca880000)
 PSPermGen       total 98304K, used 49522K [0x00000000b0000000, 0x00000000b6000000, 0x00000000c0000000)
  object space 98304K, 50% used [0x00000000b0000000,0x00000000b305c9a0,0x00000000b6000000)
Event: 59,534 GC heap after
Heap after GC invocations=14 (full 1):
 PSYoungGen      total 307712K, used 12257K [0x00000000eaa80000, 0x0000000100000000, 0x0000000100000000)
  eden space 265728K, 0% used [0x00000000eaa80000,0x00000000eaa80000,0x00000000fae00000)
  from space 41984K, 29% used [0x00000000fae00000,0x00000000fb9f8670,0x00000000fd700000)
  to   space 40448K, 0% used [0x00000000fd880000,0x00000000fd880000,0x0000000100000000)
 ParOldGen       total 172544K, used 105197K [0x00000000c0000000, 0x00000000ca880000, 0x00000000eaa80000)
  object space 172544K, 60% used [0x00000000c0000000,0x00000000c66bb6f0,0x00000000ca880000)
 PSPermGen       total 98304K, used 49522K [0x00000000b0000000, 0x00000000b6000000, 0x00000000c0000000)
  object space 98304K, 50% used [0x00000000b0000000,0x00000000b305c9a0,0x00000000b6000000)
}
Event: 92,681 GC heap before
{Heap before GC invocations=15 (full 1):
 PSYoungGen      total 307712K, used 26815K [0x00000000eaa80000, 0x0000000100000000, 0x0000000100000000)
  eden space 265728K, 5% used [0x00000000eaa80000,0x00000000eb8b7858,0x00000000fae00000)
  from space 41984K, 29% used [0x00000000fae00000,0x00000000fb9f8670,0x00000000fd700000)
  to   space 40448K, 0% used [0x00000000fd880000,0x00000000fd880000,0x0000000100000000)
 ParOldGen       total 172544K, used 105197K [0x00000000c0000000, 0x00000000ca880000, 0x00000000eaa80000)
  object space 172544K, 60% used [0x00000000c0000000,0x00000000c66bb6f0,0x00000000ca880000)
 PSPermGen       total 98304K, used 49650K [0x00000000b0000000, 0x00000000b6000000, 0x00000000c0000000)
  object space 98304K, 50% used [0x00000000b0000000,0x00000000b307cae0,0x00000000b6000000)
Event: 92,717 GC heap after
Heap after GC invocations=15 (full 1):
 PSYoungGen      total 309248K, used 346K [0x00000000eaa80000, 0x0000000100000000, 0x0000000100000000)
  eden space 268800K, 0% used [0x00000000eaa80000,0x00000000eaa80000,0x00000000fb100000)
  from space 40448K, 0% used [0x00000000fd880000,0x00000000fd8d68e0,0x0000000100000000)
  to   space 40448K, 0% used [0x00000000fb100000,0x00000000fb100000,0x00000000fd880000)
 ParOldGen       total 172544K, used 116693K [0x00000000c0000000, 0x00000000ca880000, 0x00000000eaa80000)
  object space 172544K, 67% used [0x00000000c0000000,0x00000000c71f5700,0x00000000ca880000)
 PSPermGen       total 98304K, used 49650K [0x00000000b0000000, 0x00000000b6000000, 0x00000000c0000000)
  object space 98304K, 50% used [0x00000000b0000000,0x00000000b307cae0,0x00000000b6000000)
}
Event: 92,717 GC heap before
{Heap before GC invocations=16 (full 2):
 PSYoungGen      total 309248K, used 346K [0x00000000eaa80000, 0x0000000100000000, 0x0000000100000000)
  eden space 268800K, 0% used [0x00000000eaa80000,0x00000000eaa80000,0x00000000fb100000)
  from space 40448K, 0% used [0x00000000fd880000,0x00000000fd8d68e0,0x0000000100000000)
  to   space 40448K, 0% used [0x00000000fb100000,0x00000000fb100000,0x00000000fd880000)
 ParOldGen       total 172544K, used 116693K [0x00000000c0000000, 0x00000000ca880000, 0x00000000eaa80000)
  object space 172544K, 67% used [0x00000000c0000000,0x00000000c71f5700,0x00000000ca880000)
 PSPermGen       total 98304K, used 49650K [0x00000000b0000000, 0x00000000b6000000, 0x00000000c0000000)
  object space 98304K, 50% used [0x00000000b0000000,0x00000000b307cae0,0x00000000b6000000)
Event: 93,005 GC heap after
Heap after GC invocations=16 (full 2):
 PSYoungGen      total 309248K, used 0K [0x00000000eaa80000, 0x0000000100000000, 0x0000000100000000)
  eden space 268800K, 0% used [0x00000000eaa80000,0x00000000eaa80000,0x00000000fb100000)
  from space 40448K, 0% used [0x00000000fd880000,0x00000000fd880000,0x0000000100000000)
  to   space 40448K, 0% used [0x00000000fb100000,0x00000000fb100000,0x00000000fd880000)
 ParOldGen       total 172544K, used 38419K [0x00000000c0000000, 0x00000000ca880000, 0x00000000eaa80000)
  object space 172544K, 22% used [0x00000000c0000000,0x00000000c2584f60,0x00000000ca880000)
 PSPermGen       total 111616K, used 49647K [0x00000000b0000000, 0x00000000b6d00000, 0x00000000c0000000)
  object space 111616K, 44% used [0x00000000b0000000,0x00000000b307bf00,0x00000000b6d00000)
}

Deoptimization events (10 events):
Event: 106,308 Thread 0x00007f730c00e000 Uncommon trap: reason=class_check action=maybe_recompile pc=0x00007f73514096fc method=org.gradle.model.internal.core.ModelPath.compareTo(Ljava/lang/Object;)I @ 2
Event: 106,308 Thread 0x00007f730c00e000 Uncommon trap: reason=class_check action=maybe_recompile pc=0x00007f73514096fc method=org.gradle.model.internal.core.ModelPath.compareTo(Ljava/lang/Object;)I @ 2
Event: 106,308 Thread 0x00007f730c00e000 Uncommon trap: reason=class_check action=maybe_recompile pc=0x00007f73514096fc method=org.gradle.model.internal.core.ModelPath.compareTo(Ljava/lang/Object;)I @ 2
Event: 106,308 Thread 0x00007f730c00e000 Uncommon trap: reason=class_check action=maybe_recompile pc=0x00007f73514096fc method=org.gradle.model.internal.core.ModelPath.compareTo(Ljava/lang/Object;)I @ 2
Event: 106,370 Thread 0x00007f730c00e000 Uncommon trap: reason=bimorphic action=maybe_recompile pc=0x00007f73514a2370 method=java.io.FilterInputStream.read([BII)I @ 7
Event: 106,370 Thread 0x00007f730c00e000 Uncommon trap: reason=bimorphic action=maybe_recompile pc=0x00007f73514a2370 method=java.io.FilterInputStream.read([BII)I @ 7
Event: 106,374 Thread 0x00007f730c00e000 Uncommon trap: reason=class_check action=maybe_recompile pc=0x00007f73513852b8 method=com.google.common.base.Equivalence.hash(Ljava/lang/Object;)I @ 8
Event: 106,379 Thread 0x00007f730c00e000 Uncommon trap: reason=class_check action=maybe_recompile pc=0x00007f73513852b8 method=com.google.common.base.Equivalence.hash(Ljava/lang/Object;)I @ 8
Event: 106,379 Thread 0x00007f730c00e000 Uncommon trap: reason=class_check action=maybe_recompile pc=0x00007f73513852b8 method=com.google.common.base.Equivalence.hash(Ljava/lang/Object;)I @ 8
Event: 106,379 Thread 0x00007f730c00e000 Uncommon trap: reason=class_check action=maybe_recompile pc=0x00007f73513852b8 method=com.google.common.base.Equivalence.hash(Ljava/lang/Object;)I @ 8

Internal exceptions (10 events):
Event: 106,353 Thread 0x00007f730c00e000 Threw 0x00000000ebda3998 at /build/openjdk-7-65SuYz/openjdk-7-7u85-2.6.1/build/openjdk/hotspot/src/share/vm/prims/jvm.cpp:1322
Event: 106,353 Thread 0x00007f730c00e000 Threw 0x00000000ebdabdd8 at /build/openjdk-7-65SuYz/openjdk-7-7u85-2.6.1/build/openjdk/hotspot/src/share/vm/prims/jvm.cpp:1322
Event: 106,354 Thread 0x00007f730c00e000 Threw 0x00000000ebdb0e28 at /build/openjdk-7-65SuYz/openjdk-7-7u85-2.6.1/build/openjdk/hotspot/src/share/vm/prims/jvm.cpp:1322
Event: 106,355 Thread 0x00007f730c00e000 Threw 0x00000000ebdb7100 at /build/openjdk-7-65SuYz/openjdk-7-7u85-2.6.1/build/openjdk/hotspot/src/share/vm/prims/jvm.cpp:1322
Event: 106,355 Thread 0x00007f730c00e000 Threw 0x00000000ebdb8110 at /build/openjdk-7-65SuYz/openjdk-7-7u85-2.6.1/build/openjdk/hotspot/src/share/vm/prims/jvm.cpp:1322
Event: 106,355 Thread 0x00007f730c00e000 Threw 0x00000000ebdc1048 at /build/openjdk-7-65SuYz/openjdk-7-7u85-2.6.1/build/openjdk/hotspot/src/share/vm/prims/jvm.cpp:1322
Event: 106,361 Thread 0x00007f730c00e000 Threw 0x00000000ebde7120 at /build/openjdk-7-65SuYz/openjdk-7-7u85-2.6.1/build/openjdk/hotspot/src/share/vm/prims/jvm.cpp:1322
Event: 106,363 Thread 0x00007f730c00e000 Threw 0x00000000ebdedc58 at /build/openjdk-7-65SuYz/openjdk-7-7u85-2.6.1/build/openjdk/hotspot/src/share/vm/prims/jvm.cpp:1322
Event: 106,363 Thread 0x00007f730c00e000 Threw 0x00000000ebdeef20 at /build/openjdk-7-65SuYz/openjdk-7-7u85-2.6.1/build/openjdk/hotspot/src/share/vm/prims/jvm.cpp:1322
Event: 106,363 Thread 0x00007f730c00e000 Threw 0x00000000ebdf8db8 at /build/openjdk-7-65SuYz/openjdk-7-7u85-2.6.1/build/openjdk/hotspot/src/share/vm/prims/jvm.cpp:1322

Events (10 events):
Event: 106,790 Thread 0x00007f73540ab000 flushing nmethod 0x00007f73516c3710
Event: 106,790 Thread 0x00007f73540ab000 flushing nmethod 0x00007f73516c4a10
Event: 106,790 Thread 0x00007f73540ab000 flushing nmethod 0x00007f73516c7e90
Event: 106,790 Thread 0x00007f73540ab000 flushing nmethod 0x00007f73516c8c90
Event: 106,790 Thread 0x00007f73540ab000 flushing nmethod 0x00007f73516cf910
Event: 106,790 Thread 0x00007f73540ab000 flushing nmethod 0x00007f73516d1d90
Event: 106,790 Thread 0x00007f73540ab000 flushing nmethod 0x00007f73516d4ad0
Event: 106,790 Thread 0x00007f73540ab000 flushing nmethod 0x00007f73516d8410
Event: 106,790 Thread 0x00007f73540ab000 flushing nmethod 0x00007f73516e6ed0
Event: 106,790 Thread 0x00007f73540ab000 flushing nmethod 0x00007f73516eac50


Dynamic libraries:
00400000-00401000 r-xp 00000000 08:02 2755005                            /usr/lib/jvm/java-7-openjdk-amd64/jre/bin/java
00600000-00601000 r--p 00000000 08:02 2755005                            /usr/lib/jvm/java-7-openjdk-amd64/jre/bin/java
00601000-00602000 rw-p 00001000 08:02 2755005                            /usr/lib/jvm/java-7-openjdk-amd64/jre/bin/java
02106000-02127000 rw-p 00000000 00:00 0                                  [heap]
b0000000-b6d00000 rw-p 00000000 00:00 0 
b6d00000-c0000000 rw-p 00000000 00:00 0 
c0000000-ca880000 rw-p 00000000 00:00 0 
ca880000-eaa80000 rw-p 00000000 00:00 0 
eaa80000-100000000 rw-p 00000000 00:00 0 
7f72e4000000-7f72e4021000 rw-p 00000000 00:00 0 
7f72e4021000-7f72e8000000 ---p 00000000 00:00 0 
7f72e8000000-7f72e8021000 rw-p 00000000 00:00 0 
7f72e8021000-7f72ec000000 ---p 00000000 00:00 0 
7f72ec000000-7f72ec021000 rw-p 00000000 00:00 0 
7f72ec021000-7f72f0000000 ---p 00000000 00:00 0 
7f72f0000000-7f72f0021000 rw-p 00000000 00:00 0 
7f72f0021000-7f72f4000000 ---p 00000000 00:00 0 
7f72f4000000-7f72f4021000 rw-p 00000000 00:00 0 
7f72f4021000-7f72f8000000 ---p 00000000 00:00 0 
7f72f8000000-7f72f8021000 rw-p 00000000 00:00 0 
7f72f8021000-7f72fc000000 ---p 00000000 00:00 0 
7f72fc000000-7f72fc021000 rw-p 00000000 00:00 0 
7f72fc021000-7f7300000000 ---p 00000000 00:00 0 
7f7300000000-7f7300021000 rw-p 00000000 00:00 0 
7f7300021000-7f7304000000 ---p 00000000 00:00 0 
7f7304000000-7f7304021000 rw-p 00000000 00:00 0 
7f7304021000-7f7308000000 ---p 00000000 00:00 0 
7f7308000000-7f730915b000 rw-p 00000000 00:00 0 
7f730915b000-7f730c000000 ---p 00000000 00:00 0 
7f730c000000-7f730c021000 rw-p 00000000 00:00 0 
7f730c021000-7f7310000000 ---p 00000000 00:00 0 
7f7310000000-7f7310021000 rw-p 00000000 00:00 0 
7f7310021000-7f7314000000 ---p 00000000 00:00 0 
7f7314000000-7f731406a000 rw-p 00000000 00:00 0 
7f731406a000-7f7318000000 ---p 00000000 00:00 0 
7f7318000000-7f7318021000 rw-p 00000000 00:00 0 
7f7318021000-7f731c000000 ---p 00000000 00:00 0 
7f731d08f000-7f731d092000 ---p 00000000 00:00 0 
7f731d092000-7f731d190000 rw-p 00000000 00:00 0 
7f731d190000-7f731d193000 ---p 00000000 00:00 0 
7f731d193000-7f731d291000 rw-p 00000000 00:00 0 
7f731d291000-7f731d294000 ---p 00000000 00:00 0 
7f731d294000-7f731d392000 rw-p 00000000 00:00 0 
7f731d392000-7f731d395000 ---p 00000000 00:00 0 
7f731d395000-7f731d493000 rw-p 00000000 00:00 0 
7f731d493000-7f731d496000 ---p 00000000 00:00 0 
7f731d496000-7f731d594000 rw-p 00000000 00:00 0                          [stack:5249]
7f731d594000-7f731d59c000 r--s 00065000 08:02 1048862                    /home/ivan/.gradle/caches/modules-2/files-2.1/com.google.dagger/dagger-compiler/2.0/2c5c7cfd604076f09eac6fd0783b3eebbc125732/dagger-compiler-2.0.jar
7f731d5e2000-7f731d5e7000 r-xp 00000000 08:02 9414                       /lib/x86_64-linux-gnu/libnss_dns-2.19.so
7f731d5e7000-7f731d7e6000 ---p 00005000 08:02 9414                       /lib/x86_64-linux-gnu/libnss_dns-2.19.so
7f731d7e6000-7f731d7e7000 r--p 00004000 08:02 9414                       /lib/x86_64-linux-gnu/libnss_dns-2.19.so
7f731d7e7000-7f731d7e8000 rw-p 00005000 08:02 9414                       /lib/x86_64-linux-gnu/libnss_dns-2.19.so
7f731d7e8000-7f731d7ea000 r-xp 00000000 08:02 13475                      /lib/x86_64-linux-gnu/libnss_mdns4_minimal.so.2
7f731d7ea000-7f731d9e9000 ---p 00002000 08:02 13475                      /lib/x86_64-linux-gnu/libnss_mdns4_minimal.so.2
7f731d9e9000-7f731d9ea000 r--p 00001000 08:02 13475                      /lib/x86_64-linux-gnu/libnss_mdns4_minimal.so.2
7f731d9ea000-7f731d9eb000 rw-p 00002000 08:02 13475                      /lib/x86_64-linux-gnu/libnss_mdns4_minimal.so.2
7f731d9eb000-7f731da63000 r-xp 00000000 08:02 48299                      /usr/lib/x86_64-linux-gnu/nss/libfreebl3.so
7f731da63000-7f731dc63000 ---p 00078000 08:02 48299                      /usr/lib/x86_64-linux-gnu/nss/libfreebl3.so
7f731dc63000-7f731dc65000 r--p 00078000 08:02 48299                      /usr/lib/x86_64-linux-gnu/nss/libfreebl3.so
7f731dc65000-7f731dc66000 rw-p 0007a000 08:02 48299                      /usr/lib/x86_64-linux-gnu/nss/libfreebl3.so
7f731dc66000-7f731dc6a000 rw-p 00000000 00:00 0 
7f731dc6a000-7f731dd1e000 r-xp 00000000 08:02 29049                      /usr/lib/x86_64-linux-gnu/libsqlite3.so.0.8.6
7f731dd1e000-7f731df1e000 ---p 000b4000 08:02 29049                      /usr/lib/x86_64-linux-gnu/libsqlite3.so.0.8.6
7f731df1e000-7f731df20000 r--p 000b4000 08:02 29049                      /usr/lib/x86_64-linux-gnu/libsqlite3.so.0.8.6
7f731df20000-7f731df22000 rw-p 000b6000 08:02 29049                      /usr/lib/x86_64-linux-gnu/libsqlite3.so.0.8.6
7f731df22000-7f731df23000 rw-p 00000000 00:00 0 
7f731df23000-7f731df63000 r-xp 00000000 08:02 48297                      /usr/lib/x86_64-linux-gnu/nss/libsoftokn3.so
7f731df63000-7f731e163000 ---p 00040000 08:02 48297                      /usr/lib/x86_64-linux-gnu/nss/libsoftokn3.so
7f731e163000-7f731e164000 r--p 00040000 08:02 48297                      /usr/lib/x86_64-linux-gnu/nss/libsoftokn3.so
7f731e164000-7f731e165000 rw-p 00041000 08:02 48297                      /usr/lib/x86_64-linux-gnu/nss/libsoftokn3.so
7f731e165000-7f731e19d000 r-xp 00000000 08:02 28851                      /usr/lib/x86_64-linux-gnu/libnspr4.so
7f731e19d000-7f731e39d000 ---p 00038000 08:02 28851                      /usr/lib/x86_64-linux-gnu/libnspr4.so
7f731e39d000-7f731e39e000 r--p 00038000 08:02 28851                      /usr/lib/x86_64-linux-gnu/libnspr4.so
7f731e39e000-7f731e39f000 rw-p 00039000 08:02 28851                      /usr/lib/x86_64-linux-gnu/libnspr4.so
7f731e39f000-7f731e3a2000 rw-p 00000000 00:00 0 
7f731e3a2000-7f731e3a5000 r-xp 00000000 08:02 28915                      /usr/lib/x86_64-linux-gnu/libplds4.so
7f731e3a5000-7f731e5a4000 ---p 00003000 08:02 28915                      /usr/lib/x86_64-linux-gnu/libplds4.so
7f731e5a4000-7f731e5a5000 r--p 00002000 08:02 28915                      /usr/lib/x86_64-linux-gnu/libplds4.so
7f731e5a5000-7f731e5a6000 rw-p 00003000 08:02 28915                      /usr/lib/x86_64-linux-gnu/libplds4.so
7f731e5a6000-7f731e5aa000 r-xp 00000000 08:02 28914                      /usr/lib/x86_64-linux-gnu/libplc4.so
7f731e5aa000-7f731e7a9000 ---p 00004000 08:02 28914                      /usr/lib/x86_64-linux-gnu/libplc4.so
7f731e7a9000-7f731e7aa000 r--p 00003000 08:02 28914                      /usr/lib/x86_64-linux-gnu/libplc4.so
7f731e7aa000-7f731e7ab000 rw-p 00004000 08:02 28914                      /usr/lib/x86_64-linux-gnu/libplc4.so
7f731e7ab000-7f731e7d0000 r-xp 00000000 08:02 23353                      /usr/lib/x86_64-linux-gnu/libnssutil3.so
7f731e7d0000-7f731e9cf000 ---p 00025000 08:02 23353                      /usr/lib/x86_64-linux-gnu/libnssutil3.so
7f731e9cf000-7f731e9d5000 r--p 00024000 08:02 23353                      /usr/lib/x86_64-linux-gnu/libnssutil3.so
7f731e9d5000-7f731e9d6000 rw-p 0002a000 08:02 23353                      /usr/lib/x86_64-linux-gnu/libnssutil3.so
7f731e9d6000-7f731eb09000 r-xp 00000000 08:02 23354                      /usr/lib/x86_64-linux-gnu/libnss3.so
7f731eb09000-7f731ed08000 ---p 00133000 08:02 23354                      /usr/lib/x86_64-linux-gnu/libnss3.so
7f731ed08000-7f731ed0d000 r--p 00132000 08:02 23354                      /usr/lib/x86_64-linux-gnu/libnss3.so
7f731ed0d000-7f731ed0f000 rw-p 00137000 08:02 23354                      /usr/lib/x86_64-linux-gnu/libnss3.so
7f731ed0f000-7f731ed10000 rw-p 00000000 00:00 0 
7f731ed34000-7f731ed35000 rw-p 00000000 00:00 0 
7f731ed35000-7f731ed45000 r-xp 00000000 08:02 2626413                    /usr/lib/jvm/java-7-openjdk-amd64/jre/lib/amd64/libj2pkcs11.so
7f731ed45000-7f731ef44000 ---p 00010000 08:02 2626413                    /usr/lib/jvm/java-7-openjdk-amd64/jre/lib/amd64/libj2pkcs11.so
7f731ef44000-7f731ef45000 r--p 0000f000 08:02 2626413                    /usr/lib/jvm/java-7-openjdk-amd64/jre/lib/amd64/libj2pkcs11.so
7f731ef45000-7f731ef46000 rw-p 00010000 08:02 2626413                    /usr/lib/jvm/java-7-openjdk-amd64/jre/lib/amd64/libj2pkcs11.so
7f731ef46000-7f731ef48000 r--s 00018000 08:02 2626351                    /usr/lib/jvm/java-7-openjdk-amd64/jre/lib/jce.jar
7f731ef48000-7f731ef50000 r-xp 00000000 08:02 2626390                    /usr/lib/jvm/java-7-openjdk-amd64/jre/lib/amd64/libmanagement.so
7f731ef50000-7f731f14f000 ---p 00008000 08:02 2626390                    /usr/lib/jvm/java-7-openjdk-amd64/jre/lib/amd64/libmanagement.so
7f731f14f000-7f731f150000 r--p 00007000 08:02 2626390                    /usr/lib/jvm/java-7-openjdk-amd64/jre/lib/amd64/libmanagement.so
7f731f150000-7f731f151000 rw-p 00008000 08:02 2626390                    /usr/lib/jvm/java-7-openjdk-amd64/jre/lib/amd64/libmanagement.so
7f731f151000-7f731f152000 r--s 00004000 08:02 2759055                    /home/ivan/tools/android/android-studio/gradle/m2repository/com/intellij/annotations/12.0/annotations-12.0.jar
7f731f152000-7f731f154000 r--s 0000d000 08:02 2759096                    /home/ivan/tools/android/android-studio/gradle/m2repository/commons-codec/commons-codec/1.4/commons-codec-1.4.jar
7f731f154000-7f731f156000 r--s 0000d000 08:02 28313190                   /home/ivan/tools/android/android-studio/gradle/m2repository/commons-logging/commons-logging/1.1.1/commons-logging-1.1.1.jar
7f731f156000-7f731f15b000 r--s 00028000 08:02 28837451                   /home/ivan/tools/android/android-studio/gradle/m2repository/org/apache/httpcomponents/httpcore/4.1/httpcore-4.1.jar
7f731f15b000-7f731f163000 r--s 000a8000 08:02 31606554                   /home/ivan/tools/android/android-studio/gradle/m2repository/com/android/tools/external/lombok/lombok-ast/0.2.3/lombok-ast-0.2.3.jar
7f731f163000-7f731f165000 r--s 00005000 08:02 28444458                   /home/ivan/tools/android/android-studio/gradle/m2repository/org/abego/treelayout/org.abego.treelayout.core/1.0.1/org.abego.treelayout.core-1.0.1.jar
7f731f165000-7f731f166000 r--s 0000a000 08:02 2759092                    /home/ivan/tools/android/android-studio/gradle/m2repository/net/sf/kxml/kxml2/2.3.0/kxml2-2.3.0.jar
7f731f166000-7f731f167000 r--s 00005000 08:02 2752550                    /home/ivan/tools/android/android-studio/gradle/m2repository/com/android/tools/dvlib/24.5.0/dvlib-24.5.0.jar
7f731f167000-7f731f16e000 r--s 00053000 08:02 28968388                   /home/ivan/tools/android/android-studio/gradle/m2repository/org/apache/commons/commons-compress/1.8.1/commons-compress-1.8.1.jar
7f731f16e000-7f731f173000 r--s 0002a000 08:02 30676744                   /home/ivan/tools/android/android-studio/gradle/m2repository/com/google/code/gson/gson/2.2.4/gson-2.2.4.jar
7f731f173000-7f731f176000 r--s 00013000 08:02 31854201                   /home/ivan/tools/android/android-studio/gradle/m2repository/com/android/tools/layoutlib/layoutlib-api/24.5.0/layoutlib-api-24.5.0.jar
7f731f176000-7f731f178000 r--s 00005000 08:02 28837444                   /home/ivan/tools/android/android-studio/gradle/m2repository/org/apache/httpcomponents/httpmime/4.1/httpmime-4.1.jar
7f731f178000-7f731f180000 r--s 0004e000 08:02 28968380                   /home/ivan/tools/android/android-studio/gradle/m2repository/org/apache/httpcomponents/httpclient/4.1.1/httpclient-4.1.1.jar
7f731f180000-7f731f183000 r--s 0002d000 08:02 31462666                   /home/ivan/tools/android/android-studio/gradle/m2repository/com/android/tools/lint/lint-api/24.5.0/lint-api-24.5.0.jar
7f731f183000-7f731f184000 r--s 00004000 08:02 29623624                   /home/ivan/tools/android/android-studio/gradle/m2repository/org/ow2/asm/asm-analysis/5.0.3/asm-analysis-5.0.3.jar
7f731f184000-7f731f188000 r--s 00037000 08:02 28313210                   /home/ivan/tools/android/android-studio/gradle/m2repository/org/antlr/ST4/4.0.8/ST4-4.0.8.jar
7f731f188000-7f731f189000 r--s 00002000 08:02 30676751                   /home/ivan/tools/android/android-studio/gradle/m2repository/com/tunnelvisionlabs/antlr4-annotations/4.5/antlr4-annotations-4.5.jar
7f731f189000-7f731f190000 r--s 00062000 08:02 30017461                   /home/ivan/tools/android/android-studio/gradle/m2repository/com/tunnelvisionlabs/antlr4-runtime/4.5/antlr4-runtime-4.5.jar
7f731f190000-7f731f19e000 r--s 00081000 08:02 29230164                   /home/ivan/tools/android/android-studio/gradle/m2repository/org/bouncycastle/bcpkix-jdk15on/1.48/bcpkix-jdk15on-1.48.jar
7f731f19e000-7f731f1a0000 r--s 00005000 08:02 2759048                    /home/ivan/tools/android/android-studio/gradle/m2repository/com/android/tools/jill/jill-api/0.9.0/jill-api-0.9.0.jar
7f731f1a0000-7f731f1a4000 r--s 00027000 08:02 2757179                    /home/ivan/tools/android/android-studio/gradle/m2repository/com/android/tools/build/manifest-merger/24.5.0/manifest-merger-24.5.0.jar
7f731f1a4000-7f731f1a9000 r--s 00047000 08:02 2752628                    /home/ivan/tools/android/android-studio/gradle/m2repository/com/android/tools/ddms/ddmlib/24.5.0/ddmlib-24.5.0.jar
7f731f1a9000-7f731f1ab000 r--s 00006000 08:02 31199226                   /home/ivan/tools/android/android-studio/gradle/m2repository/com/android/tools/jack/jack-api/0.9.0/jack-api-0.9.0.jar
7f731f1ab000-7f731f1ac000 r--s 0000c000 08:02 29755695                   /home/ivan/tools/android/android-studio/gradle/m2repository/org/ow2/asm/asm/5.0.3/asm-5.0.3.jar
7f731f1ac000-7f731f1ad000 r--s 00002000 08:02 2758969                    /home/ivan/tools/android/android-studio/gradle/m2repository/com/android/tools/build/builder-test-api/1.5.0/builder-test-api-1.5.0.jar
7f731f1ad000-7f731f1b0000 r--s 00026000 08:02 28313205                   /home/ivan/tools/android/android-studio/gradle/m2repository/org/antlr/antlr-runtime/3.5.2/antlr-runtime-3.5.2.jar
7f731f1b0000-7f731f1ba000 r--s 000ab000 08:02 2752613                    /home/ivan/tools/android/android-studio/gradle/m2repository/com/android/tools/sdklib/24.5.0/sdklib-24.5.0.jar
7f731f1ba000-7f731f1bc000 r--s 00002000 08:02 30017450                   /home/ivan/tools/android/android-studio/gradle/m2repository/com/squareup/javawriter/2.5.0/javawriter-2.5.0.jar
7f731f1bc000-7f731f1be000 r--s 00016000 08:02 2757143                    /home/ivan/tools/android/android-studio/gradle/m2repository/com/android/tools/common/24.5.0/common-24.5.0.jar
7f731f1be000-7f731f1c0000 r--s 00006000 08:02 29885961                   /home/ivan/tools/android/android-studio/gradle/m2repository/org/ow2/asm/asm-tree/5.0.3/asm-tree-5.0.3.jar
7f731f1c0000-7f731f1c2000 r--s 00005000 08:02 2757281                    /home/ivan/tools/android/android-studio/gradle/m2repository/com/android/tools/build/builder-model/1.5.0/builder-model-1.5.0.jar
7f731f1c2000-7f731f1f5000 r--s 00203000 08:02 29492123                   /home/ivan/tools/android/android-studio/gradle/m2repository/org/bouncycastle/bcprov-jdk15on/1.48/bcprov-jdk15on-1.48.jar
7f731f1f5000-7f731f1fd000 r--s 00079000 08:02 2752933                    /home/ivan/tools/android/android-studio/gradle/m2repository/com/android/tools/sdk-common/24.5.0/sdk-common-24.5.0.jar
7f731f1fd000-7f731f20f000 r--s 00223000 08:02 28575587                   /home/ivan/tools/android/android-studio/gradle/m2repository/org/eclipse/jdt/core/compiler/ecj/4.4.2/ecj-4.4.2.jar
7f731f20f000-7f731f215000 r--s 000af000 08:02 31330796                   /home/ivan/tools/android/android-studio/gradle/m2repository/com/android/tools/lint/lint-checks/24.5.0/lint-checks-24.5.0.jar
7f731f215000-7f731f225000 r--s 000d6000 08:02 2759067                    /home/ivan/tools/android/android-studio/gradle/m2repository/net/sf/proguard/proguard-base/5.2.1/proguard-base-5.2.1.jar
7f731f225000-7f731f226000 r--s 00002000 08:02 31065982                   /home/ivan/tools/android/android-studio/gradle/m2repository/com/android/databinding/baseLibrary/1.0-rc5/baseLibrary-1.0-rc5.jar
7f731f226000-7f731f22a000 r--s 0002a000 08:02 28182173                   /home/ivan/tools/android/android-studio/gradle/m2repository/commons-io/commons-io/2.4/commons-io-2.4.jar
7f731f22a000-7f731f234000 r--s 00099000 08:02 30017465                   /home/ivan/tools/android/android-studio/gradle/m2repository/com/tunnelvisionlabs/antlr4/4.5/antlr4-4.5.jar
7f731f234000-7f731f23b000 r--s 0005e000 08:02 28968393                   /home/ivan/tools/android/android-studio/gradle/m2repository/org/apache/commons/commons-lang3/3.3.2/commons-lang3-3.3.2.jar
7f731f23b000-7f731f23e000 r--s 00033000 08:02 30676772                   /home/ivan/tools/android/android-studio/gradle/m2repository/com/googlecode/juniversalchardet/juniversalchardet/1.0.3/juniversalchardet-1.0.3.jar
7f731f23e000-7f731f23f000 r--s 00001000 08:02 31724219                   /home/ivan/tools/android/android-studio/gradle/m2repository/com/android/tools/annotations/24.5.0/annotations-24.5.0.jar
7f731f23f000-7f731f26a000 r--s 001f9000 08:02 31065959                   /home/ivan/tools/android/android-studio/gradle/m2repository/com/google/guava/guava/17.0/guava-17.0.jar
7f731f26a000-7f731f26f000 r--s 00058000 08:02 29623630                   /home/ivan/tools/android/android-studio/gradle/m2repository/org/ow2/asm/asm-debug-all/5.0.1/asm-debug-all-5.0.1.jar
7f731f26f000-7f731f275000 r--s 0005a000 08:02 2757183                    /home/ivan/tools/android/android-studio/gradle/m2repository/com/android/tools/build/builder/1.5.0/builder-1.5.0.jar
7f731f275000-7f731f277000 r--s 00022000 08:02 31199233                   /home/ivan/tools/android/android-studio/gradle/m2repository/com/android/tools/lint/lint/24.5.0/lint-24.5.0.jar
7f731f277000-7f731f278000 r--s 00002000 08:02 2759078                    /home/ivan/tools/android/android-studio/gradle/m2repository/net/sf/proguard/proguard-gradle/5.2.1/proguard-gradle-5.2.1.jar
7f731f278000-7f731f27c000 r--s 00026000 08:02 31065977                   /home/ivan/tools/android/android-studio/gradle/m2repository/com/android/databinding/compilerCommon/1.0-rc5/compilerCommon-1.0-rc5.jar
7f731f27c000-7f731f27e000 r--s 00001000 08:02 2758980                    /home/ivan/tools/android/android-studio/gradle/m2repository/com/android/tools/build/transform-api/1.5.0/transform-api-1.5.0.jar
7f731f27e000-7f731f282000 r--s 0001e000 08:02 28444451                   /home/ivan/tools/android/android-studio/gradle/m2repository/org/jacoco/org.jacoco.core/0.7.4.201502262128/org.jacoco.core-0.7.4.201502262128.jar
7f731f282000-7f731f299000 r--s 0012c000 08:02 2757159                    /home/ivan/tools/android/android-studio/gradle/m2repository/com/android/tools/build/gradle-core/1.5.0/gradle-core-1.5.0.jar
7f731f299000-7f731f29b000 r--s 0000d000 08:02 2757330                    /home/ivan/tools/android/android-studio/gradle/m2repository/com/android/tools/build/gradle/1.5.0/gradle-1.5.0.jar
7f731f29b000-7f731f2a5000 r--s 000ae000 08:02 2627987                    /usr/lib/jvm/java-7-openjdk-amd64/jre/lib/resources.jar
7f731f2a5000-7f731f2a8000 ---p 00000000 00:00 0 
7f731f2a8000-7f731f3a6000 rw-p 00000000 00:00 0                          [stack:4799]
7f731f3a6000-7f731f3a9000 ---p 00000000 00:00 0 
7f731f3a9000-7f731f3df000 rw-p 00000000 00:00 0                          [stack:4712]
7f731f3df000-7f731f3e0000 r--p 00000000 00:00 0 
7f731f3e0000-7f731f44b000 r--s 0069d000 08:02 2763405                    /usr/lib/jvm/java-7-openjdk-amd64/lib/tools.jar
7f731f44b000-7f731f44e000 ---p 00000000 00:00 0 
7f731f44e000-7f731f54c000 rw-p 00000000 00:00 0 
7f731f54c000-7f731f553000 r--s 00000000 08:02 52167                      /usr/lib/x86_64-linux-gnu/gconv/gconv-modules.cache
7f731f553000-7f731f556000 ---p 00000000 00:00 0 
7f731f556000-7f731f654000 rw-p 00000000 00:00 0                          [stack:4707]
7f731f654000-7f731f657000 ---p 00000000 00:00 0 
7f731f657000-7f731f755000 rw-p 00000000 00:00 0                          [stack:5247]
7f731f755000-7f731f758000 ---p 00000000 00:00 0 
7f731f758000-7f731f856000 rw-p 00000000 00:00 0                          [stack:5246]
7f731f856000-7f731f859000 ---p 00000000 00:00 0 
7f731f859000-7f731f957000 rw-p 00000000 00:00 0                          [stack:4704]
7f731f957000-7f731f95a000 ---p 00000000 00:00 0 
7f731f95a000-7f731fa58000 rw-p 00000000 00:00 0                          [stack:4703]
7f731fa58000-7f731fa5d000 r--s 0004e000 08:02 2627980                    /usr/lib/jvm/java-7-openjdk-amd64/jre/lib/jsse.jar
7f731fa5d000-7f731fa5f000 r--s 00005000 08:02 28186656                   /home/ivan/tools/android/android-studio/gradle/gradle-2.8/lib/plugins/gradle-tooling-api-builders-2.8.jar
7f731fa5f000-7f731fa6f000 r--s 00088000 08:02 28186616                   /home/ivan/tools/android/android-studio/gradle/gradle-2.8/lib/plugins/joda-time-2.8.2.jar
7f731fa6f000-7f731fa80000 r--s 000cf000 08:02 28186710                   /home/ivan/tools/android/android-studio/gradle/gradle-2.8/lib/plugins/jackson-databind-2.3.2.jar
7f731fa80000-7f731fa82000 r--s 00007000 08:02 28186715                   /home/ivan/tools/android/android-studio/gradle/gradle-2.8/lib/plugins/jackson-annotations-2.3.2.jar
7f731fa82000-7f731fa85000 r--s 0002e000 08:02 28186719                   /home/ivan/tools/android/android-studio/gradle/gradle-2.8/lib/plugins/jackson-core-2.3.2.jar
7f731fa85000-7f731fa90000 r--s 0006b000 08:02 28186699                   /home/ivan/tools/android/android-studio/gradle/gradle-2.8/lib/plugins/aws-java-sdk-core-1.9.19.jar
7f731fa90000-7f731fa96000 r--s 00036000 08:02 28186729                   /home/ivan/tools/android/android-studio/gradle/gradle-2.8/lib/plugins/aws-java-sdk-kms-1.9.19.jar
7f731fa96000-7f731faa1000 r--s 00079000 08:02 28186696                   /home/ivan/tools/android/android-studio/gradle/gradle-2.8/lib/plugins/aws-java-sdk-s3-1.9.19.jar
7f731faa1000-7f731faa2000 r--s 00003000 08:02 28186635                   /home/ivan/tools/android/android-studio/gradle/gradle-2.8/lib/plugins/gradle-resources-s3-2.8.jar
7f731faa2000-7f731faa3000 r--s 00004000 08:02 28186658                   /home/ivan/tools/android/android-studio/gradle/gradle-2.8/lib/plugins/gradle-resources-sftp-2.8.jar
7f731faa3000-7f731faa4000 r--s 00001000 08:02 28182195                   /home/ivan/tools/android/android-studio/gradle/gradle-2.8/lib/plugins/gradle-plugin-development-2.8.jar
7f731faa4000-7f731faa6000 r--s 00005000 08:02 28186638                   /home/ivan/tools/android/android-studio/gradle/gradle-2.8/lib/plugins/gradle-testing-native-2.8.jar
7f731faa6000-7f731faab000 r--s 0002b000 08:02 28186614                   /home/ivan/tools/android/android-studio/gradle/gradle-2.8/lib/plugins/gradle-ide-native-2.8.jar
7f731faab000-7f731fab1000 r--s 00019000 08:02 28186646                   /home/ivan/tools/android/android-studio/gradle/gradle-2.8/lib/plugins/gradle-language-native-2.8.jar
7f731fab1000-7f731fab6000 r--s 00028000 08:02 28186657                   /home/ivan/tools/android/android-studio/gradle/gradle-2.8/lib/plugins/gradle-platform-play-2.8.jar
7f731fab6000-7f731fac3000 r--s 0004f000 08:02 28182205                   /home/ivan/tools/android/android-studio/gradle/gradle-2.8/lib/plugins/gradle-platform-native-2.8.jar
7f731fac3000-7f731fac6000 r--s 00008000 08:02 28186617                   /home/ivan/tools/android/android-studio/gradle/gradle-2.8/lib/plugins/gradle-language-scala-2.8.jar
7f731fac6000-7f731fac9000 r--s 00009000 08:02 28186641                   /home/ivan/tools/android/android-studio/gradle/gradle-2.8/lib/plugins/gradle-language-groovy-2.8.jar
7f731fac9000-7f731facf000 r--s 00023000 08:02 28182202                   /home/ivan/tools/android/android-studio/gradle/gradle-2.8/lib/plugins/gradle-language-java-2.8.jar
7f731facf000-7f731fad1000 r--s 00008000 08:02 28182194                   /home/ivan/tools/android/android-studio/gradle/gradle-2.8/lib/plugins/gradle-language-jvm-2.8.jar
7f731fad1000-7f731fad4000 r--s 0000d000 08:02 28186648                   /home/ivan/tools/android/android-studio/gradle/gradle-2.8/lib/plugins/gradle-platform-jvm-2.8.jar
7f731fad4000-7f731fadc000 r--s 0002c000 08:02 28186626                   /home/ivan/tools/android/android-studio/gradle/gradle-2.8/lib/plugins/gradle-platform-base-2.8.jar
7f731fadc000-7f731fae0000 r--s 00020000 08:02 28182209                   /home/ivan/tools/android/android-studio/gradle/gradle-2.8/lib/plugins/gradle-build-init-2.8.jar
7f731fae0000-7f731fae3000 r--s 00017000 08:02 28186651                   /home/ivan/tools/android/android-studio/gradle/gradle-2.8/lib/plugins/gradle-jacoco-2.8.jar
7f731fae3000-7f731fae6000 r--s 0000e000 08:02 28186613                   /home/ivan/tools/android/android-studio/gradle/gradle-2.8/lib/plugins/gradle-ivy-2.8.jar
7f731fae6000-7f731fae8000 r--s 00002000 08:02 28182208                   /home/ivan/tools/android/android-studio/gradle/gradle-2.8/lib/plugins/gradle-publish-2.8.jar
7f731fae8000-7f731faea000 r--s 00005000 08:02 28186700                   /home/ivan/tools/android/android-studio/gradle/gradle-2.8/lib/plugins/jatl-0.2.2.jar
7f731faea000-7f731faec000 r--s 0000f000 08:02 28186644                   /home/ivan/tools/android/android-studio/gradle/gradle-2.8/lib/plugins/gradle-reporting-2.8.jar
7f731faec000-7f731faf1000 r--s 00035000 08:02 28186631                   /home/ivan/tools/android/android-studio/gradle/gradle-2.8/lib/plugins/gradle-diagnostics-2.8.jar
7f731faf1000-7f731faf8000 r--s 0008f000 08:02 28186652                   /home/ivan/tools/android/android-studio/gradle/gradle-2.8/lib/plugins/gradle-build-comparison-2.8.jar
7f731faf8000-7f731faff000 r--s 00035000 08:02 28186702                   /home/ivan/tools/android/android-studio/gradle/gradle-2.8/lib/plugins/simple-4.1.21.jar
7f731faff000-7f731fb0b000 r--s 00100000 08:02 28186708                   /home/ivan/tools/android/android-studio/gradle/gradle-2.8/lib/plugins/rhino-1.7R3.jar
7f731fb0b000-7f731fb0f000 r--s 0001c000 08:02 28182200                   /home/ivan/tools/android/android-studio/gradle/gradle-2.8/lib/plugins/gradle-javascript-2.8.jar
7f731fb0f000-7f731fb11000 r--s 0000b000 08:02 28186639                   /home/ivan/tools/android/android-studio/gradle/gradle-2.8/lib/plugins/gradle-ear-2.8.jar
7f731fb11000-7f731fb18000 r--s 00038000 08:02 28186716                   /home/ivan/tools/android/android-studio/gradle/gradle-2.8/lib/plugins/bcpg-jdk15on-1.51.jar
7f731fb18000-7f731fb1a000 r--s 00017000 08:02 28182207                   /home/ivan/tools/android/android-studio/gradle/gradle-2.8/lib/plugins/gradle-signing-2.8.jar
7f731fb1a000-7f731fb1b000 r--s 00002000 08:02 28186703                   /home/ivan/tools/android/android-studio/gradle/gradle-2.8/lib/plugins/sonar-batch-bootstrapper-2.9.jar
7f731fb1b000-7f731fb1e000 r--s 00015000 08:02 28186632                   /home/ivan/tools/android/android-studio/gradle/gradle-2.8/lib/plugins/gradle-sonar-2.8.jar
7f731fb1e000-7f731fb21000 r--s 00010000 08:02 28186629                   /home/ivan/tools/android/android-studio/gradle/gradle-2.8/lib/plugins/gradle-scala-2.8.jar
7f731fb21000-7f731fb23000 r--s 0000a000 08:02 28186628                   /home/ivan/tools/android/android-studio/gradle/gradle-2.8/lib/plugins/gradle-announce-2.8.jar
7f731fb23000-7f731fb31000 r--s 0009f000 08:02 28186630                   /home/ivan/tools/android/android-studio/gradle/gradle-2.8/lib/plugins/gradle-ide-2.8.jar
7f731fb31000-7f731fb34000 r--s 0000c000 08:02 28186727                   /home/ivan/tools/android/android-studio/gradle/gradle-2.8/lib/plugins/pmaven-groovy-0.8-20100325.jar
7f731fb34000-7f731fb35000 r--s 00004000 08:02 28186718                   /home/ivan/tools/android/android-studio/gradle/gradle-2.8/lib/plugins/pmaven-common-0.8-20100325.jar
7f731fb35000-7f731fb3b000 r--s 00022000 08:02 28186643                   /home/ivan/tools/android/android-studio/gradle/gradle-2.8/lib/plugins/gradle-maven-2.8.jar
7f731fb3b000-7f731fb5c000 r--s 001c3000 08:02 28186642                   /home/ivan/tools/android/android-studio/gradle/gradle-2.8/lib/plugins/bndlib-2.4.0.jar
7f731fb5c000-7f731fb5e000 r--s 00004000 08:02 28182196                   /home/ivan/tools/android/android-studio/gradle/gradle-2.8/lib/plugins/gradle-osgi-2.8.jar
7f731fb5e000-7f731fb60000 r--s 00008000 08:02 28186637                   /home/ivan/tools/android/android-studio/gradle/gradle-2.8/lib/plugins/gradle-antlr-2.8.jar
7f731fb60000-7f731fb63000 r--s 0001e000 08:02 28186728                   /home/ivan/tools/android/android-studio/gradle/gradle-2.8/lib/plugins/jsp-api-2.1-6.1.14.jar
7f731fb63000-7f731fb86000 r--s 00344000 08:02 28186731                   /home/ivan/tools/android/android-studio/gradle/gradle-2.8/lib/plugins/core-3.1.1.jar
7f731fb86000-7f731fb87000 r--s 00006000 08:02 28186725                   /home/ivan/tools/android/android-studio/gradle/gradle-2.8/lib/plugins/jetty-naming-6.1.25.jar
7f731fb87000-7f731fb88000 r--s 00002000 08:02 28186706                   /home/ivan/tools/android/android-studio/gradle/gradle-2.8/lib/plugins/geronimo-annotation_1.0_spec-1.0.jar
7f731fb88000-7f731fb8a000 r--s 00002000 08:02 28186697                   /home/ivan/tools/android/android-studio/gradle/gradle-2.8/lib/plugins/jetty-annotations-6.1.25.jar
7f731fb8a000-7f731fb9b000 r--s 000ea000 08:02 28186732                   /home/ivan/tools/android/android-studio/gradle/gradle-2.8/lib/plugins/jsp-2.1-6.1.14.jar
7f731fb9b000-7f731fb9d000 r--s 0000d000 08:02 28186694                   /home/ivan/tools/android/android-studio/gradle/gradle-2.8/lib/plugins/jetty-plus-6.1.25.jar
7f731fb9d000-7f731fb9f000 r--s 0001f000 08:02 28186690                   /home/ivan/tools/android/android-studio/gradle/gradle-2.8/lib/plugins/servlet-api-2.5-20081211.jar
7f731fb9f000-7f731fba3000 r--s 00028000 08:02 28186721                   /home/ivan/tools/android/android-studio/gradle/gradle-2.8/lib/plugins/jetty-util-6.1.25.jar
7f731fba3000-7f731fbaa000 r--s 0007d000 08:02 28186692                   /home/ivan/tools/android/android-studio/gradle/gradle-2.8/lib/plugins/jetty-6.1.25.jar
7f731fbaa000-7f731fbac000 r--s 00009000 08:02 28186615                   /home/ivan/tools/android/android-studio/gradle/gradle-2.8/lib/plugins/gradle-jetty-2.8.jar
7f731fbac000-7f731fbb2000 r--s 00036000 08:02 28186645                   /home/ivan/tools/android/android-studio/gradle/gradle-2.8/lib/plugins/gradle-code-quality-2.8.jar
7f731fbb2000-7f731fbb4000 r--s 00009000 08:02 28186709                   /home/ivan/tools/android/android-studio/gradle/gradle-2.8/lib/plugins/hamcrest-core-1.3.jar
7f731fbb4000-7f731fbba000 r--s 00033000 08:02 28186691                   /home/ivan/tools/android/android-studio/gradle/gradle-2.8/lib/plugins/snakeyaml-1.6.jar
7f731fbba000-7f731fbbc000 r--s 00006000 08:02 28186726                   /home/ivan/tools/android/android-studio/gradle/gradle-2.8/lib/plugins/jcommander-1.12.jar
7f731fbbc000-7f731fbc1000 r--s 00040000 08:02 28186698                   /home/ivan/tools/android/android-studio/gradle/gradle-2.8/lib/plugins/bsh-2.0b4.jar
7f731fbc1000-7f731fbca000 r--s 00089000 08:02 28186724                   /home/ivan/tools/android/android-studio/gradle/gradle-2.8/lib/plugins/testng-6.3.1.jar
7f731fbca000-7f731fbd2000 r--s 00045000 08:02 28186713                   /home/ivan/tools/android/android-studio/gradle/gradle-2.8/lib/plugins/junit-4.12.jar
7f731fbd2000-7f731fbea000 r--s 00115000 08:02 28186720                   /home/ivan/tools/android/android-studio/gradle/gradle-2.8/lib/plugins/xercesImpl-2.9.1.jar
7f731fbea000-7f731fbee000 r-xp 00000000 08:02 27396148                   /home/ivan/.gradle/native/19/linux-amd64/libnative-platform.so
7f731fbee000-7f731fded000 ---p 00004000 08:02 27396148                   /home/ivan/.gradle/native/19/linux-amd64/libnative-platform.so
7f731fded000-7f731fdee000 rw-p 00003000 08:02 27396148                   /home/ivan/.gradle/native/19/linux-amd64/libnative-platform.so
7f731fdee000-7f731fdfe000 r-xp 00000000 08:02 2626382                    /usr/lib/jvm/java-7-openjdk-amd64/jre/lib/amd64/libnio.so
7f731fdfe000-7f731fffe000 ---p 00010000 08:02 2626382                    /usr/lib/jvm/java-7-openjdk-amd64/jre/lib/amd64/libnio.so
7f731fffe000-7f731ffff000 r--p 00010000 08:02 2626382                    /usr/lib/jvm/java-7-openjdk-amd64/jre/lib/amd64/libnio.so
7f731ffff000-7f7320000000 rw-p 00011000 08:02 2626382                    /usr/lib/jvm/java-7-openjdk-amd64/jre/lib/amd64/libnio.so
7f7320000000-7f73216aa000 rw-p 00000000 00:00 0 
7f73216aa000-7f7324000000 ---p 00000000 00:00 0 
7f7324000000-7f7324021000 rw-p 00000000 00:00 0 
7f7324021000-7f7328000000 ---p 00000000 00:00 0 
7f7328000000-7f7328021000 rw-p 00000000 00:00 0 
7f7328021000-7f732c000000 ---p 00000000 00:00 0 
7f732c000000-7f732da4d000 rw-p 00000000 00:00 0 
7f732da4d000-7f7330000000 ---p 00000000 00:00 0 
7f7330000000-7f7330021000 rw-p 00000000 00:00 0 
7f7330021000-7f7334000000 ---p 00000000 00:00 0 
7f7334000000-7f7334021000 rw-p 00000000 00:00 0 
7f7334021000-7f7338000000 ---p 00000000 00:00 0 
7f7338000000-7f733802c000 rw-p 00000000 00:00 0 
7f733802c000-7f733c000000 ---p 00000000 00:00 0 
7f733c000000-7f733c051000 rw-p 00000000 00:00 0 
7f733c051000-7f7340000000 ---p 00000000 00:00 0 
7f7340000000-7f7340021000 rw-p 00000000 00:00 0 
7f7340021000-7f7344000000 ---p 00000000 00:00 0 
7f7344000000-7f734402a000 rw-p 00000000 00:00 0 
7f734402a000-7f7348000000 ---p 00000000 00:00 0 
7f7348000000-7f734803b000 rw-p 00000000 00:00 0 
7f734803b000-7f734c000000 ---p 00000000 00:00 0 
7f734c000000-7f734c002000 r--s 00009000 08:02 28186704                   /home/ivan/tools/android/android-studio/gradle/gradle-2.8/lib/plugins/commons-cli-1.2.jar
7f734c002000-7f734c00e000 r--s 00073000 08:02 28182203                   /home/ivan/tools/android/android-studio/gradle/gradle-2.8/lib/plugins/gradle-plugins-2.8.jar
7f734c00e000-7f734c016000 r--s 00028000 08:02 28186695                   /home/ivan/tools/android/android-studio/gradle/gradle-2.8/lib/plugins/xml-apis-1.3.04.jar
7f734c016000-7f734c01c000 r--s 0005b000 08:02 28186693                   /home/ivan/tools/android/android-studio/gradle/gradle-2.8/lib/plugins/jcifs-1.3.17.jar
7f734c01c000-7f734c022000 r--s 00031000 08:02 28186711                   /home/ivan/tools/android/android-studio/gradle/gradle-2.8/lib/plugins/httpcore-4.2.2.jar
7f734c022000-7f734c028000 r--s 00033000 08:02 28186717                   /home/ivan/tools/android/android-studio/gradle/gradle-2.8/lib/plugins/commons-codec-1.6.jar
7f734c028000-7f734c02b000 r--s 0001c000 08:02 28186705                   /home/ivan/tools/android/android-studio/gradle/gradle-2.8/lib/plugins/nekohtml-1.9.14.jar
7f734c02b000-7f734c034000 r--s 00060000 08:02 28186714                   /home/ivan/tools/android/android-studio/gradle/gradle-2.8/lib/plugins/httpclient-4.2.2.jar
7f734c034000-7f734c036000 r--s 00009000 08:02 28182193                   /home/ivan/tools/android/android-studio/gradle/gradle-2.8/lib/plugins/gradle-resources-http-2.8.jar
7f734c036000-7f734c039000 r--s 00011000 08:02 28186619                   /home/ivan/tools/android/android-studio/gradle/gradle-2.8/lib/plugins/gradle-plugin-use-2.8.jar
7f734c039000-7f734c03a000 r--s 00007000 08:02 28186627                   /home/ivan/tools/android/android-studio/gradle/gradle-2.8/lib/plugins/wagon-http-shared4-2.4.jar
7f734c03a000-7f734c03e000 r--s 00033000 08:02 28182210                   /home/ivan/tools/android/android-studio/gradle/gradle-2.8/lib/plugins/plexus-utils-2.0.6.jar
7f734c03e000-7f734c042000 r--s 00021000 08:02 28186654                   /home/ivan/tools/android/android-studio/gradle/gradle-2.8/lib/plugins/maven-model-builder-3.0.4.jar
7f734c042000-7f734c043000 r--s 00002000 08:02 28186621                   /home/ivan/tools/android/android-studio/gradle/gradle-2.8/lib/plugins/wagon-file-2.4.jar
7f734c043000-7f734c045000 r--s 00002000 08:02 28182206                   /home/ivan/tools/android/android-studio/gradle/gradle-2.8/lib/plugins/plexus-cipher-1.7.jar
7f734c045000-7f734c048000 r--s 00013000 08:02 28186634                   /home/ivan/tools/android/android-studio/gradle/gradle-2.8/lib/plugins/aether-api-1.13.1.jar
7f734c048000-7f734c04a000 r--s 0000a000 08:02 28182191                   /home/ivan/tools/android/android-studio/gradle/gradle-2.8/lib/plugins/maven-settings-3.0.4.jar
7f734c04a000-7f734c04c000 r--s 0000d000 08:02 28186633                   /home/ivan/tools/android/android-studio/gradle/gradle-2.8/lib/plugins/plexus-interpolation-1.14.jar
7f734c04c000-7f734c04e000 r--s 0000b000 08:02 28182192                   /home/ivan/tools/android/android-studio/gradle/gradle-2.8/lib/plugins/maven-artifact-3.0.4.jar
7f734c04e000-7f734c055000 r--s 0002e000 08:02 28186659                   /home/ivan/tools/android/android-studio/gradle/gradle-2.8/lib/plugins/plexus-container-default-1.5.5.jar
7f734c055000-7f734c057000 r--s 0000b000 08:02 28182204                   /home/ivan/tools/android/android-studio/gradle/gradle-2.8/lib/plugins/maven-plugin-api-3.0.4.jar
7f734c057000-7f734c059000 r--s 00000000 08:02 28186620                   /home/ivan/tools/android/android-studio/gradle/gradle-2.8/lib/plugins/plexus-component-annotations-1.5.5.jar
7f734c059000-7f734c05f000 r--s 0003f000 08:02 28186622                   /home/ivan/tools/android/android-studio/gradle/gradle-2.8/lib/plugins/maven-compat-3.0.4.jar
7f734c05f000-7f734c062000 r--s 00008000 08:02 28182199                   /home/ivan/tools/android/android-studio/gradle/gradle-2.8/lib/plugins/maven-settings-builder-3.0.4.jar
7f734c062000-7f734c063000 r--s 00002000 08:02 28186655                   /home/ivan/tools/android/android-studio/gradle/gradle-2.8/lib/plugins/wagon-http-2.4.jar
7f734c063000-7f734c065000 r--s 00026000 08:02 28186650                   /home/ivan/tools/android/android-studio/gradle/gradle-2.8/lib/plugins/maven-model-3.0.4.jar
7f734c065000-7f734c067000 r--s 00006000 08:02 28182197                   /home/ivan/tools/android/android-studio/gradle/gradle-2.8/lib/plugins/aether-connector-wagon-1.13.1.jar
7f734c067000-7f734c069000 r--s 0000a000 08:02 28186624                   /home/ivan/tools/android/android-studio/gradle/gradle-2.8/lib/plugins/plexus-classworlds-2.4.jar
7f734c069000-7f734c06b000 r--s 00006000 08:02 28182201                   /home/ivan/tools/android/android-studio/gradle/gradle-2.8/lib/plugins/maven-repository-metadata-3.0.4.jar
7f734c06b000-7f734c06d000 r--s 0000c000 08:02 28186618                   /home/ivan/tools/android/android-studio/gradle/gradle-2.8/lib/plugins/maven-aether-provider-3.0.4.jar
7f734c06d000-7f734c06f000 r--s 0000b000 08:02 28186625                   /home/ivan/tools/android/android-studio/gradle/gradle-2.8/lib/plugins/wagon-provider-api-2.4.jar
7f734c06f000-7f734c070000 r--s 00003000 08:02 28186653                   /home/ivan/tools/android/android-studio/gradle/gradle-2.8/lib/plugins/aether-spi-1.13.1.jar
7f734c070000-7f734c074000 r--s 0001c000 08:02 28186636                   /home/ivan/tools/android/android-studio/gradle/gradle-2.8/lib/plugins/aether-util-1.13.1.jar
7f734c074000-7f734c077000 r--s 0001d000 08:02 28186647                   /home/ivan/tools/android/android-studio/gradle/gradle-2.8/lib/plugins/aether-impl-1.13.1.jar
7f734c077000-7f734c078000 r--s 00006000 08:02 28186623                   /home/ivan/tools/android/android-studio/gradle/gradle-2.8/lib/plugins/plexus-sec-dispatcher-1.3.jar
7f734c078000-7f734c07c000 r--s 0003d000 08:02 28186701                   /home/ivan/tools/android/android-studio/gradle/gradle-2.8/lib/plugins/jsch-0.1.51.jar
7f734c07c000-7f734c0bc000 r--s 00277000 08:02 28186712                   /home/ivan/tools/android/android-studio/gradle/gradle-2.8/lib/plugins/bcprov-jdk15on-1.51.jar
7f734c0bc000-7f734c0c8000 r--s 0007d000 08:02 28186640                   /home/ivan/tools/android/android-studio/gradle/gradle-2.8/lib/plugins/maven-core-3.0.4.jar
7f734c0c8000-7f734c0d7000 r--s 000d9000 08:02 28186707                   /home/ivan/tools/android/android-studio/gradle/gradle-2.8/lib/plugins/ivy-2.2.0.jar
7f734c0d7000-7f734c108000 rw-p 00000000 00:00 0 
7f734c108000-7f734c145000 r-xp 00000000 08:02 13497                      /lib/x86_64-linux-gnu/libpcre.so.3.13.1
7f734c145000-7f734c344000 ---p 0003d000 08:02 13497                      /lib/x86_64-linux-gnu/libpcre.so.3.13.1
7f734c344000-7f734c345000 r--p 0003c000 08:02 13497                      /lib/x86_64-linux-gnu/libpcre.so.3.13.1
7f734c345000-7f734c346000 rw-p 0003d000 08:02 13497                      /lib/x86_64-linux-gnu/libpcre.so.3.13.1
7f734c346000-7f734c34d000 r-xp 00000000 08:02 28437                      /usr/lib/x86_64-linux-gnu/libffi.so.6.0.1
7f734c34d000-7f734c54c000 ---p 00007000 08:02 28437                      /usr/lib/x86_64-linux-gnu/libffi.so.6.0.1
7f734c54c000-7f734c54d000 r--p 00006000 08:02 28437                      /usr/lib/x86_64-linux-gnu/libffi.so.6.0.1
7f734c54d000-7f734c54e000 rw-p 00007000 08:02 28437                      /usr/lib/x86_64-linux-gnu/libffi.so.6.0.1
7f734c54e000-7f734c565000 r-xp 00000000 08:02 9390                       /lib/x86_64-linux-gnu/libresolv-2.19.so
7f734c565000-7f734c765000 ---p 00017000 08:02 9390                       /lib/x86_64-linux-gnu/libresolv-2.19.so
7f734c765000-7f734c766000 r--p 00017000 08:02 9390                       /lib/x86_64-linux-gnu/libresolv-2.19.so
7f734c766000-7f734c767000 rw-p 00018000 08:02 9390                       /lib/x86_64-linux-gnu/libresolv-2.19.so
7f734c767000-7f734c769000 rw-p 00000000 00:00 0 
7f734c769000-7f734c789000 r-xp 00000000 08:02 13524                      /lib/x86_64-linux-gnu/libselinux.so.1
7f734c789000-7f734c988000 ---p 00020000 08:02 13524                      /lib/x86_64-linux-gnu/libselinux.so.1
7f734c988000-7f734c989000 r--p 0001f000 08:02 13524                      /lib/x86_64-linux-gnu/libselinux.so.1
7f734c989000-7f734c98a000 rw-p 00020000 08:02 13524                      /lib/x86_64-linux-gnu/libselinux.so.1
7f734c98a000-7f734c98c000 rw-p 00000000 00:00 0 
7f734c98c000-7f734c98f000 r-xp 00000000 08:02 28550                      /usr/lib/x86_64-linux-gnu/libgmodule-2.0.so.0.4002.0
7f734c98f000-7f734cb8e000 ---p 00003000 08:02 28550                      /usr/lib/x86_64-linux-gnu/libgmodule-2.0.so.0.4002.0
7f734cb8e000-7f734cb8f000 r--p 00002000 08:02 28550                      /usr/lib/x86_64-linux-gnu/libgmodule-2.0.so.0.4002.0
7f734cb8f000-7f734cb90000 rw-p 00003000 08:02 28550                      /usr/lib/x86_64-linux-gnu/libgmodule-2.0.so.0.4002.0
7f734cb90000-7f734cc96000 r-xp 00000000 08:02 13425                      /lib/x86_64-linux-gnu/libglib-2.0.so.0.4002.0
7f734cc96000-7f734ce95000 ---p 00106000 08:02 13425                      /lib/x86_64-linux-gnu/libglib-2.0.so.0.4002.0
7f734ce95000-7f734ce96000 r--p 00105000 08:02 13425                      /lib/x86_64-linux-gnu/libglib-2.0.so.0.4002.0
7f734ce96000-7f734ce97000 rw-p 00106000 08:02 13425                      /lib/x86_64-linux-gnu/libglib-2.0.so.0.4002.0
7f734ce97000-7f734ce98000 rw-p 00000000 00:00 0 
7f734ce98000-7f734cee7000 r-xp 00000000 08:02 28566                      /usr/lib/x86_64-linux-gnu/libgobject-2.0.so.0.4002.0
7f734cee7000-7f734d0e7000 ---p 0004f000 08:02 28566                      /usr/lib/x86_64-linux-gnu/libgobject-2.0.so.0.4002.0
7f734d0e7000-7f734d0e8000 r--p 0004f000 08:02 28566                      /usr/lib/x86_64-linux-gnu/libgobject-2.0.so.0.4002.0
7f734d0e8000-7f734d0e9000 rw-p 00050000 08:02 28566                      /usr/lib/x86_64-linux-gnu/libgobject-2.0.so.0.4002.0
7f734d0e9000-7f734d255000 r-xp 00000000 08:02 28538                      /usr/lib/x86_64-linux-gnu/libgio-2.0.so.0.4002.0
7f734d255000-7f734d454000 ---p 0016c000 08:02 28538                      /usr/lib/x86_64-linux-gnu/libgio-2.0.so.0.4002.0
7f734d454000-7f734d458000 r--p 0016b000 08:02 28538                      /usr/lib/x86_64-linux-gnu/libgio-2.0.so.0.4002.0
7f734d458000-7f734d45a000 rw-p 0016f000 08:02 28538                      /usr/lib/x86_64-linux-gnu/libgio-2.0.so.0.4002.0
7f734d45a000-7f734d45c000 rw-p 00000000 00:00 0 
7f734d45c000-7f734d460000 r--s 0001d000 08:02 28186730                   /home/ivan/tools/android/android-studio/gradle/gradle-2.8/lib/plugins/xbean-reflect-3.4.jar
7f734d460000-7f734d465000 r--s 0002a000 08:02 28186689                   /home/ivan/tools/android/android-studio/gradle/gradle-2.8/lib/plugins/gson-2.2.4.jar
7f734d465000-7f734d481000 r--s 000ca000 08:02 28182198                   /home/ivan/tools/android/android-studio/gradle/gradle-2.8/lib/plugins/gradle-dependency-management-2.8.jar
7f734d481000-7f734d498000 r-xp 00000000 08:02 2626412                    /usr/lib/jvm/java-7-openjdk-amd64/jre/lib/amd64/libnet.so
7f734d498000-7f734d697000 ---p 00017000 08:02 2626412                    /usr/lib/jvm/java-7-openjdk-amd64/jre/lib/amd64/libnet.so
7f734d697000-7f734d698000 r--p 00016000 08:02 2626412                    /usr/lib/jvm/java-7-openjdk-amd64/jre/lib/amd64/libnet.so
7f734d698000-7f734d699000 rw-p 00017000 08:02 2626412                    /usr/lib/jvm/java-7-openjdk-amd64/jre/lib/amd64/libnet.so
7f734d699000-7f734d69a000 r--s 00006000 08:02 28186664                   /home/ivan/tools/android/android-studio/gradle/gradle-2.8/lib/gradle-wrapper-2.8.jar
7f734d69a000-7f734d6a5000 r--s 0003a000 08:02 28186669                   /home/ivan/tools/android/android-studio/gradle/gradle-2.8/lib/gradle-tooling-api-2.8.jar
7f734d6a5000-7f734d6a7000 r--s 00002000 08:02 28186661                   /home/ivan/tools/android/android-studio/gradle/gradle-2.8/lib/gradle-open-api-2.8.jar
7f734d6a7000-7f734d6ad000 r--s 00032000 08:02 28186736                   /home/ivan/tools/android/android-studio/gradle/gradle-2.8/lib/jaxen-1.1.jar
7f734d6ad000-7f734d6b2000 r--s 00048000 08:02 28186756                   /home/ivan/tools/android/android-studio/gradle/gradle-2.8/lib/dom4j-1.6.1.jar
7f734d6b2000-7f734d6bd000 r--s 00059000 08:02 28186665                   /home/ivan/tools/android/android-studio/gradle/gradle-2.8/lib/gradle-ui-2.8.jar
7f734d6bd000-7f734d6c0000 r--s 00008000 08:02 28186666                   /home/ivan/tools/android/android-studio/gradle/gradle-2.8/lib/gradle-resources-2.8.jar
7f734d6c0000-7f734d6c2000 r--s 00007000 08:02 28186753                   /home/ivan/tools/android/android-studio/gradle/gradle-2.8/lib/objenesis-1.2.jar
7f734d6c2000-7f734d6c4000 r--s 00000000 08:02 28186754                   /home/ivan/tools/android/android-studio/gradle/gradle-2.8/lib/minlog-1.2.jar
7f734d6c4000-7f734d6c6000 r--s 0000f000 08:02 28186686                   /home/ivan/tools/android/android-studio/gradle/gradle-2.8/lib/reflectasm-1.07-shaded.jar
7f734d6c6000-7f734d6ca000 r--s 00026000 08:02 28186735                   /home/ivan/tools/android/android-studio/gradle/gradle-2.8/lib/kryo-2.20.jar
7f734d6ca000-7f734d6d3000 r--s 0003f000 08:02 28186668                   /home/ivan/tools/android/android-studio/gradle/gradle-2.8/lib/gradle-messaging-2.8.jar
7f734d6d3000-7f734d6d4000 r--s 00003000 08:02 28186740                   /home/ivan/tools/android/android-studio/gradle/gradle-2.8/lib/native-platform-freebsd-amd64-0.10.jar
7f734d6d4000-7f734d6d5000 r--s 00003000 08:02 28186734                   /home/ivan/tools/android/android-studio/gradle/gradle-2.8/lib/native-platform-freebsd-i386-0.10.jar
7f734d6d5000-7f734d6d6000 r--s 00005000 08:02 28186751                   /home/ivan/tools/android/android-studio/gradle/gradle-2.8/lib/native-platform-windows-i386-0.10.jar
7f734d6d6000-7f734d6d7000 r--s 00005000 08:02 28186737                   /home/ivan/tools/android/android-studio/gradle/gradle-2.8/lib/native-platform-windows-amd64-0.10.jar
7f734d6d7000-7f734d6d8000 r--s 00003000 08:02 28186741                   /home/ivan/tools/android/android-studio/gradle/gradle-2.8/lib/native-platform-linux-i386-0.10.jar
7f734d6d8000-7f734d6d9000 r--s 00003000 08:02 28186749                   /home/ivan/tools/android/android-studio/gradle/gradle-2.8/lib/native-platform-linux-amd64-0.10.jar
7f734d6d9000-7f734d6da000 r--s 00002000 08:02 28186688                   /home/ivan/tools/android/android-studio/gradle/gradle-2.8/lib/native-platform-osx-amd64-0.10.jar
7f734d6da000-7f734d6db000 r--s 00002000 08:02 28186758                   /home/ivan/tools/android/android-studio/gradle/gradle-2.8/lib/native-platform-osx-i386-0.10.jar
7f734d6db000-7f734d6dd000 r--s 00008000 08:02 28186739                   /home/ivan/tools/android/android-studio/gradle/gradle-2.8/lib/jansi-1.2.1.jar
7f734d6dd000-7f734d6e0000 r--s 0000d000 08:02 28186747                   /home/ivan/tools/android/android-studio/gradle/gradle-2.8/lib/native-platform-0.10.jar
7f734d6e0000-7f734d6e4000 r--s 000e4000 08:02 28186752                   /home/ivan/tools/android/android-studio/gradle/gradle-2.8/lib/jna-3.2.7.jar
7f734d6e4000-7f734d6e6000 r--s 00008000 08:02 28182189                   /home/ivan/tools/android/android-studio/gradle/gradle-2.8/lib/gradle-native-2.8.jar
7f734d6e6000-7f734d6e8000 r--s 00005000 08:02 28186660                   /home/ivan/tools/android/android-studio/gradle/gradle-2.8/lib/gradle-cli-2.8.jar
7f734d6e8000-7f734d6e9000 r--s 00007000 08:02 28186662                   /home/ivan/tools/android/android-studio/gradle/gradle-2.8/lib/gradle-model-groovy-2.8.jar
7f734d6e9000-7f734d6ea000 r--s 00006000 08:02 28186675                   /home/ivan/tools/android/android-studio/gradle/gradle-2.8/lib/gradle-base-services-groovy-2.8.jar
7f734d6ea000-7f734d6f6000 r--s 00067000 08:02 28186673                   /home/ivan/tools/android/android-studio/gradle/gradle-2.8/lib/gradle-model-core-2.8.jar
7f734d6f6000-7f734d6f7000 r--s 00000000 08:02 28186671                   /home/ivan/tools/android/android-studio/gradle/gradle-2.8/lib/gradle-docs-2.8.jar
7f734d6f7000-7f734d6f9000 r--s 00003000 08:02 28186738                   /home/ivan/tools/android/android-studio/gradle/gradle-2.8/lib/jcl-over-slf4j-1.7.10.jar
7f734d6f9000-7f734d6fa000 r--s 00005000 08:02 28186733                   /home/ivan/tools/android/android-studio/gradle/gradle-2.8/lib/log4j-over-slf4j-1.7.10.jar
7f734d6fa000-7f734d6fb000 r--s 00000000 08:02 28186745                   /home/ivan/tools/android/android-studio/gradle/gradle-2.8/lib/javax.inject-1.jar
7f734d6fb000-7f734d6fe000 r--s 0001b000 08:02 28186687                   /home/ivan/tools/android/android-studio/gradle/gradle-2.8/lib/jarjar-1.3.jar
7f734d6fe000-7f734d700000 r--s 00000000 08:02 28186742                   /home/ivan/tools/android/android-studio/gradle/gradle-2.8/lib/jul-to-slf4j-1.7.10.jar
7f734d700000-7f734d70e000 r--s 0007f000 08:02 28186743                   /home/ivan/tools/android/android-studio/gradle/gradle-2.8/lib/commons-collections-3.2.1.jar
7f734d70e000-7f734d713000 r--s 00036000 08:02 28186750                   /home/ivan/tools/android/android-studio/gradle/gradle-2.8/lib/asm-all-5.0.3.jar
7f734d713000-7f734d782000 r--s 0063e000 08:02 28186667                   /home/ivan/tools/android/android-studio/gradle/gradle-2.8/lib/groovy-all-2.4.4.jar
7f734d782000-7f734d787000 r--s 00041000 08:02 28186748                   /home/ivan/tools/android/android-studio/gradle/gradle-2.8/lib/commons-lang-2.6.jar
7f734d787000-7f734d7af000 r--s 001cf000 08:02 28186746                   /home/ivan/tools/android/android-studio/gradle/gradle-2.8/lib/guava-jdk5-17.0.jar
7f734d7af000-7f734d7e5000 r--s 001b5000 08:02 28182188                   /home/ivan/tools/android/android-studio/gradle/gradle-2.8/lib/gradle-core-2.8.jar
7f734d7e5000-7f734d7e6000 ---p 00000000 00:00 0 
7f734d7e6000-7f734d8e6000 rw-p 00000000 00:00 0                          [stack:4692]
7f734d8e6000-7f734d8e9000 ---p 00000000 00:00 0 
7f734d8e9000-7f734d9e7000 rw-p 00000000 00:00 0                          [stack:4691]
7f734d9e7000-7f734d9ea000 ---p 00000000 00:00 0 
7f734d9ea000-7f734dae8000 rw-p 00000000 00:00 0                          [stack:4690]
7f734dae8000-7f734daeb000 ---p 00000000 00:00 0 
7f734daeb000-7f734dbe9000 rw-p 00000000 00:00 0                          [stack:4689]
7f734dbe9000-7f734dbec000 ---p 00000000 00:00 0 
7f734dbec000-7f734dcea000 rw-p 00000000 00:00 0                          [stack:4688]
7f734dcea000-7f734e4fd000 r--p 00000000 08:02 27195                      /usr/lib/locale/locale-archive
7f734e4fd000-7f734e500000 ---p 00000000 00:00 0 
7f734e500000-7f734e5fe000 rw-p 00000000 00:00 0                          [stack:4687]
7f734e5fe000-7f734e601000 ---p 00000000 00:00 0 
7f734e601000-7f734e6ff000 rw-p 00000000 00:00 0                          [stack:4686]
7f734e6ff000-7f734e700000 ---p 00000000 00:00 0 
7f734e700000-7f7351000000 rw-p 00000000 00:00 0                          [stack:4685]
7f7351000000-7f7351710000 rwxp 00000000 00:00 0 
7f7351710000-7f7354ac3000 rw-p 00000000 00:00 0 
7f7354ac3000-7f7358000000 ---p 00000000 00:00 0 
7f7358000000-7f7358001000 r--s 00000000 08:02 28186757                   /home/ivan/tools/android/android-studio/gradle/gradle-2.8/lib/jcip-annotations-1.0.jar
7f7358001000-7f7358004000 r--s 00018000 08:02 28186744                   /home/ivan/tools/android/android-studio/gradle/gradle-2.8/lib/commons-io-1.4.jar
7f7358004000-7f7358005000 r--s 00007000 08:02 28186755                   /home/ivan/tools/android/android-studio/gradle/gradle-2.8/lib/slf4j-api-1.7.10.jar
7f7358005000-7f7358006000 r--s 00004000 08:02 28186663                   /home/ivan/tools/android/android-studio/gradle/gradle-2.8/lib/ant-launcher-1.9.3.jar
7f7358006000-7f7358025000 r--s 001cc000 08:02 28186672                   /home/ivan/tools/android/android-studio/gradle/gradle-2.8/lib/ant-1.9.3.jar
7f7358025000-7f735802c000 r--s 00032000 08:02 28186674                   /home/ivan/tools/android/android-studio/gradle/gradle-2.8/lib/gradle-base-services-2.8.jar
7f735802c000-7f7358036000 r--s 0004a000 08:02 28186670                   /home/ivan/tools/android/android-studio/gradle/gradle-2.8/lib/gradle-launcher-2.8.jar
7f7358036000-7f7359033000 rw-p 00000000 00:00 0 
7f7359033000-7f73591e5000 r--s 01d30000 08:02 2626376                    /usr/lib/jvm/java-7-openjdk-amd64/jre/lib/rt.jar
7f73591e5000-7f735955e000 rw-p 00000000 00:00 0 
7f735955e000-7f735955f000 ---p 00000000 00:00 0 
7f735955f000-7f735965f000 rw-p 00000000 00:00 0                          [stack:4682]
7f735965f000-7f7359660000 ---p 00000000 00:00 0 
7f7359660000-7f7359760000 rw-p 00000000 00:00 0                          [stack:4681]
7f7359760000-7f7359761000 ---p 00000000 00:00 0 
7f7359761000-7f7359861000 rw-p 00000000 00:00 0                          [stack:4680]
7f7359861000-7f7359862000 ---p 00000000 00:00 0 
7f7359862000-7f7359999000 rw-p 00000000 00:00 0                          [stack:4679]
7f7359999000-7f73599e2000 rw-p 00000000 00:00 0 
7f73599e2000-7f7359a37000 rw-p 00000000 00:00 0 
7f7359a37000-7f7359b38000 rw-p 00000000 00:00 0 
7f7359b38000-7f7359b6f000 rw-p 00000000 00:00 0 
7f7359b6f000-7f7359bb8000 rw-p 00000000 00:00 0 
7f7359bb8000-7f7359c0d000 rw-p 00000000 00:00 0 
7f7359c0d000-7f7359d0d000 rw-p 00000000 00:00 0 
7f7359d0d000-7f7359db8000 rw-p 00000000 00:00 0 
7f7359db8000-7f7359db9000 rw-p 00000000 00:00 0 
7f7359db9000-7f7359dc1000 r-xp 00000000 08:02 2626386                    /usr/lib/jvm/java-7-openjdk-amd64/jre/lib/amd64/libzip.so
7f7359dc1000-7f7359fc0000 ---p 00008000 08:02 2626386                    /usr/lib/jvm/java-7-openjdk-amd64/jre/lib/amd64/libzip.so
7f7359fc0000-7f7359fc1000 r--p 00007000 08:02 2626386                    /usr/lib/jvm/java-7-openjdk-amd64/jre/lib/amd64/libzip.so
7f7359fc1000-7f7359fc2000 rw-p 00008000 08:02 2626386                    /usr/lib/jvm/java-7-openjdk-amd64/jre/lib/amd64/libzip.so
7f7359fc2000-7f7359fcd000 r-xp 00000000 08:02 9404                       /lib/x86_64-linux-gnu/libnss_files-2.19.so
7f7359fcd000-7f735a1cc000 ---p 0000b000 08:02 9404                       /lib/x86_64-linux-gnu/libnss_files-2.19.so
7f735a1cc000-7f735a1cd000 r--p 0000a000 08:02 9404                       /lib/x86_64-linux-gnu/libnss_files-2.19.so
7f735a1cd000-7f735a1ce000 rw-p 0000b000 08:02 9404                       /lib/x86_64-linux-gnu/libnss_files-2.19.so
7f735a1ce000-7f735a1d9000 r-xp 00000000 08:02 13325                      /lib/x86_64-linux-gnu/libnss_nis-2.19.so
7f735a1d9000-7f735a3d8000 ---p 0000b000 08:02 13325                      /lib/x86_64-linux-gnu/libnss_nis-2.19.so
7f735a3d8000-7f735a3d9000 r--p 0000a000 08:02 13325                      /lib/x86_64-linux-gnu/libnss_nis-2.19.so
7f735a3d9000-7f735a3da000 rw-p 0000b000 08:02 13325                      /lib/x86_64-linux-gnu/libnss_nis-2.19.so
7f735a3da000-7f735a3f1000 r-xp 00000000 08:02 9479                       /lib/x86_64-linux-gnu/libnsl-2.19.so
7f735a3f1000-7f735a5f0000 ---p 00017000 08:02 9479                       /lib/x86_64-linux-gnu/libnsl-2.19.so
7f735a5f0000-7f735a5f1000 r--p 00016000 08:02 9479                       /lib/x86_64-linux-gnu/libnsl-2.19.so
7f735a5f1000-7f735a5f2000 rw-p 00017000 08:02 9479                       /lib/x86_64-linux-gnu/libnsl-2.19.so
7f735a5f2000-7f735a5f4000 rw-p 00000000 00:00 0 
7f735a5f4000-7f735a5fd000 r-xp 00000000 08:02 9478                       /lib/x86_64-linux-gnu/libnss_compat-2.19.so
7f735a5fd000-7f735a7fc000 ---p 00009000 08:02 9478                       /lib/x86_64-linux-gnu/libnss_compat-2.19.so
7f735a7fc000-7f735a7fd000 r--p 00008000 08:02 9478                       /lib/x86_64-linux-gnu/libnss_compat-2.19.so
7f735a7fd000-7f735a7fe000 rw-p 00009000 08:02 9478                       /lib/x86_64-linux-gnu/libnss_compat-2.19.so
7f735a7fe000-7f735a829000 r-xp 00000000 08:02 2626394                    /usr/lib/jvm/java-7-openjdk-amd64/jre/lib/amd64/libjava.so
7f735a829000-7f735aa29000 ---p 0002b000 08:02 2626394                    /usr/lib/jvm/java-7-openjdk-amd64/jre/lib/amd64/libjava.so
7f735aa29000-7f735aa2a000 r--p 0002b000 08:02 2626394                    /usr/lib/jvm/java-7-openjdk-amd64/jre/lib/amd64/libjava.so
7f735aa2a000-7f735aa2c000 rw-p 0002c000 08:02 2626394                    /usr/lib/jvm/java-7-openjdk-amd64/jre/lib/amd64/libjava.so
7f735aa2c000-7f735aa3c000 r-xp 00000000 08:02 2626408                    /usr/lib/jvm/java-7-openjdk-amd64/jre/lib/amd64/libverify.so
7f735aa3c000-7f735ac3b000 ---p 00010000 08:02 2626408                    /usr/lib/jvm/java-7-openjdk-amd64/jre/lib/amd64/libverify.so
7f735ac3b000-7f735ac3d000 r--p 0000f000 08:02 2626408                    /usr/lib/jvm/java-7-openjdk-amd64/jre/lib/amd64/libverify.so
7f735ac3d000-7f735ac3e000 rw-p 00011000 08:02 2626408                    /usr/lib/jvm/java-7-openjdk-amd64/jre/lib/amd64/libverify.so
7f735ac3e000-7f735ac45000 r-xp 00000000 08:02 9487                       /lib/x86_64-linux-gnu/librt-2.19.so
7f735ac45000-7f735ae44000 ---p 00007000 08:02 9487                       /lib/x86_64-linux-gnu/librt-2.19.so
7f735ae44000-7f735ae45000 r--p 00006000 08:02 9487                       /lib/x86_64-linux-gnu/librt-2.19.so
7f735ae45000-7f735ae46000 rw-p 00007000 08:02 9487                       /lib/x86_64-linux-gnu/librt-2.19.so
7f735ae46000-7f735ae5c000 r-xp 00000000 08:02 13421                      /lib/x86_64-linux-gnu/libgcc_s.so.1
7f735ae5c000-7f735b05b000 ---p 00016000 08:02 13421                      /lib/x86_64-linux-gnu/libgcc_s.so.1
7f735b05b000-7f735b05c000 rw-p 00015000 08:02 13421                      /lib/x86_64-linux-gnu/libgcc_s.so.1
7f735b05c000-7f735b161000 r-xp 00000000 08:02 9400                       /lib/x86_64-linux-gnu/libm-2.19.so
7f735b161000-7f735b360000 ---p 00105000 08:02 9400                       /lib/x86_64-linux-gnu/libm-2.19.so
7f735b360000-7f735b361000 r--p 00104000 08:02 9400                       /lib/x86_64-linux-gnu/libm-2.19.so
7f735b361000-7f735b362000 rw-p 00105000 08:02 9400                       /lib/x86_64-linux-gnu/libm-2.19.so
7f735b362000-7f735b448000 r-xp 00000000 08:02 6821                       /usr/lib/x86_64-linux-gnu/libstdc++.so.6.0.19
7f735b448000-7f735b647000 ---p 000e6000 08:02 6821                       /usr/lib/x86_64-linux-gnu/libstdc++.so.6.0.19
7f735b647000-7f735b64f000 r--p 000e5000 08:02 6821                       /usr/lib/x86_64-linux-gnu/libstdc++.so.6.0.19
7f735b64f000-7f735b651000 rw-p 000ed000 08:02 6821                       /usr/lib/x86_64-linux-gnu/libstdc++.so.6.0.19
7f735b651000-7f735b666000 rw-p 00000000 00:00 0 
7f735b666000-7f735c18a000 r-xp 00000000 08:02 2626400                    /usr/lib/jvm/java-7-openjdk-amd64/jre/lib/amd64/server/libjvm.so
7f735c18a000-7f735c389000 ---p 00b24000 08:02 2626400                    /usr/lib/jvm/java-7-openjdk-amd64/jre/lib/amd64/server/libjvm.so
7f735c389000-7f735c423000 r--p 00b23000 08:02 2626400                    /usr/lib/jvm/java-7-openjdk-amd64/jre/lib/amd64/server/libjvm.so
7f735c423000-7f735c446000 rw-p 00bbd000 08:02 2626400                    /usr/lib/jvm/java-7-openjdk-amd64/jre/lib/amd64/server/libjvm.so
7f735c446000-7f735c474000 rw-p 00000000 00:00 0 
7f735c474000-7f735c48c000 r-xp 00000000 08:02 13550                      /lib/x86_64-linux-gnu/libz.so.1.2.8
7f735c48c000-7f735c68b000 ---p 00018000 08:02 13550                      /lib/x86_64-linux-gnu/libz.so.1.2.8
7f735c68b000-7f735c68c000 r--p 00017000 08:02 13550                      /lib/x86_64-linux-gnu/libz.so.1.2.8
7f735c68c000-7f735c68d000 rw-p 00018000 08:02 13550                      /lib/x86_64-linux-gnu/libz.so.1.2.8
7f735c68d000-7f735c6a6000 r-xp 00000000 08:02 9485                       /lib/x86_64-linux-gnu/libpthread-2.19.so
7f735c6a6000-7f735c8a5000 ---p 00019000 08:02 9485                       /lib/x86_64-linux-gnu/libpthread-2.19.so
7f735c8a5000-7f735c8a6000 r--p 00018000 08:02 9485                       /lib/x86_64-linux-gnu/libpthread-2.19.so
7f735c8a6000-7f735c8a7000 rw-p 00019000 08:02 9485                       /lib/x86_64-linux-gnu/libpthread-2.19.so
7f735c8a7000-7f735c8ab000 rw-p 00000000 00:00 0 
7f735c8ab000-7f735c8ae000 r-xp 00000000 08:02 9415                       /lib/x86_64-linux-gnu/libdl-2.19.so
7f735c8ae000-7f735caad000 ---p 00003000 08:02 9415                       /lib/x86_64-linux-gnu/libdl-2.19.so
7f735caad000-7f735caae000 r--p 00002000 08:02 9415                       /lib/x86_64-linux-gnu/libdl-2.19.so
7f735caae000-7f735caaf000 rw-p 00003000 08:02 9415                       /lib/x86_64-linux-gnu/libdl-2.19.so
7f735caaf000-7f735cc6a000 r-xp 00000000 08:02 9484                       /lib/x86_64-linux-gnu/libc-2.19.so
7f735cc6a000-7f735ce69000 ---p 001bb000 08:02 9484                       /lib/x86_64-linux-gnu/libc-2.19.so
7f735ce69000-7f735ce6d000 r--p 001ba000 08:02 9484                       /lib/x86_64-linux-gnu/libc-2.19.so
7f735ce6d000-7f735ce6f000 rw-p 001be000 08:02 9484                       /lib/x86_64-linux-gnu/libc-2.19.so
7f735ce6f000-7f735ce74000 rw-p 00000000 00:00 0 
7f735ce74000-7f735ce81000 r-xp 00000000 08:02 2626409                    /usr/lib/jvm/java-7-openjdk-amd64/jre/lib/amd64/jli/libjli.so
7f735ce81000-7f735d080000 ---p 0000d000 08:02 2626409                    /usr/lib/jvm/java-7-openjdk-amd64/jre/lib/amd64/jli/libjli.so
7f735d080000-7f735d081000 r--p 0000c000 08:02 2626409                    /usr/lib/jvm/java-7-openjdk-amd64/jre/lib/amd64/jli/libjli.so
7f735d081000-7f735d082000 rw-p 0000d000 08:02 2626409                    /usr/lib/jvm/java-7-openjdk-amd64/jre/lib/amd64/jli/libjli.so
7f735d082000-7f735d0a5000 r-xp 00000000 08:02 9481                       /lib/x86_64-linux-gnu/ld-2.19.so
7f735d0a5000-7f735d0a9000 r--s 00034000 08:02 2626371                    /usr/lib/jvm/java-7-openjdk-amd64/jre/lib/ext/sunjce_provider.jar
7f735d0a9000-7f735d0ab000 r--s 00012000 08:02 2626365                    /usr/lib/jvm/java-7-openjdk-amd64/jre/lib/ext/zipfs.jar
7f735d0ab000-7f735d0ac000 r--s 00002000 08:02 2626373                    /usr/lib/jvm/java-7-openjdk-amd64/jre/lib/ext/dnsns.jar
7f735d0ac000-7f735d0af000 r--s 0000f000 08:02 2626369                    /usr/lib/jvm/java-7-openjdk-amd64/jre/lib/ext/icedtea-sound.jar
7f735d0af000-7f735d0b3000 r--s 0003c000 08:02 2626372                    /usr/lib/jvm/java-7-openjdk-amd64/jre/lib/ext/sunpkcs11.jar
7f735d0b3000-7f735d0b7000 r--s 00085000 08:02 2626367                    /usr/lib/jvm/java-7-openjdk-amd64/jre/lib/ext/localedata.jar
7f735d0b7000-7f735d0d4000 rw-p 00000000 00:00 0 
7f735d0d4000-7f735d177000 rw-p 00000000 00:00 0 
7f735d177000-7f735d17a000 ---p 00000000 00:00 0 
7f735d17a000-7f735d27d000 rw-p 00000000 00:00 0                          [stack:4677]
7f735d27d000-7f735d27f000 r--s 00006000 08:02 5674                       /usr/share/java/java-atk-wrapper.jar
7f735d27f000-7f735d298000 rw-p 00000000 00:00 0 
7f735d298000-7f735d2a0000 rw-s 00000000 08:02 1313860                    /tmp/hsperfdata_ivan/4676
7f735d2a0000-7f735d2a1000 rw-p 00000000 00:00 0 
7f735d2a1000-7f735d2a2000 r--p 00000000 00:00 0 
7f735d2a2000-7f735d2a4000 rw-p 00000000 00:00 0 
7f735d2a4000-7f735d2a5000 r--p 00022000 08:02 9481                       /lib/x86_64-linux-gnu/ld-2.19.so
7f735d2a5000-7f735d2a6000 rw-p 00023000 08:02 9481                       /lib/x86_64-linux-gnu/ld-2.19.so
7f735d2a6000-7f735d2a7000 rw-p 00000000 00:00 0 
7fff19649000-7fff1966a000 rw-p 00000000 00:00 0                          [stack]
7fff197f0000-7fff197f2000 r-xp 00000000 00:00 0                          [vdso]
7fff197f2000-7fff197f4000 r--p 00000000 00:00 0                          [vvar]
ffffffffff600000-ffffffffff601000 r-xp 00000000 00:00 0                  [vsyscall]

VM Arguments:
jvm_args: -XX:MaxPermSize=256m -XX:+HeapDumpOnOutOfMemoryError -Xmx1024m -Dfile.encoding=UTF-8 -Duser.country=UA -Duser.language=ru -Duser.variant 
java_command: org.gradle.launcher.daemon.bootstrap.GradleDaemon 2.8
Launcher Type: SUN_STANDARD

Environment Variables:
JAVA_HOME=/usr/lib/jvm/java-8-oracle
PATH=/usr/local/sbin:/usr/local/bin:/usr/sbin:/usr/bin:/sbin:/bin:/usr/games:/usr/local/games:/usr/lib/jvm/java-8-oracle/bin:/usr/lib/jvm/java-8-oracle/db/bin:/usr/lib/jvm/java-8-oracle/jre/bin
SHELL=/bin/bash
DISPLAY=:0

Signal Handlers:
SIGSEGV: [libjvm.so+0x954820], sa_mask[0]=0x7ffbfeff, sa_flags=0x10000004
SIGBUS: [libjvm.so+0x954820], sa_mask[0]=0x7ffbfeff, sa_flags=0x10000004
SIGFPE: [libjvm.so+0x7cb150], sa_mask[0]=0x7ffbfeff, sa_flags=0x10000004
SIGPIPE: SIG_IGN, sa_mask[0]=0x00000000, sa_flags=0x00000000
SIGXFSZ: [libjvm.so+0x7cb150], sa_mask[0]=0x7ffbfeff, sa_flags=0x10000004
SIGILL: [libjvm.so+0x7cb150], sa_mask[0]=0x7ffbfeff, sa_flags=0x10000004
SIGUSR1: SIG_DFL, sa_mask[0]=0x00000000, sa_flags=0x00000000
SIGUSR2: [libjvm.so+0x7caff0], sa_mask[0]=0x00000004, sa_flags=0x10000004
SIGHUP: [libjvm.so+0x7cb1d0], sa_mask[0]=0x7ffbfeff, sa_flags=0x10000004
SIGINT: [libjvm.so+0x7cb1d0], sa_mask[0]=0x7ffbfeff, sa_flags=0x10000004
SIGTERM: [libjvm.so+0x7cb1d0], sa_mask[0]=0x7ffbfeff, sa_flags=0x10000004
SIGQUIT: [libjvm.so+0x7cb1d0], sa_mask[0]=0x7ffbfeff, sa_flags=0x10000004
SIGTRAP: SIG_DFL, sa_mask[0]=0x00000000, sa_flags=0x00000000


---------------  S Y S T E M  ---------------

OS:Ubuntu 14.04 (trusty)
uname:Linux 3.16.0-33-generic #44~14.04.1-Ubuntu SMP Fri Mar 13 10:33:29 UTC 2015 x86_64
libc:glibc 2.19 NPTL 2.19 
rlimit: STACK 8192k, CORE 0k, NPROC 30684, NOFILE 4096, AS infinity
load average:4,47 2,24 1,36

/proc/meminfo:
MemTotal:        8059736 kB
MemFree:         1573012 kB
MemAvailable:    4336936 kB
Buffers:          656084 kB
Cached:          2112824 kB
SwapCached:            0 kB
Active:          4592428 kB
Inactive:        1323348 kB
Active(anon):    3148652 kB
Inactive(anon):    93136 kB
Active(file):    1443776 kB
Inactive(file):  1230212 kB
Unevictable:          68 kB
Mlocked:              68 kB
SwapTotal:       4075516 kB
SwapFree:        4075516 kB
Dirty:             42672 kB
Writeback:             0 kB
AnonPages:       3147012 kB
Mapped:           495412 kB
Shmem:             94924 kB
Slab:             382904 kB
SReclaimable:     343340 kB
SUnreclaim:        39564 kB
KernelStack:        9888 kB
PageTables:        50164 kB
NFS_Unstable:          0 kB
Bounce:                0 kB
WritebackTmp:          0 kB
CommitLimit:     8105384 kB
Committed_AS:    7796332 kB
VmallocTotal:   34359738367 kB
VmallocUsed:      391872 kB
VmallocChunk:   34359325692 kB
HardwareCorrupted:     0 kB
AnonHugePages:   1515520 kB
HugePages_Total:       0
HugePages_Free:        0
HugePages_Rsvd:        0
HugePages_Surp:        0
Hugepagesize:       2048 kB
DirectMap4k:      196548 kB
DirectMap2M:     8075264 kB


CPU:total 4 (2 cores per cpu, 2 threads per core) family 6 model 58 stepping 9, cmov, cx8, fxsr, mmx, sse, sse2, sse3, ssse3, sse4.1, sse4.2, popcnt, avx, erms, ht, tsc, tscinvbit, tscinv

/proc/cpuinfo:
processor	: 0
vendor_id	: GenuineIntel
cpu family	: 6
model		: 58
model name	: Intel(R) Core(TM) i3-3217U CPU @ 1.80GHz
stepping	: 9
microcode	: 0x15
cpu MHz		: 1800.000
cache size	: 3072 KB
physical id	: 0
siblings	: 4
core id		: 0
cpu cores	: 2
apicid		: 0
initial apicid	: 0
fpu		: yes
fpu_exception	: yes
cpuid level	: 13
wp		: yes
flags		: fpu vme de pse tsc msr pae mce cx8 apic sep mtrr pge mca cmov pat pse36 clflush dts acpi mmx fxsr sse sse2 ss ht tm pbe syscall nx rdtscp lm constant_tsc arch_perfmon pebs bts rep_good nopl xtopology nonstop_tsc aperfmperf eagerfpu pni pclmulqdq dtes64 monitor ds_cpl vmx est tm2 ssse3 cx16 xtpr pdcm pcid sse4_1 sse4_2 x2apic popcnt tsc_deadline_timer xsave avx f16c lahf_lm ida arat epb xsaveopt pln pts dtherm tpr_shadow vnmi flexpriority ept vpid fsgsbase smep erms
bogomips	: 3591.78
clflush size	: 64
cache_alignment	: 64
address sizes	: 36 bits physical, 48 bits virtual
power management:

processor	: 1
vendor_id	: GenuineIntel
cpu family	: 6
model		: 58
model name	: Intel(R) Core(TM) i3-3217U CPU @ 1.80GHz
stepping	: 9
microcode	: 0x15
cpu MHz		: 1800.000
cache size	: 3072 KB
physical id	: 0
siblings	: 4
core id		: 1
cpu cores	: 2
apicid		: 2
initial apicid	: 2
fpu		: yes
fpu_exception	: yes
cpuid level	: 13
wp		: yes
flags		: fpu vme de pse tsc msr pae mce cx8 apic sep mtrr pge mca cmov pat pse36 clflush dts acpi mmx fxsr sse sse2 ss ht tm pbe syscall nx rdtscp lm constant_tsc arch_perfmon pebs bts rep_good nopl xtopology nonstop_tsc aperfmperf eagerfpu pni pclmulqdq dtes64 monitor ds_cpl vmx est tm2 ssse3 cx16 xtpr pdcm pcid sse4_1 sse4_2 x2apic popcnt tsc_deadline_timer xsave avx f16c lahf_lm ida arat epb xsaveopt pln pts dtherm tpr_shadow vnmi flexpriority ept vpid fsgsbase smep erms
bogomips	: 3591.78
clflush size	: 64
cache_alignment	: 64
address sizes	: 36 bits physical, 48 bits virtual
power management:

processor	: 2
vendor_id	: GenuineIntel
cpu family	: 6
model		: 58
model name	: Intel(R) Core(TM) i3-3217U CPU @ 1.80GHz
stepping	: 9
microcode	: 0x15
cpu MHz		: 1800.000
cache size	: 3072 KB
physical id	: 0
siblings	: 4
core id		: 0
cpu cores	: 2
apicid		: 1
initial apicid	: 1
fpu		: yes
fpu_exception	: yes
cpuid level	: 13
wp		: yes
flags		: fpu vme de pse tsc msr pae mce cx8 apic sep mtrr pge mca cmov pat pse36 clflush dts acpi mmx fxsr sse sse2 ss ht tm pbe syscall nx rdtscp lm constant_tsc arch_perfmon pebs bts rep_good nopl xtopology nonstop_tsc aperfmperf eagerfpu pni pclmulqdq dtes64 monitor ds_cpl vmx est tm2 ssse3 cx16 xtpr pdcm pcid sse4_1 sse4_2 x2apic popcnt tsc_deadline_timer xsave avx f16c lahf_lm ida arat epb xsaveopt pln pts dtherm tpr_shadow vnmi flexpriority ept vpid fsgsbase smep erms
bogomips	: 3591.78
clflush size	: 64
cache_alignment	: 64
address sizes	: 36 bits physical, 48 bits virtual
power management:

processor	: 3
vendor_id	: GenuineIntel
cpu family	: 6
model		: 58
model name	: Intel(R) Core(TM) i3-3217U CPU @ 1.80GHz
stepping	: 9
microcode	: 0x15
cpu MHz		: 1800.000
cache size	: 3072 KB
physical id	: 0
siblings	: 4
core id		: 1
cpu cores	: 2
apicid		: 3
initial apicid	: 3
fpu		: yes
fpu_exception	: yes
cpuid level	: 13
wp		: yes
flags		: fpu vme de pse tsc msr pae mce cx8 apic sep mtrr pge mca cmov pat pse36 clflush dts acpi mmx fxsr sse sse2 ss ht tm pbe syscall nx rdtscp lm constant_tsc arch_perfmon pebs bts rep_good nopl xtopology nonstop_tsc aperfmperf eagerfpu pni pclmulqdq dtes64 monitor ds_cpl vmx est tm2 ssse3 cx16 xtpr pdcm pcid sse4_1 sse4_2 x2apic popcnt tsc_deadline_timer xsave avx f16c lahf_lm ida arat epb xsaveopt pln pts dtherm tpr_shadow vnmi flexpriority ept vpid fsgsbase smep erms
bogomips	: 3591.78
clflush size	: 64
cache_alignment	: 64
address sizes	: 36 bits physical, 48 bits virtual
power management:



Memory: 4k page, physical 8059736k(1573012k free), swap 4075516k(4075516k free)

vm_info: OpenJDK 64-Bit Server VM (24.85-b03) for linux-amd64 JRE (1.7.0_85-b01), built on Oct 22 2015 06:46:50 by "buildd" with gcc 4.8.2

time: Tue Mar 15 10:24:51 2016
elapsed time: 106 seconds

