#
# A fatal error has been detected by the Java Runtime Environment:
#
#  SIGSEGV (0xb) at pc=0x00007fda7768d1df, pid=17057, tid=140576096732928
#
# JRE version: OpenJDK Runtime Environment (7.0_95) (build 1.7.0_95-b00)
# Java VM: OpenJDK 64-Bit Server VM (24.95-b01 mixed mode linux-amd64 compressed oops)
# Derivative: IcedTea 2.6.4
# Distribution: Ubuntu 14.04.3 LTS, package 7u95-2.6.4-0ubuntu0.14.04.1
# Problematic frame:
# V  [libjvm.so+0x59c1df]
#
# Failed to write core dump. Core dumps have been disabled. To enable core dumping, try "ulimit -c unlimited" before starting Java again
#
# If you would like to submit a bug report, please include
# instructions on how to reproduce the bug and visit:
#   http://icedtea.classpath.org/bugzilla
#

---------------  T H R E A D  ---------------

Current thread (0x00007fda700ac000):  JavaThread "C2 CompilerThread1" daemon [_thread_in_native, id=17070, stack(0x00007fda6c3f4000,0x00007fda6c4f5000)]

siginfo:si_signo=SIGSEGV: si_errno=0, si_code=1 (SEGV_MAPERR), si_addr=0x00007fd23826f3b8

Registers:
RAX=0x00007fda3830daf0, RBX=0x00007fda3826f268, RCX=0x0000000000000000, RDX=0x0000000000000001
RSP=0x00007fda6c4f06b0, RBP=0x00007fda6c4f0900, RSI=0x0000000000000002, RDI=0x00007fd23826f390
R8 =0x0000000000000000, R9 =0x0000000000000000, R10=0x0000000000000000, R11=0x0000000000000000
R12=0x00000000000f423f, R13=0x0000000000000001, R14=0x00007fda3826f268, R15=0x00007fda6c4f0c10
RIP=0x00007fda7768d1df, EFLAGS=0x0000000000010297, CSGSFS=0x0000000000000033, ERR=0x0000000000000004
  TRAPNO=0x000000000000000e

Top of Stack: (sp=0x00007fda6c4f06b0)
0x00007fda6c4f06b0:   00007fda6c4f06d0 00007fda6c4f0730
0x00007fda6c4f06c0:   00007fda6c4f0740 fffffffe00000001
0x00007fda6c4f06d0:   00007fda3826f300 0000000000000014
0x00007fda6c4f06e0:   00007fda6c4f0780 00007fda6c4f07b0
0x00007fda6c4f06f0:   0000000000000001 00007fda6c4f0830
0x00007fda6c4f0700:   0000003b000003c8 00007fda0000ffff
0x00007fda6c4f0710:   00007fda3832a7e0 00007fda3832a7e0
0x00007fda6c4f0720:   0000002400000038 3fd42bf918000000
0x00007fda6c4f0730:   0000000000000004 00007fda386451f0
0x00007fda6c4f0740:   0000003c0000003c 00007fda38041400
0x00007fda6c4f0750:   0000000000000000 0000000000000000
0x00007fda6c4f0760:   0000000000000000 ffffffffffffff00
0x00007fda6c4f0770:   ffffffffffffffff 0000000000020000
0x00007fda6c4f0780:   0000000000000000 0000000000000000
0x00007fda6c4f0790:   0000000300000000 0000000000000000
0x00007fda6c4f07a0:   0000000000000000 00007fda441529e0
0x00007fda6c4f07b0:   000013c300000000 00007fda00000008
0x00007fda6c4f07c0:   00007fda247d8e60 00007fda00000014
0x00007fda6c4f07d0:   00007fda247d9550 00007fda00000014
0x00007fda6c4f07e0:   00007fda6c4f0830 00007fda7739cd9a
0x00007fda6c4f07f0:   000013c300000000 0303030300000008
0x00007fda6c4f0800:   00007fda247d8e60 0000000000000014
0x00007fda6c4f0810:   00007fda247d9550 0000000000000014
0x00007fda6c4f0820:   00007fda6c4f0830 00007fda6c4f09f0
0x00007fda6c4f0830:   00007fda00000016 00007fda247d9550
0x00007fda6c4f0840:   00007fda6c4f0850 00000000003233b0
0x00007fda6c4f0850:   00007fda38141798 00007fda38141380
0x00007fda6c4f0860:   00007fda7001c720 00007fda381397b0
0x00007fda6c4f0870:   00007fda77ec04d0 00007fda6c4f08b0
0x00007fda6c4f0880:   000000006c4f0900 0000000000000098
0x00007fda6c4f0890:   00007fda38041400 00007fda00000001
0x00007fda6c4f08a0:   0000000000000079 00007fda00000476 

Instructions: (pc=0x00007fda7768d1df)
0x00007fda7768d1bf:   90 41 83 c5 01 41 39 f5 0f 83 a3 01 00 00 49 8b
0x00007fda7768d1cf:   46 08 44 89 ea 48 8b 3c d0 49 8b 87 d0 00 00 00
0x00007fda7768d1df:   8b 57 28 8b 1c 90 85 db 74 d7 89 d8 49 8b 4f 78
0x00007fda7768d1ef:   45 39 ec 48 8d 14 40 48 8d 14 90 48 8b 41 20 48 

Register to memory mapping:

RAX=0x00007fda3830daf0 is an unknown value
RBX=0x00007fda3826f268 is an unknown value
RCX=0x0000000000000000 is an unknown value
RDX=0x0000000000000001 is an unknown value
RSP=0x00007fda6c4f06b0 is pointing into the stack for thread: 0x00007fda700ac000
RBP=0x00007fda6c4f0900 is pointing into the stack for thread: 0x00007fda700ac000
RSI=0x0000000000000002 is an unknown value
RDI=0x00007fd23826f390 is an unknown value
R8 =0x0000000000000000 is an unknown value
R9 =0x0000000000000000 is an unknown value
R10=0x0000000000000000 is an unknown value
R11=0x0000000000000000 is an unknown value
R12=0x00000000000f423f is an unknown value
R13=0x0000000000000001 is an unknown value
R14=0x00007fda3826f268 is an unknown value
R15=0x00007fda6c4f0c10 is pointing into the stack for thread: 0x00007fda700ac000


Stack: [0x00007fda6c3f4000,0x00007fda6c4f5000],  sp=0x00007fda6c4f06b0,  free space=1009k
Native frames: (J=compiled Java code, j=interpreted, Vv=VM code, C=native code)
V  [libjvm.so+0x59c1df]
V  [libjvm.so+0x3cbb52]
V  [libjvm.so+0x43f92a]
V  [libjvm.so+0x443ab7]
V  [libjvm.so+0x3b1c7a]
V  [libjvm.so+0x449937]
V  [libjvm.so+0x44aa40]
V  [libjvm.so+0x907e50]
V  [libjvm.so+0x9080c1]
V  [libjvm.so+0x7cc682]


Current CompileTask:
C2:  11199  516             sun.misc.URLClassPath::getResource (74 bytes)


---------------  P R O C E S S  ---------------

Java Threads: ( => current thread )
  0x00007fda245eb000 JavaThread "File lock request listener" [_thread_in_native, id=17084, stack(0x00007fda5ed28000,0x00007fda5ee29000)]
  0x00007fda243e6000 JavaThread "process reaper" daemon [_thread_blocked, id=17083, stack(0x00007fda5ee29000,0x00007fda5ee62000)]
  0x00007fda2401d000 JavaThread "Stdin handler" [_thread_blocked, id=17081, stack(0x00007fda5eece000,0x00007fda5efcf000)]
  0x00007fda2800a000 JavaThread "Daemon worker" [_thread_in_native, id=17078, stack(0x00007fda5efd6000,0x00007fda5f0d7000)]
  0x00007fda28003800 JavaThread "Cancel handler" [_thread_blocked, id=17077, stack(0x00007fda5f0d7000,0x00007fda5f1d8000)]
  0x00007fda28006800 JavaThread "Handler for socket connection from /127.0.0.1:59707 to /127.0.0.1:57545" [_thread_in_native, id=17076, stack(0x00007fda5f1d8000,0x00007fda5f2d9000)]
  0x00007fda3400d000 JavaThread "Daemon" [_thread_blocked, id=17075, stack(0x00007fda5f2d9000,0x00007fda5f3da000)]
  0x00007fda70ae3000 JavaThread "Incoming local TCP Connector on port 59707" [_thread_in_native, id=17074, stack(0x00007fda5f3da000,0x00007fda5f4db000)]
  0x00007fda700ae800 JavaThread "Service Thread" daemon [_thread_blocked, id=17071, stack(0x00007fda6c2f3000,0x00007fda6c3f4000)]
=>0x00007fda700ac000 JavaThread "C2 CompilerThread1" daemon [_thread_in_native, id=17070, stack(0x00007fda6c3f4000,0x00007fda6c4f5000)]
  0x00007fda700a9000 JavaThread "C2 CompilerThread0" daemon [_thread_in_native, id=17069, stack(0x00007fda6c4f5000,0x00007fda6c5f6000)]
  0x00007fda700a7000 JavaThread "Signal Dispatcher" daemon [_thread_blocked, id=17068, stack(0x00007fda6c5f6000,0x00007fda6c6f7000)]
  0x00007fda7007c000 JavaThread "Finalizer" daemon [_thread_blocked, id=17067, stack(0x00007fda6c6f7000,0x00007fda6c7f8000)]
  0x00007fda7007a000 JavaThread "Reference Handler" daemon [_thread_blocked, id=17066, stack(0x00007fda6c7f8000,0x00007fda6c8f9000)]
  0x00007fda7000a000 JavaThread "main" [_thread_blocked, id=17060, stack(0x00007fda78c05000,0x00007fda78d06000)]

Other Threads:
  0x00007fda70075800 VMThread [stack: 0x00007fda6c8f9000,0x00007fda6c9fa000] [id=17065]
  0x00007fda700b9800 WatcherThread [stack: 0x00007fda6c1f2000,0x00007fda6c2f3000] [id=17072]

VM state:not at safepoint (normal execution)

VM Mutex/Monitor currently owned by a thread: None

Heap
 PSYoungGen      total 74752K, used 13458K [0x00000000eaa80000, 0x00000000f3b80000, 0x0000000100000000)
  eden space 63488K, 9% used [0x00000000eaa80000,0x00000000eb03d060,0x00000000ee880000)
  from space 11264K, 67% used [0x00000000ee880000,0x00000000eefe7aa8,0x00000000ef380000)
  to   space 10752K, 0% used [0x00000000f3100000,0x00000000f3100000,0x00000000f3b80000)
 ParOldGen       total 83968K, used 12265K [0x00000000c0000000, 0x00000000c5200000, 0x00000000eaa80000)
  object space 83968K, 14% used [0x00000000c0000000,0x00000000c0bfa510,0x00000000c5200000)
 PSPermGen       total 28672K, used 28208K [0x00000000b0000000, 0x00000000b1c00000, 0x00000000c0000000)
  object space 28672K, 98% used [0x00000000b0000000,0x00000000b1b8c3a8,0x00000000b1c00000)

Card table byte_map: [0x00007fda755ba000,0x00007fda7583b000] byte_map_base: 0x00007fda7503a000

Polling page: 0x00007fda78d2e000

Code Cache  [0x00007fda6d000000, 0x00007fda6d2b0000, 0x00007fda70000000)
 total_blobs=1050 nmethods=475 adapters=528 free_code_cache=46464Kb largest_free_block=47515520

Compilation events (10 events):
Event: 10,822 Thread 0x00007fda700ac000 nmethod 515 0x00007fda6d087510 code [0x00007fda6d087660, 0x00007fda6d0877b8]
Event: 10,834 Thread 0x00007fda700a9000 nmethod 513 0x00007fda6d214850 code [0x00007fda6d214b20, 0x00007fda6d215e78]
Event: 10,905 Thread 0x00007fda700ac000  516             sun.misc.URLClassPath::getResource (74 bytes)
Event: 10,910 Thread 0x00007fda700a9000  517             groovy.lang.MetaClassImpl$1MOPIter::methodNameAction (479 bytes)
Event: 10,997 Thread 0x00007fda700a9000 nmethod 517 0x00007fda6d2a7e10 code [0x00007fda6d2a81c0, 0x00007fda6d2a9dc0]
Event: 10,997 Thread 0x00007fda700a9000  518             java.lang.Class$MethodArray::length (5 bytes)
Event: 10,997 Thread 0x00007fda700a9000 nmethod 518 0x00007fda6d2876d0 code [0x00007fda6d287800, 0x00007fda6d287858]
Event: 10,998 Thread 0x00007fda700a9000  519             groovy.lang.MetaClassImpl::applyStrayPropertyMethods (297 bytes)
Event: 11,135 Thread 0x00007fda700a9000 nmethod 519 0x00007fda6d2ab6d0 code [0x00007fda6d2aba20, 0x00007fda6d2acf98]
Event: 11,135 Thread 0x00007fda700a9000  520  s!         sun.misc.URLClassPath::getLoader (154 bytes)

GC Heap History (10 events):
Event: 4,781 GC heap before
{Heap before GC invocations=3 (full 0):
 PSYoungGen      total 36864K, used 36841K [0x00000000eaa80000, 0x00000000ed380000, 0x0000000100000000)
  eden space 31744K, 100% used [0x00000000eaa80000,0x00000000ec980000,0x00000000ec980000)
  from space 5120K, 99% used [0x00000000ece80000,0x00000000ed37a4f8,0x00000000ed380000)
  to   space 5120K, 0% used [0x00000000ec980000,0x00000000ec980000,0x00000000ece80000)
 ParOldGen       total 83968K, used 819K [0x00000000c0000000, 0x00000000c5200000, 0x00000000eaa80000)
  object space 83968K, 0% used [0x00000000c0000000,0x00000000c00ccff8,0x00000000c5200000)
 PSPermGen       total 21504K, used 17833K [0x00000000b0000000, 0x00000000b1500000, 0x00000000c0000000)
  object space 21504K, 82% used [0x00000000b0000000,0x00000000b116a4c8,0x00000000b1500000)
Event: 4,797 GC heap after
Heap after GC invocations=3 (full 0):
 PSYoungGen      total 36864K, used 5120K [0x00000000eaa80000, 0x00000000ed380000, 0x0000000100000000)
  eden space 31744K, 0% used [0x00000000eaa80000,0x00000000eaa80000,0x00000000ec980000)
  from space 5120K, 100% used [0x00000000ec980000,0x00000000ece80000,0x00000000ece80000)
  to   space 5120K, 0% used [0x00000000ece80000,0x00000000ece80000,0x00000000ed380000)
 ParOldGen       total 83968K, used 3894K [0x00000000c0000000, 0x00000000c5200000, 0x00000000eaa80000)
  object space 83968K, 4% used [0x00000000c0000000,0x00000000c03cd878,0x00000000c5200000)
 PSPermGen       total 21504K, used 17833K [0x00000000b0000000, 0x00000000b1500000, 0x00000000c0000000)
  object space 21504K, 82% used [0x00000000b0000000,0x00000000b116a4c8,0x00000000b1500000)
}
Event: 5,594 GC heap before
{Heap before GC invocations=4 (full 0):
 PSYoungGen      total 36864K, used 36864K [0x00000000eaa80000, 0x00000000ed380000, 0x0000000100000000)
  eden space 31744K, 100% used [0x00000000eaa80000,0x00000000ec980000,0x00000000ec980000)
  from space 5120K, 100% used [0x00000000ec980000,0x00000000ece80000,0x00000000ece80000)
  to   space 5120K, 0% used [0x00000000ece80000,0x00000000ece80000,0x00000000ed380000)
 ParOldGen       total 83968K, used 3894K [0x00000000c0000000, 0x00000000c5200000, 0x00000000eaa80000)
  object space 83968K, 4% used [0x00000000c0000000,0x00000000c03cd878,0x00000000c5200000)
 PSPermGen       total 21504K, used 20379K [0x00000000b0000000, 0x00000000b1500000, 0x00000000c0000000)
  object space 21504K, 94% used [0x00000000b0000000,0x00000000b13e6d08,0x00000000b1500000)
Event: 5,612 GC heap after
Heap after GC invocations=4 (full 0):
 PSYoungGen      total 36864K, used 5104K [0x00000000eaa80000, 0x00000000ef280000, 0x0000000100000000)
  eden space 31744K, 0% used [0x00000000eaa80000,0x00000000eaa80000,0x00000000ec980000)
  from space 5120K, 99% used [0x00000000ece80000,0x00000000ed37c050,0x00000000ed380000)
  to   space 5120K, 0% used [0x00000000ec980000,0x00000000ec980000,0x00000000ece80000)
 ParOldGen       total 83968K, used 7532K [0x00000000c0000000, 0x00000000c5200000, 0x00000000eaa80000)
  object space 83968K, 8% used [0x00000000c0000000,0x00000000c075b270,0x00000000c5200000)
 PSPermGen       total 21504K, used 20379K [0x00000000b0000000, 0x00000000b1500000, 0x00000000c0000000)
  object space 21504K, 94% used [0x00000000b0000000,0x00000000b13e6d08,0x00000000b1500000)
}
Event: 6,395 GC heap before
{Heap before GC invocations=5 (full 0):
 PSYoungGen      total 36864K, used 36843K [0x00000000eaa80000, 0x00000000ef280000, 0x0000000100000000)
  eden space 31744K, 99% used [0x00000000eaa80000,0x00000000ec97ec18,0x00000000ec980000)
  from space 5120K, 99% used [0x00000000ece80000,0x00000000ed37c050,0x00000000ed380000)
  to   space 5120K, 0% used [0x00000000ec980000,0x00000000ec980000,0x00000000ece80000)
 ParOldGen       total 83968K, used 7532K [0x00000000c0000000, 0x00000000c5200000, 0x00000000eaa80000)
  object space 83968K, 8% used [0x00000000c0000000,0x00000000c075b270,0x00000000c5200000)
 PSPermGen       total 23040K, used 22607K [0x00000000b0000000, 0x00000000b1680000, 0x00000000c0000000)
  object space 23040K, 98% used [0x00000000b0000000,0x00000000b1613c98,0x00000000b1680000)
Event: 6,412 GC heap after
Heap after GC invocations=5 (full 0):
 PSYoungGen      total 36864K, used 5103K [0x00000000eaa80000, 0x00000000efe80000, 0x0000000100000000)
  eden space 31744K, 0% used [0x00000000eaa80000,0x00000000eaa80000,0x00000000ec980000)
  from space 5120K, 99% used [0x00000000ec980000,0x00000000ece7bd28,0x00000000ece80000)
  to   space 11264K, 0% used [0x00000000ef380000,0x00000000ef380000,0x00000000efe80000)
 ParOldGen       total 83968K, used 10792K [0x00000000c0000000, 0x00000000c5200000, 0x00000000eaa80000)
  object space 83968K, 12% used [0x00000000c0000000,0x00000000c0a8a090,0x00000000c5200000)
 PSPermGen       total 23040K, used 22607K [0x00000000b0000000, 0x00000000b1680000, 0x00000000c0000000)
  object space 23040K, 98% used [0x00000000b0000000,0x00000000b1613c98,0x00000000b1680000)
}
Event: 7,176 GC heap before
{Heap before GC invocations=6 (full 0):
 PSYoungGen      total 36864K, used 36847K [0x00000000eaa80000, 0x00000000efe80000, 0x0000000100000000)
  eden space 31744K, 100% used [0x00000000eaa80000,0x00000000ec980000,0x00000000ec980000)
  from space 5120K, 99% used [0x00000000ec980000,0x00000000ece7bd28,0x00000000ece80000)
  to   space 11264K, 0% used [0x00000000ef380000,0x00000000ef380000,0x00000000efe80000)
 ParOldGen       total 83968K, used 10792K [0x00000000c0000000, 0x00000000c5200000, 0x00000000eaa80000)
  object space 83968K, 12% used [0x00000000c0000000,0x00000000c0a8a090,0x00000000c5200000)
 PSPermGen       total 26624K, used 26413K [0x00000000b0000000, 0x00000000b1a00000, 0x00000000c0000000)
  object space 26624K, 99% used [0x00000000b0000000,0x00000000b19cb4f0,0x00000000b1a00000)
Event: 7,196 GC heap after
Heap after GC invocations=6 (full 0):
 PSYoungGen      total 74752K, used 8089K [0x00000000eaa80000, 0x00000000efe80000, 0x0000000100000000)
  eden space 63488K, 0% used [0x00000000eaa80000,0x00000000eaa80000,0x00000000ee880000)
  from space 11264K, 71% used [0x00000000ef380000,0x00000000efb666a8,0x00000000efe80000)
  to   space 11264K, 0% used [0x00000000ee880000,0x00000000ee880000,0x00000000ef380000)
 ParOldGen       total 83968K, used 10856K [0x00000000c0000000, 0x00000000c5200000, 0x00000000eaa80000)
  object space 83968K, 12% used [0x00000000c0000000,0x00000000c0a9a0a0,0x00000000c5200000)
 PSPermGen       total 26624K, used 26413K [0x00000000b0000000, 0x00000000b1a00000, 0x00000000c0000000)
  object space 26624K, 99% used [0x00000000b0000000,0x00000000b19cb4f0,0x00000000b1a00000)
}
Event: 10,999 GC heap before
{Heap before GC invocations=7 (full 0):
 PSYoungGen      total 74752K, used 71577K [0x00000000eaa80000, 0x00000000efe80000, 0x0000000100000000)
  eden space 63488K, 100% used [0x00000000eaa80000,0x00000000ee880000,0x00000000ee880000)
  from space 11264K, 71% used [0x00000000ef380000,0x00000000efb666a8,0x00000000efe80000)
  to   space 11264K, 0% used [0x00000000ee880000,0x00000000ee880000,0x00000000ef380000)
 ParOldGen       total 83968K, used 10856K [0x00000000c0000000, 0x00000000c5200000, 0x00000000eaa80000)
  object space 83968K, 12% used [0x00000000c0000000,0x00000000c0a9a0a0,0x00000000c5200000)
 PSPermGen       total 27648K, used 27404K [0x00000000b0000000, 0x00000000b1b00000, 0x00000000c0000000)
  object space 27648K, 99% used [0x00000000b0000000,0x00000000b1ac3030,0x00000000b1b00000)
Event: 11,028 GC heap after
Heap after GC invocations=7 (full 0):
 PSYoungGen      total 74752K, used 7582K [0x00000000eaa80000, 0x00000000f3b80000, 0x0000000100000000)
  eden space 63488K, 0% used [0x00000000eaa80000,0x00000000eaa80000,0x00000000ee880000)
  from space 11264K, 67% used [0x00000000ee880000,0x00000000eefe7aa8,0x00000000ef380000)
  to   space 10752K, 0% used [0x00000000f3100000,0x00000000f3100000,0x00000000f3b80000)
 ParOldGen       total 83968K, used 12265K [0x00000000c0000000, 0x00000000c5200000, 0x00000000eaa80000)
  object space 83968K, 14% used [0x00000000c0000000,0x00000000c0bfa510,0x00000000c5200000)
 PSPermGen       total 27648K, used 27404K [0x00000000b0000000, 0x00000000b1b00000, 0x00000000c0000000)
  object space 27648K, 99% used [0x00000000b0000000,0x00000000b1ac3030,0x00000000b1b00000)
}

Deoptimization events (10 events):
Event: 9,058 Thread 0x00007fda2800a000 Uncommon trap: reason=unstable_if action=reinterpret pc=0x00007fda6d0b1b90 method=com.sun.org.apache.xerces.internal.impl.io.UTF8Reader.read([CII)I @ 131
Event: 9,270 Thread 0x00007fda2800a000 Uncommon trap: reason=unstable_if action=reinterpret pc=0x00007fda6d21c240 method=com.sun.org.apache.xerces.internal.impl.XMLEntityScanner.scanName()Ljava/lang/String; @ 69
Event: 9,563 Thread 0x00007fda2800a000 Uncommon trap: reason=predicate action=maybe_recompile pc=0x00007fda6d28877c method=java.util.AbstractCollection.toArray([Ljava/lang/Object;)[Ljava/lang/Object; @ 49
Event: 9,778 Thread 0x00007fda2800a000 Uncommon trap: reason=unstable_if action=reinterpret pc=0x00007fda6d2880c4 method=sun.security.provider.DigestBase.engineUpdate([BII)V @ 168
Event: 10,558 Thread 0x00007fda2800a000 Uncommon trap: reason=unstable_if action=reinterpret pc=0x00007fda6d07a3cc method=java.util.jar.JarFile.hasClassPathAttribute()Z @ 62
Event: 10,558 Thread 0x00007fda2800a000 Uncommon trap: reason=unstable_if action=reinterpret pc=0x00007fda6d1d6a4c method=sun.misc.URLClassPath.getLoader(I)Lsun/misc/URLClassPath$Loader; @ 101
Event: 10,571 Thread 0x00007fda2800a000 Uncommon trap: reason=unstable_if action=reinterpret pc=0x00007fda6d1e423c method=sun.misc.URLClassPath.getLoader(I)Lsun/misc/URLClassPath$Loader; @ 101
Event: 10,645 Thread 0x00007fda2800a000 Uncommon trap: reason=unstable_if action=reinterpret pc=0x00007fda6d0a7410 method=java.util.HashMap.put(Ljava/lang/Object;Ljava/lang/Object;)Ljava/lang/Object; @ 19
Event: 10,785 Thread 0x00007fda2800a000 Uncommon trap: reason=unstable_if action=reinterpret pc=0x00007fda6d278234 method=com.esotericsoftware.kryo.io.Output.writeString(Ljava/lang/CharSequence;)V @ 1
Event: 11,041 Thread 0x00007fda7007c000 Uncommon trap: reason=unstable_if action=reinterpret pc=0x00007fda6d1e83f4 method=java.lang.ref.ReferenceQueue.poll()Ljava/lang/ref/Reference; @ 4

Internal exceptions (10 events):
Event: 11,183 Thread 0x00007fda2800a000 Threw 0x00000000eaf34f50 at /build/openjdk-7-2FOwCu/openjdk-7-7u95-2.6.4/build/openjdk/hotspot/src/share/vm/prims/jvm.cpp:1322
Event: 11,184 Thread 0x00007fda2800a000 Threw 0x00000000eaf39220 at /build/openjdk-7-2FOwCu/openjdk-7-7u95-2.6.4/build/openjdk/hotspot/src/share/vm/prims/jvm.cpp:1322
Event: 11,184 Thread 0x00007fda2800a000 Threw 0x00000000eaf40490 at /build/openjdk-7-2FOwCu/openjdk-7-7u95-2.6.4/build/openjdk/hotspot/src/share/vm/prims/jvm.cpp:1322
Event: 11,185 Thread 0x00007fda2800a000 Threw 0x00000000eaf44990 at /build/openjdk-7-2FOwCu/openjdk-7-7u95-2.6.4/build/openjdk/hotspot/src/share/vm/prims/jvm.cpp:1322
Event: 11,186 Thread 0x00007fda2800a000 Threw 0x00000000eaf4b6a0 at /build/openjdk-7-2FOwCu/openjdk-7-7u95-2.6.4/build/openjdk/hotspot/src/share/vm/prims/jvm.cpp:1322
Event: 11,187 Thread 0x00007fda2800a000 Threw 0x00000000eaf572f0 at /build/openjdk-7-2FOwCu/openjdk-7-7u95-2.6.4/build/openjdk/hotspot/src/share/vm/prims/jvm.cpp:1322
Event: 11,187 Thread 0x00007fda2800a000 Threw 0x00000000eaf60f60 at /build/openjdk-7-2FOwCu/openjdk-7-7u95-2.6.4/build/openjdk/hotspot/src/share/vm/prims/jvm.cpp:1322
Event: 11,188 Thread 0x00007fda2800a000 Threw 0x00000000eaf63af8 at /build/openjdk-7-2FOwCu/openjdk-7-7u95-2.6.4/build/openjdk/hotspot/src/share/vm/prims/jvm.cpp:1322
Event: 11,196 Thread 0x00007fda2800a000 Threw 0x00000000eaf67a20 at /build/openjdk-7-2FOwCu/openjdk-7-7u95-2.6.4/build/openjdk/hotspot/src/share/vm/prims/jvm.cpp:1322
Event: 11,196 Thread 0x00007fda2800a000 Threw 0x00000000eaf6ba18 at /build/openjdk-7-2FOwCu/openjdk-7-7u95-2.6.4/build/openjdk/hotspot/src/share/vm/prims/jvm.cpp:1322

Events (10 events):
Event: 11,187 loading class 0x00007fda243594c0
Event: 11,187 loading class 0x00007fda243594c0 done
Event: 11,187 loading class 0x00007fda24924cf0
Event: 11,187 loading class 0x00007fda24924cf0 done
Event: 11,188 loading class 0x00007fda2490c6e0
Event: 11,188 loading class 0x00007fda2490c6e0 done
Event: 11,196 loading class 0x00007fda24868030
Event: 11,196 loading class 0x00007fda24868030 done
Event: 11,196 loading class 0x00007fda24864d10
Event: 11,196 loading class 0x00007fda24864d10 done


Dynamic libraries:
00400000-00401000 r-xp 00000000 08:02 2761158                            /usr/lib/jvm/java-7-openjdk-amd64/jre/bin/java
00600000-00601000 r--p 00000000 08:02 2761158                            /usr/lib/jvm/java-7-openjdk-amd64/jre/bin/java
00601000-00602000 rw-p 00001000 08:02 2761158                            /usr/lib/jvm/java-7-openjdk-amd64/jre/bin/java
0130e000-0132f000 rw-p 00000000 00:00 0                                  [heap]
b0000000-b1c00000 rw-p 00000000 00:00 0 
b1c00000-c0000000 rw-p 00000000 00:00 0 
c0000000-c5200000 rw-p 00000000 00:00 0 
c5200000-eaa80000 rw-p 00000000 00:00 0 
eaa80000-f3b80000 rw-p 00000000 00:00 0 
f3b80000-100000000 rw-p 00000000 00:00 0 
7fda10000000-7fda10021000 rw-p 00000000 00:00 0 
7fda10021000-7fda14000000 ---p 00000000 00:00 0 
7fda18000000-7fda18021000 rw-p 00000000 00:00 0 
7fda18021000-7fda1c000000 ---p 00000000 00:00 0 
7fda1c000000-7fda1c021000 rw-p 00000000 00:00 0 
7fda1c021000-7fda20000000 ---p 00000000 00:00 0 
7fda20000000-7fda20021000 rw-p 00000000 00:00 0 
7fda20021000-7fda24000000 ---p 00000000 00:00 0 
7fda24000000-7fda24960000 rw-p 00000000 00:00 0 
7fda24960000-7fda28000000 ---p 00000000 00:00 0 
7fda28000000-7fda28021000 rw-p 00000000 00:00 0 
7fda28021000-7fda2c000000 ---p 00000000 00:00 0 
7fda2c000000-7fda2c021000 rw-p 00000000 00:00 0 
7fda2c021000-7fda30000000 ---p 00000000 00:00 0 
7fda30000000-7fda30021000 rw-p 00000000 00:00 0 
7fda30021000-7fda34000000 ---p 00000000 00:00 0 
7fda34000000-7fda3406c000 rw-p 00000000 00:00 0 
7fda3406c000-7fda38000000 ---p 00000000 00:00 0 
7fda38000000-7fda38ad3000 rw-p 00000000 00:00 0 
7fda38ad3000-7fda3c000000 ---p 00000000 00:00 0 
7fda3c000000-7fda3c021000 rw-p 00000000 00:00 0 
7fda3c021000-7fda40000000 ---p 00000000 00:00 0 
7fda40000000-7fda40021000 rw-p 00000000 00:00 0 
7fda40021000-7fda44000000 ---p 00000000 00:00 0 
7fda44000000-7fda4488a000 rw-p 00000000 00:00 0 
7fda4488a000-7fda48000000 ---p 00000000 00:00 0 
7fda48000000-7fda48021000 rw-p 00000000 00:00 0 
7fda48021000-7fda4c000000 ---p 00000000 00:00 0 
7fda4c000000-7fda4c021000 rw-p 00000000 00:00 0 
7fda4c021000-7fda50000000 ---p 00000000 00:00 0 
7fda50000000-7fda50021000 rw-p 00000000 00:00 0 
7fda50021000-7fda54000000 ---p 00000000 00:00 0 
7fda54000000-7fda54021000 rw-p 00000000 00:00 0 
7fda54021000-7fda58000000 ---p 00000000 00:00 0 
7fda58000000-7fda58021000 rw-p 00000000 00:00 0 
7fda58021000-7fda5c000000 ---p 00000000 00:00 0 
7fda5ebd3000-7fda5ebd4000 rw-p 00000000 00:00 0 
7fda5ebd4000-7fda5ebd5000 r--s 00004000 08:02 2759055                    /home/ivan/tools/android/android-studio/gradle/m2repository/com/intellij/annotations/12.0/annotations-12.0.jar
7fda5ebd5000-7fda5ebd7000 r--s 0000d000 08:02 2759096                    /home/ivan/tools/android/android-studio/gradle/m2repository/commons-codec/commons-codec/1.4/commons-codec-1.4.jar
7fda5ebd7000-7fda5ebd9000 r--s 0000d000 08:02 28313190                   /home/ivan/tools/android/android-studio/gradle/m2repository/commons-logging/commons-logging/1.1.1/commons-logging-1.1.1.jar
7fda5ebd9000-7fda5ebde000 r--s 00028000 08:02 28837451                   /home/ivan/tools/android/android-studio/gradle/m2repository/org/apache/httpcomponents/httpcore/4.1/httpcore-4.1.jar
7fda5ebde000-7fda5ebe6000 r--s 000a8000 08:02 31606554                   /home/ivan/tools/android/android-studio/gradle/m2repository/com/android/tools/external/lombok/lombok-ast/0.2.3/lombok-ast-0.2.3.jar
7fda5ebe6000-7fda5ebe8000 r--s 00005000 08:02 28444458                   /home/ivan/tools/android/android-studio/gradle/m2repository/org/abego/treelayout/org.abego.treelayout.core/1.0.1/org.abego.treelayout.core-1.0.1.jar
7fda5ebe8000-7fda5ebe9000 r--s 0000a000 08:02 2759092                    /home/ivan/tools/android/android-studio/gradle/m2repository/net/sf/kxml/kxml2/2.3.0/kxml2-2.3.0.jar
7fda5ebe9000-7fda5ebea000 r--s 00005000 08:02 2752550                    /home/ivan/tools/android/android-studio/gradle/m2repository/com/android/tools/dvlib/24.5.0/dvlib-24.5.0.jar
7fda5ebea000-7fda5ebf1000 r--s 00053000 08:02 28968388                   /home/ivan/tools/android/android-studio/gradle/m2repository/org/apache/commons/commons-compress/1.8.1/commons-compress-1.8.1.jar
7fda5ebf1000-7fda5ebf6000 r--s 0002a000 08:02 30676744                   /home/ivan/tools/android/android-studio/gradle/m2repository/com/google/code/gson/gson/2.2.4/gson-2.2.4.jar
7fda5ebf6000-7fda5ebf9000 r--s 00013000 08:02 31854201                   /home/ivan/tools/android/android-studio/gradle/m2repository/com/android/tools/layoutlib/layoutlib-api/24.5.0/layoutlib-api-24.5.0.jar
7fda5ebf9000-7fda5ebfb000 r--s 00005000 08:02 28837444                   /home/ivan/tools/android/android-studio/gradle/m2repository/org/apache/httpcomponents/httpmime/4.1/httpmime-4.1.jar
7fda5ebfb000-7fda5ec03000 r--s 0004e000 08:02 28968380                   /home/ivan/tools/android/android-studio/gradle/m2repository/org/apache/httpcomponents/httpclient/4.1.1/httpclient-4.1.1.jar
7fda5ec03000-7fda5ec06000 r--s 0002d000 08:02 31462666                   /home/ivan/tools/android/android-studio/gradle/m2repository/com/android/tools/lint/lint-api/24.5.0/lint-api-24.5.0.jar
7fda5ec06000-7fda5ec07000 r--s 00004000 08:02 29623624                   /home/ivan/tools/android/android-studio/gradle/m2repository/org/ow2/asm/asm-analysis/5.0.3/asm-analysis-5.0.3.jar
7fda5ec07000-7fda5ec0b000 r--s 00037000 08:02 28313210                   /home/ivan/tools/android/android-studio/gradle/m2repository/org/antlr/ST4/4.0.8/ST4-4.0.8.jar
7fda5ec0b000-7fda5ec0c000 r--s 00002000 08:02 30676751                   /home/ivan/tools/android/android-studio/gradle/m2repository/com/tunnelvisionlabs/antlr4-annotations/4.5/antlr4-annotations-4.5.jar
7fda5ec0c000-7fda5ec13000 r--s 00062000 08:02 30017461                   /home/ivan/tools/android/android-studio/gradle/m2repository/com/tunnelvisionlabs/antlr4-runtime/4.5/antlr4-runtime-4.5.jar
7fda5ec13000-7fda5ec21000 r--s 00081000 08:02 29230164                   /home/ivan/tools/android/android-studio/gradle/m2repository/org/bouncycastle/bcpkix-jdk15on/1.48/bcpkix-jdk15on-1.48.jar
7fda5ec21000-7fda5ec23000 r--s 00005000 08:02 2759048                    /home/ivan/tools/android/android-studio/gradle/m2repository/com/android/tools/jill/jill-api/0.9.0/jill-api-0.9.0.jar
7fda5ec23000-7fda5ec27000 r--s 00027000 08:02 2757179                    /home/ivan/tools/android/android-studio/gradle/m2repository/com/android/tools/build/manifest-merger/24.5.0/manifest-merger-24.5.0.jar
7fda5ec27000-7fda5ec2c000 r--s 00047000 08:02 2752628                    /home/ivan/tools/android/android-studio/gradle/m2repository/com/android/tools/ddms/ddmlib/24.5.0/ddmlib-24.5.0.jar
7fda5ec2c000-7fda5ec2e000 r--s 00006000 08:02 31199226                   /home/ivan/tools/android/android-studio/gradle/m2repository/com/android/tools/jack/jack-api/0.9.0/jack-api-0.9.0.jar
7fda5ec2e000-7fda5ec2f000 r--s 0000c000 08:02 29755695                   /home/ivan/tools/android/android-studio/gradle/m2repository/org/ow2/asm/asm/5.0.3/asm-5.0.3.jar
7fda5ec2f000-7fda5ec30000 r--s 00002000 08:02 2758969                    /home/ivan/tools/android/android-studio/gradle/m2repository/com/android/tools/build/builder-test-api/1.5.0/builder-test-api-1.5.0.jar
7fda5ec30000-7fda5ec33000 r--s 00026000 08:02 28313205                   /home/ivan/tools/android/android-studio/gradle/m2repository/org/antlr/antlr-runtime/3.5.2/antlr-runtime-3.5.2.jar
7fda5ec33000-7fda5ec3d000 r--s 000ab000 08:02 2752613                    /home/ivan/tools/android/android-studio/gradle/m2repository/com/android/tools/sdklib/24.5.0/sdklib-24.5.0.jar
7fda5ec3d000-7fda5ec3f000 r--s 00002000 08:02 30017450                   /home/ivan/tools/android/android-studio/gradle/m2repository/com/squareup/javawriter/2.5.0/javawriter-2.5.0.jar
7fda5ec3f000-7fda5ec41000 r--s 00016000 08:02 2757143                    /home/ivan/tools/android/android-studio/gradle/m2repository/com/android/tools/common/24.5.0/common-24.5.0.jar
7fda5ec41000-7fda5ec43000 r--s 00006000 08:02 29885961                   /home/ivan/tools/android/android-studio/gradle/m2repository/org/ow2/asm/asm-tree/5.0.3/asm-tree-5.0.3.jar
7fda5ec43000-7fda5ec45000 r--s 00005000 08:02 2757281                    /home/ivan/tools/android/android-studio/gradle/m2repository/com/android/tools/build/builder-model/1.5.0/builder-model-1.5.0.jar
7fda5ec45000-7fda5ec78000 r--s 00203000 08:02 29492123                   /home/ivan/tools/android/android-studio/gradle/m2repository/org/bouncycastle/bcprov-jdk15on/1.48/bcprov-jdk15on-1.48.jar
7fda5ec78000-7fda5ec80000 r--s 00079000 08:02 2752933                    /home/ivan/tools/android/android-studio/gradle/m2repository/com/android/tools/sdk-common/24.5.0/sdk-common-24.5.0.jar
7fda5ec80000-7fda5ec92000 r--s 00223000 08:02 28575587                   /home/ivan/tools/android/android-studio/gradle/m2repository/org/eclipse/jdt/core/compiler/ecj/4.4.2/ecj-4.4.2.jar
7fda5ec92000-7fda5ec98000 r--s 000af000 08:02 31330796                   /home/ivan/tools/android/android-studio/gradle/m2repository/com/android/tools/lint/lint-checks/24.5.0/lint-checks-24.5.0.jar
7fda5ec98000-7fda5eca8000 r--s 000d6000 08:02 2759067                    /home/ivan/tools/android/android-studio/gradle/m2repository/net/sf/proguard/proguard-base/5.2.1/proguard-base-5.2.1.jar
7fda5eca8000-7fda5eca9000 r--s 00002000 08:02 31065982                   /home/ivan/tools/android/android-studio/gradle/m2repository/com/android/databinding/baseLibrary/1.0-rc5/baseLibrary-1.0-rc5.jar
7fda5eca9000-7fda5ecad000 r--s 0002a000 08:02 28182173                   /home/ivan/tools/android/android-studio/gradle/m2repository/commons-io/commons-io/2.4/commons-io-2.4.jar
7fda5ecad000-7fda5ecb7000 r--s 00099000 08:02 30017465                   /home/ivan/tools/android/android-studio/gradle/m2repository/com/tunnelvisionlabs/antlr4/4.5/antlr4-4.5.jar
7fda5ecb7000-7fda5ecbe000 r--s 0005e000 08:02 28968393                   /home/ivan/tools/android/android-studio/gradle/m2repository/org/apache/commons/commons-lang3/3.3.2/commons-lang3-3.3.2.jar
7fda5ecbe000-7fda5ecc1000 r--s 00033000 08:02 30676772                   /home/ivan/tools/android/android-studio/gradle/m2repository/com/googlecode/juniversalchardet/juniversalchardet/1.0.3/juniversalchardet-1.0.3.jar
7fda5ecc1000-7fda5ecc2000 r--s 00001000 08:02 31724219                   /home/ivan/tools/android/android-studio/gradle/m2repository/com/android/tools/annotations/24.5.0/annotations-24.5.0.jar
7fda5ecc2000-7fda5eced000 r--s 001f9000 08:02 31065959                   /home/ivan/tools/android/android-studio/gradle/m2repository/com/google/guava/guava/17.0/guava-17.0.jar
7fda5eced000-7fda5ecf2000 r--s 00058000 08:02 29623630                   /home/ivan/tools/android/android-studio/gradle/m2repository/org/ow2/asm/asm-debug-all/5.0.1/asm-debug-all-5.0.1.jar
7fda5ecf2000-7fda5ecf8000 r--s 0005a000 08:02 2757183                    /home/ivan/tools/android/android-studio/gradle/m2repository/com/android/tools/build/builder/1.5.0/builder-1.5.0.jar
7fda5ecf8000-7fda5ecfa000 r--s 00022000 08:02 31199233                   /home/ivan/tools/android/android-studio/gradle/m2repository/com/android/tools/lint/lint/24.5.0/lint-24.5.0.jar
7fda5ecfa000-7fda5ecfb000 r--s 00002000 08:02 2759078                    /home/ivan/tools/android/android-studio/gradle/m2repository/net/sf/proguard/proguard-gradle/5.2.1/proguard-gradle-5.2.1.jar
7fda5ecfb000-7fda5ecff000 r--s 00026000 08:02 31065977                   /home/ivan/tools/android/android-studio/gradle/m2repository/com/android/databinding/compilerCommon/1.0-rc5/compilerCommon-1.0-rc5.jar
7fda5ecff000-7fda5ed01000 r--s 00001000 08:02 2758980                    /home/ivan/tools/android/android-studio/gradle/m2repository/com/android/tools/build/transform-api/1.5.0/transform-api-1.5.0.jar
7fda5ed01000-7fda5ed05000 r--s 0001e000 08:02 28444451                   /home/ivan/tools/android/android-studio/gradle/m2repository/org/jacoco/org.jacoco.core/0.7.4.201502262128/org.jacoco.core-0.7.4.201502262128.jar
7fda5ed05000-7fda5ed1c000 r--s 0012c000 08:02 2757159                    /home/ivan/tools/android/android-studio/gradle/m2repository/com/android/tools/build/gradle-core/1.5.0/gradle-core-1.5.0.jar
7fda5ed1c000-7fda5ed1e000 r--s 0000d000 08:02 2757330                    /home/ivan/tools/android/android-studio/gradle/m2repository/com/android/tools/build/gradle/1.5.0/gradle-1.5.0.jar
7fda5ed1e000-7fda5ed28000 r--s 000ae000 08:02 2625887                    /usr/lib/jvm/java-7-openjdk-amd64/jre/lib/resources.jar
7fda5ed28000-7fda5ed2b000 ---p 00000000 00:00 0 
7fda5ed2b000-7fda5ee29000 rw-p 00000000 00:00 0                          [stack:17084]
7fda5ee29000-7fda5ee2c000 ---p 00000000 00:00 0 
7fda5ee2c000-7fda5ee62000 rw-p 00000000 00:00 0                          [stack:17083]
7fda5ee62000-7fda5ee63000 r--p 00000000 00:00 0 
7fda5ee63000-7fda5eece000 r--s 0069d000 08:02 2761103                    /usr/lib/jvm/java-7-openjdk-amd64/lib/tools.jar
7fda5eece000-7fda5eed1000 ---p 00000000 00:00 0 
7fda5eed1000-7fda5efcf000 rw-p 00000000 00:00 0                          [stack:17081]
7fda5efcf000-7fda5efd6000 r--s 00000000 08:02 3208                       /usr/lib/x86_64-linux-gnu/gconv/gconv-modules.cache
7fda5efd6000-7fda5efd9000 ---p 00000000 00:00 0 
7fda5efd9000-7fda5f0d7000 rw-p 00000000 00:00 0                          [stack:17078]
7fda5f0d7000-7fda5f0da000 ---p 00000000 00:00 0 
7fda5f0da000-7fda5f1d8000 rw-p 00000000 00:00 0                          [stack:17077]
7fda5f1d8000-7fda5f1db000 ---p 00000000 00:00 0 
7fda5f1db000-7fda5f2d9000 rw-p 00000000 00:00 0                          [stack:17076]
7fda5f2d9000-7fda5f2dc000 ---p 00000000 00:00 0 
7fda5f2dc000-7fda5f3da000 rw-p 00000000 00:00 0                          [stack:17075]
7fda5f3da000-7fda5f3dd000 ---p 00000000 00:00 0 
7fda5f3dd000-7fda5f4db000 rw-p 00000000 00:00 0                          [stack:17074]
7fda5f4db000-7fda5f4df000 r--s 0004f000 08:02 2625874                    /usr/lib/jvm/java-7-openjdk-amd64/jre/lib/jsse.jar
7fda5f4df000-7fda5f4e1000 r--s 00005000 08:02 28186656                   /home/ivan/tools/android/android-studio/gradle/gradle-2.8/lib/plugins/gradle-tooling-api-builders-2.8.jar
7fda5f4e1000-7fda5f4f1000 r--s 00088000 08:02 28186616                   /home/ivan/tools/android/android-studio/gradle/gradle-2.8/lib/plugins/joda-time-2.8.2.jar
7fda5f4f1000-7fda5f502000 r--s 000cf000 08:02 28186710                   /home/ivan/tools/android/android-studio/gradle/gradle-2.8/lib/plugins/jackson-databind-2.3.2.jar
7fda5f502000-7fda5f504000 r--s 00007000 08:02 28186715                   /home/ivan/tools/android/android-studio/gradle/gradle-2.8/lib/plugins/jackson-annotations-2.3.2.jar
7fda5f504000-7fda5f507000 r--s 0002e000 08:02 28186719                   /home/ivan/tools/android/android-studio/gradle/gradle-2.8/lib/plugins/jackson-core-2.3.2.jar
7fda5f507000-7fda5f512000 r--s 0006b000 08:02 28186699                   /home/ivan/tools/android/android-studio/gradle/gradle-2.8/lib/plugins/aws-java-sdk-core-1.9.19.jar
7fda5f512000-7fda5f518000 r--s 00036000 08:02 28186729                   /home/ivan/tools/android/android-studio/gradle/gradle-2.8/lib/plugins/aws-java-sdk-kms-1.9.19.jar
7fda5f518000-7fda5f523000 r--s 00079000 08:02 28186696                   /home/ivan/tools/android/android-studio/gradle/gradle-2.8/lib/plugins/aws-java-sdk-s3-1.9.19.jar
7fda5f523000-7fda5f524000 r--s 00003000 08:02 28186635                   /home/ivan/tools/android/android-studio/gradle/gradle-2.8/lib/plugins/gradle-resources-s3-2.8.jar
7fda5f524000-7fda5f525000 r--s 00004000 08:02 28186658                   /home/ivan/tools/android/android-studio/gradle/gradle-2.8/lib/plugins/gradle-resources-sftp-2.8.jar
7fda5f525000-7fda5f526000 r--s 00001000 08:02 28182195                   /home/ivan/tools/android/android-studio/gradle/gradle-2.8/lib/plugins/gradle-plugin-development-2.8.jar
7fda5f526000-7fda5f528000 r--s 00005000 08:02 28186638                   /home/ivan/tools/android/android-studio/gradle/gradle-2.8/lib/plugins/gradle-testing-native-2.8.jar
7fda5f528000-7fda5f52e000 r--s 00019000 08:02 28186646                   /home/ivan/tools/android/android-studio/gradle/gradle-2.8/lib/plugins/gradle-language-native-2.8.jar
7fda5f52e000-7fda5f53b000 r--s 0004f000 08:02 28182205                   /home/ivan/tools/android/android-studio/gradle/gradle-2.8/lib/plugins/gradle-platform-native-2.8.jar
7fda5f53b000-7fda5f53f000 r--s 00020000 08:02 28182209                   /home/ivan/tools/android/android-studio/gradle/gradle-2.8/lib/plugins/gradle-build-init-2.8.jar
7fda5f53f000-7fda5f544000 r--s 0002b000 08:02 28186614                   /home/ivan/tools/android/android-studio/gradle/gradle-2.8/lib/plugins/gradle-ide-native-2.8.jar
7fda5f544000-7fda5f549000 r--s 00028000 08:02 28186657                   /home/ivan/tools/android/android-studio/gradle/gradle-2.8/lib/plugins/gradle-platform-play-2.8.jar
7fda5f549000-7fda5f54c000 r--s 00008000 08:02 28186617                   /home/ivan/tools/android/android-studio/gradle/gradle-2.8/lib/plugins/gradle-language-scala-2.8.jar
7fda5f54c000-7fda5f54f000 r--s 00009000 08:02 28186641                   /home/ivan/tools/android/android-studio/gradle/gradle-2.8/lib/plugins/gradle-language-groovy-2.8.jar
7fda5f54f000-7fda5f555000 r--s 00023000 08:02 28182202                   /home/ivan/tools/android/android-studio/gradle/gradle-2.8/lib/plugins/gradle-language-java-2.8.jar
7fda5f555000-7fda5f557000 r--s 00008000 08:02 28182194                   /home/ivan/tools/android/android-studio/gradle/gradle-2.8/lib/plugins/gradle-language-jvm-2.8.jar
7fda5f557000-7fda5f55a000 r--s 0000d000 08:02 28186648                   /home/ivan/tools/android/android-studio/gradle/gradle-2.8/lib/plugins/gradle-platform-jvm-2.8.jar
7fda5f55a000-7fda5f562000 r--s 0002c000 08:02 28186626                   /home/ivan/tools/android/android-studio/gradle/gradle-2.8/lib/plugins/gradle-platform-base-2.8.jar
7fda5f562000-7fda5f565000 r--s 00017000 08:02 28186651                   /home/ivan/tools/android/android-studio/gradle/gradle-2.8/lib/plugins/gradle-jacoco-2.8.jar
7fda5f565000-7fda5f568000 r--s 0000e000 08:02 28186613                   /home/ivan/tools/android/android-studio/gradle/gradle-2.8/lib/plugins/gradle-ivy-2.8.jar
7fda5f568000-7fda5f56a000 r--s 00002000 08:02 28182208                   /home/ivan/tools/android/android-studio/gradle/gradle-2.8/lib/plugins/gradle-publish-2.8.jar
7fda5f56a000-7fda5f56f000 r--s 00035000 08:02 28186631                   /home/ivan/tools/android/android-studio/gradle/gradle-2.8/lib/plugins/gradle-diagnostics-2.8.jar
7fda5f56f000-7fda5f576000 r--s 0008f000 08:02 28186652                   /home/ivan/tools/android/android-studio/gradle/gradle-2.8/lib/plugins/gradle-build-comparison-2.8.jar
7fda5f576000-7fda5f57d000 r--s 00035000 08:02 28186702                   /home/ivan/tools/android/android-studio/gradle/gradle-2.8/lib/plugins/simple-4.1.21.jar
7fda5f57d000-7fda5f589000 r--s 00100000 08:02 28186708                   /home/ivan/tools/android/android-studio/gradle/gradle-2.8/lib/plugins/rhino-1.7R3.jar
7fda5f589000-7fda5f58d000 r-xp 00000000 08:02 27396148                   /home/ivan/.gradle/native/19/linux-amd64/libnative-platform.so
7fda5f58d000-7fda5f78c000 ---p 00004000 08:02 27396148                   /home/ivan/.gradle/native/19/linux-amd64/libnative-platform.so
7fda5f78c000-7fda5f78d000 rw-p 00003000 08:02 27396148                   /home/ivan/.gradle/native/19/linux-amd64/libnative-platform.so
7fda5f78d000-7fda5f79d000 r-xp 00000000 08:02 2625910                    /usr/lib/jvm/java-7-openjdk-amd64/jre/lib/amd64/libnio.so
7fda5f79d000-7fda5f99d000 ---p 00010000 08:02 2625910                    /usr/lib/jvm/java-7-openjdk-amd64/jre/lib/amd64/libnio.so
7fda5f99d000-7fda5f99e000 r--p 00010000 08:02 2625910                    /usr/lib/jvm/java-7-openjdk-amd64/jre/lib/amd64/libnio.so
7fda5f99e000-7fda5f99f000 rw-p 00011000 08:02 2625910                    /usr/lib/jvm/java-7-openjdk-amd64/jre/lib/amd64/libnio.so
7fda5f99f000-7fda5f9dc000 r-xp 00000000 08:02 13447                      /lib/x86_64-linux-gnu/libpcre.so.3.13.1
7fda5f9dc000-7fda5fbdb000 ---p 0003d000 08:02 13447                      /lib/x86_64-linux-gnu/libpcre.so.3.13.1
7fda5fbdb000-7fda5fbdc000 r--p 0003c000 08:02 13447                      /lib/x86_64-linux-gnu/libpcre.so.3.13.1
7fda5fbdc000-7fda5fbdd000 rw-p 0003d000 08:02 13447                      /lib/x86_64-linux-gnu/libpcre.so.3.13.1
7fda5fbdd000-7fda5fbe4000 r-xp 00000000 08:02 21389                      /usr/lib/x86_64-linux-gnu/libffi.so.6.0.1
7fda5fbe4000-7fda5fde3000 ---p 00007000 08:02 21389                      /usr/lib/x86_64-linux-gnu/libffi.so.6.0.1
7fda5fde3000-7fda5fde4000 r--p 00006000 08:02 21389                      /usr/lib/x86_64-linux-gnu/libffi.so.6.0.1
7fda5fde4000-7fda5fde5000 rw-p 00007000 08:02 21389                      /usr/lib/x86_64-linux-gnu/libffi.so.6.0.1
7fda5fde5000-7fda5fdfc000 r-xp 00000000 08:02 3147                       /lib/x86_64-linux-gnu/libresolv-2.19.so
7fda5fdfc000-7fda5fffc000 ---p 00017000 08:02 3147                       /lib/x86_64-linux-gnu/libresolv-2.19.so
7fda5fffc000-7fda5fffd000 r--p 00017000 08:02 3147                       /lib/x86_64-linux-gnu/libresolv-2.19.so
7fda5fffd000-7fda5fffe000 rw-p 00018000 08:02 3147                       /lib/x86_64-linux-gnu/libresolv-2.19.so
7fda5fffe000-7fda60000000 rw-p 00000000 00:00 0 
7fda60000000-7fda60021000 rw-p 00000000 00:00 0 
7fda60021000-7fda64000000 ---p 00000000 00:00 0 
7fda64000000-7fda64002000 r--s 00005000 08:02 28186700                   /home/ivan/tools/android/android-studio/gradle/gradle-2.8/lib/plugins/jatl-0.2.2.jar
7fda64002000-7fda64004000 r--s 0000f000 08:02 28186644                   /home/ivan/tools/android/android-studio/gradle/gradle-2.8/lib/plugins/gradle-reporting-2.8.jar
7fda64004000-7fda64008000 r--s 0001c000 08:02 28182200                   /home/ivan/tools/android/android-studio/gradle/gradle-2.8/lib/plugins/gradle-javascript-2.8.jar
7fda64008000-7fda6400a000 r--s 0000b000 08:02 28186639                   /home/ivan/tools/android/android-studio/gradle/gradle-2.8/lib/plugins/gradle-ear-2.8.jar
7fda6400a000-7fda64011000 r--s 00038000 08:02 28186716                   /home/ivan/tools/android/android-studio/gradle/gradle-2.8/lib/plugins/bcpg-jdk15on-1.51.jar
7fda64011000-7fda64013000 r--s 00017000 08:02 28182207                   /home/ivan/tools/android/android-studio/gradle/gradle-2.8/lib/plugins/gradle-signing-2.8.jar
7fda64013000-7fda64014000 r--s 00002000 08:02 28186703                   /home/ivan/tools/android/android-studio/gradle/gradle-2.8/lib/plugins/sonar-batch-bootstrapper-2.9.jar
7fda64014000-7fda64017000 r--s 00015000 08:02 28186632                   /home/ivan/tools/android/android-studio/gradle/gradle-2.8/lib/plugins/gradle-sonar-2.8.jar
7fda64017000-7fda6401a000 r--s 00010000 08:02 28186629                   /home/ivan/tools/android/android-studio/gradle/gradle-2.8/lib/plugins/gradle-scala-2.8.jar
7fda6401a000-7fda6401c000 r--s 0000a000 08:02 28186628                   /home/ivan/tools/android/android-studio/gradle/gradle-2.8/lib/plugins/gradle-announce-2.8.jar
7fda6401c000-7fda6402a000 r--s 0009f000 08:02 28186630                   /home/ivan/tools/android/android-studio/gradle/gradle-2.8/lib/plugins/gradle-ide-2.8.jar
7fda6402a000-7fda6402d000 r--s 0000c000 08:02 28186727                   /home/ivan/tools/android/android-studio/gradle/gradle-2.8/lib/plugins/pmaven-groovy-0.8-20100325.jar
7fda6402d000-7fda6402e000 r--s 00004000 08:02 28186718                   /home/ivan/tools/android/android-studio/gradle/gradle-2.8/lib/plugins/pmaven-common-0.8-20100325.jar
7fda6402e000-7fda64034000 r--s 00022000 08:02 28186643                   /home/ivan/tools/android/android-studio/gradle/gradle-2.8/lib/plugins/gradle-maven-2.8.jar
7fda64034000-7fda64055000 r--s 001c3000 08:02 28186642                   /home/ivan/tools/android/android-studio/gradle/gradle-2.8/lib/plugins/bndlib-2.4.0.jar
7fda64055000-7fda64057000 r--s 00004000 08:02 28182196                   /home/ivan/tools/android/android-studio/gradle/gradle-2.8/lib/plugins/gradle-osgi-2.8.jar
7fda64057000-7fda64059000 r--s 00008000 08:02 28186637                   /home/ivan/tools/android/android-studio/gradle/gradle-2.8/lib/plugins/gradle-antlr-2.8.jar
7fda64059000-7fda6405c000 r--s 0001e000 08:02 28186728                   /home/ivan/tools/android/android-studio/gradle/gradle-2.8/lib/plugins/jsp-api-2.1-6.1.14.jar
7fda6405c000-7fda6407f000 r--s 00344000 08:02 28186731                   /home/ivan/tools/android/android-studio/gradle/gradle-2.8/lib/plugins/core-3.1.1.jar
7fda6407f000-7fda64080000 r--s 00006000 08:02 28186725                   /home/ivan/tools/android/android-studio/gradle/gradle-2.8/lib/plugins/jetty-naming-6.1.25.jar
7fda64080000-7fda64082000 r--s 00002000 08:02 28186697                   /home/ivan/tools/android/android-studio/gradle/gradle-2.8/lib/plugins/jetty-annotations-6.1.25.jar
7fda64082000-7fda64093000 r--s 000ea000 08:02 28186732                   /home/ivan/tools/android/android-studio/gradle/gradle-2.8/lib/plugins/jsp-2.1-6.1.14.jar
7fda64093000-7fda64095000 r--s 0000d000 08:02 28186694                   /home/ivan/tools/android/android-studio/gradle/gradle-2.8/lib/plugins/jetty-plus-6.1.25.jar
7fda64095000-7fda64097000 r--s 0001f000 08:02 28186690                   /home/ivan/tools/android/android-studio/gradle/gradle-2.8/lib/plugins/servlet-api-2.5-20081211.jar
7fda64097000-7fda6409b000 r--s 00028000 08:02 28186721                   /home/ivan/tools/android/android-studio/gradle/gradle-2.8/lib/plugins/jetty-util-6.1.25.jar
7fda6409b000-7fda640a2000 r--s 0007d000 08:02 28186692                   /home/ivan/tools/android/android-studio/gradle/gradle-2.8/lib/plugins/jetty-6.1.25.jar
7fda640a2000-7fda640a4000 r--s 00009000 08:02 28186615                   /home/ivan/tools/android/android-studio/gradle/gradle-2.8/lib/plugins/gradle-jetty-2.8.jar
7fda640a4000-7fda640aa000 r--s 00036000 08:02 28186645                   /home/ivan/tools/android/android-studio/gradle/gradle-2.8/lib/plugins/gradle-code-quality-2.8.jar
7fda640aa000-7fda640ac000 r--s 00009000 08:02 28186709                   /home/ivan/tools/android/android-studio/gradle/gradle-2.8/lib/plugins/hamcrest-core-1.3.jar
7fda640ac000-7fda640b2000 r--s 00033000 08:02 28186691                   /home/ivan/tools/android/android-studio/gradle/gradle-2.8/lib/plugins/snakeyaml-1.6.jar
7fda640b2000-7fda640b4000 r--s 00006000 08:02 28186726                   /home/ivan/tools/android/android-studio/gradle/gradle-2.8/lib/plugins/jcommander-1.12.jar
7fda640b4000-7fda640b9000 r--s 00040000 08:02 28186698                   /home/ivan/tools/android/android-studio/gradle/gradle-2.8/lib/plugins/bsh-2.0b4.jar
7fda640b9000-7fda640c2000 r--s 00089000 08:02 28186724                   /home/ivan/tools/android/android-studio/gradle/gradle-2.8/lib/plugins/testng-6.3.1.jar
7fda640c2000-7fda640ca000 r--s 00045000 08:02 28186713                   /home/ivan/tools/android/android-studio/gradle/gradle-2.8/lib/plugins/junit-4.12.jar
7fda640ca000-7fda640e2000 r--s 00115000 08:02 28186720                   /home/ivan/tools/android/android-studio/gradle/gradle-2.8/lib/plugins/xercesImpl-2.9.1.jar
7fda640e2000-7fda64102000 r-xp 00000000 08:02 13524                      /lib/x86_64-linux-gnu/libselinux.so.1
7fda64102000-7fda64301000 ---p 00020000 08:02 13524                      /lib/x86_64-linux-gnu/libselinux.so.1
7fda64301000-7fda64302000 r--p 0001f000 08:02 13524                      /lib/x86_64-linux-gnu/libselinux.so.1
7fda64302000-7fda64303000 rw-p 00020000 08:02 13524                      /lib/x86_64-linux-gnu/libselinux.so.1
7fda64303000-7fda64305000 rw-p 00000000 00:00 0 
7fda64305000-7fda64308000 r-xp 00000000 08:02 28550                      /usr/lib/x86_64-linux-gnu/libgmodule-2.0.so.0.4002.0
7fda64308000-7fda64507000 ---p 00003000 08:02 28550                      /usr/lib/x86_64-linux-gnu/libgmodule-2.0.so.0.4002.0
7fda64507000-7fda64508000 r--p 00002000 08:02 28550                      /usr/lib/x86_64-linux-gnu/libgmodule-2.0.so.0.4002.0
7fda64508000-7fda64509000 rw-p 00003000 08:02 28550                      /usr/lib/x86_64-linux-gnu/libgmodule-2.0.so.0.4002.0
7fda64509000-7fda6460f000 r-xp 00000000 08:02 13425                      /lib/x86_64-linux-gnu/libglib-2.0.so.0.4002.0
7fda6460f000-7fda6480e000 ---p 00106000 08:02 13425                      /lib/x86_64-linux-gnu/libglib-2.0.so.0.4002.0
7fda6480e000-7fda6480f000 r--p 00105000 08:02 13425                      /lib/x86_64-linux-gnu/libglib-2.0.so.0.4002.0
7fda6480f000-7fda64810000 rw-p 00106000 08:02 13425                      /lib/x86_64-linux-gnu/libglib-2.0.so.0.4002.0
7fda64810000-7fda64811000 rw-p 00000000 00:00 0 
7fda64811000-7fda64860000 r-xp 00000000 08:02 28566                      /usr/lib/x86_64-linux-gnu/libgobject-2.0.so.0.4002.0
7fda64860000-7fda64a60000 ---p 0004f000 08:02 28566                      /usr/lib/x86_64-linux-gnu/libgobject-2.0.so.0.4002.0
7fda64a60000-7fda64a61000 r--p 0004f000 08:02 28566                      /usr/lib/x86_64-linux-gnu/libgobject-2.0.so.0.4002.0
7fda64a61000-7fda64a62000 rw-p 00050000 08:02 28566                      /usr/lib/x86_64-linux-gnu/libgobject-2.0.so.0.4002.0
7fda64a62000-7fda64bce000 r-xp 00000000 08:02 28538                      /usr/lib/x86_64-linux-gnu/libgio-2.0.so.0.4002.0
7fda64bce000-7fda64dcd000 ---p 0016c000 08:02 28538                      /usr/lib/x86_64-linux-gnu/libgio-2.0.so.0.4002.0
7fda64dcd000-7fda64dd1000 r--p 0016b000 08:02 28538                      /usr/lib/x86_64-linux-gnu/libgio-2.0.so.0.4002.0
7fda64dd1000-7fda64dd3000 rw-p 0016f000 08:02 28538                      /usr/lib/x86_64-linux-gnu/libgio-2.0.so.0.4002.0
7fda64dd3000-7fda64dd5000 rw-p 00000000 00:00 0 
7fda64dd5000-7fda64dec000 r-xp 00000000 08:02 2625929                    /usr/lib/jvm/java-7-openjdk-amd64/jre/lib/amd64/libnet.so
7fda64dec000-7fda64feb000 ---p 00017000 08:02 2625929                    /usr/lib/jvm/java-7-openjdk-amd64/jre/lib/amd64/libnet.so
7fda64feb000-7fda64fec000 r--p 00016000 08:02 2625929                    /usr/lib/jvm/java-7-openjdk-amd64/jre/lib/amd64/libnet.so
7fda64fec000-7fda64fed000 rw-p 00017000 08:02 2625929                    /usr/lib/jvm/java-7-openjdk-amd64/jre/lib/amd64/libnet.so
7fda64fed000-7fda65800000 r--p 00000000 08:02 27195                      /usr/lib/locale/locale-archive
7fda65800000-7fda68000000 rw-p 00000000 00:00 0 
7fda68000000-7fda68021000 rw-p 00000000 00:00 0 
7fda68021000-7fda6c000000 ---p 00000000 00:00 0 
7fda6c000000-7fda6c001000 r--s 00002000 08:02 28186706                   /home/ivan/tools/android/android-studio/gradle/gradle-2.8/lib/plugins/geronimo-annotation_1.0_spec-1.0.jar
7fda6c001000-7fda6c003000 r--s 00009000 08:02 28186704                   /home/ivan/tools/android/android-studio/gradle/gradle-2.8/lib/plugins/commons-cli-1.2.jar
7fda6c003000-7fda6c00f000 r--s 00073000 08:02 28182203                   /home/ivan/tools/android/android-studio/gradle/gradle-2.8/lib/plugins/gradle-plugins-2.8.jar
7fda6c00f000-7fda6c017000 r--s 00028000 08:02 28186695                   /home/ivan/tools/android/android-studio/gradle/gradle-2.8/lib/plugins/xml-apis-1.3.04.jar
7fda6c017000-7fda6c01d000 r--s 0005b000 08:02 28186693                   /home/ivan/tools/android/android-studio/gradle/gradle-2.8/lib/plugins/jcifs-1.3.17.jar
7fda6c01d000-7fda6c023000 r--s 00031000 08:02 28186711                   /home/ivan/tools/android/android-studio/gradle/gradle-2.8/lib/plugins/httpcore-4.2.2.jar
7fda6c023000-7fda6c029000 r--s 00033000 08:02 28186717                   /home/ivan/tools/android/android-studio/gradle/gradle-2.8/lib/plugins/commons-codec-1.6.jar
7fda6c029000-7fda6c02c000 r--s 0001c000 08:02 28186705                   /home/ivan/tools/android/android-studio/gradle/gradle-2.8/lib/plugins/nekohtml-1.9.14.jar
7fda6c02c000-7fda6c035000 r--s 00060000 08:02 28186714                   /home/ivan/tools/android/android-studio/gradle/gradle-2.8/lib/plugins/httpclient-4.2.2.jar
7fda6c035000-7fda6c037000 r--s 00009000 08:02 28182193                   /home/ivan/tools/android/android-studio/gradle/gradle-2.8/lib/plugins/gradle-resources-http-2.8.jar
7fda6c037000-7fda6c03a000 r--s 00011000 08:02 28186619                   /home/ivan/tools/android/android-studio/gradle/gradle-2.8/lib/plugins/gradle-plugin-use-2.8.jar
7fda6c03a000-7fda6c03b000 r--s 00007000 08:02 28186627                   /home/ivan/tools/android/android-studio/gradle/gradle-2.8/lib/plugins/wagon-http-shared4-2.4.jar
7fda6c03b000-7fda6c03f000 r--s 00033000 08:02 28182210                   /home/ivan/tools/android/android-studio/gradle/gradle-2.8/lib/plugins/plexus-utils-2.0.6.jar
7fda6c03f000-7fda6c043000 r--s 00021000 08:02 28186654                   /home/ivan/tools/android/android-studio/gradle/gradle-2.8/lib/plugins/maven-model-builder-3.0.4.jar
7fda6c043000-7fda6c044000 r--s 00002000 08:02 28186621                   /home/ivan/tools/android/android-studio/gradle/gradle-2.8/lib/plugins/wagon-file-2.4.jar
7fda6c044000-7fda6c046000 r--s 00002000 08:02 28182206                   /home/ivan/tools/android/android-studio/gradle/gradle-2.8/lib/plugins/plexus-cipher-1.7.jar
7fda6c046000-7fda6c049000 r--s 00013000 08:02 28186634                   /home/ivan/tools/android/android-studio/gradle/gradle-2.8/lib/plugins/aether-api-1.13.1.jar
7fda6c049000-7fda6c04b000 r--s 0000a000 08:02 28182191                   /home/ivan/tools/android/android-studio/gradle/gradle-2.8/lib/plugins/maven-settings-3.0.4.jar
7fda6c04b000-7fda6c04d000 r--s 0000d000 08:02 28186633                   /home/ivan/tools/android/android-studio/gradle/gradle-2.8/lib/plugins/plexus-interpolation-1.14.jar
7fda6c04d000-7fda6c04f000 r--s 0000b000 08:02 28182192                   /home/ivan/tools/android/android-studio/gradle/gradle-2.8/lib/plugins/maven-artifact-3.0.4.jar
7fda6c04f000-7fda6c056000 r--s 0002e000 08:02 28186659                   /home/ivan/tools/android/android-studio/gradle/gradle-2.8/lib/plugins/plexus-container-default-1.5.5.jar
7fda6c056000-7fda6c058000 r--s 0000b000 08:02 28182204                   /home/ivan/tools/android/android-studio/gradle/gradle-2.8/lib/plugins/maven-plugin-api-3.0.4.jar
7fda6c058000-7fda6c05a000 r--s 00000000 08:02 28186620                   /home/ivan/tools/android/android-studio/gradle/gradle-2.8/lib/plugins/plexus-component-annotations-1.5.5.jar
7fda6c05a000-7fda6c060000 r--s 0003f000 08:02 28186622                   /home/ivan/tools/android/android-studio/gradle/gradle-2.8/lib/plugins/maven-compat-3.0.4.jar
7fda6c060000-7fda6c063000 r--s 00008000 08:02 28182199                   /home/ivan/tools/android/android-studio/gradle/gradle-2.8/lib/plugins/maven-settings-builder-3.0.4.jar
7fda6c063000-7fda6c065000 r--s 00026000 08:02 28186650                   /home/ivan/tools/android/android-studio/gradle/gradle-2.8/lib/plugins/maven-model-3.0.4.jar
7fda6c065000-7fda6c067000 r--s 00006000 08:02 28182197                   /home/ivan/tools/android/android-studio/gradle/gradle-2.8/lib/plugins/aether-connector-wagon-1.13.1.jar
7fda6c067000-7fda6c069000 r--s 0000a000 08:02 28186624                   /home/ivan/tools/android/android-studio/gradle/gradle-2.8/lib/plugins/plexus-classworlds-2.4.jar
7fda6c069000-7fda6c06b000 r--s 00006000 08:02 28182201                   /home/ivan/tools/android/android-studio/gradle/gradle-2.8/lib/plugins/maven-repository-metadata-3.0.4.jar
7fda6c06b000-7fda6c06d000 r--s 0000c000 08:02 28186618                   /home/ivan/tools/android/android-studio/gradle/gradle-2.8/lib/plugins/maven-aether-provider-3.0.4.jar
7fda6c06d000-7fda6c06f000 r--s 0000b000 08:02 28186625                   /home/ivan/tools/android/android-studio/gradle/gradle-2.8/lib/plugins/wagon-provider-api-2.4.jar
7fda6c06f000-7fda6c073000 r--s 0001c000 08:02 28186636                   /home/ivan/tools/android/android-studio/gradle/gradle-2.8/lib/plugins/aether-util-1.13.1.jar
7fda6c073000-7fda6c076000 r--s 0001d000 08:02 28186647                   /home/ivan/tools/android/android-studio/gradle/gradle-2.8/lib/plugins/aether-impl-1.13.1.jar
7fda6c076000-7fda6c07a000 r--s 0003d000 08:02 28186701                   /home/ivan/tools/android/android-studio/gradle/gradle-2.8/lib/plugins/jsch-0.1.51.jar
7fda6c07a000-7fda6c0ba000 r--s 00277000 08:02 28186712                   /home/ivan/tools/android/android-studio/gradle/gradle-2.8/lib/plugins/bcprov-jdk15on-1.51.jar
7fda6c0ba000-7fda6c0be000 r--s 0001d000 08:02 28186730                   /home/ivan/tools/android/android-studio/gradle/gradle-2.8/lib/plugins/xbean-reflect-3.4.jar
7fda6c0be000-7fda6c0ca000 r--s 0007d000 08:02 28186640                   /home/ivan/tools/android/android-studio/gradle/gradle-2.8/lib/plugins/maven-core-3.0.4.jar
7fda6c0ca000-7fda6c0d9000 r--s 000d9000 08:02 28186707                   /home/ivan/tools/android/android-studio/gradle/gradle-2.8/lib/plugins/ivy-2.2.0.jar
7fda6c0d9000-7fda6c10a000 rw-p 00000000 00:00 0 
7fda6c10a000-7fda6c10b000 r--s 00002000 08:02 28186655                   /home/ivan/tools/android/android-studio/gradle/gradle-2.8/lib/plugins/wagon-http-2.4.jar
7fda6c10b000-7fda6c10c000 r--s 00003000 08:02 28186653                   /home/ivan/tools/android/android-studio/gradle/gradle-2.8/lib/plugins/aether-spi-1.13.1.jar
7fda6c10c000-7fda6c10d000 r--s 00006000 08:02 28186623                   /home/ivan/tools/android/android-studio/gradle/gradle-2.8/lib/plugins/plexus-sec-dispatcher-1.3.jar
7fda6c10d000-7fda6c112000 r--s 0002a000 08:02 28186689                   /home/ivan/tools/android/android-studio/gradle/gradle-2.8/lib/plugins/gson-2.2.4.jar
7fda6c112000-7fda6c12e000 r--s 000ca000 08:02 28182198                   /home/ivan/tools/android/android-studio/gradle/gradle-2.8/lib/plugins/gradle-dependency-management-2.8.jar
7fda6c12e000-7fda6c12f000 r--s 00006000 08:02 28186664                   /home/ivan/tools/android/android-studio/gradle/gradle-2.8/lib/gradle-wrapper-2.8.jar
7fda6c12f000-7fda6c13a000 r--s 0003a000 08:02 28186669                   /home/ivan/tools/android/android-studio/gradle/gradle-2.8/lib/gradle-tooling-api-2.8.jar
7fda6c13a000-7fda6c13c000 r--s 00002000 08:02 28186661                   /home/ivan/tools/android/android-studio/gradle/gradle-2.8/lib/gradle-open-api-2.8.jar
7fda6c13c000-7fda6c142000 r--s 00032000 08:02 28186736                   /home/ivan/tools/android/android-studio/gradle/gradle-2.8/lib/jaxen-1.1.jar
7fda6c142000-7fda6c147000 r--s 00048000 08:02 28186756                   /home/ivan/tools/android/android-studio/gradle/gradle-2.8/lib/dom4j-1.6.1.jar
7fda6c147000-7fda6c152000 r--s 00059000 08:02 28186665                   /home/ivan/tools/android/android-studio/gradle/gradle-2.8/lib/gradle-ui-2.8.jar
7fda6c152000-7fda6c155000 r--s 00008000 08:02 28186666                   /home/ivan/tools/android/android-studio/gradle/gradle-2.8/lib/gradle-resources-2.8.jar
7fda6c155000-7fda6c157000 r--s 00007000 08:02 28186753                   /home/ivan/tools/android/android-studio/gradle/gradle-2.8/lib/objenesis-1.2.jar
7fda6c157000-7fda6c159000 r--s 00000000 08:02 28186754                   /home/ivan/tools/android/android-studio/gradle/gradle-2.8/lib/minlog-1.2.jar
7fda6c159000-7fda6c15b000 r--s 0000f000 08:02 28186686                   /home/ivan/tools/android/android-studio/gradle/gradle-2.8/lib/reflectasm-1.07-shaded.jar
7fda6c15b000-7fda6c15f000 r--s 00026000 08:02 28186735                   /home/ivan/tools/android/android-studio/gradle/gradle-2.8/lib/kryo-2.20.jar
7fda6c15f000-7fda6c168000 r--s 0003f000 08:02 28186668                   /home/ivan/tools/android/android-studio/gradle/gradle-2.8/lib/gradle-messaging-2.8.jar
7fda6c168000-7fda6c169000 r--s 00003000 08:02 28186740                   /home/ivan/tools/android/android-studio/gradle/gradle-2.8/lib/native-platform-freebsd-amd64-0.10.jar
7fda6c169000-7fda6c16a000 r--s 00003000 08:02 28186734                   /home/ivan/tools/android/android-studio/gradle/gradle-2.8/lib/native-platform-freebsd-i386-0.10.jar
7fda6c16a000-7fda6c16b000 r--s 00005000 08:02 28186751                   /home/ivan/tools/android/android-studio/gradle/gradle-2.8/lib/native-platform-windows-i386-0.10.jar
7fda6c16b000-7fda6c16c000 r--s 00005000 08:02 28186737                   /home/ivan/tools/android/android-studio/gradle/gradle-2.8/lib/native-platform-windows-amd64-0.10.jar
7fda6c16c000-7fda6c16d000 r--s 00003000 08:02 28186741                   /home/ivan/tools/android/android-studio/gradle/gradle-2.8/lib/native-platform-linux-i386-0.10.jar
7fda6c16d000-7fda6c16e000 r--s 00003000 08:02 28186749                   /home/ivan/tools/android/android-studio/gradle/gradle-2.8/lib/native-platform-linux-amd64-0.10.jar
7fda6c16e000-7fda6c16f000 r--s 00002000 08:02 28186688                   /home/ivan/tools/android/android-studio/gradle/gradle-2.8/lib/native-platform-osx-amd64-0.10.jar
7fda6c16f000-7fda6c170000 r--s 00002000 08:02 28186758                   /home/ivan/tools/android/android-studio/gradle/gradle-2.8/lib/native-platform-osx-i386-0.10.jar
7fda6c170000-7fda6c173000 r--s 0000d000 08:02 28186747                   /home/ivan/tools/android/android-studio/gradle/gradle-2.8/lib/native-platform-0.10.jar
7fda6c173000-7fda6c177000 r--s 000e4000 08:02 28186752                   /home/ivan/tools/android/android-studio/gradle/gradle-2.8/lib/jna-3.2.7.jar
7fda6c177000-7fda6c183000 r--s 00067000 08:02 28186673                   /home/ivan/tools/android/android-studio/gradle/gradle-2.8/lib/gradle-model-core-2.8.jar
7fda6c183000-7fda6c1f2000 r--s 0063e000 08:02 28186667                   /home/ivan/tools/android/android-studio/gradle/gradle-2.8/lib/groovy-all-2.4.4.jar
7fda6c1f2000-7fda6c1f3000 ---p 00000000 00:00 0 
7fda6c1f3000-7fda6c2f3000 rw-p 00000000 00:00 0                          [stack:17072]
7fda6c2f3000-7fda6c2f6000 ---p 00000000 00:00 0 
7fda6c2f6000-7fda6c3f4000 rw-p 00000000 00:00 0                          [stack:17071]
7fda6c3f4000-7fda6c3f7000 ---p 00000000 00:00 0 
7fda6c3f7000-7fda6c4f5000 rw-p 00000000 00:00 0                          [stack:17070]
7fda6c4f5000-7fda6c4f8000 ---p 00000000 00:00 0 
7fda6c4f8000-7fda6c5f6000 rw-p 00000000 00:00 0                          [stack:17069]
7fda6c5f6000-7fda6c5f9000 ---p 00000000 00:00 0 
7fda6c5f9000-7fda6c6f7000 rw-p 00000000 00:00 0                          [stack:17068]
7fda6c6f7000-7fda6c6fa000 ---p 00000000 00:00 0 
7fda6c6fa000-7fda6c7f8000 rw-p 00000000 00:00 0                          [stack:17067]
7fda6c7f8000-7fda6c7fb000 ---p 00000000 00:00 0 
7fda6c7fb000-7fda6c8f9000 rw-p 00000000 00:00 0                          [stack:17066]
7fda6c8f9000-7fda6c8fa000 ---p 00000000 00:00 0 
7fda6c8fa000-7fda6d000000 rw-p 00000000 00:00 0                          [stack:17065]
7fda6d000000-7fda6d2b0000 rwxp 00000000 00:00 0 
7fda6d2b0000-7fda70b12000 rw-p 00000000 00:00 0 
7fda70b12000-7fda74000000 ---p 00000000 00:00 0 
7fda74000000-7fda74002000 r--s 00008000 08:02 28186739                   /home/ivan/tools/android/android-studio/gradle/gradle-2.8/lib/jansi-1.2.1.jar
7fda74002000-7fda74004000 r--s 00008000 08:02 28182189                   /home/ivan/tools/android/android-studio/gradle/gradle-2.8/lib/gradle-native-2.8.jar
7fda74004000-7fda74006000 r--s 00005000 08:02 28186660                   /home/ivan/tools/android/android-studio/gradle/gradle-2.8/lib/gradle-cli-2.8.jar
7fda74006000-7fda74007000 r--s 00007000 08:02 28186662                   /home/ivan/tools/android/android-studio/gradle/gradle-2.8/lib/gradle-model-groovy-2.8.jar
7fda74007000-7fda74008000 r--s 00006000 08:02 28186675                   /home/ivan/tools/android/android-studio/gradle/gradle-2.8/lib/gradle-base-services-groovy-2.8.jar
7fda74008000-7fda74009000 r--s 00000000 08:02 28186671                   /home/ivan/tools/android/android-studio/gradle/gradle-2.8/lib/gradle-docs-2.8.jar
7fda74009000-7fda7400b000 r--s 00003000 08:02 28186738                   /home/ivan/tools/android/android-studio/gradle/gradle-2.8/lib/jcl-over-slf4j-1.7.10.jar
7fda7400b000-7fda7400c000 r--s 00005000 08:02 28186733                   /home/ivan/tools/android/android-studio/gradle/gradle-2.8/lib/log4j-over-slf4j-1.7.10.jar
7fda7400c000-7fda7400d000 r--s 00000000 08:02 28186745                   /home/ivan/tools/android/android-studio/gradle/gradle-2.8/lib/javax.inject-1.jar
7fda7400d000-7fda74010000 r--s 0001b000 08:02 28186687                   /home/ivan/tools/android/android-studio/gradle/gradle-2.8/lib/jarjar-1.3.jar
7fda74010000-7fda74012000 r--s 00000000 08:02 28186742                   /home/ivan/tools/android/android-studio/gradle/gradle-2.8/lib/jul-to-slf4j-1.7.10.jar
7fda74012000-7fda74013000 r--s 00000000 08:02 28186757                   /home/ivan/tools/android/android-studio/gradle/gradle-2.8/lib/jcip-annotations-1.0.jar
7fda74013000-7fda74016000 r--s 00018000 08:02 28186744                   /home/ivan/tools/android/android-studio/gradle/gradle-2.8/lib/commons-io-1.4.jar
7fda74016000-7fda74024000 r--s 0007f000 08:02 28186743                   /home/ivan/tools/android/android-studio/gradle/gradle-2.8/lib/commons-collections-3.2.1.jar
7fda74024000-7fda74029000 r--s 00036000 08:02 28186750                   /home/ivan/tools/android/android-studio/gradle/gradle-2.8/lib/asm-all-5.0.3.jar
7fda74029000-7fda7402e000 r--s 00041000 08:02 28186748                   /home/ivan/tools/android/android-studio/gradle/gradle-2.8/lib/commons-lang-2.6.jar
7fda7402e000-7fda74056000 r--s 001cf000 08:02 28186746                   /home/ivan/tools/android/android-studio/gradle/gradle-2.8/lib/guava-jdk5-17.0.jar
7fda74056000-7fda74057000 r--s 00007000 08:02 28186755                   /home/ivan/tools/android/android-studio/gradle/gradle-2.8/lib/slf4j-api-1.7.10.jar
7fda74057000-7fda74058000 r--s 00004000 08:02 28186663                   /home/ivan/tools/android/android-studio/gradle/gradle-2.8/lib/ant-launcher-1.9.3.jar
7fda74058000-7fda74077000 r--s 001cc000 08:02 28186672                   /home/ivan/tools/android/android-studio/gradle/gradle-2.8/lib/ant-1.9.3.jar
7fda74077000-7fda7407e000 r--s 00032000 08:02 28186674                   /home/ivan/tools/android/android-studio/gradle/gradle-2.8/lib/gradle-base-services-2.8.jar
7fda7407e000-7fda740b4000 r--s 001b5000 08:02 28182188                   /home/ivan/tools/android/android-studio/gradle/gradle-2.8/lib/gradle-core-2.8.jar
7fda740b4000-7fda740be000 r--s 0004a000 08:02 28186670                   /home/ivan/tools/android/android-studio/gradle/gradle-2.8/lib/gradle-launcher-2.8.jar
7fda740be000-7fda74ab5000 rw-p 00000000 00:00 0 
7fda74ab5000-7fda74c67000 r--s 01d2f000 08:02 2625893                    /usr/lib/jvm/java-7-openjdk-amd64/jre/lib/rt.jar
7fda74c67000-7fda74fe0000 rw-p 00000000 00:00 0 
7fda74fe0000-7fda74fe1000 ---p 00000000 00:00 0 
7fda74fe1000-7fda750e1000 rw-p 00000000 00:00 0                          [stack:17064]
7fda750e1000-7fda750e2000 ---p 00000000 00:00 0 
7fda750e2000-7fda751e2000 rw-p 00000000 00:00 0                          [stack:17063]
7fda751e2000-7fda751e3000 ---p 00000000 00:00 0 
7fda751e3000-7fda752e3000 rw-p 00000000 00:00 0                          [stack:17062]
7fda752e3000-7fda752e4000 ---p 00000000 00:00 0 
7fda752e4000-7fda753f2000 rw-p 00000000 00:00 0                          [stack:17061]
7fda753f2000-7fda75464000 rw-p 00000000 00:00 0 
7fda75464000-7fda7548d000 rw-p 00000000 00:00 0 
7fda7548d000-7fda755ba000 rw-p 00000000 00:00 0 
7fda755ba000-7fda755c8000 rw-p 00000000 00:00 0 
7fda755c8000-7fda7563a000 rw-p 00000000 00:00 0 
7fda7563a000-7fda75663000 rw-p 00000000 00:00 0 
7fda75663000-7fda7578f000 rw-p 00000000 00:00 0 
7fda7578f000-7fda757d8000 rw-p 00000000 00:00 0 
7fda757d8000-7fda7583a000 rw-p 00000000 00:00 0 
7fda7583a000-7fda7583b000 rw-p 00000000 00:00 0 
7fda7583b000-7fda75843000 r-xp 00000000 08:02 2625902                    /usr/lib/jvm/java-7-openjdk-amd64/jre/lib/amd64/libzip.so
7fda75843000-7fda75a42000 ---p 00008000 08:02 2625902                    /usr/lib/jvm/java-7-openjdk-amd64/jre/lib/amd64/libzip.so
7fda75a42000-7fda75a43000 r--p 00007000 08:02 2625902                    /usr/lib/jvm/java-7-openjdk-amd64/jre/lib/amd64/libzip.so
7fda75a43000-7fda75a44000 rw-p 00008000 08:02 2625902                    /usr/lib/jvm/java-7-openjdk-amd64/jre/lib/amd64/libzip.so
7fda75a44000-7fda75a4f000 r-xp 00000000 08:02 3187                       /lib/x86_64-linux-gnu/libnss_files-2.19.so
7fda75a4f000-7fda75c4e000 ---p 0000b000 08:02 3187                       /lib/x86_64-linux-gnu/libnss_files-2.19.so
7fda75c4e000-7fda75c4f000 r--p 0000a000 08:02 3187                       /lib/x86_64-linux-gnu/libnss_files-2.19.so
7fda75c4f000-7fda75c50000 rw-p 0000b000 08:02 3187                       /lib/x86_64-linux-gnu/libnss_files-2.19.so
7fda75c50000-7fda75c5b000 r-xp 00000000 08:02 3171                       /lib/x86_64-linux-gnu/libnss_nis-2.19.so
7fda75c5b000-7fda75e5a000 ---p 0000b000 08:02 3171                       /lib/x86_64-linux-gnu/libnss_nis-2.19.so
7fda75e5a000-7fda75e5b000 r--p 0000a000 08:02 3171                       /lib/x86_64-linux-gnu/libnss_nis-2.19.so
7fda75e5b000-7fda75e5c000 rw-p 0000b000 08:02 3171                       /lib/x86_64-linux-gnu/libnss_nis-2.19.so
7fda75e5c000-7fda75e73000 r-xp 00000000 08:02 3163                       /lib/x86_64-linux-gnu/libnsl-2.19.so
7fda75e73000-7fda76072000 ---p 00017000 08:02 3163                       /lib/x86_64-linux-gnu/libnsl-2.19.so
7fda76072000-7fda76073000 r--p 00016000 08:02 3163                       /lib/x86_64-linux-gnu/libnsl-2.19.so
7fda76073000-7fda76074000 rw-p 00017000 08:02 3163                       /lib/x86_64-linux-gnu/libnsl-2.19.so
7fda76074000-7fda76076000 rw-p 00000000 00:00 0 
7fda76076000-7fda7607f000 r-xp 00000000 08:02 3161                       /lib/x86_64-linux-gnu/libnss_compat-2.19.so
7fda7607f000-7fda7627e000 ---p 00009000 08:02 3161                       /lib/x86_64-linux-gnu/libnss_compat-2.19.so
7fda7627e000-7fda7627f000 r--p 00008000 08:02 3161                       /lib/x86_64-linux-gnu/libnss_compat-2.19.so
7fda7627f000-7fda76280000 rw-p 00009000 08:02 3161                       /lib/x86_64-linux-gnu/libnss_compat-2.19.so
7fda76280000-7fda762ab000 r-xp 00000000 08:02 2625925                    /usr/lib/jvm/java-7-openjdk-amd64/jre/lib/amd64/libjava.so
7fda762ab000-7fda764ab000 ---p 0002b000 08:02 2625925                    /usr/lib/jvm/java-7-openjdk-amd64/jre/lib/amd64/libjava.so
7fda764ab000-7fda764ac000 r--p 0002b000 08:02 2625925                    /usr/lib/jvm/java-7-openjdk-amd64/jre/lib/amd64/libjava.so
7fda764ac000-7fda764ae000 rw-p 0002c000 08:02 2625925                    /usr/lib/jvm/java-7-openjdk-amd64/jre/lib/amd64/libjava.so
7fda764ae000-7fda764be000 r-xp 00000000 08:02 2625907                    /usr/lib/jvm/java-7-openjdk-amd64/jre/lib/amd64/libverify.so
7fda764be000-7fda766bd000 ---p 00010000 08:02 2625907                    /usr/lib/jvm/java-7-openjdk-amd64/jre/lib/amd64/libverify.so
7fda766bd000-7fda766bf000 r--p 0000f000 08:02 2625907                    /usr/lib/jvm/java-7-openjdk-amd64/jre/lib/amd64/libverify.so
7fda766bf000-7fda766c0000 rw-p 00011000 08:02 2625907                    /usr/lib/jvm/java-7-openjdk-amd64/jre/lib/amd64/libverify.so
7fda766c0000-7fda766c7000 r-xp 00000000 08:02 3179                       /lib/x86_64-linux-gnu/librt-2.19.so
7fda766c7000-7fda768c6000 ---p 00007000 08:02 3179                       /lib/x86_64-linux-gnu/librt-2.19.so
7fda768c6000-7fda768c7000 r--p 00006000 08:02 3179                       /lib/x86_64-linux-gnu/librt-2.19.so
7fda768c7000-7fda768c8000 rw-p 00007000 08:02 3179                       /lib/x86_64-linux-gnu/librt-2.19.so
7fda768c8000-7fda768de000 r-xp 00000000 08:02 3455                       /lib/x86_64-linux-gnu/libgcc_s.so.1
7fda768de000-7fda76add000 ---p 00016000 08:02 3455                       /lib/x86_64-linux-gnu/libgcc_s.so.1
7fda76add000-7fda76ade000 r--p 00015000 08:02 3455                       /lib/x86_64-linux-gnu/libgcc_s.so.1
7fda76ade000-7fda76adf000 rw-p 00016000 08:02 3455                       /lib/x86_64-linux-gnu/libgcc_s.so.1
7fda76adf000-7fda76be4000 r-xp 00000000 08:02 3151                       /lib/x86_64-linux-gnu/libm-2.19.so
7fda76be4000-7fda76de3000 ---p 00105000 08:02 3151                       /lib/x86_64-linux-gnu/libm-2.19.so
7fda76de3000-7fda76de4000 r--p 00104000 08:02 3151                       /lib/x86_64-linux-gnu/libm-2.19.so
7fda76de4000-7fda76de5000 rw-p 00105000 08:02 3151                       /lib/x86_64-linux-gnu/libm-2.19.so
7fda76de5000-7fda76ed2000 r-xp 00000000 08:02 9486                       /usr/lib/x86_64-linux-gnu/libstdc++.so.6.0.20
7fda76ed2000-7fda770d2000 ---p 000ed000 08:02 9486                       /usr/lib/x86_64-linux-gnu/libstdc++.so.6.0.20
7fda770d2000-7fda770da000 r--p 000ed000 08:02 9486                       /usr/lib/x86_64-linux-gnu/libstdc++.so.6.0.20
7fda770da000-7fda770dc000 rw-p 000f5000 08:02 9486                       /usr/lib/x86_64-linux-gnu/libstdc++.so.6.0.20
7fda770dc000-7fda770f1000 rw-p 00000000 00:00 0 
7fda770f1000-7fda77c16000 r-xp 00000000 08:02 2625903                    /usr/lib/jvm/java-7-openjdk-amd64/jre/lib/amd64/server/libjvm.so
7fda77c16000-7fda77e16000 ---p 00b25000 08:02 2625903                    /usr/lib/jvm/java-7-openjdk-amd64/jre/lib/amd64/server/libjvm.so
7fda77e16000-7fda77eb0000 r--p 00b25000 08:02 2625903                    /usr/lib/jvm/java-7-openjdk-amd64/jre/lib/amd64/server/libjvm.so
7fda77eb0000-7fda77ed3000 rw-p 00bbf000 08:02 2625903                    /usr/lib/jvm/java-7-openjdk-amd64/jre/lib/amd64/server/libjvm.so
7fda77ed3000-7fda77f01000 rw-p 00000000 00:00 0 
7fda77f01000-7fda77f19000 r-xp 00000000 08:02 13550                      /lib/x86_64-linux-gnu/libz.so.1.2.8
7fda77f19000-7fda78118000 ---p 00018000 08:02 13550                      /lib/x86_64-linux-gnu/libz.so.1.2.8
7fda78118000-7fda78119000 r--p 00017000 08:02 13550                      /lib/x86_64-linux-gnu/libz.so.1.2.8
7fda78119000-7fda7811a000 rw-p 00018000 08:02 13550                      /lib/x86_64-linux-gnu/libz.so.1.2.8
7fda7811a000-7fda78133000 r-xp 00000000 08:02 3165                       /lib/x86_64-linux-gnu/libpthread-2.19.so
7fda78133000-7fda78332000 ---p 00019000 08:02 3165                       /lib/x86_64-linux-gnu/libpthread-2.19.so
7fda78332000-7fda78333000 r--p 00018000 08:02 3165                       /lib/x86_64-linux-gnu/libpthread-2.19.so
7fda78333000-7fda78334000 rw-p 00019000 08:02 3165                       /lib/x86_64-linux-gnu/libpthread-2.19.so
7fda78334000-7fda78338000 rw-p 00000000 00:00 0 
7fda78338000-7fda7833b000 r-xp 00000000 08:02 3155                       /lib/x86_64-linux-gnu/libdl-2.19.so
7fda7833b000-7fda7853a000 ---p 00003000 08:02 3155                       /lib/x86_64-linux-gnu/libdl-2.19.so
7fda7853a000-7fda7853b000 r--p 00002000 08:02 3155                       /lib/x86_64-linux-gnu/libdl-2.19.so
7fda7853b000-7fda7853c000 rw-p 00003000 08:02 3155                       /lib/x86_64-linux-gnu/libdl-2.19.so
7fda7853c000-7fda786f7000 r-xp 00000000 08:02 3181                       /lib/x86_64-linux-gnu/libc-2.19.so
7fda786f7000-7fda788f6000 ---p 001bb000 08:02 3181                       /lib/x86_64-linux-gnu/libc-2.19.so
7fda788f6000-7fda788fa000 r--p 001ba000 08:02 3181                       /lib/x86_64-linux-gnu/libc-2.19.so
7fda788fa000-7fda788fc000 rw-p 001be000 08:02 3181                       /lib/x86_64-linux-gnu/libc-2.19.so
7fda788fc000-7fda78901000 rw-p 00000000 00:00 0 
7fda78901000-7fda7890e000 r-xp 00000000 08:02 2625897                    /usr/lib/jvm/java-7-openjdk-amd64/jre/lib/amd64/jli/libjli.so
7fda7890e000-7fda78b0d000 ---p 0000d000 08:02 2625897                    /usr/lib/jvm/java-7-openjdk-amd64/jre/lib/amd64/jli/libjli.so
7fda78b0d000-7fda78b0e000 r--p 0000c000 08:02 2625897                    /usr/lib/jvm/java-7-openjdk-amd64/jre/lib/amd64/jli/libjli.so
7fda78b0e000-7fda78b0f000 rw-p 0000d000 08:02 2625897                    /usr/lib/jvm/java-7-openjdk-amd64/jre/lib/amd64/jli/libjli.so
7fda78b0f000-7fda78b32000 r-xp 00000000 08:02 3167                       /lib/x86_64-linux-gnu/ld-2.19.so
7fda78b32000-7fda78b36000 r--s 00034000 08:02 2625935                    /usr/lib/jvm/java-7-openjdk-amd64/jre/lib/ext/sunjce_provider.jar
7fda78b36000-7fda78b38000 r--s 00012000 08:02 2625936                    /usr/lib/jvm/java-7-openjdk-amd64/jre/lib/ext/zipfs.jar
7fda78b38000-7fda78b3b000 r--s 0000f000 08:02 2625939                    /usr/lib/jvm/java-7-openjdk-amd64/jre/lib/ext/icedtea-sound.jar
7fda78b3b000-7fda78b3f000 r--s 0003c000 08:02 2625937                    /usr/lib/jvm/java-7-openjdk-amd64/jre/lib/ext/sunpkcs11.jar
7fda78b3f000-7fda78b41000 r--s 00006000 08:02 5674                       /usr/share/java/java-atk-wrapper.jar
7fda78b41000-7fda78b45000 r--s 00085000 08:02 2625934                    /usr/lib/jvm/java-7-openjdk-amd64/jre/lib/ext/localedata.jar
7fda78b45000-7fda78b50000 rw-p 00000000 00:00 0 
7fda78b50000-7fda78c05000 rw-p 00000000 00:00 0 
7fda78c05000-7fda78c08000 ---p 00000000 00:00 0 
7fda78c08000-7fda78d0b000 rw-p 00000000 00:00 0                          [stack:17060]
7fda78d0b000-7fda78d0c000 r--s 00002000 08:02 2625938                    /usr/lib/jvm/java-7-openjdk-amd64/jre/lib/ext/dnsns.jar
7fda78d0c000-7fda78d25000 rw-p 00000000 00:00 0 
7fda78d25000-7fda78d2d000 rw-s 00000000 08:02 1315306                    /tmp/hsperfdata_ivan/17057
7fda78d2d000-7fda78d2e000 rw-p 00000000 00:00 0 
7fda78d2e000-7fda78d2f000 r--p 00000000 00:00 0 
7fda78d2f000-7fda78d31000 rw-p 00000000 00:00 0 
7fda78d31000-7fda78d32000 r--p 00022000 08:02 3167                       /lib/x86_64-linux-gnu/ld-2.19.so
7fda78d32000-7fda78d33000 rw-p 00023000 08:02 3167                       /lib/x86_64-linux-gnu/ld-2.19.so
7fda78d33000-7fda78d34000 rw-p 00000000 00:00 0 
7fffd7e5a000-7fffd7e7b000 rw-p 00000000 00:00 0                          [stack]
7fffd7f0d000-7fffd7f0f000 r-xp 00000000 00:00 0                          [vdso]
7fffd7f0f000-7fffd7f11000 r--p 00000000 00:00 0                          [vvar]
ffffffffff600000-ffffffffff601000 r-xp 00000000 00:00 0                  [vsyscall]

VM Arguments:
jvm_args: -XX:MaxPermSize=256m -XX:+HeapDumpOnOutOfMemoryError -Xmx1024m -Dfile.encoding=UTF-8 -Duser.country=UA -Duser.language=ru -Duser.variant 
java_command: org.gradle.launcher.daemon.bootstrap.GradleDaemon 2.8
Launcher Type: SUN_STANDARD

Environment Variables:
JAVA_HOME=/usr/lib/jvm/java-8-oracle
PATH=/usr/local/sbin:/usr/local/bin:/usr/sbin:/usr/bin:/sbin:/bin:/usr/games:/usr/local/games:/usr/lib/jvm/java-8-oracle/bin:/usr/lib/jvm/java-8-oracle/db/bin:/usr/lib/jvm/java-8-oracle/jre/bin
SHELL=/bin/bash
DISPLAY=:0

Signal Handlers:
SIGSEGV: [libjvm.so+0x955bc0], sa_mask[0]=0x7ffbfeff, sa_flags=0x10000004
SIGBUS: [libjvm.so+0x955bc0], sa_mask[0]=0x7ffbfeff, sa_flags=0x10000004
SIGFPE: [libjvm.so+0x7caff0], sa_mask[0]=0x7ffbfeff, sa_flags=0x10000004
SIGPIPE: [libjvm.so+0x7caff0], sa_mask[0]=0x7ffbfeff, sa_flags=0x10000004
SIGXFSZ: [libjvm.so+0x7caff0], sa_mask[0]=0x7ffbfeff, sa_flags=0x10000004
SIGILL: [libjvm.so+0x7caff0], sa_mask[0]=0x7ffbfeff, sa_flags=0x10000004
SIGUSR1: SIG_DFL, sa_mask[0]=0x00000000, sa_flags=0x00000000
SIGUSR2: [libjvm.so+0x7cae90], sa_mask[0]=0x00000004, sa_flags=0x10000004
SIGHUP: [libjvm.so+0x7cb070], sa_mask[0]=0x7ffbfeff, sa_flags=0x10000004
SIGINT: [libjvm.so+0x7cb070], sa_mask[0]=0x7ffbfeff, sa_flags=0x10000004
SIGTERM: [libjvm.so+0x7cb070], sa_mask[0]=0x7ffbfeff, sa_flags=0x10000004
SIGQUIT: [libjvm.so+0x7cb070], sa_mask[0]=0x7ffbfeff, sa_flags=0x10000004
SIGTRAP: SIG_DFL, sa_mask[0]=0x00000000, sa_flags=0x00000000


---------------  S Y S T E M  ---------------

OS:Ubuntu 14.04 (trusty)
uname:Linux 3.16.0-67-generic #87~14.04.1-Ubuntu SMP Fri Mar 11 00:26:02 UTC 2016 x86_64
libc:glibc 2.19 NPTL 2.19 
rlimit: STACK 8192k, CORE 0k, NPROC 30693, NOFILE 4096, AS infinity
load average:3,47 2,67 1,32

/proc/meminfo:
MemTotal:        8059688 kB
MemFree:         3990860 kB
MemAvailable:    5610216 kB
Buffers:          190440 kB
Cached:          1633912 kB
SwapCached:            0 kB
Active:          2583976 kB
Inactive:        1154540 kB
Active(anon):    1915860 kB
Inactive(anon):    81052 kB
Active(file):     668116 kB
Inactive(file):  1073488 kB
Unevictable:          68 kB
Mlocked:              68 kB
SwapTotal:       4075516 kB
SwapFree:        4075516 kB
Dirty:               376 kB
Writeback:             0 kB
AnonPages:       1914712 kB
Mapped:           470404 kB
Shmem:             82268 kB
Slab:             132424 kB
SReclaimable:      93376 kB
SUnreclaim:        39048 kB
KernelStack:       10272 kB
PageTables:        45880 kB
NFS_Unstable:          0 kB
Bounce:                0 kB
WritebackTmp:          0 kB
CommitLimit:     8105360 kB
Committed_AS:    6870296 kB
VmallocTotal:   34359738367 kB
VmallocUsed:      395976 kB
VmallocChunk:   34359321084 kB
HardwareCorrupted:     0 kB
AnonHugePages:    516096 kB
HugePages_Total:       0
HugePages_Free:        0
HugePages_Rsvd:        0
HugePages_Surp:        0
Hugepagesize:       2048 kB
DirectMap4k:      202692 kB
DirectMap2M:     8069120 kB


CPU:total 4 (2 cores per cpu, 2 threads per core) family 6 model 58 stepping 9, cmov, cx8, fxsr, mmx, sse, sse2, sse3, ssse3, sse4.1, sse4.2, popcnt, avx, erms, ht, tsc, tscinvbit, tscinv

/proc/cpuinfo:
processor	: 0
vendor_id	: GenuineIntel
cpu family	: 6
model		: 58
model name	: Intel(R) Core(TM) i3-3217U CPU @ 1.80GHz
stepping	: 9
microcode	: 0x15
cpu MHz		: 1800.000
cache size	: 3072 KB
physical id	: 0
siblings	: 4
core id		: 0
cpu cores	: 2
apicid		: 0
initial apicid	: 0
fpu		: yes
fpu_exception	: yes
cpuid level	: 13
wp		: yes
flags		: fpu vme de pse tsc msr pae mce cx8 apic sep mtrr pge mca cmov pat pse36 clflush dts acpi mmx fxsr sse sse2 ss ht tm pbe syscall nx rdtscp lm constant_tsc arch_perfmon pebs bts rep_good nopl xtopology nonstop_tsc aperfmperf eagerfpu pni pclmulqdq dtes64 monitor ds_cpl vmx est tm2 ssse3 cx16 xtpr pdcm pcid sse4_1 sse4_2 x2apic popcnt tsc_deadline_timer xsave avx f16c lahf_lm ida arat epb xsaveopt pln pts dtherm tpr_shadow vnmi flexpriority ept vpid fsgsbase smep erms
bogomips	: 3592.06
clflush size	: 64
cache_alignment	: 64
address sizes	: 36 bits physical, 48 bits virtual
power management:

processor	: 1
vendor_id	: GenuineIntel
cpu family	: 6
model		: 58
model name	: Intel(R) Core(TM) i3-3217U CPU @ 1.80GHz
stepping	: 9
microcode	: 0x15
cpu MHz		: 1800.000
cache size	: 3072 KB
physical id	: 0
siblings	: 4
core id		: 1
cpu cores	: 2
apicid		: 2
initial apicid	: 2
fpu		: yes
fpu_exception	: yes
cpuid level	: 13
wp		: yes
flags		: fpu vme de pse tsc msr pae mce cx8 apic sep mtrr pge mca cmov pat pse36 clflush dts acpi mmx fxsr sse sse2 ss ht tm pbe syscall nx rdtscp lm constant_tsc arch_perfmon pebs bts rep_good nopl xtopology nonstop_tsc aperfmperf eagerfpu pni pclmulqdq dtes64 monitor ds_cpl vmx est tm2 ssse3 cx16 xtpr pdcm pcid sse4_1 sse4_2 x2apic popcnt tsc_deadline_timer xsave avx f16c lahf_lm ida arat epb xsaveopt pln pts dtherm tpr_shadow vnmi flexpriority ept vpid fsgsbase smep erms
bogomips	: 3592.06
clflush size	: 64
cache_alignment	: 64
address sizes	: 36 bits physical, 48 bits virtual
power management:

processor	: 2
vendor_id	: GenuineIntel
cpu family	: 6
model		: 58
model name	: Intel(R) Core(TM) i3-3217U CPU @ 1.80GHz
stepping	: 9
microcode	: 0x15
cpu MHz		: 1800.000
cache size	: 3072 KB
physical id	: 0
siblings	: 4
core id		: 0
cpu cores	: 2
apicid		: 1
initial apicid	: 1
fpu		: yes
fpu_exception	: yes
cpuid level	: 13
wp		: yes
flags		: fpu vme de pse tsc msr pae mce cx8 apic sep mtrr pge mca cmov pat pse36 clflush dts acpi mmx fxsr sse sse2 ss ht tm pbe syscall nx rdtscp lm constant_tsc arch_perfmon pebs bts rep_good nopl xtopology nonstop_tsc aperfmperf eagerfpu pni pclmulqdq dtes64 monitor ds_cpl vmx est tm2 ssse3 cx16 xtpr pdcm pcid sse4_1 sse4_2 x2apic popcnt tsc_deadline_timer xsave avx f16c lahf_lm ida arat epb xsaveopt pln pts dtherm tpr_shadow vnmi flexpriority ept vpid fsgsbase smep erms
bogomips	: 3592.06
clflush size	: 64
cache_alignment	: 64
address sizes	: 36 bits physical, 48 bits virtual
power management:

processor	: 3
vendor_id	: GenuineIntel
cpu family	: 6
model		: 58
model name	: Intel(R) Core(TM) i3-3217U CPU @ 1.80GHz
stepping	: 9
microcode	: 0x15
cpu MHz		: 1800.000
cache size	: 3072 KB
physical id	: 0
siblings	: 4
core id		: 1
cpu cores	: 2
apicid		: 3
initial apicid	: 3
fpu		: yes
fpu_exception	: yes
cpuid level	: 13
wp		: yes
flags		: fpu vme de pse tsc msr pae mce cx8 apic sep mtrr pge mca cmov pat pse36 clflush dts acpi mmx fxsr sse sse2 ss ht tm pbe syscall nx rdtscp lm constant_tsc arch_perfmon pebs bts rep_good nopl xtopology nonstop_tsc aperfmperf eagerfpu pni pclmulqdq dtes64 monitor ds_cpl vmx est tm2 ssse3 cx16 xtpr pdcm pcid sse4_1 sse4_2 x2apic popcnt tsc_deadline_timer xsave avx f16c lahf_lm ida arat epb xsaveopt pln pts dtherm tpr_shadow vnmi flexpriority ept vpid fsgsbase smep erms
bogomips	: 3592.06
clflush size	: 64
cache_alignment	: 64
address sizes	: 36 bits physical, 48 bits virtual
power management:



Memory: 4k page, physical 8059688k(3990612k free), swap 4075516k(4075516k free)

vm_info: OpenJDK 64-Bit Server VM (24.95-b01) for linux-amd64 JRE (1.7.0_95-b00), built on Jan 21 2016 03:31:40 by "buildd" with gcc 4.8.4

time: Tue Mar 22 11:10:01 2016
elapsed time: 11 seconds

