#
# A fatal error has been detected by the Java Runtime Environment:
#
#  SIGSEGV (0xb) at pc=0x00007fb859886b44, pid=16799, tid=140429047547648
#
# JRE version: OpenJDK Runtime Environment (7.0_95) (build 1.7.0_95-b00)
# Java VM: OpenJDK 64-Bit Server VM (24.95-b01 mixed mode linux-amd64 compressed oops)
# Derivative: IcedTea 2.6.4
# Distribution: Ubuntu 14.04 LTS, package 7u95-2.6.4-0ubuntu0.14.04.2
# Problematic frame:
# V  [libjvm.so+0x4f3b44]
#
# Failed to write core dump. Core dumps have been disabled. To enable core dumping, try "ulimit -c unlimited" before starting Java again
#
# If you would like to submit a bug report, please include
# instructions on how to reproduce the bug and visit:
#   http://icedtea.classpath.org/bugzilla
#

---------------  T H R E A D  ---------------

Current thread (0x00007fb8540ac000):  JavaThread "C2 CompilerThread1" daemon [_thread_in_native, id=16812, stack(0x00007fb82f6ec000,0x00007fb82f7ed000)]

siginfo:si_signo=SIGSEGV: si_errno=0, si_code=1 (SEGV_MAPERR), si_addr=0x00007fb024454b78

Registers:
RAX=0x00007fb82017b9e0, RBX=0x00007fb8249467f0, RCX=0x0000000000000004, RDX=0x0000000000000002
RSP=0x00007fb82f7e7fc0, RBP=0x00007fb82f7e8070, RSI=0x0000000000000012, RDI=0x00007fb024454b78
R8 =0x0000000000000621, R9 =0x00007fb824000078, R10=0x0000000000000001, R11=0x0000000000000000
R12=0x0000000000000003, R13=0x00007fb8209ea170, R14=0x00007fb82017b908, R15=0x0000000000000003
RIP=0x00007fb859886b44, EFLAGS=0x0000000000010206, CSGSFS=0x0000000000000033, ERR=0x0000000000000004
  TRAPNO=0x000000000000000e

Top of Stack: (sp=0x00007fb82f7e7fc0)
0x00007fb82f7e7fc0:   000000000007c2d8 00007fb8241b2068
0x00007fb82f7e7fd0:   00007fb8241b13b0 00007fb8241aa080
0x00007fb82f7e7fe0:   00007fb85401c720 00007fb85401c720
0x00007fb82f7e7ff0:   00007fb8249469d0 0000063c0007c2d8
0x00007fb82f7e8000:   00007fb8209ea170 00007fb82f7e98d0
0x00007fb82f7e8010:   00007fb824946250 00007fb824946200
0x00007fb82f7e8020:   00007fb85a14f450 00007fb85401c720
0x00007fb82f7e8030:   0000000000000100 00007fb8242b2fd0
0x00007fb82f7e8040:   00007fb82f7e8070 00007fb85401c720
0x00007fb82f7e8050:   00007fb85401c720 00007fb82f7e98d0
0x00007fb82f7e8060:   00007fb85401c720 00007fb8201a75b0
0x00007fb82f7e8070:   00007fb82f7e8380 00007fb859ab21c9
0x00007fb82f7e8080:   00007fb82f7e80d0 000000b859af90a9
0x00007fb82f7e8090:   0000000000000003 00007fb82f7e98f0
0x00007fb82f7e80a0:   00007fb800000001 0000000000045d20
0x00007fb82f7e80b0:   00007fb824125ea8 00007fb82411df10
0x00007fb82f7e80c0:   00007fb82f7e80d0 00007fb82411dec0
0x00007fb82f7e80d0:   00007fb85a14f450 00007fb85401c720
0x00007fb82f7e80e0:   0000000000000002 00007fb82411df10
0x00007fb82f7e80f0:   00007fb82049bf08 00007fb824762b80
0x00007fb82f7e8100:   0000000000000001 00007fb82460ed18
0x00007fb82f7e8110:   00007fb82f7e8170 00007fb859930073
0x00007fb82f7e8120:   00007fb82f7e8170 0000000000010010
0x00007fb82f7e8130:   ffff8047d0817e51 00007fb800001002
0x00007fb82f7e8140:   0000000000000400 00007fb800000430
0x00007fb82f7e8150:   00007fb82f7e81b0 0000000000000080
0x00007fb82f7e8160:   000000db2f7e8ea0 0000000000000010
0x00007fb82f7e8170:   0000000000000002 000000790000007e
0x00007fb82f7e8180:   0000000000000000 00007fb82f7e81af
0x00007fb82f7e8190:   00007fb8242c3570 00007fb85a1614d0
0x00007fb82f7e81a0:   00007fb80000007c 00007fb82460e4b8
0x00007fb82f7e81b0:   00007fb824762b30 00007fb800000001 

Instructions: (pc=0x00007fb859886b44)
0x00007fb859886b24:   00 4c 8b 6d 90 4c 89 75 98 4d 89 e6 49 8b 46 08
0x00007fb859886b34:   45 89 fc 4a 8b 3c e0 48 85 ff 0f 84 90 00 00 00
0x00007fb859886b44:   48 8b 07 ff 50 18 84 c0 0f 84 7e 00 00 00 49 8b
0x00007fb859886b54:   46 08 4a 8b 04 e0 8b 40 28 41 8b 44 85 00 83 f8 

Register to memory mapping:

RAX=0x00007fb82017b9e0 is an unknown value
RBX=0x00007fb8249467f0 is an unknown value
RCX=0x0000000000000004 is an unknown value
RDX=0x0000000000000002 is an unknown value
RSP=0x00007fb82f7e7fc0 is pointing into the stack for thread: 0x00007fb8540ac000
RBP=0x00007fb82f7e8070 is pointing into the stack for thread: 0x00007fb8540ac000
RSI=0x0000000000000012 is an unknown value
RDI=0x00007fb024454b78 is an unknown value
R8 =0x0000000000000621 is an unknown value
R9 =0x00007fb824000078 is an unknown value
R10=0x0000000000000001 is an unknown value
R11=0x0000000000000000 is an unknown value
R12=0x0000000000000003 is an unknown value
R13=0x00007fb8209ea170 is an unknown value
R14=0x00007fb82017b908 is an unknown value
R15=0x0000000000000003 is an unknown value


Stack: [0x00007fb82f6ec000,0x00007fb82f7ed000],  sp=0x00007fb82f7e7fc0,  free space=1007k
Native frames: (J=compiled Java code, j=interpreted, Vv=VM code, C=native code)
V  [libjvm.so+0x4f3b44]
V  [libjvm.so+0x71f1c9]
V  [libjvm.so+0x442227]
V  [libjvm.so+0x4434ed]
V  [libjvm.so+0x3b15ea]
V  [libjvm.so+0x4493b7]
V  [libjvm.so+0x44a4c0]
V  [libjvm.so+0x906c70]
V  [libjvm.so+0x906ee1]
V  [libjvm.so+0x7cc742]


Current CompileTask:
C2: 237329 2805             com.sun.tools.javac.comp.Attr::checkId (752 bytes)


---------------  P R O C E S S  ---------------

Java Threads: ( => current thread )
  0x00007fb80800b000 JavaThread "Stdin handler" [_thread_blocked, id=19339, stack(0x00007fb7f713f000,0x00007fb7f7240000)]
  0x00007fb814003800 JavaThread "Daemon worker Thread 2" [_thread_in_Java, id=19336, stack(0x00007fb82d374000,0x00007fb82d475000)]
  0x00007fb81400c000 JavaThread "Cancel handler" [_thread_blocked, id=19335, stack(0x00007fb82d475000,0x00007fb82d576000)]
  0x00007fb81400a000 JavaThread "Handler for socket connection from /127.0.0.1:35813 to /127.0.0.1:33951" [_thread_in_native, id=19334, stack(0x00007fb82d273000,0x00007fb82d374000)]
  0x00007fb81000e000 JavaThread "Daemon Thread 2" [_thread_blocked, id=19333, stack(0x00007fb82d576000,0x00007fb82d677000)]
  0x00007fb8005c9800 JavaThread "File lock request listener" [_thread_in_native, id=16835, stack(0x00007fb82cfc5000,0x00007fb82d0c6000)]
  0x00007fb854ade800 JavaThread "Incoming local TCP Connector on port 35813" [_thread_in_native, id=16815, stack(0x00007fb82d677000,0x00007fb82d778000)]
  0x00007fb8540ae800 JavaThread "Service Thread" daemon [_thread_blocked, id=16813, stack(0x00007fb82f5eb000,0x00007fb82f6ec000)]
=>0x00007fb8540ac000 JavaThread "C2 CompilerThread1" daemon [_thread_in_native, id=16812, stack(0x00007fb82f6ec000,0x00007fb82f7ed000)]
  0x00007fb8540a9000 JavaThread "C2 CompilerThread0" daemon [_thread_in_native, id=16811, stack(0x00007fb84c049000,0x00007fb84c14a000)]
  0x00007fb8540a7000 JavaThread "Signal Dispatcher" daemon [_thread_blocked, id=16810, stack(0x00007fb84c14a000,0x00007fb84c24b000)]
  0x00007fb85407c000 JavaThread "Finalizer" daemon [_thread_blocked, id=16809, stack(0x00007fb84c24b000,0x00007fb84c34c000)]
  0x00007fb85407a000 JavaThread "Reference Handler" daemon [_thread_blocked, id=16808, stack(0x00007fb84c34c000,0x00007fb84c44d000)]
  0x00007fb85400a000 JavaThread "main" [_thread_blocked, id=16800, stack(0x00007fb85aea6000,0x00007fb85afa7000)]

Other Threads:
  0x00007fb854075800 VMThread [stack: 0x00007fb84c44d000,0x00007fb84c54e000] [id=16807]
  0x00007fb8540b9000 WatcherThread [stack: 0x00007fb82f4ea000,0x00007fb82f5eb000] [id=16814]

VM state:not at safepoint (normal execution)

VM Mutex/Monitor currently owned by a thread: None

Heap
 PSYoungGen      total 289792K, used 158072K [0x00000000eaa80000, 0x0000000100000000, 0x0000000100000000)
  eden space 240640K, 51% used [0x00000000eaa80000,0x00000000f22c5158,0x00000000f9580000)
  from space 49152K, 71% used [0x00000000fc980000,0x00000000feb99290,0x00000000ff980000)
  to   space 53248K, 0% used [0x00000000f9580000,0x00000000f9580000,0x00000000fc980000)
 ParOldGen       total 175104K, used 35469K [0x00000000c0000000, 0x00000000cab00000, 0x00000000eaa80000)
  object space 175104K, 20% used [0x00000000c0000000,0x00000000c22a35e8,0x00000000cab00000)
 PSPermGen       total 112640K, used 57152K [0x00000000b0000000, 0x00000000b6e00000, 0x00000000c0000000)
  object space 112640K, 50% used [0x00000000b0000000,0x00000000b37d0160,0x00000000b6e00000)

Card table byte_map: [0x00007fb85075e000,0x00007fb8509df000] byte_map_base: 0x00007fb8501de000

Polling page: 0x00007fb85afcf000

Code Cache  [0x00007fb8509df000, 0x00007fb85121f000, 0x00007fb8539df000)
 total_blobs=3017 nmethods=2325 adapters=644 free_code_cache=41016Kb largest_free_block=41730816

Compilation events (10 events):
Event: 237,283 Thread 0x00007fb8540ac000 nmethod 2799 0x00007fb85100f950 code [0x00007fb85100fac0, 0x00007fb85100fc28]
Event: 237,283 Thread 0x00007fb8540ac000 2801             com.sun.tools.javac.comp.Attr::isType (18 bytes)
Event: 237,283 Thread 0x00007fb8540a9000 nmethod 2800 0x00007fb851082f50 code [0x00007fb8510830a0, 0x00007fb851083168]
Event: 237,283 Thread 0x00007fb8540a9000 2802             com.sun.tools.javac.comp.Resolve::findMemberType (277 bytes)
Event: 237,283 Thread 0x00007fb8540ac000 nmethod 2801 0x00007fb850dbbcd0 code [0x00007fb850dbbe00, 0x00007fb850dbbe58]
Event: 237,283 Thread 0x00007fb8540ac000 2803             com.sun.tools.javac.comp.Check::checkDeprecated (55 bytes)
Event: 237,290 Thread 0x00007fb8540ac000 nmethod 2803 0x00007fb8511b1f50 code [0x00007fb8511b20e0, 0x00007fb8511b23c8]
Event: 237,290 Thread 0x00007fb8540ac000 2804             com.sun.tools.javac.code.Types::isConvertible (79 bytes)
Event: 237,299 Thread 0x00007fb8540ac000 nmethod 2804 0x00007fb8510bb650 code [0x00007fb8510bb820, 0x00007fb8510bbc30]
Event: 237,299 Thread 0x00007fb8540ac000 2805             com.sun.tools.javac.comp.Attr::checkId (752 bytes)

GC Heap History (10 events):
Event: 52,166 GC heap before
{Heap before GC invocations=16 (full 1):
 PSYoungGen      total 273920K, used 249152K [0x00000000eaa80000, 0x0000000100000000, 0x0000000100000000)
  eden space 243200K, 100% used [0x00000000eaa80000,0x00000000f9800000,0x00000000f9800000)
  from space 30720K, 19% used [0x00000000fe200000,0x00000000fe7d0000,0x0000000100000000)
  to   space 53248K, 0% used [0x00000000f9800000,0x00000000f9800000,0x00000000fcc00000)
 ParOldGen       total 175104K, used 113618K [0x00000000c0000000, 0x00000000cab00000, 0x00000000eaa80000)
  object space 175104K, 64% used [0x00000000c0000000,0x00000000c6ef49a8,0x00000000cab00000)
 PSPermGen       total 98816K, used 49283K [0x00000000b0000000, 0x00000000b6080000, 0x00000000c0000000)
  object space 98816K, 49% used [0x00000000b0000000,0x00000000b3020fd8,0x00000000b6080000)
Event: 52,192 GC heap after
Heap after GC invocations=16 (full 1):
 PSYoungGen      total 296448K, used 6336K [0x00000000eaa80000, 0x0000000100000000, 0x0000000100000000)
  eden space 243200K, 0% used [0x00000000eaa80000,0x00000000eaa80000,0x00000000f9800000)
  from space 53248K, 11% used [0x00000000f9800000,0x00000000f9e30000,0x00000000fcc00000)
  to   space 51712K, 0% used [0x00000000fcd80000,0x00000000fcd80000,0x0000000100000000)
 ParOldGen       total 175104K, used 119546K [0x00000000c0000000, 0x00000000cab00000, 0x00000000eaa80000)
  object space 175104K, 68% used [0x00000000c0000000,0x00000000c74be9a8,0x00000000cab00000)
 PSPermGen       total 98816K, used 49283K [0x00000000b0000000, 0x00000000b6080000, 0x00000000c0000000)
  object space 98816K, 49% used [0x00000000b0000000,0x00000000b3020fd8,0x00000000b6080000)
}
Event: 52,429 GC heap before
{Heap before GC invocations=17 (full 1):
 PSYoungGen      total 296448K, used 249536K [0x00000000eaa80000, 0x0000000100000000, 0x0000000100000000)
  eden space 243200K, 100% used [0x00000000eaa80000,0x00000000f9800000,0x00000000f9800000)
  from space 53248K, 11% used [0x00000000f9800000,0x00000000f9e30000,0x00000000fcc00000)
  to   space 51712K, 0% used [0x00000000fcd80000,0x00000000fcd80000,0x0000000100000000)
 ParOldGen       total 175104K, used 119546K [0x00000000c0000000, 0x00000000cab00000, 0x00000000eaa80000)
  object space 175104K, 68% used [0x00000000c0000000,0x00000000c74be9a8,0x00000000cab00000)
 PSPermGen       total 98816K, used 49288K [0x00000000b0000000, 0x00000000b6080000, 0x00000000c0000000)
  object space 98816K, 49% used [0x00000000b0000000,0x00000000b30222d0,0x00000000b6080000)
Event: 52,461 GC heap after
Heap after GC invocations=17 (full 1):
 PSYoungGen      total 292864K, used 6176K [0x00000000eaa80000, 0x00000000ffc80000, 0x0000000100000000)
  eden space 244736K, 0% used [0x00000000eaa80000,0x00000000eaa80000,0x00000000f9980000)
  from space 48128K, 12% used [0x00000000fcd80000,0x00000000fd388000,0x00000000ffc80000)
  to   space 50688K, 0% used [0x00000000f9980000,0x00000000f9980000,0x00000000fcb00000)
 ParOldGen       total 175104K, used 125858K [0x00000000c0000000, 0x00000000cab00000, 0x00000000eaa80000)
  object space 175104K, 71% used [0x00000000c0000000,0x00000000c7ae89a8,0x00000000cab00000)
 PSPermGen       total 98816K, used 49288K [0x00000000b0000000, 0x00000000b6080000, 0x00000000c0000000)
  object space 98816K, 49% used [0x00000000b0000000,0x00000000b30222d0,0x00000000b6080000)
}
Event: 111,699 GC heap before
{Heap before GC invocations=18 (full 1):
 PSYoungGen      total 292864K, used 238232K [0x00000000eaa80000, 0x00000000ffc80000, 0x0000000100000000)
  eden space 244736K, 94% used [0x00000000eaa80000,0x00000000f8d1e378,0x00000000f9980000)
  from space 48128K, 12% used [0x00000000fcd80000,0x00000000fd388000,0x00000000ffc80000)
  to   space 50688K, 0% used [0x00000000f9980000,0x00000000f9980000,0x00000000fcb00000)
 ParOldGen       total 175104K, used 125858K [0x00000000c0000000, 0x00000000cab00000, 0x00000000eaa80000)
  object space 175104K, 71% used [0x00000000c0000000,0x00000000c7ae89a8,0x00000000cab00000)
 PSPermGen       total 98816K, used 51534K [0x00000000b0000000, 0x00000000b6080000, 0x00000000c0000000)
  object space 98816K, 52% used [0x00000000b0000000,0x00000000b3253a78,0x00000000b6080000)
Event: 111,742 GC heap after
Heap after GC invocations=18 (full 1):
 PSYoungGen      total 248832K, used 3959K [0x00000000eaa80000, 0x00000000ff980000, 0x0000000100000000)
  eden space 244736K, 0% used [0x00000000eaa80000,0x00000000eaa80000,0x00000000f9980000)
  from space 4096K, 96% used [0x00000000f9980000,0x00000000f9d5dc10,0x00000000f9d80000)
  to   space 49152K, 0% used [0x00000000fc980000,0x00000000fc980000,0x00000000ff980000)
 ParOldGen       total 175104K, used 129898K [0x00000000c0000000, 0x00000000cab00000, 0x00000000eaa80000)
  object space 175104K, 74% used [0x00000000c0000000,0x00000000c7eda9a8,0x00000000cab00000)
 PSPermGen       total 98816K, used 51534K [0x00000000b0000000, 0x00000000b6080000, 0x00000000c0000000)
  object space 98816K, 52% used [0x00000000b0000000,0x00000000b3253a78,0x00000000b6080000)
}
Event: 111,742 GC heap before
{Heap before GC invocations=19 (full 2):
 PSYoungGen      total 248832K, used 3959K [0x00000000eaa80000, 0x00000000ff980000, 0x0000000100000000)
  eden space 244736K, 0% used [0x00000000eaa80000,0x00000000eaa80000,0x00000000f9980000)
  from space 4096K, 96% used [0x00000000f9980000,0x00000000f9d5dc10,0x00000000f9d80000)
  to   space 49152K, 0% used [0x00000000fc980000,0x00000000fc980000,0x00000000ff980000)
 ParOldGen       total 175104K, used 129898K [0x00000000c0000000, 0x00000000cab00000, 0x00000000eaa80000)
  object space 175104K, 74% used [0x00000000c0000000,0x00000000c7eda9a8,0x00000000cab00000)
 PSPermGen       total 98816K, used 51534K [0x00000000b0000000, 0x00000000b6080000, 0x00000000c0000000)
  object space 98816K, 52% used [0x00000000b0000000,0x00000000b3253a78,0x00000000b6080000)
Event: 112,040 GC heap after
Heap after GC invocations=19 (full 2):
 PSYoungGen      total 248832K, used 0K [0x00000000eaa80000, 0x00000000ff980000, 0x0000000100000000)
  eden space 244736K, 0% used [0x00000000eaa80000,0x00000000eaa80000,0x00000000f9980000)
  from space 4096K, 0% used [0x00000000f9980000,0x00000000f9980000,0x00000000f9d80000)
  to   space 49152K, 0% used [0x00000000fc980000,0x00000000fc980000,0x00000000ff980000)
 ParOldGen       total 175104K, used 35461K [0x00000000c0000000, 0x00000000cab00000, 0x00000000eaa80000)
  object space 175104K, 20% used [0x00000000c0000000,0x00000000c22a15e8,0x00000000cab00000)
 PSPermGen       total 112640K, used 51531K [0x00000000b0000000, 0x00000000b6e00000, 0x00000000c0000000)
  object space 112640K, 45% used [0x00000000b0000000,0x00000000b3252d70,0x00000000b6e00000)
}
Event: 229,003 GC heap before
{Heap before GC invocations=20 (full 2):
 PSYoungGen      total 248832K, used 244736K [0x00000000eaa80000, 0x00000000ff980000, 0x0000000100000000)
  eden space 244736K, 100% used [0x00000000eaa80000,0x00000000f9980000,0x00000000f9980000)
  from space 4096K, 0% used [0x00000000f9980000,0x00000000f9980000,0x00000000f9d80000)
  to   space 49152K, 0% used [0x00000000fc980000,0x00000000fc980000,0x00000000ff980000)
 ParOldGen       total 175104K, used 35461K [0x00000000c0000000, 0x00000000cab00000, 0x00000000eaa80000)
  object space 175104K, 20% used [0x00000000c0000000,0x00000000c22a15e8,0x00000000cab00000)
 PSPermGen       total 112640K, used 55465K [0x00000000b0000000, 0x00000000b6e00000, 0x00000000c0000000)
  object space 112640K, 49% used [0x00000000b0000000,0x00000000b362a410,0x00000000b6e00000)
Event: 229,097 GC heap after
Heap after GC invocations=20 (full 2):
 PSYoungGen      total 289792K, used 34916K [0x00000000eaa80000, 0x0000000100000000, 0x0000000100000000)
  eden space 240640K, 0% used [0x00000000eaa80000,0x00000000eaa80000,0x00000000f9580000)
  from space 49152K, 71% used [0x00000000fc980000,0x00000000feb99290,0x00000000ff980000)
  to   space 53248K, 0% used [0x00000000f9580000,0x00000000f9580000,0x00000000fc980000)
 ParOldGen       total 175104K, used 35469K [0x00000000c0000000, 0x00000000cab00000, 0x00000000eaa80000)
  object space 175104K, 20% used [0x00000000c0000000,0x00000000c22a35e8,0x00000000cab00000)
 PSPermGen       total 112640K, used 55465K [0x00000000b0000000, 0x00000000b6e00000, 0x00000000c0000000)
  object space 112640K, 49% used [0x00000000b0000000,0x00000000b362a410,0x00000000b6e00000)
}

Deoptimization events (10 events):
Event: 236,135 Thread 0x00007fb814003800 Uncommon trap: reason=unstable_if action=reinterpret pc=0x00007fb8510cd87c method=com.sun.tools.javac.jvm.Pool.put(Ljava/lang/Object;)I @ 116
Event: 236,390 Thread 0x00007fb814003800 Uncommon trap: reason=unstable_if action=reinterpret pc=0x00007fb8510e4318 method=com.sun.tools.javac.comp.Resolve.findMemberType(Lcom/sun/tools/javac/comp/Env;Lcom/sun/tools/javac/code/Type;Lcom/sun/tools/javac/util/Name;Lcom/sun/tools/javac/code/Symbol$
Event: 236,390 Thread 0x00007fb814003800 Uncommon trap: reason=unstable_if action=reinterpret pc=0x00007fb8510e43ac method=com.sun.tools.javac.comp.Resolve.findMemberType(Lcom/sun/tools/javac/comp/Env;Lcom/sun/tools/javac/code/Type;Lcom/sun/tools/javac/util/Name;Lcom/sun/tools/javac/code/Symbol$
Event: 236,437 Thread 0x00007fb814003800 Uncommon trap: reason=unstable_if action=reinterpret pc=0x00007fb8511747d8 method=com.sun.tools.javac.comp.Attr.visitIdent(Lcom/sun/tools/javac/tree/JCTree$JCIdent;)V @ 207
Event: 236,475 Thread 0x00007fb814003800 Uncommon trap: reason=class_check action=maybe_recompile pc=0x00007fb85115f464 method=com.sun.tools.javac.comp.Resolve.checkRawArgumentsAcceptable(Lcom/sun/tools/javac/comp/Env;Lcom/sun/tools/javac/util/List;Lcom/sun/tools/javac/util/List;ZZLcom/sun/tools
Event: 236,475 Thread 0x00007fb814003800 Uncommon trap: reason=class_check action=maybe_recompile pc=0x00007fb85115f464 method=com.sun.tools.javac.comp.Resolve.checkRawArgumentsAcceptable(Lcom/sun/tools/javac/comp/Env;Lcom/sun/tools/javac/util/List;Lcom/sun/tools/javac/util/List;ZZLcom/sun/tools
Event: 236,482 Thread 0x00007fb814003800 Uncommon trap: reason=class_check action=maybe_recompile pc=0x00007fb851187380 method=com.sun.tools.javac.comp.Resolve.checkRawArgumentsAcceptable(Lcom/sun/tools/javac/comp/Env;Lcom/sun/tools/javac/util/List;Lcom/sun/tools/javac/util/List;ZZLcom/sun/tools
Event: 236,606 Thread 0x00007fb814003800 Uncommon trap: reason=class_check action=maybe_recompile pc=0x00007fb851156954 method=com.sun.tools.javac.code.Types.isSubtypeUncheckedInternal(Lcom/sun/tools/javac/code/Type;Lcom/sun/tools/javac/code/Type;Lcom/sun/tools/javac/util/Warner;)Z @ 19
Event: 236,726 Thread 0x00007fb814003800 Uncommon trap: reason=null_check action=make_not_entrant pc=0x00007fb8511d08a0 method=com.sun.tools.javac.code.Types.isDerivedRaw(Lcom/sun/tools/javac/code/Type;)Z @ 10
Event: 237,296 Thread 0x00007fb814003800 Uncommon trap: reason=bimorphic action=maybe_recompile pc=0x00007fb8511aa650 method=com.sun.tools.javac.code.Types$5.visitClassType(Lcom/sun/tools/javac/code/Type$ClassType;Lcom/sun/tools/javac/code/Type;)Ljava/lang/Boolean; @ 29

Internal exceptions (10 events):
Event: 230,904 Thread 0x00007fb814003800 Threw 0x00000000ed7cc5a0 at /build/openjdk-7-HVzwJZ/openjdk-7-7u95-2.6.4/build/openjdk/hotspot/src/share/vm/prims/jvm.cpp:1322
Event: 230,905 Thread 0x00007fb814003800 Threw 0x00000000ed7d3c00 at /build/openjdk-7-HVzwJZ/openjdk-7-7u95-2.6.4/build/openjdk/hotspot/src/share/vm/prims/jvm.cpp:1322
Event: 230,912 Thread 0x00007fb814003800 Implicit null exception at 0x00007fb850dbcaf0 to 0x00007fb850dbcea9
Event: 231,019 Thread 0x00007fb814003800 Implicit null exception at 0x00007fb8510c8c6e to 0x00007fb8510caa5d
Event: 231,020 Thread 0x00007fb814003800 Implicit null exception at 0x00007fb8510c1d0b to 0x00007fb8510c2305
Event: 231,023 Thread 0x00007fb814003800 Implicit null exception at 0x00007fb851050497 to 0x00007fb851050a45
Event: 232,956 Thread 0x00007fb814003800 Implicit null exception at 0x00007fb850db4088 to 0x00007fb850db4119
Event: 233,223 Thread 0x00007fb814003800 Implicit null exception at 0x00007fb850d8f8cc to 0x00007fb850d8f8eb
Event: 233,511 Thread 0x00007fb814003800 Implicit null exception at 0x00007fb8510a448f to 0x00007fb8510a453b
Event: 236,726 Thread 0x00007fb814003800 Implicit null exception at 0x00007fb8511d0537 to 0x00007fb8511d0895

Events (10 events):
Event: 237,272 Thread 0x00007fb8540a9000 flushing nmethod 0x00007fb8510a4250
Event: 237,272 Thread 0x00007fb8540a9000 flushing nmethod 0x00007fb8510bb650
Event: 237,272 Thread 0x00007fb8540a9000 flushing nmethod 0x00007fb8510c00d0
Event: 237,277 Thread 0x00007fb8540ac000 flushing nmethod 0x00007fb8510c4a10
Event: 237,278 Thread 0x00007fb8540ac000 flushing nmethod 0x00007fb8510db690
Event: 237,278 Thread 0x00007fb8540ac000 flushing nmethod 0x00007fb8510fb610
Event: 237,278 Thread 0x00007fb8540ac000 flushing nmethod 0x00007fb851115a90
Event: 237,296 Thread 0x00007fb814003800 Uncommon trap: trap_request=0xffffffc6 fr.pc=0x00007fb8511aa650
Event: 237,296 Thread 0x00007fb814003800 DEOPT PACKING pc=0x00007fb8511aa650 sp=0x00007fb82d46dd80
Event: 237,296 Thread 0x00007fb814003800 DEOPT UNPACKING pc=0x00007fb850a18445 sp=0x00007fb82d46dcf0 mode 2


Dynamic libraries:
00400000-00401000 r-xp 00000000 08:02 2761099                            /usr/lib/jvm/java-7-openjdk-amd64/jre/bin/java
00600000-00601000 r--p 00000000 08:02 2761099                            /usr/lib/jvm/java-7-openjdk-amd64/jre/bin/java
00601000-00602000 rw-p 00001000 08:02 2761099                            /usr/lib/jvm/java-7-openjdk-amd64/jre/bin/java
00efd000-00f1e000 rw-p 00000000 00:00 0                                  [heap]
b0000000-b6e00000 rw-p 00000000 00:00 0 
b6e00000-c0000000 rw-p 00000000 00:00 0 
c0000000-cab00000 rw-p 00000000 00:00 0 
cab00000-eaa80000 rw-p 00000000 00:00 0 
eaa80000-100000000 rw-p 00000000 00:00 0 
7fb7e0000000-7fb7e0021000 rw-p 00000000 00:00 0 
7fb7e0021000-7fb7e4000000 ---p 00000000 00:00 0 
7fb7e8000000-7fb7e8021000 rw-p 00000000 00:00 0 
7fb7e8021000-7fb7ec000000 ---p 00000000 00:00 0 
7fb7ec000000-7fb7ec021000 rw-p 00000000 00:00 0 
7fb7ec021000-7fb7f0000000 ---p 00000000 00:00 0 
7fb7f0000000-7fb7f0021000 rw-p 00000000 00:00 0 
7fb7f0021000-7fb7f4000000 ---p 00000000 00:00 0 
7fb7f6e3c000-7fb7f6e3f000 ---p 00000000 00:00 0 
7fb7f6e3f000-7fb7f6f3d000 rw-p 00000000 00:00 0 
7fb7f6f3d000-7fb7f6f40000 ---p 00000000 00:00 0 
7fb7f6f40000-7fb7f703e000 rw-p 00000000 00:00 0 
7fb7f703e000-7fb7f7041000 ---p 00000000 00:00 0 
7fb7f7041000-7fb7f713f000 rw-p 00000000 00:00 0 
7fb7f713f000-7fb7f7142000 ---p 00000000 00:00 0 
7fb7f7142000-7fb7f7240000 rw-p 00000000 00:00 0                          [stack:19339]
7fb7f7240000-7fb7f7245000 r-xp 00000000 08:02 3175                       /lib/x86_64-linux-gnu/libnss_dns-2.19.so
7fb7f7245000-7fb7f7444000 ---p 00005000 08:02 3175                       /lib/x86_64-linux-gnu/libnss_dns-2.19.so
7fb7f7444000-7fb7f7445000 r--p 00004000 08:02 3175                       /lib/x86_64-linux-gnu/libnss_dns-2.19.so
7fb7f7445000-7fb7f7446000 rw-p 00005000 08:02 3175                       /lib/x86_64-linux-gnu/libnss_dns-2.19.so
7fb7f7446000-7fb7f7448000 r-xp 00000000 08:02 13475                      /lib/x86_64-linux-gnu/libnss_mdns4_minimal.so.2
7fb7f7448000-7fb7f7647000 ---p 00002000 08:02 13475                      /lib/x86_64-linux-gnu/libnss_mdns4_minimal.so.2
7fb7f7647000-7fb7f7648000 r--p 00001000 08:02 13475                      /lib/x86_64-linux-gnu/libnss_mdns4_minimal.so.2
7fb7f7648000-7fb7f7649000 rw-p 00002000 08:02 13475                      /lib/x86_64-linux-gnu/libnss_mdns4_minimal.so.2
7fb7f7649000-7fb7f76c1000 r-xp 00000000 08:02 43082                      /usr/lib/x86_64-linux-gnu/nss/libfreebl3.so
7fb7f76c1000-7fb7f78c1000 ---p 00078000 08:02 43082                      /usr/lib/x86_64-linux-gnu/nss/libfreebl3.so
7fb7f78c1000-7fb7f78c3000 r--p 00078000 08:02 43082                      /usr/lib/x86_64-linux-gnu/nss/libfreebl3.so
7fb7f78c3000-7fb7f78c4000 rw-p 0007a000 08:02 43082                      /usr/lib/x86_64-linux-gnu/nss/libfreebl3.so
7fb7f78c4000-7fb7f78c8000 rw-p 00000000 00:00 0 
7fb7f78c8000-7fb7f797c000 r-xp 00000000 08:02 21880                      /usr/lib/x86_64-linux-gnu/libsqlite3.so.0.8.6
7fb7f797c000-7fb7f7b7c000 ---p 000b4000 08:02 21880                      /usr/lib/x86_64-linux-gnu/libsqlite3.so.0.8.6
7fb7f7b7c000-7fb7f7b7e000 r--p 000b4000 08:02 21880                      /usr/lib/x86_64-linux-gnu/libsqlite3.so.0.8.6
7fb7f7b7e000-7fb7f7b80000 rw-p 000b6000 08:02 21880                      /usr/lib/x86_64-linux-gnu/libsqlite3.so.0.8.6
7fb7f7b80000-7fb7f7b81000 rw-p 00000000 00:00 0 
7fb7f7b81000-7fb7f7bc1000 r-xp 00000000 08:02 43080                      /usr/lib/x86_64-linux-gnu/nss/libsoftokn3.so
7fb7f7bc1000-7fb7f7dc1000 ---p 00040000 08:02 43080                      /usr/lib/x86_64-linux-gnu/nss/libsoftokn3.so
7fb7f7dc1000-7fb7f7dc2000 r--p 00040000 08:02 43080                      /usr/lib/x86_64-linux-gnu/nss/libsoftokn3.so
7fb7f7dc2000-7fb7f7dc3000 rw-p 00041000 08:02 43080                      /usr/lib/x86_64-linux-gnu/nss/libsoftokn3.so
7fb7f7dc3000-7fb7f7dfc000 r-xp 00000000 08:02 43062                      /usr/lib/x86_64-linux-gnu/libnspr4.so
7fb7f7dfc000-7fb7f7ffb000 ---p 00039000 08:02 43062                      /usr/lib/x86_64-linux-gnu/libnspr4.so
7fb7f7ffb000-7fb7f7ffc000 r--p 00038000 08:02 43062                      /usr/lib/x86_64-linux-gnu/libnspr4.so
7fb7f7ffc000-7fb7f7ffd000 rw-p 00039000 08:02 43062                      /usr/lib/x86_64-linux-gnu/libnspr4.so
7fb7f7ffd000-7fb7f8000000 rw-p 00000000 00:00 0 
7fb7f8000000-7fb7f8021000 rw-p 00000000 00:00 0 
7fb7f8021000-7fb7fc000000 ---p 00000000 00:00 0 
7fb7fc000000-7fb7fc021000 rw-p 00000000 00:00 0 
7fb7fc021000-7fb800000000 ---p 00000000 00:00 0 
7fb800000000-7fb800eaa000 rw-p 00000000 00:00 0 
7fb800eaa000-7fb804000000 ---p 00000000 00:00 0 
7fb804000000-7fb804021000 rw-p 00000000 00:00 0 
7fb804021000-7fb808000000 ---p 00000000 00:00 0 
7fb808000000-7fb80845c000 rw-p 00000000 00:00 0 
7fb80845c000-7fb80c000000 ---p 00000000 00:00 0 
7fb80c000000-7fb80c021000 rw-p 00000000 00:00 0 
7fb80c021000-7fb810000000 ---p 00000000 00:00 0 
7fb810000000-7fb81006b000 rw-p 00000000 00:00 0 
7fb81006b000-7fb814000000 ---p 00000000 00:00 0 
7fb814000000-7fb814021000 rw-p 00000000 00:00 0 
7fb814021000-7fb818000000 ---p 00000000 00:00 0 
7fb818000000-7fb818021000 rw-p 00000000 00:00 0 
7fb818021000-7fb81c000000 ---p 00000000 00:00 0 
7fb81c000000-7fb81c021000 rw-p 00000000 00:00 0 
7fb81c021000-7fb820000000 ---p 00000000 00:00 0 
7fb820000000-7fb821423000 rw-p 00000000 00:00 0 
7fb821423000-7fb824000000 ---p 00000000 00:00 0 
7fb824000000-7fb825785000 rw-p 00000000 00:00 0 
7fb825785000-7fb828000000 ---p 00000000 00:00 0 
7fb828000000-7fb828021000 rw-p 00000000 00:00 0 
7fb828021000-7fb82c000000 ---p 00000000 00:00 0 
7fb82c048000-7fb82c050000 r--s 00065000 08:02 1048862                    /home/ivan/.gradle/caches/modules-2/files-2.1/com.google.dagger/dagger-compiler/2.0/2c5c7cfd604076f09eac6fd0783b3eebbc125732/dagger-compiler-2.0.jar
7fb82c0ac000-7fb82c0af000 r-xp 00000000 08:02 23344                      /usr/lib/x86_64-linux-gnu/libplds4.so
7fb82c0af000-7fb82c2ae000 ---p 00003000 08:02 23344                      /usr/lib/x86_64-linux-gnu/libplds4.so
7fb82c2ae000-7fb82c2af000 r--p 00002000 08:02 23344                      /usr/lib/x86_64-linux-gnu/libplds4.so
7fb82c2af000-7fb82c2b0000 rw-p 00003000 08:02 23344                      /usr/lib/x86_64-linux-gnu/libplds4.so
7fb82c2b0000-7fb82c2b4000 r-xp 00000000 08:02 43066                      /usr/lib/x86_64-linux-gnu/libplc4.so
7fb82c2b4000-7fb82c4b3000 ---p 00004000 08:02 43066                      /usr/lib/x86_64-linux-gnu/libplc4.so
7fb82c4b3000-7fb82c4b4000 r--p 00003000 08:02 43066                      /usr/lib/x86_64-linux-gnu/libplc4.so
7fb82c4b4000-7fb82c4b5000 rw-p 00004000 08:02 43066                      /usr/lib/x86_64-linux-gnu/libplc4.so
7fb82c4b5000-7fb82c4da000 r-xp 00000000 08:02 23348                      /usr/lib/x86_64-linux-gnu/libnssutil3.so
7fb82c4da000-7fb82c6da000 ---p 00025000 08:02 23348                      /usr/lib/x86_64-linux-gnu/libnssutil3.so
7fb82c6da000-7fb82c6e0000 r--p 00025000 08:02 23348                      /usr/lib/x86_64-linux-gnu/libnssutil3.so
7fb82c6e0000-7fb82c6e1000 rw-p 0002b000 08:02 23348                      /usr/lib/x86_64-linux-gnu/libnssutil3.so
7fb82c6e1000-7fb82c814000 r-xp 00000000 08:02 43071                      /usr/lib/x86_64-linux-gnu/libnss3.so
7fb82c814000-7fb82ca13000 ---p 00133000 08:02 43071                      /usr/lib/x86_64-linux-gnu/libnss3.so
7fb82ca13000-7fb82ca18000 r--p 00132000 08:02 43071                      /usr/lib/x86_64-linux-gnu/libnss3.so
7fb82ca18000-7fb82ca1a000 rw-p 00137000 08:02 43071                      /usr/lib/x86_64-linux-gnu/libnss3.so
7fb82ca1a000-7fb82ca1b000 rw-p 00000000 00:00 0 
7fb82ca3e000-7fb82ca3f000 rw-p 00000000 00:00 0 
7fb82ca3f000-7fb82ca4f000 r-xp 00000000 08:02 2629166                    /usr/lib/jvm/java-7-openjdk-amd64/jre/lib/amd64/libj2pkcs11.so
7fb82ca4f000-7fb82cc4e000 ---p 00010000 08:02 2629166                    /usr/lib/jvm/java-7-openjdk-amd64/jre/lib/amd64/libj2pkcs11.so
7fb82cc4e000-7fb82cc4f000 r--p 0000f000 08:02 2629166                    /usr/lib/jvm/java-7-openjdk-amd64/jre/lib/amd64/libj2pkcs11.so
7fb82cc4f000-7fb82cc50000 rw-p 00010000 08:02 2629166                    /usr/lib/jvm/java-7-openjdk-amd64/jre/lib/amd64/libj2pkcs11.so
7fb82cc50000-7fb82cc52000 r--s 00018000 08:02 2629156                    /usr/lib/jvm/java-7-openjdk-amd64/jre/lib/jce.jar
7fb82cc52000-7fb82cc5a000 r-xp 00000000 08:02 2629184                    /usr/lib/jvm/java-7-openjdk-amd64/jre/lib/amd64/libmanagement.so
7fb82cc5a000-7fb82ce59000 ---p 00008000 08:02 2629184                    /usr/lib/jvm/java-7-openjdk-amd64/jre/lib/amd64/libmanagement.so
7fb82ce59000-7fb82ce5a000 r--p 00007000 08:02 2629184                    /usr/lib/jvm/java-7-openjdk-amd64/jre/lib/amd64/libmanagement.so
7fb82ce5a000-7fb82ce5b000 rw-p 00008000 08:02 2629184                    /usr/lib/jvm/java-7-openjdk-amd64/jre/lib/amd64/libmanagement.so
7fb82ce5b000-7fb82ce5d000 r--s 00005000 08:02 28444458                   /home/ivan/tools/android/android-studio/gradle/m2repository/org/abego/treelayout/org.abego.treelayout.core/1.0.1/org.abego.treelayout.core-1.0.1.jar
7fb82ce5d000-7fb82ce65000 r--s 000a8000 08:02 31606554                   /home/ivan/tools/android/android-studio/gradle/m2repository/com/android/tools/external/lombok/lombok-ast/0.2.3/lombok-ast-0.2.3.jar
7fb82ce65000-7fb82ce67000 r--s 0000d000 08:02 2759096                    /home/ivan/tools/android/android-studio/gradle/m2repository/commons-codec/commons-codec/1.4/commons-codec-1.4.jar
7fb82ce67000-7fb82ce69000 r--s 0000d000 08:02 28313190                   /home/ivan/tools/android/android-studio/gradle/m2repository/commons-logging/commons-logging/1.1.1/commons-logging-1.1.1.jar
7fb82ce69000-7fb82ce6e000 r--s 00028000 08:02 28837451                   /home/ivan/tools/android/android-studio/gradle/m2repository/org/apache/httpcomponents/httpcore/4.1/httpcore-4.1.jar
7fb82ce6e000-7fb82ce6f000 r--s 00004000 08:02 2759055                    /home/ivan/tools/android/android-studio/gradle/m2repository/com/intellij/annotations/12.0/annotations-12.0.jar
7fb82ce6f000-7fb82ce70000 r--s 00002000 08:02 30676751                   /home/ivan/tools/android/android-studio/gradle/m2repository/com/tunnelvisionlabs/antlr4-annotations/4.5/antlr4-annotations-4.5.jar
7fb82ce70000-7fb82ce77000 r--s 00062000 08:02 30017461                   /home/ivan/tools/android/android-studio/gradle/m2repository/com/tunnelvisionlabs/antlr4-runtime/4.5/antlr4-runtime-4.5.jar
7fb82ce77000-7fb82ce78000 r--s 00004000 08:02 29623624                   /home/ivan/tools/android/android-studio/gradle/m2repository/org/ow2/asm/asm-analysis/5.0.3/asm-analysis-5.0.3.jar
7fb82ce78000-7fb82ce7b000 r--s 00030000 08:02 1049536                    /home/ivan/.gradle/caches/modules-2/files-2.1/com.android.tools.lint/lint-api/25.0.0-alpha6/34239d555cfda06e19a5b51acec347fd0b76884c/lint-api-25.0.0-alpha6.jar
7fb82ce7b000-7fb82ce7c000 r--s 0000a000 08:02 2759092                    /home/ivan/tools/android/android-studio/gradle/m2repository/net/sf/kxml/kxml2/2.3.0/kxml2-2.3.0.jar
7fb82ce7c000-7fb82ce7e000 r--s 00005000 08:02 28837444                   /home/ivan/tools/android/android-studio/gradle/m2repository/org/apache/httpcomponents/httpmime/4.1/httpmime-4.1.jar
7fb82ce7e000-7fb82ce86000 r--s 0004e000 08:02 28968380                   /home/ivan/tools/android/android-studio/gradle/m2repository/org/apache/httpcomponents/httpclient/4.1.1/httpclient-4.1.1.jar
7fb82ce86000-7fb82ce8d000 r--s 00053000 08:02 28968388                   /home/ivan/tools/android/android-studio/gradle/m2repository/org/apache/commons/commons-compress/1.8.1/commons-compress-1.8.1.jar
7fb82ce8d000-7fb82ce92000 r--s 0002a000 08:02 30676744                   /home/ivan/tools/android/android-studio/gradle/m2repository/com/google/code/gson/gson/2.2.4/gson-2.2.4.jar
7fb82ce92000-7fb82ce97000 r--s 00024000 08:02 1049535                    /home/ivan/.gradle/caches/modules-2/files-2.1/com.android.tools/repository/25.0.0-alpha6/a60767ff508d5f46aad6f723c3f41b7bfd7cb6d7/repository-25.0.0-alpha6.jar
7fb82ce97000-7fb82ce98000 r--s 00005000 08:02 1049534                    /home/ivan/.gradle/caches/modules-2/files-2.1/com.android.tools/dvlib/25.0.0-alpha6/9123791e2421a692cb79987cb4aab6d2acc8049/dvlib-25.0.0-alpha6.jar
7fb82ce98000-7fb82ce9b000 r--s 00013000 08:02 1049533                    /home/ivan/.gradle/caches/modules-2/files-2.1/com.android.tools.layoutlib/layoutlib-api/25.0.0-alpha6/afbebb6bd56e60cc5769d2042b0b0480d6f12a3a/layoutlib-api-25.0.0-alpha6.jar
7fb82ce9b000-7fb82ce9f000 r--s 00037000 08:02 28313210                   /home/ivan/tools/android/android-studio/gradle/m2repository/org/antlr/ST4/4.0.8/ST4-4.0.8.jar
7fb82ce9f000-7fb82cea2000 r--s 00026000 08:02 28313205                   /home/ivan/tools/android/android-studio/gradle/m2repository/org/antlr/antlr-runtime/3.5.2/antlr-runtime-3.5.2.jar
7fb82cea2000-7fb82cea7000 r--s 00058000 08:02 29623630                   /home/ivan/tools/android/android-studio/gradle/m2repository/org/ow2/asm/asm-debug-all/5.0.1/asm-debug-all-5.0.1.jar
7fb82cea7000-7fb82ceb7000 r--s 000d6000 08:02 2759067                    /home/ivan/tools/android/android-studio/gradle/m2repository/net/sf/proguard/proguard-base/5.2.1/proguard-base-5.2.1.jar
7fb82ceb7000-7fb82ceba000 r--s 00033000 08:02 30676772                   /home/ivan/tools/android/android-studio/gradle/m2repository/com/googlecode/juniversalchardet/juniversalchardet/1.0.3/juniversalchardet-1.0.3.jar
7fb82ceba000-7fb82cebe000 r--s 0002a000 08:02 28182173                   /home/ivan/tools/android/android-studio/gradle/m2repository/commons-io/commons-io/2.4/commons-io-2.4.jar
7fb82cebe000-7fb82cec8000 r--s 00099000 08:02 30017465                   /home/ivan/tools/android/android-studio/gradle/m2repository/com/tunnelvisionlabs/antlr4/4.5/antlr4-4.5.jar
7fb82cec8000-7fb82cecf000 r--s 0005e000 08:02 28968393                   /home/ivan/tools/android/android-studio/gradle/m2repository/org/apache/commons/commons-lang3/3.3.2/commons-lang3-3.3.2.jar
7fb82cecf000-7fb82ced0000 r--s 00002000 08:02 1049532                    /home/ivan/.gradle/caches/modules-2/files-2.1/com.android.databinding/baseLibrary/1.1/d0235ebdb4e0ebf3f41d332fadba60419de07864/baseLibrary-1.1.jar
7fb82ced0000-7fb82cefb000 r--s 001f9000 08:02 31065959                   /home/ivan/tools/android/android-studio/gradle/m2repository/com/google/guava/guava/17.0/guava-17.0.jar
7fb82cefb000-7fb82cefc000 r--s 00001000 08:02 1049531                    /home/ivan/.gradle/caches/modules-2/files-2.1/com.android.tools/annotations/25.0.0-alpha6/843305df11fac387c36afb1092c604a0ccc43ab8/annotations-25.0.0-alpha6.jar
7fb82cefc000-7fb82cf0e000 r--s 00223000 08:02 28575587                   /home/ivan/tools/android/android-studio/gradle/m2repository/org/eclipse/jdt/core/compiler/ecj/4.4.2/ecj-4.4.2.jar
7fb82cf0e000-7fb82cf15000 r--s 000bd000 08:02 1049530                    /home/ivan/.gradle/caches/modules-2/files-2.1/com.android.tools.lint/lint-checks/25.0.0-alpha6/ed0455e005e862d69daf914350fdcae6e2e34bf9/lint-checks-25.0.0-alpha6.jar
7fb82cf15000-7fb82cf17000 r--s 00006000 08:02 29885961                   /home/ivan/tools/android/android-studio/gradle/m2repository/org/ow2/asm/asm-tree/5.0.3/asm-tree-5.0.3.jar
7fb82cf17000-7fb82cf4a000 r--s 00203000 08:02 29492123                   /home/ivan/tools/android/android-studio/gradle/m2repository/org/bouncycastle/bcprov-jdk15on/1.48/bcprov-jdk15on-1.48.jar
7fb82cf4a000-7fb82cf58000 r--s 00081000 08:02 29230164                   /home/ivan/tools/android/android-studio/gradle/m2repository/org/bouncycastle/bcpkix-jdk15on/1.48/bcpkix-jdk15on-1.48.jar
7fb82cf58000-7fb82cf5a000 r--s 00002000 08:02 30017450                   /home/ivan/tools/android/android-studio/gradle/m2repository/com/squareup/javawriter/2.5.0/javawriter-2.5.0.jar
7fb82cf5a000-7fb82cf5c000 r--s 00005000 08:02 2759048                    /home/ivan/tools/android/android-studio/gradle/m2repository/com/android/tools/jill/jill-api/0.9.0/jill-api-0.9.0.jar
7fb82cf5c000-7fb82cf5e000 r--s 00006000 08:02 31199226                   /home/ivan/tools/android/android-studio/gradle/m2repository/com/android/tools/jack/jack-api/0.9.0/jack-api-0.9.0.jar
7fb82cf5e000-7fb82cf63000 r--s 0004a000 08:02 1049529                    /home/ivan/.gradle/caches/modules-2/files-2.1/com.android.tools.ddms/ddmlib/25.0.0-alpha6/eae8e393d8bec3d2dfc5fb333236b47099a9c907/ddmlib-25.0.0-alpha6.jar
7fb82cf63000-7fb82cf67000 r--s 00027000 08:02 1049528                    /home/ivan/.gradle/caches/modules-2/files-2.1/com.android.tools.build/manifest-merger/25.0.0-alpha6/20d6b38823d1e011c5667ff6d53cccf19d532b9a/manifest-merger-25.0.0-alpha6.jar
7fb82cf67000-7fb82cf69000 r--s 00018000 08:02 1049527                    /home/ivan/.gradle/caches/modules-2/files-2.1/com.android.tools/common/25.0.0-alpha6/d2e96d5da7414102f0ad75843f0545a05c79e901/common-25.0.0-alpha6.jar
7fb82cf69000-7fb82cf72000 r--s 0007a000 08:02 1049526                    /home/ivan/.gradle/caches/modules-2/files-2.1/com.android.tools/sdk-common/25.0.0-alpha6/a82c40ab929500a5d354b2911d6bb149027f2de6/sdk-common-25.0.0-alpha6.jar
7fb82cf72000-7fb82cf7a000 r--s 00079000 08:02 1049525                    /home/ivan/.gradle/caches/modules-2/files-2.1/com.android.tools/sdklib/25.0.0-alpha6/102462a77779f0edec1375350714e7a9b76838a1/sdklib-25.0.0-alpha6.jar
7fb82cf7a000-7fb82cf7b000 r--s 00002000 08:02 1049524                    /home/ivan/.gradle/caches/modules-2/files-2.1/com.android.tools.build/builder-test-api/2.0.0-alpha6/6aeafef76d51e9ae4ca2241c58973b031ce74dd4/builder-test-api-2.0.0-alpha6.jar
7fb82cf7b000-7fb82cf7d000 r--s 00005000 08:02 1049523                    /home/ivan/.gradle/caches/modules-2/files-2.1/com.android.tools.build/builder-model/2.0.0-alpha6/bbbb98d9d09b0d332865f162f5d0820642db2823/builder-model-2.0.0-alpha6.jar
7fb82cf7d000-7fb82cf87000 r--s 00110000 08:02 28313198                   /home/ivan/tools/android/android-studio/gradle/m2repository/org/antlr/antlr/3.5.2/antlr-3.5.2.jar
7fb82cf87000-7fb82cf8b000 r--s 0001e000 08:02 28444451                   /home/ivan/tools/android/android-studio/gradle/m2repository/org/jacoco/org.jacoco.core/0.7.4.201502262128/org.jacoco.core-0.7.4.201502262128.jar
7fb82cf8b000-7fb82cf8c000 r--s 00002000 08:02 2759078                    /home/ivan/tools/android/android-studio/gradle/m2repository/net/sf/proguard/proguard-gradle/5.2.1/proguard-gradle-5.2.1.jar
7fb82cf8c000-7fb82cf8e000 r--s 00009000 08:02 1049522                    /home/ivan/.gradle/caches/modules-2/files-2.1/org.ow2.asm/asm-commons/5.0.3/a7111830132c7f87d08fe48cb0ca07630f8cb91c/asm-commons-5.0.3.jar
7fb82cf8e000-7fb82cf8f000 r--s 0000c000 08:02 29755695                   /home/ivan/tools/android/android-studio/gradle/m2repository/org/ow2/asm/asm/5.0.3/asm-5.0.3.jar
7fb82cf8f000-7fb82cf93000 r--s 00026000 08:02 1049521                    /home/ivan/.gradle/caches/modules-2/files-2.1/com.android.databinding/compilerCommon/1.1/9f24188b25bf742c4739dbf8d4d7c22ecb0bc351/compilerCommon-1.1.jar
7fb82cf93000-7fb82cf94000 r--s 00002000 08:02 1049520                    /home/ivan/.gradle/caches/modules-2/files-2.1/com.android.tools.build/gradle-api/2.0.0-alpha6/3372febe53d5487de9b2e79cb2a04a098fbc9fa6/gradle-api-2.0.0-alpha6.jar
7fb82cf94000-7fb82cf96000 r--s 00023000 08:02 1049519                    /home/ivan/.gradle/caches/modules-2/files-2.1/com.android.tools.lint/lint/25.0.0-alpha6/20d7bac6bad770e6e5598d5b9bf50256decddb6f/lint-25.0.0-alpha6.jar
7fb82cf96000-7fb82cf9c000 r--s 00051000 08:02 1049518                    /home/ivan/.gradle/caches/modules-2/files-2.1/com.android.tools.build/builder/2.0.0-alpha6/60e9235f84110575383a8ff4d284f5903c3eb1cd/builder-2.0.0-alpha6.jar
7fb82cf9c000-7fb82cfb8000 r--s 0016f000 08:02 1049517                    /home/ivan/.gradle/caches/modules-2/files-2.1/com.android.tools.build/gradle-core/2.0.0-alpha6/a542595f1acc8cbc64e4208c88efef722e7beaa0/gradle-core-2.0.0-alpha6.jar
7fb82cfb8000-7fb82cfba000 r--s 0000c000 08:02 1049516                    /home/ivan/.gradle/caches/modules-2/files-2.1/com.android.tools.build/gradle/2.0.0-alpha6/bc05172d9d7808139a7dccf0c931881e15b2637f/gradle-2.0.0-alpha6.jar
7fb82cfba000-7fb82cfbb000 r--s 00004000 08:02 1049515                    /home/ivan/.gradle/caches/modules-2/files-2.1/com.google.gms/google-services/2.0.0-alpha6/544d625fdb6cf2e6860f844ab6950c75108d510b/google-services-2.0.0-alpha6.jar
7fb82cfbb000-7fb82cfc5000 r--s 000ae000 08:02 2629195                    /usr/lib/jvm/java-7-openjdk-amd64/jre/lib/resources.jar
7fb82cfc5000-7fb82cfc8000 ---p 00000000 00:00 0 
7fb82cfc8000-7fb82d0c6000 rw-p 00000000 00:00 0                          [stack:16835]
7fb82d0c6000-7fb82d0c9000 ---p 00000000 00:00 0 
7fb82d0c9000-7fb82d0ff000 rw-p 00000000 00:00 0 
7fb82d0ff000-7fb82d100000 r--p 00000000 00:00 0 
7fb82d100000-7fb82d16b000 r--s 0069d000 08:02 2761678                    /usr/lib/jvm/java-7-openjdk-amd64/lib/tools.jar
7fb82d16b000-7fb82d16e000 ---p 00000000 00:00 0 
7fb82d16e000-7fb82d26c000 rw-p 00000000 00:00 0 
7fb82d26c000-7fb82d273000 r--s 00000000 08:02 3208                       /usr/lib/x86_64-linux-gnu/gconv/gconv-modules.cache
7fb82d273000-7fb82d276000 ---p 00000000 00:00 0 
7fb82d276000-7fb82d374000 rw-p 00000000 00:00 0                          [stack:19334]
7fb82d374000-7fb82d377000 ---p 00000000 00:00 0 
7fb82d377000-7fb82d475000 rw-p 00000000 00:00 0                          [stack:19336]
7fb82d475000-7fb82d478000 ---p 00000000 00:00 0 
7fb82d478000-7fb82d576000 rw-p 00000000 00:00 0                          [stack:19335]
7fb82d576000-7fb82d579000 ---p 00000000 00:00 0 
7fb82d579000-7fb82d677000 rw-p 00000000 00:00 0                          [stack:19333]
7fb82d677000-7fb82d67a000 ---p 00000000 00:00 0 
7fb82d67a000-7fb82d778000 rw-p 00000000 00:00 0                          [stack:16815]
7fb82d778000-7fb82d77c000 r--s 0004f000 08:02 2629222                    /usr/lib/jvm/java-7-openjdk-amd64/jre/lib/jsse.jar
7fb82d77c000-7fb82d77e000 r--s 00005000 08:02 28057014                   /home/ivan/tools/android/android-studio/gradle/gradle-2.10/lib/plugins/gradle-tooling-api-builders-2.10.jar
7fb82d77e000-7fb82d78e000 r--s 00088000 08:02 28057046                   /home/ivan/tools/android/android-studio/gradle/gradle-2.10/lib/plugins/joda-time-2.8.2.jar
7fb82d78e000-7fb82d79f000 r--s 000cf000 08:02 28057045                   /home/ivan/tools/android/android-studio/gradle/gradle-2.10/lib/plugins/jackson-databind-2.3.2.jar
7fb82d79f000-7fb82d7a1000 r--s 00007000 08:02 28057044                   /home/ivan/tools/android/android-studio/gradle/gradle-2.10/lib/plugins/jackson-annotations-2.3.2.jar
7fb82d7a1000-7fb82d7a4000 r--s 0002e000 08:02 28057043                   /home/ivan/tools/android/android-studio/gradle/gradle-2.10/lib/plugins/jackson-core-2.3.2.jar
7fb82d7a4000-7fb82d7af000 r--s 0006b000 08:02 28057042                   /home/ivan/tools/android/android-studio/gradle/gradle-2.10/lib/plugins/aws-java-sdk-core-1.9.19.jar
7fb82d7af000-7fb82d7b5000 r--s 00036000 08:02 28057041                   /home/ivan/tools/android/android-studio/gradle/gradle-2.10/lib/plugins/aws-java-sdk-kms-1.9.19.jar
7fb82d7b5000-7fb82d7c0000 r--s 00079000 08:02 28057040                   /home/ivan/tools/android/android-studio/gradle/gradle-2.10/lib/plugins/aws-java-sdk-s3-1.9.19.jar
7fb82d7c0000-7fb82d7c1000 r--s 00003000 08:02 28057013                   /home/ivan/tools/android/android-studio/gradle/gradle-2.10/lib/plugins/gradle-resources-s3-2.10.jar
7fb82d7c1000-7fb82d7c2000 r--s 00004000 08:02 28057012                   /home/ivan/tools/android/android-studio/gradle/gradle-2.10/lib/plugins/gradle-resources-sftp-2.10.jar
7fb82d7c2000-7fb82d7c3000 r--s 00001000 08:02 28057009                   /home/ivan/tools/android/android-studio/gradle/gradle-2.10/lib/plugins/gradle-plugin-development-2.10.jar
7fb82d7c3000-7fb82d7c5000 r--s 00005000 08:02 28057008                   /home/ivan/tools/android/android-studio/gradle/gradle-2.10/lib/plugins/gradle-testing-native-2.10.jar
7fb82d7c5000-7fb82d7ca000 r--s 0002b000 08:02 28057007                   /home/ivan/tools/android/android-studio/gradle/gradle-2.10/lib/plugins/gradle-ide-native-2.10.jar
7fb82d7ca000-7fb82d7cf000 r--s 0001a000 08:02 28057006                   /home/ivan/tools/android/android-studio/gradle/gradle-2.10/lib/plugins/gradle-language-native-2.10.jar
7fb82d7cf000-7fb82d7d4000 r--s 00028000 08:02 28057005                   /home/ivan/tools/android/android-studio/gradle/gradle-2.10/lib/plugins/gradle-platform-play-2.10.jar
7fb82d7d4000-7fb82d7e1000 r--s 0004f000 08:02 28057004                   /home/ivan/tools/android/android-studio/gradle/gradle-2.10/lib/plugins/gradle-platform-native-2.10.jar
7fb82d7e1000-7fb82d7e4000 r--s 00008000 08:02 28057003                   /home/ivan/tools/android/android-studio/gradle/gradle-2.10/lib/plugins/gradle-language-scala-2.10.jar
7fb82d7e4000-7fb82d7e6000 r--s 00009000 08:02 28057002                   /home/ivan/tools/android/android-studio/gradle/gradle-2.10/lib/plugins/gradle-language-groovy-2.10.jar
7fb82d7e6000-7fb82d7ec000 r--s 00023000 08:02 28057001                   /home/ivan/tools/android/android-studio/gradle/gradle-2.10/lib/plugins/gradle-language-java-2.10.jar
7fb82d7ec000-7fb82d7ee000 r--s 00008000 08:02 28057000                   /home/ivan/tools/android/android-studio/gradle/gradle-2.10/lib/plugins/gradle-language-jvm-2.10.jar
7fb82d7ee000-7fb82d7f1000 r--s 00015000 08:02 28056999                   /home/ivan/tools/android/android-studio/gradle/gradle-2.10/lib/plugins/gradle-platform-jvm-2.10.jar
7fb82d7f1000-7fb82d7f9000 r--s 0002b000 08:02 28056998                   /home/ivan/tools/android/android-studio/gradle/gradle-2.10/lib/plugins/gradle-platform-base-2.10.jar
7fb82d7f9000-7fb82d7fd000 r--s 00020000 08:02 28056997                   /home/ivan/tools/android/android-studio/gradle/gradle-2.10/lib/plugins/gradle-build-init-2.10.jar
7fb82d7fd000-7fb82d800000 r--s 00017000 08:02 28056996                   /home/ivan/tools/android/android-studio/gradle/gradle-2.10/lib/plugins/gradle-jacoco-2.10.jar
7fb82d800000-7fb82d803000 r--s 0000e000 08:02 28056995                   /home/ivan/tools/android/android-studio/gradle/gradle-2.10/lib/plugins/gradle-ivy-2.10.jar
7fb82d803000-7fb82d805000 r--s 00002000 08:02 28056994                   /home/ivan/tools/android/android-studio/gradle/gradle-2.10/lib/plugins/gradle-publish-2.10.jar
7fb82d805000-7fb82d807000 r--s 00005000 08:02 28057036                   /home/ivan/tools/android/android-studio/gradle/gradle-2.10/lib/plugins/jatl-0.2.2.jar
7fb82d807000-7fb82d809000 r--s 0000f000 08:02 28056993                   /home/ivan/tools/android/android-studio/gradle/gradle-2.10/lib/plugins/gradle-reporting-2.10.jar
7fb82d809000-7fb82d80f000 r--s 00036000 08:02 28056992                   /home/ivan/tools/android/android-studio/gradle/gradle-2.10/lib/plugins/gradle-diagnostics-2.10.jar
7fb82d80f000-7fb82d816000 r--s 0008f000 08:02 28056991                   /home/ivan/tools/android/android-studio/gradle/gradle-2.10/lib/plugins/gradle-build-comparison-2.10.jar
7fb82d816000-7fb82d81d000 r--s 00035000 08:02 28057035                   /home/ivan/tools/android/android-studio/gradle/gradle-2.10/lib/plugins/simple-4.1.21.jar
7fb82d81d000-7fb82d829000 r--s 00100000 08:02 28057033                   /home/ivan/tools/android/android-studio/gradle/gradle-2.10/lib/plugins/rhino-1.7R3.jar
7fb82d829000-7fb82d82d000 r--s 0001c000 08:02 28056990                   /home/ivan/tools/android/android-studio/gradle/gradle-2.10/lib/plugins/gradle-javascript-2.10.jar
7fb82d82d000-7fb82d82f000 r--s 0000b000 08:02 28056989                   /home/ivan/tools/android/android-studio/gradle/gradle-2.10/lib/plugins/gradle-ear-2.10.jar
7fb82d82f000-7fb82d836000 r--s 00038000 08:02 28057032                   /home/ivan/tools/android/android-studio/gradle/gradle-2.10/lib/plugins/bcpg-jdk15on-1.51.jar
7fb82d836000-7fb82d838000 r--s 00017000 08:02 28056988                   /home/ivan/tools/android/android-studio/gradle/gradle-2.10/lib/plugins/gradle-signing-2.10.jar
7fb82d838000-7fb82d839000 r--s 00002000 08:02 28057031                   /home/ivan/tools/android/android-studio/gradle/gradle-2.10/lib/plugins/sonar-batch-bootstrapper-2.9.jar
7fb82d839000-7fb82d83c000 r--s 00015000 08:02 28056987                   /home/ivan/tools/android/android-studio/gradle/gradle-2.10/lib/plugins/gradle-sonar-2.10.jar
7fb82d83c000-7fb82d83f000 r--s 00010000 08:02 28056986                   /home/ivan/tools/android/android-studio/gradle/gradle-2.10/lib/plugins/gradle-scala-2.10.jar
7fb82d83f000-7fb82d841000 r--s 0000a000 08:02 28056985                   /home/ivan/tools/android/android-studio/gradle/gradle-2.10/lib/plugins/gradle-announce-2.10.jar
7fb82d841000-7fb82d850000 r--s 0009f000 08:02 28056984                   /home/ivan/tools/android/android-studio/gradle/gradle-2.10/lib/plugins/gradle-ide-2.10.jar
7fb82d850000-7fb82d853000 r--s 0000c000 08:02 28057030                   /home/ivan/tools/android/android-studio/gradle/gradle-2.10/lib/plugins/pmaven-groovy-0.8-20100325.jar
7fb82d853000-7fb82d854000 r--s 00004000 08:02 28057029                   /home/ivan/tools/android/android-studio/gradle/gradle-2.10/lib/plugins/pmaven-common-0.8-20100325.jar
7fb82d854000-7fb82d85a000 r--s 00022000 08:02 28056983                   /home/ivan/tools/android/android-studio/gradle/gradle-2.10/lib/plugins/gradle-maven-2.10.jar
7fb82d85a000-7fb82d87b000 r--s 001c3000 08:02 28057027                   /home/ivan/tools/android/android-studio/gradle/gradle-2.10/lib/plugins/bndlib-2.4.0.jar
7fb82d87b000-7fb82d87d000 r--s 00004000 08:02 28056982                   /home/ivan/tools/android/android-studio/gradle/gradle-2.10/lib/plugins/gradle-osgi-2.10.jar
7fb82d87d000-7fb82d87f000 r--s 00008000 08:02 28056981                   /home/ivan/tools/android/android-studio/gradle/gradle-2.10/lib/plugins/gradle-antlr-2.10.jar
7fb82d87f000-7fb82d882000 r--s 0001e000 08:02 28057055                   /home/ivan/tools/android/android-studio/gradle/gradle-2.10/lib/plugins/jsp-api-2.1-6.1.14.jar
7fb82d882000-7fb82d8a5000 r--s 00344000 08:02 28057054                   /home/ivan/tools/android/android-studio/gradle/gradle-2.10/lib/plugins/core-3.1.1.jar
7fb82d8a5000-7fb82d8a6000 r--s 00006000 08:02 28057053                   /home/ivan/tools/android/android-studio/gradle/gradle-2.10/lib/plugins/jetty-naming-6.1.25.jar
7fb82d8a6000-7fb82d8a7000 r--s 00002000 08:02 28057026                   /home/ivan/tools/android/android-studio/gradle/gradle-2.10/lib/plugins/geronimo-annotation_1.0_spec-1.0.jar
7fb82d8a7000-7fb82d8a9000 r--s 00002000 08:02 28057025                   /home/ivan/tools/android/android-studio/gradle/gradle-2.10/lib/plugins/jetty-annotations-6.1.25.jar
7fb82d8a9000-7fb82d8ba000 r--s 000ea000 08:02 28057024                   /home/ivan/tools/android/android-studio/gradle/gradle-2.10/lib/plugins/jsp-2.1-6.1.14.jar
7fb82d8ba000-7fb82d8bc000 r--s 0000d000 08:02 28057023                   /home/ivan/tools/android/android-studio/gradle/gradle-2.10/lib/plugins/jetty-plus-6.1.25.jar
7fb82d8bc000-7fb82d8be000 r--s 0001f000 08:02 28057022                   /home/ivan/tools/android/android-studio/gradle/gradle-2.10/lib/plugins/servlet-api-2.5-20081211.jar
7fb82d8be000-7fb82d8c2000 r--s 00028000 08:02 28057021                   /home/ivan/tools/android/android-studio/gradle/gradle-2.10/lib/plugins/jetty-util-6.1.25.jar
7fb82d8c2000-7fb82d8c9000 r--s 0007d000 08:02 28057020                   /home/ivan/tools/android/android-studio/gradle/gradle-2.10/lib/plugins/jetty-6.1.25.jar
7fb82d8c9000-7fb82d8cb000 r--s 00009000 08:02 28056980                   /home/ivan/tools/android/android-studio/gradle/gradle-2.10/lib/plugins/gradle-jetty-2.10.jar
7fb82d8cb000-7fb82d8d1000 r--s 00037000 08:02 28056979                   /home/ivan/tools/android/android-studio/gradle/gradle-2.10/lib/plugins/gradle-code-quality-2.10.jar
7fb82d8d1000-7fb82d8d3000 r--s 00009000 08:02 28057086                   /home/ivan/tools/android/android-studio/gradle/gradle-2.10/lib/plugins/hamcrest-core-1.3.jar
7fb82d8d3000-7fb82d8d9000 r--s 00033000 08:02 28057052                   /home/ivan/tools/android/android-studio/gradle/gradle-2.10/lib/plugins/snakeyaml-1.6.jar
7fb82d8d9000-7fb82d8db000 r--s 00006000 08:02 28057051                   /home/ivan/tools/android/android-studio/gradle/gradle-2.10/lib/plugins/jcommander-1.12.jar
7fb82d8db000-7fb82d8e0000 r--s 00040000 08:02 28057050                   /home/ivan/tools/android/android-studio/gradle/gradle-2.10/lib/plugins/bsh-2.0b4.jar
7fb82d8e0000-7fb82d8e2000 r--s 00009000 08:02 28057019                   /home/ivan/tools/android/android-studio/gradle/gradle-2.10/lib/plugins/commons-cli-1.2.jar
7fb82d8e2000-7fb82d8eb000 r--s 00089000 08:02 28057018                   /home/ivan/tools/android/android-studio/gradle/gradle-2.10/lib/plugins/testng-6.3.1.jar
7fb82d8eb000-7fb82d8f3000 r--s 00045000 08:02 28057017                   /home/ivan/tools/android/android-studio/gradle/gradle-2.10/lib/plugins/junit-4.12.jar
7fb82d8f3000-7fb82d900000 r--s 00073000 08:02 28056978                   /home/ivan/tools/android/android-studio/gradle/gradle-2.10/lib/plugins/gradle-plugins-2.10.jar
7fb82d900000-7fb82d918000 r--s 00115000 08:02 28057084                   /home/ivan/tools/android/android-studio/gradle/gradle-2.10/lib/plugins/xercesImpl-2.9.1.jar
7fb82d918000-7fb82d920000 r--s 00028000 08:02 28057085                   /home/ivan/tools/android/android-studio/gradle/gradle-2.10/lib/plugins/xml-apis-1.3.04.jar
7fb82d920000-7fb82d926000 r--s 0005b000 08:02 28057083                   /home/ivan/tools/android/android-studio/gradle/gradle-2.10/lib/plugins/jcifs-1.3.17.jar
7fb82d926000-7fb82d92c000 r--s 00031000 08:02 28057082                   /home/ivan/tools/android/android-studio/gradle/gradle-2.10/lib/plugins/httpcore-4.2.2.jar
7fb82d92c000-7fb82d932000 r--s 00033000 08:02 28057081                   /home/ivan/tools/android/android-studio/gradle/gradle-2.10/lib/plugins/commons-codec-1.6.jar
7fb82d932000-7fb82d935000 r--s 0001c000 08:02 28057038                   /home/ivan/tools/android/android-studio/gradle/gradle-2.10/lib/plugins/nekohtml-1.9.14.jar
7fb82d935000-7fb82d93e000 r--s 00060000 08:02 28057037                   /home/ivan/tools/android/android-studio/gradle/gradle-2.10/lib/plugins/httpclient-4.2.2.jar
7fb82d93e000-7fb82d940000 r--s 00009000 08:02 28057011                   /home/ivan/tools/android/android-studio/gradle/gradle-2.10/lib/plugins/gradle-resources-http-2.10.jar
7fb82d940000-7fb82d943000 r--s 00011000 08:02 28057010                   /home/ivan/tools/android/android-studio/gradle/gradle-2.10/lib/plugins/gradle-plugin-use-2.10.jar
7fb82d943000-7fb82d944000 r--s 00007000 08:02 28057080                   /home/ivan/tools/android/android-studio/gradle/gradle-2.10/lib/plugins/wagon-http-shared4-2.4.jar
7fb82d944000-7fb82d948000 r--s 00033000 08:02 28057079                   /home/ivan/tools/android/android-studio/gradle/gradle-2.10/lib/plugins/plexus-utils-2.0.6.jar
7fb82d948000-7fb82d94c000 r--s 00021000 08:02 28057078                   /home/ivan/tools/android/android-studio/gradle/gradle-2.10/lib/plugins/maven-model-builder-3.0.4.jar
7fb82d94c000-7fb82d94d000 r--s 00002000 08:02 28057076                   /home/ivan/tools/android/android-studio/gradle/gradle-2.10/lib/plugins/wagon-file-2.4.jar
7fb82d94d000-7fb82d94f000 r--s 00002000 08:02 28057075                   /home/ivan/tools/android/android-studio/gradle/gradle-2.10/lib/plugins/plexus-cipher-1.7.jar
7fb82d94f000-7fb82d952000 r--s 00013000 08:02 28057074                   /home/ivan/tools/android/android-studio/gradle/gradle-2.10/lib/plugins/aether-api-1.13.1.jar
7fb82d952000-7fb82d954000 r--s 0000a000 08:02 28057073                   /home/ivan/tools/android/android-studio/gradle/gradle-2.10/lib/plugins/maven-settings-3.0.4.jar
7fb82d954000-7fb82d956000 r--s 0000d000 08:02 28057072                   /home/ivan/tools/android/android-studio/gradle/gradle-2.10/lib/plugins/plexus-interpolation-1.14.jar
7fb82d956000-7fb82d958000 r--s 0000b000 08:02 28057071                   /home/ivan/tools/android/android-studio/gradle/gradle-2.10/lib/plugins/maven-artifact-3.0.4.jar
7fb82d958000-7fb82d95f000 r--s 0002e000 08:02 28057070                   /home/ivan/tools/android/android-studio/gradle/gradle-2.10/lib/plugins/plexus-container-default-1.5.5.jar
7fb82d95f000-7fb82d961000 r--s 0000b000 08:02 28057069                   /home/ivan/tools/android/android-studio/gradle/gradle-2.10/lib/plugins/maven-plugin-api-3.0.4.jar
7fb82d961000-7fb82d963000 r--s 00000000 08:02 28057087                   /home/ivan/tools/android/android-studio/gradle/gradle-2.10/lib/plugins/plexus-component-annotations-1.5.5.jar
7fb82d963000-7fb82d969000 r--s 0003f000 08:02 28057068                   /home/ivan/tools/android/android-studio/gradle/gradle-2.10/lib/plugins/maven-compat-3.0.4.jar
7fb82d969000-7fb82d96c000 r--s 00008000 08:02 28057067                   /home/ivan/tools/android/android-studio/gradle/gradle-2.10/lib/plugins/maven-settings-builder-3.0.4.jar
7fb82d96c000-7fb82d96e000 r--s 00026000 08:02 28057065                   /home/ivan/tools/android/android-studio/gradle/gradle-2.10/lib/plugins/maven-model-3.0.4.jar
7fb82d96e000-7fb82d970000 r--s 00006000 08:02 28057064                   /home/ivan/tools/android/android-studio/gradle/gradle-2.10/lib/plugins/aether-connector-wagon-1.13.1.jar
7fb82d970000-7fb82d972000 r--s 0000a000 08:02 28057063                   /home/ivan/tools/android/android-studio/gradle/gradle-2.10/lib/plugins/plexus-classworlds-2.4.jar
7fb82d972000-7fb82d974000 r--s 00006000 08:02 28057062                   /home/ivan/tools/android/android-studio/gradle/gradle-2.10/lib/plugins/maven-repository-metadata-3.0.4.jar
7fb82d974000-7fb82d976000 r--s 0000c000 08:02 28057061                   /home/ivan/tools/android/android-studio/gradle/gradle-2.10/lib/plugins/maven-aether-provider-3.0.4.jar
7fb82d976000-7fb82d978000 r--s 0000b000 08:02 28057060                   /home/ivan/tools/android/android-studio/gradle/gradle-2.10/lib/plugins/wagon-provider-api-2.4.jar
7fb82d978000-7fb82d97c000 r--s 0001c000 08:02 28057058                   /home/ivan/tools/android/android-studio/gradle/gradle-2.10/lib/plugins/aether-util-1.13.1.jar
7fb82d97c000-7fb82d97f000 r--s 0001d000 08:02 28057057                   /home/ivan/tools/android/android-studio/gradle/gradle-2.10/lib/plugins/aether-impl-1.13.1.jar
7fb82d97f000-7fb82d984000 r--s 00040000 08:02 28057039                   /home/ivan/tools/android/android-studio/gradle/gradle-2.10/lib/plugins/jsch-0.1.53.jar
7fb82d984000-7fb82d9c4000 r--s 00277000 08:02 28057049                   /home/ivan/tools/android/android-studio/gradle/gradle-2.10/lib/plugins/bcprov-jdk15on-1.51.jar
7fb82d9c4000-7fb82d9c8000 r--s 0001d000 08:02 28057048                   /home/ivan/tools/android/android-studio/gradle/gradle-2.10/lib/plugins/xbean-reflect-3.4.jar
7fb82d9c8000-7fb82d9d4000 r--s 0007d000 08:02 28057028                   /home/ivan/tools/android/android-studio/gradle/gradle-2.10/lib/plugins/maven-core-3.0.4.jar
7fb82d9d4000-7fb82d9e3000 r--s 000d9000 08:02 28057047                   /home/ivan/tools/android/android-studio/gradle/gradle-2.10/lib/plugins/ivy-2.2.0.jar
7fb82d9e3000-7fb82d9e7000 r-xp 00000000 08:02 27396148                   /home/ivan/.gradle/native/19/linux-amd64/libnative-platform.so
7fb82d9e7000-7fb82dbe6000 ---p 00004000 08:02 27396148                   /home/ivan/.gradle/native/19/linux-amd64/libnative-platform.so
7fb82dbe6000-7fb82dbe7000 rw-p 00003000 08:02 27396148                   /home/ivan/.gradle/native/19/linux-amd64/libnative-platform.so
7fb82dbe7000-7fb82dbf7000 r-xp 00000000 08:02 2629192                    /usr/lib/jvm/java-7-openjdk-amd64/jre/lib/amd64/libnio.so
7fb82dbf7000-7fb82ddf7000 ---p 00010000 08:02 2629192                    /usr/lib/jvm/java-7-openjdk-amd64/jre/lib/amd64/libnio.so
7fb82ddf7000-7fb82ddf8000 r--p 00010000 08:02 2629192                    /usr/lib/jvm/java-7-openjdk-amd64/jre/lib/amd64/libnio.so
7fb82ddf8000-7fb82ddf9000 rw-p 00011000 08:02 2629192                    /usr/lib/jvm/java-7-openjdk-amd64/jre/lib/amd64/libnio.so
7fb82ddf9000-7fb82de2a000 rw-p 00000000 00:00 0 
7fb82de2a000-7fb82de67000 r-xp 00000000 08:02 13490                      /lib/x86_64-linux-gnu/libpcre.so.3.13.1
7fb82de67000-7fb82e066000 ---p 0003d000 08:02 13490                      /lib/x86_64-linux-gnu/libpcre.so.3.13.1
7fb82e066000-7fb82e067000 r--p 0003c000 08:02 13490                      /lib/x86_64-linux-gnu/libpcre.so.3.13.1
7fb82e067000-7fb82e068000 rw-p 0003d000 08:02 13490                      /lib/x86_64-linux-gnu/libpcre.so.3.13.1
7fb82e068000-7fb82e06f000 r-xp 00000000 08:02 21389                      /usr/lib/x86_64-linux-gnu/libffi.so.6.0.1
7fb82e06f000-7fb82e26e000 ---p 00007000 08:02 21389                      /usr/lib/x86_64-linux-gnu/libffi.so.6.0.1
7fb82e26e000-7fb82e26f000 r--p 00006000 08:02 21389                      /usr/lib/x86_64-linux-gnu/libffi.so.6.0.1
7fb82e26f000-7fb82e270000 rw-p 00007000 08:02 21389                      /usr/lib/x86_64-linux-gnu/libffi.so.6.0.1
7fb82e270000-7fb82e287000 r-xp 00000000 08:02 3147                       /lib/x86_64-linux-gnu/libresolv-2.19.so
7fb82e287000-7fb82e487000 ---p 00017000 08:02 3147                       /lib/x86_64-linux-gnu/libresolv-2.19.so
7fb82e487000-7fb82e488000 r--p 00017000 08:02 3147                       /lib/x86_64-linux-gnu/libresolv-2.19.so
7fb82e488000-7fb82e489000 rw-p 00018000 08:02 3147                       /lib/x86_64-linux-gnu/libresolv-2.19.so
7fb82e489000-7fb82e48b000 rw-p 00000000 00:00 0 
7fb82e48b000-7fb82e4ab000 r-xp 00000000 08:02 13524                      /lib/x86_64-linux-gnu/libselinux.so.1
7fb82e4ab000-7fb82e6aa000 ---p 00020000 08:02 13524                      /lib/x86_64-linux-gnu/libselinux.so.1
7fb82e6aa000-7fb82e6ab000 r--p 0001f000 08:02 13524                      /lib/x86_64-linux-gnu/libselinux.so.1
7fb82e6ab000-7fb82e6ac000 rw-p 00020000 08:02 13524                      /lib/x86_64-linux-gnu/libselinux.so.1
7fb82e6ac000-7fb82e6ae000 rw-p 00000000 00:00 0 
7fb82e6ae000-7fb82e6b1000 r-xp 00000000 08:02 28550                      /usr/lib/x86_64-linux-gnu/libgmodule-2.0.so.0.4002.0
7fb82e6b1000-7fb82e8b0000 ---p 00003000 08:02 28550                      /usr/lib/x86_64-linux-gnu/libgmodule-2.0.so.0.4002.0
7fb82e8b0000-7fb82e8b1000 r--p 00002000 08:02 28550                      /usr/lib/x86_64-linux-gnu/libgmodule-2.0.so.0.4002.0
7fb82e8b1000-7fb82e8b2000 rw-p 00003000 08:02 28550                      /usr/lib/x86_64-linux-gnu/libgmodule-2.0.so.0.4002.0
7fb82e8b2000-7fb82e9b8000 r-xp 00000000 08:02 13425                      /lib/x86_64-linux-gnu/libglib-2.0.so.0.4002.0
7fb82e9b8000-7fb82ebb7000 ---p 00106000 08:02 13425                      /lib/x86_64-linux-gnu/libglib-2.0.so.0.4002.0
7fb82ebb7000-7fb82ebb8000 r--p 00105000 08:02 13425                      /lib/x86_64-linux-gnu/libglib-2.0.so.0.4002.0
7fb82ebb8000-7fb82ebb9000 rw-p 00106000 08:02 13425                      /lib/x86_64-linux-gnu/libglib-2.0.so.0.4002.0
7fb82ebb9000-7fb82ebba000 rw-p 00000000 00:00 0 
7fb82ebba000-7fb82ec09000 r-xp 00000000 08:02 28566                      /usr/lib/x86_64-linux-gnu/libgobject-2.0.so.0.4002.0
7fb82ec09000-7fb82ee09000 ---p 0004f000 08:02 28566                      /usr/lib/x86_64-linux-gnu/libgobject-2.0.so.0.4002.0
7fb82ee09000-7fb82ee0a000 r--p 0004f000 08:02 28566                      /usr/lib/x86_64-linux-gnu/libgobject-2.0.so.0.4002.0
7fb82ee0a000-7fb82ee0b000 rw-p 00050000 08:02 28566                      /usr/lib/x86_64-linux-gnu/libgobject-2.0.so.0.4002.0
7fb82ee0b000-7fb82ef77000 r-xp 00000000 08:02 28538                      /usr/lib/x86_64-linux-gnu/libgio-2.0.so.0.4002.0
7fb82ef77000-7fb82f176000 ---p 0016c000 08:02 28538                      /usr/lib/x86_64-linux-gnu/libgio-2.0.so.0.4002.0
7fb82f176000-7fb82f17a000 r--p 0016b000 08:02 28538                      /usr/lib/x86_64-linux-gnu/libgio-2.0.so.0.4002.0
7fb82f17a000-7fb82f17c000 rw-p 0016f000 08:02 28538                      /usr/lib/x86_64-linux-gnu/libgio-2.0.so.0.4002.0
7fb82f17c000-7fb82f17e000 rw-p 00000000 00:00 0 
7fb82f17e000-7fb82f17f000 r--s 00002000 08:02 28057066                   /home/ivan/tools/android/android-studio/gradle/gradle-2.10/lib/plugins/wagon-http-2.4.jar
7fb82f17f000-7fb82f180000 r--s 00003000 08:02 28057059                   /home/ivan/tools/android/android-studio/gradle/gradle-2.10/lib/plugins/aether-spi-1.13.1.jar
7fb82f180000-7fb82f181000 r--s 00006000 08:02 28057056                   /home/ivan/tools/android/android-studio/gradle/gradle-2.10/lib/plugins/plexus-sec-dispatcher-1.3.jar
7fb82f181000-7fb82f186000 r--s 0002a000 08:02 28057034                   /home/ivan/tools/android/android-studio/gradle/gradle-2.10/lib/plugins/gson-2.2.4.jar
7fb82f186000-7fb82f1a2000 r--s 000c9000 08:02 28057015                   /home/ivan/tools/android/android-studio/gradle/gradle-2.10/lib/plugins/gradle-dependency-management-2.10.jar
7fb82f1a2000-7fb82f1b9000 r-xp 00000000 08:02 2629171                    /usr/lib/jvm/java-7-openjdk-amd64/jre/lib/amd64/libnet.so
7fb82f1b9000-7fb82f3b8000 ---p 00017000 08:02 2629171                    /usr/lib/jvm/java-7-openjdk-amd64/jre/lib/amd64/libnet.so
7fb82f3b8000-7fb82f3b9000 r--p 00016000 08:02 2629171                    /usr/lib/jvm/java-7-openjdk-amd64/jre/lib/amd64/libnet.so
7fb82f3b9000-7fb82f3ba000 rw-p 00017000 08:02 2629171                    /usr/lib/jvm/java-7-openjdk-amd64/jre/lib/amd64/libnet.so
7fb82f3ba000-7fb82f3bb000 r--s 00006000 08:02 28056928                   /home/ivan/tools/android/android-studio/gradle/gradle-2.10/lib/gradle-wrapper-2.10.jar
7fb82f3bb000-7fb82f3c6000 r--s 0003b000 08:02 28056933                   /home/ivan/tools/android/android-studio/gradle/gradle-2.10/lib/gradle-tooling-api-2.10.jar
7fb82f3c6000-7fb82f3c8000 r--s 00002000 08:02 28056956                   /home/ivan/tools/android/android-studio/gradle/gradle-2.10/lib/gradle-open-api-2.10.jar
7fb82f3c8000-7fb82f3ce000 r--s 00032000 08:02 28056958                   /home/ivan/tools/android/android-studio/gradle/gradle-2.10/lib/jaxen-1.1.jar
7fb82f3ce000-7fb82f3d3000 r--s 00048000 08:02 28056957                   /home/ivan/tools/android/android-studio/gradle/gradle-2.10/lib/dom4j-1.6.1.jar
7fb82f3d3000-7fb82f3de000 r--s 00059000 08:02 28056932                   /home/ivan/tools/android/android-studio/gradle/gradle-2.10/lib/gradle-ui-2.10.jar
7fb82f3de000-7fb82f3e1000 r--s 00008000 08:02 28056952                   /home/ivan/tools/android/android-studio/gradle/gradle-2.10/lib/gradle-resources-2.10.jar
7fb82f3e1000-7fb82f3e3000 r--s 00007000 08:02 28056975                   /home/ivan/tools/android/android-studio/gradle/gradle-2.10/lib/objenesis-1.2.jar
7fb82f3e3000-7fb82f3e5000 r--s 00000000 08:02 28056973                   /home/ivan/tools/android/android-studio/gradle/gradle-2.10/lib/minlog-1.2.jar
7fb82f3e5000-7fb82f3e7000 r--s 0000f000 08:02 28056972                   /home/ivan/tools/android/android-studio/gradle/gradle-2.10/lib/reflectasm-1.07-shaded.jar
7fb82f3e7000-7fb82f3eb000 r--s 00026000 08:02 28056963                   /home/ivan/tools/android/android-studio/gradle/gradle-2.10/lib/kryo-2.20.jar
7fb82f3eb000-7fb82f3f4000 r--s 0003f000 08:02 28056951                   /home/ivan/tools/android/android-studio/gradle/gradle-2.10/lib/gradle-messaging-2.10.jar
7fb82f3f4000-7fb82f3f5000 r--s 00003000 08:02 28056971                   /home/ivan/tools/android/android-studio/gradle/gradle-2.10/lib/native-platform-freebsd-amd64-0.10.jar
7fb82f3f5000-7fb82f3f6000 r--s 00003000 08:02 28056970                   /home/ivan/tools/android/android-studio/gradle/gradle-2.10/lib/native-platform-freebsd-i386-0.10.jar
7fb82f3f6000-7fb82f3f7000 r--s 00005000 08:02 28056969                   /home/ivan/tools/android/android-studio/gradle/gradle-2.10/lib/native-platform-windows-i386-0.10.jar
7fb82f3f7000-7fb82f3f8000 r--s 00005000 08:02 28056968                   /home/ivan/tools/android/android-studio/gradle/gradle-2.10/lib/native-platform-windows-amd64-0.10.jar
7fb82f3f8000-7fb82f3f9000 r--s 00003000 08:02 28056967                   /home/ivan/tools/android/android-studio/gradle/gradle-2.10/lib/native-platform-linux-i386-0.10.jar
7fb82f3f9000-7fb82f3fa000 r--s 00003000 08:02 28056966                   /home/ivan/tools/android/android-studio/gradle/gradle-2.10/lib/native-platform-linux-amd64-0.10.jar
7fb82f3fa000-7fb82f3fb000 r--s 00002000 08:02 28056965                   /home/ivan/tools/android/android-studio/gradle/gradle-2.10/lib/native-platform-osx-amd64-0.10.jar
7fb82f3fb000-7fb82f3fc000 r--s 00002000 08:02 28056964                   /home/ivan/tools/android/android-studio/gradle/gradle-2.10/lib/native-platform-osx-i386-0.10.jar
7fb82f3fc000-7fb82f3fe000 r--s 00008000 08:02 28056961                   /home/ivan/tools/android/android-studio/gradle/gradle-2.10/lib/jansi-1.2.1.jar
7fb82f3fe000-7fb82f401000 r--s 0000d000 08:02 28056960                   /home/ivan/tools/android/android-studio/gradle/gradle-2.10/lib/native-platform-0.10.jar
7fb82f401000-7fb82f405000 r--s 000e4000 08:02 28056959                   /home/ivan/tools/android/android-studio/gradle/gradle-2.10/lib/jna-3.2.7.jar
7fb82f405000-7fb82f407000 r--s 00008000 08:02 28056934                   /home/ivan/tools/android/android-studio/gradle/gradle-2.10/lib/gradle-native-2.10.jar
7fb82f407000-7fb82f409000 r--s 00005000 08:02 28056931                   /home/ivan/tools/android/android-studio/gradle/gradle-2.10/lib/gradle-cli-2.10.jar
7fb82f409000-7fb82f40a000 r--s 00007000 08:02 28056940                   /home/ivan/tools/android/android-studio/gradle/gradle-2.10/lib/gradle-model-groovy-2.10.jar
7fb82f40a000-7fb82f40c000 r--s 00005000 08:02 28056950                   /home/ivan/tools/android/android-studio/gradle/gradle-2.10/lib/gradle-base-services-groovy-2.10.jar
7fb82f40c000-7fb82f419000 r--s 00073000 08:02 28056939                   /home/ivan/tools/android/android-studio/gradle/gradle-2.10/lib/gradle-model-core-2.10.jar
7fb82f419000-7fb82f41a000 r--s 00000000 08:02 28056953                   /home/ivan/tools/android/android-studio/gradle/gradle-2.10/lib/gradle-docs-2.10.jar
7fb82f41a000-7fb82f41c000 r--s 00003000 08:02 28056955                   /home/ivan/tools/android/android-studio/gradle/gradle-2.10/lib/jcl-over-slf4j-1.7.10.jar
7fb82f41c000-7fb82f41d000 r--s 00005000 08:02 28056954                   /home/ivan/tools/android/android-studio/gradle/gradle-2.10/lib/log4j-over-slf4j-1.7.10.jar
7fb82f41d000-7fb82f420000 r--s 0001b000 08:02 28056948                   /home/ivan/tools/android/android-studio/gradle/gradle-2.10/lib/jarjar-1.3.jar
7fb82f420000-7fb82f422000 r--s 00000000 08:02 28056946                   /home/ivan/tools/android/android-studio/gradle/gradle-2.10/lib/jul-to-slf4j-1.7.10.jar
7fb82f422000-7fb82f426000 r--s 00027000 08:02 28056944                   /home/ivan/tools/android/android-studio/gradle/gradle-2.10/lib/commons-io-2.2.jar
7fb82f426000-7fb82f434000 r--s 0007f000 08:02 28056943                   /home/ivan/tools/android/android-studio/gradle/gradle-2.10/lib/commons-collections-3.2.1.jar
7fb82f434000-7fb82f4a3000 r--s 0063e000 08:02 28056938                   /home/ivan/tools/android/android-studio/gradle/gradle-2.10/lib/groovy-all-2.4.4.jar
7fb82f4a3000-7fb82f4cb000 r--s 001cf000 08:02 28056936                   /home/ivan/tools/android/android-studio/gradle/gradle-2.10/lib/guava-jdk5-17.0.jar
7fb82f4cb000-7fb82f4ea000 r--s 001cc000 08:02 28056942                   /home/ivan/tools/android/android-studio/gradle/gradle-2.10/lib/ant-1.9.3.jar
7fb82f4ea000-7fb82f4eb000 ---p 00000000 00:00 0 
7fb82f4eb000-7fb82f5eb000 rw-p 00000000 00:00 0                          [stack:16814]
7fb82f5eb000-7fb82f5ee000 ---p 00000000 00:00 0 
7fb82f5ee000-7fb82f6ec000 rw-p 00000000 00:00 0                          [stack:16813]
7fb82f6ec000-7fb82f6ef000 ---p 00000000 00:00 0 
7fb82f6ef000-7fb82f7ed000 rw-p 00000000 00:00 0                          [stack:16812]
7fb82f7ed000-7fb830000000 r--p 00000000 08:02 27195                      /usr/lib/locale/locale-archive
7fb830000000-7fb830021000 rw-p 00000000 00:00 0 
7fb830021000-7fb834000000 ---p 00000000 00:00 0 
7fb834000000-7fb834021000 rw-p 00000000 00:00 0 
7fb834021000-7fb838000000 ---p 00000000 00:00 0 
7fb838000000-7fb838041000 rw-p 00000000 00:00 0 
7fb838041000-7fb83c000000 ---p 00000000 00:00 0 
7fb83c000000-7fb83c092000 rw-p 00000000 00:00 0 
7fb83c092000-7fb840000000 ---p 00000000 00:00 0 
7fb840000000-7fb840024000 rw-p 00000000 00:00 0 
7fb840024000-7fb844000000 ---p 00000000 00:00 0 
7fb844000000-7fb84404f000 rw-p 00000000 00:00 0 
7fb84404f000-7fb848000000 ---p 00000000 00:00 0 
7fb848000000-7fb84802c000 rw-p 00000000 00:00 0 
7fb84802c000-7fb84c000000 ---p 00000000 00:00 0 
7fb84c000000-7fb84c001000 r--s 00000000 08:02 28056949                   /home/ivan/tools/android/android-studio/gradle/gradle-2.10/lib/javax.inject-1.jar
7fb84c001000-7fb84c006000 r--s 00036000 08:02 28056941                   /home/ivan/tools/android/android-studio/gradle/gradle-2.10/lib/asm-all-5.0.3.jar
7fb84c006000-7fb84c00b000 r--s 00041000 08:02 28056937                   /home/ivan/tools/android/android-studio/gradle/gradle-2.10/lib/commons-lang-2.6.jar
7fb84c00b000-7fb84c012000 r--s 00034000 08:02 28056929                   /home/ivan/tools/android/android-studio/gradle/gradle-2.10/lib/gradle-base-services-2.10.jar
7fb84c012000-7fb84c049000 r--s 001bc000 08:02 28056930                   /home/ivan/tools/android/android-studio/gradle/gradle-2.10/lib/gradle-core-2.10.jar
7fb84c049000-7fb84c04c000 ---p 00000000 00:00 0 
7fb84c04c000-7fb84c14a000 rw-p 00000000 00:00 0                          [stack:16811]
7fb84c14a000-7fb84c14d000 ---p 00000000 00:00 0 
7fb84c14d000-7fb84c24b000 rw-p 00000000 00:00 0                          [stack:16810]
7fb84c24b000-7fb84c24e000 ---p 00000000 00:00 0 
7fb84c24e000-7fb84c34c000 rw-p 00000000 00:00 0                          [stack:16809]
7fb84c34c000-7fb84c34f000 ---p 00000000 00:00 0 
7fb84c34f000-7fb84c44d000 rw-p 00000000 00:00 0                          [stack:16808]
7fb84c44d000-7fb84c44e000 ---p 00000000 00:00 0 
7fb84c44e000-7fb84d502000 rw-p 00000000 00:00 0                          [stack:16807]
7fb84d502000-7fb84d6b3000 r--s 01d30000 08:02 2629205                    /usr/lib/jvm/java-7-openjdk-amd64/jre/lib/rt.jar
7fb84d6b3000-7fb850204000 rw-p 00000000 00:00 0 
7fb850204000-7fb850205000 ---p 00000000 00:00 0 
7fb850205000-7fb850305000 rw-p 00000000 00:00 0                          [stack:16806]
7fb850305000-7fb850306000 ---p 00000000 00:00 0 
7fb850306000-7fb850406000 rw-p 00000000 00:00 0                          [stack:16805]
7fb850406000-7fb850407000 ---p 00000000 00:00 0 
7fb850407000-7fb850507000 rw-p 00000000 00:00 0                          [stack:16804]
7fb850507000-7fb850508000 ---p 00000000 00:00 0 
7fb850508000-7fb85065e000 rw-p 00000000 00:00 0                          [stack:16802]
7fb85065e000-7fb85075e000 rw-p 00000000 00:00 0 
7fb85075e000-7fb850795000 rw-p 00000000 00:00 0 
7fb850795000-7fb8507de000 rw-p 00000000 00:00 0 
7fb8507de000-7fb850834000 rw-p 00000000 00:00 0 
7fb850834000-7fb850933000 rw-p 00000000 00:00 0 
7fb850933000-7fb8509de000 rw-p 00000000 00:00 0 
7fb8509de000-7fb8509df000 rw-p 00000000 00:00 0 
7fb8509df000-7fb85121f000 rwxp 00000000 00:00 0 
7fb85121f000-7fb8539df000 rw-p 00000000 00:00 0 
7fb8539df000-7fb8539e7000 r-xp 00000000 08:02 2629176                    /usr/lib/jvm/java-7-openjdk-amd64/jre/lib/amd64/libzip.so
7fb8539e7000-7fb853be6000 ---p 00008000 08:02 2629176                    /usr/lib/jvm/java-7-openjdk-amd64/jre/lib/amd64/libzip.so
7fb853be6000-7fb853be7000 r--p 00007000 08:02 2629176                    /usr/lib/jvm/java-7-openjdk-amd64/jre/lib/amd64/libzip.so
7fb853be7000-7fb853be8000 rw-p 00008000 08:02 2629176                    /usr/lib/jvm/java-7-openjdk-amd64/jre/lib/amd64/libzip.so
7fb853be8000-7fb853bf3000 r-xp 00000000 08:02 3187                       /lib/x86_64-linux-gnu/libnss_files-2.19.so
7fb853bf3000-7fb853df2000 ---p 0000b000 08:02 3187                       /lib/x86_64-linux-gnu/libnss_files-2.19.so
7fb853df2000-7fb853df3000 r--p 0000a000 08:02 3187                       /lib/x86_64-linux-gnu/libnss_files-2.19.so
7fb853df3000-7fb853df4000 rw-p 0000b000 08:02 3187                       /lib/x86_64-linux-gnu/libnss_files-2.19.so
7fb853df4000-7fb853dff000 r-xp 00000000 08:02 3171                       /lib/x86_64-linux-gnu/libnss_nis-2.19.so
7fb853dff000-7fb853ffe000 ---p 0000b000 08:02 3171                       /lib/x86_64-linux-gnu/libnss_nis-2.19.so
7fb853ffe000-7fb853fff000 r--p 0000a000 08:02 3171                       /lib/x86_64-linux-gnu/libnss_nis-2.19.so
7fb853fff000-7fb854000000 rw-p 0000b000 08:02 3171                       /lib/x86_64-linux-gnu/libnss_nis-2.19.so
7fb854000000-7fb854b0f000 rw-p 00000000 00:00 0 
7fb854b0f000-7fb858000000 ---p 00000000 00:00 0 
7fb858000000-7fb858001000 r--s 00000000 08:02 28056945                   /home/ivan/tools/android/android-studio/gradle/gradle-2.10/lib/jcip-annotations-1.0.jar
7fb858001000-7fb858002000 r--s 00007000 08:02 28056935                   /home/ivan/tools/android/android-studio/gradle/gradle-2.10/lib/slf4j-api-1.7.10.jar
7fb858002000-7fb858003000 r--s 00004000 08:02 28056962                   /home/ivan/tools/android/android-studio/gradle/gradle-2.10/lib/ant-launcher-1.9.3.jar
7fb858003000-7fb85800d000 r--s 0004a000 08:02 28056927                   /home/ivan/tools/android/android-studio/gradle/gradle-2.10/lib/gradle-launcher-2.10.jar
7fb85800d000-7fb8580b5000 rw-p 00000000 00:00 0 
7fb8580b5000-7fb8580fe000 rw-p 00000000 00:00 0 
7fb8580fe000-7fb858115000 r-xp 00000000 08:02 3163                       /lib/x86_64-linux-gnu/libnsl-2.19.so
7fb858115000-7fb858314000 ---p 00017000 08:02 3163                       /lib/x86_64-linux-gnu/libnsl-2.19.so
7fb858314000-7fb858315000 r--p 00016000 08:02 3163                       /lib/x86_64-linux-gnu/libnsl-2.19.so
7fb858315000-7fb858316000 rw-p 00017000 08:02 3163                       /lib/x86_64-linux-gnu/libnsl-2.19.so
7fb858316000-7fb858318000 rw-p 00000000 00:00 0 
7fb858318000-7fb858321000 r-xp 00000000 08:02 3161                       /lib/x86_64-linux-gnu/libnss_compat-2.19.so
7fb858321000-7fb858520000 ---p 00009000 08:02 3161                       /lib/x86_64-linux-gnu/libnss_compat-2.19.so
7fb858520000-7fb858521000 r--p 00008000 08:02 3161                       /lib/x86_64-linux-gnu/libnss_compat-2.19.so
7fb858521000-7fb858522000 rw-p 00009000 08:02 3161                       /lib/x86_64-linux-gnu/libnss_compat-2.19.so
7fb858522000-7fb85854d000 r-xp 00000000 08:02 2629162                    /usr/lib/jvm/java-7-openjdk-amd64/jre/lib/amd64/libjava.so
7fb85854d000-7fb85874d000 ---p 0002b000 08:02 2629162                    /usr/lib/jvm/java-7-openjdk-amd64/jre/lib/amd64/libjava.so
7fb85874d000-7fb85874e000 r--p 0002b000 08:02 2629162                    /usr/lib/jvm/java-7-openjdk-amd64/jre/lib/amd64/libjava.so
7fb85874e000-7fb858750000 rw-p 0002c000 08:02 2629162                    /usr/lib/jvm/java-7-openjdk-amd64/jre/lib/amd64/libjava.so
7fb858750000-7fb858760000 r-xp 00000000 08:02 2629163                    /usr/lib/jvm/java-7-openjdk-amd64/jre/lib/amd64/libverify.so
7fb858760000-7fb85895f000 ---p 00010000 08:02 2629163                    /usr/lib/jvm/java-7-openjdk-amd64/jre/lib/amd64/libverify.so
7fb85895f000-7fb858961000 r--p 0000f000 08:02 2629163                    /usr/lib/jvm/java-7-openjdk-amd64/jre/lib/amd64/libverify.so
7fb858961000-7fb858962000 rw-p 00011000 08:02 2629163                    /usr/lib/jvm/java-7-openjdk-amd64/jre/lib/amd64/libverify.so
7fb858962000-7fb858969000 r-xp 00000000 08:02 3179                       /lib/x86_64-linux-gnu/librt-2.19.so
7fb858969000-7fb858b68000 ---p 00007000 08:02 3179                       /lib/x86_64-linux-gnu/librt-2.19.so
7fb858b68000-7fb858b69000 r--p 00006000 08:02 3179                       /lib/x86_64-linux-gnu/librt-2.19.so
7fb858b69000-7fb858b6a000 rw-p 00007000 08:02 3179                       /lib/x86_64-linux-gnu/librt-2.19.so
7fb858b6a000-7fb858b80000 r-xp 00000000 08:02 3455                       /lib/x86_64-linux-gnu/libgcc_s.so.1
7fb858b80000-7fb858d7f000 ---p 00016000 08:02 3455                       /lib/x86_64-linux-gnu/libgcc_s.so.1
7fb858d7f000-7fb858d80000 r--p 00015000 08:02 3455                       /lib/x86_64-linux-gnu/libgcc_s.so.1
7fb858d80000-7fb858d81000 rw-p 00016000 08:02 3455                       /lib/x86_64-linux-gnu/libgcc_s.so.1
7fb858d81000-7fb858e86000 r-xp 00000000 08:02 3151                       /lib/x86_64-linux-gnu/libm-2.19.so
7fb858e86000-7fb859085000 ---p 00105000 08:02 3151                       /lib/x86_64-linux-gnu/libm-2.19.so
7fb859085000-7fb859086000 r--p 00104000 08:02 3151                       /lib/x86_64-linux-gnu/libm-2.19.so
7fb859086000-7fb859087000 rw-p 00105000 08:02 3151                       /lib/x86_64-linux-gnu/libm-2.19.so
7fb859087000-7fb859174000 r-xp 00000000 08:02 9486                       /usr/lib/x86_64-linux-gnu/libstdc++.so.6.0.20
7fb859174000-7fb859374000 ---p 000ed000 08:02 9486                       /usr/lib/x86_64-linux-gnu/libstdc++.so.6.0.20
7fb859374000-7fb85937c000 r--p 000ed000 08:02 9486                       /usr/lib/x86_64-linux-gnu/libstdc++.so.6.0.20
7fb85937c000-7fb85937e000 rw-p 000f5000 08:02 9486                       /usr/lib/x86_64-linux-gnu/libstdc++.so.6.0.20
7fb85937e000-7fb859393000 rw-p 00000000 00:00 0 
7fb859393000-7fb859eb7000 r-xp 00000000 08:02 2629174                    /usr/lib/jvm/java-7-openjdk-amd64/jre/lib/amd64/server/libjvm.so
7fb859eb7000-7fb85a0b7000 ---p 00b24000 08:02 2629174                    /usr/lib/jvm/java-7-openjdk-amd64/jre/lib/amd64/server/libjvm.so
7fb85a0b7000-7fb85a151000 r--p 00b24000 08:02 2629174                    /usr/lib/jvm/java-7-openjdk-amd64/jre/lib/amd64/server/libjvm.so
7fb85a151000-7fb85a174000 rw-p 00bbe000 08:02 2629174                    /usr/lib/jvm/java-7-openjdk-amd64/jre/lib/amd64/server/libjvm.so
7fb85a174000-7fb85a1a2000 rw-p 00000000 00:00 0 
7fb85a1a2000-7fb85a1ba000 r-xp 00000000 08:02 13550                      /lib/x86_64-linux-gnu/libz.so.1.2.8
7fb85a1ba000-7fb85a3b9000 ---p 00018000 08:02 13550                      /lib/x86_64-linux-gnu/libz.so.1.2.8
7fb85a3b9000-7fb85a3ba000 r--p 00017000 08:02 13550                      /lib/x86_64-linux-gnu/libz.so.1.2.8
7fb85a3ba000-7fb85a3bb000 rw-p 00018000 08:02 13550                      /lib/x86_64-linux-gnu/libz.so.1.2.8
7fb85a3bb000-7fb85a3d4000 r-xp 00000000 08:02 3165                       /lib/x86_64-linux-gnu/libpthread-2.19.so
7fb85a3d4000-7fb85a5d3000 ---p 00019000 08:02 3165                       /lib/x86_64-linux-gnu/libpthread-2.19.so
7fb85a5d3000-7fb85a5d4000 r--p 00018000 08:02 3165                       /lib/x86_64-linux-gnu/libpthread-2.19.so
7fb85a5d4000-7fb85a5d5000 rw-p 00019000 08:02 3165                       /lib/x86_64-linux-gnu/libpthread-2.19.so
7fb85a5d5000-7fb85a5d9000 rw-p 00000000 00:00 0 
7fb85a5d9000-7fb85a5dc000 r-xp 00000000 08:02 3155                       /lib/x86_64-linux-gnu/libdl-2.19.so
7fb85a5dc000-7fb85a7db000 ---p 00003000 08:02 3155                       /lib/x86_64-linux-gnu/libdl-2.19.so
7fb85a7db000-7fb85a7dc000 r--p 00002000 08:02 3155                       /lib/x86_64-linux-gnu/libdl-2.19.so
7fb85a7dc000-7fb85a7dd000 rw-p 00003000 08:02 3155                       /lib/x86_64-linux-gnu/libdl-2.19.so
7fb85a7dd000-7fb85a998000 r-xp 00000000 08:02 3181                       /lib/x86_64-linux-gnu/libc-2.19.so
7fb85a998000-7fb85ab97000 ---p 001bb000 08:02 3181                       /lib/x86_64-linux-gnu/libc-2.19.so
7fb85ab97000-7fb85ab9b000 r--p 001ba000 08:02 3181                       /lib/x86_64-linux-gnu/libc-2.19.so
7fb85ab9b000-7fb85ab9d000 rw-p 001be000 08:02 3181                       /lib/x86_64-linux-gnu/libc-2.19.so
7fb85ab9d000-7fb85aba2000 rw-p 00000000 00:00 0 
7fb85aba2000-7fb85abaf000 r-xp 00000000 08:02 2629189                    /usr/lib/jvm/java-7-openjdk-amd64/jre/lib/amd64/jli/libjli.so
7fb85abaf000-7fb85adae000 ---p 0000d000 08:02 2629189                    /usr/lib/jvm/java-7-openjdk-amd64/jre/lib/amd64/jli/libjli.so
7fb85adae000-7fb85adaf000 r--p 0000c000 08:02 2629189                    /usr/lib/jvm/java-7-openjdk-amd64/jre/lib/amd64/jli/libjli.so
7fb85adaf000-7fb85adb0000 rw-p 0000d000 08:02 2629189                    /usr/lib/jvm/java-7-openjdk-amd64/jre/lib/amd64/jli/libjli.so
7fb85adb0000-7fb85add3000 r-xp 00000000 08:02 3167                       /lib/x86_64-linux-gnu/ld-2.19.so
7fb85add3000-7fb85add7000 r--s 00034000 08:02 2629217                    /usr/lib/jvm/java-7-openjdk-amd64/jre/lib/ext/sunjce_provider.jar
7fb85add7000-7fb85add9000 r--s 00012000 08:02 2629216                    /usr/lib/jvm/java-7-openjdk-amd64/jre/lib/ext/zipfs.jar
7fb85add9000-7fb85addc000 r--s 0000f000 08:02 2629218                    /usr/lib/jvm/java-7-openjdk-amd64/jre/lib/ext/icedtea-sound.jar
7fb85addc000-7fb85ade0000 r--s 0003c000 08:02 2629220                    /usr/lib/jvm/java-7-openjdk-amd64/jre/lib/ext/sunpkcs11.jar
7fb85ade0000-7fb85ade2000 r--s 00006000 08:02 5674                       /usr/share/java/java-atk-wrapper.jar
7fb85ade2000-7fb85ade6000 r--s 00085000 08:02 2629219                    /usr/lib/jvm/java-7-openjdk-amd64/jre/lib/ext/localedata.jar
7fb85ade6000-7fb85ae07000 rw-p 00000000 00:00 0 
7fb85ae07000-7fb85aea6000 rw-p 00000000 00:00 0 
7fb85aea6000-7fb85aea9000 ---p 00000000 00:00 0 
7fb85aea9000-7fb85afac000 rw-p 00000000 00:00 0                          [stack:16800]
7fb85afac000-7fb85afad000 r--s 00002000 08:02 2629215                    /usr/lib/jvm/java-7-openjdk-amd64/jre/lib/ext/dnsns.jar
7fb85afad000-7fb85afc6000 rw-p 00000000 00:00 0 
7fb85afc6000-7fb85afce000 rw-s 00000000 08:02 1313437                    /tmp/hsperfdata_ivan/16799
7fb85afce000-7fb85afcf000 rw-p 00000000 00:00 0 
7fb85afcf000-7fb85afd0000 r--p 00000000 00:00 0 
7fb85afd0000-7fb85afd2000 rw-p 00000000 00:00 0 
7fb85afd2000-7fb85afd3000 r--p 00022000 08:02 3167                       /lib/x86_64-linux-gnu/ld-2.19.so
7fb85afd3000-7fb85afd4000 rw-p 00023000 08:02 3167                       /lib/x86_64-linux-gnu/ld-2.19.so
7fb85afd4000-7fb85afd5000 rw-p 00000000 00:00 0 
7ffdeca77000-7ffdeca98000 rw-p 00000000 00:00 0                          [stack]
7ffdecb4e000-7ffdecb50000 r-xp 00000000 00:00 0                          [vdso]
7ffdecb50000-7ffdecb52000 r--p 00000000 00:00 0                          [vvar]
ffffffffff600000-ffffffffff601000 r-xp 00000000 00:00 0                  [vsyscall]

VM Arguments:
jvm_args: -XX:MaxPermSize=256m -XX:+HeapDumpOnOutOfMemoryError -Xmx1024m -Dfile.encoding=UTF-8 -Duser.country=UA -Duser.language=ru -Duser.variant 
java_command: org.gradle.launcher.daemon.bootstrap.GradleDaemon 2.10
Launcher Type: SUN_STANDARD

Environment Variables:
JAVA_HOME=/usr/lib/jvm/java-8-oracle
PATH=/usr/local/sbin:/usr/local/bin:/usr/sbin:/usr/bin:/sbin:/bin:/usr/games:/usr/local/games:/usr/lib/jvm/java-8-oracle/bin:/usr/lib/jvm/java-8-oracle/db/bin:/usr/lib/jvm/java-8-oracle/jre/bin
SHELL=/bin/bash
DISPLAY=:0

Signal Handlers:
SIGSEGV: [libjvm.so+0x9548f0], sa_mask[0]=0x7ffbfeff, sa_flags=0x10000004
SIGBUS: [libjvm.so+0x9548f0], sa_mask[0]=0x7ffbfeff, sa_flags=0x10000004
SIGFPE: [libjvm.so+0x7cb0b0], sa_mask[0]=0x7ffbfeff, sa_flags=0x10000004
SIGPIPE: SIG_IGN, sa_mask[0]=0x00000000, sa_flags=0x00000000
SIGXFSZ: [libjvm.so+0x7cb0b0], sa_mask[0]=0x7ffbfeff, sa_flags=0x10000004
SIGILL: [libjvm.so+0x7cb0b0], sa_mask[0]=0x7ffbfeff, sa_flags=0x10000004
SIGUSR1: SIG_DFL, sa_mask[0]=0x00000000, sa_flags=0x00000000
SIGUSR2: [libjvm.so+0x7caf50], sa_mask[0]=0x00000004, sa_flags=0x10000004
SIGHUP: [libjvm.so+0x7cb130], sa_mask[0]=0x7ffbfeff, sa_flags=0x10000004
SIGINT: [libjvm.so+0x7cb130], sa_mask[0]=0x7ffbfeff, sa_flags=0x10000004
SIGTERM: [libjvm.so+0x7cb130], sa_mask[0]=0x7ffbfeff, sa_flags=0x10000004
SIGQUIT: [libjvm.so+0x7cb130], sa_mask[0]=0x7ffbfeff, sa_flags=0x10000004
SIGTRAP: SIG_DFL, sa_mask[0]=0x00000000, sa_flags=0x00000000


---------------  S Y S T E M  ---------------

OS:Ubuntu 14.04 (trusty)
uname:Linux 3.16.0-70-generic #90~14.04.1-Ubuntu SMP Wed Apr 6 22:56:34 UTC 2016 x86_64
libc:glibc 2.19 NPTL 2.19 
rlimit: STACK 8192k, CORE 0k, NPROC 30693, NOFILE 4096, AS infinity
load average:3,79 3,81 2,31

/proc/meminfo:
MemTotal:        8059688 kB
MemFree:         2475108 kB
MemAvailable:    4606916 kB
Buffers:          213236 kB
Cached:          2192700 kB
SwapCached:            0 kB
Active:          3642988 kB
Inactive:        1583976 kB
Active(anon):    2822660 kB
Inactive(anon):   159644 kB
Active(file):     820328 kB
Inactive(file):  1424332 kB
Unevictable:          72 kB
Mlocked:              72 kB
SwapTotal:       4075516 kB
SwapFree:        4075516 kB
Dirty:             13388 kB
Writeback:             0 kB
AnonPages:       2821040 kB
Mapped:           559956 kB
Shmem:            161244 kB
Slab:             152408 kB
SReclaimable:     112164 kB
SUnreclaim:        40244 kB
KernelStack:       10432 kB
PageTables:        49364 kB
NFS_Unstable:          0 kB
Bounce:                0 kB
WritebackTmp:          0 kB
CommitLimit:     8105360 kB
Committed_AS:    7819552 kB
VmallocTotal:   34359738367 kB
VmallocUsed:      391972 kB
VmallocChunk:   34359324668 kB
HardwareCorrupted:     0 kB
AnonHugePages:    933888 kB
HugePages_Total:       0
HugePages_Free:        0
HugePages_Rsvd:        0
HugePages_Surp:        0
Hugepagesize:       2048 kB
DirectMap4k:      210884 kB
DirectMap2M:     8060928 kB


CPU:total 4 (2 cores per cpu, 2 threads per core) family 6 model 58 stepping 9, cmov, cx8, fxsr, mmx, sse, sse2, sse3, ssse3, sse4.1, sse4.2, popcnt, avx, erms, ht, tsc, tscinvbit, tscinv

/proc/cpuinfo:
processor	: 0
vendor_id	: GenuineIntel
cpu family	: 6
model		: 58
model name	: Intel(R) Core(TM) i3-3217U CPU @ 1.80GHz
stepping	: 9
microcode	: 0x15
cpu MHz		: 1800.000
cache size	: 3072 KB
physical id	: 0
siblings	: 4
core id		: 0
cpu cores	: 2
apicid		: 0
initial apicid	: 0
fpu		: yes
fpu_exception	: yes
cpuid level	: 13
wp		: yes
flags		: fpu vme de pse tsc msr pae mce cx8 apic sep mtrr pge mca cmov pat pse36 clflush dts acpi mmx fxsr sse sse2 ss ht tm pbe syscall nx rdtscp lm constant_tsc arch_perfmon pebs bts rep_good nopl xtopology nonstop_tsc aperfmperf eagerfpu pni pclmulqdq dtes64 monitor ds_cpl vmx est tm2 ssse3 cx16 xtpr pdcm pcid sse4_1 sse4_2 x2apic popcnt tsc_deadline_timer xsave avx f16c lahf_lm ida arat epb xsaveopt pln pts dtherm tpr_shadow vnmi flexpriority ept vpid fsgsbase smep erms
bogomips	: 3591.88
clflush size	: 64
cache_alignment	: 64
address sizes	: 36 bits physical, 48 bits virtual
power management:

processor	: 1
vendor_id	: GenuineIntel
cpu family	: 6
model		: 58
model name	: Intel(R) Core(TM) i3-3217U CPU @ 1.80GHz
stepping	: 9
microcode	: 0x15
cpu MHz		: 1800.000
cache size	: 3072 KB
physical id	: 0
siblings	: 4
core id		: 1
cpu cores	: 2
apicid		: 2
initial apicid	: 2
fpu		: yes
fpu_exception	: yes
cpuid level	: 13
wp		: yes
flags		: fpu vme de pse tsc msr pae mce cx8 apic sep mtrr pge mca cmov pat pse36 clflush dts acpi mmx fxsr sse sse2 ss ht tm pbe syscall nx rdtscp lm constant_tsc arch_perfmon pebs bts rep_good nopl xtopology nonstop_tsc aperfmperf eagerfpu pni pclmulqdq dtes64 monitor ds_cpl vmx est tm2 ssse3 cx16 xtpr pdcm pcid sse4_1 sse4_2 x2apic popcnt tsc_deadline_timer xsave avx f16c lahf_lm ida arat epb xsaveopt pln pts dtherm tpr_shadow vnmi flexpriority ept vpid fsgsbase smep erms
bogomips	: 3591.88
clflush size	: 64
cache_alignment	: 64
address sizes	: 36 bits physical, 48 bits virtual
power management:

processor	: 2
vendor_id	: GenuineIntel
cpu family	: 6
model		: 58
model name	: Intel(R) Core(TM) i3-3217U CPU @ 1.80GHz
stepping	: 9
microcode	: 0x15
cpu MHz		: 1800.000
cache size	: 3072 KB
physical id	: 0
siblings	: 4
core id		: 0
cpu cores	: 2
apicid		: 1
initial apicid	: 1
fpu		: yes
fpu_exception	: yes
cpuid level	: 13
wp		: yes
flags		: fpu vme de pse tsc msr pae mce cx8 apic sep mtrr pge mca cmov pat pse36 clflush dts acpi mmx fxsr sse sse2 ss ht tm pbe syscall nx rdtscp lm constant_tsc arch_perfmon pebs bts rep_good nopl xtopology nonstop_tsc aperfmperf eagerfpu pni pclmulqdq dtes64 monitor ds_cpl vmx est tm2 ssse3 cx16 xtpr pdcm pcid sse4_1 sse4_2 x2apic popcnt tsc_deadline_timer xsave avx f16c lahf_lm ida arat epb xsaveopt pln pts dtherm tpr_shadow vnmi flexpriority ept vpid fsgsbase smep erms
bogomips	: 3591.88
clflush size	: 64
cache_alignment	: 64
address sizes	: 36 bits physical, 48 bits virtual
power management:

processor	: 3
vendor_id	: GenuineIntel
cpu family	: 6
model		: 58
model name	: Intel(R) Core(TM) i3-3217U CPU @ 1.80GHz
stepping	: 9
microcode	: 0x15
cpu MHz		: 1800.000
cache size	: 3072 KB
physical id	: 0
siblings	: 4
core id		: 1
cpu cores	: 2
apicid		: 3
initial apicid	: 3
fpu		: yes
fpu_exception	: yes
cpuid level	: 13
wp		: yes
flags		: fpu vme de pse tsc msr pae mce cx8 apic sep mtrr pge mca cmov pat pse36 clflush dts acpi mmx fxsr sse sse2 ss ht tm pbe syscall nx rdtscp lm constant_tsc arch_perfmon pebs bts rep_good nopl xtopology nonstop_tsc aperfmperf eagerfpu pni pclmulqdq dtes64 monitor ds_cpl vmx est tm2 ssse3 cx16 xtpr pdcm pcid sse4_1 sse4_2 x2apic popcnt tsc_deadline_timer xsave avx f16c lahf_lm ida arat epb xsaveopt pln pts dtherm tpr_shadow vnmi flexpriority ept vpid fsgsbase smep erms
bogomips	: 3591.88
clflush size	: 64
cache_alignment	: 64
address sizes	: 36 bits physical, 48 bits virtual
power management:



Memory: 4k page, physical 8059688k(2475108k free), swap 4075516k(4075516k free)

vm_info: OpenJDK 64-Bit Server VM (24.95-b01) for linux-amd64 JRE (1.7.0_95-b00), built on Mar 24 2016 06:13:32 by "buildd" with gcc 4.8.2

time: Tue Apr 19 17:20:47 2016
elapsed time: 237 seconds

