#
# A fatal error has been detected by the Java Runtime Environment:
#
#  SIGSEGV (0xb) at pc=0x00007f8647c9e8a9, pid=29646, tid=140214516233984
#
# JRE version: OpenJDK Runtime Environment (7.0_95) (build 1.7.0_95-b00)
# Java VM: OpenJDK 64-Bit Server VM (24.95-b01 mixed mode linux-amd64 compressed oops)
# Derivative: IcedTea 2.6.4
# Distribution: Ubuntu 14.04.3 LTS, package 7u95-2.6.4-0ubuntu0.14.04.1
# Problematic frame:
# V  [libjvm.so+0x31a8a9]
#
# Failed to write core dump. Core dumps have been disabled. To enable core dumping, try "ulimit -c unlimited" before starting Java again
#
# If you would like to submit a bug report, please include
# instructions on how to reproduce the bug and visit:
#   http://icedtea.classpath.org/bugzilla
#

---------------  T H R E A D  ---------------

Current thread (0x00007f86400a9800):  JavaThread "C2 CompilerThread0" daemon [_thread_in_native, id=29659, stack(0x00007f863c5eb000,0x00007f863c6ec000)]

siginfo:si_signo=SIGSEGV: si_errno=0, si_code=1 (SEGV_MAPERR), si_addr=0x00007f8e11c25b38

Registers:
RAX=0x00007f8611b768b8, RBX=0x00007f8e11c25b38, RCX=0x00000000000000e4, RDX=0x0000000000000010
RSP=0x00007f863c6e7890, RBP=0x00007f863c6e7910, RSI=0x0000000000001a41, RDI=0x00007f8614408530
R8 =0x00007f86107a2a80, R9 =0x0000000000001fff, R10=0x00000000000000e4, R11=0x0000000000000024
R12=0x0000000000000001, R13=0x00000000000000e4, R14=0x00007f86107a2a80, R15=0x00007f8611b77100
RIP=0x00007f8647c9e8a9, EFLAGS=0x0000000000010202, CSGSFS=0x0000000000000033, ERR=0x0000000000000004
  TRAPNO=0x000000000000000e

Top of Stack: (sp=0x00007f863c6e7890)
0x00007f863c6e7890:   00007f86103ff760 00000048144a07e0
0x00007f863c6e78a0:   00007f86115252b8 00007f863c6e7c10
0x00007f863c6e78b0:   00007f86115252b8 00007f861079ee60
0x00007f863c6e78c0:   00000000000000dc 000000e400000008
0x00007f863c6e78d0:   00007f8614408530 0000000000000108
0x00007f863c6e78e0:   00007f86144a07e0 00007f86115252b8
0x00007f863c6e78f0:   00007f8611b77100 00007f863c6e7c10
0x00007f863c6e7900:   000000000000001f 00000000000000db
0x00007f863c6e7910:   00007f863c6e7970 00007f8647c9eec8
0x00007f863c6e7920:   00007f8611bba340 0000000000000109
0x00007f863c6e7930:   00007f86144a07e0 0000010847c9e75d
0x00007f863c6e7940:   00007f863c6e7970 00007f86107a44d0
0x00007f863c6e7950:   0000000000000000 00007f86109d6650
0x00007f863c6e7960:   00007f86109ec880 00007f8611687f30
0x00007f863c6e7970:   00007f863c6e7ad0 00007f8647c9feaf
0x00007f863c6e7980:   0000000000000108 0000000000000020
0x00007f863c6e7990:   00007f861478d598 00007f863c6e9f50
0x00007f863c6e79a0:   00007f863c6e7b80 00007f863c6e7a80
0x00007f863c6e79b0:   00007f86110682f8 0000000000000020
0x00007f863c6e79c0:   00007f86110682f0 0000000000000024
0x00007f863c6e79d0:   00007f86110682f4 ffffffffffffffcf
0x00007f863c6e79e0:   00007f86144a07e0 0000000000000028
0x00007f863c6e79f0:   0000000900000108 000000080000000a
0x00007f863c6e7a00:   0000000000000030 00007f8611059060
0x00007f863c6e7a10:   0000000900000009 00007f86110682e0
0x00007f863c6e7a20:   00007f86154a68c0 ffffffff00000002
0x00007f863c6e7a30:   00007f86400a9e30 00007f863c6e7a70
0x00007f863c6e7a40:   0000000000000840 0000000000000210
0x00007f863c6e7a50:   00007f863c6e7a80 0000000000000000
0x00007f863c6e7a60:   0000000000000000 00000000000006bc
0x00007f863c6e7a70:   000000000000006c 00007f8647c30528
0x00007f863c6e7a80:   0000000000000200 00007f86140f60e0 

Instructions: (pc=0x00007f8647c9e8a9)
0x00007f8647c9e889:   b8 0f 8f 98 01 00 00 2b 5d b8 48 63 db 48 01 d8
0x00007f8647c9e899:   48 89 45 b0 49 8b 47 08 44 89 55 bc 4a 8b 1c e8
0x00007f8647c9e8a9:   48 8b 03 48 89 df ff 50 30 48 89 c7 48 89 45 c0
0x00007f8647c9e8b9:   e8 92 ca 5f 00 84 c0 48 8b 4d c0 44 8b 55 bc 0f 

Register to memory mapping:

RAX=0x00007f8611b768b8 is an unknown value
RBX=0x00007f8e11c25b38 is an unknown value
RCX=0x00000000000000e4 is an unknown value
RDX=0x0000000000000010 is an unknown value
RSP=0x00007f863c6e7890 is pointing into the stack for thread: 0x00007f86400a9800
RBP=0x00007f863c6e7910 is pointing into the stack for thread: 0x00007f86400a9800
RSI=0x0000000000001a41 is an unknown value
RDI=0x00007f8614408530 is an unknown value
R8 =0x00007f86107a2a80 is an unknown value
R9 =0x0000000000001fff is an unknown value
R10=0x00000000000000e4 is an unknown value
R11=0x0000000000000024 is an unknown value
R12=0x0000000000000001 is an unknown value
R13=0x00000000000000e4 is an unknown value
R14=0x00007f86107a2a80 is an unknown value
R15=0x00007f8611b77100 is an unknown value


Stack: [0x00007f863c5eb000,0x00007f863c6ec000],  sp=0x00007f863c6e7890,  free space=1010k
Native frames: (J=compiled Java code, j=interpreted, Vv=VM code, C=native code)
V  [libjvm.so+0x31a8a9]
V  [libjvm.so+0x31aec8]
V  [libjvm.so+0x31beaf]
V  [libjvm.so+0x7e6414]
V  [libjvm.so+0x43fa05]
V  [libjvm.so+0x443ab7]
V  [libjvm.so+0x3b1c7a]
V  [libjvm.so+0x449937]
V  [libjvm.so+0x44aa40]
V  [libjvm.so+0x907e50]
V  [libjvm.so+0x9080c1]
V  [libjvm.so+0x7cc682]


Current CompileTask:
C2:  23778  981   !         com.android.dx.dex.cf.CfTranslator::processMethods (583 bytes)


---------------  P R O C E S S  ---------------

Java Threads: ( => current thread )
  0x00007f86401bc000 JavaThread "pool-2-thread-4" [_thread_in_Java, id=29667, stack(0x00007f863405f000,0x00007f8634160000)]
  0x00007f86401ba000 JavaThread "pool-2-thread-3" [_thread_in_Java, id=29666, stack(0x00007f8634160000,0x00007f8634261000)]
  0x00007f86401a9800 JavaThread "pool-2-thread-2" [_thread_in_Java, id=29665, stack(0x00007f8634261000,0x00007f8634362000)]
  0x00007f86401a7000 JavaThread "pool-3-thread-1" [_thread_blocked, id=29664, stack(0x00007f8634362000,0x00007f8634463000)]
  0x00007f86401a6000 JavaThread "pool-2-thread-1" [_thread_in_vm, id=29663, stack(0x00007f8634463000,0x00007f8634564000)]
  0x00007f86400ae800 JavaThread "Service Thread" daemon [_thread_blocked, id=29661, stack(0x00007f863c3e9000,0x00007f863c4ea000)]
  0x00007f86400ac800 JavaThread "C2 CompilerThread1" daemon [_thread_in_native, id=29660, stack(0x00007f863c4ea000,0x00007f863c5eb000)]
=>0x00007f86400a9800 JavaThread "C2 CompilerThread0" daemon [_thread_in_native, id=29659, stack(0x00007f863c5eb000,0x00007f863c6ec000)]
  0x00007f86400a7000 JavaThread "Signal Dispatcher" daemon [_thread_blocked, id=29658, stack(0x00007f863c6ec000,0x00007f863c7ed000)]
  0x00007f864007c000 JavaThread "Finalizer" daemon [_thread_blocked, id=29657, stack(0x00007f86440cf000,0x00007f86441d0000)]
  0x00007f864007a000 JavaThread "Reference Handler" daemon [_thread_blocked, id=29656, stack(0x00007f86441d0000,0x00007f86442d1000)]
  0x00007f864000a800 JavaThread "main" [_thread_in_Java, id=29650, stack(0x00007f8649498000,0x00007f8649599000)]

Other Threads:
  0x00007f8640075800 VMThread [stack: 0x00007f86442d1000,0x00007f86443d2000] [id=29655]
  0x00007f86400b9800 WatcherThread [stack: 0x00007f863c2e8000,0x00007f863c3e9000] [id=29662]

VM state:not at safepoint (normal execution)

VM Mutex/Monitor currently owned by a thread: None

Heap
 PSYoungGen      total 205824K, used 50392K [0x00000000eaa80000, 0x0000000100000000, 0x0000000100000000)
  eden space 140800K, 7% used [0x00000000eaa80000,0x00000000eb4e25b0,0x00000000f3400000)
  from space 65024K, 61% used [0x00000000fc080000,0x00000000fe753c10,0x0000000100000000)
  to   space 104448K, 0% used [0x00000000f3400000,0x00000000f3400000,0x00000000f9a00000)
 ParOldGen       total 294400K, used 167941K [0x00000000c0000000, 0x00000000d1f80000, 0x00000000eaa80000)
  object space 294400K, 57% used [0x00000000c0000000,0x00000000ca401660,0x00000000d1f80000)
 PSPermGen       total 21504K, used 6364K [0x00000000b5a00000, 0x00000000b6f00000, 0x00000000c0000000)
  object space 21504K, 29% used [0x00000000b5a00000,0x00000000b60370f0,0x00000000b6f00000)

Card table byte_map: [0x00007f8645e7a000,0x00007f86460ce000] byte_map_base: 0x00007f86458cd000

Polling page: 0x00007f86495c1000

Code Cache  [0x00007f863d000000, 0x00007f863d380000, 0x00007f8640000000)
 total_blobs=1198 nmethods=965 adapters=184 free_code_cache=45670Kb largest_free_block=46669760

Compilation events (10 events):
Event: 21,353 Thread 0x00007f86400ac800 1005             com.android.dx.util.BitIntSet::iterator (9 bytes)
Event: 21,372 Thread 0x00007f86400ac800 nmethod 1005 0x00007f863d2008d0 code [0x00007f863d200a20, 0x00007f863d200b78]
Event: 21,372 Thread 0x00007f86400ac800 1006             com.android.dx.ssa.back.FirstFitLocalCombiningAllocator::findRangeAndAdjust (311 bytes)
Event: 23,759 Thread 0x00007f86400ac800 nmethod 1006 0x00007f863d367550 code [0x00007f863d367d60, 0x00007f863d36dda8]
Event: 23,760 Thread 0x00007f86400ac800 1007             com.android.dx.rop.code.AccessFlags::isNative (14 bytes)
Event: 23,761 Thread 0x00007f86400ac800 nmethod 1007 0x00007f863d203810 code [0x00007f863d203940, 0x00007f863d203998]
Event: 23,761 Thread 0x00007f86400ac800 1008             com.android.dx.rop.code.AccessFlags::isAbstract (14 bytes)
Event: 23,762 Thread 0x00007f86400ac800 nmethod 1008 0x00007f863d203ad0 code [0x00007f863d203c00, 0x00007f863d203c58]
Event: 23,762 Thread 0x00007f86400ac800 1009             com.android.dx.rop.code.AccessFlags::isSynchronized (13 bytes)
Event: 23,762 Thread 0x00007f86400ac800 nmethod 1009 0x00007f863d2006d0 code [0x00007f863d200800, 0x00007f863d200858]

GC Heap History (10 events):
Event: 15,572 GC heap before
{Heap before GC invocations=8 (full 1):
 PSYoungGen      total 281088K, used 31733K [0x00000000eaa80000, 0x0000000100000000, 0x0000000100000000)
  eden space 249344K, 0% used [0x00000000eaa80000,0x00000000eaa80000,0x00000000f9e00000)
  from space 31744K, 99% used [0x00000000f9e00000,0x00000000fbcfd498,0x00000000fbd00000)
  to   space 52736K, 0% used [0x00000000fcc80000,0x00000000fcc80000,0x0000000100000000)
 ParOldGen       total 83968K, used 81396K [0x00000000c0000000, 0x00000000c5200000, 0x00000000eaa80000)
  object space 83968K, 96% used [0x00000000c0000000,0x00000000c4f7d170,0x00000000c5200000)
 PSPermGen       total 21504K, used 6320K [0x00000000b5a00000, 0x00000000b6f00000, 0x00000000c0000000)
  object space 21504K, 29% used [0x00000000b5a00000,0x00000000b602c230,0x00000000b6f00000)
Event: 16,759 GC heap after
Heap after GC invocations=8 (full 1):
 PSYoungGen      total 281088K, used 23483K [0x00000000eaa80000, 0x0000000100000000, 0x0000000100000000)
  eden space 249344K, 0% used [0x00000000eaa80000,0x00000000eaa80000,0x00000000f9e00000)
  from space 31744K, 73% used [0x00000000f9e00000,0x00000000fb4eec28,0x00000000fbd00000)
  to   space 52736K, 0% used [0x00000000fcc80000,0x00000000fcc80000,0x0000000100000000)
 ParOldGen       total 168448K, used 83760K [0x00000000c0000000, 0x00000000ca480000, 0x00000000eaa80000)
  object space 168448K, 49% used [0x00000000c0000000,0x00000000c51cc158,0x00000000ca480000)
 PSPermGen       total 21504K, used 6315K [0x00000000b5a00000, 0x00000000b6f00000, 0x00000000c0000000)
  object space 21504K, 29% used [0x00000000b5a00000,0x00000000b602ad80,0x00000000b6f00000)
}
Event: 19,381 GC heap before
{Heap before GC invocations=9 (full 1):
 PSYoungGen      total 281088K, used 272827K [0x00000000eaa80000, 0x0000000100000000, 0x0000000100000000)
  eden space 249344K, 100% used [0x00000000eaa80000,0x00000000f9e00000,0x00000000f9e00000)
  from space 31744K, 73% used [0x00000000f9e00000,0x00000000fb4eec28,0x00000000fbd00000)
  to   space 52736K, 0% used [0x00000000fcc80000,0x00000000fcc80000,0x0000000100000000)
 ParOldGen       total 168448K, used 83760K [0x00000000c0000000, 0x00000000ca480000, 0x00000000eaa80000)
  object space 168448K, 49% used [0x00000000c0000000,0x00000000c51cc158,0x00000000ca480000)
 PSPermGen       total 21504K, used 6331K [0x00000000b5a00000, 0x00000000b6f00000, 0x00000000c0000000)
  object space 21504K, 29% used [0x00000000b5a00000,0x00000000b602edd8,0x00000000b6f00000)
Event: 19,598 GC heap after
Heap after GC invocations=9 (full 1):
 PSYoungGen      total 272384K, used 52706K [0x00000000eaa80000, 0x0000000100000000, 0x0000000100000000)
  eden space 219648K, 0% used [0x00000000eaa80000,0x00000000eaa80000,0x00000000f8100000)
  from space 52736K, 99% used [0x00000000fcc80000,0x00000000ffff8878,0x0000000100000000)
  to   space 65024K, 0% used [0x00000000f8100000,0x00000000f8100000,0x00000000fc080000)
 ParOldGen       total 168448K, used 90423K [0x00000000c0000000, 0x00000000ca480000, 0x00000000eaa80000)
  object space 168448K, 53% used [0x00000000c0000000,0x00000000c584dd28,0x00000000ca480000)
 PSPermGen       total 21504K, used 6331K [0x00000000b5a00000, 0x00000000b6f00000, 0x00000000c0000000)
  object space 21504K, 29% used [0x00000000b5a00000,0x00000000b602edd8,0x00000000b6f00000)
}
Event: 20,604 GC heap before
{Heap before GC invocations=10 (full 1):
 PSYoungGen      total 272384K, used 272354K [0x00000000eaa80000, 0x0000000100000000, 0x0000000100000000)
  eden space 219648K, 100% used [0x00000000eaa80000,0x00000000f8100000,0x00000000f8100000)
  from space 52736K, 99% used [0x00000000fcc80000,0x00000000ffff8878,0x0000000100000000)
  to   space 65024K, 0% used [0x00000000f8100000,0x00000000f8100000,0x00000000fc080000)
 ParOldGen       total 168448K, used 90423K [0x00000000c0000000, 0x00000000ca480000, 0x00000000eaa80000)
  object space 168448K, 53% used [0x00000000c0000000,0x00000000c584dd28,0x00000000ca480000)
 PSPermGen       total 21504K, used 6349K [0x00000000b5a00000, 0x00000000b6f00000, 0x00000000c0000000)
  object space 21504K, 29% used [0x00000000b5a00000,0x00000000b60337f8,0x00000000b6f00000)
Event: 20,769 GC heap after
Heap after GC invocations=10 (full 1):
 PSYoungGen      total 284672K, used 65010K [0x00000000eaa80000, 0x0000000100000000, 0x0000000100000000)
  eden space 219648K, 0% used [0x00000000eaa80000,0x00000000eaa80000,0x00000000f8100000)
  from space 65024K, 99% used [0x00000000f8100000,0x00000000fc07ca28,0x00000000fc080000)
  to   space 65024K, 0% used [0x00000000fc080000,0x00000000fc080000,0x0000000100000000)
 ParOldGen       total 168448K, used 112704K [0x00000000c0000000, 0x00000000ca480000, 0x00000000eaa80000)
  object space 168448K, 66% used [0x00000000c0000000,0x00000000c6e100d0,0x00000000ca480000)
 PSPermGen       total 21504K, used 6349K [0x00000000b5a00000, 0x00000000b6f00000, 0x00000000c0000000)
  object space 21504K, 29% used [0x00000000b5a00000,0x00000000b60337f8,0x00000000b6f00000)
}
Event: 21,840 GC heap before
{Heap before GC invocations=11 (full 1):
 PSYoungGen      total 284672K, used 284658K [0x00000000eaa80000, 0x0000000100000000, 0x0000000100000000)
  eden space 219648K, 100% used [0x00000000eaa80000,0x00000000f8100000,0x00000000f8100000)
  from space 65024K, 99% used [0x00000000f8100000,0x00000000fc07ca28,0x00000000fc080000)
  to   space 65024K, 0% used [0x00000000fc080000,0x00000000fc080000,0x0000000100000000)
 ParOldGen       total 168448K, used 112704K [0x00000000c0000000, 0x00000000ca480000, 0x00000000eaa80000)
  object space 168448K, 66% used [0x00000000c0000000,0x00000000c6e100d0,0x00000000ca480000)
 PSPermGen       total 21504K, used 6360K [0x00000000b5a00000, 0x00000000b6f00000, 0x00000000c0000000)
  object space 21504K, 29% used [0x00000000b5a00000,0x00000000b6036120,0x00000000b6f00000)
Event: 22,096 GC heap after
Heap after GC invocations=11 (full 1):
 PSYoungGen      total 205824K, used 65012K [0x00000000eaa80000, 0x0000000100000000, 0x0000000100000000)
  eden space 140800K, 0% used [0x00000000eaa80000,0x00000000eaa80000,0x00000000f3400000)
  from space 65024K, 99% used [0x00000000fc080000,0x00000000ffffd2b8,0x0000000100000000)
  to   space 104448K, 0% used [0x00000000f3400000,0x00000000f3400000,0x00000000f9a00000)
 ParOldGen       total 168448K, used 148316K [0x00000000c0000000, 0x00000000ca480000, 0x00000000eaa80000)
  object space 168448K, 88% used [0x00000000c0000000,0x00000000c90d70d0,0x00000000ca480000)
 PSPermGen       total 21504K, used 6360K [0x00000000b5a00000, 0x00000000b6f00000, 0x00000000c0000000)
  object space 21504K, 29% used [0x00000000b5a00000,0x00000000b6036120,0x00000000b6f00000)
}
Event: 22,096 GC heap before
{Heap before GC invocations=12 (full 2):
 PSYoungGen      total 205824K, used 65012K [0x00000000eaa80000, 0x0000000100000000, 0x0000000100000000)
  eden space 140800K, 0% used [0x00000000eaa80000,0x00000000eaa80000,0x00000000f3400000)
  from space 65024K, 99% used [0x00000000fc080000,0x00000000ffffd2b8,0x0000000100000000)
  to   space 104448K, 0% used [0x00000000f3400000,0x00000000f3400000,0x00000000f9a00000)
 ParOldGen       total 168448K, used 148316K [0x00000000c0000000, 0x00000000ca480000, 0x00000000eaa80000)
  object space 168448K, 88% used [0x00000000c0000000,0x00000000c90d70d0,0x00000000ca480000)
 PSPermGen       total 21504K, used 6360K [0x00000000b5a00000, 0x00000000b6f00000, 0x00000000c0000000)
  object space 21504K, 29% used [0x00000000b5a00000,0x00000000b6036120,0x00000000b6f00000)
Event: 23,734 GC heap after
Heap after GC invocations=12 (full 2):
 PSYoungGen      total 205824K, used 39759K [0x00000000eaa80000, 0x0000000100000000, 0x0000000100000000)
  eden space 140800K, 0% used [0x00000000eaa80000,0x00000000eaa80000,0x00000000f3400000)
  from space 65024K, 61% used [0x00000000fc080000,0x00000000fe753c10,0x0000000100000000)
  to   space 104448K, 0% used [0x00000000f3400000,0x00000000f3400000,0x00000000f9a00000)
 ParOldGen       total 294400K, used 167941K [0x00000000c0000000, 0x00000000d1f80000, 0x00000000eaa80000)
  object space 294400K, 57% used [0x00000000c0000000,0x00000000ca401660,0x00000000d1f80000)
 PSPermGen       total 21504K, used 6359K [0x00000000b5a00000, 0x00000000b6f00000, 0x00000000c0000000)
  object space 21504K, 29% used [0x00000000b5a00000,0x00000000b6035da0,0x00000000b6f00000)
}

Deoptimization events (10 events):
Event: 18,753 Thread 0x00007f86401a6000 Uncommon trap: reason=null_check action=make_not_entrant pc=0x00007f863d2f1b40 method=com.android.dx.rop.cst.CstString.equals(Ljava/lang/Object;)Z @ 1
Event: 18,834 Thread 0x00007f86401ba000 Uncommon trap: reason=unstable_if action=reinterpret pc=0x00007f863d31cc4c method=com.android.dx.cf.code.Simulator$SimVisitor.visitNoArgs(IIILcom/android/dx/rop/type/Type;)V @ 1277
Event: 18,849 Thread 0x00007f86401bc000 Uncommon trap: reason=unstable_if action=reinterpret pc=0x00007f863d1778c4 method=java.util.BitSet.nextClearBit(I)I @ 70
Event: 18,849 Thread 0x00007f86401bc000 Uncommon trap: reason=unstable_if action=reinterpret pc=0x00007f863d179088 method=java.util.BitSet.nextClearBit(I)I @ 70
Event: 19,204 Thread 0x00007f864000a800 Uncommon trap: reason=unstable_if action=reinterpret pc=0x00007f863d28de40 method=com.android.dx.cf.direct.StdAttributeFactory.parse0(Lcom/android/dx/cf/direct/DirectClassFile;ILjava/lang/String;IILcom/android/dx/cf/iface/ParseObserver;)Lcom/android/dx/cf
Event: 19,865 Thread 0x00007f86401a9800 Uncommon trap: reason=unstable_if action=reinterpret pc=0x00007f863d1af234 method=com.android.dx.ssa.InterferenceRegisterMapper.areAnyPinned(Lcom/android/dx/rop/code/RegisterSpecList;II)Z @ 68
Event: 20,299 Thread 0x00007f864000a800 Uncommon trap: reason=unstable_if action=reinterpret pc=0x00007f863d165548 method=com.android.dx.cf.code.ByteCatchList.listFor(I)Lcom/android/dx/cf/code/ByteCatchList; @ 47
Event: 21,684 Thread 0x00007f86401a9800 Uncommon trap: reason=unstable_if action=reinterpret pc=0x00007f863d2db6e4 method=com.android.dx.ssa.SCCP.simulateStmt(Lcom/android/dx/ssa/SsaInsn;)V @ 435
Event: 21,734 Thread 0x00007f864000a800 Uncommon trap: reason=bimorphic action=maybe_recompile pc=0x00007f863d349400 method=com.android.dx.cf.code.BytecodeArray.parseInstruction(ILcom/android/dx/cf/code/BytecodeArray$Visitor;)I @ 891
Event: 21,734 Thread 0x00007f864000a800 Uncommon trap: reason=bimorphic action=maybe_recompile pc=0x00007f863d349400 method=com.android.dx.cf.code.BytecodeArray.parseInstruction(ILcom/android/dx/cf/code/BytecodeArray$Visitor;)I @ 891

Internal exceptions (10 events):
Event: 9,944 Thread 0x00007f864000a800 Threw 0x00000000f1774d00 at /build/openjdk-7-2FOwCu/openjdk-7-7u95-2.6.4/build/openjdk/hotspot/src/share/vm/prims/jvm.cpp:1322
Event: 9,945 Thread 0x00007f864000a800 Threw 0x00000000f177ad00 at /build/openjdk-7-2FOwCu/openjdk-7-7u95-2.6.4/build/openjdk/hotspot/src/share/vm/prims/jvm.cpp:1322
Event: 9,963 Thread 0x00007f86401a9800 Implicit null exception at 0x00007f863d111015 to 0x00007f863d1111c1
Event: 11,026 Thread 0x00007f86401a6000 Implicit null exception at 0x00007f863d217461 to 0x00007f863d218fd1
Event: 13,680 Thread 0x00007f86401a9800 Implicit null exception at 0x00007f863d263df9 to 0x00007f863d2699f5
Event: 13,937 Thread 0x00007f864000a800 Threw 0x00000000f1151df8 at /build/openjdk-7-2FOwCu/openjdk-7-7u95-2.6.4/build/openjdk/hotspot/src/share/vm/prims/jvm.cpp:1322
Event: 18,753 Thread 0x00007f86401a6000 Implicit null exception at 0x00007f863d2f1a3c to 0x00007f863d2f1b33
Event: 19,205 Thread 0x00007f864000a800 Threw 0x00000000f7e5c7f0 at /build/openjdk-7-2FOwCu/openjdk-7-7u95-2.6.4/build/openjdk/hotspot/src/share/vm/prims/jvm.cpp:1322
Event: 19,764 Thread 0x00007f86401a6000 Threw 0x00000000ecef9570 at /build/openjdk-7-2FOwCu/openjdk-7-7u95-2.6.4/build/openjdk/hotspot/src/share/vm/prims/jvm.cpp:1322
Event: 19,779 Thread 0x00007f864000a800 Threw 0x00000000ecc5ab30 at /build/openjdk-7-2FOwCu/openjdk-7-7u95-2.6.4/build/openjdk/hotspot/src/share/vm/prims/jvm.cpp:1322

Events (10 events):
Event: 21,684 Thread 0x00007f86401a9800 DEOPT PACKING pc=0x00007f863d2db6e4 sp=0x00007f8634360190
Event: 21,684 Thread 0x00007f86401a9800 DEOPT UNPACKING pc=0x00007f863d039445 sp=0x00007f8634360128 mode 2
Event: 21,734 Thread 0x00007f864000a800 Uncommon trap: trap_request=0xffffffc6 fr.pc=0x00007f863d349400
Event: 21,734 Thread 0x00007f864000a800 DEOPT PACKING pc=0x00007f863d349400 sp=0x00007f86495968e0
Event: 21,734 Thread 0x00007f864000a800 DEOPT UNPACKING pc=0x00007f863d039445 sp=0x00007f8649596898 mode 2
Event: 21,734 Thread 0x00007f864000a800 Uncommon trap: trap_request=0xffffffc6 fr.pc=0x00007f863d349400
Event: 21,734 Thread 0x00007f864000a800 DEOPT PACKING pc=0x00007f863d349400 sp=0x00007f8649596910
Event: 21,734 Thread 0x00007f864000a800 DEOPT UNPACKING pc=0x00007f863d039445 sp=0x00007f86495968c8 mode 2
Event: 21,840 Executing VM operation: ParallelGCFailedAllocation
Event: 23,735 Executing VM operation: ParallelGCFailedAllocation done


Dynamic libraries:
00400000-00401000 r-xp 00000000 08:02 2761158                            /usr/lib/jvm/java-7-openjdk-amd64/jre/bin/java
00600000-00601000 r--p 00000000 08:02 2761158                            /usr/lib/jvm/java-7-openjdk-amd64/jre/bin/java
00601000-00602000 rw-p 00001000 08:02 2761158                            /usr/lib/jvm/java-7-openjdk-amd64/jre/bin/java
017e8000-01809000 rw-p 00000000 00:00 0                                  [heap]
b5a00000-b6f00000 rw-p 00000000 00:00 0 
b6f00000-c0000000 rw-p 00000000 00:00 0 
c0000000-d1f80000 rw-p 00000000 00:00 0 
d1f80000-eaa80000 rw-p 00000000 00:00 0 
eaa80000-100000000 rw-p 00000000 00:00 0 
7f85f0000000-7f85f002b000 rw-p 00000000 00:00 0 
7f85f002b000-7f85f4000000 ---p 00000000 00:00 0 
7f85f8000000-7f85f802e000 rw-p 00000000 00:00 0 
7f85f802e000-7f85fc000000 ---p 00000000 00:00 0 
7f85fc000000-7f85fc036000 rw-p 00000000 00:00 0 
7f85fc036000-7f8600000000 ---p 00000000 00:00 0 
7f8600000000-7f8600023000 rw-p 00000000 00:00 0 
7f8600023000-7f8604000000 ---p 00000000 00:00 0 
7f8604000000-7f8604021000 rw-p 00000000 00:00 0 
7f8604021000-7f8608000000 ---p 00000000 00:00 0 
7f8608000000-7f8608021000 rw-p 00000000 00:00 0 
7f8608021000-7f860c000000 ---p 00000000 00:00 0 
7f860c000000-7f860c021000 rw-p 00000000 00:00 0 
7f860c021000-7f8610000000 ---p 00000000 00:00 0 
7f8610000000-7f861242e000 rw-p 00000000 00:00 0 
7f861242e000-7f8614000000 ---p 00000000 00:00 0 
7f8614000000-7f8615b6c000 rw-p 00000000 00:00 0 
7f8615b6c000-7f8618000000 ---p 00000000 00:00 0 
7f8618000000-7f8618021000 rw-p 00000000 00:00 0 
7f8618021000-7f861c000000 ---p 00000000 00:00 0 
7f861c000000-7f861c021000 rw-p 00000000 00:00 0 
7f861c021000-7f8620000000 ---p 00000000 00:00 0 
7f8620000000-7f8620021000 rw-p 00000000 00:00 0 
7f8620021000-7f8624000000 ---p 00000000 00:00 0 
7f8624000000-7f8624021000 rw-p 00000000 00:00 0 
7f8624021000-7f8628000000 ---p 00000000 00:00 0 
7f8628000000-7f8628021000 rw-p 00000000 00:00 0 
7f8628021000-7f862c000000 ---p 00000000 00:00 0 
7f862c000000-7f862c021000 rw-p 00000000 00:00 0 
7f862c021000-7f8630000000 ---p 00000000 00:00 0 
7f8630000000-7f8630021000 rw-p 00000000 00:00 0 
7f8630021000-7f8634000000 ---p 00000000 00:00 0 
7f863405f000-7f8634062000 ---p 00000000 00:00 0 
7f8634062000-7f8634160000 rw-p 00000000 00:00 0                          [stack:29667]
7f8634160000-7f8634163000 ---p 00000000 00:00 0 
7f8634163000-7f8634261000 rw-p 00000000 00:00 0                          [stack:29666]
7f8634261000-7f8634264000 ---p 00000000 00:00 0 
7f8634264000-7f8634362000 rw-p 00000000 00:00 0                          [stack:29665]
7f8634362000-7f8634365000 ---p 00000000 00:00 0 
7f8634365000-7f8634463000 rw-p 00000000 00:00 0                          [stack:29664]
7f8634463000-7f8634466000 ---p 00000000 00:00 0 
7f8634466000-7f8634564000 rw-p 00000000 00:00 0                          [stack:29663]
7f8634564000-7f86345a1000 r-xp 00000000 08:02 13447                      /lib/x86_64-linux-gnu/libpcre.so.3.13.1
7f86345a1000-7f86347a0000 ---p 0003d000 08:02 13447                      /lib/x86_64-linux-gnu/libpcre.so.3.13.1
7f86347a0000-7f86347a1000 r--p 0003c000 08:02 13447                      /lib/x86_64-linux-gnu/libpcre.so.3.13.1
7f86347a1000-7f86347a2000 rw-p 0003d000 08:02 13447                      /lib/x86_64-linux-gnu/libpcre.so.3.13.1
7f86347a2000-7f86347a9000 r-xp 00000000 08:02 21389                      /usr/lib/x86_64-linux-gnu/libffi.so.6.0.1
7f86347a9000-7f86349a8000 ---p 00007000 08:02 21389                      /usr/lib/x86_64-linux-gnu/libffi.so.6.0.1
7f86349a8000-7f86349a9000 r--p 00006000 08:02 21389                      /usr/lib/x86_64-linux-gnu/libffi.so.6.0.1
7f86349a9000-7f86349aa000 rw-p 00007000 08:02 21389                      /usr/lib/x86_64-linux-gnu/libffi.so.6.0.1
7f86349aa000-7f86349c1000 r-xp 00000000 08:02 3147                       /lib/x86_64-linux-gnu/libresolv-2.19.so
7f86349c1000-7f8634bc1000 ---p 00017000 08:02 3147                       /lib/x86_64-linux-gnu/libresolv-2.19.so
7f8634bc1000-7f8634bc2000 r--p 00017000 08:02 3147                       /lib/x86_64-linux-gnu/libresolv-2.19.so
7f8634bc2000-7f8634bc3000 rw-p 00018000 08:02 3147                       /lib/x86_64-linux-gnu/libresolv-2.19.so
7f8634bc3000-7f8634bc5000 rw-p 00000000 00:00 0 
7f8634bc5000-7f8634be5000 r-xp 00000000 08:02 13524                      /lib/x86_64-linux-gnu/libselinux.so.1
7f8634be5000-7f8634de4000 ---p 00020000 08:02 13524                      /lib/x86_64-linux-gnu/libselinux.so.1
7f8634de4000-7f8634de5000 r--p 0001f000 08:02 13524                      /lib/x86_64-linux-gnu/libselinux.so.1
7f8634de5000-7f8634de6000 rw-p 00020000 08:02 13524                      /lib/x86_64-linux-gnu/libselinux.so.1
7f8634de6000-7f8634de8000 rw-p 00000000 00:00 0 
7f8634de8000-7f8634deb000 r-xp 00000000 08:02 28550                      /usr/lib/x86_64-linux-gnu/libgmodule-2.0.so.0.4002.0
7f8634deb000-7f8634fea000 ---p 00003000 08:02 28550                      /usr/lib/x86_64-linux-gnu/libgmodule-2.0.so.0.4002.0
7f8634fea000-7f8634feb000 r--p 00002000 08:02 28550                      /usr/lib/x86_64-linux-gnu/libgmodule-2.0.so.0.4002.0
7f8634feb000-7f8634fec000 rw-p 00003000 08:02 28550                      /usr/lib/x86_64-linux-gnu/libgmodule-2.0.so.0.4002.0
7f8634fec000-7f86350f2000 r-xp 00000000 08:02 13425                      /lib/x86_64-linux-gnu/libglib-2.0.so.0.4002.0
7f86350f2000-7f86352f1000 ---p 00106000 08:02 13425                      /lib/x86_64-linux-gnu/libglib-2.0.so.0.4002.0
7f86352f1000-7f86352f2000 r--p 00105000 08:02 13425                      /lib/x86_64-linux-gnu/libglib-2.0.so.0.4002.0
7f86352f2000-7f86352f3000 rw-p 00106000 08:02 13425                      /lib/x86_64-linux-gnu/libglib-2.0.so.0.4002.0
7f86352f3000-7f86352f4000 rw-p 00000000 00:00 0 
7f86352f4000-7f8635343000 r-xp 00000000 08:02 28566                      /usr/lib/x86_64-linux-gnu/libgobject-2.0.so.0.4002.0
7f8635343000-7f8635543000 ---p 0004f000 08:02 28566                      /usr/lib/x86_64-linux-gnu/libgobject-2.0.so.0.4002.0
7f8635543000-7f8635544000 r--p 0004f000 08:02 28566                      /usr/lib/x86_64-linux-gnu/libgobject-2.0.so.0.4002.0
7f8635544000-7f8635545000 rw-p 00050000 08:02 28566                      /usr/lib/x86_64-linux-gnu/libgobject-2.0.so.0.4002.0
7f8635545000-7f86356b1000 r-xp 00000000 08:02 28538                      /usr/lib/x86_64-linux-gnu/libgio-2.0.so.0.4002.0
7f86356b1000-7f86358b0000 ---p 0016c000 08:02 28538                      /usr/lib/x86_64-linux-gnu/libgio-2.0.so.0.4002.0
7f86358b0000-7f86358b4000 r--p 0016b000 08:02 28538                      /usr/lib/x86_64-linux-gnu/libgio-2.0.so.0.4002.0
7f86358b4000-7f86358b6000 rw-p 0016f000 08:02 28538                      /usr/lib/x86_64-linux-gnu/libgio-2.0.so.0.4002.0
7f86358b6000-7f86358b8000 rw-p 00000000 00:00 0 
7f86358b8000-7f86358cf000 r-xp 00000000 08:02 2625929                    /usr/lib/jvm/java-7-openjdk-amd64/jre/lib/amd64/libnet.so
7f86358cf000-7f8635ace000 ---p 00017000 08:02 2625929                    /usr/lib/jvm/java-7-openjdk-amd64/jre/lib/amd64/libnet.so
7f8635ace000-7f8635acf000 r--p 00016000 08:02 2625929                    /usr/lib/jvm/java-7-openjdk-amd64/jre/lib/amd64/libnet.so
7f8635acf000-7f8635ad0000 rw-p 00017000 08:02 2625929                    /usr/lib/jvm/java-7-openjdk-amd64/jre/lib/amd64/libnet.so
7f8635ad0000-7f8638000000 rw-p 00000000 00:00 0 
7f8638000000-7f8638021000 rw-p 00000000 00:00 0 
7f8638021000-7f863c000000 ---p 00000000 00:00 0 
7f863c0a5000-7f863c0d6000 rw-p 00000000 00:00 0 
7f863c0d6000-7f863c0e6000 r-xp 00000000 08:02 2625910                    /usr/lib/jvm/java-7-openjdk-amd64/jre/lib/amd64/libnio.so
7f863c0e6000-7f863c2e6000 ---p 00010000 08:02 2625910                    /usr/lib/jvm/java-7-openjdk-amd64/jre/lib/amd64/libnio.so
7f863c2e6000-7f863c2e7000 r--p 00010000 08:02 2625910                    /usr/lib/jvm/java-7-openjdk-amd64/jre/lib/amd64/libnio.so
7f863c2e7000-7f863c2e8000 rw-p 00011000 08:02 2625910                    /usr/lib/jvm/java-7-openjdk-amd64/jre/lib/amd64/libnio.so
7f863c2e8000-7f863c2e9000 ---p 00000000 00:00 0 
7f863c2e9000-7f863c3e9000 rw-p 00000000 00:00 0                          [stack:29662]
7f863c3e9000-7f863c3ec000 ---p 00000000 00:00 0 
7f863c3ec000-7f863c4ea000 rw-p 00000000 00:00 0                          [stack:29661]
7f863c4ea000-7f863c4ed000 ---p 00000000 00:00 0 
7f863c4ed000-7f863c5eb000 rw-p 00000000 00:00 0                          [stack:29660]
7f863c5eb000-7f863c5ee000 ---p 00000000 00:00 0 
7f863c5ee000-7f863c6ec000 rw-p 00000000 00:00 0                          [stack:29659]
7f863c6ec000-7f863c6ef000 ---p 00000000 00:00 0 
7f863c6ef000-7f863c7ed000 rw-p 00000000 00:00 0                          [stack:29658]
7f863c7ed000-7f863d000000 r--p 00000000 08:02 27195                      /usr/lib/locale/locale-archive
7f863d000000-7f863d380000 rwxp 00000000 00:00 0 
7f863d380000-7f8640261000 rw-p 00000000 00:00 0 
7f8640261000-7f8644000000 ---p 00000000 00:00 0 
7f8644037000-7f86440c0000 r--s 00726000 08:02 30808976                   /home/ivan/workspace/Champy_v2/app/build/intermediates/transforms/jarMerging/debug/jars/1/1f/combined.jar
7f86440c0000-7f86440cf000 r--s 000df000 08:02 1575371                    /home/ivan/Android/Sdk/build-tools/23.0.1/lib/dx.jar
7f86440cf000-7f86440d2000 ---p 00000000 00:00 0 
7f86440d2000-7f86441d0000 rw-p 00000000 00:00 0                          [stack:29657]
7f86441d0000-7f86441d3000 ---p 00000000 00:00 0 
7f86441d3000-7f86442d1000 rw-p 00000000 00:00 0                          [stack:29656]
7f86442d1000-7f86442d2000 ---p 00000000 00:00 0 
7f86442d2000-7f86453cf000 rw-p 00000000 00:00 0                          [stack:29655]
7f86453cf000-7f8645581000 r--s 01d2f000 08:02 2625893                    /usr/lib/jvm/java-7-openjdk-amd64/jre/lib/rt.jar
7f8645581000-7f86458cd000 rw-p 00000000 00:00 0 
7f86458cd000-7f86458ce000 ---p 00000000 00:00 0 
7f86458ce000-7f86459ce000 rw-p 00000000 00:00 0                          [stack:29654]
7f86459ce000-7f86459cf000 ---p 00000000 00:00 0 
7f86459cf000-7f8645acf000 rw-p 00000000 00:00 0                          [stack:29653]
7f8645acf000-7f8645ad0000 ---p 00000000 00:00 0 
7f8645ad0000-7f8645bd0000 rw-p 00000000 00:00 0                          [stack:29652]
7f8645bd0000-7f8645bd1000 ---p 00000000 00:00 0 
7f8645bd1000-7f8645cdc000 rw-p 00000000 00:00 0                          [stack:29651]
7f8645cdc000-7f8645d24000 rw-p 00000000 00:00 0 
7f8645d24000-7f8645db4000 rw-p 00000000 00:00 0 
7f8645db4000-7f8645e7a000 rw-p 00000000 00:00 0 
7f8645e7a000-7f8645e85000 rw-p 00000000 00:00 0 
7f8645e85000-7f8645ecd000 rw-p 00000000 00:00 0 
7f8645ecd000-7f8645f5d000 rw-p 00000000 00:00 0 
7f8645f5d000-7f8646022000 rw-p 00000000 00:00 0 
7f8646022000-7f86460cd000 rw-p 00000000 00:00 0 
7f86460cd000-7f86460ce000 rw-p 00000000 00:00 0 
7f86460ce000-7f86460d6000 r-xp 00000000 08:02 2625902                    /usr/lib/jvm/java-7-openjdk-amd64/jre/lib/amd64/libzip.so
7f86460d6000-7f86462d5000 ---p 00008000 08:02 2625902                    /usr/lib/jvm/java-7-openjdk-amd64/jre/lib/amd64/libzip.so
7f86462d5000-7f86462d6000 r--p 00007000 08:02 2625902                    /usr/lib/jvm/java-7-openjdk-amd64/jre/lib/amd64/libzip.so
7f86462d6000-7f86462d7000 rw-p 00008000 08:02 2625902                    /usr/lib/jvm/java-7-openjdk-amd64/jre/lib/amd64/libzip.so
7f86462d7000-7f86462e2000 r-xp 00000000 08:02 3187                       /lib/x86_64-linux-gnu/libnss_files-2.19.so
7f86462e2000-7f86464e1000 ---p 0000b000 08:02 3187                       /lib/x86_64-linux-gnu/libnss_files-2.19.so
7f86464e1000-7f86464e2000 r--p 0000a000 08:02 3187                       /lib/x86_64-linux-gnu/libnss_files-2.19.so
7f86464e2000-7f86464e3000 rw-p 0000b000 08:02 3187                       /lib/x86_64-linux-gnu/libnss_files-2.19.so
7f86464e3000-7f86464ee000 r-xp 00000000 08:02 3171                       /lib/x86_64-linux-gnu/libnss_nis-2.19.so
7f86464ee000-7f86466ed000 ---p 0000b000 08:02 3171                       /lib/x86_64-linux-gnu/libnss_nis-2.19.so
7f86466ed000-7f86466ee000 r--p 0000a000 08:02 3171                       /lib/x86_64-linux-gnu/libnss_nis-2.19.so
7f86466ee000-7f86466ef000 rw-p 0000b000 08:02 3171                       /lib/x86_64-linux-gnu/libnss_nis-2.19.so
7f86466ef000-7f8646706000 r-xp 00000000 08:02 3163                       /lib/x86_64-linux-gnu/libnsl-2.19.so
7f8646706000-7f8646905000 ---p 00017000 08:02 3163                       /lib/x86_64-linux-gnu/libnsl-2.19.so
7f8646905000-7f8646906000 r--p 00016000 08:02 3163                       /lib/x86_64-linux-gnu/libnsl-2.19.so
7f8646906000-7f8646907000 rw-p 00017000 08:02 3163                       /lib/x86_64-linux-gnu/libnsl-2.19.so
7f8646907000-7f8646909000 rw-p 00000000 00:00 0 
7f8646909000-7f8646912000 r-xp 00000000 08:02 3161                       /lib/x86_64-linux-gnu/libnss_compat-2.19.so
7f8646912000-7f8646b11000 ---p 00009000 08:02 3161                       /lib/x86_64-linux-gnu/libnss_compat-2.19.so
7f8646b11000-7f8646b12000 r--p 00008000 08:02 3161                       /lib/x86_64-linux-gnu/libnss_compat-2.19.so
7f8646b12000-7f8646b13000 rw-p 00009000 08:02 3161                       /lib/x86_64-linux-gnu/libnss_compat-2.19.so
7f8646b13000-7f8646b3e000 r-xp 00000000 08:02 2625925                    /usr/lib/jvm/java-7-openjdk-amd64/jre/lib/amd64/libjava.so
7f8646b3e000-7f8646d3e000 ---p 0002b000 08:02 2625925                    /usr/lib/jvm/java-7-openjdk-amd64/jre/lib/amd64/libjava.so
7f8646d3e000-7f8646d3f000 r--p 0002b000 08:02 2625925                    /usr/lib/jvm/java-7-openjdk-amd64/jre/lib/amd64/libjava.so
7f8646d3f000-7f8646d41000 rw-p 0002c000 08:02 2625925                    /usr/lib/jvm/java-7-openjdk-amd64/jre/lib/amd64/libjava.so
7f8646d41000-7f8646d51000 r-xp 00000000 08:02 2625907                    /usr/lib/jvm/java-7-openjdk-amd64/jre/lib/amd64/libverify.so
7f8646d51000-7f8646f50000 ---p 00010000 08:02 2625907                    /usr/lib/jvm/java-7-openjdk-amd64/jre/lib/amd64/libverify.so
7f8646f50000-7f8646f52000 r--p 0000f000 08:02 2625907                    /usr/lib/jvm/java-7-openjdk-amd64/jre/lib/amd64/libverify.so
7f8646f52000-7f8646f53000 rw-p 00011000 08:02 2625907                    /usr/lib/jvm/java-7-openjdk-amd64/jre/lib/amd64/libverify.so
7f8646f53000-7f8646f5a000 r-xp 00000000 08:02 3179                       /lib/x86_64-linux-gnu/librt-2.19.so
7f8646f5a000-7f8647159000 ---p 00007000 08:02 3179                       /lib/x86_64-linux-gnu/librt-2.19.so
7f8647159000-7f864715a000 r--p 00006000 08:02 3179                       /lib/x86_64-linux-gnu/librt-2.19.so
7f864715a000-7f864715b000 rw-p 00007000 08:02 3179                       /lib/x86_64-linux-gnu/librt-2.19.so
7f864715b000-7f8647171000 r-xp 00000000 08:02 3455                       /lib/x86_64-linux-gnu/libgcc_s.so.1
7f8647171000-7f8647370000 ---p 00016000 08:02 3455                       /lib/x86_64-linux-gnu/libgcc_s.so.1
7f8647370000-7f8647371000 r--p 00015000 08:02 3455                       /lib/x86_64-linux-gnu/libgcc_s.so.1
7f8647371000-7f8647372000 rw-p 00016000 08:02 3455                       /lib/x86_64-linux-gnu/libgcc_s.so.1
7f8647372000-7f8647477000 r-xp 00000000 08:02 3151                       /lib/x86_64-linux-gnu/libm-2.19.so
7f8647477000-7f8647676000 ---p 00105000 08:02 3151                       /lib/x86_64-linux-gnu/libm-2.19.so
7f8647676000-7f8647677000 r--p 00104000 08:02 3151                       /lib/x86_64-linux-gnu/libm-2.19.so
7f8647677000-7f8647678000 rw-p 00105000 08:02 3151                       /lib/x86_64-linux-gnu/libm-2.19.so
7f8647678000-7f8647765000 r-xp 00000000 08:02 9486                       /usr/lib/x86_64-linux-gnu/libstdc++.so.6.0.20
7f8647765000-7f8647965000 ---p 000ed000 08:02 9486                       /usr/lib/x86_64-linux-gnu/libstdc++.so.6.0.20
7f8647965000-7f864796d000 r--p 000ed000 08:02 9486                       /usr/lib/x86_64-linux-gnu/libstdc++.so.6.0.20
7f864796d000-7f864796f000 rw-p 000f5000 08:02 9486                       /usr/lib/x86_64-linux-gnu/libstdc++.so.6.0.20
7f864796f000-7f8647984000 rw-p 00000000 00:00 0 
7f8647984000-7f86484a9000 r-xp 00000000 08:02 2625903                    /usr/lib/jvm/java-7-openjdk-amd64/jre/lib/amd64/server/libjvm.so
7f86484a9000-7f86486a9000 ---p 00b25000 08:02 2625903                    /usr/lib/jvm/java-7-openjdk-amd64/jre/lib/amd64/server/libjvm.so
7f86486a9000-7f8648743000 r--p 00b25000 08:02 2625903                    /usr/lib/jvm/java-7-openjdk-amd64/jre/lib/amd64/server/libjvm.so
7f8648743000-7f8648766000 rw-p 00bbf000 08:02 2625903                    /usr/lib/jvm/java-7-openjdk-amd64/jre/lib/amd64/server/libjvm.so
7f8648766000-7f8648794000 rw-p 00000000 00:00 0 
7f8648794000-7f86487ac000 r-xp 00000000 08:02 13550                      /lib/x86_64-linux-gnu/libz.so.1.2.8
7f86487ac000-7f86489ab000 ---p 00018000 08:02 13550                      /lib/x86_64-linux-gnu/libz.so.1.2.8
7f86489ab000-7f86489ac000 r--p 00017000 08:02 13550                      /lib/x86_64-linux-gnu/libz.so.1.2.8
7f86489ac000-7f86489ad000 rw-p 00018000 08:02 13550                      /lib/x86_64-linux-gnu/libz.so.1.2.8
7f86489ad000-7f86489c6000 r-xp 00000000 08:02 3165                       /lib/x86_64-linux-gnu/libpthread-2.19.so
7f86489c6000-7f8648bc5000 ---p 00019000 08:02 3165                       /lib/x86_64-linux-gnu/libpthread-2.19.so
7f8648bc5000-7f8648bc6000 r--p 00018000 08:02 3165                       /lib/x86_64-linux-gnu/libpthread-2.19.so
7f8648bc6000-7f8648bc7000 rw-p 00019000 08:02 3165                       /lib/x86_64-linux-gnu/libpthread-2.19.so
7f8648bc7000-7f8648bcb000 rw-p 00000000 00:00 0 
7f8648bcb000-7f8648bce000 r-xp 00000000 08:02 3155                       /lib/x86_64-linux-gnu/libdl-2.19.so
7f8648bce000-7f8648dcd000 ---p 00003000 08:02 3155                       /lib/x86_64-linux-gnu/libdl-2.19.so
7f8648dcd000-7f8648dce000 r--p 00002000 08:02 3155                       /lib/x86_64-linux-gnu/libdl-2.19.so
7f8648dce000-7f8648dcf000 rw-p 00003000 08:02 3155                       /lib/x86_64-linux-gnu/libdl-2.19.so
7f8648dcf000-7f8648f8a000 r-xp 00000000 08:02 3181                       /lib/x86_64-linux-gnu/libc-2.19.so
7f8648f8a000-7f8649189000 ---p 001bb000 08:02 3181                       /lib/x86_64-linux-gnu/libc-2.19.so
7f8649189000-7f864918d000 r--p 001ba000 08:02 3181                       /lib/x86_64-linux-gnu/libc-2.19.so
7f864918d000-7f864918f000 rw-p 001be000 08:02 3181                       /lib/x86_64-linux-gnu/libc-2.19.so
7f864918f000-7f8649194000 rw-p 00000000 00:00 0 
7f8649194000-7f86491a1000 r-xp 00000000 08:02 2625897                    /usr/lib/jvm/java-7-openjdk-amd64/jre/lib/amd64/jli/libjli.so
7f86491a1000-7f86493a0000 ---p 0000d000 08:02 2625897                    /usr/lib/jvm/java-7-openjdk-amd64/jre/lib/amd64/jli/libjli.so
7f86493a0000-7f86493a1000 r--p 0000c000 08:02 2625897                    /usr/lib/jvm/java-7-openjdk-amd64/jre/lib/amd64/jli/libjli.so
7f86493a1000-7f86493a2000 rw-p 0000d000 08:02 2625897                    /usr/lib/jvm/java-7-openjdk-amd64/jre/lib/amd64/jli/libjli.so
7f86493a2000-7f86493c5000 r-xp 00000000 08:02 3167                       /lib/x86_64-linux-gnu/ld-2.19.so
7f86493c5000-7f86493c6000 rw-p 00000000 00:00 0 
7f86493c6000-7f86493ca000 r--s 00034000 08:02 2625935                    /usr/lib/jvm/java-7-openjdk-amd64/jre/lib/ext/sunjce_provider.jar
7f86493ca000-7f86493cc000 r--s 00012000 08:02 2625936                    /usr/lib/jvm/java-7-openjdk-amd64/jre/lib/ext/zipfs.jar
7f86493cc000-7f86493cd000 r--s 00002000 08:02 2625938                    /usr/lib/jvm/java-7-openjdk-amd64/jre/lib/ext/dnsns.jar
7f86493cd000-7f86493d0000 r--s 0000f000 08:02 2625939                    /usr/lib/jvm/java-7-openjdk-amd64/jre/lib/ext/icedtea-sound.jar
7f86493d0000-7f86493d4000 r--s 0003c000 08:02 2625937                    /usr/lib/jvm/java-7-openjdk-amd64/jre/lib/ext/sunpkcs11.jar
7f86493d4000-7f86493d8000 r--s 00085000 08:02 2625934                    /usr/lib/jvm/java-7-openjdk-amd64/jre/lib/ext/localedata.jar
7f86493d8000-7f86493e6000 rw-p 00000000 00:00 0 
7f86493e6000-7f8649498000 rw-p 00000000 00:00 0 
7f8649498000-7f864949b000 ---p 00000000 00:00 0 
7f864949b000-7f864959e000 rw-p 00000000 00:00 0                          [stack:29650]
7f864959e000-7f86495a0000 r--s 00006000 08:02 5674                       /usr/share/java/java-atk-wrapper.jar
7f86495a0000-7f86495b8000 rw-p 00000000 00:00 0 
7f86495b8000-7f86495c0000 rw-s 00000000 08:02 1315308                    /tmp/hsperfdata_ivan/29646
7f86495c0000-7f86495c1000 rw-p 00000000 00:00 0 
7f86495c1000-7f86495c2000 r--p 00000000 00:00 0 
7f86495c2000-7f86495c4000 rw-p 00000000 00:00 0 
7f86495c4000-7f86495c5000 r--p 00022000 08:02 3167                       /lib/x86_64-linux-gnu/ld-2.19.so
7f86495c5000-7f86495c6000 rw-p 00023000 08:02 3167                       /lib/x86_64-linux-gnu/ld-2.19.so
7f86495c6000-7f86495c7000 rw-p 00000000 00:00 0 
7ffea234a000-7ffea236b000 rw-p 00000000 00:00 0                          [stack]
7ffea23c0000-7ffea23c2000 r-xp 00000000 00:00 0                          [vdso]
7ffea23c2000-7ffea23c4000 r--p 00000000 00:00 0                          [vvar]
ffffffffff600000-ffffffffff601000 r-xp 00000000 00:00 0                  [vsyscall]

VM Arguments:
jvm_args: -Djava.awt.headless=true -Xmx1024M -Dfile.encoding=UTF-8 -Duser.country=UA -Duser.language=ru -Duser.variant 
java_command: com.android.dx.command.Main --dex --num-threads=4 --multi-dex --main-dex-list /home/ivan/workspace/Champy_v2/app/build/intermediates/multi-dex/debug/maindexlist.txt --output /home/ivan/workspace/Champy_v2/app/build/intermediates/transforms/dex/debug/folders/1000/1f/main /home/ivan/workspace/Champy_v2/app/build/intermediates/transforms/jarMerging/debug/jars/1/1f/combined.jar
Launcher Type: SUN_STANDARD

Environment Variables:
JAVA_HOME=/usr/lib/jvm/java-8-oracle
PATH=/usr/local/sbin:/usr/local/bin:/usr/sbin:/usr/bin:/sbin:/bin:/usr/games:/usr/local/games:/usr/lib/jvm/java-8-oracle/bin:/usr/lib/jvm/java-8-oracle/db/bin:/usr/lib/jvm/java-8-oracle/jre/bin
SHELL=/bin/bash
DISPLAY=:0

Signal Handlers:
SIGSEGV: [libjvm.so+0x955bc0], sa_mask[0]=0x7ffbfeff, sa_flags=0x10000004
SIGBUS: [libjvm.so+0x955bc0], sa_mask[0]=0x7ffbfeff, sa_flags=0x10000004
SIGFPE: [libjvm.so+0x7caff0], sa_mask[0]=0x7ffbfeff, sa_flags=0x10000004
SIGPIPE: [libjvm.so+0x7caff0], sa_mask[0]=0x7ffbfeff, sa_flags=0x10000004
SIGXFSZ: [libjvm.so+0x7caff0], sa_mask[0]=0x7ffbfeff, sa_flags=0x10000004
SIGILL: [libjvm.so+0x7caff0], sa_mask[0]=0x7ffbfeff, sa_flags=0x10000004
SIGUSR1: SIG_DFL, sa_mask[0]=0x00000000, sa_flags=0x00000000
SIGUSR2: [libjvm.so+0x7cae90], sa_mask[0]=0x00000004, sa_flags=0x10000004
SIGHUP: [libjvm.so+0x7cb070], sa_mask[0]=0x7ffbfeff, sa_flags=0x10000004
SIGINT: [libjvm.so+0x7cb070], sa_mask[0]=0x7ffbfeff, sa_flags=0x10000004
SIGTERM: [libjvm.so+0x7cb070], sa_mask[0]=0x7ffbfeff, sa_flags=0x10000004
SIGQUIT: [libjvm.so+0x7cb070], sa_mask[0]=0x7ffbfeff, sa_flags=0x10000004
SIGTRAP: SIG_DFL, sa_mask[0]=0x00000000, sa_flags=0x00000000


---------------  S Y S T E M  ---------------

OS:Ubuntu 14.04 (trusty)
uname:Linux 3.16.0-67-generic #87~14.04.1-Ubuntu SMP Fri Mar 11 00:26:02 UTC 2016 x86_64
libc:glibc 2.19 NPTL 2.19 
rlimit: STACK 8192k, CORE 0k, NPROC 30684, NOFILE 4096, AS infinity
load average:6,29 5,40 4,45

/proc/meminfo:
MemTotal:        8059688 kB
MemFree:          753820 kB
MemAvailable:    3414912 kB
Buffers:          202596 kB
Cached:          2685656 kB
SwapCached:            0 kB
Active:          5289688 kB
Inactive:        1636344 kB
Active(anon):    4038996 kB
Inactive(anon):   118452 kB
Active(file):    1250692 kB
Inactive(file):  1517892 kB
Unevictable:          72 kB
Mlocked:              72 kB
SwapTotal:       4075516 kB
SwapFree:        4075516 kB
Dirty:              4728 kB
Writeback:             0 kB
AnonPages:       4037840 kB
Mapped:           528744 kB
Shmem:            119672 kB
Slab:             165200 kB
SReclaimable:     122884 kB
SUnreclaim:        42316 kB
KernelStack:       12048 kB
PageTables:        57788 kB
NFS_Unstable:          0 kB
Bounce:                0 kB
WritebackTmp:          0 kB
CommitLimit:     8105360 kB
Committed_AS:   10202112 kB
VmallocTotal:   34359738367 kB
VmallocUsed:      392036 kB
VmallocChunk:   34359283040 kB
HardwareCorrupted:     0 kB
AnonHugePages:   1818624 kB
HugePages_Total:       0
HugePages_Free:        0
HugePages_Rsvd:        0
HugePages_Surp:        0
Hugepagesize:       2048 kB
DirectMap4k:      235460 kB
DirectMap2M:     8036352 kB


CPU:total 4 (2 cores per cpu, 2 threads per core) family 6 model 58 stepping 9, cmov, cx8, fxsr, mmx, sse, sse2, sse3, ssse3, sse4.1, sse4.2, popcnt, avx, erms, ht, tsc, tscinvbit, tscinv

/proc/cpuinfo:
processor	: 0
vendor_id	: GenuineIntel
cpu family	: 6
model		: 58
model name	: Intel(R) Core(TM) i3-3217U CPU @ 1.80GHz
stepping	: 9
microcode	: 0x15
cpu MHz		: 1800.000
cache size	: 3072 KB
physical id	: 0
siblings	: 4
core id		: 0
cpu cores	: 2
apicid		: 0
initial apicid	: 0
fpu		: yes
fpu_exception	: yes
cpuid level	: 13
wp		: yes
flags		: fpu vme de pse tsc msr pae mce cx8 apic sep mtrr pge mca cmov pat pse36 clflush dts acpi mmx fxsr sse sse2 ss ht tm pbe syscall nx rdtscp lm constant_tsc arch_perfmon pebs bts rep_good nopl xtopology nonstop_tsc aperfmperf eagerfpu pni pclmulqdq dtes64 monitor ds_cpl vmx est tm2 ssse3 cx16 xtpr pdcm pcid sse4_1 sse4_2 x2apic popcnt tsc_deadline_timer xsave avx f16c lahf_lm ida arat epb xsaveopt pln pts dtherm tpr_shadow vnmi flexpriority ept vpid fsgsbase smep erms
bogomips	: 3591.65
clflush size	: 64
cache_alignment	: 64
address sizes	: 36 bits physical, 48 bits virtual
power management:

processor	: 1
vendor_id	: GenuineIntel
cpu family	: 6
model		: 58
model name	: Intel(R) Core(TM) i3-3217U CPU @ 1.80GHz
stepping	: 9
microcode	: 0x15
cpu MHz		: 1800.000
cache size	: 3072 KB
physical id	: 0
siblings	: 4
core id		: 1
cpu cores	: 2
apicid		: 2
initial apicid	: 2
fpu		: yes
fpu_exception	: yes
cpuid level	: 13
wp		: yes
flags		: fpu vme de pse tsc msr pae mce cx8 apic sep mtrr pge mca cmov pat pse36 clflush dts acpi mmx fxsr sse sse2 ss ht tm pbe syscall nx rdtscp lm constant_tsc arch_perfmon pebs bts rep_good nopl xtopology nonstop_tsc aperfmperf eagerfpu pni pclmulqdq dtes64 monitor ds_cpl vmx est tm2 ssse3 cx16 xtpr pdcm pcid sse4_1 sse4_2 x2apic popcnt tsc_deadline_timer xsave avx f16c lahf_lm ida arat epb xsaveopt pln pts dtherm tpr_shadow vnmi flexpriority ept vpid fsgsbase smep erms
bogomips	: 3591.65
clflush size	: 64
cache_alignment	: 64
address sizes	: 36 bits physical, 48 bits virtual
power management:

processor	: 2
vendor_id	: GenuineIntel
cpu family	: 6
model		: 58
model name	: Intel(R) Core(TM) i3-3217U CPU @ 1.80GHz
stepping	: 9
microcode	: 0x15
cpu MHz		: 1800.000
cache size	: 3072 KB
physical id	: 0
siblings	: 4
core id		: 0
cpu cores	: 2
apicid		: 1
initial apicid	: 1
fpu		: yes
fpu_exception	: yes
cpuid level	: 13
wp		: yes
flags		: fpu vme de pse tsc msr pae mce cx8 apic sep mtrr pge mca cmov pat pse36 clflush dts acpi mmx fxsr sse sse2 ss ht tm pbe syscall nx rdtscp lm constant_tsc arch_perfmon pebs bts rep_good nopl xtopology nonstop_tsc aperfmperf eagerfpu pni pclmulqdq dtes64 monitor ds_cpl vmx est tm2 ssse3 cx16 xtpr pdcm pcid sse4_1 sse4_2 x2apic popcnt tsc_deadline_timer xsave avx f16c lahf_lm ida arat epb xsaveopt pln pts dtherm tpr_shadow vnmi flexpriority ept vpid fsgsbase smep erms
bogomips	: 3591.65
clflush size	: 64
cache_alignment	: 64
address sizes	: 36 bits physical, 48 bits virtual
power management:

processor	: 3
vendor_id	: GenuineIntel
cpu family	: 6
model		: 58
model name	: Intel(R) Core(TM) i3-3217U CPU @ 1.80GHz
stepping	: 9
microcode	: 0x15
cpu MHz		: 1800.000
cache size	: 3072 KB
physical id	: 0
siblings	: 4
core id		: 1
cpu cores	: 2
apicid		: 3
initial apicid	: 3
fpu		: yes
fpu_exception	: yes
cpuid level	: 13
wp		: yes
flags		: fpu vme de pse tsc msr pae mce cx8 apic sep mtrr pge mca cmov pat pse36 clflush dts acpi mmx fxsr sse sse2 ss ht tm pbe syscall nx rdtscp lm constant_tsc arch_perfmon pebs bts rep_good nopl xtopology nonstop_tsc aperfmperf eagerfpu pni pclmulqdq dtes64 monitor ds_cpl vmx est tm2 ssse3 cx16 xtpr pdcm pcid sse4_1 sse4_2 x2apic popcnt tsc_deadline_timer xsave avx f16c lahf_lm ida arat epb xsaveopt pln pts dtherm tpr_shadow vnmi flexpriority ept vpid fsgsbase smep erms
bogomips	: 3591.65
clflush size	: 64
cache_alignment	: 64
address sizes	: 36 bits physical, 48 bits virtual
power management:



Memory: 4k page, physical 8059688k(753820k free), swap 4075516k(4075516k free)

vm_info: OpenJDK 64-Bit Server VM (24.95-b01) for linux-amd64 JRE (1.7.0_95-b00), built on Jan 21 2016 03:31:40 by "buildd" with gcc 4.8.4

time: Wed Mar 23 17:50:49 2016
elapsed time: 23 seconds

