#
# A fatal error has been detected by the Java Runtime Environment:
#
#  SIGSEGV (0xb) at pc=0x00007f231d093e2a, pid=31572, tid=139788488177408
#
# JRE version: OpenJDK Runtime Environment (7.0_95) (build 1.7.0_95-b00)
# Java VM: OpenJDK 64-Bit Server VM (24.95-b01 mixed mode linux-amd64 compressed oops)
# Derivative: IcedTea 2.6.4
# Distribution: Ubuntu 14.04.3 LTS, package 7u95-2.6.4-0ubuntu0.14.04.1
# Problematic frame:
# V  [libjvm.so+0x59ae2a]
#
# Failed to write core dump. Core dumps have been disabled. To enable core dumping, try "ulimit -c unlimited" before starting Java again
#
# If you would like to submit a bug report, please include
# instructions on how to reproduce the bug and visit:
#   http://icedtea.classpath.org/bugzilla
#

---------------  T H R E A D  ---------------

Current thread (0x00007f23180ac800):  JavaThread "C2 CompilerThread1" daemon [_thread_in_native, id=31587, stack(0x00007f230b1e7000,0x00007f230b2e8000)]

siginfo:si_signo=SIGSEGV: si_errno=0, si_code=1 (SEGV_MAPERR), si_addr=0x00007f2adc721754

Registers:
RAX=0x00007f2adc721754, RBX=0x00000000000005bd, RCX=0x0000000000000605, RDX=0x00007f22dcd4eea0
RSP=0x00007f230b2e37b0, RBP=0x00007f230b2e3840, RSI=0x00007f22e8762b00, RDI=0x0000000000000028
R8 =0x0000000080000000, R9 =0x0000000000000000, R10=0x0000000000000000, R11=0x0000000000000000
R12=0x0000000020000000, R13=0x00007f230b2e37d0, R14=0x00007f22dcd4c1a0, R15=0x00007f230b2e39b0
RIP=0x00007f231d093e2a, EFLAGS=0x0000000000010202, CSGSFS=0x0000000000000033, ERR=0x0000000000000004
  TRAPNO=0x000000000000000e

Top of Stack: (sp=0x00007f230b2e37b0)
0x00007f230b2e37b0:   00007f230b2e3800 00007f2200000602
0x00007f230b2e37c0:   0000000000000014 0000000000000028
0x00007f230b2e37d0:   0000060603559f0d 00007f2300000001
0x00007f230b2e37e0:   00007f22e869ca80 0000000000000007
0x00007f230b2e37f0:   00007f22dcd4c750 00007f2300000009
0x00007f230b2e3800:   00007f22dcd4c740 00007f231d094460
0x00007f230b2e3810:   000000090b2e3840 00000000000005c6
0x00007f230b2e3820:   00000000000005bd 00007f230b2e3a50
0x00007f230b2e3830:   00007f22e84caf20 00007f22e84cae98
0x00007f230b2e3840:   00007f230b2e3890 00007f231cf13772
0x00007f230b2e3850:   00007f22dcf36760 00007f22dcf363b8
0x00007f230b2e3860:   0000000000020000 000000000000000d
0x00007f230b2e3870:   00007f22e8741f80 00007f230b2e3a50
0x00007f230b2e3880:   00007f22e84cae98 0000000000000068
0x00007f230b2e3890:   00007f230b2e38e0 00007f231cf139a9
0x00007f230b2e38a0:   00007f22e869afa0 0000001100000001
0x00007f230b2e38b0:   00007f22dcd69850 000000000000017a
0x00007f230b2e38c0:   00007f230b2e3a50 00007f230b2e3980
0x00007f230b2e38d0:   00007f22dc10b500 00007f230b2e3a50
0x00007f230b2e38e0:   00007f230b2e3900 00007f231cf13a32
0x00007f230b2e38f0:   00007f230b2e3c10 00007f231d8e5940
0x00007f230b2e3900:   00007f230b2e3b40 00007f231cec431b
0x00007f230b2e3910:   00007f230b2e3920 00007f230b2e39f0
0x00007f230b2e3920:   00007f230b2e3950 00000000000003d8
0x00007f230b2e3930:   00007f230b2e39b0 0000000000000004
0x00007f230b2e3940:   00007f22dc10b8e8 00007f22dc10b510
0x00007f230b2e3950:   00007f22dc000f60 00007f22dc000f60
0x00007f230b2e3960:   00007f22dc000f70 00007f22dc001348
0x00007f230b2e3970:   00000000000003d8 00000004dc40b5e8
0x00007f230b2e3980:   00007f22dc10b500 00007f22e8761850
0x00007f230b2e3990:   00007f22e8762b80 00007f22e8769838
0x00007f230b2e39a0:   0000000000122e08 0000000000000b00 

Instructions: (pc=0x00007f231d093e2a)
0x00007f231d093e0a:   db 0f 84 59 ff ff ff 48 8b 42 08 48 8b 7d 88 48
0x00007f231d093e1a:   8b 04 38 48 3b 05 dc 40 82 00 74 66 48 03 45 80
0x00007f231d093e2a:   8b 08 89 ce 44 09 e6 44 85 e1 89 30 0f 85 2e ff
0x00007f231d093e3a:   ff ff 83 02 01 8b 45 90 85 c0 0f 85 2b ff ff ff 

Register to memory mapping:

RAX=0x00007f2adc721754 is an unknown value
RBX=0x00000000000005bd is an unknown value
RCX=0x0000000000000605 is an unknown value
RDX=0x00007f22dcd4eea0 is an unknown value
RSP=0x00007f230b2e37b0 is pointing into the stack for thread: 0x00007f23180ac800
RBP=0x00007f230b2e3840 is pointing into the stack for thread: 0x00007f23180ac800
RSI=0x00007f22e8762b00 is an unknown value
RDI=0x0000000000000028 is an unknown value
R8 =0x0000000080000000 is an unknown value
R9 =0x0000000000000000 is an unknown value
R10=0x0000000000000000 is an unknown value
R11=0x0000000000000000 is an unknown value
R12=0x0000000020000000 is an unknown value
R13=0x00007f230b2e37d0 is pointing into the stack for thread: 0x00007f23180ac800
R14=0x00007f22dcd4c1a0 is an unknown value
R15=0x00007f230b2e39b0 is pointing into the stack for thread: 0x00007f23180ac800


Stack: [0x00007f230b1e7000,0x00007f230b2e8000],  sp=0x00007f230b2e37b0,  free space=1009k
Native frames: (J=compiled Java code, j=interpreted, Vv=VM code, C=native code)
V  [libjvm.so+0x59ae2a]
V  [libjvm.so+0x41a772]
V  [libjvm.so+0x41a9a9]
V  [libjvm.so+0x41aa32]
V  [libjvm.so+0x3cb31b]
V  [libjvm.so+0x43f92a]
V  [libjvm.so+0x443ab7]
V  [libjvm.so+0x3b1c7a]
V  [libjvm.so+0x449937]
V  [libjvm.so+0x44aa40]
V  [libjvm.so+0x907e50]
V  [libjvm.so+0x9080c1]
V  [libjvm.so+0x7cc682]


Current CompileTask:
C2:  26038 1189   !         com.android.dx.cf.code.Ropper::processBlock (1101 bytes)


---------------  P R O C E S S  ---------------

Java Threads: ( => current thread )
  0x00007f23181bf800 JavaThread "pool-2-thread-4" [_thread_in_vm, id=31594, stack(0x00007f230926e000,0x00007f230936f000)]
  0x00007f23181bc800 JavaThread "pool-2-thread-3" [_thread_in_vm, id=31593, stack(0x00007f230936f000,0x00007f2309470000)]
  0x00007f23181b5000 JavaThread "pool-2-thread-2" [_thread_in_vm, id=31592, stack(0x00007f2309470000,0x00007f2309571000)]
  0x00007f23181b4000 JavaThread "pool-3-thread-1" [_thread_blocked, id=31591, stack(0x00007f2309571000,0x00007f2309672000)]
  0x00007f23181b2800 JavaThread "pool-2-thread-1" [_thread_in_Java, id=31590, stack(0x00007f2309672000,0x00007f2309773000)]
  0x00007f23180ae800 JavaThread "Service Thread" daemon [_thread_blocked, id=31588, stack(0x00007f230b0e6000,0x00007f230b1e7000)]
=>0x00007f23180ac800 JavaThread "C2 CompilerThread1" daemon [_thread_in_native, id=31587, stack(0x00007f230b1e7000,0x00007f230b2e8000)]
  0x00007f23180a9800 JavaThread "C2 CompilerThread0" daemon [_thread_blocked, id=31586, stack(0x00007f230b2e8000,0x00007f230b3e9000)]
  0x00007f23180a7000 JavaThread "Signal Dispatcher" daemon [_thread_blocked, id=31585, stack(0x00007f230b3e9000,0x00007f230b4ea000)]
  0x00007f231807c000 JavaThread "Finalizer" daemon [_thread_blocked, id=31584, stack(0x00007f230bcfd000,0x00007f230bdfe000)]
  0x00007f231807a000 JavaThread "Reference Handler" daemon [_thread_blocked, id=31583, stack(0x00007f230bdfe000,0x00007f230beff000)]
  0x00007f231800a800 JavaThread "main" [_thread_blocked, id=31577, stack(0x00007f231e60d000,0x00007f231e70e000)]

Other Threads:
  0x00007f2318075800 VMThread [stack: 0x00007f230beff000,0x00007f230c000000] [id=31582]
  0x00007f23180b9800 WatcherThread [stack: 0x00007f230afe5000,0x00007f230b0e6000] [id=31589]

VM state:not at safepoint (normal execution)

VM Mutex/Monitor currently owned by a thread: None

Heap
 PSYoungGen      total 250880K, used 241219K [0x00000000eaa80000, 0x0000000100000000, 0x0000000100000000)
  eden space 152064K, 93% used [0x00000000eaa80000,0x00000000f35ad800,0x00000000f3f00000)
  from space 98816K, 99% used [0x00000000f3f00000,0x00000000f9f63720,0x00000000f9f80000)
  to   space 98816K, 0% used [0x00000000f9f80000,0x00000000f9f80000,0x0000000100000000)
 ParOldGen       total 295424K, used 187191K [0x00000000c0000000, 0x00000000d2080000, 0x00000000eaa80000)
  object space 295424K, 63% used [0x00000000c0000000,0x00000000cb6cdde0,0x00000000d2080000)
 PSPermGen       total 21504K, used 6371K [0x00000000b5a00000, 0x00000000b6f00000, 0x00000000c0000000)
  object space 21504K, 29% used [0x00000000b5a00000,0x00000000b6038eb0,0x00000000b6f00000)

Card table byte_map: [0x00007f2313f27000,0x00007f231417b000] byte_map_base: 0x00007f231397a000

Polling page: 0x00007f231e736000

Code Cache  [0x00007f231417b000, 0x00007f231457b000, 0x00007f231717b000)
 total_blobs=1362 nmethods=1131 adapters=184 free_code_cache=45184Kb largest_free_block=46194624

Compilation events (10 events):
Event: 25,690 Thread 0x00007f23180ac800 1189   !         com.android.dx.cf.code.Ropper::processBlock (1101 bytes)
Event: 25,695 Thread 0x00007f23180a9800 nmethod 1188 0x00007f2314558c10 code [0x00007f2314558de0, 0x00007f2314559410]
Event: 25,695 Thread 0x00007f23180a9800 1190             com.android.dx.ssa.SCCP::replaceConstants (209 bytes)
Event: 25,806 Thread 0x00007f23180a9800 nmethod 1190 0x00007f231456a790 code [0x00007f231456aa40, 0x00007f231456b710]
Event: 25,806 Thread 0x00007f23180a9800 1191             java.io.FilterInputStream::<init> (10 bytes)
Event: 25,809 Thread 0x00007f23180a9800 nmethod 1191 0x00007f2314558990 code [0x00007f2314558ac0, 0x00007f2314558b58]
Event: 25,987 Thread 0x00007f23180a9800 1192             java.util.concurrent.ThreadPoolExecutor::isRunning (10 bytes)
Event: 25,988 Thread 0x00007f23180a9800 nmethod 1192 0x00007f2314558790 code [0x00007f23145588c0, 0x00007f2314558918]
Event: 25,988 Thread 0x00007f23180a9800 1193             java.util.concurrent.locks.ReentrantLock$Sync::isHeldExclusively (16 bytes)
Event: 25,989 Thread 0x00007f23180a9800 nmethod 1193 0x00007f2314553390 code [0x00007f23145534c0, 0x00007f2314553538]

GC Heap History (10 events):
Event: 18,909 GC heap before
{Heap before GC invocations=11 (full 1):
 PSYoungGen      total 282624K, used 282621K [0x00000000eaa80000, 0x0000000100000000, 0x0000000100000000)
  eden space 215552K, 100% used [0x00000000eaa80000,0x00000000f7d00000,0x00000000f7d00000)
  from space 67072K, 99% used [0x00000000f7d00000,0x00000000fbe7f598,0x00000000fbe80000)
  to   space 67072K, 0% used [0x00000000fbe80000,0x00000000fbe80000,0x0000000100000000)
 ParOldGen       total 169472K, used 113641K [0x00000000c0000000, 0x00000000ca580000, 0x00000000eaa80000)
  object space 169472K, 67% used [0x00000000c0000000,0x00000000c6efa6a8,0x00000000ca580000)
 PSPermGen       total 21504K, used 6355K [0x00000000b5a00000, 0x00000000b6f00000, 0x00000000c0000000)
  object space 21504K, 29% used [0x00000000b5a00000,0x00000000b6034c30,0x00000000b6f00000)
Event: 19,442 GC heap after
Heap after GC invocations=11 (full 1):
 PSYoungGen      total 231424K, used 66084K [0x00000000eaa80000, 0x0000000100000000, 0x0000000100000000)
  eden space 164352K, 0% used [0x00000000eaa80000,0x00000000eaa80000,0x00000000f4b00000)
  from space 67072K, 98% used [0x00000000fbe80000,0x00000000fff09360,0x0000000100000000)
  to   space 92672K, 0% used [0x00000000f4b00000,0x00000000f4b00000,0x00000000fa580000)
 ParOldGen       total 169472K, used 151858K [0x00000000c0000000, 0x00000000ca580000, 0x00000000eaa80000)
  object space 169472K, 89% used [0x00000000c0000000,0x00000000c944cb88,0x00000000ca580000)
 PSPermGen       total 21504K, used 6355K [0x00000000b5a00000, 0x00000000b6f00000, 0x00000000c0000000)
  object space 21504K, 29% used [0x00000000b5a00000,0x00000000b6034c30,0x00000000b6f00000)
}
Event: 19,442 GC heap before
{Heap before GC invocations=12 (full 2):
 PSYoungGen      total 231424K, used 66084K [0x00000000eaa80000, 0x0000000100000000, 0x0000000100000000)
  eden space 164352K, 0% used [0x00000000eaa80000,0x00000000eaa80000,0x00000000f4b00000)
  from space 67072K, 98% used [0x00000000fbe80000,0x00000000fff09360,0x0000000100000000)
  to   space 92672K, 0% used [0x00000000f4b00000,0x00000000f4b00000,0x00000000fa580000)
 ParOldGen       total 169472K, used 151858K [0x00000000c0000000, 0x00000000ca580000, 0x00000000eaa80000)
  object space 169472K, 89% used [0x00000000c0000000,0x00000000c944cb88,0x00000000ca580000)
 PSPermGen       total 21504K, used 6355K [0x00000000b5a00000, 0x00000000b6f00000, 0x00000000c0000000)
  object space 21504K, 29% used [0x00000000b5a00000,0x00000000b6034c30,0x00000000b6f00000)
Event: 21,449 GC heap after
Heap after GC invocations=12 (full 2):
 PSYoungGen      total 231424K, used 40625K [0x00000000eaa80000, 0x0000000100000000, 0x0000000100000000)
  eden space 164352K, 0% used [0x00000000eaa80000,0x00000000eaa80000,0x00000000f4b00000)
  from space 67072K, 60% used [0x00000000fbe80000,0x00000000fe62c480,0x0000000100000000)
  to   space 92672K, 0% used [0x00000000f4b00000,0x00000000f4b00000,0x00000000fa580000)
 ParOldGen       total 295424K, used 169154K [0x00000000c0000000, 0x00000000d2080000, 0x00000000eaa80000)
  object space 295424K, 57% used [0x00000000c0000000,0x00000000ca530838,0x00000000d2080000)
 PSPermGen       total 21504K, used 6354K [0x00000000b5a00000, 0x00000000b6f00000, 0x00000000c0000000)
  object space 21504K, 29% used [0x00000000b5a00000,0x00000000b6034ab0,0x00000000b6f00000)
}
Event: 22,771 GC heap before
{Heap before GC invocations=13 (full 2):
 PSYoungGen      total 231424K, used 204977K [0x00000000eaa80000, 0x0000000100000000, 0x0000000100000000)
  eden space 164352K, 100% used [0x00000000eaa80000,0x00000000f4b00000,0x00000000f4b00000)
  from space 67072K, 60% used [0x00000000fbe80000,0x00000000fe62c480,0x0000000100000000)
  to   space 92672K, 0% used [0x00000000f4b00000,0x00000000f4b00000,0x00000000fa580000)
 ParOldGen       total 295424K, used 169154K [0x00000000c0000000, 0x00000000d2080000, 0x00000000eaa80000)
  object space 295424K, 57% used [0x00000000c0000000,0x00000000ca530838,0x00000000d2080000)
 PSPermGen       total 21504K, used 6368K [0x00000000b5a00000, 0x00000000b6f00000, 0x00000000c0000000)
  object space 21504K, 29% used [0x00000000b5a00000,0x00000000b6038020,0x00000000b6f00000)
Event: 23,149 GC heap after
Heap after GC invocations=13 (full 2):
 PSYoungGen      total 257024K, used 48131K [0x00000000eaa80000, 0x0000000100000000, 0x0000000100000000)
  eden space 164352K, 0% used [0x00000000eaa80000,0x00000000eaa80000,0x00000000f4b00000)
  from space 92672K, 51% used [0x00000000f4b00000,0x00000000f7a00d68,0x00000000fa580000)
  to   space 91136K, 0% used [0x00000000fa700000,0x00000000fa700000,0x0000000100000000)
 ParOldGen       total 295424K, used 187191K [0x00000000c0000000, 0x00000000d2080000, 0x00000000eaa80000)
  object space 295424K, 63% used [0x00000000c0000000,0x00000000cb6cdde0,0x00000000d2080000)
 PSPermGen       total 21504K, used 6368K [0x00000000b5a00000, 0x00000000b6f00000, 0x00000000c0000000)
  object space 21504K, 29% used [0x00000000b5a00000,0x00000000b6038020,0x00000000b6f00000)
}
Event: 24,258 GC heap before
{Heap before GC invocations=14 (full 2):
 PSYoungGen      total 257024K, used 212483K [0x00000000eaa80000, 0x0000000100000000, 0x0000000100000000)
  eden space 164352K, 100% used [0x00000000eaa80000,0x00000000f4b00000,0x00000000f4b00000)
  from space 92672K, 51% used [0x00000000f4b00000,0x00000000f7a00d68,0x00000000fa580000)
  to   space 91136K, 0% used [0x00000000fa700000,0x00000000fa700000,0x0000000100000000)
 ParOldGen       total 295424K, used 187191K [0x00000000c0000000, 0x00000000d2080000, 0x00000000eaa80000)
  object space 295424K, 63% used [0x00000000c0000000,0x00000000cb6cdde0,0x00000000d2080000)
 PSPermGen       total 21504K, used 6368K [0x00000000b5a00000, 0x00000000b6f00000, 0x00000000c0000000)
  object space 21504K, 29% used [0x00000000b5a00000,0x00000000b6038270,0x00000000b6f00000)
Event: 24,379 GC heap after
Heap after GC invocations=14 (full 2):
 PSYoungGen      total 243200K, used 73339K [0x00000000eaa80000, 0x0000000100000000, 0x0000000100000000)
  eden space 152064K, 0% used [0x00000000eaa80000,0x00000000eaa80000,0x00000000f3f00000)
  from space 91136K, 80% used [0x00000000fa700000,0x00000000fee9ecf8,0x0000000100000000)
  to   space 98816K, 0% used [0x00000000f3f00000,0x00000000f3f00000,0x00000000f9f80000)
 ParOldGen       total 295424K, used 187191K [0x00000000c0000000, 0x00000000d2080000, 0x00000000eaa80000)
  object space 295424K, 63% used [0x00000000c0000000,0x00000000cb6cdde0,0x00000000d2080000)
 PSPermGen       total 21504K, used 6368K [0x00000000b5a00000, 0x00000000b6f00000, 0x00000000c0000000)
  object space 21504K, 29% used [0x00000000b5a00000,0x00000000b6038270,0x00000000b6f00000)
}
Event: 25,155 GC heap before
{Heap before GC invocations=15 (full 2):
 PSYoungGen      total 243200K, used 225403K [0x00000000eaa80000, 0x0000000100000000, 0x0000000100000000)
  eden space 152064K, 100% used [0x00000000eaa80000,0x00000000f3f00000,0x00000000f3f00000)
  from space 91136K, 80% used [0x00000000fa700000,0x00000000fee9ecf8,0x0000000100000000)
  to   space 98816K, 0% used [0x00000000f3f00000,0x00000000f3f00000,0x00000000f9f80000)
 ParOldGen       total 295424K, used 187191K [0x00000000c0000000, 0x00000000d2080000, 0x00000000eaa80000)
  object space 295424K, 63% used [0x00000000c0000000,0x00000000cb6cdde0,0x00000000d2080000)
 PSPermGen       total 21504K, used 6370K [0x00000000b5a00000, 0x00000000b6f00000, 0x00000000c0000000)
  object space 21504K, 29% used [0x00000000b5a00000,0x00000000b6038a18,0x00000000b6f00000)
Event: 25,327 GC heap after
Heap after GC invocations=15 (full 2):
 PSYoungGen      total 250880K, used 98701K [0x00000000eaa80000, 0x0000000100000000, 0x0000000100000000)
  eden space 152064K, 0% used [0x00000000eaa80000,0x00000000eaa80000,0x00000000f3f00000)
  from space 98816K, 99% used [0x00000000f3f00000,0x00000000f9f63720,0x00000000f9f80000)
  to   space 98816K, 0% used [0x00000000f9f80000,0x00000000f9f80000,0x0000000100000000)
 ParOldGen       total 295424K, used 187191K [0x00000000c0000000, 0x00000000d2080000, 0x00000000eaa80000)
  object space 295424K, 63% used [0x00000000c0000000,0x00000000cb6cdde0,0x00000000d2080000)
 PSPermGen       total 21504K, used 6370K [0x00000000b5a00000, 0x00000000b6f00000, 0x00000000c0000000)
  object space 21504K, 29% used [0x00000000b5a00000,0x00000000b6038a18,0x00000000b6f00000)
}

Deoptimization events (10 events):
Event: 15,133 Thread 0x00007f23181b5000 Uncommon trap: reason=unstable_if action=reinterpret pc=0x00007f2314398c88 method=java.util.BitSet.nextClearBit(I)I @ 70
Event: 16,237 Thread 0x00007f23181bc800 Uncommon trap: reason=unstable_if action=reinterpret pc=0x00007f23142ecf28 method=com.android.dx.ssa.InterferenceRegisterMapper.areAnyPinned(Lcom/android/dx/rop/code/RegisterSpecList;II)Z @ 68
Event: 16,580 Thread 0x00007f23181bc800 Uncommon trap: reason=unstable_if action=reinterpret pc=0x00007f2314442138 method=com.android.dx.ssa.SCCP.simulateStmt(Lcom/android/dx/ssa/SsaInsn;)V @ 435
Event: 17,327 Thread 0x00007f23181b5000 Uncommon trap: reason=unstable_if action=reinterpret pc=0x00007f23144b687c method=com.android.dx.cf.code.Ropper.processBlock(Lcom/android/dx/cf/code/ByteBlock;Lcom/android/dx/cf/code/Frame;[I)V @ 651
Event: 17,578 Thread 0x00007f23181b5000 Uncommon trap: reason=class_check action=maybe_recompile pc=0x00007f2314329f94 method=com.android.dx.ssa.SCCP.replaceConstants()V @ 182
Event: 18,001 Thread 0x00007f23181bc800 Uncommon trap: reason=bimorphic action=maybe_recompile pc=0x00007f23143016e0 method=com.android.dx.ssa.LiteralOpUpgrader.tryReplacingWithConstant(Lcom/android/dx/ssa/NormalSsaInsn;)Z @ 62
Event: 18,015 Thread 0x00007f23181bc800 Uncommon trap: reason=bimorphic action=maybe_recompile pc=0x00007f23143016e0 method=com.android.dx.ssa.LiteralOpUpgrader.tryReplacingWithConstant(Lcom/android/dx/ssa/NormalSsaInsn;)Z @ 62
Event: 22,479 Thread 0x00007f23181bc800 Uncommon trap: reason=class_check action=maybe_recompile pc=0x00007f2314329f94 method=com.android.dx.ssa.SCCP.replaceConstants()V @ 182
Event: 24,932 Thread 0x00007f23181bc800 Uncommon trap: reason=unstable_if action=reinterpret pc=0x00007f23142f8d94 method=com.android.dx.ssa.SCCP.simulateBranch(Lcom/android/dx/ssa/SsaInsn;)V @ 334
Event: 25,793 Thread 0x00007f23181b5000 Uncommon trap: reason=unstable_if action=reinterpret pc=0x00007f231442a974 method=com.android.dx.cf.code.ConcreteMethod.<init>(Lcom/android/dx/cf/iface/Method;ILcom/android/dx/rop/cst/CstString;ZZ)V @ 14

Internal exceptions (10 events):
Event: 8,445 Thread 0x00007f23181bf800 Threw 0x00000000ee2e8cc0 at /build/openjdk-7-2FOwCu/openjdk-7-7u95-2.6.4/build/openjdk/hotspot/src/share/vm/prims/jvm.cpp:1322
Event: 8,446 Thread 0x00007f23181bf800 Threw 0x00000000ee5a5af8 at /build/openjdk-7-2FOwCu/openjdk-7-7u95-2.6.4/build/openjdk/hotspot/src/share/vm/prims/jvm.cpp:1322
Event: 8,447 Thread 0x00007f23181bf800 Threw 0x00000000ee5ab8f8 at /build/openjdk-7-2FOwCu/openjdk-7-7u95-2.6.4/build/openjdk/hotspot/src/share/vm/prims/jvm.cpp:1322
Event: 8,617 Thread 0x00007f23181bf800 Implicit null exception at 0x00007f23143de8b1 to 0x00007f23143e2d2d
Event: 10,698 Thread 0x00007f23181b5000 Implicit null exception at 0x00007f231447a335 to 0x00007f231447b809
Event: 11,406 Thread 0x00007f23181bf800 Implicit null exception at 0x00007f2314491f71 to 0x00007f231449507d
Event: 15,115 Thread 0x00007f231800a800 Implicit null exception at 0x00007f231444397c to 0x00007f2314443a73
Event: 15,233 Thread 0x00007f23181bc800 Threw 0x00000000f93b2ca8 at /build/openjdk-7-2FOwCu/openjdk-7-7u95-2.6.4/build/openjdk/hotspot/src/share/vm/prims/jvm.cpp:1322
Event: 15,914 Thread 0x00007f231800a800 Threw 0x00000000ec710410 at /build/openjdk-7-2FOwCu/openjdk-7-7u95-2.6.4/build/openjdk/hotspot/src/share/vm/prims/jvm.cpp:1322
Event: 16,292 Thread 0x00007f231800a800 Threw 0x00000000f15df618 at /build/openjdk-7-2FOwCu/openjdk-7-7u95-2.6.4/build/openjdk/hotspot/src/share/vm/prims/jvm.cpp:1322

Events (10 events):
Event: 24,932 Thread 0x00007f23181bc800 Uncommon trap: trap_request=0xffffff75 fr.pc=0x00007f23142f8d94
Event: 24,932 Thread 0x00007f23181bc800 DEOPT PACKING pc=0x00007f23142f8d94 sp=0x00007f230946e330
Event: 24,932 Thread 0x00007f23181bc800 DEOPT UNPACKING pc=0x00007f23141b4445 sp=0x00007f230946e2b8 mode 2
Event: 25,154 Executing VM operation: ParallelGCFailedAllocation
Event: 25,336 Executing VM operation: ParallelGCFailedAllocation done
Event: 25,400 Thread 0x00007f23180ac800 flushing nmethod 0x00007f23142eca10
Event: 25,439 Thread 0x00007f23180ac800 flushing nmethod 0x00007f2314441e10
Event: 25,793 Thread 0x00007f23181b5000 Uncommon trap: trap_request=0xffffff75 fr.pc=0x00007f231442a974
Event: 25,793 Thread 0x00007f23181b5000 DEOPT PACKING pc=0x00007f231442a974 sp=0x00007f230956f3a0
Event: 25,793 Thread 0x00007f23181b5000 DEOPT UNPACKING pc=0x00007f23141b4445 sp=0x00007f230956f350 mode 2


Dynamic libraries:
00400000-00401000 r-xp 00000000 08:02 2761158                            /usr/lib/jvm/java-7-openjdk-amd64/jre/bin/java
00600000-00601000 r--p 00000000 08:02 2761158                            /usr/lib/jvm/java-7-openjdk-amd64/jre/bin/java
00601000-00602000 rw-p 00001000 08:02 2761158                            /usr/lib/jvm/java-7-openjdk-amd64/jre/bin/java
02002000-02023000 rw-p 00000000 00:00 0                                  [heap]
b5a00000-b6f00000 rw-p 00000000 00:00 0 
b6f00000-c0000000 rw-p 00000000 00:00 0 
c0000000-d2080000 rw-p 00000000 00:00 0 
d2080000-eaa80000 rw-p 00000000 00:00 0 
eaa80000-100000000 rw-p 00000000 00:00 0 
7f22c4000000-7f22c4041000 rw-p 00000000 00:00 0 
7f22c4041000-7f22c8000000 ---p 00000000 00:00 0 
7f22c8000000-7f22c8022000 rw-p 00000000 00:00 0 
7f22c8022000-7f22cc000000 ---p 00000000 00:00 0 
7f22cc000000-7f22cc021000 rw-p 00000000 00:00 0 
7f22cc021000-7f22d0000000 ---p 00000000 00:00 0 
7f22d0000000-7f22d0029000 rw-p 00000000 00:00 0 
7f22d0029000-7f22d4000000 ---p 00000000 00:00 0 
7f22d4000000-7f22d4021000 rw-p 00000000 00:00 0 
7f22d4021000-7f22d8000000 ---p 00000000 00:00 0 
7f22d8000000-7f22d8036000 rw-p 00000000 00:00 0 
7f22d8036000-7f22dc000000 ---p 00000000 00:00 0 
7f22dc000000-7f22de68e000 rw-p 00000000 00:00 0 
7f22de68e000-7f22e0000000 ---p 00000000 00:00 0 
7f22e0000000-7f22e0021000 rw-p 00000000 00:00 0 
7f22e0021000-7f22e4000000 ---p 00000000 00:00 0 
7f22e4000000-7f22e4021000 rw-p 00000000 00:00 0 
7f22e4021000-7f22e8000000 ---p 00000000 00:00 0 
7f22e8000000-7f22e9add000 rw-p 00000000 00:00 0 
7f22e9add000-7f22ec000000 ---p 00000000 00:00 0 
7f22ec000000-7f22ec021000 rw-p 00000000 00:00 0 
7f22ec021000-7f22f0000000 ---p 00000000 00:00 0 
7f22f0000000-7f22f0021000 rw-p 00000000 00:00 0 
7f22f0021000-7f22f4000000 ---p 00000000 00:00 0 
7f22f4000000-7f22f4021000 rw-p 00000000 00:00 0 
7f22f4021000-7f22f8000000 ---p 00000000 00:00 0 
7f22f8000000-7f22f8021000 rw-p 00000000 00:00 0 
7f22f8021000-7f22fc000000 ---p 00000000 00:00 0 
7f22fc000000-7f22fc021000 rw-p 00000000 00:00 0 
7f22fc021000-7f2300000000 ---p 00000000 00:00 0 
7f2304000000-7f2304021000 rw-p 00000000 00:00 0 
7f2304021000-7f2308000000 ---p 00000000 00:00 0 
7f230926e000-7f2309271000 ---p 00000000 00:00 0 
7f2309271000-7f230936f000 rw-p 00000000 00:00 0                          [stack:31594]
7f230936f000-7f2309372000 ---p 00000000 00:00 0 
7f2309372000-7f2309470000 rw-p 00000000 00:00 0                          [stack:31593]
7f2309470000-7f2309473000 ---p 00000000 00:00 0 
7f2309473000-7f2309571000 rw-p 00000000 00:00 0                          [stack:31592]
7f2309571000-7f2309574000 ---p 00000000 00:00 0 
7f2309574000-7f2309672000 rw-p 00000000 00:00 0                          [stack:31591]
7f2309672000-7f2309675000 ---p 00000000 00:00 0 
7f2309675000-7f23097a4000 rw-p 00000000 00:00 0                          [stack:31590]
7f23097a4000-7f23097e1000 r-xp 00000000 08:02 13447                      /lib/x86_64-linux-gnu/libpcre.so.3.13.1
7f23097e1000-7f23099e0000 ---p 0003d000 08:02 13447                      /lib/x86_64-linux-gnu/libpcre.so.3.13.1
7f23099e0000-7f23099e1000 r--p 0003c000 08:02 13447                      /lib/x86_64-linux-gnu/libpcre.so.3.13.1
7f23099e1000-7f23099e2000 rw-p 0003d000 08:02 13447                      /lib/x86_64-linux-gnu/libpcre.so.3.13.1
7f23099e2000-7f23099e9000 r-xp 00000000 08:02 21389                      /usr/lib/x86_64-linux-gnu/libffi.so.6.0.1
7f23099e9000-7f2309be8000 ---p 00007000 08:02 21389                      /usr/lib/x86_64-linux-gnu/libffi.so.6.0.1
7f2309be8000-7f2309be9000 r--p 00006000 08:02 21389                      /usr/lib/x86_64-linux-gnu/libffi.so.6.0.1
7f2309be9000-7f2309bea000 rw-p 00007000 08:02 21389                      /usr/lib/x86_64-linux-gnu/libffi.so.6.0.1
7f2309bea000-7f2309c01000 r-xp 00000000 08:02 3147                       /lib/x86_64-linux-gnu/libresolv-2.19.so
7f2309c01000-7f2309e01000 ---p 00017000 08:02 3147                       /lib/x86_64-linux-gnu/libresolv-2.19.so
7f2309e01000-7f2309e02000 r--p 00017000 08:02 3147                       /lib/x86_64-linux-gnu/libresolv-2.19.so
7f2309e02000-7f2309e03000 rw-p 00018000 08:02 3147                       /lib/x86_64-linux-gnu/libresolv-2.19.so
7f2309e03000-7f2309e05000 rw-p 00000000 00:00 0 
7f2309e05000-7f2309e25000 r-xp 00000000 08:02 13524                      /lib/x86_64-linux-gnu/libselinux.so.1
7f2309e25000-7f230a024000 ---p 00020000 08:02 13524                      /lib/x86_64-linux-gnu/libselinux.so.1
7f230a024000-7f230a025000 r--p 0001f000 08:02 13524                      /lib/x86_64-linux-gnu/libselinux.so.1
7f230a025000-7f230a026000 rw-p 00020000 08:02 13524                      /lib/x86_64-linux-gnu/libselinux.so.1
7f230a026000-7f230a028000 rw-p 00000000 00:00 0 
7f230a028000-7f230a02b000 r-xp 00000000 08:02 28550                      /usr/lib/x86_64-linux-gnu/libgmodule-2.0.so.0.4002.0
7f230a02b000-7f230a22a000 ---p 00003000 08:02 28550                      /usr/lib/x86_64-linux-gnu/libgmodule-2.0.so.0.4002.0
7f230a22a000-7f230a22b000 r--p 00002000 08:02 28550                      /usr/lib/x86_64-linux-gnu/libgmodule-2.0.so.0.4002.0
7f230a22b000-7f230a22c000 rw-p 00003000 08:02 28550                      /usr/lib/x86_64-linux-gnu/libgmodule-2.0.so.0.4002.0
7f230a22c000-7f230a332000 r-xp 00000000 08:02 13425                      /lib/x86_64-linux-gnu/libglib-2.0.so.0.4002.0
7f230a332000-7f230a531000 ---p 00106000 08:02 13425                      /lib/x86_64-linux-gnu/libglib-2.0.so.0.4002.0
7f230a531000-7f230a532000 r--p 00105000 08:02 13425                      /lib/x86_64-linux-gnu/libglib-2.0.so.0.4002.0
7f230a532000-7f230a533000 rw-p 00106000 08:02 13425                      /lib/x86_64-linux-gnu/libglib-2.0.so.0.4002.0
7f230a533000-7f230a534000 rw-p 00000000 00:00 0 
7f230a534000-7f230a583000 r-xp 00000000 08:02 28566                      /usr/lib/x86_64-linux-gnu/libgobject-2.0.so.0.4002.0
7f230a583000-7f230a783000 ---p 0004f000 08:02 28566                      /usr/lib/x86_64-linux-gnu/libgobject-2.0.so.0.4002.0
7f230a783000-7f230a784000 r--p 0004f000 08:02 28566                      /usr/lib/x86_64-linux-gnu/libgobject-2.0.so.0.4002.0
7f230a784000-7f230a785000 rw-p 00050000 08:02 28566                      /usr/lib/x86_64-linux-gnu/libgobject-2.0.so.0.4002.0
7f230a785000-7f230a8f1000 r-xp 00000000 08:02 28538                      /usr/lib/x86_64-linux-gnu/libgio-2.0.so.0.4002.0
7f230a8f1000-7f230aaf0000 ---p 0016c000 08:02 28538                      /usr/lib/x86_64-linux-gnu/libgio-2.0.so.0.4002.0
7f230aaf0000-7f230aaf4000 r--p 0016b000 08:02 28538                      /usr/lib/x86_64-linux-gnu/libgio-2.0.so.0.4002.0
7f230aaf4000-7f230aaf6000 rw-p 0016f000 08:02 28538                      /usr/lib/x86_64-linux-gnu/libgio-2.0.so.0.4002.0
7f230aaf6000-7f230aaf8000 rw-p 00000000 00:00 0 
7f230ab1c000-7f230ab33000 r-xp 00000000 08:02 2625929                    /usr/lib/jvm/java-7-openjdk-amd64/jre/lib/amd64/libnet.so
7f230ab33000-7f230ad32000 ---p 00017000 08:02 2625929                    /usr/lib/jvm/java-7-openjdk-amd64/jre/lib/amd64/libnet.so
7f230ad32000-7f230ad33000 r--p 00016000 08:02 2625929                    /usr/lib/jvm/java-7-openjdk-amd64/jre/lib/amd64/libnet.so
7f230ad33000-7f230ad34000 rw-p 00017000 08:02 2625929                    /usr/lib/jvm/java-7-openjdk-amd64/jre/lib/amd64/libnet.so
7f230ad34000-7f230ad44000 r-xp 00000000 08:02 2625910                    /usr/lib/jvm/java-7-openjdk-amd64/jre/lib/amd64/libnio.so
7f230ad44000-7f230af44000 ---p 00010000 08:02 2625910                    /usr/lib/jvm/java-7-openjdk-amd64/jre/lib/amd64/libnio.so
7f230af44000-7f230af45000 r--p 00010000 08:02 2625910                    /usr/lib/jvm/java-7-openjdk-amd64/jre/lib/amd64/libnio.so
7f230af45000-7f230af46000 rw-p 00011000 08:02 2625910                    /usr/lib/jvm/java-7-openjdk-amd64/jre/lib/amd64/libnio.so
7f230af46000-7f230afe5000 r--s 0081a000 08:02 1709751                    /home/ivan/workspace/Champy_v2/app/build/intermediates/transforms/jarMerging/debug/jars/1/1f/combined.jar
7f230afe5000-7f230afe6000 ---p 00000000 00:00 0 
7f230afe6000-7f230b0e6000 rw-p 00000000 00:00 0                          [stack:31589]
7f230b0e6000-7f230b0e9000 ---p 00000000 00:00 0 
7f230b0e9000-7f230b1e7000 rw-p 00000000 00:00 0                          [stack:31588]
7f230b1e7000-7f230b1ea000 ---p 00000000 00:00 0 
7f230b1ea000-7f230b2e8000 rw-p 00000000 00:00 0                          [stack:31587]
7f230b2e8000-7f230b2eb000 ---p 00000000 00:00 0 
7f230b2eb000-7f230b3e9000 rw-p 00000000 00:00 0                          [stack:31586]
7f230b3e9000-7f230b3ec000 ---p 00000000 00:00 0 
7f230b3ec000-7f230b4ea000 rw-p 00000000 00:00 0                          [stack:31585]
7f230b4ea000-7f230bcfd000 r--p 00000000 08:02 27195                      /usr/lib/locale/locale-archive
7f230bcfd000-7f230bd00000 ---p 00000000 00:00 0 
7f230bd00000-7f230bdfe000 rw-p 00000000 00:00 0                          [stack:31584]
7f230bdfe000-7f230be01000 ---p 00000000 00:00 0 
7f230be01000-7f230beff000 rw-p 00000000 00:00 0                          [stack:31583]
7f230beff000-7f230bf00000 ---p 00000000 00:00 0 
7f230bf00000-7f230c000000 rw-p 00000000 00:00 0                          [stack:31582]
7f230c000000-7f230c021000 rw-p 00000000 00:00 0 
7f230c021000-7f2310000000 ---p 00000000 00:00 0 
7f2310004000-7f2310013000 r--s 000df000 08:02 1575371                    /home/ivan/Android/Sdk/build-tools/23.0.1/lib/dx.jar
7f2310013000-7f2310fc7000 rw-p 00000000 00:00 0 
7f2310fc7000-7f2311179000 r--s 01d2f000 08:02 2625893                    /usr/lib/jvm/java-7-openjdk-amd64/jre/lib/rt.jar
7f2311179000-7f23139cd000 rw-p 00000000 00:00 0 
7f23139cd000-7f23139ce000 ---p 00000000 00:00 0 
7f23139ce000-7f2313ace000 rw-p 00000000 00:00 0                          [stack:31581]
7f2313ace000-7f2313acf000 ---p 00000000 00:00 0 
7f2313acf000-7f2313bcf000 rw-p 00000000 00:00 0                          [stack:31580]
7f2313bcf000-7f2313bd0000 ---p 00000000 00:00 0 
7f2313bd0000-7f2313cd0000 rw-p 00000000 00:00 0                          [stack:31579]
7f2313cd0000-7f2313cd1000 ---p 00000000 00:00 0 
7f2313cd1000-7f2313e62000 rw-p 00000000 00:00 0                          [stack:31578]
7f2313e62000-7f2313f27000 rw-p 00000000 00:00 0 
7f2313f27000-7f2313f32000 rw-p 00000000 00:00 0 
7f2313f32000-7f2313f7a000 rw-p 00000000 00:00 0 
7f2313f7a000-7f231400b000 rw-p 00000000 00:00 0 
7f231400b000-7f23140cf000 rw-p 00000000 00:00 0 
7f23140cf000-7f231417a000 rw-p 00000000 00:00 0 
7f231417a000-7f231417b000 rw-p 00000000 00:00 0 
7f231417b000-7f231457b000 rwxp 00000000 00:00 0 
7f231457b000-7f231717b000 rw-p 00000000 00:00 0 
7f231717b000-7f2317183000 r-xp 00000000 08:02 2625902                    /usr/lib/jvm/java-7-openjdk-amd64/jre/lib/amd64/libzip.so
7f2317183000-7f2317382000 ---p 00008000 08:02 2625902                    /usr/lib/jvm/java-7-openjdk-amd64/jre/lib/amd64/libzip.so
7f2317382000-7f2317383000 r--p 00007000 08:02 2625902                    /usr/lib/jvm/java-7-openjdk-amd64/jre/lib/amd64/libzip.so
7f2317383000-7f2317384000 rw-p 00008000 08:02 2625902                    /usr/lib/jvm/java-7-openjdk-amd64/jre/lib/amd64/libzip.so
7f2317384000-7f231738f000 r-xp 00000000 08:02 3187                       /lib/x86_64-linux-gnu/libnss_files-2.19.so
7f231738f000-7f231758e000 ---p 0000b000 08:02 3187                       /lib/x86_64-linux-gnu/libnss_files-2.19.so
7f231758e000-7f231758f000 r--p 0000a000 08:02 3187                       /lib/x86_64-linux-gnu/libnss_files-2.19.so
7f231758f000-7f2317590000 rw-p 0000b000 08:02 3187                       /lib/x86_64-linux-gnu/libnss_files-2.19.so
7f2317590000-7f231759b000 r-xp 00000000 08:02 3171                       /lib/x86_64-linux-gnu/libnss_nis-2.19.so
7f231759b000-7f231779a000 ---p 0000b000 08:02 3171                       /lib/x86_64-linux-gnu/libnss_nis-2.19.so
7f231779a000-7f231779b000 r--p 0000a000 08:02 3171                       /lib/x86_64-linux-gnu/libnss_nis-2.19.so
7f231779b000-7f231779c000 rw-p 0000b000 08:02 3171                       /lib/x86_64-linux-gnu/libnss_nis-2.19.so
7f231779c000-7f23177b3000 r-xp 00000000 08:02 3163                       /lib/x86_64-linux-gnu/libnsl-2.19.so
7f23177b3000-7f23179b2000 ---p 00017000 08:02 3163                       /lib/x86_64-linux-gnu/libnsl-2.19.so
7f23179b2000-7f23179b3000 r--p 00016000 08:02 3163                       /lib/x86_64-linux-gnu/libnsl-2.19.so
7f23179b3000-7f23179b4000 rw-p 00017000 08:02 3163                       /lib/x86_64-linux-gnu/libnsl-2.19.so
7f23179b4000-7f23179b6000 rw-p 00000000 00:00 0 
7f23179b6000-7f23179bf000 r-xp 00000000 08:02 3161                       /lib/x86_64-linux-gnu/libnss_compat-2.19.so
7f23179bf000-7f2317bbe000 ---p 00009000 08:02 3161                       /lib/x86_64-linux-gnu/libnss_compat-2.19.so
7f2317bbe000-7f2317bbf000 r--p 00008000 08:02 3161                       /lib/x86_64-linux-gnu/libnss_compat-2.19.so
7f2317bbf000-7f2317bc0000 rw-p 00009000 08:02 3161                       /lib/x86_64-linux-gnu/libnss_compat-2.19.so
7f2317bc0000-7f2317beb000 r-xp 00000000 08:02 2625925                    /usr/lib/jvm/java-7-openjdk-amd64/jre/lib/amd64/libjava.so
7f2317beb000-7f2317deb000 ---p 0002b000 08:02 2625925                    /usr/lib/jvm/java-7-openjdk-amd64/jre/lib/amd64/libjava.so
7f2317deb000-7f2317dec000 r--p 0002b000 08:02 2625925                    /usr/lib/jvm/java-7-openjdk-amd64/jre/lib/amd64/libjava.so
7f2317dec000-7f2317dee000 rw-p 0002c000 08:02 2625925                    /usr/lib/jvm/java-7-openjdk-amd64/jre/lib/amd64/libjava.so
7f2317dee000-7f2317dfe000 r-xp 00000000 08:02 2625907                    /usr/lib/jvm/java-7-openjdk-amd64/jre/lib/amd64/libverify.so
7f2317dfe000-7f2317ffd000 ---p 00010000 08:02 2625907                    /usr/lib/jvm/java-7-openjdk-amd64/jre/lib/amd64/libverify.so
7f2317ffd000-7f2317fff000 r--p 0000f000 08:02 2625907                    /usr/lib/jvm/java-7-openjdk-amd64/jre/lib/amd64/libverify.so
7f2317fff000-7f2318000000 rw-p 00011000 08:02 2625907                    /usr/lib/jvm/java-7-openjdk-amd64/jre/lib/amd64/libverify.so
7f2318000000-7f23182a4000 rw-p 00000000 00:00 0 
7f23182a4000-7f231c000000 ---p 00000000 00:00 0 
7f231c004000-7f231c080000 rw-p 00000000 00:00 0 
7f231c080000-7f231c0c8000 rw-p 00000000 00:00 0 
7f231c0c8000-7f231c0cf000 r-xp 00000000 08:02 3179                       /lib/x86_64-linux-gnu/librt-2.19.so
7f231c0cf000-7f231c2ce000 ---p 00007000 08:02 3179                       /lib/x86_64-linux-gnu/librt-2.19.so
7f231c2ce000-7f231c2cf000 r--p 00006000 08:02 3179                       /lib/x86_64-linux-gnu/librt-2.19.so
7f231c2cf000-7f231c2d0000 rw-p 00007000 08:02 3179                       /lib/x86_64-linux-gnu/librt-2.19.so
7f231c2d0000-7f231c2e6000 r-xp 00000000 08:02 3455                       /lib/x86_64-linux-gnu/libgcc_s.so.1
7f231c2e6000-7f231c4e5000 ---p 00016000 08:02 3455                       /lib/x86_64-linux-gnu/libgcc_s.so.1
7f231c4e5000-7f231c4e6000 r--p 00015000 08:02 3455                       /lib/x86_64-linux-gnu/libgcc_s.so.1
7f231c4e6000-7f231c4e7000 rw-p 00016000 08:02 3455                       /lib/x86_64-linux-gnu/libgcc_s.so.1
7f231c4e7000-7f231c5ec000 r-xp 00000000 08:02 3151                       /lib/x86_64-linux-gnu/libm-2.19.so
7f231c5ec000-7f231c7eb000 ---p 00105000 08:02 3151                       /lib/x86_64-linux-gnu/libm-2.19.so
7f231c7eb000-7f231c7ec000 r--p 00104000 08:02 3151                       /lib/x86_64-linux-gnu/libm-2.19.so
7f231c7ec000-7f231c7ed000 rw-p 00105000 08:02 3151                       /lib/x86_64-linux-gnu/libm-2.19.so
7f231c7ed000-7f231c8da000 r-xp 00000000 08:02 9486                       /usr/lib/x86_64-linux-gnu/libstdc++.so.6.0.20
7f231c8da000-7f231cada000 ---p 000ed000 08:02 9486                       /usr/lib/x86_64-linux-gnu/libstdc++.so.6.0.20
7f231cada000-7f231cae2000 r--p 000ed000 08:02 9486                       /usr/lib/x86_64-linux-gnu/libstdc++.so.6.0.20
7f231cae2000-7f231cae4000 rw-p 000f5000 08:02 9486                       /usr/lib/x86_64-linux-gnu/libstdc++.so.6.0.20
7f231cae4000-7f231caf9000 rw-p 00000000 00:00 0 
7f231caf9000-7f231d61e000 r-xp 00000000 08:02 2625903                    /usr/lib/jvm/java-7-openjdk-amd64/jre/lib/amd64/server/libjvm.so
7f231d61e000-7f231d81e000 ---p 00b25000 08:02 2625903                    /usr/lib/jvm/java-7-openjdk-amd64/jre/lib/amd64/server/libjvm.so
7f231d81e000-7f231d8b8000 r--p 00b25000 08:02 2625903                    /usr/lib/jvm/java-7-openjdk-amd64/jre/lib/amd64/server/libjvm.so
7f231d8b8000-7f231d8db000 rw-p 00bbf000 08:02 2625903                    /usr/lib/jvm/java-7-openjdk-amd64/jre/lib/amd64/server/libjvm.so
7f231d8db000-7f231d909000 rw-p 00000000 00:00 0 
7f231d909000-7f231d921000 r-xp 00000000 08:02 13550                      /lib/x86_64-linux-gnu/libz.so.1.2.8
7f231d921000-7f231db20000 ---p 00018000 08:02 13550                      /lib/x86_64-linux-gnu/libz.so.1.2.8
7f231db20000-7f231db21000 r--p 00017000 08:02 13550                      /lib/x86_64-linux-gnu/libz.so.1.2.8
7f231db21000-7f231db22000 rw-p 00018000 08:02 13550                      /lib/x86_64-linux-gnu/libz.so.1.2.8
7f231db22000-7f231db3b000 r-xp 00000000 08:02 3165                       /lib/x86_64-linux-gnu/libpthread-2.19.so
7f231db3b000-7f231dd3a000 ---p 00019000 08:02 3165                       /lib/x86_64-linux-gnu/libpthread-2.19.so
7f231dd3a000-7f231dd3b000 r--p 00018000 08:02 3165                       /lib/x86_64-linux-gnu/libpthread-2.19.so
7f231dd3b000-7f231dd3c000 rw-p 00019000 08:02 3165                       /lib/x86_64-linux-gnu/libpthread-2.19.so
7f231dd3c000-7f231dd40000 rw-p 00000000 00:00 0 
7f231dd40000-7f231dd43000 r-xp 00000000 08:02 3155                       /lib/x86_64-linux-gnu/libdl-2.19.so
7f231dd43000-7f231df42000 ---p 00003000 08:02 3155                       /lib/x86_64-linux-gnu/libdl-2.19.so
7f231df42000-7f231df43000 r--p 00002000 08:02 3155                       /lib/x86_64-linux-gnu/libdl-2.19.so
7f231df43000-7f231df44000 rw-p 00003000 08:02 3155                       /lib/x86_64-linux-gnu/libdl-2.19.so
7f231df44000-7f231e0ff000 r-xp 00000000 08:02 3181                       /lib/x86_64-linux-gnu/libc-2.19.so
7f231e0ff000-7f231e2fe000 ---p 001bb000 08:02 3181                       /lib/x86_64-linux-gnu/libc-2.19.so
7f231e2fe000-7f231e302000 r--p 001ba000 08:02 3181                       /lib/x86_64-linux-gnu/libc-2.19.so
7f231e302000-7f231e304000 rw-p 001be000 08:02 3181                       /lib/x86_64-linux-gnu/libc-2.19.so
7f231e304000-7f231e309000 rw-p 00000000 00:00 0 
7f231e309000-7f231e316000 r-xp 00000000 08:02 2625897                    /usr/lib/jvm/java-7-openjdk-amd64/jre/lib/amd64/jli/libjli.so
7f231e316000-7f231e515000 ---p 0000d000 08:02 2625897                    /usr/lib/jvm/java-7-openjdk-amd64/jre/lib/amd64/jli/libjli.so
7f231e515000-7f231e516000 r--p 0000c000 08:02 2625897                    /usr/lib/jvm/java-7-openjdk-amd64/jre/lib/amd64/jli/libjli.so
7f231e516000-7f231e517000 rw-p 0000d000 08:02 2625897                    /usr/lib/jvm/java-7-openjdk-amd64/jre/lib/amd64/jli/libjli.so
7f231e517000-7f231e53a000 r-xp 00000000 08:02 3167                       /lib/x86_64-linux-gnu/ld-2.19.so
7f231e53a000-7f231e53b000 rw-p 00000000 00:00 0 
7f231e53b000-7f231e53f000 r--s 00034000 08:02 2625935                    /usr/lib/jvm/java-7-openjdk-amd64/jre/lib/ext/sunjce_provider.jar
7f231e53f000-7f231e541000 r--s 00012000 08:02 2625936                    /usr/lib/jvm/java-7-openjdk-amd64/jre/lib/ext/zipfs.jar
7f231e541000-7f231e542000 r--s 00002000 08:02 2625938                    /usr/lib/jvm/java-7-openjdk-amd64/jre/lib/ext/dnsns.jar
7f231e542000-7f231e545000 r--s 0000f000 08:02 2625939                    /usr/lib/jvm/java-7-openjdk-amd64/jre/lib/ext/icedtea-sound.jar
7f231e545000-7f231e549000 r--s 0003c000 08:02 2625937                    /usr/lib/jvm/java-7-openjdk-amd64/jre/lib/ext/sunpkcs11.jar
7f231e549000-7f231e54d000 r--s 00085000 08:02 2625934                    /usr/lib/jvm/java-7-openjdk-amd64/jre/lib/ext/localedata.jar
7f231e54d000-7f231e55d000 rw-p 00000000 00:00 0 
7f231e55d000-7f231e60d000 rw-p 00000000 00:00 0 
7f231e60d000-7f231e610000 ---p 00000000 00:00 0 
7f231e610000-7f231e713000 rw-p 00000000 00:00 0                          [stack:31577]
7f231e713000-7f231e715000 r--s 00006000 08:02 5674                       /usr/share/java/java-atk-wrapper.jar
7f231e715000-7f231e72d000 rw-p 00000000 00:00 0 
7f231e72d000-7f231e735000 rw-s 00000000 08:02 1313435                    /tmp/hsperfdata_ivan/31572
7f231e735000-7f231e736000 rw-p 00000000 00:00 0 
7f231e736000-7f231e737000 r--p 00000000 00:00 0 
7f231e737000-7f231e739000 rw-p 00000000 00:00 0 
7f231e739000-7f231e73a000 r--p 00022000 08:02 3167                       /lib/x86_64-linux-gnu/ld-2.19.so
7f231e73a000-7f231e73b000 rw-p 00023000 08:02 3167                       /lib/x86_64-linux-gnu/ld-2.19.so
7f231e73b000-7f231e73c000 rw-p 00000000 00:00 0 
7ffe22ae5000-7ffe22b06000 rw-p 00000000 00:00 0                          [stack]
7ffe22b6e000-7ffe22b70000 r-xp 00000000 00:00 0                          [vdso]
7ffe22b70000-7ffe22b72000 r--p 00000000 00:00 0                          [vvar]
ffffffffff600000-ffffffffff601000 r-xp 00000000 00:00 0                  [vsyscall]

VM Arguments:
jvm_args: -Djava.awt.headless=true -Xmx1024M -Dfile.encoding=UTF-8 -Duser.country=UA -Duser.language=ru -Duser.variant 
java_command: com.android.dx.command.Main --dex --num-threads=4 --multi-dex --main-dex-list /home/ivan/workspace/Champy_v2/app/build/intermediates/multi-dex/debug/maindexlist.txt --output /home/ivan/workspace/Champy_v2/app/build/intermediates/transforms/dex/debug/folders/1000/1f/main /home/ivan/workspace/Champy_v2/app/build/intermediates/transforms/jarMerging/debug/jars/1/1f/combined.jar
Launcher Type: SUN_STANDARD

Environment Variables:
JAVA_HOME=/usr/lib/jvm/java-8-oracle
PATH=/usr/local/sbin:/usr/local/bin:/usr/sbin:/usr/bin:/sbin:/bin:/usr/games:/usr/local/games:/usr/lib/jvm/java-8-oracle/bin:/usr/lib/jvm/java-8-oracle/db/bin:/usr/lib/jvm/java-8-oracle/jre/bin
SHELL=/bin/bash
DISPLAY=:0

Signal Handlers:
SIGSEGV: [libjvm.so+0x955bc0], sa_mask[0]=0x7ffbfeff, sa_flags=0x10000004
SIGBUS: [libjvm.so+0x955bc0], sa_mask[0]=0x7ffbfeff, sa_flags=0x10000004
SIGFPE: [libjvm.so+0x7caff0], sa_mask[0]=0x7ffbfeff, sa_flags=0x10000004
SIGPIPE: [libjvm.so+0x7caff0], sa_mask[0]=0x7ffbfeff, sa_flags=0x10000004
SIGXFSZ: [libjvm.so+0x7caff0], sa_mask[0]=0x7ffbfeff, sa_flags=0x10000004
SIGILL: [libjvm.so+0x7caff0], sa_mask[0]=0x7ffbfeff, sa_flags=0x10000004
SIGUSR1: SIG_DFL, sa_mask[0]=0x00000000, sa_flags=0x00000000
SIGUSR2: [libjvm.so+0x7cae90], sa_mask[0]=0x00000004, sa_flags=0x10000004
SIGHUP: [libjvm.so+0x7cb070], sa_mask[0]=0x7ffbfeff, sa_flags=0x10000004
SIGINT: [libjvm.so+0x7cb070], sa_mask[0]=0x7ffbfeff, sa_flags=0x10000004
SIGTERM: [libjvm.so+0x7cb070], sa_mask[0]=0x7ffbfeff, sa_flags=0x10000004
SIGQUIT: [libjvm.so+0x7cb070], sa_mask[0]=0x7ffbfeff, sa_flags=0x10000004
SIGTRAP: SIG_DFL, sa_mask[0]=0x00000000, sa_flags=0x00000000


---------------  S Y S T E M  ---------------

OS:Ubuntu 14.04 (trusty)
uname:Linux 3.16.0-67-generic #87~14.04.1-Ubuntu SMP Fri Mar 11 00:26:02 UTC 2016 x86_64
libc:glibc 2.19 NPTL 2.19 
rlimit: STACK 8192k, CORE 0k, NPROC 30693, NOFILE 4096, AS infinity
load average:4,99 2,52 1,61

/proc/meminfo:
MemTotal:        8059688 kB
MemFree:          173516 kB
MemAvailable:    1624416 kB
Buffers:          126184 kB
Cached:          1493148 kB
SwapCached:            0 kB
Active:          4977856 kB
Inactive:        1842420 kB
Active(anon):    4206764 kB
Inactive(anon):  1093984 kB
Active(file):     771092 kB
Inactive(file):   748436 kB
Unevictable:          72 kB
Mlocked:              72 kB
SwapTotal:       4075516 kB
SwapFree:        4075180 kB
Dirty:             49072 kB
Writeback:             0 kB
AnonPages:       5200712 kB
Mapped:          1146948 kB
Shmem:             99564 kB
Slab:             239024 kB
SReclaimable:     184776 kB
SUnreclaim:        54248 kB
KernelStack:       13024 kB
PageTables:        64116 kB
NFS_Unstable:          0 kB
Bounce:                0 kB
WritebackTmp:          0 kB
CommitLimit:     8105360 kB
Committed_AS:   12023096 kB
VmallocTotal:   34359738367 kB
VmallocUsed:      395968 kB
VmallocChunk:   34359317516 kB
HardwareCorrupted:     0 kB
AnonHugePages:   2158592 kB
HugePages_Total:       0
HugePages_Free:        0
HugePages_Rsvd:        0
HugePages_Surp:        0
Hugepagesize:       2048 kB
DirectMap4k:      479172 kB
DirectMap2M:     7792640 kB


CPU:total 4 (2 cores per cpu, 2 threads per core) family 6 model 58 stepping 9, cmov, cx8, fxsr, mmx, sse, sse2, sse3, ssse3, sse4.1, sse4.2, popcnt, avx, erms, ht, tsc, tscinvbit, tscinv

/proc/cpuinfo:
processor	: 0
vendor_id	: GenuineIntel
cpu family	: 6
model		: 58
model name	: Intel(R) Core(TM) i3-3217U CPU @ 1.80GHz
stepping	: 9
microcode	: 0x15
cpu MHz		: 1800.000
cache size	: 3072 KB
physical id	: 0
siblings	: 4
core id		: 0
cpu cores	: 2
apicid		: 0
initial apicid	: 0
fpu		: yes
fpu_exception	: yes
cpuid level	: 13
wp		: yes
flags		: fpu vme de pse tsc msr pae mce cx8 apic sep mtrr pge mca cmov pat pse36 clflush dts acpi mmx fxsr sse sse2 ss ht tm pbe syscall nx rdtscp lm constant_tsc arch_perfmon pebs bts rep_good nopl xtopology nonstop_tsc aperfmperf eagerfpu pni pclmulqdq dtes64 monitor ds_cpl vmx est tm2 ssse3 cx16 xtpr pdcm pcid sse4_1 sse4_2 x2apic popcnt tsc_deadline_timer xsave avx f16c lahf_lm ida arat epb xsaveopt pln pts dtherm tpr_shadow vnmi flexpriority ept vpid fsgsbase smep erms
bogomips	: 3591.75
clflush size	: 64
cache_alignment	: 64
address sizes	: 36 bits physical, 48 bits virtual
power management:

processor	: 1
vendor_id	: GenuineIntel
cpu family	: 6
model		: 58
model name	: Intel(R) Core(TM) i3-3217U CPU @ 1.80GHz
stepping	: 9
microcode	: 0x15
cpu MHz		: 1800.000
cache size	: 3072 KB
physical id	: 0
siblings	: 4
core id		: 1
cpu cores	: 2
apicid		: 2
initial apicid	: 2
fpu		: yes
fpu_exception	: yes
cpuid level	: 13
wp		: yes
flags		: fpu vme de pse tsc msr pae mce cx8 apic sep mtrr pge mca cmov pat pse36 clflush dts acpi mmx fxsr sse sse2 ss ht tm pbe syscall nx rdtscp lm constant_tsc arch_perfmon pebs bts rep_good nopl xtopology nonstop_tsc aperfmperf eagerfpu pni pclmulqdq dtes64 monitor ds_cpl vmx est tm2 ssse3 cx16 xtpr pdcm pcid sse4_1 sse4_2 x2apic popcnt tsc_deadline_timer xsave avx f16c lahf_lm ida arat epb xsaveopt pln pts dtherm tpr_shadow vnmi flexpriority ept vpid fsgsbase smep erms
bogomips	: 3591.75
clflush size	: 64
cache_alignment	: 64
address sizes	: 36 bits physical, 48 bits virtual
power management:

processor	: 2
vendor_id	: GenuineIntel
cpu family	: 6
model		: 58
model name	: Intel(R) Core(TM) i3-3217U CPU @ 1.80GHz
stepping	: 9
microcode	: 0x15
cpu MHz		: 1800.000
cache size	: 3072 KB
physical id	: 0
siblings	: 4
core id		: 0
cpu cores	: 2
apicid		: 1
initial apicid	: 1
fpu		: yes
fpu_exception	: yes
cpuid level	: 13
wp		: yes
flags		: fpu vme de pse tsc msr pae mce cx8 apic sep mtrr pge mca cmov pat pse36 clflush dts acpi mmx fxsr sse sse2 ss ht tm pbe syscall nx rdtscp lm constant_tsc arch_perfmon pebs bts rep_good nopl xtopology nonstop_tsc aperfmperf eagerfpu pni pclmulqdq dtes64 monitor ds_cpl vmx est tm2 ssse3 cx16 xtpr pdcm pcid sse4_1 sse4_2 x2apic popcnt tsc_deadline_timer xsave avx f16c lahf_lm ida arat epb xsaveopt pln pts dtherm tpr_shadow vnmi flexpriority ept vpid fsgsbase smep erms
bogomips	: 3591.75
clflush size	: 64
cache_alignment	: 64
address sizes	: 36 bits physical, 48 bits virtual
power management:

processor	: 3
vendor_id	: GenuineIntel
cpu family	: 6
model		: 58
model name	: Intel(R) Core(TM) i3-3217U CPU @ 1.80GHz
stepping	: 9
microcode	: 0x15
cpu MHz		: 1800.000
cache size	: 3072 KB
physical id	: 0
siblings	: 4
core id		: 1
cpu cores	: 2
apicid		: 3
initial apicid	: 3
fpu		: yes
fpu_exception	: yes
cpuid level	: 13
wp		: yes
flags		: fpu vme de pse tsc msr pae mce cx8 apic sep mtrr pge mca cmov pat pse36 clflush dts acpi mmx fxsr sse sse2 ss ht tm pbe syscall nx rdtscp lm constant_tsc arch_perfmon pebs bts rep_good nopl xtopology nonstop_tsc aperfmperf eagerfpu pni pclmulqdq dtes64 monitor ds_cpl vmx est tm2 ssse3 cx16 xtpr pdcm pcid sse4_1 sse4_2 x2apic popcnt tsc_deadline_timer xsave avx f16c lahf_lm ida arat epb xsaveopt pln pts dtherm tpr_shadow vnmi flexpriority ept vpid fsgsbase smep erms
bogomips	: 3591.75
clflush size	: 64
cache_alignment	: 64
address sizes	: 36 bits physical, 48 bits virtual
power management:



Memory: 4k page, physical 8059688k(173268k free), swap 4075516k(4075180k free)

vm_info: OpenJDK 64-Bit Server VM (24.95-b01) for linux-amd64 JRE (1.7.0_95-b00), built on Jan 21 2016 03:31:40 by "buildd" with gcc 4.8.4

time: Wed Apr 13 15:37:03 2016
elapsed time: 26 seconds

