#
# A fatal error has been detected by the Java Runtime Environment:
#
#  SIGILL (0x4) at pc=0x00007f50bb1077fc, pid=857, tid=139984727189248
#
# JRE version: OpenJDK Runtime Environment (7.0_95) (build 1.7.0_95-b00)
# Java VM: OpenJDK 64-Bit Server VM (24.95-b01 mixed mode linux-amd64 compressed oops)
# Derivative: IcedTea 2.6.4
# Distribution: Ubuntu 14.04.3 LTS, package 7u95-2.6.4-0ubuntu0.14.04.1
# Problematic frame:
# C  [libz.so.1+0x97fc]  inflate+0xdac
#
# Failed to write core dump. Core dumps have been disabled. To enable core dumping, try "ulimit -c unlimited" before starting Java again
#
# If you would like to submit a bug report, please include
# instructions on how to reproduce the bug and visit:
#   http://icedtea.classpath.org/bugzilla
# The crash happened outside the Java Virtual Machine in native code.
# See problematic frame for where to report the bug.
#

---------------  T H R E A D  ---------------

Current thread (0x00007f50b400a800):  JavaThread "main" [_thread_in_native, id=859, stack(0x00007f50bbe02000,0x00007f50bbf03000)]

siginfo:si_signo=SIGILL: si_errno=0, si_code=2 (ILL_ILLOPN), si_addr=0x00007f50bb1077fc

Registers:
RAX=0xffffffffffff5090, RBX=0x0000000000000005, RCX=0x0000000000000000, RDX=0x00007f50bb1077f0
RSP=0x00007f50bbf01280, RBP=0x0000000000000012, RSI=0x00000000f0c58071, RDI=0x0000000000000000
R8 =0x0000000000000000, R9 =0x00000000c60020f8, R10=0x0000000000000000, R11=0x00007f50b4152240
R12=0x00000000f0c58071, R13=0x00000000000000c8, R14=0x00007f50b400a9d8, R15=0x00000000f0c58070
RIP=0x00007f50bb1077fc, EFLAGS=0x0000000000010202, CSGSFS=0x0000000000000033, ERR=0x0000000000000000
  TRAPNO=0x0000000000000006

Top of Stack: (sp=0x00007f50bbf01280)
0x00007f50bbf01280:   0000000000000010 00000000fd714b50
0x00007f50bbf01290:   00007f5000004e20 0000000000004e20
0x00007f50bbf012a0:   00000001000000c9 00007f50b41b5650
0x00007f50bbf012b0:   fffffffc00000000 00007f50bbf012e0
0x00007f50bbf012c0:   00007f50b4152550 00007f50b41522c8
0x00007f50bbf012d0:   00007f50b4152790 00007f50ba8f02f9
0x00007f50bbf012e0:   00007f50b400a800 5638f6b2265b7400
0x00007f50bbf012f0:   00007f50bbf012f0 00007f50b41b5650
0x00007f50bbf01300:   00007f50bbf01380 00007f50bbf01450
0x00007f50bbf01310:   00007f50b4077480 00007f50b400a9d8
0x00007f50bbf01320:   00000000f0c58070 00007f50b8a3b4e8
0x00007f50bbf01330:   00000000fd714b50 0000000000000000
0x00007f50bbf01340:   000000c900004e20 00007f50bbf01438
0x00007f50bbf01350:   0000000000000000 00000000b5c859a8
0x00007f50bbf01360:   0000000000000000 00000000b5c859a0
0x00007f50bbf01370:   00007f50bbf01450 00007f50b400a800
0x00007f50bbf01380:   00007f50bbf01408 00007f50b1012d98
0x00007f50bbf01390:   0000000000000000 00007f50bbf01388
0x00007f50bbf013a0:   00000000b5c831c4 00007f50bbf01400
0x00007f50bbf013b0:   00000000b5c83640 00000000b602aaa8
0x00007f50bbf013c0:   00000000b5c83210 00007f50bbf013c8
0x00007f50bbf013d0:   0000000000000000 00007f50bbf01450
0x00007f50bbf013e0:   00000000b5c86060 0000000000000000
0x00007f50bbf013f0:   00000000b5c859a8 0000000000000000
0x00007f50bbf01400:   00007f50bbf01428 00007f50bbf014a8
0x00007f50bbf01410:   00007f50b10061d4 0000000000000000
0x00007f50bbf01420:   00007f50b100ecd6 0000000000004e20
0x00007f50bbf01430:   0000000000000000 00000000fd714b40
0x00007f50bbf01440:   00007f50b41b5650 00000000c6002128
0x00007f50bbf01450:   00000000c60020f8 00000000c6002128
0x00007f50bbf01460:   00000000c6002128 00007f50bbf01458
0x00007f50bbf01470:   00000000b5c84ab9 00007f50bbf014f0 

Instructions: (pc=0x00007f50bb1077fc)
0x00007f50bb1077dc:   eb 41 89 8b 84 00 00 00 41 89 c9 e9 d5 fe ff ff
0x00007f50bb1077ec:   0f 1f 40 00 83 fb 0d 0f 87 c1 12 00 00 45 85 ed
0x00007f50bb1077fc:   0f 84 1e f8 ff ff 41 0f b6 04 24 89 d9 41 8d 75
0x00007f50bb10780c:   ff 49 8d 54 24 01 48 d3 e0 8d 4b 08 48 01 c5 83 

Register to memory mapping:

RAX=0xffffffffffff5090 is an unknown value
RBX=0x0000000000000005 is an unknown value
RCX=0x0000000000000000 is an unknown value
RDX=0x00007f50bb1077f0: inflate+0xda0 in /lib/x86_64-linux-gnu/libz.so.1 at 0x00007f50bb0fe000
RSP=0x00007f50bbf01280 is pointing into the stack for thread: 0x00007f50b400a800
RBP=0x0000000000000012 is an unknown value
RSI=0x00000000f0c58071 is an unknown value
RDI=0x0000000000000000 is an unknown value
R8 =0x0000000000000000 is an unknown value
R9 =0x00000000c60020f8 is an oop
java.util.zip.Inflater 
 - klass: 'java/util/zip/Inflater'
R10=0x0000000000000000 is an unknown value
R11=0x00007f50b4152240 is an unknown value
R12=0x00000000f0c58071 is an unknown value
R13=0x00000000000000c8 is an unknown value
R14=0x00007f50b400a9d8 is an unknown value
R15=0x00000000f0c58070 is an unknown value


Stack: [0x00007f50bbe02000,0x00007f50bbf03000],  sp=0x00007f50bbf01280,  free space=1020k
Native frames: (J=compiled Java code, j=interpreted, Vv=VM code, C=native code)
C  [libz.so.1+0x97fc]  inflate+0xdac

Java frames: (J=compiled Java code, j=interpreted, Vv=VM code)
j  java.util.zip.Inflater.inflateBytes(J[BII)I+0
j  java.util.zip.Inflater.inflate([BII)I+65
j  java.util.zip.InflaterInputStream.read([BII)I+53
j  java.io.FilterInputStream.read([B)I+5
j  com.android.dx.cf.direct.ClassPathOpener.processArchive(Ljava/io/File;)Z+145
j  com.android.dx.cf.direct.ClassPathOpener.processOne(Ljava/io/File;Z)Z+48
j  com.android.dx.cf.direct.ClassPathOpener.process()Z+15
j  com.android.dx.command.dexer.Main.processOne(Ljava/lang/String;Lcom/android/dx/cf/direct/ClassPathOpener$FileNameFilter;)V+20
j  com.android.dx.command.dexer.Main.processAllFiles()Z+242
j  com.android.dx.command.dexer.Main.runMultiDex()I+66
j  com.android.dx.command.dexer.Main.run(Lcom/android/dx/command/dexer/Main$Arguments;)I+66
j  com.android.dx.command.dexer.Main.main([Ljava/lang/String;)V+14
j  com.android.dx.command.Main.main([Ljava/lang/String;)V+61
v  ~StubRoutines::call_stub

---------------  P R O C E S S  ---------------

Java Threads: ( => current thread )
  0x00007f50b41ef000 JavaThread "pool-2-thread-4" [_thread_in_Java, id=879, stack(0x00007f50a29f8000,0x00007f50a2af9000)]
  0x00007f50b41ed800 JavaThread "pool-2-thread-3" [_thread_in_Java, id=878, stack(0x00007f50a2af9000,0x00007f50a2bfa000)]
  0x00007f50b41eb800 JavaThread "pool-2-thread-2" [_thread_in_vm_trans, id=877, stack(0x00007f50a2bfa000,0x00007f50a2cfb000)]
  0x00007f50b41eb000 JavaThread "pool-3-thread-1" [_thread_blocked, id=876, stack(0x00007f50a2cfb000,0x00007f50a2dfc000)]
  0x00007f50b41e9000 JavaThread "pool-2-thread-1" [_thread_in_Java, id=875, stack(0x00007f50a2dfc000,0x00007f50a2efd000)]
  0x00007f50b40b0800 JavaThread "Service Thread" daemon [_thread_blocked, id=873, stack(0x00007f50a87b2000,0x00007f50a88b3000)]
  0x00007f50b40ae800 JavaThread "C2 CompilerThread1" daemon [_thread_in_native, id=872, stack(0x00007f50a88b3000,0x00007f50a89b4000)]
  0x00007f50b40ab800 JavaThread "C2 CompilerThread0" daemon [_thread_in_native, id=871, stack(0x00007f50a89b4000,0x00007f50a8ab5000)]
  0x00007f50b40a9000 JavaThread "Signal Dispatcher" daemon [_thread_blocked, id=870, stack(0x00007f50a8ab5000,0x00007f50a8bb6000)]
  0x00007f50b407c000 JavaThread "Finalizer" daemon [_thread_blocked, id=869, stack(0x00007f50a93c9000,0x00007f50a94ca000)]
  0x00007f50b407a000 JavaThread "Reference Handler" daemon [_thread_blocked, id=868, stack(0x00007f50a94ca000,0x00007f50a95cb000)]
=>0x00007f50b400a800 JavaThread "main" [_thread_in_native, id=859, stack(0x00007f50bbe02000,0x00007f50bbf03000)]

Other Threads:
  0x00007f50b4075800 VMThread [stack: 0x00007f50a95cb000,0x00007f50a96cc000] [id=867]
  0x00007f50b40bb000 WatcherThread [stack: 0x00007f50a86b1000,0x00007f50a87b2000] [id=874]

VM state:not at safepoint (normal execution)

VM Mutex/Monitor currently owned by a thread: None

Heap
 PSYoungGen      total 203776K, used 146043K [0x00000000eaa80000, 0x0000000100000000, 0x0000000100000000)
  eden space 137728K, 76% used [0x00000000eaa80000,0x00000000f116a2c8,0x00000000f3100000)
  from space 66048K, 61% used [0x00000000fbf80000,0x00000000fe734bb0,0x0000000100000000)
  to   space 105984K, 0% used [0x00000000f3100000,0x00000000f3100000,0x00000000f9880000)
 ParOldGen       total 292352K, used 168908K [0x00000000c0000000, 0x00000000d1d80000, 0x00000000eaa80000)
  object space 292352K, 57% used [0x00000000c0000000,0x00000000ca4f3380,0x00000000d1d80000)
 PSPermGen       total 21504K, used 6369K [0x00000000b5a00000, 0x00000000b6f00000, 0x00000000c0000000)
  object space 21504K, 29% used [0x00000000b5a00000,0x00000000b6038690,0x00000000b6f00000)

Card table byte_map: [0x00007f50b87e4000,0x00007f50b8a38000] byte_map_base: 0x00007f50b8237000

Polling page: 0x00007f50bbf2b000

Code Cache  [0x00007f50b1000000, 0x00007f50b1340000, 0x00007f50b4000000)
 total_blobs=1167 nmethods=936 adapters=184 free_code_cache=45937Kb largest_free_block=46929536

Compilation events (10 events):
Event: 20,421 Thread 0x00007f50b40ae800 nmethod 975 0x00007f50b11e58d0 code [0x00007f50b11e5a00, 0x00007f50b11e5a58]
Event: 20,421 Thread 0x00007f50b40ae800  976             com.android.dx.dex.cf.AttributeTranslator::getParameterAnnotations (69 bytes)
Event: 20,450 Thread 0x00007f50b40ae800 nmethod 976 0x00007f50b11c2650 code [0x00007f50b11c2820, 0x00007f50b11c2ec8]
Event: 20,470 Thread 0x00007f50b40ae800  977             com.android.dx.dex.cf.AttributeTranslator::getMethodAnnotations (37 bytes)
Event: 20,646 Thread 0x00007f50b40ae800 nmethod 977 0x00007f50b1193550 code [0x00007f50b1193880, 0x00007f50b1194d40]
Event: 20,646 Thread 0x00007f50b40ae800  978             com.android.dx.cf.direct.StdAttributeFactory::code (613 bytes)
Event: 21,411 Thread 0x00007f50b40ae800 nmethod 978 0x00007f50b12e5110 code [0x00007f50b12e5420, 0x00007f50b12e7a68]
Event: 21,411 Thread 0x00007f50b40ae800  979             com.android.dx.cf.direct.DirectClassFile::getSourceFile (31 bytes)
Event: 21,440 Thread 0x00007f50b40ae800 nmethod 979 0x00007f50b126e950 code [0x00007f50b126eac0, 0x00007f50b126edf8]
Event: 21,440 Thread 0x00007f50b40ae800  980             com.android.dx.ssa.back.FirstFitLocalCombiningAllocator::handleInvokeRangeInsns (36 bytes)

GC Heap History (10 events):
Event: 14,148 GC heap before
{Heap before GC invocations=8 (full 1):
 PSYoungGen      total 280064K, used 31218K [0x00000000eaa80000, 0x0000000100000000, 0x0000000100000000)
  eden space 248832K, 0% used [0x00000000eaa80000,0x00000000eaa80000,0x00000000f9d80000)
  from space 31232K, 99% used [0x00000000f9d80000,0x00000000fbbfc848,0x00000000fbc00000)
  to   space 52736K, 0% used [0x00000000fcc80000,0x00000000fcc80000,0x0000000100000000)
 ParOldGen       total 83968K, used 83283K [0x00000000c0000000, 0x00000000c5200000, 0x00000000eaa80000)
  object space 83968K, 99% used [0x00000000c0000000,0x00000000c5154e68,0x00000000c5200000)
 PSPermGen       total 21504K, used 6308K [0x00000000b5a00000, 0x00000000b6f00000, 0x00000000c0000000)
  object space 21504K, 29% used [0x00000000b5a00000,0x00000000b6029298,0x00000000b6f00000)
Event: 15,797 GC heap after
Heap after GC invocations=8 (full 1):
 PSYoungGen      total 280064K, used 25376K [0x00000000eaa80000, 0x0000000100000000, 0x0000000100000000)
  eden space 248832K, 0% used [0x00000000eaa80000,0x00000000eaa80000,0x00000000f9d80000)
  from space 31232K, 81% used [0x00000000f9d80000,0x00000000fb6482a8,0x00000000fbc00000)
  to   space 52736K, 0% used [0x00000000fcc80000,0x00000000fcc80000,0x0000000100000000)
 ParOldGen       total 168960K, used 83517K [0x00000000c0000000, 0x00000000ca500000, 0x00000000eaa80000)
  object space 168960K, 49% used [0x00000000c0000000,0x00000000c518f770,0x00000000ca500000)
 PSPermGen       total 21504K, used 6303K [0x00000000b5a00000, 0x00000000b6f00000, 0x00000000c0000000)
  object space 21504K, 29% used [0x00000000b5a00000,0x00000000b6027d28,0x00000000b6f00000)
}
Event: 18,842 GC heap before
{Heap before GC invocations=9 (full 1):
 PSYoungGen      total 280064K, used 274208K [0x00000000eaa80000, 0x0000000100000000, 0x0000000100000000)
  eden space 248832K, 100% used [0x00000000eaa80000,0x00000000f9d80000,0x00000000f9d80000)
  from space 31232K, 81% used [0x00000000f9d80000,0x00000000fb6482a8,0x00000000fbc00000)
  to   space 52736K, 0% used [0x00000000fcc80000,0x00000000fcc80000,0x0000000100000000)
 ParOldGen       total 168960K, used 83517K [0x00000000c0000000, 0x00000000ca500000, 0x00000000eaa80000)
  object space 168960K, 49% used [0x00000000c0000000,0x00000000c518f770,0x00000000ca500000)
 PSPermGen       total 21504K, used 6320K [0x00000000b5a00000, 0x00000000b6f00000, 0x00000000c0000000)
  object space 21504K, 29% used [0x00000000b5a00000,0x00000000b602c318,0x00000000b6f00000)
Event: 19,127 GC heap after
Heap after GC invocations=9 (full 1):
 PSYoungGen      total 270336K, used 52704K [0x00000000eaa80000, 0x0000000100000000, 0x0000000100000000)
  eden space 217600K, 0% used [0x00000000eaa80000,0x00000000eaa80000,0x00000000f7f00000)
  from space 52736K, 99% used [0x00000000fcc80000,0x00000000ffff8038,0x0000000100000000)
  to   space 66048K, 0% used [0x00000000f7f00000,0x00000000f7f00000,0x00000000fbf80000)
 ParOldGen       total 168960K, used 92754K [0x00000000c0000000, 0x00000000ca500000, 0x00000000eaa80000)
  object space 168960K, 54% used [0x00000000c0000000,0x00000000c5a94b70,0x00000000ca500000)
 PSPermGen       total 21504K, used 6320K [0x00000000b5a00000, 0x00000000b6f00000, 0x00000000c0000000)
  object space 21504K, 29% used [0x00000000b5a00000,0x00000000b602c318,0x00000000b6f00000)
}
Event: 20,931 GC heap before
{Heap before GC invocations=10 (full 1):
 PSYoungGen      total 270336K, used 270304K [0x00000000eaa80000, 0x0000000100000000, 0x0000000100000000)
  eden space 217600K, 100% used [0x00000000eaa80000,0x00000000f7f00000,0x00000000f7f00000)
  from space 52736K, 99% used [0x00000000fcc80000,0x00000000ffff8038,0x0000000100000000)
  to   space 66048K, 0% used [0x00000000f7f00000,0x00000000f7f00000,0x00000000fbf80000)
 ParOldGen       total 168960K, used 92754K [0x00000000c0000000, 0x00000000ca500000, 0x00000000eaa80000)
  object space 168960K, 54% used [0x00000000c0000000,0x00000000c5a94b70,0x00000000ca500000)
 PSPermGen       total 21504K, used 6338K [0x00000000b5a00000, 0x00000000b6f00000, 0x00000000c0000000)
  object space 21504K, 29% used [0x00000000b5a00000,0x00000000b6030b30,0x00000000b6f00000)
Event: 21,392 GC heap after
Heap after GC invocations=10 (full 1):
 PSYoungGen      total 283648K, used 66028K [0x00000000eaa80000, 0x0000000100000000, 0x0000000100000000)
  eden space 217600K, 0% used [0x00000000eaa80000,0x00000000eaa80000,0x00000000f7f00000)
  from space 66048K, 99% used [0x00000000f7f00000,0x00000000fbf7b2d8,0x00000000fbf80000)
  to   space 66048K, 0% used [0x00000000fbf80000,0x00000000fbf80000,0x0000000100000000)
 ParOldGen       total 168960K, used 115426K [0x00000000c0000000, 0x00000000ca500000, 0x00000000eaa80000)
  object space 168960K, 68% used [0x00000000c0000000,0x00000000c70b8be0,0x00000000ca500000)
 PSPermGen       total 21504K, used 6338K [0x00000000b5a00000, 0x00000000b6f00000, 0x00000000c0000000)
  object space 21504K, 29% used [0x00000000b5a00000,0x00000000b6030b30,0x00000000b6f00000)
}
Event: 23,243 GC heap before
{Heap before GC invocations=11 (full 1):
 PSYoungGen      total 283648K, used 283628K [0x00000000eaa80000, 0x0000000100000000, 0x0000000100000000)
  eden space 217600K, 100% used [0x00000000eaa80000,0x00000000f7f00000,0x00000000f7f00000)
  from space 66048K, 99% used [0x00000000f7f00000,0x00000000fbf7b2d8,0x00000000fbf80000)
  to   space 66048K, 0% used [0x00000000fbf80000,0x00000000fbf80000,0x0000000100000000)
 ParOldGen       total 168960K, used 115426K [0x00000000c0000000, 0x00000000ca500000, 0x00000000eaa80000)
  object space 168960K, 68% used [0x00000000c0000000,0x00000000c70b8be0,0x00000000ca500000)
 PSPermGen       total 21504K, used 6361K [0x00000000b5a00000, 0x00000000b6f00000, 0x00000000c0000000)
  object space 21504K, 29% used [0x00000000b5a00000,0x00000000b60367d8,0x00000000b6f00000)
Event: 23,774 GC heap after
Heap after GC invocations=11 (full 1):
 PSYoungGen      total 203776K, used 66026K [0x00000000eaa80000, 0x0000000100000000, 0x0000000100000000)
  eden space 137728K, 0% used [0x00000000eaa80000,0x00000000eaa80000,0x00000000f3100000)
  from space 66048K, 99% used [0x00000000fbf80000,0x00000000ffffabb0,0x0000000100000000)
  to   space 105984K, 0% used [0x00000000f3100000,0x00000000f3100000,0x00000000f9880000)
 ParOldGen       total 168960K, used 151711K [0x00000000c0000000, 0x00000000ca500000, 0x00000000eaa80000)
  object space 168960K, 89% used [0x00000000c0000000,0x00000000c9427e00,0x00000000ca500000)
 PSPermGen       total 21504K, used 6361K [0x00000000b5a00000, 0x00000000b6f00000, 0x00000000c0000000)
  object space 21504K, 29% used [0x00000000b5a00000,0x00000000b60367d8,0x00000000b6f00000)
}
Event: 23,774 GC heap before
{Heap before GC invocations=12 (full 2):
 PSYoungGen      total 203776K, used 66026K [0x00000000eaa80000, 0x0000000100000000, 0x0000000100000000)
  eden space 137728K, 0% used [0x00000000eaa80000,0x00000000eaa80000,0x00000000f3100000)
  from space 66048K, 99% used [0x00000000fbf80000,0x00000000ffffabb0,0x0000000100000000)
  to   space 105984K, 0% used [0x00000000f3100000,0x00000000f3100000,0x00000000f9880000)
 ParOldGen       total 168960K, used 151711K [0x00000000c0000000, 0x00000000ca500000, 0x00000000eaa80000)
  object space 168960K, 89% used [0x00000000c0000000,0x00000000c9427e00,0x00000000ca500000)
 PSPermGen       total 21504K, used 6361K [0x00000000b5a00000, 0x00000000b6f00000, 0x00000000c0000000)
  object space 21504K, 29% used [0x00000000b5a00000,0x00000000b60367d8,0x00000000b6f00000)
Event: 25,949 GC heap after
Heap after GC invocations=12 (full 2):
 PSYoungGen      total 203776K, used 40658K [0x00000000eaa80000, 0x0000000100000000, 0x0000000100000000)
  eden space 137728K, 0% used [0x00000000eaa80000,0x00000000eaa80000,0x00000000f3100000)
  from space 66048K, 61% used [0x00000000fbf80000,0x00000000fe734bb0,0x0000000100000000)
  to   space 105984K, 0% used [0x00000000f3100000,0x00000000f3100000,0x00000000f9880000)
 ParOldGen       total 292352K, used 168908K [0x00000000c0000000, 0x00000000d1d80000, 0x00000000eaa80000)
  object space 292352K, 57% used [0x00000000c0000000,0x00000000ca4f3380,0x00000000d1d80000)
 PSPermGen       total 21504K, used 6361K [0x00000000b5a00000, 0x00000000b6f00000, 0x00000000c0000000)
  object space 21504K, 29% used [0x00000000b5a00000,0x00000000b6036578,0x00000000b6f00000)
}

Deoptimization events (10 events):
Event: 19,407 Thread 0x00007f50b41e9000 Uncommon trap: reason=unstable_if action=reinterpret pc=0x00007f50b123a0c4 method=java.util.BitSet.nextClearBit(I)I @ 70
Event: 19,407 Thread 0x00007f50b41e9000 Uncommon trap: reason=unstable_if action=reinterpret pc=0x00007f50b123a6c8 method=java.util.BitSet.nextClearBit(I)I @ 70
Event: 19,552 Thread 0x00007f50b400a800 Uncommon trap: reason=unstable_if action=reinterpret pc=0x00007f50b12a404c method=com.android.dx.cf.direct.StdAttributeFactory.parse0(Lcom/android/dx/cf/direct/DirectClassFile;ILjava/lang/String;IILcom/android/dx/cf/iface/ParseObserver;)Lcom/android/dx/cf
Event: 20,650 Thread 0x00007f50b41ef000 Uncommon trap: reason=bimorphic action=maybe_recompile pc=0x00007f50b117ed90 method=com.android.dx.ssa.LiteralOpUpgrader.tryReplacingWithConstant(Lcom/android/dx/ssa/NormalSsaInsn;)Z @ 62
Event: 20,652 Thread 0x00007f50b41ed800 Uncommon trap: reason=bimorphic action=maybe_recompile pc=0x00007f50b117ed90 method=com.android.dx.ssa.LiteralOpUpgrader.tryReplacingWithConstant(Lcom/android/dx/ssa/NormalSsaInsn;)Z @ 62
Event: 23,094 Thread 0x00007f50b41ef000 Uncommon trap: reason=class_check action=maybe_recompile pc=0x00007f50b10f1314 method=com.android.dx.ssa.SCCP.replaceConstants()V @ 182
Event: 23,226 Thread 0x00007f50b41ef000 Uncommon trap: reason=unstable_if action=reinterpret pc=0x00007f50b118ef00 method=com.android.dx.ssa.SCCP.simulateStmt(Lcom/android/dx/ssa/SsaInsn;)V @ 435
Event: 25,997 Thread 0x00007f50b400a800 Uncommon trap: reason=bimorphic action=maybe_recompile pc=0x00007f50b12d5dc8 method=com.android.dx.cf.code.BytecodeArray.parseInstruction(ILcom/android/dx/cf/code/BytecodeArray$Visitor;)I @ 891
Event: 25,997 Thread 0x00007f50b400a800 Uncommon trap: reason=bimorphic action=maybe_recompile pc=0x00007f50b12d5dc8 method=com.android.dx.cf.code.BytecodeArray.parseInstruction(ILcom/android/dx/cf/code/BytecodeArray$Visitor;)I @ 891
Event: 26,460 Thread 0x00007f50b41ed800 Uncommon trap: reason=unstable_if action=reinterpret pc=0x00007f50b133770c method=com.android.dx.cf.code.Ropper.processBlock(Lcom/android/dx/cf/code/ByteBlock;Lcom/android/dx/cf/code/Frame;[I)V @ 651

Internal exceptions (10 events):
Event: 8,710 Thread 0x00007f50b41ef000 Threw 0x00000000eb67da40 at /build/openjdk-7-2FOwCu/openjdk-7-7u95-2.6.4/build/openjdk/hotspot/src/share/vm/prims/jvm.cpp:1322
Event: 8,711 Thread 0x00007f50b41ef000 Threw 0x00000000eb683840 at /build/openjdk-7-2FOwCu/openjdk-7-7u95-2.6.4/build/openjdk/hotspot/src/share/vm/prims/jvm.cpp:1322
Event: 12,628 Thread 0x00007f50b400a800 Implicit null exception at 0x00007f50b12ce599 to 0x00007f50b12cfaad
Event: 12,898 Thread 0x00007f50b41ef000 Threw 0x00000000f529cda8 at /build/openjdk-7-2FOwCu/openjdk-7-7u95-2.6.4/build/openjdk/hotspot/src/share/vm/prims/jvm.cpp:1322
Event: 12,899 Thread 0x00007f50b41ef000 Implicit null exception at 0x00007f50b119eaf1 to 0x00007f50b119ebbd
Event: 15,855 Thread 0x00007f50b41e9000 Implicit null exception at 0x00007f50b12ede94 to 0x00007f50b12f13c9
Event: 19,223 Thread 0x00007f50b41e9000 Threw 0x00000000eb2a5388 at /build/openjdk-7-2FOwCu/openjdk-7-7u95-2.6.4/build/openjdk/hotspot/src/share/vm/prims/jvm.cpp:1322
Event: 19,283 Thread 0x00007f50b400a800 Implicit null exception at 0x00007f50b117883c to 0x00007f50b1178933
Event: 19,553 Thread 0x00007f50b400a800 Threw 0x00000000eea22a18 at /build/openjdk-7-2FOwCu/openjdk-7-7u95-2.6.4/build/openjdk/hotspot/src/share/vm/prims/jvm.cpp:1322
Event: 19,966 Thread 0x00007f50b400a800 Threw 0x00000000f2d2a870 at /build/openjdk-7-2FOwCu/openjdk-7-7u95-2.6.4/build/openjdk/hotspot/src/share/vm/prims/jvm.cpp:1322

Events (10 events):
Event: 25,949 Executing VM operation: ParallelGCFailedAllocation done
Event: 25,997 Thread 0x00007f50b400a800 Uncommon trap: trap_request=0xffffffc6 fr.pc=0x00007f50b12d5dc8
Event: 25,997 Thread 0x00007f50b400a800 DEOPT PACKING pc=0x00007f50b12d5dc8 sp=0x00007f50bbf008a0
Event: 25,997 Thread 0x00007f50b400a800 DEOPT UNPACKING pc=0x00007f50b1039445 sp=0x00007f50bbf00858 mode 2
Event: 25,997 Thread 0x00007f50b400a800 Uncommon trap: trap_request=0xffffffc6 fr.pc=0x00007f50b12d5dc8
Event: 25,997 Thread 0x00007f50b400a800 DEOPT PACKING pc=0x00007f50b12d5dc8 sp=0x00007f50bbf008c0
Event: 25,997 Thread 0x00007f50b400a800 DEOPT UNPACKING pc=0x00007f50b1039445 sp=0x00007f50bbf00878 mode 2
Event: 26,460 Thread 0x00007f50b41ed800 Uncommon trap: trap_request=0xffffff75 fr.pc=0x00007f50b133770c
Event: 26,460 Thread 0x00007f50b41ed800 DEOPT PACKING pc=0x00007f50b133770c sp=0x00007f50a2bf82a0
Event: 26,460 Thread 0x00007f50b41ed800 DEOPT UNPACKING pc=0x00007f50b1039445 sp=0x00007f50a2bf8228 mode 2


Dynamic libraries:
00400000-00401000 r-xp 00000000 08:02 2761158                            /usr/lib/jvm/java-7-openjdk-amd64/jre/bin/java
00600000-00601000 r--p 00000000 08:02 2761158                            /usr/lib/jvm/java-7-openjdk-amd64/jre/bin/java
00601000-00602000 rw-p 00001000 08:02 2761158                            /usr/lib/jvm/java-7-openjdk-amd64/jre/bin/java
00bb8000-00bd9000 rw-p 00000000 00:00 0                                  [heap]
b5a00000-b6f00000 rw-p 00000000 00:00 0 
b6f00000-c0000000 rw-p 00000000 00:00 0 
c0000000-d1d80000 rw-p 00000000 00:00 0 
d1d80000-eaa80000 rw-p 00000000 00:00 0 
eaa80000-100000000 rw-p 00000000 00:00 0 
7f5064000000-7f506403b000 rw-p 00000000 00:00 0 
7f506403b000-7f5068000000 ---p 00000000 00:00 0 
7f5068000000-7f5068021000 rw-p 00000000 00:00 0 
7f5068021000-7f506c000000 ---p 00000000 00:00 0 
7f506c000000-7f506c021000 rw-p 00000000 00:00 0 
7f506c021000-7f5070000000 ---p 00000000 00:00 0 
7f5070000000-7f507004f000 rw-p 00000000 00:00 0 
7f507004f000-7f5074000000 ---p 00000000 00:00 0 
7f5074000000-7f5074021000 rw-p 00000000 00:00 0 
7f5074021000-7f5078000000 ---p 00000000 00:00 0 
7f5078000000-7f5078021000 rw-p 00000000 00:00 0 
7f5078021000-7f507c000000 ---p 00000000 00:00 0 
7f507c000000-7f507e4e3000 rw-p 00000000 00:00 0 
7f507e4e3000-7f5080000000 ---p 00000000 00:00 0 
7f5080000000-7f5080021000 rw-p 00000000 00:00 0 
7f5080021000-7f5084000000 ---p 00000000 00:00 0 
7f5084000000-7f5084021000 rw-p 00000000 00:00 0 
7f5084021000-7f5088000000 ---p 00000000 00:00 0 
7f5088000000-7f5089b0e000 rw-p 00000000 00:00 0 
7f5089b0e000-7f508c000000 ---p 00000000 00:00 0 
7f508c000000-7f508c021000 rw-p 00000000 00:00 0 
7f508c021000-7f5090000000 ---p 00000000 00:00 0 
7f5090000000-7f5090021000 rw-p 00000000 00:00 0 
7f5090021000-7f5094000000 ---p 00000000 00:00 0 
7f5094000000-7f5094021000 rw-p 00000000 00:00 0 
7f5094021000-7f5098000000 ---p 00000000 00:00 0 
7f5098000000-7f5098021000 rw-p 00000000 00:00 0 
7f5098021000-7f509c000000 ---p 00000000 00:00 0 
7f509c000000-7f509c021000 rw-p 00000000 00:00 0 
7f509c021000-7f50a0000000 ---p 00000000 00:00 0 
7f50a29f8000-7f50a29fb000 ---p 00000000 00:00 0 
7f50a29fb000-7f50a2af9000 rw-p 00000000 00:00 0                          [stack:879]
7f50a2af9000-7f50a2afc000 ---p 00000000 00:00 0 
7f50a2afc000-7f50a2bfa000 rw-p 00000000 00:00 0                          [stack:878]
7f50a2bfa000-7f50a2bfd000 ---p 00000000 00:00 0 
7f50a2bfd000-7f50a2cfb000 rw-p 00000000 00:00 0                          [stack:877]
7f50a2cfb000-7f50a2cfe000 ---p 00000000 00:00 0 
7f50a2cfe000-7f50a2dfc000 rw-p 00000000 00:00 0                          [stack:876]
7f50a2dfc000-7f50a2dff000 ---p 00000000 00:00 0 
7f50a2dff000-7f50a2efd000 rw-p 00000000 00:00 0                          [stack:875]
7f50a2efd000-7f50a2f3a000 r-xp 00000000 08:02 13447                      /lib/x86_64-linux-gnu/libpcre.so.3.13.1
7f50a2f3a000-7f50a3139000 ---p 0003d000 08:02 13447                      /lib/x86_64-linux-gnu/libpcre.so.3.13.1
7f50a3139000-7f50a313a000 r--p 0003c000 08:02 13447                      /lib/x86_64-linux-gnu/libpcre.so.3.13.1
7f50a313a000-7f50a313b000 rw-p 0003d000 08:02 13447                      /lib/x86_64-linux-gnu/libpcre.so.3.13.1
7f50a313b000-7f50a3142000 r-xp 00000000 08:02 21389                      /usr/lib/x86_64-linux-gnu/libffi.so.6.0.1
7f50a3142000-7f50a3341000 ---p 00007000 08:02 21389                      /usr/lib/x86_64-linux-gnu/libffi.so.6.0.1
7f50a3341000-7f50a3342000 r--p 00006000 08:02 21389                      /usr/lib/x86_64-linux-gnu/libffi.so.6.0.1
7f50a3342000-7f50a3343000 rw-p 00007000 08:02 21389                      /usr/lib/x86_64-linux-gnu/libffi.so.6.0.1
7f50a3343000-7f50a335a000 r-xp 00000000 08:02 3147                       /lib/x86_64-linux-gnu/libresolv-2.19.so
7f50a335a000-7f50a355a000 ---p 00017000 08:02 3147                       /lib/x86_64-linux-gnu/libresolv-2.19.so
7f50a355a000-7f50a355b000 r--p 00017000 08:02 3147                       /lib/x86_64-linux-gnu/libresolv-2.19.so
7f50a355b000-7f50a355c000 rw-p 00018000 08:02 3147                       /lib/x86_64-linux-gnu/libresolv-2.19.so
7f50a355c000-7f50a355e000 rw-p 00000000 00:00 0 
7f50a355e000-7f50a357e000 r-xp 00000000 08:02 13524                      /lib/x86_64-linux-gnu/libselinux.so.1
7f50a357e000-7f50a377d000 ---p 00020000 08:02 13524                      /lib/x86_64-linux-gnu/libselinux.so.1
7f50a377d000-7f50a377e000 r--p 0001f000 08:02 13524                      /lib/x86_64-linux-gnu/libselinux.so.1
7f50a377e000-7f50a377f000 rw-p 00020000 08:02 13524                      /lib/x86_64-linux-gnu/libselinux.so.1
7f50a377f000-7f50a3781000 rw-p 00000000 00:00 0 
7f50a3781000-7f50a3784000 r-xp 00000000 08:02 28550                      /usr/lib/x86_64-linux-gnu/libgmodule-2.0.so.0.4002.0
7f50a3784000-7f50a3983000 ---p 00003000 08:02 28550                      /usr/lib/x86_64-linux-gnu/libgmodule-2.0.so.0.4002.0
7f50a3983000-7f50a3984000 r--p 00002000 08:02 28550                      /usr/lib/x86_64-linux-gnu/libgmodule-2.0.so.0.4002.0
7f50a3984000-7f50a3985000 rw-p 00003000 08:02 28550                      /usr/lib/x86_64-linux-gnu/libgmodule-2.0.so.0.4002.0
7f50a3985000-7f50a3a8b000 r-xp 00000000 08:02 13425                      /lib/x86_64-linux-gnu/libglib-2.0.so.0.4002.0
7f50a3a8b000-7f50a3c8a000 ---p 00106000 08:02 13425                      /lib/x86_64-linux-gnu/libglib-2.0.so.0.4002.0
7f50a3c8a000-7f50a3c8b000 r--p 00105000 08:02 13425                      /lib/x86_64-linux-gnu/libglib-2.0.so.0.4002.0
7f50a3c8b000-7f50a3c8c000 rw-p 00106000 08:02 13425                      /lib/x86_64-linux-gnu/libglib-2.0.so.0.4002.0
7f50a3c8c000-7f50a3c8d000 rw-p 00000000 00:00 0 
7f50a3c8d000-7f50a3df9000 r-xp 00000000 08:02 28538                      /usr/lib/x86_64-linux-gnu/libgio-2.0.so.0.4002.0
7f50a3df9000-7f50a3ff8000 ---p 0016c000 08:02 28538                      /usr/lib/x86_64-linux-gnu/libgio-2.0.so.0.4002.0
7f50a3ff8000-7f50a3ffc000 r--p 0016b000 08:02 28538                      /usr/lib/x86_64-linux-gnu/libgio-2.0.so.0.4002.0
7f50a3ffc000-7f50a3ffe000 rw-p 0016f000 08:02 28538                      /usr/lib/x86_64-linux-gnu/libgio-2.0.so.0.4002.0
7f50a3ffe000-7f50a4000000 rw-p 00000000 00:00 0 
7f50a4000000-7f50a4021000 rw-p 00000000 00:00 0 
7f50a4021000-7f50a8000000 ---p 00000000 00:00 0 
7f50a8036000-7f50a8085000 r-xp 00000000 08:02 28566                      /usr/lib/x86_64-linux-gnu/libgobject-2.0.so.0.4002.0
7f50a8085000-7f50a8285000 ---p 0004f000 08:02 28566                      /usr/lib/x86_64-linux-gnu/libgobject-2.0.so.0.4002.0
7f50a8285000-7f50a8286000 r--p 0004f000 08:02 28566                      /usr/lib/x86_64-linux-gnu/libgobject-2.0.so.0.4002.0
7f50a8286000-7f50a8287000 rw-p 00050000 08:02 28566                      /usr/lib/x86_64-linux-gnu/libgobject-2.0.so.0.4002.0
7f50a8287000-7f50a829e000 r-xp 00000000 08:02 2625929                    /usr/lib/jvm/java-7-openjdk-amd64/jre/lib/amd64/libnet.so
7f50a829e000-7f50a849d000 ---p 00017000 08:02 2625929                    /usr/lib/jvm/java-7-openjdk-amd64/jre/lib/amd64/libnet.so
7f50a849d000-7f50a849e000 r--p 00016000 08:02 2625929                    /usr/lib/jvm/java-7-openjdk-amd64/jre/lib/amd64/libnet.so
7f50a849e000-7f50a849f000 rw-p 00017000 08:02 2625929                    /usr/lib/jvm/java-7-openjdk-amd64/jre/lib/amd64/libnet.so
7f50a849f000-7f50a84af000 r-xp 00000000 08:02 2625910                    /usr/lib/jvm/java-7-openjdk-amd64/jre/lib/amd64/libnio.so
7f50a84af000-7f50a86af000 ---p 00010000 08:02 2625910                    /usr/lib/jvm/java-7-openjdk-amd64/jre/lib/amd64/libnio.so
7f50a86af000-7f50a86b0000 r--p 00010000 08:02 2625910                    /usr/lib/jvm/java-7-openjdk-amd64/jre/lib/amd64/libnio.so
7f50a86b0000-7f50a86b1000 rw-p 00011000 08:02 2625910                    /usr/lib/jvm/java-7-openjdk-amd64/jre/lib/amd64/libnio.so
7f50a86b1000-7f50a86b2000 ---p 00000000 00:00 0 
7f50a86b2000-7f50a87b2000 rw-p 00000000 00:00 0                          [stack:874]
7f50a87b2000-7f50a87b5000 ---p 00000000 00:00 0 
7f50a87b5000-7f50a88b3000 rw-p 00000000 00:00 0                          [stack:873]
7f50a88b3000-7f50a88b6000 ---p 00000000 00:00 0 
7f50a88b6000-7f50a89b4000 rw-p 00000000 00:00 0                          [stack:872]
7f50a89b4000-7f50a89b7000 ---p 00000000 00:00 0 
7f50a89b7000-7f50a8ab5000 rw-p 00000000 00:00 0                          [stack:871]
7f50a8ab5000-7f50a8ab8000 ---p 00000000 00:00 0 
7f50a8ab8000-7f50a8bb6000 rw-p 00000000 00:00 0                          [stack:870]
7f50a8bb6000-7f50a93c9000 r--p 00000000 08:02 27195                      /usr/lib/locale/locale-archive
7f50a93c9000-7f50a93cc000 ---p 00000000 00:00 0 
7f50a93cc000-7f50a94ca000 rw-p 00000000 00:00 0                          [stack:869]
7f50a94ca000-7f50a94cd000 ---p 00000000 00:00 0 
7f50a94cd000-7f50a95cb000 rw-p 00000000 00:00 0                          [stack:868]
7f50a95cb000-7f50a95cc000 ---p 00000000 00:00 0 
7f50a95cc000-7f50ac000000 rw-p 00000000 00:00 0                          [stack:867]
7f50ac000000-7f50ac021000 rw-p 00000000 00:00 0 
7f50ac021000-7f50b0000000 ---p 00000000 00:00 0 
7f50b001d000-7f50b004e000 rw-p 00000000 00:00 0 
7f50b004e000-7f50b00f0000 r--s 00839000 08:02 1839145                    /home/ivan/workspace/Champy_v2/app/build/intermediates/transforms/jarMerging/debug/jars/1/1f/combined.jar
7f50b00f0000-7f50b0bfb000 rw-p 00000000 00:00 0 
7f50b0bfb000-7f50b0dad000 r--s 01d2f000 08:02 2625893                    /usr/lib/jvm/java-7-openjdk-amd64/jre/lib/rt.jar
7f50b0dad000-7f50b1000000 rw-p 00000000 00:00 0 
7f50b1000000-7f50b1340000 rwxp 00000000 00:00 0 
7f50b1340000-7f50b428d000 rw-p 00000000 00:00 0 
7f50b428d000-7f50b8000000 ---p 00000000 00:00 0 
7f50b8041000-7f50b8050000 r--s 000df000 08:02 1575371                    /home/ivan/Android/Sdk/build-tools/23.0.1/lib/dx.jar
7f50b8050000-7f50b8237000 rw-p 00000000 00:00 0 
7f50b8237000-7f50b8238000 ---p 00000000 00:00 0 
7f50b8238000-7f50b8338000 rw-p 00000000 00:00 0                          [stack:866]
7f50b8338000-7f50b8339000 ---p 00000000 00:00 0 
7f50b8339000-7f50b8439000 rw-p 00000000 00:00 0                          [stack:865]
7f50b8439000-7f50b843a000 ---p 00000000 00:00 0 
7f50b843a000-7f50b853a000 rw-p 00000000 00:00 0                          [stack:864]
7f50b853a000-7f50b853b000 ---p 00000000 00:00 0 
7f50b853b000-7f50b8646000 rw-p 00000000 00:00 0                          [stack:861]
7f50b8646000-7f50b868e000 rw-p 00000000 00:00 0 
7f50b868e000-7f50b871d000 rw-p 00000000 00:00 0 
7f50b871d000-7f50b87e4000 rw-p 00000000 00:00 0 
7f50b87e4000-7f50b87ef000 rw-p 00000000 00:00 0 
7f50b87ef000-7f50b8837000 rw-p 00000000 00:00 0 
7f50b8837000-7f50b88c6000 rw-p 00000000 00:00 0 
7f50b88c6000-7f50b898c000 rw-p 00000000 00:00 0 
7f50b898c000-7f50b8a37000 rw-p 00000000 00:00 0 
7f50b8a37000-7f50b8a38000 rw-p 00000000 00:00 0 
7f50b8a38000-7f50b8a40000 r-xp 00000000 08:02 2625902                    /usr/lib/jvm/java-7-openjdk-amd64/jre/lib/amd64/libzip.so
7f50b8a40000-7f50b8c3f000 ---p 00008000 08:02 2625902                    /usr/lib/jvm/java-7-openjdk-amd64/jre/lib/amd64/libzip.so
7f50b8c3f000-7f50b8c40000 r--p 00007000 08:02 2625902                    /usr/lib/jvm/java-7-openjdk-amd64/jre/lib/amd64/libzip.so
7f50b8c40000-7f50b8c41000 rw-p 00008000 08:02 2625902                    /usr/lib/jvm/java-7-openjdk-amd64/jre/lib/amd64/libzip.so
7f50b8c41000-7f50b8c4c000 r-xp 00000000 08:02 3187                       /lib/x86_64-linux-gnu/libnss_files-2.19.so
7f50b8c4c000-7f50b8e4b000 ---p 0000b000 08:02 3187                       /lib/x86_64-linux-gnu/libnss_files-2.19.so
7f50b8e4b000-7f50b8e4c000 r--p 0000a000 08:02 3187                       /lib/x86_64-linux-gnu/libnss_files-2.19.so
7f50b8e4c000-7f50b8e4d000 rw-p 0000b000 08:02 3187                       /lib/x86_64-linux-gnu/libnss_files-2.19.so
7f50b8e4d000-7f50b8e58000 r-xp 00000000 08:02 3171                       /lib/x86_64-linux-gnu/libnss_nis-2.19.so
7f50b8e58000-7f50b9057000 ---p 0000b000 08:02 3171                       /lib/x86_64-linux-gnu/libnss_nis-2.19.so
7f50b9057000-7f50b9058000 r--p 0000a000 08:02 3171                       /lib/x86_64-linux-gnu/libnss_nis-2.19.so
7f50b9058000-7f50b9059000 rw-p 0000b000 08:02 3171                       /lib/x86_64-linux-gnu/libnss_nis-2.19.so
7f50b9059000-7f50b9070000 r-xp 00000000 08:02 3163                       /lib/x86_64-linux-gnu/libnsl-2.19.so
7f50b9070000-7f50b926f000 ---p 00017000 08:02 3163                       /lib/x86_64-linux-gnu/libnsl-2.19.so
7f50b926f000-7f50b9270000 r--p 00016000 08:02 3163                       /lib/x86_64-linux-gnu/libnsl-2.19.so
7f50b9270000-7f50b9271000 rw-p 00017000 08:02 3163                       /lib/x86_64-linux-gnu/libnsl-2.19.so
7f50b9271000-7f50b9273000 rw-p 00000000 00:00 0 
7f50b9273000-7f50b927c000 r-xp 00000000 08:02 3161                       /lib/x86_64-linux-gnu/libnss_compat-2.19.so
7f50b927c000-7f50b947b000 ---p 00009000 08:02 3161                       /lib/x86_64-linux-gnu/libnss_compat-2.19.so
7f50b947b000-7f50b947c000 r--p 00008000 08:02 3161                       /lib/x86_64-linux-gnu/libnss_compat-2.19.so
7f50b947c000-7f50b947d000 rw-p 00009000 08:02 3161                       /lib/x86_64-linux-gnu/libnss_compat-2.19.so
7f50b947d000-7f50b94a8000 r-xp 00000000 08:02 2625925                    /usr/lib/jvm/java-7-openjdk-amd64/jre/lib/amd64/libjava.so
7f50b94a8000-7f50b96a8000 ---p 0002b000 08:02 2625925                    /usr/lib/jvm/java-7-openjdk-amd64/jre/lib/amd64/libjava.so
7f50b96a8000-7f50b96a9000 r--p 0002b000 08:02 2625925                    /usr/lib/jvm/java-7-openjdk-amd64/jre/lib/amd64/libjava.so
7f50b96a9000-7f50b96ab000 rw-p 0002c000 08:02 2625925                    /usr/lib/jvm/java-7-openjdk-amd64/jre/lib/amd64/libjava.so
7f50b96ab000-7f50b96bb000 r-xp 00000000 08:02 2625907                    /usr/lib/jvm/java-7-openjdk-amd64/jre/lib/amd64/libverify.so
7f50b96bb000-7f50b98ba000 ---p 00010000 08:02 2625907                    /usr/lib/jvm/java-7-openjdk-amd64/jre/lib/amd64/libverify.so
7f50b98ba000-7f50b98bc000 r--p 0000f000 08:02 2625907                    /usr/lib/jvm/java-7-openjdk-amd64/jre/lib/amd64/libverify.so
7f50b98bc000-7f50b98bd000 rw-p 00011000 08:02 2625907                    /usr/lib/jvm/java-7-openjdk-amd64/jre/lib/amd64/libverify.so
7f50b98bd000-7f50b98c4000 r-xp 00000000 08:02 3179                       /lib/x86_64-linux-gnu/librt-2.19.so
7f50b98c4000-7f50b9ac3000 ---p 00007000 08:02 3179                       /lib/x86_64-linux-gnu/librt-2.19.so
7f50b9ac3000-7f50b9ac4000 r--p 00006000 08:02 3179                       /lib/x86_64-linux-gnu/librt-2.19.so
7f50b9ac4000-7f50b9ac5000 rw-p 00007000 08:02 3179                       /lib/x86_64-linux-gnu/librt-2.19.so
7f50b9ac5000-7f50b9adb000 r-xp 00000000 08:02 3455                       /lib/x86_64-linux-gnu/libgcc_s.so.1
7f50b9adb000-7f50b9cda000 ---p 00016000 08:02 3455                       /lib/x86_64-linux-gnu/libgcc_s.so.1
7f50b9cda000-7f50b9cdb000 r--p 00015000 08:02 3455                       /lib/x86_64-linux-gnu/libgcc_s.so.1
7f50b9cdb000-7f50b9cdc000 rw-p 00016000 08:02 3455                       /lib/x86_64-linux-gnu/libgcc_s.so.1
7f50b9cdc000-7f50b9de1000 r-xp 00000000 08:02 3151                       /lib/x86_64-linux-gnu/libm-2.19.so
7f50b9de1000-7f50b9fe0000 ---p 00105000 08:02 3151                       /lib/x86_64-linux-gnu/libm-2.19.so
7f50b9fe0000-7f50b9fe1000 r--p 00104000 08:02 3151                       /lib/x86_64-linux-gnu/libm-2.19.so
7f50b9fe1000-7f50b9fe2000 rw-p 00105000 08:02 3151                       /lib/x86_64-linux-gnu/libm-2.19.so
7f50b9fe2000-7f50ba0cf000 r-xp 00000000 08:02 9486                       /usr/lib/x86_64-linux-gnu/libstdc++.so.6.0.20
7f50ba0cf000-7f50ba2cf000 ---p 000ed000 08:02 9486                       /usr/lib/x86_64-linux-gnu/libstdc++.so.6.0.20
7f50ba2cf000-7f50ba2d7000 r--p 000ed000 08:02 9486                       /usr/lib/x86_64-linux-gnu/libstdc++.so.6.0.20
7f50ba2d7000-7f50ba2d9000 rw-p 000f5000 08:02 9486                       /usr/lib/x86_64-linux-gnu/libstdc++.so.6.0.20
7f50ba2d9000-7f50ba2ee000 rw-p 00000000 00:00 0 
7f50ba2ee000-7f50bae13000 r-xp 00000000 08:02 2625903                    /usr/lib/jvm/java-7-openjdk-amd64/jre/lib/amd64/server/libjvm.so
7f50bae13000-7f50bb013000 ---p 00b25000 08:02 2625903                    /usr/lib/jvm/java-7-openjdk-amd64/jre/lib/amd64/server/libjvm.so
7f50bb013000-7f50bb0ad000 r--p 00b25000 08:02 2625903                    /usr/lib/jvm/java-7-openjdk-amd64/jre/lib/amd64/server/libjvm.so
7f50bb0ad000-7f50bb0d0000 rw-p 00bbf000 08:02 2625903                    /usr/lib/jvm/java-7-openjdk-amd64/jre/lib/amd64/server/libjvm.so
7f50bb0d0000-7f50bb0fe000 rw-p 00000000 00:00 0 
7f50bb0fe000-7f50bb116000 r-xp 00000000 08:02 13550                      /lib/x86_64-linux-gnu/libz.so.1.2.8
7f50bb116000-7f50bb315000 ---p 00018000 08:02 13550                      /lib/x86_64-linux-gnu/libz.so.1.2.8
7f50bb315000-7f50bb316000 r--p 00017000 08:02 13550                      /lib/x86_64-linux-gnu/libz.so.1.2.8
7f50bb316000-7f50bb317000 rw-p 00018000 08:02 13550                      /lib/x86_64-linux-gnu/libz.so.1.2.8
7f50bb317000-7f50bb330000 r-xp 00000000 08:02 3165                       /lib/x86_64-linux-gnu/libpthread-2.19.so
7f50bb330000-7f50bb52f000 ---p 00019000 08:02 3165                       /lib/x86_64-linux-gnu/libpthread-2.19.so
7f50bb52f000-7f50bb530000 r--p 00018000 08:02 3165                       /lib/x86_64-linux-gnu/libpthread-2.19.so
7f50bb530000-7f50bb531000 rw-p 00019000 08:02 3165                       /lib/x86_64-linux-gnu/libpthread-2.19.so
7f50bb531000-7f50bb535000 rw-p 00000000 00:00 0 
7f50bb535000-7f50bb538000 r-xp 00000000 08:02 3155                       /lib/x86_64-linux-gnu/libdl-2.19.so
7f50bb538000-7f50bb737000 ---p 00003000 08:02 3155                       /lib/x86_64-linux-gnu/libdl-2.19.so
7f50bb737000-7f50bb738000 r--p 00002000 08:02 3155                       /lib/x86_64-linux-gnu/libdl-2.19.so
7f50bb738000-7f50bb739000 rw-p 00003000 08:02 3155                       /lib/x86_64-linux-gnu/libdl-2.19.so
7f50bb739000-7f50bb8f4000 r-xp 00000000 08:02 3181                       /lib/x86_64-linux-gnu/libc-2.19.so
7f50bb8f4000-7f50bbaf3000 ---p 001bb000 08:02 3181                       /lib/x86_64-linux-gnu/libc-2.19.so
7f50bbaf3000-7f50bbaf7000 r--p 001ba000 08:02 3181                       /lib/x86_64-linux-gnu/libc-2.19.so
7f50bbaf7000-7f50bbaf9000 rw-p 001be000 08:02 3181                       /lib/x86_64-linux-gnu/libc-2.19.so
7f50bbaf9000-7f50bbafe000 rw-p 00000000 00:00 0 
7f50bbafe000-7f50bbb0b000 r-xp 00000000 08:02 2625897                    /usr/lib/jvm/java-7-openjdk-amd64/jre/lib/amd64/jli/libjli.so
7f50bbb0b000-7f50bbd0a000 ---p 0000d000 08:02 2625897                    /usr/lib/jvm/java-7-openjdk-amd64/jre/lib/amd64/jli/libjli.so
7f50bbd0a000-7f50bbd0b000 r--p 0000c000 08:02 2625897                    /usr/lib/jvm/java-7-openjdk-amd64/jre/lib/amd64/jli/libjli.so
7f50bbd0b000-7f50bbd0c000 rw-p 0000d000 08:02 2625897                    /usr/lib/jvm/java-7-openjdk-amd64/jre/lib/amd64/jli/libjli.so
7f50bbd0c000-7f50bbd2f000 r-xp 00000000 08:02 3167                       /lib/x86_64-linux-gnu/ld-2.19.so
7f50bbd30000-7f50bbd34000 r--s 00034000 08:02 2625935                    /usr/lib/jvm/java-7-openjdk-amd64/jre/lib/ext/sunjce_provider.jar
7f50bbd34000-7f50bbd36000 r--s 00012000 08:02 2625936                    /usr/lib/jvm/java-7-openjdk-amd64/jre/lib/ext/zipfs.jar
7f50bbd36000-7f50bbd37000 r--s 00002000 08:02 2625938                    /usr/lib/jvm/java-7-openjdk-amd64/jre/lib/ext/dnsns.jar
7f50bbd37000-7f50bbd3a000 r--s 0000f000 08:02 2625939                    /usr/lib/jvm/java-7-openjdk-amd64/jre/lib/ext/icedtea-sound.jar
7f50bbd3a000-7f50bbd3e000 r--s 0003c000 08:02 2625937                    /usr/lib/jvm/java-7-openjdk-amd64/jre/lib/ext/sunpkcs11.jar
7f50bbd3e000-7f50bbd42000 r--s 00085000 08:02 2625934                    /usr/lib/jvm/java-7-openjdk-amd64/jre/lib/ext/localedata.jar
7f50bbd42000-7f50bbd4f000 rw-p 00000000 00:00 0 
7f50bbd4f000-7f50bbe02000 rw-p 00000000 00:00 0 
7f50bbe02000-7f50bbe05000 ---p 00000000 00:00 0 
7f50bbe05000-7f50bbf08000 rw-p 00000000 00:00 0                          [stack:859]
7f50bbf08000-7f50bbf0a000 r--s 00006000 08:02 5674                       /usr/share/java/java-atk-wrapper.jar
7f50bbf0a000-7f50bbf22000 rw-p 00000000 00:00 0 
7f50bbf22000-7f50bbf2a000 rw-s 00000000 08:02 1315732                    /tmp/hsperfdata_ivan/857
7f50bbf2a000-7f50bbf2b000 rw-p 00000000 00:00 0 
7f50bbf2b000-7f50bbf2c000 r--p 00000000 00:00 0 
7f50bbf2c000-7f50bbf2e000 rw-p 00000000 00:00 0 
7f50bbf2e000-7f50bbf2f000 r--p 00022000 08:02 3167                       /lib/x86_64-linux-gnu/ld-2.19.so
7f50bbf2f000-7f50bbf30000 rw-p 00023000 08:02 3167                       /lib/x86_64-linux-gnu/ld-2.19.so
7f50bbf30000-7f50bbf31000 rw-p 00000000 00:00 0 
7ffc6085a000-7ffc6087b000 rw-p 00000000 00:00 0                          [stack]
7ffc60963000-7ffc60965000 r-xp 00000000 00:00 0                          [vdso]
7ffc60965000-7ffc60967000 r--p 00000000 00:00 0                          [vvar]
ffffffffff600000-ffffffffff601000 r-xp 00000000 00:00 0                  [vsyscall]

VM Arguments:
jvm_args: -Djava.awt.headless=true -Xmx1024M -Dfile.encoding=UTF-8 -Duser.country=UA -Duser.language=ru -Duser.variant 
java_command: com.android.dx.command.Main --dex --num-threads=4 --multi-dex --main-dex-list /home/ivan/workspace/Champy_v2/app/build/intermediates/multi-dex/debug/maindexlist.txt --output /home/ivan/workspace/Champy_v2/app/build/intermediates/transforms/dex/debug/folders/1000/1f/main /home/ivan/workspace/Champy_v2/app/build/intermediates/transforms/jarMerging/debug/jars/1/1f/combined.jar
Launcher Type: SUN_STANDARD

Environment Variables:
JAVA_HOME=/usr/lib/jvm/java-8-oracle
PATH=/usr/local/sbin:/usr/local/bin:/usr/sbin:/usr/bin:/sbin:/bin:/usr/games:/usr/local/games:/usr/lib/jvm/java-8-oracle/bin:/usr/lib/jvm/java-8-oracle/db/bin:/usr/lib/jvm/java-8-oracle/jre/bin
SHELL=/bin/bash
DISPLAY=:0

Signal Handlers:
SIGSEGV: [libjvm.so+0x955bc0], sa_mask[0]=0x7ffbfeff, sa_flags=0x10000004
SIGBUS: [libjvm.so+0x955bc0], sa_mask[0]=0x7ffbfeff, sa_flags=0x10000004
SIGFPE: [libjvm.so+0x7caff0], sa_mask[0]=0x7ffbfeff, sa_flags=0x10000004
SIGPIPE: [libjvm.so+0x7caff0], sa_mask[0]=0x7ffbfeff, sa_flags=0x10000004
SIGXFSZ: [libjvm.so+0x7caff0], sa_mask[0]=0x7ffbfeff, sa_flags=0x10000004
SIGILL: [libjvm.so+0x7caff0], sa_mask[0]=0x7ffbfeff, sa_flags=0x10000004
SIGUSR1: SIG_DFL, sa_mask[0]=0x00000000, sa_flags=0x00000000
SIGUSR2: [libjvm.so+0x7cae90], sa_mask[0]=0x00000004, sa_flags=0x10000004
SIGHUP: [libjvm.so+0x7cb070], sa_mask[0]=0x7ffbfeff, sa_flags=0x10000004
SIGINT: [libjvm.so+0x7cb070], sa_mask[0]=0x7ffbfeff, sa_flags=0x10000004
SIGTERM: [libjvm.so+0x7cb070], sa_mask[0]=0x7ffbfeff, sa_flags=0x10000004
SIGQUIT: [libjvm.so+0x7cb070], sa_mask[0]=0x7ffbfeff, sa_flags=0x10000004
SIGTRAP: SIG_DFL, sa_mask[0]=0x00000000, sa_flags=0x00000000


---------------  S Y S T E M  ---------------

OS:Ubuntu 14.04 (trusty)
uname:Linux 3.16.0-67-generic #87~14.04.1-Ubuntu SMP Fri Mar 11 00:26:02 UTC 2016 x86_64
libc:glibc 2.19 NPTL 2.19 
rlimit: STACK 8192k, CORE 0k, NPROC 30693, NOFILE 4096, AS infinity
load average:4,27 2,94 2,28

/proc/meminfo:
MemTotal:        8059688 kB
MemFree:          368444 kB
MemAvailable:    1346556 kB
Buffers:           79124 kB
Cached:          1134368 kB
SwapCached:         2876 kB
Active:          4971716 kB
Inactive:        1644768 kB
Active(anon):    4408708 kB
Inactive(anon):  1142988 kB
Active(file):     563008 kB
Inactive(file):   501780 kB
Unevictable:          72 kB
Mlocked:              72 kB
SwapTotal:       4075516 kB
SwapFree:        4000692 kB
Dirty:             21064 kB
Writeback:             0 kB
AnonPages:       5400572 kB
Mapped:          1101720 kB
Shmem:            148628 kB
Slab:             218844 kB
SReclaimable:     164520 kB
SUnreclaim:        54324 kB
KernelStack:       13632 kB
PageTables:        65664 kB
NFS_Unstable:          0 kB
Bounce:                0 kB
WritebackTmp:          0 kB
CommitLimit:     8105360 kB
Committed_AS:   12387980 kB
VmallocTotal:   34359738367 kB
VmallocUsed:      396412 kB
VmallocChunk:   34359317516 kB
HardwareCorrupted:     0 kB
AnonHugePages:   2568192 kB
HugePages_Total:       0
HugePages_Free:        0
HugePages_Rsvd:        0
HugePages_Surp:        0
Hugepagesize:       2048 kB
DirectMap4k:      561092 kB
DirectMap2M:     7710720 kB


CPU:total 4 (2 cores per cpu, 2 threads per core) family 6 model 58 stepping 9, cmov, cx8, fxsr, mmx, sse, sse2, sse3, ssse3, sse4.1, sse4.2, popcnt, avx, erms, ht, tsc, tscinvbit, tscinv

/proc/cpuinfo:
processor	: 0
vendor_id	: GenuineIntel
cpu family	: 6
model		: 58
model name	: Intel(R) Core(TM) i3-3217U CPU @ 1.80GHz
stepping	: 9
microcode	: 0x15
cpu MHz		: 1800.000
cache size	: 3072 KB
physical id	: 0
siblings	: 4
core id		: 0
cpu cores	: 2
apicid		: 0
initial apicid	: 0
fpu		: yes
fpu_exception	: yes
cpuid level	: 13
wp		: yes
flags		: fpu vme de pse tsc msr pae mce cx8 apic sep mtrr pge mca cmov pat pse36 clflush dts acpi mmx fxsr sse sse2 ss ht tm pbe syscall nx rdtscp lm constant_tsc arch_perfmon pebs bts rep_good nopl xtopology nonstop_tsc aperfmperf eagerfpu pni pclmulqdq dtes64 monitor ds_cpl vmx est tm2 ssse3 cx16 xtpr pdcm pcid sse4_1 sse4_2 x2apic popcnt tsc_deadline_timer xsave avx f16c lahf_lm ida arat epb xsaveopt pln pts dtherm tpr_shadow vnmi flexpriority ept vpid fsgsbase smep erms
bogomips	: 3591.75
clflush size	: 64
cache_alignment	: 64
address sizes	: 36 bits physical, 48 bits virtual
power management:

processor	: 1
vendor_id	: GenuineIntel
cpu family	: 6
model		: 58
model name	: Intel(R) Core(TM) i3-3217U CPU @ 1.80GHz
stepping	: 9
microcode	: 0x15
cpu MHz		: 1800.000
cache size	: 3072 KB
physical id	: 0
siblings	: 4
core id		: 1
cpu cores	: 2
apicid		: 2
initial apicid	: 2
fpu		: yes
fpu_exception	: yes
cpuid level	: 13
wp		: yes
flags		: fpu vme de pse tsc msr pae mce cx8 apic sep mtrr pge mca cmov pat pse36 clflush dts acpi mmx fxsr sse sse2 ss ht tm pbe syscall nx rdtscp lm constant_tsc arch_perfmon pebs bts rep_good nopl xtopology nonstop_tsc aperfmperf eagerfpu pni pclmulqdq dtes64 monitor ds_cpl vmx est tm2 ssse3 cx16 xtpr pdcm pcid sse4_1 sse4_2 x2apic popcnt tsc_deadline_timer xsave avx f16c lahf_lm ida arat epb xsaveopt pln pts dtherm tpr_shadow vnmi flexpriority ept vpid fsgsbase smep erms
bogomips	: 3591.75
clflush size	: 64
cache_alignment	: 64
address sizes	: 36 bits physical, 48 bits virtual
power management:

processor	: 2
vendor_id	: GenuineIntel
cpu family	: 6
model		: 58
model name	: Intel(R) Core(TM) i3-3217U CPU @ 1.80GHz
stepping	: 9
microcode	: 0x15
cpu MHz		: 1800.000
cache size	: 3072 KB
physical id	: 0
siblings	: 4
core id		: 0
cpu cores	: 2
apicid		: 1
initial apicid	: 1
fpu		: yes
fpu_exception	: yes
cpuid level	: 13
wp		: yes
flags		: fpu vme de pse tsc msr pae mce cx8 apic sep mtrr pge mca cmov pat pse36 clflush dts acpi mmx fxsr sse sse2 ss ht tm pbe syscall nx rdtscp lm constant_tsc arch_perfmon pebs bts rep_good nopl xtopology nonstop_tsc aperfmperf eagerfpu pni pclmulqdq dtes64 monitor ds_cpl vmx est tm2 ssse3 cx16 xtpr pdcm pcid sse4_1 sse4_2 x2apic popcnt tsc_deadline_timer xsave avx f16c lahf_lm ida arat epb xsaveopt pln pts dtherm tpr_shadow vnmi flexpriority ept vpid fsgsbase smep erms
bogomips	: 3591.75
clflush size	: 64
cache_alignment	: 64
address sizes	: 36 bits physical, 48 bits virtual
power management:

processor	: 3
vendor_id	: GenuineIntel
cpu family	: 6
model		: 58
model name	: Intel(R) Core(TM) i3-3217U CPU @ 1.80GHz
stepping	: 9
microcode	: 0x15
cpu MHz		: 1800.000
cache size	: 3072 KB
physical id	: 0
siblings	: 4
core id		: 1
cpu cores	: 2
apicid		: 3
initial apicid	: 3
fpu		: yes
fpu_exception	: yes
cpuid level	: 13
wp		: yes
flags		: fpu vme de pse tsc msr pae mce cx8 apic sep mtrr pge mca cmov pat pse36 clflush dts acpi mmx fxsr sse sse2 ss ht tm pbe syscall nx rdtscp lm constant_tsc arch_perfmon pebs bts rep_good nopl xtopology nonstop_tsc aperfmperf eagerfpu pni pclmulqdq dtes64 monitor ds_cpl vmx est tm2 ssse3 cx16 xtpr pdcm pcid sse4_1 sse4_2 x2apic popcnt tsc_deadline_timer xsave avx f16c lahf_lm ida arat epb xsaveopt pln pts dtherm tpr_shadow vnmi flexpriority ept vpid fsgsbase smep erms
bogomips	: 3591.75
clflush size	: 64
cache_alignment	: 64
address sizes	: 36 bits physical, 48 bits virtual
power management:



Memory: 4k page, physical 8059688k(368196k free), swap 4075516k(4000692k free)

vm_info: OpenJDK 64-Bit Server VM (24.95-b01) for linux-amd64 JRE (1.7.0_95-b00), built on Jan 21 2016 03:31:40 by "buildd" with gcc 4.8.4

time: Wed Apr 13 15:58:55 2016
elapsed time: 26 seconds

