#
# A fatal error has been detected by the Java Runtime Environment:
#
#  SIGSEGV (0xb) at pc=0x00007f37653d88a7, pid=31322, tid=139875596535552
#
# JRE version: OpenJDK Runtime Environment (7.0_95) (build 1.7.0_95-b00)
# Java VM: OpenJDK 64-Bit Server VM (24.95-b01 mixed mode linux-amd64 compressed oops)
# Derivative: IcedTea 2.6.4
# Distribution: Ubuntu 14.04.3 LTS, package 7u95-2.6.4-0ubuntu0.14.04.1
# Problematic frame:
# V  [libjvm.so+0x84e8a7]
#
# Failed to write core dump. Core dumps have been disabled. To enable core dumping, try "ulimit -c unlimited" before starting Java again
#
# If you would like to submit a bug report, please include
# instructions on how to reproduce the bug and visit:
#   http://icedtea.classpath.org/bugzilla
#

---------------  T H R E A D  ---------------

Current thread (0x00007f37600a9800):  JavaThread "C2 CompilerThread0" daemon [_thread_in_native, id=31335, stack(0x00007f37532e8000,0x00007f37533e9000)]

siginfo:si_signo=SIGSEGV: si_errno=0, si_code=1 (SEGV_MAPERR), si_addr=0x00007f3f658bd028

Registers:
RAX=0x00007f3f658bcf90, RBX=0x00007f372c3ea8e8, RCX=0x00000000000000b8, RDX=0x0000000000000dc7
RSP=0x00007f37533e4650, RBP=0x00007f37533e4900, RSI=0x000000000000f8a0, RDI=0x00007f372c4497b0
R8 =0x0000000000000000, R9 =0x00007f37301aeb60, R10=0x00007f372c4497b0, R11=0x00007f372c3edf28
R12=0x000000000000000d, R13=0x0000000000000001, R14=0x00007f37533e4c10, R15=0x00007f372c3edf88
RIP=0x00007f37653d88a7, EFLAGS=0x0000000000010297, CSGSFS=0x0000000000000033, ERR=0x0000000000000004
  TRAPNO=0x000000000000000e

Top of Stack: (sp=0x00007f37533e4650)
0x00007f37533e4650:   00007f3700000001 00007f3700000001
0x00007f37533e4660:   00007f37533e48b0 0000000000000001
0x00007f37533e4670:   00000000000003d8 00007f3730001738
0x00007f37533e4680:   00007f3730001360 00007f3730001350
0x00007f37533e4690:   00007f37301aeb60 0000000000000008
0x00007f37533e46a0:   0000000000000005 0000000000000028
0x00007f37533e46b0:   0000000600000005 0000000000000006
0x00007f37533e46c0:   0000000000000030 0000000000000007
0x00007f37533e46d0:   0000000000000038 0000000800000007
0x00007f37533e46e0:   0000000000000008 0000000000000040
0x00007f37533e46f0:   0000000000000009 0000000000000048
0x00007f37533e4700:   0000000a00000009 000000000000000a
0x00007f37533e4710:   0000000000000050 000000000000000b
0x00007f37533e4720:   0000000000000058 0000000c0000000b
0x00007f37533e4730:   000000000000000c 0000000000000060
0x00007f37533e4740:   0000000000000010 0000000000000192
0x00007f37533e4750:   00007f372c3edf98 00007f37533e486c
0x00007f37533e4760:   0000000000000001 00007f37533e4cd8
0x00007f37533e4770:   00007f372c241370 00007f37301b0aa1
0x00007f37533e4780:   000000000000000d 00007f37300fdda8
0x00007f37533e4790:   00007f37533e48b0 00007f372c2413b0
0x00007f37533e47a0:   00007f37301b0a98 00007f372c142820
0x00007f37533e47b0:   0000000000000001 00007f37533e4c10
0x00007f37533e47c0:   00007f37533e4950 00007f37301afd40
0x00007f37533e47d0:   00007f37301ab670 0000000000000010
0x00007f37533e47e0:   00007f37301aeb50 00007f372c3edf88
0x00007f37533e47f0:   0000000000000000 0000000000000000
0x00007f37533e4800:   000000000000f8a0 00007f37301ada70
0x00007f37533e4810:   00007f37301ac990 00007f372c3edf88
0x00007f37533e4820:   00007f37301afd30 0000000000000001
0x00007f37533e4830:   00007f370000042c 0000000000000000
0x00007f37533e4840:   0000000000000008 00007f372c4497b0 

Instructions: (pc=0x00007f37653d88a7)
0x00007f37653d8887:   00 41 0f b7 42 2c 83 e0 7f 66 83 f8 4a 0f 84 e9
0x00007f37653d8897:   04 00 00 49 8b 02 4c 89 d7 4c 89 95 48 ff ff ff
0x00007f37653d88a7:   ff 90 98 00 00 00 48 85 c0 48 89 85 38 ff ff ff
0x00007f37653d88b7:   4c 8b 95 48 ff ff ff 0f 84 de 11 00 00 48 89 c7 

Register to memory mapping:

RAX=0x00007f3f658bcf90 is an unknown value
RBX=0x00007f372c3ea8e8 is an unknown value
RCX=0x00000000000000b8 is an unknown value
RDX=0x0000000000000dc7 is an unknown value
RSP=0x00007f37533e4650 is pointing into the stack for thread: 0x00007f37600a9800
RBP=0x00007f37533e4900 is pointing into the stack for thread: 0x00007f37600a9800
RSI=0x000000000000f8a0 is an unknown value
RDI=0x00007f372c4497b0 is an unknown value
R8 =0x0000000000000000 is an unknown value
R9 =0x00007f37301aeb60 is an unknown value
R10=0x00007f372c4497b0 is an unknown value
R11=0x00007f372c3edf28 is an unknown value
R12=0x000000000000000d is an unknown value
R13=0x0000000000000001 is an unknown value
R14=0x00007f37533e4c10 is pointing into the stack for thread: 0x00007f37600a9800
R15=0x00007f372c3edf88 is an unknown value


Stack: [0x00007f37532e8000,0x00007f37533e9000],  sp=0x00007f37533e4650,  free space=1009k
Native frames: (J=compiled Java code, j=interpreted, Vv=VM code, C=native code)
V  [libjvm.so+0x84e8a7]
V  [libjvm.so+0x3cb58a]
V  [libjvm.so+0x43f92a]
V  [libjvm.so+0x443ab7]
V  [libjvm.so+0x3b1c7a]
V  [libjvm.so+0x449937]
V  [libjvm.so+0x44aa40]
V  [libjvm.so+0x907e50]
V  [libjvm.so+0x9080c1]
V  [libjvm.so+0x7cc682]


Current CompileTask:
C2:   5150  434             com.android.dx.cf.code.ValueAwareMachine::run (1142 bytes)


---------------  P R O C E S S  ---------------

Java Threads: ( => current thread )
  0x00007f37601d2800 JavaThread "pool-2-thread-4" [_thread_in_vm, id=31343, stack(0x00007f375130d000,0x00007f375140e000)]
  0x00007f37601cc800 JavaThread "pool-2-thread-3" [_thread_blocked, id=31342, stack(0x00007f375140e000,0x00007f375150f000)]
  0x00007f37601cb000 JavaThread "pool-2-thread-2" [_thread_in_Java, id=31341, stack(0x00007f375150f000,0x00007f3751610000)]
  0x00007f37601c9800 JavaThread "pool-3-thread-1" [_thread_blocked, id=31340, stack(0x00007f3751610000,0x00007f3751711000)]
  0x00007f37601c4000 JavaThread "pool-2-thread-1" [_thread_blocked, id=31339, stack(0x00007f3751711000,0x00007f3751812000)]
  0x00007f37600ae800 JavaThread "Service Thread" daemon [_thread_blocked, id=31337, stack(0x00007f37530e6000,0x00007f37531e7000)]
  0x00007f37600ac800 JavaThread "C2 CompilerThread1" daemon [_thread_in_native, id=31336, stack(0x00007f37531e7000,0x00007f37532e8000)]
=>0x00007f37600a9800 JavaThread "C2 CompilerThread0" daemon [_thread_in_native, id=31335, stack(0x00007f37532e8000,0x00007f37533e9000)]
  0x00007f37600a7000 JavaThread "Signal Dispatcher" daemon [_thread_blocked, id=31334, stack(0x00007f37533e9000,0x00007f37534ea000)]
  0x00007f376007c000 JavaThread "Finalizer" daemon [_thread_blocked, id=31333, stack(0x00007f3753cfd000,0x00007f3753dfe000)]
  0x00007f376007a000 JavaThread "Reference Handler" daemon [_thread_blocked, id=31332, stack(0x00007f3753dfe000,0x00007f3753eff000)]
  0x00007f376000a800 JavaThread "main" [_thread_in_Java, id=31326, stack(0x00007f376669e000,0x00007f376679f000)]

Other Threads:
  0x00007f3760075800 VMThread [stack: 0x00007f3753eff000,0x00007f3754000000] [id=31331]
  0x00007f37600b9800 WatcherThread [stack: 0x00007f3752fe5000,0x00007f37530e6000] [id=31338]

VM state:not at safepoint (normal execution)

VM Mutex/Monitor currently owned by a thread: None

Heap
 PSYoungGen      total 132096K, used 20600K [0x00000000eaa80000, 0x00000000f3080000, 0x0000000100000000)
  eden space 126976K, 12% used [0x00000000eaa80000,0x00000000eb99f2e0,0x00000000f2680000)
  from space 5120K, 99% used [0x00000000f2b80000,0x00000000f307eef8,0x00000000f3080000)
  to   space 5120K, 0% used [0x00000000f2680000,0x00000000f2680000,0x00000000f2b80000)
 ParOldGen       total 83968K, used 29074K [0x00000000c0000000, 0x00000000c5200000, 0x00000000eaa80000)
  object space 83968K, 34% used [0x00000000c0000000,0x00000000c1c64918,0x00000000c5200000)
 PSPermGen       total 21504K, used 6157K [0x00000000b5a00000, 0x00000000b6f00000, 0x00000000c0000000)
  object space 21504K, 28% used [0x00000000b5a00000,0x00000000b6003618,0x00000000b6f00000)

Card table byte_map: [0x00007f375bf27000,0x00007f375c17b000] byte_map_base: 0x00007f375b97a000

Polling page: 0x00007f37667c7000

Code Cache  [0x00007f375c17b000, 0x00007f375c3eb000, 0x00007f375f17b000)
 total_blobs=653 nmethods=422 adapters=184 free_code_cache=47480Kb largest_free_block=48536896

Compilation events (10 events):
Event: 4,974 Thread 0x00007f37600a9800 nmethod 428 0x00007f375c211a10 code [0x00007f375c211b60, 0x00007f375c211c98]
Event: 4,974 Thread 0x00007f37600a9800  430             com.android.dx.util.LabeledList::<init> (57 bytes)
Event: 5,012 Thread 0x00007f37600a9800 nmethod 430 0x00007f375c31a0d0 code [0x00007f375c31a240, 0x00007f375c31a608]
Event: 5,012 Thread 0x00007f37600a9800  431             com.android.dx.ssa.back.FirstFitLocalCombiningAllocator::spansParamRange (24 bytes)
Event: 5,020 Thread 0x00007f37600a9800 nmethod 431 0x00007f375c2fcb90 code [0x00007f375c2fccc0, 0x00007f375c2fcd38]
Event: 5,020 Thread 0x00007f37600a9800  432             com.android.dx.ssa.InterferenceRegisterMapper::interferes (78 bytes)
Event: 5,039 Thread 0x00007f37600a9800 nmethod 432 0x00007f375c319590 code [0x00007f375c319720, 0x00007f375c319ac8]
Event: 5,039 Thread 0x00007f37600a9800  433             com.android.dx.cf.code.ByteBlock::<init> (181 bytes)
Event: 5,048 Thread 0x00007f37600a9800 nmethod 433 0x00007f375c1ee190 code [0x00007f375c1ee2e0, 0x00007f375c1ee538]
Event: 5,048 Thread 0x00007f37600a9800  434             com.android.dx.cf.code.ValueAwareMachine::run (1142 bytes)

GC Heap History (8 events):
Event: 1,289 GC heap before
{Heap before GC invocations=1 (full 0):
 PSYoungGen      total 36864K, used 31744K [0x00000000eaa80000, 0x00000000ed380000, 0x0000000100000000)
  eden space 31744K, 100% used [0x00000000eaa80000,0x00000000ec980000,0x00000000ec980000)
  from space 5120K, 0% used [0x00000000ece80000,0x00000000ece80000,0x00000000ed380000)
  to   space 5120K, 0% used [0x00000000ec980000,0x00000000ec980000,0x00000000ece80000)
 ParOldGen       total 83968K, used 0K [0x00000000c0000000, 0x00000000c5200000, 0x00000000eaa80000)
  object space 83968K, 0% used [0x00000000c0000000,0x00000000c0000000,0x00000000c5200000)
 PSPermGen       total 21504K, used 5940K [0x00000000b5a00000, 0x00000000b6f00000, 0x00000000c0000000)
  object space 21504K, 27% used [0x00000000b5a00000,0x00000000b5fcd120,0x00000000b6f00000)
Event: 1,305 GC heap after
Heap after GC invocations=1 (full 0):
 PSYoungGen      total 36864K, used 5089K [0x00000000eaa80000, 0x00000000ef280000, 0x0000000100000000)
  eden space 31744K, 0% used [0x00000000eaa80000,0x00000000eaa80000,0x00000000ec980000)
  from space 5120K, 99% used [0x00000000ec980000,0x00000000ece78568,0x00000000ece80000)
  to   space 5120K, 0% used [0x00000000eed80000,0x00000000eed80000,0x00000000ef280000)
 ParOldGen       total 83968K, used 2228K [0x00000000c0000000, 0x00000000c5200000, 0x00000000eaa80000)
  object space 83968K, 2% used [0x00000000c0000000,0x00000000c022d0d0,0x00000000c5200000)
 PSPermGen       total 21504K, used 5940K [0x00000000b5a00000, 0x00000000b6f00000, 0x00000000c0000000)
  object space 21504K, 27% used [0x00000000b5a00000,0x00000000b5fcd120,0x00000000b6f00000)
}
Event: 2,323 GC heap before
{Heap before GC invocations=2 (full 0):
 PSYoungGen      total 36864K, used 36833K [0x00000000eaa80000, 0x00000000ef280000, 0x0000000100000000)
  eden space 31744K, 100% used [0x00000000eaa80000,0x00000000ec980000,0x00000000ec980000)
  from space 5120K, 99% used [0x00000000ec980000,0x00000000ece78568,0x00000000ece80000)
  to   space 5120K, 0% used [0x00000000eed80000,0x00000000eed80000,0x00000000ef280000)
 ParOldGen       total 83968K, used 2228K [0x00000000c0000000, 0x00000000c5200000, 0x00000000eaa80000)
  object space 83968K, 2% used [0x00000000c0000000,0x00000000c022d0d0,0x00000000c5200000)
 PSPermGen       total 21504K, used 6052K [0x00000000b5a00000, 0x00000000b6f00000, 0x00000000c0000000)
  object space 21504K, 28% used [0x00000000b5a00000,0x00000000b5fe9288,0x00000000b6f00000)
Event: 2,348 GC heap after
Heap after GC invocations=2 (full 0):
 PSYoungGen      total 68608K, used 5095K [0x00000000eaa80000, 0x00000000ef280000, 0x0000000100000000)
  eden space 63488K, 0% used [0x00000000eaa80000,0x00000000eaa80000,0x00000000ee880000)
  from space 5120K, 99% used [0x00000000eed80000,0x00000000ef279da8,0x00000000ef280000)
  to   space 5120K, 0% used [0x00000000ee880000,0x00000000ee880000,0x00000000eed80000)
 ParOldGen       total 83968K, used 7443K [0x00000000c0000000, 0x00000000c5200000, 0x00000000eaa80000)
  object space 83968K, 8% used [0x00000000c0000000,0x00000000c0744d30,0x00000000c5200000)
 PSPermGen       total 21504K, used 6052K [0x00000000b5a00000, 0x00000000b6f00000, 0x00000000c0000000)
  object space 21504K, 28% used [0x00000000b5a00000,0x00000000b5fe9288,0x00000000b6f00000)
}
Event: 3,759 GC heap before
{Heap before GC invocations=3 (full 0):
 PSYoungGen      total 68608K, used 68583K [0x00000000eaa80000, 0x00000000ef280000, 0x0000000100000000)
  eden space 63488K, 100% used [0x00000000eaa80000,0x00000000ee880000,0x00000000ee880000)
  from space 5120K, 99% used [0x00000000eed80000,0x00000000ef279da8,0x00000000ef280000)
  to   space 5120K, 0% used [0x00000000ee880000,0x00000000ee880000,0x00000000eed80000)
 ParOldGen       total 83968K, used 7443K [0x00000000c0000000, 0x00000000c5200000, 0x00000000eaa80000)
  object space 83968K, 8% used [0x00000000c0000000,0x00000000c0744d30,0x00000000c5200000)
 PSPermGen       total 21504K, used 6115K [0x00000000b5a00000, 0x00000000b6f00000, 0x00000000c0000000)
  object space 21504K, 28% used [0x00000000b5a00000,0x00000000b5ff8d20,0x00000000b6f00000)
Event: 3,794 GC heap after
Heap after GC invocations=3 (full 0):
 PSYoungGen      total 68608K, used 5109K [0x00000000eaa80000, 0x00000000f3080000, 0x0000000100000000)
  eden space 63488K, 0% used [0x00000000eaa80000,0x00000000eaa80000,0x00000000ee880000)
  from space 5120K, 99% used [0x00000000ee880000,0x00000000eed7d558,0x00000000eed80000)
  to   space 5120K, 0% used [0x00000000f2b80000,0x00000000f2b80000,0x00000000f3080000)
 ParOldGen       total 83968K, used 18357K [0x00000000c0000000, 0x00000000c5200000, 0x00000000eaa80000)
  object space 83968K, 21% used [0x00000000c0000000,0x00000000c11ed788,0x00000000c5200000)
 PSPermGen       total 21504K, used 6115K [0x00000000b5a00000, 0x00000000b6f00000, 0x00000000c0000000)
  object space 21504K, 28% used [0x00000000b5a00000,0x00000000b5ff8d20,0x00000000b6f00000)
}
Event: 4,890 GC heap before
{Heap before GC invocations=4 (full 0):
 PSYoungGen      total 68608K, used 68597K [0x00000000eaa80000, 0x00000000f3080000, 0x0000000100000000)
  eden space 63488K, 100% used [0x00000000eaa80000,0x00000000ee880000,0x00000000ee880000)
  from space 5120K, 99% used [0x00000000ee880000,0x00000000eed7d558,0x00000000eed80000)
  to   space 5120K, 0% used [0x00000000f2b80000,0x00000000f2b80000,0x00000000f3080000)
 ParOldGen       total 83968K, used 18357K [0x00000000c0000000, 0x00000000c5200000, 0x00000000eaa80000)
  object space 83968K, 21% used [0x00000000c0000000,0x00000000c11ed788,0x00000000c5200000)
 PSPermGen       total 21504K, used 6156K [0x00000000b5a00000, 0x00000000b6f00000, 0x00000000c0000000)
  object space 21504K, 28% used [0x00000000b5a00000,0x00000000b60032a0,0x00000000b6f00000)
Event: 4,934 GC heap after
Heap after GC invocations=4 (full 0):
 PSYoungGen      total 132096K, used 5115K [0x00000000eaa80000, 0x00000000f3080000, 0x0000000100000000)
  eden space 126976K, 0% used [0x00000000eaa80000,0x00000000eaa80000,0x00000000f2680000)
  from space 5120K, 99% used [0x00000000f2b80000,0x00000000f307eef8,0x00000000f3080000)
  to   space 5120K, 0% used [0x00000000f2680000,0x00000000f2680000,0x00000000f2b80000)
 ParOldGen       total 83968K, used 29074K [0x00000000c0000000, 0x00000000c5200000, 0x00000000eaa80000)
  object space 83968K, 34% used [0x00000000c0000000,0x00000000c1c64918,0x00000000c5200000)
 PSPermGen       total 21504K, used 6156K [0x00000000b5a00000, 0x00000000b6f00000, 0x00000000c0000000)
  object space 21504K, 28% used [0x00000000b5a00000,0x00000000b60032a0,0x00000000b6f00000)
}

Deoptimization events (10 events):
Event: 3,643 Thread 0x00007f37601d2800 Uncommon trap: reason=unstable_if action=reinterpret pc=0x00007f375c214234 method=com.android.dx.util.IntList.binarysearch(I)I @ 105
Event: 3,653 Thread 0x00007f37601d2800 Uncommon trap: reason=class_check action=maybe_recompile pc=0x00007f375c22aa38 method=java.util.HashMap.put(Ljava/lang/Object;Ljava/lang/Object;)Ljava/lang/Object; @ 83
Event: 3,653 Thread 0x00007f37601d2800 Uncommon trap: reason=class_check action=maybe_recompile pc=0x00007f375c22aa38 method=java.util.HashMap.put(Ljava/lang/Object;Ljava/lang/Object;)Ljava/lang/Object; @ 83
Event: 3,677 Thread 0x00007f37601d2800 Uncommon trap: reason=class_check action=maybe_recompile pc=0x00007f375c22aa38 method=java.util.HashMap.put(Ljava/lang/Object;Ljava/lang/Object;)Ljava/lang/Object; @ 83
Event: 3,953 Thread 0x00007f37601cc800 Uncommon trap: reason=unstable_if action=reinterpret pc=0x00007f375c2d01ec method=com.android.dx.ssa.LiteralOpUpgrader$1.visitNonMoveInsn(Lcom/android/dx/ssa/NormalSsaInsn;)V @ 151
Event: 4,006 Thread 0x00007f376000a800 Uncommon trap: reason=unstable_if action=reinterpret pc=0x00007f375c2eef60 method=java.util.BitSet.ensureCapacity(I)V @ 6
Event: 4,090 Thread 0x00007f37601cb000 Uncommon trap: reason=unstable_if action=reinterpret pc=0x00007f375c254448 method=com.android.dx.ssa.SCCP.simulateBranch(Lcom/android/dx/ssa/SsaInsn;)V @ 64
Event: 4,113 Thread 0x00007f37601c4000 Uncommon trap: reason=unstable_if action=reinterpret pc=0x00007f375c302db0 method=java.util.BitSet.ensureCapacity(I)V @ 6
Event: 4,976 Thread 0x00007f37601d2800 Uncommon trap: reason=unstable_if action=reinterpret pc=0x00007f375c20f060 method=com.android.dx.rop.code.RegisterSpec.equals(ILcom/android/dx/rop/type/TypeBearer;Lcom/android/dx/rop/code/LocalItem;)Z @ 42
Event: 5,089 Thread 0x00007f37601d2800 Uncommon trap: reason=unstable_if action=reinterpret pc=0x00007f375c207d84 method=com.android.dx.rop.cst.Constant.compareTo(Lcom/android/dx/rop/cst/Constant;)I @ 12

Internal exceptions (10 events):
Event: 1,677 Thread 0x00007f376000a800 Implicit null exception at 0x00007f375c21524e to 0x00007f375c216825
Event: 1,811 Thread 0x00007f376000a800 Implicit null exception at 0x00007f375c1ee73c to 0x00007f375c1eed49
Event: 1,848 Thread 0x00007f376000a800 Threw 0x00000000eb58ceb8 at /build/openjdk-7-2FOwCu/openjdk-7-7u95-2.6.4/build/openjdk/hotspot/src/share/vm/prims/jvm.cpp:1322
Event: 2,544 Thread 0x00007f376000a800 Threw 0x00000000eb0d27f0 at /build/openjdk-7-2FOwCu/openjdk-7-7u95-2.6.4/build/openjdk/hotspot/src/share/vm/prims/jvm.cpp:1322
Event: 3,167 Thread 0x00007f376000a800 Threw 0x00000000ec6f9778 at /build/openjdk-7-2FOwCu/openjdk-7-7u95-2.6.4/build/openjdk/hotspot/src/share/vm/prims/jvm.cpp:1322
Event: 3,364 Thread 0x00007f37601cb000 Threw 0x00000000ed16e070 at /build/openjdk-7-2FOwCu/openjdk-7-7u95-2.6.4/build/openjdk/hotspot/src/share/vm/prims/jvm.cpp:1322
Event: 3,496 Thread 0x00007f37601c4000 Implicit null exception at 0x00007f375c25a3bb to 0x00007f375c25a5ad
Event: 3,498 Thread 0x00007f37601c4000 Implicit null exception at 0x00007f375c2d7049 to 0x00007f375c2d785d
Event: 3,498 Thread 0x00007f37601c4000 Implicit null exception at 0x00007f375c2a45fc to 0x00007f375c2a4711
Event: 4,836 Thread 0x00007f376000a800 Threw 0x00000000ee3cd858 at /build/openjdk-7-2FOwCu/openjdk-7-7u95-2.6.4/build/openjdk/hotspot/src/share/vm/prims/jvm.cpp:1322

Events (10 events):
Event: 4,973 Thread 0x00007f37600ac800 flushing nmethod 0x00007f375c211a10
Event: 4,974 Thread 0x00007f37600a9800 flushing nmethod 0x00007f375c2148d0
Event: 4,976 Thread 0x00007f37601d2800 Uncommon trap: trap_request=0xffffff75 fr.pc=0x00007f375c20f060
Event: 4,976 Thread 0x00007f37601d2800 DEOPT PACKING pc=0x00007f375c20f060 sp=0x00007f375140c1a0
Event: 4,976 Thread 0x00007f37601d2800 DEOPT UNPACKING pc=0x00007f375c1b4445 sp=0x00007f375140c148 mode 2
Event: 5,020 Thread 0x00007f37600a9800 flushing nmethod 0x00007f375c23e110
Event: 5,039 Thread 0x00007f37600a9800 flushing nmethod 0x00007f375c25aa90
Event: 5,089 Thread 0x00007f37601d2800 Uncommon trap: trap_request=0xffffff75 fr.pc=0x00007f375c207d84
Event: 5,089 Thread 0x00007f37601d2800 DEOPT PACKING pc=0x00007f375c207d84 sp=0x00007f375140bf10
Event: 5,089 Thread 0x00007f37601d2800 DEOPT UNPACKING pc=0x00007f375c1b4445 sp=0x00007f375140bed0 mode 2


Dynamic libraries:
00400000-00401000 r-xp 00000000 08:02 2761158                            /usr/lib/jvm/java-7-openjdk-amd64/jre/bin/java
00600000-00601000 r--p 00000000 08:02 2761158                            /usr/lib/jvm/java-7-openjdk-amd64/jre/bin/java
00601000-00602000 rw-p 00001000 08:02 2761158                            /usr/lib/jvm/java-7-openjdk-amd64/jre/bin/java
00613000-00634000 rw-p 00000000 00:00 0                                  [heap]
b5a00000-b6f00000 rw-p 00000000 00:00 0 
b6f00000-c0000000 rw-p 00000000 00:00 0 
c0000000-c5200000 rw-p 00000000 00:00 0 
c5200000-eaa80000 rw-p 00000000 00:00 0 
eaa80000-f3080000 rw-p 00000000 00:00 0 
f3080000-100000000 rw-p 00000000 00:00 0 
7f370c000000-7f370c023000 rw-p 00000000 00:00 0 
7f370c023000-7f3710000000 ---p 00000000 00:00 0 
7f3714000000-7f3714021000 rw-p 00000000 00:00 0 
7f3714021000-7f3718000000 ---p 00000000 00:00 0 
7f3718000000-7f371802a000 rw-p 00000000 00:00 0 
7f371802a000-7f371c000000 ---p 00000000 00:00 0 
7f371c000000-7f371c037000 rw-p 00000000 00:00 0 
7f371c037000-7f3720000000 ---p 00000000 00:00 0 
7f3720000000-7f3720021000 rw-p 00000000 00:00 0 
7f3720021000-7f3724000000 ---p 00000000 00:00 0 
7f3724000000-7f3724021000 rw-p 00000000 00:00 0 
7f3724021000-7f3728000000 ---p 00000000 00:00 0 
7f3728000000-7f3728021000 rw-p 00000000 00:00 0 
7f3728021000-7f372c000000 ---p 00000000 00:00 0 
7f372c000000-7f372cb9e000 rw-p 00000000 00:00 0 
7f372cb9e000-7f3730000000 ---p 00000000 00:00 0 
7f3730000000-7f3730985000 rw-p 00000000 00:00 0 
7f3730985000-7f3734000000 ---p 00000000 00:00 0 
7f3734000000-7f3734021000 rw-p 00000000 00:00 0 
7f3734021000-7f3738000000 ---p 00000000 00:00 0 
7f3738000000-7f3738021000 rw-p 00000000 00:00 0 
7f3738021000-7f373c000000 ---p 00000000 00:00 0 
7f373c000000-7f373c021000 rw-p 00000000 00:00 0 
7f373c021000-7f3740000000 ---p 00000000 00:00 0 
7f3740000000-7f3740021000 rw-p 00000000 00:00 0 
7f3740021000-7f3744000000 ---p 00000000 00:00 0 
7f3744000000-7f3744021000 rw-p 00000000 00:00 0 
7f3744021000-7f3748000000 ---p 00000000 00:00 0 
7f3748000000-7f3748021000 rw-p 00000000 00:00 0 
7f3748021000-7f374c000000 ---p 00000000 00:00 0 
7f374c000000-7f374c021000 rw-p 00000000 00:00 0 
7f374c021000-7f3750000000 ---p 00000000 00:00 0 
7f375130d000-7f3751310000 ---p 00000000 00:00 0 
7f3751310000-7f375140e000 rw-p 00000000 00:00 0                          [stack:31343]
7f375140e000-7f3751411000 ---p 00000000 00:00 0 
7f3751411000-7f375150f000 rw-p 00000000 00:00 0                          [stack:31342]
7f375150f000-7f3751512000 ---p 00000000 00:00 0 
7f3751512000-7f3751610000 rw-p 00000000 00:00 0                          [stack:31341]
7f3751610000-7f3751613000 ---p 00000000 00:00 0 
7f3751613000-7f3751711000 rw-p 00000000 00:00 0                          [stack:31340]
7f3751711000-7f3751714000 ---p 00000000 00:00 0 
7f3751714000-7f3751843000 rw-p 00000000 00:00 0                          [stack:31339]
7f3751843000-7f3751880000 r-xp 00000000 08:02 13447                      /lib/x86_64-linux-gnu/libpcre.so.3.13.1
7f3751880000-7f3751a7f000 ---p 0003d000 08:02 13447                      /lib/x86_64-linux-gnu/libpcre.so.3.13.1
7f3751a7f000-7f3751a80000 r--p 0003c000 08:02 13447                      /lib/x86_64-linux-gnu/libpcre.so.3.13.1
7f3751a80000-7f3751a81000 rw-p 0003d000 08:02 13447                      /lib/x86_64-linux-gnu/libpcre.so.3.13.1
7f3751a81000-7f3751a88000 r-xp 00000000 08:02 21389                      /usr/lib/x86_64-linux-gnu/libffi.so.6.0.1
7f3751a88000-7f3751c87000 ---p 00007000 08:02 21389                      /usr/lib/x86_64-linux-gnu/libffi.so.6.0.1
7f3751c87000-7f3751c88000 r--p 00006000 08:02 21389                      /usr/lib/x86_64-linux-gnu/libffi.so.6.0.1
7f3751c88000-7f3751c89000 rw-p 00007000 08:02 21389                      /usr/lib/x86_64-linux-gnu/libffi.so.6.0.1
7f3751c89000-7f3751ca0000 r-xp 00000000 08:02 3147                       /lib/x86_64-linux-gnu/libresolv-2.19.so
7f3751ca0000-7f3751ea0000 ---p 00017000 08:02 3147                       /lib/x86_64-linux-gnu/libresolv-2.19.so
7f3751ea0000-7f3751ea1000 r--p 00017000 08:02 3147                       /lib/x86_64-linux-gnu/libresolv-2.19.so
7f3751ea1000-7f3751ea2000 rw-p 00018000 08:02 3147                       /lib/x86_64-linux-gnu/libresolv-2.19.so
7f3751ea2000-7f3751ea4000 rw-p 00000000 00:00 0 
7f3751ea4000-7f3751ec4000 r-xp 00000000 08:02 13524                      /lib/x86_64-linux-gnu/libselinux.so.1
7f3751ec4000-7f37520c3000 ---p 00020000 08:02 13524                      /lib/x86_64-linux-gnu/libselinux.so.1
7f37520c3000-7f37520c4000 r--p 0001f000 08:02 13524                      /lib/x86_64-linux-gnu/libselinux.so.1
7f37520c4000-7f37520c5000 rw-p 00020000 08:02 13524                      /lib/x86_64-linux-gnu/libselinux.so.1
7f37520c5000-7f37520c7000 rw-p 00000000 00:00 0 
7f37520c7000-7f37520ca000 r-xp 00000000 08:02 28550                      /usr/lib/x86_64-linux-gnu/libgmodule-2.0.so.0.4002.0
7f37520ca000-7f37522c9000 ---p 00003000 08:02 28550                      /usr/lib/x86_64-linux-gnu/libgmodule-2.0.so.0.4002.0
7f37522c9000-7f37522ca000 r--p 00002000 08:02 28550                      /usr/lib/x86_64-linux-gnu/libgmodule-2.0.so.0.4002.0
7f37522ca000-7f37522cb000 rw-p 00003000 08:02 28550                      /usr/lib/x86_64-linux-gnu/libgmodule-2.0.so.0.4002.0
7f37522cb000-7f37523d1000 r-xp 00000000 08:02 13425                      /lib/x86_64-linux-gnu/libglib-2.0.so.0.4002.0
7f37523d1000-7f37525d0000 ---p 00106000 08:02 13425                      /lib/x86_64-linux-gnu/libglib-2.0.so.0.4002.0
7f37525d0000-7f37525d1000 r--p 00105000 08:02 13425                      /lib/x86_64-linux-gnu/libglib-2.0.so.0.4002.0
7f37525d1000-7f37525d2000 rw-p 00106000 08:02 13425                      /lib/x86_64-linux-gnu/libglib-2.0.so.0.4002.0
7f37525d2000-7f37525d3000 rw-p 00000000 00:00 0 
7f37525d3000-7f3752622000 r-xp 00000000 08:02 28566                      /usr/lib/x86_64-linux-gnu/libgobject-2.0.so.0.4002.0
7f3752622000-7f3752822000 ---p 0004f000 08:02 28566                      /usr/lib/x86_64-linux-gnu/libgobject-2.0.so.0.4002.0
7f3752822000-7f3752823000 r--p 0004f000 08:02 28566                      /usr/lib/x86_64-linux-gnu/libgobject-2.0.so.0.4002.0
7f3752823000-7f3752824000 rw-p 00050000 08:02 28566                      /usr/lib/x86_64-linux-gnu/libgobject-2.0.so.0.4002.0
7f3752824000-7f3752990000 r-xp 00000000 08:02 28538                      /usr/lib/x86_64-linux-gnu/libgio-2.0.so.0.4002.0
7f3752990000-7f3752b8f000 ---p 0016c000 08:02 28538                      /usr/lib/x86_64-linux-gnu/libgio-2.0.so.0.4002.0
7f3752b8f000-7f3752b93000 r--p 0016b000 08:02 28538                      /usr/lib/x86_64-linux-gnu/libgio-2.0.so.0.4002.0
7f3752b93000-7f3752b95000 rw-p 0016f000 08:02 28538                      /usr/lib/x86_64-linux-gnu/libgio-2.0.so.0.4002.0
7f3752b95000-7f3752b97000 rw-p 00000000 00:00 0 
7f3752bbb000-7f3752bd2000 r-xp 00000000 08:02 2625929                    /usr/lib/jvm/java-7-openjdk-amd64/jre/lib/amd64/libnet.so
7f3752bd2000-7f3752dd1000 ---p 00017000 08:02 2625929                    /usr/lib/jvm/java-7-openjdk-amd64/jre/lib/amd64/libnet.so
7f3752dd1000-7f3752dd2000 r--p 00016000 08:02 2625929                    /usr/lib/jvm/java-7-openjdk-amd64/jre/lib/amd64/libnet.so
7f3752dd2000-7f3752dd3000 rw-p 00017000 08:02 2625929                    /usr/lib/jvm/java-7-openjdk-amd64/jre/lib/amd64/libnet.so
7f3752dd3000-7f3752de3000 r-xp 00000000 08:02 2625910                    /usr/lib/jvm/java-7-openjdk-amd64/jre/lib/amd64/libnio.so
7f3752de3000-7f3752fe3000 ---p 00010000 08:02 2625910                    /usr/lib/jvm/java-7-openjdk-amd64/jre/lib/amd64/libnio.so
7f3752fe3000-7f3752fe4000 r--p 00010000 08:02 2625910                    /usr/lib/jvm/java-7-openjdk-amd64/jre/lib/amd64/libnio.so
7f3752fe4000-7f3752fe5000 rw-p 00011000 08:02 2625910                    /usr/lib/jvm/java-7-openjdk-amd64/jre/lib/amd64/libnio.so
7f3752fe5000-7f3752fe6000 ---p 00000000 00:00 0 
7f3752fe6000-7f37530e6000 rw-p 00000000 00:00 0                          [stack:31338]
7f37530e6000-7f37530e9000 ---p 00000000 00:00 0 
7f37530e9000-7f37531e7000 rw-p 00000000 00:00 0                          [stack:31337]
7f37531e7000-7f37531ea000 ---p 00000000 00:00 0 
7f37531ea000-7f37532e8000 rw-p 00000000 00:00 0                          [stack:31336]
7f37532e8000-7f37532eb000 ---p 00000000 00:00 0 
7f37532eb000-7f37533e9000 rw-p 00000000 00:00 0                          [stack:31335]
7f37533e9000-7f37533ec000 ---p 00000000 00:00 0 
7f37533ec000-7f37534ea000 rw-p 00000000 00:00 0                          [stack:31334]
7f37534ea000-7f3753cfd000 r--p 00000000 08:02 27195                      /usr/lib/locale/locale-archive
7f3753cfd000-7f3753d00000 ---p 00000000 00:00 0 
7f3753d00000-7f3753dfe000 rw-p 00000000 00:00 0                          [stack:31333]
7f3753dfe000-7f3753e01000 ---p 00000000 00:00 0 
7f3753e01000-7f3753eff000 rw-p 00000000 00:00 0                          [stack:31332]
7f3753eff000-7f3753f00000 ---p 00000000 00:00 0 
7f3753f00000-7f3754000000 rw-p 00000000 00:00 0                          [stack:31331]
7f3754000000-7f3754021000 rw-p 00000000 00:00 0 
7f3754021000-7f3758000000 ---p 00000000 00:00 0 
7f375800c000-7f3758096000 r--s 0072e000 08:02 1842098                    /home/ivan/workspace/Champy_v2/app/build/intermediates/transforms/jarMerging/debug/jars/1/1f/combined.jar
7f3758096000-7f37580a5000 r--s 000df000 08:02 1575371                    /home/ivan/Android/Sdk/build-tools/23.0.1/lib/dx.jar
7f37580a5000-7f37590a2000 rw-p 00000000 00:00 0 
7f37590a2000-7f3759254000 r--s 01d2f000 08:02 2625893                    /usr/lib/jvm/java-7-openjdk-amd64/jre/lib/rt.jar
7f3759254000-7f375bad0000 rw-p 00000000 00:00 0 
7f375bad0000-7f375bad1000 ---p 00000000 00:00 0 
7f375bad1000-7f375bbd1000 rw-p 00000000 00:00 0                          [stack:31330]
7f375bbd1000-7f375bbd2000 ---p 00000000 00:00 0 
7f375bbd2000-7f375bcd2000 rw-p 00000000 00:00 0                          [stack:31329]
7f375bcd2000-7f375bcd3000 ---p 00000000 00:00 0 
7f375bcd3000-7f375bdd3000 rw-p 00000000 00:00 0                          [stack:31328]
7f375bdd3000-7f375bdd4000 ---p 00000000 00:00 0 
7f375bdd4000-7f375bedf000 rw-p 00000000 00:00 0                          [stack:31327]
7f375bedf000-7f375bf27000 rw-p 00000000 00:00 0 
7f375bf27000-7f375bf32000 rw-p 00000000 00:00 0 
7f375bf32000-7f375bf7a000 rw-p 00000000 00:00 0 
7f375bf7a000-7f375bfa3000 rw-p 00000000 00:00 0 
7f375bfa3000-7f375c0cf000 rw-p 00000000 00:00 0 
7f375c0cf000-7f375c113000 rw-p 00000000 00:00 0 
7f375c113000-7f375c17a000 rw-p 00000000 00:00 0 
7f375c17a000-7f375c17b000 rw-p 00000000 00:00 0 
7f375c17b000-7f375c3eb000 rwxp 00000000 00:00 0 
7f375c3eb000-7f375f17b000 rw-p 00000000 00:00 0 
7f375f17b000-7f375f183000 r-xp 00000000 08:02 2625902                    /usr/lib/jvm/java-7-openjdk-amd64/jre/lib/amd64/libzip.so
7f375f183000-7f375f382000 ---p 00008000 08:02 2625902                    /usr/lib/jvm/java-7-openjdk-amd64/jre/lib/amd64/libzip.so
7f375f382000-7f375f383000 r--p 00007000 08:02 2625902                    /usr/lib/jvm/java-7-openjdk-amd64/jre/lib/amd64/libzip.so
7f375f383000-7f375f384000 rw-p 00008000 08:02 2625902                    /usr/lib/jvm/java-7-openjdk-amd64/jre/lib/amd64/libzip.so
7f375f384000-7f375f38f000 r-xp 00000000 08:02 3187                       /lib/x86_64-linux-gnu/libnss_files-2.19.so
7f375f38f000-7f375f58e000 ---p 0000b000 08:02 3187                       /lib/x86_64-linux-gnu/libnss_files-2.19.so
7f375f58e000-7f375f58f000 r--p 0000a000 08:02 3187                       /lib/x86_64-linux-gnu/libnss_files-2.19.so
7f375f58f000-7f375f590000 rw-p 0000b000 08:02 3187                       /lib/x86_64-linux-gnu/libnss_files-2.19.so
7f375f590000-7f375f59b000 r-xp 00000000 08:02 3171                       /lib/x86_64-linux-gnu/libnss_nis-2.19.so
7f375f59b000-7f375f79a000 ---p 0000b000 08:02 3171                       /lib/x86_64-linux-gnu/libnss_nis-2.19.so
7f375f79a000-7f375f79b000 r--p 0000a000 08:02 3171                       /lib/x86_64-linux-gnu/libnss_nis-2.19.so
7f375f79b000-7f375f79c000 rw-p 0000b000 08:02 3171                       /lib/x86_64-linux-gnu/libnss_nis-2.19.so
7f375f79c000-7f375f7b3000 r-xp 00000000 08:02 3163                       /lib/x86_64-linux-gnu/libnsl-2.19.so
7f375f7b3000-7f375f9b2000 ---p 00017000 08:02 3163                       /lib/x86_64-linux-gnu/libnsl-2.19.so
7f375f9b2000-7f375f9b3000 r--p 00016000 08:02 3163                       /lib/x86_64-linux-gnu/libnsl-2.19.so
7f375f9b3000-7f375f9b4000 rw-p 00017000 08:02 3163                       /lib/x86_64-linux-gnu/libnsl-2.19.so
7f375f9b4000-7f375f9b6000 rw-p 00000000 00:00 0 
7f375f9b6000-7f375f9bf000 r-xp 00000000 08:02 3161                       /lib/x86_64-linux-gnu/libnss_compat-2.19.so
7f375f9bf000-7f375fbbe000 ---p 00009000 08:02 3161                       /lib/x86_64-linux-gnu/libnss_compat-2.19.so
7f375fbbe000-7f375fbbf000 r--p 00008000 08:02 3161                       /lib/x86_64-linux-gnu/libnss_compat-2.19.so
7f375fbbf000-7f375fbc0000 rw-p 00009000 08:02 3161                       /lib/x86_64-linux-gnu/libnss_compat-2.19.so
7f375fbc0000-7f375fbeb000 r-xp 00000000 08:02 2625925                    /usr/lib/jvm/java-7-openjdk-amd64/jre/lib/amd64/libjava.so
7f375fbeb000-7f375fdeb000 ---p 0002b000 08:02 2625925                    /usr/lib/jvm/java-7-openjdk-amd64/jre/lib/amd64/libjava.so
7f375fdeb000-7f375fdec000 r--p 0002b000 08:02 2625925                    /usr/lib/jvm/java-7-openjdk-amd64/jre/lib/amd64/libjava.so
7f375fdec000-7f375fdee000 rw-p 0002c000 08:02 2625925                    /usr/lib/jvm/java-7-openjdk-amd64/jre/lib/amd64/libjava.so
7f375fdee000-7f375fdfe000 r-xp 00000000 08:02 2625907                    /usr/lib/jvm/java-7-openjdk-amd64/jre/lib/amd64/libverify.so
7f375fdfe000-7f375fffd000 ---p 00010000 08:02 2625907                    /usr/lib/jvm/java-7-openjdk-amd64/jre/lib/amd64/libverify.so
7f375fffd000-7f375ffff000 r--p 0000f000 08:02 2625907                    /usr/lib/jvm/java-7-openjdk-amd64/jre/lib/amd64/libverify.so
7f375ffff000-7f3760000000 rw-p 00011000 08:02 2625907                    /usr/lib/jvm/java-7-openjdk-amd64/jre/lib/amd64/libverify.so
7f3760000000-7f3760207000 rw-p 00000000 00:00 0 
7f3760207000-7f3764000000 ---p 00000000 00:00 0 
7f3764003000-7f376402c000 rw-p 00000000 00:00 0 
7f376402c000-7f3764159000 rw-p 00000000 00:00 0 
7f3764159000-7f3764160000 r-xp 00000000 08:02 3179                       /lib/x86_64-linux-gnu/librt-2.19.so
7f3764160000-7f376435f000 ---p 00007000 08:02 3179                       /lib/x86_64-linux-gnu/librt-2.19.so
7f376435f000-7f3764360000 r--p 00006000 08:02 3179                       /lib/x86_64-linux-gnu/librt-2.19.so
7f3764360000-7f3764361000 rw-p 00007000 08:02 3179                       /lib/x86_64-linux-gnu/librt-2.19.so
7f3764361000-7f3764377000 r-xp 00000000 08:02 3455                       /lib/x86_64-linux-gnu/libgcc_s.so.1
7f3764377000-7f3764576000 ---p 00016000 08:02 3455                       /lib/x86_64-linux-gnu/libgcc_s.so.1
7f3764576000-7f3764577000 r--p 00015000 08:02 3455                       /lib/x86_64-linux-gnu/libgcc_s.so.1
7f3764577000-7f3764578000 rw-p 00016000 08:02 3455                       /lib/x86_64-linux-gnu/libgcc_s.so.1
7f3764578000-7f376467d000 r-xp 00000000 08:02 3151                       /lib/x86_64-linux-gnu/libm-2.19.so
7f376467d000-7f376487c000 ---p 00105000 08:02 3151                       /lib/x86_64-linux-gnu/libm-2.19.so
7f376487c000-7f376487d000 r--p 00104000 08:02 3151                       /lib/x86_64-linux-gnu/libm-2.19.so
7f376487d000-7f376487e000 rw-p 00105000 08:02 3151                       /lib/x86_64-linux-gnu/libm-2.19.so
7f376487e000-7f376496b000 r-xp 00000000 08:02 9486                       /usr/lib/x86_64-linux-gnu/libstdc++.so.6.0.20
7f376496b000-7f3764b6b000 ---p 000ed000 08:02 9486                       /usr/lib/x86_64-linux-gnu/libstdc++.so.6.0.20
7f3764b6b000-7f3764b73000 r--p 000ed000 08:02 9486                       /usr/lib/x86_64-linux-gnu/libstdc++.so.6.0.20
7f3764b73000-7f3764b75000 rw-p 000f5000 08:02 9486                       /usr/lib/x86_64-linux-gnu/libstdc++.so.6.0.20
7f3764b75000-7f3764b8a000 rw-p 00000000 00:00 0 
7f3764b8a000-7f37656af000 r-xp 00000000 08:02 2625903                    /usr/lib/jvm/java-7-openjdk-amd64/jre/lib/amd64/server/libjvm.so
7f37656af000-7f37658af000 ---p 00b25000 08:02 2625903                    /usr/lib/jvm/java-7-openjdk-amd64/jre/lib/amd64/server/libjvm.so
7f37658af000-7f3765949000 r--p 00b25000 08:02 2625903                    /usr/lib/jvm/java-7-openjdk-amd64/jre/lib/amd64/server/libjvm.so
7f3765949000-7f376596c000 rw-p 00bbf000 08:02 2625903                    /usr/lib/jvm/java-7-openjdk-amd64/jre/lib/amd64/server/libjvm.so
7f376596c000-7f376599a000 rw-p 00000000 00:00 0 
7f376599a000-7f37659b2000 r-xp 00000000 08:02 13550                      /lib/x86_64-linux-gnu/libz.so.1.2.8
7f37659b2000-7f3765bb1000 ---p 00018000 08:02 13550                      /lib/x86_64-linux-gnu/libz.so.1.2.8
7f3765bb1000-7f3765bb2000 r--p 00017000 08:02 13550                      /lib/x86_64-linux-gnu/libz.so.1.2.8
7f3765bb2000-7f3765bb3000 rw-p 00018000 08:02 13550                      /lib/x86_64-linux-gnu/libz.so.1.2.8
7f3765bb3000-7f3765bcc000 r-xp 00000000 08:02 3165                       /lib/x86_64-linux-gnu/libpthread-2.19.so
7f3765bcc000-7f3765dcb000 ---p 00019000 08:02 3165                       /lib/x86_64-linux-gnu/libpthread-2.19.so
7f3765dcb000-7f3765dcc000 r--p 00018000 08:02 3165                       /lib/x86_64-linux-gnu/libpthread-2.19.so
7f3765dcc000-7f3765dcd000 rw-p 00019000 08:02 3165                       /lib/x86_64-linux-gnu/libpthread-2.19.so
7f3765dcd000-7f3765dd1000 rw-p 00000000 00:00 0 
7f3765dd1000-7f3765dd4000 r-xp 00000000 08:02 3155                       /lib/x86_64-linux-gnu/libdl-2.19.so
7f3765dd4000-7f3765fd3000 ---p 00003000 08:02 3155                       /lib/x86_64-linux-gnu/libdl-2.19.so
7f3765fd3000-7f3765fd4000 r--p 00002000 08:02 3155                       /lib/x86_64-linux-gnu/libdl-2.19.so
7f3765fd4000-7f3765fd5000 rw-p 00003000 08:02 3155                       /lib/x86_64-linux-gnu/libdl-2.19.so
7f3765fd5000-7f3766190000 r-xp 00000000 08:02 3181                       /lib/x86_64-linux-gnu/libc-2.19.so
7f3766190000-7f376638f000 ---p 001bb000 08:02 3181                       /lib/x86_64-linux-gnu/libc-2.19.so
7f376638f000-7f3766393000 r--p 001ba000 08:02 3181                       /lib/x86_64-linux-gnu/libc-2.19.so
7f3766393000-7f3766395000 rw-p 001be000 08:02 3181                       /lib/x86_64-linux-gnu/libc-2.19.so
7f3766395000-7f376639a000 rw-p 00000000 00:00 0 
7f376639a000-7f37663a7000 r-xp 00000000 08:02 2625897                    /usr/lib/jvm/java-7-openjdk-amd64/jre/lib/amd64/jli/libjli.so
7f37663a7000-7f37665a6000 ---p 0000d000 08:02 2625897                    /usr/lib/jvm/java-7-openjdk-amd64/jre/lib/amd64/jli/libjli.so
7f37665a6000-7f37665a7000 r--p 0000c000 08:02 2625897                    /usr/lib/jvm/java-7-openjdk-amd64/jre/lib/amd64/jli/libjli.so
7f37665a7000-7f37665a8000 rw-p 0000d000 08:02 2625897                    /usr/lib/jvm/java-7-openjdk-amd64/jre/lib/amd64/jli/libjli.so
7f37665a8000-7f37665cb000 r-xp 00000000 08:02 3167                       /lib/x86_64-linux-gnu/ld-2.19.so
7f37665cb000-7f37665cc000 rw-p 00000000 00:00 0 
7f37665cc000-7f37665d0000 r--s 00034000 08:02 2625935                    /usr/lib/jvm/java-7-openjdk-amd64/jre/lib/ext/sunjce_provider.jar
7f37665d0000-7f37665d2000 r--s 00012000 08:02 2625936                    /usr/lib/jvm/java-7-openjdk-amd64/jre/lib/ext/zipfs.jar
7f37665d2000-7f37665d3000 r--s 00002000 08:02 2625938                    /usr/lib/jvm/java-7-openjdk-amd64/jre/lib/ext/dnsns.jar
7f37665d3000-7f37665d6000 r--s 0000f000 08:02 2625939                    /usr/lib/jvm/java-7-openjdk-amd64/jre/lib/ext/icedtea-sound.jar
7f37665d6000-7f37665da000 r--s 0003c000 08:02 2625937                    /usr/lib/jvm/java-7-openjdk-amd64/jre/lib/ext/sunpkcs11.jar
7f37665da000-7f37665de000 r--s 00085000 08:02 2625934                    /usr/lib/jvm/java-7-openjdk-amd64/jre/lib/ext/localedata.jar
7f37665de000-7f37665e8000 rw-p 00000000 00:00 0 
7f37665e8000-7f376669e000 rw-p 00000000 00:00 0 
7f376669e000-7f37666a1000 ---p 00000000 00:00 0 
7f37666a1000-7f37667a4000 rw-p 00000000 00:00 0                          [stack:31326]
7f37667a4000-7f37667a6000 r--s 00006000 08:02 5674                       /usr/share/java/java-atk-wrapper.jar
7f37667a6000-7f37667be000 rw-p 00000000 00:00 0 
7f37667be000-7f37667c6000 rw-s 00000000 08:02 1315490                    /tmp/hsperfdata_ivan/31322
7f37667c6000-7f37667c7000 rw-p 00000000 00:00 0 
7f37667c7000-7f37667c8000 r--p 00000000 00:00 0 
7f37667c8000-7f37667ca000 rw-p 00000000 00:00 0 
7f37667ca000-7f37667cb000 r--p 00022000 08:02 3167                       /lib/x86_64-linux-gnu/ld-2.19.so
7f37667cb000-7f37667cc000 rw-p 00023000 08:02 3167                       /lib/x86_64-linux-gnu/ld-2.19.so
7f37667cc000-7f37667cd000 rw-p 00000000 00:00 0 
7fff93f00000-7fff93f21000 rw-p 00000000 00:00 0                          [stack]
7fff93f2b000-7fff93f2d000 r-xp 00000000 00:00 0                          [vdso]
7fff93f2d000-7fff93f2f000 r--p 00000000 00:00 0                          [vvar]
ffffffffff600000-ffffffffff601000 r-xp 00000000 00:00 0                  [vsyscall]

VM Arguments:
jvm_args: -Djava.awt.headless=true -Xmx1024M -Dfile.encoding=UTF-8 -Duser.country=UA -Duser.language=ru -Duser.variant 
java_command: com.android.dx.command.Main --dex --num-threads=4 --multi-dex --main-dex-list /home/ivan/workspace/Champy_v2/app/build/intermediates/multi-dex/debug/maindexlist.txt --output /home/ivan/workspace/Champy_v2/app/build/intermediates/transforms/dex/debug/folders/1000/1f/main /home/ivan/workspace/Champy_v2/app/build/intermediates/transforms/jarMerging/debug/jars/1/1f/combined.jar
Launcher Type: SUN_STANDARD

Environment Variables:
JAVA_HOME=/usr/lib/jvm/java-8-oracle
PATH=/usr/local/sbin:/usr/local/bin:/usr/sbin:/usr/bin:/sbin:/bin:/usr/games:/usr/local/games:/usr/lib/jvm/java-8-oracle/bin:/usr/lib/jvm/java-8-oracle/db/bin:/usr/lib/jvm/java-8-oracle/jre/bin
SHELL=/bin/bash
DISPLAY=:0

Signal Handlers:
SIGSEGV: [libjvm.so+0x955bc0], sa_mask[0]=0x7ffbfeff, sa_flags=0x10000004
SIGBUS: [libjvm.so+0x955bc0], sa_mask[0]=0x7ffbfeff, sa_flags=0x10000004
SIGFPE: [libjvm.so+0x7caff0], sa_mask[0]=0x7ffbfeff, sa_flags=0x10000004
SIGPIPE: [libjvm.so+0x7caff0], sa_mask[0]=0x7ffbfeff, sa_flags=0x10000004
SIGXFSZ: [libjvm.so+0x7caff0], sa_mask[0]=0x7ffbfeff, sa_flags=0x10000004
SIGILL: [libjvm.so+0x7caff0], sa_mask[0]=0x7ffbfeff, sa_flags=0x10000004
SIGUSR1: SIG_DFL, sa_mask[0]=0x00000000, sa_flags=0x00000000
SIGUSR2: [libjvm.so+0x7cae90], sa_mask[0]=0x00000004, sa_flags=0x10000004
SIGHUP: [libjvm.so+0x7cb070], sa_mask[0]=0x7ffbfeff, sa_flags=0x10000004
SIGINT: [libjvm.so+0x7cb070], sa_mask[0]=0x7ffbfeff, sa_flags=0x10000004
SIGTERM: [libjvm.so+0x7cb070], sa_mask[0]=0x7ffbfeff, sa_flags=0x10000004
SIGQUIT: [libjvm.so+0x7cb070], sa_mask[0]=0x7ffbfeff, sa_flags=0x10000004
SIGTRAP: SIG_DFL, sa_mask[0]=0x00000000, sa_flags=0x00000000


---------------  S Y S T E M  ---------------

OS:Ubuntu 14.04 (trusty)
uname:Linux 3.16.0-67-generic #87~14.04.1-Ubuntu SMP Fri Mar 11 00:26:02 UTC 2016 x86_64
libc:glibc 2.19 NPTL 2.19 
rlimit: STACK 8192k, CORE 0k, NPROC 30693, NOFILE 4096, AS infinity
load average:3,32 3,29 2,16

/proc/meminfo:
MemTotal:        8059688 kB
MemFree:         2556572 kB
MemAvailable:    4296580 kB
Buffers:          189328 kB
Cached:          1785052 kB
SwapCached:            0 kB
Active:          3862100 kB
Inactive:        1285616 kB
Active(anon):    3175476 kB
Inactive(anon):   116520 kB
Active(file):     686624 kB
Inactive(file):  1169096 kB
Unevictable:          72 kB
Mlocked:              72 kB
SwapTotal:       4075516 kB
SwapFree:        4075516 kB
Dirty:             15236 kB
Writeback:           144 kB
AnonPages:       3177632 kB
Mapped:           523948 kB
Shmem:            118664 kB
Slab:             147324 kB
SReclaimable:     106448 kB
SUnreclaim:        40876 kB
KernelStack:       11232 kB
PageTables:        50972 kB
NFS_Unstable:          0 kB
Bounce:                0 kB
WritebackTmp:          0 kB
CommitLimit:     8105360 kB
Committed_AS:    8509984 kB
VmallocTotal:   34359738367 kB
VmallocUsed:      392004 kB
VmallocChunk:   34359324156 kB
HardwareCorrupted:     0 kB
AnonHugePages:   1263616 kB
HugePages_Total:       0
HugePages_Free:        0
HugePages_Rsvd:        0
HugePages_Surp:        0
Hugepagesize:       2048 kB
DirectMap4k:      225220 kB
DirectMap2M:     8046592 kB


CPU:total 4 (2 cores per cpu, 2 threads per core) family 6 model 58 stepping 9, cmov, cx8, fxsr, mmx, sse, sse2, sse3, ssse3, sse4.1, sse4.2, popcnt, avx, erms, ht, tsc, tscinvbit, tscinv

/proc/cpuinfo:
processor	: 0
vendor_id	: GenuineIntel
cpu family	: 6
model		: 58
model name	: Intel(R) Core(TM) i3-3217U CPU @ 1.80GHz
stepping	: 9
microcode	: 0x15
cpu MHz		: 1800.000
cache size	: 3072 KB
physical id	: 0
siblings	: 4
core id		: 0
cpu cores	: 2
apicid		: 0
initial apicid	: 0
fpu		: yes
fpu_exception	: yes
cpuid level	: 13
wp		: yes
flags		: fpu vme de pse tsc msr pae mce cx8 apic sep mtrr pge mca cmov pat pse36 clflush dts acpi mmx fxsr sse sse2 ss ht tm pbe syscall nx rdtscp lm constant_tsc arch_perfmon pebs bts rep_good nopl xtopology nonstop_tsc aperfmperf eagerfpu pni pclmulqdq dtes64 monitor ds_cpl vmx est tm2 ssse3 cx16 xtpr pdcm pcid sse4_1 sse4_2 x2apic popcnt tsc_deadline_timer xsave avx f16c lahf_lm ida arat epb xsaveopt pln pts dtherm tpr_shadow vnmi flexpriority ept vpid fsgsbase smep erms
bogomips	: 3592.06
clflush size	: 64
cache_alignment	: 64
address sizes	: 36 bits physical, 48 bits virtual
power management:

processor	: 1
vendor_id	: GenuineIntel
cpu family	: 6
model		: 58
model name	: Intel(R) Core(TM) i3-3217U CPU @ 1.80GHz
stepping	: 9
microcode	: 0x15
cpu MHz		: 1800.000
cache size	: 3072 KB
physical id	: 0
siblings	: 4
core id		: 1
cpu cores	: 2
apicid		: 2
initial apicid	: 2
fpu		: yes
fpu_exception	: yes
cpuid level	: 13
wp		: yes
flags		: fpu vme de pse tsc msr pae mce cx8 apic sep mtrr pge mca cmov pat pse36 clflush dts acpi mmx fxsr sse sse2 ss ht tm pbe syscall nx rdtscp lm constant_tsc arch_perfmon pebs bts rep_good nopl xtopology nonstop_tsc aperfmperf eagerfpu pni pclmulqdq dtes64 monitor ds_cpl vmx est tm2 ssse3 cx16 xtpr pdcm pcid sse4_1 sse4_2 x2apic popcnt tsc_deadline_timer xsave avx f16c lahf_lm ida arat epb xsaveopt pln pts dtherm tpr_shadow vnmi flexpriority ept vpid fsgsbase smep erms
bogomips	: 3592.06
clflush size	: 64
cache_alignment	: 64
address sizes	: 36 bits physical, 48 bits virtual
power management:

processor	: 2
vendor_id	: GenuineIntel
cpu family	: 6
model		: 58
model name	: Intel(R) Core(TM) i3-3217U CPU @ 1.80GHz
stepping	: 9
microcode	: 0x15
cpu MHz		: 1800.000
cache size	: 3072 KB
physical id	: 0
siblings	: 4
core id		: 0
cpu cores	: 2
apicid		: 1
initial apicid	: 1
fpu		: yes
fpu_exception	: yes
cpuid level	: 13
wp		: yes
flags		: fpu vme de pse tsc msr pae mce cx8 apic sep mtrr pge mca cmov pat pse36 clflush dts acpi mmx fxsr sse sse2 ss ht tm pbe syscall nx rdtscp lm constant_tsc arch_perfmon pebs bts rep_good nopl xtopology nonstop_tsc aperfmperf eagerfpu pni pclmulqdq dtes64 monitor ds_cpl vmx est tm2 ssse3 cx16 xtpr pdcm pcid sse4_1 sse4_2 x2apic popcnt tsc_deadline_timer xsave avx f16c lahf_lm ida arat epb xsaveopt pln pts dtherm tpr_shadow vnmi flexpriority ept vpid fsgsbase smep erms
bogomips	: 3592.06
clflush size	: 64
cache_alignment	: 64
address sizes	: 36 bits physical, 48 bits virtual
power management:

processor	: 3
vendor_id	: GenuineIntel
cpu family	: 6
model		: 58
model name	: Intel(R) Core(TM) i3-3217U CPU @ 1.80GHz
stepping	: 9
microcode	: 0x15
cpu MHz		: 1800.000
cache size	: 3072 KB
physical id	: 0
siblings	: 4
core id		: 1
cpu cores	: 2
apicid		: 3
initial apicid	: 3
fpu		: yes
fpu_exception	: yes
cpuid level	: 13
wp		: yes
flags		: fpu vme de pse tsc msr pae mce cx8 apic sep mtrr pge mca cmov pat pse36 clflush dts acpi mmx fxsr sse sse2 ss ht tm pbe syscall nx rdtscp lm constant_tsc arch_perfmon pebs bts rep_good nopl xtopology nonstop_tsc aperfmperf eagerfpu pni pclmulqdq dtes64 monitor ds_cpl vmx est tm2 ssse3 cx16 xtpr pdcm pcid sse4_1 sse4_2 x2apic popcnt tsc_deadline_timer xsave avx f16c lahf_lm ida arat epb xsaveopt pln pts dtherm tpr_shadow vnmi flexpriority ept vpid fsgsbase smep erms
bogomips	: 3592.06
clflush size	: 64
cache_alignment	: 64
address sizes	: 36 bits physical, 48 bits virtual
power management:



Memory: 4k page, physical 8059688k(2556572k free), swap 4075516k(4075516k free)

vm_info: OpenJDK 64-Bit Server VM (24.95-b01) for linux-amd64 JRE (1.7.0_95-b00), built on Jan 21 2016 03:31:40 by "buildd" with gcc 4.8.4

time: Thu Apr  7 15:43:26 2016
elapsed time: 5 seconds

