#
# A fatal error has been detected by the Java Runtime Environment:
#
#  SIGSEGV (0xb) at pc=0x00007fdf8a7d6f4e, pid=15933, tid=0x00007fdf707f0700
#
# JRE version: Java(TM) SE Runtime Environment (8.0_92-b14) (build 1.8.0_92-b14)
# Java VM: Java HotSpot(TM) 64-Bit Server VM (25.92-b14 mixed mode linux-amd64 compressed oops)
# Problematic frame:
# V  [libjvm.so+0x639f4e]  IndexSetIterator::advance_and_next()+0x8e
#
# Failed to write core dump. Core dumps have been disabled. To enable core dumping, try "ulimit -c unlimited" before starting Java again
#
# If you would like to submit a bug report, please visit:
#   http://bugreport.java.com/bugreport/crash.jsp
#

---------------  T H R E A D  ---------------

Current thread (0x00007fdf840bb800):  JavaThread "C2 CompilerThread1" daemon [_thread_in_native, id=15947, stack(0x00007fdf706f0000,0x00007fdf707f1000)]

siginfo: si_signo: 11 (SIGSEGV), si_code: 1 (SEGV_MAPERR), si_addr: 0x00007fd78b148b00

Registers:
RAX=0x00007fd78b148b00, RBX=0x00007fdf443afb90, RCX=0x00007fdf8b148b00, RDX=0x000000000000000f
RSP=0x00007fdf707ec510, RBP=0x00007fdf707ec540, RSI=0x000000000000001c, RDI=0x00007fdf707ec560
R8 =0x0000000000000001, R9 =0x0000000000000000, R10=0x0000000000000000, R11=0x0000000000000000
R12=0x0000000000000003, R13=0x00007fdf707ec560, R14=0x0000000000000002, R15=0x0000000000000003
RIP=0x00007fdf8a7d6f4e, EFLAGS=0x0000000000010287, CSGSFS=0x0000000000000033, ERR=0x0000000000000004
  TRAPNO=0x000000000000000e

Top of Stack: (sp=0x00007fdf707ec510)
0x00007fdf707ec510:   00007fdf707ec540 00007fdf443afb90
0x00007fdf707ec520:   000000000000075c 00007fdf707ec740
0x00007fdf707ec530:   0000000000000002 0000000010000000
0x00007fdf707ec540:   00007fdf707ec5d0 00007fdf8a7d1439
0x00007fdf707ec550:   00007fdf707ec560 0000000000000038
0x00007fdf707ec560:   0000009200000000 00007fdf00000005
0x00007fdf707ec570:   00007fd78b148b00 0000000000000001
0x00007fdf707ec580:   00007fdf443f3d00 000000000000000f
0x00007fdf707ec590:   00007fdf443f3cf0 00007fdf481ec720
0x00007fdf707ec5a0:   00007fdf707edf68 00007fdf8b148b00
0x00007fdf707ec5b0:   000000000000063f 0000000000000040
0x00007fdf707ec5c0:   00007fdf707edf68 000000000000063f
0x00007fdf707ec5d0:   00007fdf707ec840 00007fdf8a5ab1d6
0x00007fdf707ec5e0:   00007fdf4817a910 00007fdf707ec780
0x00007fdf707ec5f0:   00007fdf707ec740 00007fdf707ec620
0x00007fdf707ec600:   00007fdf707ec6e0 00007fdf707ec7b0
0x00007fdf707ec610:   00007fdf707ede80 000000080000030c
0x00007fdf707ec620:   00007fdf8b0e6c50 00007fdf0000000d
0x00007fdf707ec630:   00007fdf707eed10 00007fdf707ede80
0x00007fdf707ec640:   00007fdf000015a2 00007fdf707ec6c0
0x00007fdf707ec650:   00007fdf707ec6c0 00007fdf484935c8
0x00007fdf707ec660:   00007fdf707ec730 00007fdf84007590
0x00007fdf707ec670:   00007fdf707ec730 00007fdf8ac0add6
0x00007fdf707ec680:   0000000000007fe8 00007fdf8ac0ad27
0x00007fdf707ec690:   00007fdf707ec700 00007fdf8a47eac5
0x00007fdf707ec6a0:   00007fdf707ec700 00007fdf8a47cd7b
0x00007fdf707ec6b0:   00007fdf707edfb0 0000000000000000
0x00007fdf707ec6c0:   00007fdf84007590 00007fdf8ac0add6
0x00007fdf707ec6d0:   00007fdf707ec730 00007fdf8401c1b0
0x00007fdf707ec6e0:   000000000000000a 00007fdf707eed10
0x00007fdf707ec6f0:   00007fdf44220190 00007fdf44108410
0x00007fdf707ec700:   00007fdf481e67a0 00007fdf481e80b0 

Instructions: (pc=0x00007fdf8a7d6f4e)
0x00007fdf8a7d6f2e:   00 49 8b 45 20 45 89 fc 48 8d 0d c3 1b 97 00 4a
0x00007fdf8a7d6f3e:   8b 04 e0 48 39 c8 0f 84 d5 00 00 00 49 89 45 10
0x00007fdf8a7d6f4e:   44 8b 08 45 85 c9 0f 85 67 01 00 00 44 8b 40 04
0x00007fdf8a7d6f5e:   45 85 c0 0f 85 b9 01 00 00 8b 78 08 85 ff 0f 85 

Register to memory mapping:

RAX=0x00007fd78b148b00 is an unknown value
RBX=0x00007fdf443afb90 is an unknown value
RCX=0x00007fdf8b148b00: <offset 0xfabb00> in /usr/lib/jvm/java-8-oracle/jre/lib/amd64/server/libjvm.so at 0x00007fdf8a19d000
RDX=0x000000000000000f is an unknown value
RSP=0x00007fdf707ec510 is pointing into the stack for thread: 0x00007fdf840bb800
RBP=0x00007fdf707ec540 is pointing into the stack for thread: 0x00007fdf840bb800
RSI=0x000000000000001c is an unknown value
RDI=0x00007fdf707ec560 is pointing into the stack for thread: 0x00007fdf840bb800
R8 =0x0000000000000001 is an unknown value
R9 =0x0000000000000000 is an unknown value
R10=0x0000000000000000 is an unknown value
R11=0x0000000000000000 is an unknown value
R12=0x0000000000000003 is an unknown value
R13=0x00007fdf707ec560 is pointing into the stack for thread: 0x00007fdf840bb800
R14=0x0000000000000002 is an unknown value
R15=0x0000000000000003 is an unknown value


Stack: [0x00007fdf706f0000,0x00007fdf707f1000],  sp=0x00007fdf707ec510,  free space=1009k
Native frames: (J=compiled Java code, j=interpreted, Vv=VM code, C=native code)
V  [libjvm.so+0x639f4e]  IndexSetIterator::advance_and_next()+0x8e
V  [libjvm.so+0x634439]  PhaseIFG::SquareUp()+0x119
V  [libjvm.so+0x40e1d6]  PhaseChaitin::Register_Allocate()+0x8f6
V  [libjvm.so+0x4a0f30]  Compile::Code_Gen()+0x260
V  [libjvm.so+0x4a44e1]  Compile::Compile(ciEnv*, C2Compiler*, ciMethod*, int, bool, bool, bool)+0x14b1
V  [libjvm.so+0x3f1b38]  C2Compiler::compile_method(ciEnv*, ciMethod*, int)+0x198
V  [libjvm.so+0x4aea9a]  CompileBroker::invoke_compiler_on_method(CompileTask*)+0xc9a
V  [libjvm.so+0x4afa46]  CompileBroker::compiler_thread_loop()+0x5d6
V  [libjvm.so+0xa6cc5f]  JavaThread::thread_main_inner()+0xdf
V  [libjvm.so+0xa6cd8c]  JavaThread::run()+0x11c
V  [libjvm.so+0x91fad8]  java_start(Thread*)+0x108
C  [libpthread.so.0+0x76fa]  start_thread+0xca


Current CompileTask:
C2:   4788  893       4       com.android.dx.ssa.NormalSsaInsn::accept (25 bytes)


---------------  P R O C E S S  ---------------

Java Threads: ( => current thread )
  0x00007fdf8413d800 JavaThread "pool-1-thread-1" [_thread_in_Java, id=15957, stack(0x00007fdf701eb000,0x00007fdf702ec000)]
  0x00007fdf840c0800 JavaThread "Service Thread" daemon [_thread_blocked, id=15949, stack(0x00007fdf704ee000,0x00007fdf705ef000)]
  0x00007fdf840bd800 JavaThread "C1 CompilerThread2" daemon [_thread_blocked, id=15948, stack(0x00007fdf705ef000,0x00007fdf706f0000)]
=>0x00007fdf840bb800 JavaThread "C2 CompilerThread1" daemon [_thread_in_native, id=15947, stack(0x00007fdf706f0000,0x00007fdf707f1000)]
  0x00007fdf840b8800 JavaThread "C2 CompilerThread0" daemon [_thread_in_native, id=15946, stack(0x00007fdf707f1000,0x00007fdf708f2000)]
  0x00007fdf840b7000 JavaThread "Signal Dispatcher" daemon [_thread_blocked, id=15945, stack(0x00007fdf708f2000,0x00007fdf709f3000)]
  0x00007fdf84084000 JavaThread "Finalizer" daemon [_thread_blocked, id=15944, stack(0x00007fdf713b2000,0x00007fdf714b3000)]
  0x00007fdf8407f800 JavaThread "Reference Handler" daemon [_thread_blocked, id=15943, stack(0x00007fdf714b3000,0x00007fdf715b4000)]
  0x00007fdf8400a000 JavaThread "main" [_thread_blocked, id=15935, stack(0x00007fdf8bc88000,0x00007fdf8bd89000)]

Other Threads:
  0x00007fdf84078000 VMThread [stack: 0x00007fdf715b4000,0x00007fdf716b5000] [id=15942]
  0x00007fdf840c3800 WatcherThread [stack: 0x00007fdf703ed000,0x00007fdf704ee000] [id=15950]

VM state:not at safepoint (normal execution)

VM Mutex/Monitor currently owned by a thread: None

Heap:
 PSYoungGen      total 36864K, used 8943K [0x00000000eab00000, 0x00000000ef300000, 0x0000000100000000)
  eden space 31744K, 12% used [0x00000000eab00000,0x00000000eaec3f68,0x00000000eca00000)
  from space 5120K, 99% used [0x00000000eca00000,0x00000000ecef8048,0x00000000ecf00000)
  to   space 5120K, 0% used [0x00000000eee00000,0x00000000eee00000,0x00000000ef300000)
 ParOldGen       total 84992K, used 1997K [0x00000000c0000000, 0x00000000c5300000, 0x00000000eab00000)
  object space 84992K, 2% used [0x00000000c0000000,0x00000000c01f3410,0x00000000c5300000)
 Metaspace       used 5971K, capacity 6896K, committed 7040K, reserved 1056768K
  class space    used 606K, capacity 616K, committed 640K, reserved 1048576K

Card table byte_map: [0x00007fdf88835000,0x00007fdf88a36000] byte_map_base: 0x00007fdf88235000

Marking Bits: (ParMarkBitMap*) 0x00007fdf8b1564c0
 Begin Bits: [0x00007fdf73000000, 0x00007fdf74000000)
 End Bits:   [0x00007fdf74000000, 0x00007fdf75000000)

Polling page: 0x00007fdf8bda5000

CodeCache: size=245760Kb used=3463Kb max_used=3463Kb free=242296Kb
 bounds [0x00007fdf75000000, 0x00007fdf75370000, 0x00007fdf84000000]
 total_blobs=1277 nmethods=1009 adapters=182
 compilation: enabled

Compilation events (10 events):
Event: 4,761 Thread 0x00007fdf840bd800 1164       1       com.android.dx.dex.code.DalvInsn::getOpcode (5 bytes)
Event: 4,762 Thread 0x00007fdf840bd800 nmethod 1164 0x00007fdf7535f590 code [0x00007fdf7535f6e0, 0x00007fdf7535f7f0]
Event: 4,762 Thread 0x00007fdf840bd800 1165       1       com.android.dx.dex.code.Dop::getFormat (5 bytes)
Event: 4,762 Thread 0x00007fdf840bd800 nmethod 1165 0x00007fdf7535f850 code [0x00007fdf7535f9a0, 0x00007fdf7535fab0]
Event: 4,762 Thread 0x00007fdf840bd800 1166       1       com.android.dx.dex.code.CstInsn::getConstant (5 bytes)
Event: 4,762 Thread 0x00007fdf840bd800 nmethod 1166 0x00007fdf7535fb10 code [0x00007fdf7535fc60, 0x00007fdf7535fd70]
Event: 4,763 Thread 0x00007fdf840bd800 1167       1       com.android.dx.dex.code.DalvInsn::getRegisters (5 bytes)
Event: 4,763 Thread 0x00007fdf840bd800 nmethod 1167 0x00007fdf7535fdd0 code [0x00007fdf7535ff20, 0x00007fdf75360030]
Event: 4,763 Thread 0x00007fdf840bd800 1168       2       com.android.dx.dex.code.DalvInsnList::get (9 bytes)
Event: 4,763 Thread 0x00007fdf840bd800 nmethod 1168 0x00007fdf75360090 code [0x00007fdf75360200, 0x00007fdf753603a8]

GC Heap History (2 events):
Event: 4,190 GC heap before
{Heap before GC invocations=1 (full 0):
 PSYoungGen      total 36864K, used 31744K [0x00000000eab00000, 0x00000000ed400000, 0x0000000100000000)
  eden space 31744K, 100% used [0x00000000eab00000,0x00000000eca00000,0x00000000eca00000)
  from space 5120K, 0% used [0x00000000ecf00000,0x00000000ecf00000,0x00000000ed400000)
  to   space 5120K, 0% used [0x00000000eca00000,0x00000000eca00000,0x00000000ecf00000)
 ParOldGen       total 84992K, used 0K [0x00000000c0000000, 0x00000000c5300000, 0x00000000eab00000)
  object space 84992K, 0% used [0x00000000c0000000,0x00000000c0000000,0x00000000c5300000)
 Metaspace       used 5771K, capacity 6768K, committed 7040K, reserved 1056768K
  class space    used 590K, capacity 616K, committed 640K, reserved 1048576K
Event: 4,254 GC heap after
Heap after GC invocations=1 (full 0):
 PSYoungGen      total 36864K, used 5088K [0x00000000eab00000, 0x00000000ef300000, 0x0000000100000000)
  eden space 31744K, 0% used [0x00000000eab00000,0x00000000eab00000,0x00000000eca00000)
  from space 5120K, 99% used [0x00000000eca00000,0x00000000ecef8048,0x00000000ecf00000)
  to   space 5120K, 0% used [0x00000000eee00000,0x00000000eee00000,0x00000000ef300000)
 ParOldGen       total 84992K, used 1997K [0x00000000c0000000, 0x00000000c5300000, 0x00000000eab00000)
  object space 84992K, 2% used [0x00000000c0000000,0x00000000c01f3410,0x00000000c5300000)
 Metaspace       used 5771K, capacity 6768K, committed 7040K, reserved 1056768K
  class space    used 590K, capacity 616K, committed 640K, reserved 1048576K
}

Deoptimization events (10 events):
Event: 3,091 Thread 0x00007fdf8400a000 Uncommon trap: reason=unstable_if action=reinterpret pc=0x00007fdf751e67ec method=java.util.BitSet.nextSetBit(I)I @ 87
Event: 3,534 Thread 0x00007fdf8400a000 Uncommon trap: reason=unstable_if action=reinterpret pc=0x00007fdf751f7688 method=java.lang.String.<init>([CII)V @ 18
Event: 3,549 Thread 0x00007fdf8400a000 Uncommon trap: reason=unstable_if action=reinterpret pc=0x00007fdf751e5c14 method=java.lang.String.<init>([CII)V @ 18
Event: 4,040 Thread 0x00007fdf84150000 Uncommon trap: reason=null_check action=make_not_entrant pc=0x00007fdf752c4d0c method=com.android.dx.ssa.SsaRenamer.getLocalForNewReg(I)Lcom/android/dx/rop/code/LocalItem; @ 19
Event: 4,041 Thread 0x00007fdf84150000 Uncommon trap: reason=null_check action=make_not_entrant pc=0x00007fdf752bb954 method=com.android.dx.ssa.SsaRenamer.getLocalForNewReg(I)Lcom/android/dx/rop/code/LocalItem; @ 19
Event: 4,512 Thread 0x00007fdf8413d800 Uncommon trap: reason=bimorphic action=maybe_recompile pc=0x00007fdf75216670 method=java.util.HashMap.getNode(ILjava/lang/Object;)Ljava/util/HashMap$Node; @ 126
Event: 4,517 Thread 0x00007fdf8413d800 Uncommon trap: reason=bimorphic action=maybe_recompile pc=0x00007fdf75216670 method=java.util.HashMap.getNode(ILjava/lang/Object;)Ljava/util/HashMap$Node; @ 126
Event: 4,518 Thread 0x00007fdf8413d800 Uncommon trap: reason=bimorphic action=maybe_recompile pc=0x00007fdf75216670 method=java.util.HashMap.getNode(ILjava/lang/Object;)Ljava/util/HashMap$Node; @ 126
Event: 4,521 Thread 0x00007fdf8413d800 Uncommon trap: reason=bimorphic action=maybe_recompile pc=0x00007fdf75216670 method=java.util.HashMap.getNode(ILjava/lang/Object;)Ljava/util/HashMap$Node; @ 126
Event: 4,525 Thread 0x00007fdf8413d800 Uncommon trap: reason=bimorphic action=maybe_recompile pc=0x00007fdf75222b1c method=java.util.HashMap.getNode(ILjava/lang/Object;)Ljava/util/HashMap$Node; @ 126

Internal exceptions (4 events):
Event: 0,173 Thread 0x00007fdf8400a000 Exception <a 'java/lang/NoSuchMethodError': Method sun.misc.Unsafe.defineClass(Ljava/lang/String;[BII)Ljava/lang/Class; name or signature does not match> (0x00000000eab07cc0) thrown at [/HUDSON/workspace/8-2-build-linux-amd64/jdk8u92/6642/hotspot/src/shar
Event: 0,173 Thread 0x00007fdf8400a000 Exception <a 'java/lang/NoSuchMethodError': Method sun.misc.Unsafe.prefetchRead(Ljava/lang/Object;J)V name or signature does not match> (0x00000000eab07fa8) thrown at [/HUDSON/workspace/8-2-build-linux-amd64/jdk8u92/6642/hotspot/src/share/vm/prims/jni.cpp
Event: 4,040 Thread 0x00007fdf84150000 Implicit null exception at 0x00007fdf752c2736 to 0x00007fdf752c4cc5
Event: 4,041 Thread 0x00007fdf84150000 Implicit null exception at 0x00007fdf752b900c to 0x00007fdf752bb935

Events (10 events):
Event: 4,759 loading class com/android/dx/dex/code/CatchHandlerList
Event: 4,759 loading class com/android/dx/dex/code/CatchHandlerList done
Event: 4,760 loading class com/android/dx/dex/code/CatchTable
Event: 4,760 loading class com/android/dx/dex/code/CatchTable done
Event: 4,764 loading class com/android/dx/dex/code/CatchHandlerList$Entry
Event: 4,764 loading class com/android/dx/dex/code/CatchHandlerList$Entry done
Event: 4,764 loading class com/android/dx/dex/code/CatchTable$Entry
Event: 4,765 loading class com/android/dx/dex/code/CatchTable$Entry done
Event: 4,765 loading class com/android/dx/util/ByteArrayAnnotatedOutput
Event: 4,765 loading class com/android/dx/util/ByteArrayAnnotatedOutput done


Dynamic libraries:
00400000-00401000 r-xp 00000000 08:02 14554287                           /usr/lib/jvm/java-8-oracle/bin/java
00600000-00601000 rw-p 00000000 08:02 14554287                           /usr/lib/jvm/java-8-oracle/bin/java
01533000-01554000 rw-p 00000000 00:00 0                                  [heap]
c0000000-c5300000 rw-p 00000000 00:00 0 
c5300000-eab00000 ---p 00000000 00:00 0 
eab00000-ef300000 rw-p 00000000 00:00 0 
ef300000-100000000 ---p 00000000 00:00 0 
100000000-1000a0000 rw-p 00000000 00:00 0 
1000a0000-140000000 ---p 00000000 00:00 0 
7fdf24000000-7fdf24021000 rw-p 00000000 00:00 0 
7fdf24021000-7fdf28000000 ---p 00000000 00:00 0 
7fdf28000000-7fdf28022000 rw-p 00000000 00:00 0 
7fdf28022000-7fdf2c000000 ---p 00000000 00:00 0 
7fdf2c000000-7fdf2c021000 rw-p 00000000 00:00 0 
7fdf2c021000-7fdf30000000 ---p 00000000 00:00 0 
7fdf33dfe000-7fdf33e01000 ---p 00000000 00:00 0 
7fdf33e01000-7fdf33eff000 rw-p 00000000 00:00 0 
7fdf33eff000-7fdf33f02000 ---p 00000000 00:00 0 
7fdf33f02000-7fdf34000000 rw-p 00000000 00:00 0 
7fdf34000000-7fdf34026000 rw-p 00000000 00:00 0 
7fdf34026000-7fdf38000000 ---p 00000000 00:00 0 
7fdf38000000-7fdf38021000 rw-p 00000000 00:00 0 
7fdf38021000-7fdf3c000000 ---p 00000000 00:00 0 
7fdf3c000000-7fdf3c021000 rw-p 00000000 00:00 0 
7fdf3c021000-7fdf40000000 ---p 00000000 00:00 0 
7fdf40000000-7fdf40021000 rw-p 00000000 00:00 0 
7fdf40021000-7fdf44000000 ---p 00000000 00:00 0 
7fdf44000000-7fdf4471e000 rw-p 00000000 00:00 0 
7fdf4471e000-7fdf48000000 ---p 00000000 00:00 0 
7fdf48000000-7fdf4873d000 rw-p 00000000 00:00 0 
7fdf4873d000-7fdf4c000000 ---p 00000000 00:00 0 
7fdf4c000000-7fdf4c021000 rw-p 00000000 00:00 0 
7fdf4c021000-7fdf50000000 ---p 00000000 00:00 0 
7fdf50000000-7fdf506df000 rw-p 00000000 00:00 0 
7fdf506df000-7fdf54000000 ---p 00000000 00:00 0 
7fdf54000000-7fdf54021000 rw-p 00000000 00:00 0 
7fdf54021000-7fdf58000000 ---p 00000000 00:00 0 
7fdf58000000-7fdf58021000 rw-p 00000000 00:00 0 
7fdf58021000-7fdf5c000000 ---p 00000000 00:00 0 
7fdf5c000000-7fdf5c021000 rw-p 00000000 00:00 0 
7fdf5c021000-7fdf60000000 ---p 00000000 00:00 0 
7fdf60000000-7fdf60021000 rw-p 00000000 00:00 0 
7fdf60021000-7fdf64000000 ---p 00000000 00:00 0 
7fdf64000000-7fdf64021000 rw-p 00000000 00:00 0 
7fdf64021000-7fdf68000000 ---p 00000000 00:00 0 
7fdf68000000-7fdf68021000 rw-p 00000000 00:00 0 
7fdf68021000-7fdf6c000000 ---p 00000000 00:00 0 
7fdf6c000000-7fdf6c021000 rw-p 00000000 00:00 0 
7fdf6c021000-7fdf70000000 ---p 00000000 00:00 0 
7fdf700ea000-7fdf700ed000 ---p 00000000 00:00 0 
7fdf700ed000-7fdf701eb000 rw-p 00000000 00:00 0 
7fdf701eb000-7fdf701ee000 ---p 00000000 00:00 0 
7fdf701ee000-7fdf702ec000 rw-p 00000000 00:00 0 
7fdf702ec000-7fdf702ef000 ---p 00000000 00:00 0 
7fdf702ef000-7fdf703ed000 rw-p 00000000 00:00 0 
7fdf703ed000-7fdf703ee000 ---p 00000000 00:00 0 
7fdf703ee000-7fdf704ee000 rw-p 00000000 00:00 0 
7fdf704ee000-7fdf704f1000 ---p 00000000 00:00 0 
7fdf704f1000-7fdf705ef000 rw-p 00000000 00:00 0 
7fdf705ef000-7fdf705f2000 ---p 00000000 00:00 0 
7fdf705f2000-7fdf706f0000 rw-p 00000000 00:00 0 
7fdf706f0000-7fdf706f3000 ---p 00000000 00:00 0 
7fdf706f3000-7fdf707f1000 rw-p 00000000 00:00 0 
7fdf707f1000-7fdf707f4000 ---p 00000000 00:00 0 
7fdf707f4000-7fdf708f2000 rw-p 00000000 00:00 0 
7fdf708f2000-7fdf708f5000 ---p 00000000 00:00 0 
7fdf708f5000-7fdf709f3000 rw-p 00000000 00:00 0 
7fdf709f3000-7fdf713b2000 r--p 00000000 08:02 14424946                   /usr/lib/locale/locale-archive
7fdf713b2000-7fdf713b5000 ---p 00000000 00:00 0 
7fdf713b5000-7fdf714b3000 rw-p 00000000 00:00 0 
7fdf714b3000-7fdf714b6000 ---p 00000000 00:00 0 
7fdf714b6000-7fdf715b4000 rw-p 00000000 00:00 0 
7fdf715b4000-7fdf715b5000 ---p 00000000 00:00 0 
7fdf715b5000-7fdf72627000 rw-p 00000000 00:00 0 
7fdf72627000-7fdf72800000 r--s 03d24000 08:02 15077032                   /usr/lib/jvm/java-8-oracle/jre/lib/rt.jar
7fdf72800000-7fdf72e40000 rw-p 00000000 00:00 0 
7fdf72e40000-7fdf73000000 ---p 00000000 00:00 0 
7fdf73000000-7fdf75000000 rw-p 00000000 00:00 0 
7fdf75000000-7fdf75370000 rwxp 00000000 00:00 0 
7fdf75370000-7fdf84000000 ---p 00000000 00:00 0 
7fdf84000000-7fdf84391000 rw-p 00000000 00:00 0 
7fdf84391000-7fdf88000000 ---p 00000000 00:00 0 
7fdf88016000-7fdf882db000 rw-p 00000000 00:00 0 
7fdf882db000-7fdf882dc000 ---p 00000000 00:00 0 
7fdf882dc000-7fdf883dc000 rw-p 00000000 00:00 0 
7fdf883dc000-7fdf883dd000 ---p 00000000 00:00 0 
7fdf883dd000-7fdf884dd000 rw-p 00000000 00:00 0 
7fdf884dd000-7fdf884de000 ---p 00000000 00:00 0 
7fdf884de000-7fdf885de000 rw-p 00000000 00:00 0 
7fdf885de000-7fdf885df000 ---p 00000000 00:00 0 
7fdf885df000-7fdf88709000 rw-p 00000000 00:00 0 
7fdf88709000-7fdf88835000 ---p 00000000 00:00 0 
7fdf88835000-7fdf8885f000 rw-p 00000000 00:00 0 
7fdf8885f000-7fdf8898a000 ---p 00000000 00:00 0 
7fdf8898a000-7fdf889af000 rw-p 00000000 00:00 0 
7fdf889af000-7fdf88a35000 ---p 00000000 00:00 0 
7fdf88a35000-7fdf88a44000 rw-p 00000000 00:00 0 
7fdf88a44000-7fdf88df6000 ---p 00000000 00:00 0 
7fdf88df6000-7fdf88e10000 r-xp 00000000 08:02 15206757                   /usr/lib/jvm/java-8-oracle/jre/lib/amd64/libzip.so
7fdf88e10000-7fdf89010000 ---p 0001a000 08:02 15206757                   /usr/lib/jvm/java-8-oracle/jre/lib/amd64/libzip.so
7fdf89010000-7fdf89011000 rw-p 0001a000 08:02 15206757                   /usr/lib/jvm/java-8-oracle/jre/lib/amd64/libzip.so
7fdf89011000-7fdf8901c000 r-xp 00000000 08:02 24777172                   /lib/x86_64-linux-gnu/libnss_files-2.23.so
7fdf8901c000-7fdf8921b000 ---p 0000b000 08:02 24777172                   /lib/x86_64-linux-gnu/libnss_files-2.23.so
7fdf8921b000-7fdf8921c000 r--p 0000a000 08:02 24777172                   /lib/x86_64-linux-gnu/libnss_files-2.23.so
7fdf8921c000-7fdf8921d000 rw-p 0000b000 08:02 24777172                   /lib/x86_64-linux-gnu/libnss_files-2.23.so
7fdf8921d000-7fdf89223000 rw-p 00000000 00:00 0 
7fdf89223000-7fdf8922e000 r-xp 00000000 08:02 24777182                   /lib/x86_64-linux-gnu/libnss_nis-2.23.so
7fdf8922e000-7fdf8942d000 ---p 0000b000 08:02 24777182                   /lib/x86_64-linux-gnu/libnss_nis-2.23.so
7fdf8942d000-7fdf8942e000 r--p 0000a000 08:02 24777182                   /lib/x86_64-linux-gnu/libnss_nis-2.23.so
7fdf8942e000-7fdf8942f000 rw-p 0000b000 08:02 24777182                   /lib/x86_64-linux-gnu/libnss_nis-2.23.so
7fdf8942f000-7fdf89445000 r-xp 00000000 08:02 24777166                   /lib/x86_64-linux-gnu/libnsl-2.23.so
7fdf89445000-7fdf89644000 ---p 00016000 08:02 24777166                   /lib/x86_64-linux-gnu/libnsl-2.23.so
7fdf89644000-7fdf89645000 r--p 00015000 08:02 24777166                   /lib/x86_64-linux-gnu/libnsl-2.23.so
7fdf89645000-7fdf89646000 rw-p 00016000 08:02 24777166                   /lib/x86_64-linux-gnu/libnsl-2.23.so
7fdf89646000-7fdf89648000 rw-p 00000000 00:00 0 
7fdf89648000-7fdf89650000 r-xp 00000000 08:02 24777168                   /lib/x86_64-linux-gnu/libnss_compat-2.23.so
7fdf89650000-7fdf8984f000 ---p 00008000 08:02 24777168                   /lib/x86_64-linux-gnu/libnss_compat-2.23.so
7fdf8984f000-7fdf89850000 r--p 00007000 08:02 24777168                   /lib/x86_64-linux-gnu/libnss_compat-2.23.so
7fdf89850000-7fdf89851000 rw-p 00008000 08:02 24777168                   /lib/x86_64-linux-gnu/libnss_compat-2.23.so
7fdf89851000-7fdf8987b000 r-xp 00000000 08:02 15206752                   /usr/lib/jvm/java-8-oracle/jre/lib/amd64/libjava.so
7fdf8987b000-7fdf89a7b000 ---p 0002a000 08:02 15206752                   /usr/lib/jvm/java-8-oracle/jre/lib/amd64/libjava.so
7fdf89a7b000-7fdf89a7d000 rw-p 0002a000 08:02 15206752                   /usr/lib/jvm/java-8-oracle/jre/lib/amd64/libjava.so
7fdf89a7d000-7fdf89a8a000 r-xp 00000000 08:02 15206756                   /usr/lib/jvm/java-8-oracle/jre/lib/amd64/libverify.so
7fdf89a8a000-7fdf89c8a000 ---p 0000d000 08:02 15206756                   /usr/lib/jvm/java-8-oracle/jre/lib/amd64/libverify.so
7fdf89c8a000-7fdf89c8c000 rw-p 0000d000 08:02 15206756                   /usr/lib/jvm/java-8-oracle/jre/lib/amd64/libverify.so
7fdf89c8c000-7fdf89c93000 r-xp 00000000 08:02 24777227                   /lib/x86_64-linux-gnu/librt-2.23.so
7fdf89c93000-7fdf89e92000 ---p 00007000 08:02 24777227                   /lib/x86_64-linux-gnu/librt-2.23.so
7fdf89e92000-7fdf89e93000 r--p 00006000 08:02 24777227                   /lib/x86_64-linux-gnu/librt-2.23.so
7fdf89e93000-7fdf89e94000 rw-p 00007000 08:02 24777227                   /lib/x86_64-linux-gnu/librt-2.23.so
7fdf89e94000-7fdf89f9c000 r-xp 00000000 08:02 24777143                   /lib/x86_64-linux-gnu/libm-2.23.so
7fdf89f9c000-7fdf8a19b000 ---p 00108000 08:02 24777143                   /lib/x86_64-linux-gnu/libm-2.23.so
7fdf8a19b000-7fdf8a19c000 r--p 00107000 08:02 24777143                   /lib/x86_64-linux-gnu/libm-2.23.so
7fdf8a19c000-7fdf8a19d000 rw-p 00108000 08:02 24777143                   /lib/x86_64-linux-gnu/libm-2.23.so
7fdf8a19d000-7fdf8ae60000 r-xp 00000000 08:02 15206735                   /usr/lib/jvm/java-8-oracle/jre/lib/amd64/server/libjvm.so
7fdf8ae60000-7fdf8b05f000 ---p 00cc3000 08:02 15206735                   /usr/lib/jvm/java-8-oracle/jre/lib/amd64/server/libjvm.so
7fdf8b05f000-7fdf8b138000 rw-p 00cc2000 08:02 15206735                   /usr/lib/jvm/java-8-oracle/jre/lib/amd64/server/libjvm.so
7fdf8b138000-7fdf8b183000 rw-p 00000000 00:00 0 
7fdf8b183000-7fdf8b343000 r-xp 00000000 08:02 24777073                   /lib/x86_64-linux-gnu/libc-2.23.so
7fdf8b343000-7fdf8b542000 ---p 001c0000 08:02 24777073                   /lib/x86_64-linux-gnu/libc-2.23.so
7fdf8b542000-7fdf8b546000 r--p 001bf000 08:02 24777073                   /lib/x86_64-linux-gnu/libc-2.23.so
7fdf8b546000-7fdf8b548000 rw-p 001c3000 08:02 24777073                   /lib/x86_64-linux-gnu/libc-2.23.so
7fdf8b548000-7fdf8b54c000 rw-p 00000000 00:00 0 
7fdf8b54c000-7fdf8b54f000 r-xp 00000000 08:02 24777097                   /lib/x86_64-linux-gnu/libdl-2.23.so
7fdf8b54f000-7fdf8b74e000 ---p 00003000 08:02 24777097                   /lib/x86_64-linux-gnu/libdl-2.23.so
7fdf8b74e000-7fdf8b74f000 r--p 00002000 08:02 24777097                   /lib/x86_64-linux-gnu/libdl-2.23.so
7fdf8b74f000-7fdf8b750000 rw-p 00003000 08:02 24777097                   /lib/x86_64-linux-gnu/libdl-2.23.so
7fdf8b750000-7fdf8b765000 r-xp 00000000 08:02 14952758                   /usr/lib/jvm/java-8-oracle/lib/amd64/jli/libjli.so
7fdf8b765000-7fdf8b965000 ---p 00015000 08:02 14952758                   /usr/lib/jvm/java-8-oracle/lib/amd64/jli/libjli.so
7fdf8b965000-7fdf8b966000 rw-p 00015000 08:02 14952758                   /usr/lib/jvm/java-8-oracle/lib/amd64/jli/libjli.so
7fdf8b966000-7fdf8b97e000 r-xp 00000000 08:02 24777219                   /lib/x86_64-linux-gnu/libpthread-2.23.so
7fdf8b97e000-7fdf8bb7d000 ---p 00018000 08:02 24777219                   /lib/x86_64-linux-gnu/libpthread-2.23.so
7fdf8bb7d000-7fdf8bb7e000 r--p 00017000 08:02 24777219                   /lib/x86_64-linux-gnu/libpthread-2.23.so
7fdf8bb7e000-7fdf8bb7f000 rw-p 00018000 08:02 24777219                   /lib/x86_64-linux-gnu/libpthread-2.23.so
7fdf8bb7f000-7fdf8bb83000 rw-p 00000000 00:00 0 
7fdf8bb83000-7fdf8bba9000 r-xp 00000000 08:02 24777045                   /lib/x86_64-linux-gnu/ld-2.23.so
7fdf8bbaf000-7fdf8bc88000 rw-p 00000000 00:00 0 
7fdf8bc88000-7fdf8bc8b000 ---p 00000000 00:00 0 
7fdf8bc8b000-7fdf8bd8d000 rw-p 00000000 00:00 0 
7fdf8bd8d000-7fdf8bd9c000 r--s 000df000 08:02 13501181                   /home/ivan/Android/Sdk/build-tools/23.0.3/lib/dx.jar
7fdf8bd9c000-7fdf8bda4000 rw-s 00000000 08:02 8258245                    /tmp/hsperfdata_ivan/15933
7fdf8bda4000-7fdf8bda5000 rw-p 00000000 00:00 0 
7fdf8bda5000-7fdf8bda6000 r--p 00000000 00:00 0 
7fdf8bda6000-7fdf8bda8000 rw-p 00000000 00:00 0 
7fdf8bda8000-7fdf8bda9000 r--p 00025000 08:02 24777045                   /lib/x86_64-linux-gnu/ld-2.23.so
7fdf8bda9000-7fdf8bdaa000 rw-p 00026000 08:02 24777045                   /lib/x86_64-linux-gnu/ld-2.23.so
7fdf8bdaa000-7fdf8bdab000 rw-p 00000000 00:00 0 
7ffe9c0e8000-7ffe9c109000 rw-p 00000000 00:00 0                          [stack]
7ffe9c116000-7ffe9c118000 r--p 00000000 00:00 0                          [vvar]
7ffe9c118000-7ffe9c11a000 r-xp 00000000 00:00 0                          [vdso]
ffffffffff600000-ffffffffff601000 r-xp 00000000 00:00 0                  [vsyscall]

VM Arguments:
jvm_args: -Djava.awt.headless=true -Xmx1024M -Dfile.encoding=UTF-8 -Duser.country=UA -Duser.language=ru -Duser.variant 
java_command: com.android.dx.command.Main --dex --force-jumbo --num-threads=4 --multi-dex --output /home/ivan/ChampyAndroid-second_sprint/app/build/intermediates/transforms/dex/debug/folders/1000/10/retrofit-2.0.0-beta2_e77551fb2204037e2d4e4902fc44897ee42472b1 /home/ivan/.gradle/caches/modules-2/files-2.1/com.squareup.retrofit/retrofit/2.0.0-beta2/880d9e0997b2d1bfc98e0d121ced33ee5d04aac4/retrofit-2.0.0-beta2.jar
java_class_path (initial): /home/ivan/Android/Sdk/build-tools/23.0.3/lib/dx.jar
Launcher Type: SUN_STANDARD

Environment Variables:
PATH=/usr/local/sbin:/usr/local/bin:/usr/sbin:/usr/bin:/sbin:/bin:/usr/games:/usr/local/games:/snap/bin
LD_LIBRARY_PATH=.:
SHELL=/bin/bash
DISPLAY=:0

Signal Handlers:
SIGSEGV: [libjvm.so+0xabdee0], sa_mask[0]=11111111011111111101111111111110, sa_flags=SA_RESTART|SA_SIGINFO
SIGBUS: [libjvm.so+0xabdee0], sa_mask[0]=11111111011111111101111111111110, sa_flags=SA_RESTART|SA_SIGINFO
SIGFPE: [libjvm.so+0x91a580], sa_mask[0]=11111111011111111101111111111110, sa_flags=SA_RESTART|SA_SIGINFO
SIGPIPE: [libjvm.so+0x91a580], sa_mask[0]=11111111011111111101111111111110, sa_flags=SA_RESTART|SA_SIGINFO
SIGXFSZ: [libjvm.so+0x91a580], sa_mask[0]=11111111011111111101111111111110, sa_flags=SA_RESTART|SA_SIGINFO
SIGILL: [libjvm.so+0x91a580], sa_mask[0]=11111111011111111101111111111110, sa_flags=SA_RESTART|SA_SIGINFO
SIGUSR1: SIG_DFL, sa_mask[0]=00000000000000000000000000000000, sa_flags=none
SIGUSR2: [libjvm.so+0x91bbb0], sa_mask[0]=00100000000000000000000000000000, sa_flags=SA_RESTART|SA_SIGINFO
SIGHUP: [libjvm.so+0x91cfb0], sa_mask[0]=11111111011111111101111111111110, sa_flags=SA_RESTART|SA_SIGINFO
SIGINT: [libjvm.so+0x91cfb0], sa_mask[0]=11111111011111111101111111111110, sa_flags=SA_RESTART|SA_SIGINFO
SIGTERM: [libjvm.so+0x91cfb0], sa_mask[0]=11111111011111111101111111111110, sa_flags=SA_RESTART|SA_SIGINFO
SIGQUIT: [libjvm.so+0x91cfb0], sa_mask[0]=11111111011111111101111111111110, sa_flags=SA_RESTART|SA_SIGINFO


---------------  S Y S T E M  ---------------

OS:DISTRIB_ID=Ubuntu
DISTRIB_RELEASE=16.04
DISTRIB_CODENAME=xenial
DISTRIB_DESCRIPTION="Ubuntu 16.04 LTS"

uname:Linux 4.4.0-21-generic #37-Ubuntu SMP Mon Apr 18 18:33:37 UTC 2016 x86_64
libc:glibc 2.23 NPTL 2.23 
rlimit: STACK 8192k, CORE 0k, NPROC 30611, NOFILE 65536, AS infinity
load average:20,65 10,98 5,73

/proc/meminfo:
MemTotal:        8058444 kB
MemFree:          884248 kB
MemAvailable:    4123276 kB
Buffers:          182608 kB
Cached:          3309928 kB
SwapCached:           36 kB
Active:          4275572 kB
Inactive:        2541708 kB
Active(anon):    2770160 kB
Inactive(anon):   964372 kB
Active(file):    1505412 kB
Inactive(file):  1577336 kB
Unevictable:          96 kB
Mlocked:              96 kB
SwapTotal:       4075516 kB
SwapFree:        4073896 kB
Dirty:             10124 kB
Writeback:             0 kB
AnonPages:       3324844 kB
Mapped:           537924 kB
Shmem:            409792 kB
Slab:             240300 kB
SReclaimable:     198556 kB
SUnreclaim:        41744 kB
KernelStack:       11184 kB
PageTables:        45612 kB
NFS_Unstable:          0 kB
Bounce:                0 kB
WritebackTmp:          0 kB
CommitLimit:     8104736 kB
Committed_AS:    8285504 kB
VmallocTotal:   34359738367 kB
VmallocUsed:           0 kB
VmallocChunk:          0 kB
HardwareCorrupted:     0 kB
AnonHugePages:   1624064 kB
CmaTotal:              0 kB
CmaFree:               0 kB
HugePages_Total:       0
HugePages_Free:        0
HugePages_Rsvd:        0
HugePages_Surp:        0
Hugepagesize:       2048 kB
DirectMap4k:      178116 kB
DirectMap2M:     8093696 kB


CPU:total 4 (2 cores per cpu, 2 threads per core) family 6 model 58 stepping 9, cmov, cx8, fxsr, mmx, sse, sse2, sse3, ssse3, sse4.1, sse4.2, popcnt, avx, clmul, erms, ht, tsc, tscinvbit, tscinv

/proc/cpuinfo:
processor	: 0
vendor_id	: GenuineIntel
cpu family	: 6
model		: 58
model name	: Intel(R) Core(TM) i3-3217U CPU @ 1.80GHz
stepping	: 9
microcode	: 0x1c
cpu MHz		: 1800.000
cache size	: 3072 KB
physical id	: 0
siblings	: 4
core id		: 0
cpu cores	: 2
apicid		: 0
initial apicid	: 0
fpu		: yes
fpu_exception	: yes
cpuid level	: 13
wp		: yes
flags		: fpu vme de pse tsc msr pae mce cx8 apic sep mtrr pge mca cmov pat pse36 clflush dts acpi mmx fxsr sse sse2 ss ht tm pbe syscall nx rdtscp lm constant_tsc arch_perfmon pebs bts rep_good nopl xtopology nonstop_tsc aperfmperf eagerfpu pni pclmulqdq dtes64 monitor ds_cpl vmx est tm2 ssse3 cx16 xtpr pdcm pcid sse4_1 sse4_2 x2apic popcnt tsc_deadline_timer xsave avx f16c lahf_lm epb tpr_shadow vnmi flexpriority ept vpid fsgsbase smep erms xsaveopt dtherm ida arat pln pts
bugs		:
bogomips	: 3591.80
clflush size	: 64
cache_alignment	: 64
address sizes	: 36 bits physical, 48 bits virtual
power management:

processor	: 1
vendor_id	: GenuineIntel
cpu family	: 6
model		: 58
model name	: Intel(R) Core(TM) i3-3217U CPU @ 1.80GHz
stepping	: 9
microcode	: 0x1c
cpu MHz		: 1800.000
cache size	: 3072 KB
physical id	: 0
siblings	: 4
core id		: 1
cpu cores	: 2
apicid		: 2
initial apicid	: 2
fpu		: yes
fpu_exception	: yes
cpuid level	: 13
wp		: yes
flags		: fpu vme de pse tsc msr pae mce cx8 apic sep mtrr pge mca cmov pat pse36 clflush dts acpi mmx fxsr sse sse2 ss ht tm pbe syscall nx rdtscp lm constant_tsc arch_perfmon pebs bts rep_good nopl xtopology nonstop_tsc aperfmperf eagerfpu pni pclmulqdq dtes64 monitor ds_cpl vmx est tm2 ssse3 cx16 xtpr pdcm pcid sse4_1 sse4_2 x2apic popcnt tsc_deadline_timer xsave avx f16c lahf_lm epb tpr_shadow vnmi flexpriority ept vpid fsgsbase smep erms xsaveopt dtherm ida arat pln pts
bugs		:
bogomips	: 3591.80
clflush size	: 64
cache_alignment	: 64
address sizes	: 36 bits physical, 48 bits virtual
power management:

processor	: 2
vendor_id	: GenuineIntel
cpu family	: 6
model		: 58
model name	: Intel(R) Core(TM) i3-3217U CPU @ 1.80GHz
stepping	: 9
microcode	: 0x1c
cpu MHz		: 1800.000
cache size	: 3072 KB
physical id	: 0
siblings	: 4
core id		: 0
cpu cores	: 2
apicid		: 1
initial apicid	: 1
fpu		: yes
fpu_exception	: yes
cpuid level	: 13
wp		: yes
flags		: fpu vme de pse tsc msr pae mce cx8 apic sep mtrr pge mca cmov pat pse36 clflush dts acpi mmx fxsr sse sse2 ss ht tm pbe syscall nx rdtscp lm constant_tsc arch_perfmon pebs bts rep_good nopl xtopology nonstop_tsc aperfmperf eagerfpu pni pclmulqdq dtes64 monitor ds_cpl vmx est tm2 ssse3 cx16 xtpr pdcm pcid sse4_1 sse4_2 x2apic popcnt tsc_deadline_timer xsave avx f16c lahf_lm epb tpr_shadow vnmi flexpriority ept vpid fsgsbase smep erms xsaveopt dtherm ida arat pln pts
bugs		:
bogomips	: 3591.80
clflush size	: 64
cache_alignment	: 64
address sizes	: 36 bits physical, 48 bits virtual
power management:

processor	: 3
vendor_id	: GenuineIntel
cpu family	: 6
model		: 58
model name	: Intel(R) Core(TM) i3-3217U CPU @ 1.80GHz
stepping	: 9
microcode	: 0x1c
cpu MHz		: 1800.000
cache size	: 3072 KB
physical id	: 0
siblings	: 4
core id		: 1
cpu cores	: 2
apicid		: 3
initial apicid	: 3
fpu		: yes
fpu_exception	: yes
cpuid level	: 13
wp		: yes
flags		: fpu vme de pse tsc msr pae mce cx8 apic sep mtrr pge mca cmov pat pse36 clflush dts acpi mmx fxsr sse sse2 ss ht tm pbe syscall nx rdtscp lm constant_tsc arch_perfmon pebs bts rep_good nopl xtopology nonstop_tsc aperfmperf eagerfpu pni pclmulqdq dtes64 monitor ds_cpl vmx est tm2 ssse3 cx16 xtpr pdcm pcid sse4_1 sse4_2 x2apic popcnt tsc_deadline_timer xsave avx f16c lahf_lm epb tpr_shadow vnmi flexpriority ept vpid fsgsbase smep erms xsaveopt dtherm ida arat pln pts
bugs		:
bogomips	: 3591.80
clflush size	: 64
cache_alignment	: 64
address sizes	: 36 bits physical, 48 bits virtual
power management:



Memory: 4k page, physical 8058444k(884248k free), swap 4075516k(4073896k free)

vm_info: Java HotSpot(TM) 64-Bit Server VM (25.92-b14) for linux-amd64 JRE (1.8.0_92-b14), built on Mar 31 2016 21:08:29 by "java_re" with gcc 4.3.0 20080428 (Red Hat 4.3.0-8)

time: Wed Apr 27 14:50:34 2016
elapsed time: 4 seconds (0d 0h 0m 4s)

