#
# A fatal error has been detected by the Java Runtime Environment:
#
#  SIGSEGV (0xb) at pc=0x00007f0b8ca97cec, pid=8325, tid=139687506458368
#
# JRE version: OpenJDK Runtime Environment (7.0_85-b01) (build 1.7.0_85-b01)
# Java VM: OpenJDK 64-Bit Server VM (24.85-b03 mixed mode linux-amd64 compressed oops)
# Derivative: IcedTea 2.6.1
# Distribution: Ubuntu 14.04 LTS, package 7u85-2.6.1-5ubuntu0.14.04.1
# Problematic frame:
# V  [libjvm.so+0x59bcec]  PhaseChaitin::build_ifg_physical(ResourceArea*)+0x3dc
#
# Failed to write core dump. Core dumps have been disabled. To enable core dumping, try "ulimit -c unlimited" before starting Java again
#
# If you would like to submit a bug report, please include
# instructions on how to reproduce the bug and visit:
#   http://icedtea.classpath.org/bugzilla
#

---------------  T H R E A D  ---------------

Current thread (0x00007f0b840a9800):  JavaThread "C2 CompilerThread0" daemon [_thread_in_native, id=8339, stack(0x00007f0b8823b000,0x00007f0b8833c000)]

siginfo:si_signo=SIGSEGV: si_errno=0, si_code=128 (), si_addr=0x0000000000000000

Registers:
RAX=0x00087f0b8d2960d0, RBX=0x00007f0b58362e98, RCX=0x0000000000000000, RDX=0x0000000000000001
RSP=0x00007f0b883376b0, RBP=0x00007f0b88337900, RSI=0x0000000000000001, RDI=0x00007f0b58362e98
R8 =0x0000000000000000, R9 =0x0000000000000000, R10=0x0000000000000000, R11=0x0000000000000000
R12=0x00007f0b596dbd10, R13=0x0000000000000008, R14=0x00000000000f423f, R15=0x00007f0b88337c10
RIP=0x00007f0b8ca97cec, EFLAGS=0x0000000000010297, CSGSFS=0x0000000000000033, ERR=0x0000000000000000
  TRAPNO=0x000000000000000d

Top of Stack: (sp=0x00007f0b883376b0)
0x00007f0b883376b0:   00007f0b883376d0 00007f0b88337730
0x00007f0b883376c0:   00007f0b88337740 fffffffe00000000
0x00007f0b883376d0:   00007f0b5809fe38 0000000000000000
0x00007f0b883376e0:   00007f0b88337780 00007f0b883377b0
0x00007f0b883376f0:   0000000000000002 00007f0b88337830
0x00007f0b88337700:   0000001b000000da 00007f0b54aa0438
0x00007f0b88337710:   00007f0b596dbd10 00007f0b596dbd10
0x00007f0b88337720:   0000000100000007 3f0ac68780000000
0x00007f0b88337730:   0000000000000003 00007f0b597898f0
0x00007f0b88337740:   0000001c0000001c 00007f0b5611d138
0x00007f0b88337750:   0000000000c00000 0000000000000000
0x00007f0b88337760:   0000000000000000 0000000000000000
0x00007f0b88337770:   0000000000000000 0000000000020000
0x00007f0b88337780:   00000000000000c0 0000000000000000
0x00007f0b88337790:   0000000000000000 0000000000000000
0x00007f0b883377a0:   0000000000000000 00007f0b5928b2d0
0x00007f0b883377b0:   00000f8a00000000 00007f0b00000008
0x00007f0b883377c0:   00007f0b58c15440 00007f0b00000011
0x00007f0b883377d0:   00007f0b54a84cd0 00007f0b00000011
0x00007f0b883377e0:   00007f0b88337830 00007f0b8c7a7e1a
0x00007f0b883377f0:   000010be00000000 0303030300000008
0x00007f0b88337800:   00007f0b547b35e0 0000000000000011
0x00007f0b88337810:   00007f0b54a84cd0 0000000000000011
0x00007f0b88337820:   00007f0b88337830 00007f0b883379f0
0x00007f0b88337830:   00007f0b00000007 00007f0b54a84cd0
0x00007f0b88337840:   00007f0b586d9ce8 000000000035ea20
0x00007f0b88337850:   00007f0b56229b28 00007f0b56224b10
0x00007f0b88337860:   00007f0b840a9df0 00007f0b56221b40
0x00007f0b88337870:   00007f0b8d2c94d0 00007f0b883378b0
0x00007f0b88337880:   0000000088337900 0000000000000010
0x00007f0b88337890:   00007f0b5611d138 00007f0b00000001
0x00007f0b883378a0:   00000000000000fe 00007f0b00000654 

Instructions: (pc=0x00007f0b8ca97cec)
0x00007f0b8ca97ccc:   fe ff ff 0f b7 43 2c 83 e0 0f 66 83 f8 0c 0f 84
0x00007f0b8ca97cdc:   c7 02 00 00 48 8b 03 48 89 df 41 be 3f 42 0f 00
0x00007f0b8ca97cec:   ff 90 98 00 00 00 48 85 c0 74 0b 48 89 c7 e8 a1
0x00007f0b8ca97cfc:   c9 e1 ff 41 89 c6 48 8b 03 48 89 df 45 31 ed ff 

Register to memory mapping:

RAX=0x00087f0b8d2960d0 is an unknown value
RBX=0x00007f0b58362e98 is an unknown value
RCX=0x0000000000000000 is an unknown value
RDX=0x0000000000000001 is an unknown value
RSP=0x00007f0b883376b0 is pointing into the stack for thread: 0x00007f0b840a9800
RBP=0x00007f0b88337900 is pointing into the stack for thread: 0x00007f0b840a9800
RSI=0x0000000000000001 is an unknown value
RDI=0x00007f0b58362e98 is an unknown value
R8 =0x0000000000000000 is an unknown value
R9 =0x0000000000000000 is an unknown value
R10=0x0000000000000000 is an unknown value
R11=0x0000000000000000 is an unknown value
R12=0x00007f0b596dbd10 is an unknown value
R13=0x0000000000000008 is an unknown value
R14=0x00000000000f423f is an unknown value
R15=0x00007f0b88337c10 is pointing into the stack for thread: 0x00007f0b840a9800


Stack: [0x00007f0b8823b000,0x00007f0b8833c000],  sp=0x00007f0b883376b0,  free space=1009k
Native frames: (J=compiled Java code, j=interpreted, Vv=VM code, C=native code)
V  [libjvm.so+0x59bcec]  PhaseChaitin::build_ifg_physical(ResourceArea*)+0x3dc
V  [libjvm.so+0x3caff2]  PhaseChaitin::Register_Allocate()+0x5b2
V  [libjvm.so+0x43f33a]  Compile::Code_Gen()+0x3fa
V  [libjvm.so+0x4434c7]  Compile::Compile(ciEnv*, C2Compiler*, ciMethod*, int, bool, bool)+0x1017
V  [libjvm.so+0x3b157a]  C2Compiler::compile_method(ciEnv*, ciMethod*, int)+0xca
V  [libjvm.so+0x449347]  CompileBroker::invoke_compiler_on_method(CompileTask*)+0x327
V  [libjvm.so+0x44a450]  CompileBroker::compiler_thread_loop()+0x3a0
V  [libjvm.so+0x906cb0]  JavaThread::thread_main_inner()+0xf0
V  [libjvm.so+0x906f21]  JavaThread::run()+0x221
V  [libjvm.so+0x7cc7e2]  java_start(Thread*)+0xf2


Current CompileTask:
C2:  28196 1240   !         com.android.dx.cf.code.BytecodeArray::parseInstruction (2764 bytes)


---------------  P R O C E S S  ---------------

Java Threads: ( => current thread )
  0x00007f0b841b6800 JavaThread "pool-2-thread-4" [_thread_blocked, id=8347, stack(0x00007f0b70c44000,0x00007f0b70d45000)]
  0x00007f0b841b4800 JavaThread "pool-2-thread-3" [_thread_blocked, id=8346, stack(0x00007f0b70d45000,0x00007f0b70e46000)]
  0x00007f0b841b3000 JavaThread "pool-2-thread-2" [_thread_blocked, id=8345, stack(0x00007f0b70e46000,0x00007f0b70f47000)]
  0x00007f0b841b2000 JavaThread "pool-3-thread-1" [_thread_blocked, id=8344, stack(0x00007f0b70f47000,0x00007f0b71048000)]
  0x00007f0b841b0000 JavaThread "pool-2-thread-1" [_thread_in_Java, id=8343, stack(0x00007f0b8004e000,0x00007f0b8014f000)]
  0x00007f0b840ae800 JavaThread "Service Thread" daemon [_thread_blocked, id=8341, stack(0x00007f0b88039000,0x00007f0b8813a000)]
  0x00007f0b840ac800 JavaThread "C2 CompilerThread1" daemon [_thread_in_vm, id=8340, stack(0x00007f0b8813a000,0x00007f0b8823b000)]
=>0x00007f0b840a9800 JavaThread "C2 CompilerThread0" daemon [_thread_in_native, id=8339, stack(0x00007f0b8823b000,0x00007f0b8833c000)]
  0x00007f0b840a7000 JavaThread "Signal Dispatcher" daemon [_thread_blocked, id=8338, stack(0x00007f0b8833c000,0x00007f0b8843d000)]
  0x00007f0b8407c000 JavaThread "Finalizer" daemon [_thread_blocked, id=8337, stack(0x00007f0b88c50000,0x00007f0b88d51000)]
  0x00007f0b8407a000 JavaThread "Reference Handler" daemon [_thread_blocked, id=8336, stack(0x00007f0b88d51000,0x00007f0b88e52000)]
  0x00007f0b8400a800 JavaThread "main" [_thread_blocked, id=8330, stack(0x00007f0b8e00d000,0x00007f0b8e10e000)]

Other Threads:
  0x00007f0b84075800 VMThread [stack: 0x00007f0b88e52000,0x00007f0b88f53000] [id=8335]
  0x00007f0b840b9800 WatcherThread [stack: 0x00007f0b80eff000,0x00007f0b81000000] [id=8342]

VM state:synchronizing (normal execution)

VM Mutex/Monitor currently owned by a thread:  ([mutex/lock_event])
[0x00007f0b84006950] Safepoint_lock - owner thread: 0x00007f0b84075800
[0x00007f0b840069d0] Threads_lock - owner thread: 0x00007f0b84075800
[0x00007f0b84006ed0] Heap_lock - owner thread: 0x00007f0b841b6800

Heap
 PSYoungGen      total 211968K, used 211952K [0x00000000eaa80000, 0x0000000100000000, 0x0000000100000000)
  eden space 117248K, 100% used [0x00000000eaa80000,0x00000000f1d00000,0x00000000f1d00000)
  from space 94720K, 99% used [0x00000000fa380000,0x00000000ffffc080,0x0000000100000000)
  to   space 116224K, 0% used [0x00000000f1d00000,0x00000000f1d00000,0x00000000f8e80000)
 ParOldGen       total 294912K, used 220082K [0x00000000c0000000, 0x00000000d2000000, 0x00000000eaa80000)
  object space 294912K, 74% used [0x00000000c0000000,0x00000000cd6ecbb8,0x00000000d2000000)
 PSPermGen       total 21504K, used 6384K [0x00000000b5a00000, 0x00000000b6f00000, 0x00000000c0000000)
  object space 21504K, 29% used [0x00000000b5a00000,0x00000000b603c108,0x00000000b6f00000)

Card table byte_map: [0x00007f0b8a9fb000,0x00007f0b8ac4f000] byte_map_base: 0x00007f0b8a44e000

Polling page: 0x00007f0b8e137000

Code Cache  [0x00007f0b81000000, 0x00007f0b81420000, 0x00007f0b84000000)
 total_blobs=1418 nmethods=1187 adapters=184 free_code_cache=45003Kb largest_free_block=46018048

Compilation events (10 events):
Event: 28,137 Thread 0x00007f0b840ac800 nmethod 1245 0x00007f0b81377b50 code [0x00007f0b81377da0, 0x00007f0b81378b50]
Event: 28,137 Thread 0x00007f0b840ac800 1246             sun.util.calendar.BaseCalendar::isLeapYear (5 bytes)
Event: 28,139 Thread 0x00007f0b840ac800 nmethod 1246 0x00007f0b8137c490 code [0x00007f0b8137c5e0, 0x00007f0b8137c698]
Event: 28,139 Thread 0x00007f0b840ac800 1247             java.util.concurrent.locks.AbstractQueuedSynchronizer$ConditionObject::signal (33 bytes)
Event: 28,143 Thread 0x00007f0b840ac800 nmethod 1247 0x00007f0b8137a510 code [0x00007f0b8137a680, 0x00007f0b8137a808]
Event: 28,143 Thread 0x00007f0b840ac800 1248             java.util.concurrent.locks.ReentrantLock$Sync::isHeldExclusively (16 bytes)
Event: 28,144 Thread 0x00007f0b840ac800 nmethod 1248 0x00007f0b8137a2d0 code [0x00007f0b8137a400, 0x00007f0b8137a478]
Event: 28,144 Thread 0x00007f0b840ac800 1249             com.android.dx.dex.code.RopTranslator$TranslationVisitor::visitThrowingInsn (118 bytes)
Event: 28,157 Thread 0x00007f0b840ac800 nmethod 1249 0x00007f0b8137b050 code [0x00007f0b8137b240, 0x00007f0b8137b790]
Event: 28,158 Thread 0x00007f0b840ac800 1250   !         com.android.dx.dex.cf.CfTranslator::processMethods (583 bytes)

GC Heap History (10 events):
Event: 21,467 GC heap before
{Heap before GC invocations=12 (full 2):
 PSYoungGen      total 234496K, used 60378K [0x00000000eaa80000, 0x0000000100000000, 0x0000000100000000)
  eden space 169472K, 0% used [0x00000000eaa80000,0x00000000eaa80000,0x00000000f5000000)
  from space 65024K, 92% used [0x00000000fc080000,0x00000000ffb76ad8,0x0000000100000000)
  to   space 90112K, 0% used [0x00000000f5000000,0x00000000f5000000,0x00000000fa800000)
 ParOldGen       total 167424K, used 153169K [0x00000000c0000000, 0x00000000ca380000, 0x00000000eaa80000)
  object space 167424K, 91% used [0x00000000c0000000,0x00000000c9594778,0x00000000ca380000)
 PSPermGen       total 21504K, used 6342K [0x00000000b5a00000, 0x00000000b6f00000, 0x00000000c0000000)
  object space 21504K, 29% used [0x00000000b5a00000,0x00000000b6031a80,0x00000000b6f00000)
Event: 22,986 GC heap after
Heap after GC invocations=12 (full 2):
 PSYoungGen      total 234496K, used 39648K [0x00000000eaa80000, 0x0000000100000000, 0x0000000100000000)
  eden space 169472K, 0% used [0x00000000eaa80000,0x00000000eaa80000,0x00000000f5000000)
  from space 65024K, 60% used [0x00000000fc080000,0x00000000fe738208,0x0000000100000000)
  to   space 90112K, 0% used [0x00000000f5000000,0x00000000f5000000,0x00000000fa800000)
 ParOldGen       total 294912K, used 167322K [0x00000000c0000000, 0x00000000d2000000, 0x00000000eaa80000)
  object space 294912K, 56% used [0x00000000c0000000,0x00000000ca366a78,0x00000000d2000000)
 PSPermGen       total 21504K, used 6341K [0x00000000b5a00000, 0x00000000b6f00000, 0x00000000c0000000)
  object space 21504K, 29% used [0x00000000b5a00000,0x00000000b6031660,0x00000000b6f00000)
}
Event: 24,065 GC heap before
{Heap before GC invocations=13 (full 2):
 PSYoungGen      total 234496K, used 209120K [0x00000000eaa80000, 0x0000000100000000, 0x0000000100000000)
  eden space 169472K, 100% used [0x00000000eaa80000,0x00000000f5000000,0x00000000f5000000)
  from space 65024K, 60% used [0x00000000fc080000,0x00000000fe738208,0x0000000100000000)
  to   space 90112K, 0% used [0x00000000f5000000,0x00000000f5000000,0x00000000fa800000)
 ParOldGen       total 294912K, used 167322K [0x00000000c0000000, 0x00000000d2000000, 0x00000000eaa80000)
  object space 294912K, 56% used [0x00000000c0000000,0x00000000ca366a78,0x00000000d2000000)
 PSPermGen       total 21504K, used 6365K [0x00000000b5a00000, 0x00000000b6f00000, 0x00000000c0000000)
  object space 21504K, 29% used [0x00000000b5a00000,0x00000000b6037740,0x00000000b6f00000)
Event: 24,298 GC heap after
Heap after GC invocations=13 (full 2):
 PSYoungGen      total 259584K, used 27424K [0x00000000eaa80000, 0x0000000100000000, 0x0000000100000000)
  eden space 169472K, 0% used [0x00000000eaa80000,0x00000000eaa80000,0x00000000f5000000)
  from space 90112K, 30% used [0x00000000f5000000,0x00000000f6ac8000,0x00000000fa800000)
  to   space 86528K, 0% used [0x00000000fab80000,0x00000000fab80000,0x0000000100000000)
 ParOldGen       total 294912K, used 206139K [0x00000000c0000000, 0x00000000d2000000, 0x00000000eaa80000)
  object space 294912K, 69% used [0x00000000c0000000,0x00000000cc94ef50,0x00000000d2000000)
 PSPermGen       total 21504K, used 6365K [0x00000000b5a00000, 0x00000000b6f00000, 0x00000000c0000000)
  object space 21504K, 29% used [0x00000000b5a00000,0x00000000b6037740,0x00000000b6f00000)
}
Event: 25,324 GC heap before
{Heap before GC invocations=14 (full 2):
 PSYoungGen      total 259584K, used 196896K [0x00000000eaa80000, 0x0000000100000000, 0x0000000100000000)
  eden space 169472K, 100% used [0x00000000eaa80000,0x00000000f5000000,0x00000000f5000000)
  from space 90112K, 30% used [0x00000000f5000000,0x00000000f6ac8000,0x00000000fa800000)
  to   space 86528K, 0% used [0x00000000fab80000,0x00000000fab80000,0x0000000100000000)
 ParOldGen       total 294912K, used 206139K [0x00000000c0000000, 0x00000000d2000000, 0x00000000eaa80000)
  object space 294912K, 69% used [0x00000000c0000000,0x00000000cc94ef50,0x00000000d2000000)
 PSPermGen       total 21504K, used 6367K [0x00000000b5a00000, 0x00000000b6f00000, 0x00000000c0000000)
  object space 21504K, 29% used [0x00000000b5a00000,0x00000000b6037c78,0x00000000b6f00000)
Event: 25,432 GC heap after
Heap after GC invocations=14 (full 2):
 PSYoungGen      total 258048K, used 52869K [0x00000000eaa80000, 0x00000000ffe80000, 0x0000000100000000)
  eden space 173056K, 0% used [0x00000000eaa80000,0x00000000eaa80000,0x00000000f5380000)
  from space 84992K, 62% used [0x00000000fab80000,0x00000000fdf214f8,0x00000000ffe80000)
  to   space 87552K, 0% used [0x00000000f5380000,0x00000000f5380000,0x00000000fa900000)
 ParOldGen       total 294912K, used 206139K [0x00000000c0000000, 0x00000000d2000000, 0x00000000eaa80000)
  object space 294912K, 69% used [0x00000000c0000000,0x00000000cc94ef50,0x00000000d2000000)
 PSPermGen       total 21504K, used 6367K [0x00000000b5a00000, 0x00000000b6f00000, 0x00000000c0000000)
  object space 21504K, 29% used [0x00000000b5a00000,0x00000000b6037c78,0x00000000b6f00000)
}
Event: 26,364 GC heap before
{Heap before GC invocations=15 (full 2):
 PSYoungGen      total 258048K, used 225925K [0x00000000eaa80000, 0x00000000ffe80000, 0x0000000100000000)
  eden space 173056K, 100% used [0x00000000eaa80000,0x00000000f5380000,0x00000000f5380000)
  from space 84992K, 62% used [0x00000000fab80000,0x00000000fdf214f8,0x00000000ffe80000)
  to   space 87552K, 0% used [0x00000000f5380000,0x00000000f5380000,0x00000000fa900000)
 ParOldGen       total 294912K, used 206139K [0x00000000c0000000, 0x00000000d2000000, 0x00000000eaa80000)
  object space 294912K, 69% used [0x00000000c0000000,0x00000000cc94ef50,0x00000000d2000000)
 PSPermGen       total 21504K, used 6369K [0x00000000b5a00000, 0x00000000b6f00000, 0x00000000c0000000)
  object space 21504K, 29% used [0x00000000b5a00000,0x00000000b6038720,0x00000000b6f00000)
Event: 26,507 GC heap after
Heap after GC invocations=15 (full 2):
 PSYoungGen      total 254976K, used 81807K [0x00000000eaa80000, 0x0000000100000000, 0x0000000100000000)
  eden space 173056K, 0% used [0x00000000eaa80000,0x00000000eaa80000,0x00000000f5380000)
  from space 81920K, 99% used [0x00000000f5380000,0x00000000fa363c58,0x00000000fa380000)
  to   space 94720K, 0% used [0x00000000fa380000,0x00000000fa380000,0x0000000100000000)
 ParOldGen       total 294912K, used 206139K [0x00000000c0000000, 0x00000000d2000000, 0x00000000eaa80000)
  object space 294912K, 69% used [0x00000000c0000000,0x00000000cc94ef50,0x00000000d2000000)
 PSPermGen       total 21504K, used 6369K [0x00000000b5a00000, 0x00000000b6f00000, 0x00000000c0000000)
  object space 21504K, 29% used [0x00000000b5a00000,0x00000000b6038720,0x00000000b6f00000)
}
Event: 27,355 GC heap before
{Heap before GC invocations=16 (full 2):
 PSYoungGen      total 254976K, used 254863K [0x00000000eaa80000, 0x0000000100000000, 0x0000000100000000)
  eden space 173056K, 100% used [0x00000000eaa80000,0x00000000f5380000,0x00000000f5380000)
  from space 81920K, 99% used [0x00000000f5380000,0x00000000fa363c58,0x00000000fa380000)
  to   space 94720K, 0% used [0x00000000fa380000,0x00000000fa380000,0x0000000100000000)
 ParOldGen       total 294912K, used 206139K [0x00000000c0000000, 0x00000000d2000000, 0x00000000eaa80000)
  object space 294912K, 69% used [0x00000000c0000000,0x00000000cc94ef50,0x00000000d2000000)
 PSPermGen       total 21504K, used 6374K [0x00000000b5a00000, 0x00000000b6f00000, 0x00000000c0000000)
  object space 21504K, 29% used [0x00000000b5a00000,0x00000000b6039aa0,0x00000000b6f00000)
Event: 27,557 GC heap after
Heap after GC invocations=16 (full 2):
 PSYoungGen      total 211968K, used 94704K [0x00000000eaa80000, 0x0000000100000000, 0x0000000100000000)
  eden space 117248K, 0% used [0x00000000eaa80000,0x00000000eaa80000,0x00000000f1d00000)
  from space 94720K, 99% used [0x00000000fa380000,0x00000000ffffc080,0x0000000100000000)
  to   space 116224K, 0% used [0x00000000f1d00000,0x00000000f1d00000,0x00000000f8e80000)
 ParOldGen       total 294912K, used 220082K [0x00000000c0000000, 0x00000000d2000000, 0x00000000eaa80000)
  object space 294912K, 74% used [0x00000000c0000000,0x00000000cd6ecbb8,0x00000000d2000000)
 PSPermGen       total 21504K, used 6374K [0x00000000b5a00000, 0x00000000b6f00000, 0x00000000c0000000)
  object space 21504K, 29% used [0x00000000b5a00000,0x00000000b6039aa0,0x00000000b6f00000)
}

Deoptimization events (10 events):
Event: 19,892 Thread 0x00007f0b841b3000 Uncommon trap: reason=unstable_if action=reinterpret pc=0x00007f0b8129df94 method=com.android.dx.cf.code.Ropper.processBlock(Lcom/android/dx/cf/code/ByteBlock;Lcom/android/dx/cf/code/Frame;[I)V @ 651
Event: 20,211 Thread 0x00007f0b841b4800 Uncommon trap: reason=class_check action=maybe_recompile pc=0x00007f0b81324b38 method=com.android.dx.ssa.SCCP.simulateBranch(Lcom/android/dx/ssa/SsaInsn;)V @ 145
Event: 20,494 Thread 0x00007f0b841b3000 Uncommon trap: reason=unstable_if action=reinterpret pc=0x00007f0b813a6f08 method=com.android.dx.ssa.PhiTypeResolver.resolveResultType(Lcom/android/dx/ssa/PhiInsn;)Z @ 64
Event: 20,689 Thread 0x00007f0b841b0000 Uncommon trap: reason=unstable_if action=reinterpret pc=0x00007f0b81378450 method=com.android.dx.ssa.back.FirstFitLocalCombiningAllocator.fitPlanForRange(ILcom/android/dx/ssa/NormalSsaInsn;[ILjava/util/BitSet;)I @ 200
Event: 24,516 Thread 0x00007f0b841b3000 Uncommon trap: reason=unstable_if action=reinterpret pc=0x00007f0b81324864 method=com.android.dx.ssa.SCCP.simulateBranch(Lcom/android/dx/ssa/SsaInsn;)V @ 548
Event: 26,308 Thread 0x00007f0b8400a800 Uncommon trap: reason=null_check action=make_not_entrant pc=0x00007f0b8129e6e8 method=com.android.dx.cf.direct.StdAttributeFactory.enclosingMethod(Lcom/android/dx/cf/direct/DirectClassFile;IILcom/android/dx/cf/iface/ParseObserver;)Lcom/android/dx/cf/iface
Event: 26,995 Thread 0x00007f0b841b6800 Uncommon trap: reason=bimorphic action=maybe_recompile pc=0x00007f0b813eff9c method=com.android.dx.cf.code.BytecodeArray.parseInstruction(ILcom/android/dx/cf/code/BytecodeArray$Visitor;)I @ 891
Event: 26,995 Thread 0x00007f0b841b6800 Uncommon trap: reason=bimorphic action=maybe_recompile pc=0x00007f0b813eff9c method=com.android.dx.cf.code.BytecodeArray.parseInstruction(ILcom/android/dx/cf/code/BytecodeArray$Visitor;)I @ 891
Event: 27,840 Thread 0x00007f0b841b4800 Uncommon trap: reason=class_check action=maybe_recompile pc=0x00007f0b810eb058 method=com.android.dx.ssa.SCCP.replaceConstants()V @ 182
Event: 28,066 Thread 0x00007f0b8400a800 Uncommon trap: reason=unstable_if action=reinterpret pc=0x00007f0b8140a900 method=com.android.dx.cf.direct.StdAttributeFactory.parse0(Lcom/android/dx/cf/direct/DirectClassFile;ILjava/lang/String;IILcom/android/dx/cf/iface/ParseObserver;)Lcom/android/dx/cf

Internal exceptions (10 events):
Event: 9,601 Thread 0x00007f0b841b4800 Threw 0x00000000eb9a7078 at /build/openjdk-7-65SuYz/openjdk-7-7u85-2.6.1/build/openjdk/hotspot/src/share/vm/prims/jvm.cpp:1322
Event: 9,602 Thread 0x00007f0b841b4800 Threw 0x00000000eb9ace78 at /build/openjdk-7-65SuYz/openjdk-7-7u85-2.6.1/build/openjdk/hotspot/src/share/vm/prims/jvm.cpp:1322
Event: 13,266 Thread 0x00007f0b841b4800 Threw 0x00000000f1840500 at /build/openjdk-7-65SuYz/openjdk-7-7u85-2.6.1/build/openjdk/hotspot/src/share/vm/prims/jvm.cpp:1322
Event: 17,698 Thread 0x00007f0b8400a800 Threw 0x00000000f77e8800 at /build/openjdk-7-65SuYz/openjdk-7-7u85-2.6.1/build/openjdk/hotspot/src/share/vm/prims/jvm.cpp:1322
Event: 17,712 Thread 0x00007f0b841b6800 Implicit null exception at 0x00007f0b812ecd0d to 0x00007f0b812ee381
Event: 18,210 Thread 0x00007f0b8400a800 Threw 0x00000000ebebdc00 at /build/openjdk-7-65SuYz/openjdk-7-7u85-2.6.1/build/openjdk/hotspot/src/share/vm/prims/jvm.cpp:1322
Event: 20,494 Thread 0x00007f0b841b3000 Implicit null exception at 0x00007f0b813a1878 to 0x00007f0b813a6e30
Event: 20,654 Thread 0x00007f0b8400a800 Threw 0x00000000f32dbd48 at /build/openjdk-7-65SuYz/openjdk-7-7u85-2.6.1/build/openjdk/hotspot/src/share/vm/prims/jvm.cpp:1322
Event: 26,307 Thread 0x00007f0b8400a800 Implicit null exception at 0x00007f0b8129c943 to 0x00007f0b8129e6dd
Event: 27,893 Thread 0x00007f0b8400a800 Threw 0x00000000edd50998 at /build/openjdk-7-65SuYz/openjdk-7-7u85-2.6.1/build/openjdk/hotspot/src/share/vm/prims/jvm.cpp:1322

Events (10 events):
Event: 27,355 Executing VM operation: ParallelGCFailedAllocation
Event: 27,557 Executing VM operation: ParallelGCFailedAllocation done
Event: 27,840 Thread 0x00007f0b841b4800 Uncommon trap: trap_request=0xffffffde fr.pc=0x00007f0b810eb058
Event: 27,840 Thread 0x00007f0b841b4800 DEOPT PACKING pc=0x00007f0b810eb058 sp=0x00007f0b70e442a0
Event: 27,840 Thread 0x00007f0b841b4800 DEOPT UNPACKING pc=0x00007f0b81039445 sp=0x00007f0b70e44218 mode 2
Event: 27,893 loading class 0x00007f0b84114de0
Event: 27,893 loading class 0x00007f0b84114de0 done
Event: 28,066 Thread 0x00007f0b8400a800 Uncommon trap: trap_request=0xffffff75 fr.pc=0x00007f0b8140a900
Event: 28,066 Thread 0x00007f0b8400a800 DEOPT PACKING pc=0x00007f0b8140a900 sp=0x00007f0b8e10bed0
Event: 28,066 Thread 0x00007f0b8400a800 DEOPT UNPACKING pc=0x00007f0b81039445 sp=0x00007f0b8e10be98 mode 2


Dynamic libraries:
00400000-00401000 r-xp 00000000 08:02 2755005                            /usr/lib/jvm/java-7-openjdk-amd64/jre/bin/java
00600000-00601000 r--p 00000000 08:02 2755005                            /usr/lib/jvm/java-7-openjdk-amd64/jre/bin/java
00601000-00602000 rw-p 00001000 08:02 2755005                            /usr/lib/jvm/java-7-openjdk-amd64/jre/bin/java
021f2000-02213000 rw-p 00000000 00:00 0                                  [heap]
b5a00000-b6f00000 rw-p 00000000 00:00 0 
b6f00000-c0000000 rw-p 00000000 00:00 0 
c0000000-d2000000 rw-p 00000000 00:00 0 
d2000000-eaa80000 rw-p 00000000 00:00 0 
eaa80000-100000000 rw-p 00000000 00:00 0 
7f0b34000000-7f0b34032000 rw-p 00000000 00:00 0 
7f0b34032000-7f0b38000000 ---p 00000000 00:00 0 
7f0b3c000000-7f0b3c036000 rw-p 00000000 00:00 0 
7f0b3c036000-7f0b40000000 ---p 00000000 00:00 0 
7f0b40000000-7f0b40034000 rw-p 00000000 00:00 0 
7f0b40034000-7f0b44000000 ---p 00000000 00:00 0 
7f0b44000000-7f0b44038000 rw-p 00000000 00:00 0 
7f0b44038000-7f0b48000000 ---p 00000000 00:00 0 
7f0b48000000-7f0b48021000 rw-p 00000000 00:00 0 
7f0b48021000-7f0b4c000000 ---p 00000000 00:00 0 
7f0b4c000000-7f0b4c021000 rw-p 00000000 00:00 0 
7f0b4c021000-7f0b50000000 ---p 00000000 00:00 0 
7f0b50000000-7f0b50021000 rw-p 00000000 00:00 0 
7f0b50021000-7f0b54000000 ---p 00000000 00:00 0 
7f0b54000000-7f0b5646c000 rw-p 00000000 00:00 0 
7f0b5646c000-7f0b58000000 ---p 00000000 00:00 0 
7f0b58000000-7f0b5a208000 rw-p 00000000 00:00 0 
7f0b5a208000-7f0b5c000000 ---p 00000000 00:00 0 
7f0b5c000000-7f0b5c021000 rw-p 00000000 00:00 0 
7f0b5c021000-7f0b60000000 ---p 00000000 00:00 0 
7f0b60000000-7f0b60021000 rw-p 00000000 00:00 0 
7f0b60021000-7f0b64000000 ---p 00000000 00:00 0 
7f0b64000000-7f0b64021000 rw-p 00000000 00:00 0 
7f0b64021000-7f0b68000000 ---p 00000000 00:00 0 
7f0b68000000-7f0b68021000 rw-p 00000000 00:00 0 
7f0b68021000-7f0b6c000000 ---p 00000000 00:00 0 
7f0b6c000000-7f0b6c021000 rw-p 00000000 00:00 0 
7f0b6c021000-7f0b70000000 ---p 00000000 00:00 0 
7f0b70c44000-7f0b70c47000 ---p 00000000 00:00 0 
7f0b70c47000-7f0b70d45000 rw-p 00000000 00:00 0                          [stack:8347]
7f0b70d45000-7f0b70d48000 ---p 00000000 00:00 0 
7f0b70d48000-7f0b70e46000 rw-p 00000000 00:00 0                          [stack:8346]
7f0b70e46000-7f0b70e49000 ---p 00000000 00:00 0 
7f0b70e49000-7f0b70f47000 rw-p 00000000 00:00 0                          [stack:8345]
7f0b70f47000-7f0b70f4a000 ---p 00000000 00:00 0 
7f0b70f4a000-7f0b71048000 rw-p 00000000 00:00 0                          [stack:8344]
7f0b71048000-7f0b71085000 r-xp 00000000 08:02 13497                      /lib/x86_64-linux-gnu/libpcre.so.3.13.1
7f0b71085000-7f0b71284000 ---p 0003d000 08:02 13497                      /lib/x86_64-linux-gnu/libpcre.so.3.13.1
7f0b71284000-7f0b71285000 r--p 0003c000 08:02 13497                      /lib/x86_64-linux-gnu/libpcre.so.3.13.1
7f0b71285000-7f0b71286000 rw-p 0003d000 08:02 13497                      /lib/x86_64-linux-gnu/libpcre.so.3.13.1
7f0b71286000-7f0b7128d000 r-xp 00000000 08:02 28437                      /usr/lib/x86_64-linux-gnu/libffi.so.6.0.1
7f0b7128d000-7f0b7148c000 ---p 00007000 08:02 28437                      /usr/lib/x86_64-linux-gnu/libffi.so.6.0.1
7f0b7148c000-7f0b7148d000 r--p 00006000 08:02 28437                      /usr/lib/x86_64-linux-gnu/libffi.so.6.0.1
7f0b7148d000-7f0b7148e000 rw-p 00007000 08:02 28437                      /usr/lib/x86_64-linux-gnu/libffi.so.6.0.1
7f0b7148e000-7f0b714a5000 r-xp 00000000 08:02 9390                       /lib/x86_64-linux-gnu/libresolv-2.19.so
7f0b714a5000-7f0b716a5000 ---p 00017000 08:02 9390                       /lib/x86_64-linux-gnu/libresolv-2.19.so
7f0b716a5000-7f0b716a6000 r--p 00017000 08:02 9390                       /lib/x86_64-linux-gnu/libresolv-2.19.so
7f0b716a6000-7f0b716a7000 rw-p 00018000 08:02 9390                       /lib/x86_64-linux-gnu/libresolv-2.19.so
7f0b716a7000-7f0b716a9000 rw-p 00000000 00:00 0 
7f0b716a9000-7f0b716c9000 r-xp 00000000 08:02 13524                      /lib/x86_64-linux-gnu/libselinux.so.1
7f0b716c9000-7f0b718c8000 ---p 00020000 08:02 13524                      /lib/x86_64-linux-gnu/libselinux.so.1
7f0b718c8000-7f0b718c9000 r--p 0001f000 08:02 13524                      /lib/x86_64-linux-gnu/libselinux.so.1
7f0b718c9000-7f0b718ca000 rw-p 00020000 08:02 13524                      /lib/x86_64-linux-gnu/libselinux.so.1
7f0b718ca000-7f0b718cc000 rw-p 00000000 00:00 0 
7f0b718cc000-7f0b718cf000 r-xp 00000000 08:02 28550                      /usr/lib/x86_64-linux-gnu/libgmodule-2.0.so.0.4002.0
7f0b718cf000-7f0b71ace000 ---p 00003000 08:02 28550                      /usr/lib/x86_64-linux-gnu/libgmodule-2.0.so.0.4002.0
7f0b71ace000-7f0b71acf000 r--p 00002000 08:02 28550                      /usr/lib/x86_64-linux-gnu/libgmodule-2.0.so.0.4002.0
7f0b71acf000-7f0b71ad0000 rw-p 00003000 08:02 28550                      /usr/lib/x86_64-linux-gnu/libgmodule-2.0.so.0.4002.0
7f0b71ad0000-7f0b74000000 rw-p 00000000 00:00 0 
7f0b74000000-7f0b74021000 rw-p 00000000 00:00 0 
7f0b74021000-7f0b78000000 ---p 00000000 00:00 0 
7f0b78000000-7f0b78021000 rw-p 00000000 00:00 0 
7f0b78021000-7f0b7c000000 ---p 00000000 00:00 0 
7f0b7c000000-7f0b7c021000 rw-p 00000000 00:00 0 
7f0b7c021000-7f0b80000000 ---p 00000000 00:00 0 
7f0b8004e000-7f0b80051000 ---p 00000000 00:00 0 
7f0b80051000-7f0b80180000 rw-p 00000000 00:00 0                          [stack:8343]
7f0b80180000-7f0b80286000 r-xp 00000000 08:02 13425                      /lib/x86_64-linux-gnu/libglib-2.0.so.0.4002.0
7f0b80286000-7f0b80485000 ---p 00106000 08:02 13425                      /lib/x86_64-linux-gnu/libglib-2.0.so.0.4002.0
7f0b80485000-7f0b80486000 r--p 00105000 08:02 13425                      /lib/x86_64-linux-gnu/libglib-2.0.so.0.4002.0
7f0b80486000-7f0b80487000 rw-p 00106000 08:02 13425                      /lib/x86_64-linux-gnu/libglib-2.0.so.0.4002.0
7f0b80487000-7f0b80488000 rw-p 00000000 00:00 0 
7f0b80488000-7f0b804d7000 r-xp 00000000 08:02 28566                      /usr/lib/x86_64-linux-gnu/libgobject-2.0.so.0.4002.0
7f0b804d7000-7f0b806d7000 ---p 0004f000 08:02 28566                      /usr/lib/x86_64-linux-gnu/libgobject-2.0.so.0.4002.0
7f0b806d7000-7f0b806d8000 r--p 0004f000 08:02 28566                      /usr/lib/x86_64-linux-gnu/libgobject-2.0.so.0.4002.0
7f0b806d8000-7f0b806d9000 rw-p 00050000 08:02 28566                      /usr/lib/x86_64-linux-gnu/libgobject-2.0.so.0.4002.0
7f0b806d9000-7f0b80845000 r-xp 00000000 08:02 28538                      /usr/lib/x86_64-linux-gnu/libgio-2.0.so.0.4002.0
7f0b80845000-7f0b80a44000 ---p 0016c000 08:02 28538                      /usr/lib/x86_64-linux-gnu/libgio-2.0.so.0.4002.0
7f0b80a44000-7f0b80a48000 r--p 0016b000 08:02 28538                      /usr/lib/x86_64-linux-gnu/libgio-2.0.so.0.4002.0
7f0b80a48000-7f0b80a4a000 rw-p 0016f000 08:02 28538                      /usr/lib/x86_64-linux-gnu/libgio-2.0.so.0.4002.0
7f0b80a4a000-7f0b80a4c000 rw-p 00000000 00:00 0 
7f0b80a4c000-7f0b80a63000 r-xp 00000000 08:02 2626412                    /usr/lib/jvm/java-7-openjdk-amd64/jre/lib/amd64/libnet.so
7f0b80a63000-7f0b80c62000 ---p 00017000 08:02 2626412                    /usr/lib/jvm/java-7-openjdk-amd64/jre/lib/amd64/libnet.so
7f0b80c62000-7f0b80c63000 r--p 00016000 08:02 2626412                    /usr/lib/jvm/java-7-openjdk-amd64/jre/lib/amd64/libnet.so
7f0b80c63000-7f0b80c64000 rw-p 00017000 08:02 2626412                    /usr/lib/jvm/java-7-openjdk-amd64/jre/lib/amd64/libnet.so
7f0b80c64000-7f0b80c74000 r-xp 00000000 08:02 2626382                    /usr/lib/jvm/java-7-openjdk-amd64/jre/lib/amd64/libnio.so
7f0b80c74000-7f0b80e74000 ---p 00010000 08:02 2626382                    /usr/lib/jvm/java-7-openjdk-amd64/jre/lib/amd64/libnio.so
7f0b80e74000-7f0b80e75000 r--p 00010000 08:02 2626382                    /usr/lib/jvm/java-7-openjdk-amd64/jre/lib/amd64/libnio.so
7f0b80e75000-7f0b80e76000 rw-p 00011000 08:02 2626382                    /usr/lib/jvm/java-7-openjdk-amd64/jre/lib/amd64/libnio.so
7f0b80e76000-7f0b80eff000 r--s 0071b000 08:02 30939504                   /home/ivan/workspace/Champy_v2/app/build/intermediates/transforms/jarMerging/debug/jars/1/1f/combined.jar
7f0b80eff000-7f0b80f00000 ---p 00000000 00:00 0 
7f0b80f00000-7f0b81000000 rw-p 00000000 00:00 0                          [stack:8342]
7f0b81000000-7f0b81420000 rwxp 00000000 00:00 0 
7f0b81420000-7f0b8429a000 rw-p 00000000 00:00 0 
7f0b8429a000-7f0b88000000 ---p 00000000 00:00 0 
7f0b8802a000-7f0b88039000 r--s 000df000 08:02 1575371                    /home/ivan/Android/Sdk/build-tools/23.0.1/lib/dx.jar
7f0b88039000-7f0b8803c000 ---p 00000000 00:00 0 
7f0b8803c000-7f0b8813a000 rw-p 00000000 00:00 0                          [stack:8341]
7f0b8813a000-7f0b8813d000 ---p 00000000 00:00 0 
7f0b8813d000-7f0b8823b000 rw-p 00000000 00:00 0                          [stack:8340]
7f0b8823b000-7f0b8823e000 ---p 00000000 00:00 0 
7f0b8823e000-7f0b8833c000 rw-p 00000000 00:00 0                          [stack:8339]
7f0b8833c000-7f0b8833f000 ---p 00000000 00:00 0 
7f0b8833f000-7f0b8843d000 rw-p 00000000 00:00 0                          [stack:8338]
7f0b8843d000-7f0b88c50000 r--p 00000000 08:02 27195                      /usr/lib/locale/locale-archive
7f0b88c50000-7f0b88c53000 ---p 00000000 00:00 0 
7f0b88c53000-7f0b88d51000 rw-p 00000000 00:00 0                          [stack:8337]
7f0b88d51000-7f0b88d54000 ---p 00000000 00:00 0 
7f0b88d54000-7f0b88e52000 rw-p 00000000 00:00 0                          [stack:8336]
7f0b88e52000-7f0b88e53000 ---p 00000000 00:00 0 
7f0b88e53000-7f0b89f50000 rw-p 00000000 00:00 0                          [stack:8335]
7f0b89f50000-7f0b8a102000 r--s 01d30000 08:02 2626376                    /usr/lib/jvm/java-7-openjdk-amd64/jre/lib/rt.jar
7f0b8a102000-7f0b8a44e000 rw-p 00000000 00:00 0 
7f0b8a44e000-7f0b8a44f000 ---p 00000000 00:00 0 
7f0b8a44f000-7f0b8a54f000 rw-p 00000000 00:00 0                          [stack:8334]
7f0b8a54f000-7f0b8a550000 ---p 00000000 00:00 0 
7f0b8a550000-7f0b8a650000 rw-p 00000000 00:00 0                          [stack:8333]
7f0b8a650000-7f0b8a651000 ---p 00000000 00:00 0 
7f0b8a651000-7f0b8a751000 rw-p 00000000 00:00 0                          [stack:8332]
7f0b8a751000-7f0b8a752000 ---p 00000000 00:00 0 
7f0b8a752000-7f0b8a85d000 rw-p 00000000 00:00 0                          [stack:8331]
7f0b8a85d000-7f0b8a8a5000 rw-p 00000000 00:00 0 
7f0b8a8a5000-7f0b8a935000 rw-p 00000000 00:00 0 
7f0b8a935000-7f0b8a9fb000 rw-p 00000000 00:00 0 
7f0b8a9fb000-7f0b8aa06000 rw-p 00000000 00:00 0 
7f0b8aa06000-7f0b8aa4e000 rw-p 00000000 00:00 0 
7f0b8aa4e000-7f0b8aade000 rw-p 00000000 00:00 0 
7f0b8aade000-7f0b8aba3000 rw-p 00000000 00:00 0 
7f0b8aba3000-7f0b8ac4e000 rw-p 00000000 00:00 0 
7f0b8ac4e000-7f0b8ac4f000 rw-p 00000000 00:00 0 
7f0b8ac4f000-7f0b8ac57000 r-xp 00000000 08:02 2626386                    /usr/lib/jvm/java-7-openjdk-amd64/jre/lib/amd64/libzip.so
7f0b8ac57000-7f0b8ae56000 ---p 00008000 08:02 2626386                    /usr/lib/jvm/java-7-openjdk-amd64/jre/lib/amd64/libzip.so
7f0b8ae56000-7f0b8ae57000 r--p 00007000 08:02 2626386                    /usr/lib/jvm/java-7-openjdk-amd64/jre/lib/amd64/libzip.so
7f0b8ae57000-7f0b8ae58000 rw-p 00008000 08:02 2626386                    /usr/lib/jvm/java-7-openjdk-amd64/jre/lib/amd64/libzip.so
7f0b8ae58000-7f0b8ae63000 r-xp 00000000 08:02 9404                       /lib/x86_64-linux-gnu/libnss_files-2.19.so
7f0b8ae63000-7f0b8b062000 ---p 0000b000 08:02 9404                       /lib/x86_64-linux-gnu/libnss_files-2.19.so
7f0b8b062000-7f0b8b063000 r--p 0000a000 08:02 9404                       /lib/x86_64-linux-gnu/libnss_files-2.19.so
7f0b8b063000-7f0b8b064000 rw-p 0000b000 08:02 9404                       /lib/x86_64-linux-gnu/libnss_files-2.19.so
7f0b8b064000-7f0b8b06f000 r-xp 00000000 08:02 13325                      /lib/x86_64-linux-gnu/libnss_nis-2.19.so
7f0b8b06f000-7f0b8b26e000 ---p 0000b000 08:02 13325                      /lib/x86_64-linux-gnu/libnss_nis-2.19.so
7f0b8b26e000-7f0b8b26f000 r--p 0000a000 08:02 13325                      /lib/x86_64-linux-gnu/libnss_nis-2.19.so
7f0b8b26f000-7f0b8b270000 rw-p 0000b000 08:02 13325                      /lib/x86_64-linux-gnu/libnss_nis-2.19.so
7f0b8b270000-7f0b8b287000 r-xp 00000000 08:02 9479                       /lib/x86_64-linux-gnu/libnsl-2.19.so
7f0b8b287000-7f0b8b486000 ---p 00017000 08:02 9479                       /lib/x86_64-linux-gnu/libnsl-2.19.so
7f0b8b486000-7f0b8b487000 r--p 00016000 08:02 9479                       /lib/x86_64-linux-gnu/libnsl-2.19.so
7f0b8b487000-7f0b8b488000 rw-p 00017000 08:02 9479                       /lib/x86_64-linux-gnu/libnsl-2.19.so
7f0b8b488000-7f0b8b48a000 rw-p 00000000 00:00 0 
7f0b8b48a000-7f0b8b493000 r-xp 00000000 08:02 9478                       /lib/x86_64-linux-gnu/libnss_compat-2.19.so
7f0b8b493000-7f0b8b692000 ---p 00009000 08:02 9478                       /lib/x86_64-linux-gnu/libnss_compat-2.19.so
7f0b8b692000-7f0b8b693000 r--p 00008000 08:02 9478                       /lib/x86_64-linux-gnu/libnss_compat-2.19.so
7f0b8b693000-7f0b8b694000 rw-p 00009000 08:02 9478                       /lib/x86_64-linux-gnu/libnss_compat-2.19.so
7f0b8b694000-7f0b8b6bf000 r-xp 00000000 08:02 2626394                    /usr/lib/jvm/java-7-openjdk-amd64/jre/lib/amd64/libjava.so
7f0b8b6bf000-7f0b8b8bf000 ---p 0002b000 08:02 2626394                    /usr/lib/jvm/java-7-openjdk-amd64/jre/lib/amd64/libjava.so
7f0b8b8bf000-7f0b8b8c0000 r--p 0002b000 08:02 2626394                    /usr/lib/jvm/java-7-openjdk-amd64/jre/lib/amd64/libjava.so
7f0b8b8c0000-7f0b8b8c2000 rw-p 0002c000 08:02 2626394                    /usr/lib/jvm/java-7-openjdk-amd64/jre/lib/amd64/libjava.so
7f0b8b8c2000-7f0b8b8d2000 r-xp 00000000 08:02 2626408                    /usr/lib/jvm/java-7-openjdk-amd64/jre/lib/amd64/libverify.so
7f0b8b8d2000-7f0b8bad1000 ---p 00010000 08:02 2626408                    /usr/lib/jvm/java-7-openjdk-amd64/jre/lib/amd64/libverify.so
7f0b8bad1000-7f0b8bad3000 r--p 0000f000 08:02 2626408                    /usr/lib/jvm/java-7-openjdk-amd64/jre/lib/amd64/libverify.so
7f0b8bad3000-7f0b8bad4000 rw-p 00011000 08:02 2626408                    /usr/lib/jvm/java-7-openjdk-amd64/jre/lib/amd64/libverify.so
7f0b8bad4000-7f0b8badb000 r-xp 00000000 08:02 9487                       /lib/x86_64-linux-gnu/librt-2.19.so
7f0b8badb000-7f0b8bcda000 ---p 00007000 08:02 9487                       /lib/x86_64-linux-gnu/librt-2.19.so
7f0b8bcda000-7f0b8bcdb000 r--p 00006000 08:02 9487                       /lib/x86_64-linux-gnu/librt-2.19.so
7f0b8bcdb000-7f0b8bcdc000 rw-p 00007000 08:02 9487                       /lib/x86_64-linux-gnu/librt-2.19.so
7f0b8bcdc000-7f0b8bcf2000 r-xp 00000000 08:02 13421                      /lib/x86_64-linux-gnu/libgcc_s.so.1
7f0b8bcf2000-7f0b8bef1000 ---p 00016000 08:02 13421                      /lib/x86_64-linux-gnu/libgcc_s.so.1
7f0b8bef1000-7f0b8bef2000 rw-p 00015000 08:02 13421                      /lib/x86_64-linux-gnu/libgcc_s.so.1
7f0b8bef2000-7f0b8bff7000 r-xp 00000000 08:02 9400                       /lib/x86_64-linux-gnu/libm-2.19.so
7f0b8bff7000-7f0b8c1f6000 ---p 00105000 08:02 9400                       /lib/x86_64-linux-gnu/libm-2.19.so
7f0b8c1f6000-7f0b8c1f7000 r--p 00104000 08:02 9400                       /lib/x86_64-linux-gnu/libm-2.19.so
7f0b8c1f7000-7f0b8c1f8000 rw-p 00105000 08:02 9400                       /lib/x86_64-linux-gnu/libm-2.19.so
7f0b8c1f8000-7f0b8c2de000 r-xp 00000000 08:02 6821                       /usr/lib/x86_64-linux-gnu/libstdc++.so.6.0.19
7f0b8c2de000-7f0b8c4dd000 ---p 000e6000 08:02 6821                       /usr/lib/x86_64-linux-gnu/libstdc++.so.6.0.19
7f0b8c4dd000-7f0b8c4e5000 r--p 000e5000 08:02 6821                       /usr/lib/x86_64-linux-gnu/libstdc++.so.6.0.19
7f0b8c4e5000-7f0b8c4e7000 rw-p 000ed000 08:02 6821                       /usr/lib/x86_64-linux-gnu/libstdc++.so.6.0.19
7f0b8c4e7000-7f0b8c4fc000 rw-p 00000000 00:00 0 
7f0b8c4fc000-7f0b8d020000 r-xp 00000000 08:02 2626400                    /usr/lib/jvm/java-7-openjdk-amd64/jre/lib/amd64/server/libjvm.so
7f0b8d020000-7f0b8d21f000 ---p 00b24000 08:02 2626400                    /usr/lib/jvm/java-7-openjdk-amd64/jre/lib/amd64/server/libjvm.so
7f0b8d21f000-7f0b8d2b9000 r--p 00b23000 08:02 2626400                    /usr/lib/jvm/java-7-openjdk-amd64/jre/lib/amd64/server/libjvm.so
7f0b8d2b9000-7f0b8d2dc000 rw-p 00bbd000 08:02 2626400                    /usr/lib/jvm/java-7-openjdk-amd64/jre/lib/amd64/server/libjvm.so
7f0b8d2dc000-7f0b8d30a000 rw-p 00000000 00:00 0 
7f0b8d30a000-7f0b8d322000 r-xp 00000000 08:02 13550                      /lib/x86_64-linux-gnu/libz.so.1.2.8
7f0b8d322000-7f0b8d521000 ---p 00018000 08:02 13550                      /lib/x86_64-linux-gnu/libz.so.1.2.8
7f0b8d521000-7f0b8d522000 r--p 00017000 08:02 13550                      /lib/x86_64-linux-gnu/libz.so.1.2.8
7f0b8d522000-7f0b8d523000 rw-p 00018000 08:02 13550                      /lib/x86_64-linux-gnu/libz.so.1.2.8
7f0b8d523000-7f0b8d53c000 r-xp 00000000 08:02 9485                       /lib/x86_64-linux-gnu/libpthread-2.19.so
7f0b8d53c000-7f0b8d73b000 ---p 00019000 08:02 9485                       /lib/x86_64-linux-gnu/libpthread-2.19.so
7f0b8d73b000-7f0b8d73c000 r--p 00018000 08:02 9485                       /lib/x86_64-linux-gnu/libpthread-2.19.so
7f0b8d73c000-7f0b8d73d000 rw-p 00019000 08:02 9485                       /lib/x86_64-linux-gnu/libpthread-2.19.so
7f0b8d73d000-7f0b8d741000 rw-p 00000000 00:00 0 
7f0b8d741000-7f0b8d744000 r-xp 00000000 08:02 9415                       /lib/x86_64-linux-gnu/libdl-2.19.so
7f0b8d744000-7f0b8d943000 ---p 00003000 08:02 9415                       /lib/x86_64-linux-gnu/libdl-2.19.so
7f0b8d943000-7f0b8d944000 r--p 00002000 08:02 9415                       /lib/x86_64-linux-gnu/libdl-2.19.so
7f0b8d944000-7f0b8d945000 rw-p 00003000 08:02 9415                       /lib/x86_64-linux-gnu/libdl-2.19.so
7f0b8d945000-7f0b8db00000 r-xp 00000000 08:02 9484                       /lib/x86_64-linux-gnu/libc-2.19.so
7f0b8db00000-7f0b8dcff000 ---p 001bb000 08:02 9484                       /lib/x86_64-linux-gnu/libc-2.19.so
7f0b8dcff000-7f0b8dd03000 r--p 001ba000 08:02 9484                       /lib/x86_64-linux-gnu/libc-2.19.so
7f0b8dd03000-7f0b8dd05000 rw-p 001be000 08:02 9484                       /lib/x86_64-linux-gnu/libc-2.19.so
7f0b8dd05000-7f0b8dd0a000 rw-p 00000000 00:00 0 
7f0b8dd0a000-7f0b8dd17000 r-xp 00000000 08:02 2626409                    /usr/lib/jvm/java-7-openjdk-amd64/jre/lib/amd64/jli/libjli.so
7f0b8dd17000-7f0b8df16000 ---p 0000d000 08:02 2626409                    /usr/lib/jvm/java-7-openjdk-amd64/jre/lib/amd64/jli/libjli.so
7f0b8df16000-7f0b8df17000 r--p 0000c000 08:02 2626409                    /usr/lib/jvm/java-7-openjdk-amd64/jre/lib/amd64/jli/libjli.so
7f0b8df17000-7f0b8df18000 rw-p 0000d000 08:02 2626409                    /usr/lib/jvm/java-7-openjdk-amd64/jre/lib/amd64/jli/libjli.so
7f0b8df18000-7f0b8df3b000 r-xp 00000000 08:02 9481                       /lib/x86_64-linux-gnu/ld-2.19.so
7f0b8df3b000-7f0b8df3c000 rw-p 00000000 00:00 0 
7f0b8df3c000-7f0b8df40000 r--s 00034000 08:02 2626371                    /usr/lib/jvm/java-7-openjdk-amd64/jre/lib/ext/sunjce_provider.jar
7f0b8df40000-7f0b8df42000 r--s 00012000 08:02 2626365                    /usr/lib/jvm/java-7-openjdk-amd64/jre/lib/ext/zipfs.jar
7f0b8df42000-7f0b8df45000 r--s 0000f000 08:02 2626369                    /usr/lib/jvm/java-7-openjdk-amd64/jre/lib/ext/icedtea-sound.jar
7f0b8df45000-7f0b8df49000 r--s 0003c000 08:02 2626372                    /usr/lib/jvm/java-7-openjdk-amd64/jre/lib/ext/sunpkcs11.jar
7f0b8df49000-7f0b8df4d000 r--s 00085000 08:02 2626367                    /usr/lib/jvm/java-7-openjdk-amd64/jre/lib/ext/localedata.jar
7f0b8df4d000-7f0b8df5e000 rw-p 00000000 00:00 0 
7f0b8df5e000-7f0b8e00d000 rw-p 00000000 00:00 0 
7f0b8e00d000-7f0b8e010000 ---p 00000000 00:00 0 
7f0b8e010000-7f0b8e113000 rw-p 00000000 00:00 0                          [stack:8330]
7f0b8e113000-7f0b8e114000 r--s 00002000 08:02 2626373                    /usr/lib/jvm/java-7-openjdk-amd64/jre/lib/ext/dnsns.jar
7f0b8e114000-7f0b8e116000 r--s 00006000 08:02 5674                       /usr/share/java/java-atk-wrapper.jar
7f0b8e116000-7f0b8e12e000 rw-p 00000000 00:00 0 
7f0b8e12e000-7f0b8e136000 rw-s 00000000 08:02 1314992                    /tmp/hsperfdata_ivan/8325
7f0b8e136000-7f0b8e137000 rw-p 00000000 00:00 0 
7f0b8e137000-7f0b8e138000 ---p 00000000 00:00 0 
7f0b8e138000-7f0b8e13a000 rw-p 00000000 00:00 0 
7f0b8e13a000-7f0b8e13b000 r--p 00022000 08:02 9481                       /lib/x86_64-linux-gnu/ld-2.19.so
7f0b8e13b000-7f0b8e13c000 rw-p 00023000 08:02 9481                       /lib/x86_64-linux-gnu/ld-2.19.so
7f0b8e13c000-7f0b8e13d000 rw-p 00000000 00:00 0 
7fff88d89000-7fff88daa000 rw-p 00000000 00:00 0                          [stack]
7fff88ddf000-7fff88de1000 r-xp 00000000 00:00 0                          [vdso]
7fff88de1000-7fff88de3000 r--p 00000000 00:00 0                          [vvar]
ffffffffff600000-ffffffffff601000 r-xp 00000000 00:00 0                  [vsyscall]

VM Arguments:
jvm_args: -Djava.awt.headless=true -Xmx1024M -Dfile.encoding=UTF-8 -Duser.country=UA -Duser.language=ru -Duser.variant 
java_command: com.android.dx.command.Main --dex --num-threads=4 --multi-dex --main-dex-list /home/ivan/workspace/Champy_v2/app/build/intermediates/multi-dex/debug/maindexlist.txt --output /home/ivan/workspace/Champy_v2/app/build/intermediates/transforms/dex/debug/folders/1000/1f/main /home/ivan/workspace/Champy_v2/app/build/intermediates/transforms/jarMerging/debug/jars/1/1f/combined.jar
Launcher Type: SUN_STANDARD

Environment Variables:
JAVA_HOME=/usr/lib/jvm/java-8-oracle
PATH=/usr/local/sbin:/usr/local/bin:/usr/sbin:/usr/bin:/sbin:/bin:/usr/games:/usr/local/games:/usr/lib/jvm/java-8-oracle/bin:/usr/lib/jvm/java-8-oracle/db/bin:/usr/lib/jvm/java-8-oracle/jre/bin
SHELL=/bin/bash
DISPLAY=:0

Signal Handlers:
SIGSEGV: [libjvm.so+0x954820], sa_mask[0]=0x7ffbfeff, sa_flags=0x10000004
SIGBUS: [libjvm.so+0x954820], sa_mask[0]=0x7ffbfeff, sa_flags=0x10000004
SIGFPE: [libjvm.so+0x7cb150], sa_mask[0]=0x7ffbfeff, sa_flags=0x10000004
SIGPIPE: [libjvm.so+0x7cb150], sa_mask[0]=0x7ffbfeff, sa_flags=0x10000004
SIGXFSZ: [libjvm.so+0x7cb150], sa_mask[0]=0x7ffbfeff, sa_flags=0x10000004
SIGILL: [libjvm.so+0x7cb150], sa_mask[0]=0x7ffbfeff, sa_flags=0x10000004
SIGUSR1: SIG_DFL, sa_mask[0]=0x00000000, sa_flags=0x00000000
SIGUSR2: [libjvm.so+0x7caff0], sa_mask[0]=0x00000004, sa_flags=0x10000004
SIGHUP: [libjvm.so+0x7cb1d0], sa_mask[0]=0x7ffbfeff, sa_flags=0x10000004
SIGINT: [libjvm.so+0x7cb1d0], sa_mask[0]=0x7ffbfeff, sa_flags=0x10000004
SIGTERM: [libjvm.so+0x7cb1d0], sa_mask[0]=0x7ffbfeff, sa_flags=0x10000004
SIGQUIT: [libjvm.so+0x7cb1d0], sa_mask[0]=0x7ffbfeff, sa_flags=0x10000004
SIGTRAP: SIG_DFL, sa_mask[0]=0x00000000, sa_flags=0x00000000


---------------  S Y S T E M  ---------------

OS:Ubuntu 14.04 (trusty)
uname:Linux 3.16.0-33-generic #44~14.04.1-Ubuntu SMP Fri Mar 13 10:33:29 UTC 2015 x86_64
libc:glibc 2.19 NPTL 2.19 
rlimit: STACK 8192k, CORE 0k, NPROC 30684, NOFILE 4096, AS infinity
load average:5,55 3,19 1,79

/proc/meminfo:
MemTotal:        8059736 kB
MemFree:          673812 kB
MemAvailable:    3198084 kB
Buffers:           98092 kB
Cached:          2574176 kB
SwapCached:         3208 kB
Active:          4637144 kB
Inactive:        2349488 kB
Active(anon):    3315036 kB
Inactive(anon):  1063556 kB
Active(file):    1322108 kB
Inactive(file):  1285932 kB
Unevictable:          68 kB
Mlocked:              68 kB
SwapTotal:       4075516 kB
SwapFree:        4064868 kB
Dirty:                52 kB
Writeback:             0 kB
AnonPages:       4311544 kB
Mapped:           350876 kB
Shmem:             64232 kB
Slab:             209448 kB
SReclaimable:     169636 kB
SUnreclaim:        39812 kB
KernelStack:       10496 kB
PageTables:        54748 kB
NFS_Unstable:          0 kB
Bounce:                0 kB
WritebackTmp:          0 kB
CommitLimit:     8105384 kB
Committed_AS:    8999280 kB
VmallocTotal:   34359738367 kB
VmallocUsed:      391872 kB
VmallocChunk:   34359325180 kB
HardwareCorrupted:     0 kB
AnonHugePages:   2531328 kB
HugePages_Total:       0
HugePages_Free:        0
HugePages_Rsvd:        0
HugePages_Surp:        0
Hugepagesize:       2048 kB
DirectMap4k:      270276 kB
DirectMap2M:     8001536 kB


CPU:total 4 (2 cores per cpu, 2 threads per core) family 6 model 58 stepping 9, cmov, cx8, fxsr, mmx, sse, sse2, sse3, ssse3, sse4.1, sse4.2, popcnt, avx, erms, ht, tsc, tscinvbit, tscinv

/proc/cpuinfo:
processor	: 0
vendor_id	: GenuineIntel
cpu family	: 6
model		: 58
model name	: Intel(R) Core(TM) i3-3217U CPU @ 1.80GHz
stepping	: 9
microcode	: 0x15
cpu MHz		: 1800.000
cache size	: 3072 KB
physical id	: 0
siblings	: 4
core id		: 0
cpu cores	: 2
apicid		: 0
initial apicid	: 0
fpu		: yes
fpu_exception	: yes
cpuid level	: 13
wp		: yes
flags		: fpu vme de pse tsc msr pae mce cx8 apic sep mtrr pge mca cmov pat pse36 clflush dts acpi mmx fxsr sse sse2 ss ht tm pbe syscall nx rdtscp lm constant_tsc arch_perfmon pebs bts rep_good nopl xtopology nonstop_tsc aperfmperf eagerfpu pni pclmulqdq dtes64 monitor ds_cpl vmx est tm2 ssse3 cx16 xtpr pdcm pcid sse4_1 sse4_2 x2apic popcnt tsc_deadline_timer xsave avx f16c lahf_lm ida arat epb xsaveopt pln pts dtherm tpr_shadow vnmi flexpriority ept vpid fsgsbase smep erms
bogomips	: 3591.97
clflush size	: 64
cache_alignment	: 64
address sizes	: 36 bits physical, 48 bits virtual
power management:

processor	: 1
vendor_id	: GenuineIntel
cpu family	: 6
model		: 58
model name	: Intel(R) Core(TM) i3-3217U CPU @ 1.80GHz
stepping	: 9
microcode	: 0x15
cpu MHz		: 1800.000
cache size	: 3072 KB
physical id	: 0
siblings	: 4
core id		: 1
cpu cores	: 2
apicid		: 2
initial apicid	: 2
fpu		: yes
fpu_exception	: yes
cpuid level	: 13
wp		: yes
flags		: fpu vme de pse tsc msr pae mce cx8 apic sep mtrr pge mca cmov pat pse36 clflush dts acpi mmx fxsr sse sse2 ss ht tm pbe syscall nx rdtscp lm constant_tsc arch_perfmon pebs bts rep_good nopl xtopology nonstop_tsc aperfmperf eagerfpu pni pclmulqdq dtes64 monitor ds_cpl vmx est tm2 ssse3 cx16 xtpr pdcm pcid sse4_1 sse4_2 x2apic popcnt tsc_deadline_timer xsave avx f16c lahf_lm ida arat epb xsaveopt pln pts dtherm tpr_shadow vnmi flexpriority ept vpid fsgsbase smep erms
bogomips	: 3591.97
clflush size	: 64
cache_alignment	: 64
address sizes	: 36 bits physical, 48 bits virtual
power management:

processor	: 2
vendor_id	: GenuineIntel
cpu family	: 6
model		: 58
model name	: Intel(R) Core(TM) i3-3217U CPU @ 1.80GHz
stepping	: 9
microcode	: 0x15
cpu MHz		: 1799.859
cache size	: 3072 KB
physical id	: 0
siblings	: 4
core id		: 0
cpu cores	: 2
apicid		: 1
initial apicid	: 1
fpu		: yes
fpu_exception	: yes
cpuid level	: 13
wp		: yes
flags		: fpu vme de pse tsc msr pae mce cx8 apic sep mtrr pge mca cmov pat pse36 clflush dts acpi mmx fxsr sse sse2 ss ht tm pbe syscall nx rdtscp lm constant_tsc arch_perfmon pebs bts rep_good nopl xtopology nonstop_tsc aperfmperf eagerfpu pni pclmulqdq dtes64 monitor ds_cpl vmx est tm2 ssse3 cx16 xtpr pdcm pcid sse4_1 sse4_2 x2apic popcnt tsc_deadline_timer xsave avx f16c lahf_lm ida arat epb xsaveopt pln pts dtherm tpr_shadow vnmi flexpriority ept vpid fsgsbase smep erms
bogomips	: 3591.97
clflush size	: 64
cache_alignment	: 64
address sizes	: 36 bits physical, 48 bits virtual
power management:

processor	: 3
vendor_id	: GenuineIntel
cpu family	: 6
model		: 58
model name	: Intel(R) Core(TM) i3-3217U CPU @ 1.80GHz
stepping	: 9
microcode	: 0x15
cpu MHz		: 1800.000
cache size	: 3072 KB
physical id	: 0
siblings	: 4
core id		: 1
cpu cores	: 2
apicid		: 3
initial apicid	: 3
fpu		: yes
fpu_exception	: yes
cpuid level	: 13
wp		: yes
flags		: fpu vme de pse tsc msr pae mce cx8 apic sep mtrr pge mca cmov pat pse36 clflush dts acpi mmx fxsr sse sse2 ss ht tm pbe syscall nx rdtscp lm constant_tsc arch_perfmon pebs bts rep_good nopl xtopology nonstop_tsc aperfmperf eagerfpu pni pclmulqdq dtes64 monitor ds_cpl vmx est tm2 ssse3 cx16 xtpr pdcm pcid sse4_1 sse4_2 x2apic popcnt tsc_deadline_timer xsave avx f16c lahf_lm ida arat epb xsaveopt pln pts dtherm tpr_shadow vnmi flexpriority ept vpid fsgsbase smep erms
bogomips	: 3591.97
clflush size	: 64
cache_alignment	: 64
address sizes	: 36 bits physical, 48 bits virtual
power management:



Memory: 4k page, physical 8059736k(673812k free), swap 4075516k(4064868k free)

vm_info: OpenJDK 64-Bit Server VM (24.85-b03) for linux-amd64 JRE (1.7.0_85-b01), built on Oct 22 2015 06:46:50 by "buildd" with gcc 4.8.2

time: Tue Mar 15 15:14:32 2016
elapsed time: 28 seconds

