#
# A fatal error has been detected by the Java Runtime Environment:
#
#  SIGSEGV (0xb) at pc=0x00007f711cfc9663, pid=32523, tid=140123642345216
#
# JRE version: OpenJDK Runtime Environment (7.0_95) (build 1.7.0_95-b00)
# Java VM: OpenJDK 64-Bit Server VM (24.95-b01 mixed mode linux-amd64 compressed oops)
# Derivative: IcedTea 2.6.4
# Distribution: Ubuntu 14.04 LTS, package 7u95-2.6.4-0ubuntu0.14.04.2
# Problematic frame:
# V  [libjvm.so+0x40b663]
#
# Failed to write core dump. Core dumps have been disabled. To enable core dumping, try "ulimit -c unlimited" before starting Java again
#
# If you would like to submit a bug report, please include
# instructions on how to reproduce the bug and visit:
#   http://icedtea.classpath.org/bugzilla
#

---------------  T H R E A D  ---------------

Current thread (0x00007f7118020000):  GCTaskThread [stack: 0x00007f7113dd3000,0x00007f7113ed4000] [id=32528]

siginfo:si_signo=SIGSEGV: si_errno=0, si_code=1 (SEGV_MAPERR), si_addr=0x00000000000000b0

Registers:
RAX=0x0000000000000000, RBX=0x00000000f2358e48, RCX=0x00000000bebafeda, RDX=0x00000000bebafeca
RSP=0x00007f7113ed2c08, RBP=0x00007f7113ed2c70, RSI=0x00000000f2358e48, RDI=0x00000000bebafeda
R8 =0x00000000f2358e48, R9 =0x0000000000000014, R10=0x00007f711d9b1ee0, R11=0x0000000000001e29
R12=0x00007f7118072da0, R13=0x00000000b5dc5588, R14=0x00000000f24459bc, R15=0x00000000f24459c0
RIP=0x00007f711cfc9663, EFLAGS=0x0000000000010246, CSGSFS=0x0000000000000033, ERR=0x0000000000000004
  TRAPNO=0x000000000000000e

Top of Stack: (sp=0x00007f7113ed2c08)
0x00007f7113ed2c08:   00007f711d171c40 00007f7118072de0
0x00007f7113ed2c18:   00007f7118072de0 00000000f24459a8
0x00007f7113ed2c28:   00000000b5dc5590 00007f711d9b1ee0
0x00007f7113ed2c38:   0000000000000003 00007f7118021628
0x00007f7113ed2c48:   00007f711d9adf48 00007f7118027ff0
0x00007f7113ed2c58:   00007f7118072da0 00007f7118020ab0
0x00007f7113ed2c68:   00007f71180208b0 00007f7113ed2d20
0x00007f7113ed2c78:   00007f711d3e5a15 00007f7118072e30
0x00007f7113ed2c88:   00007f7118072e60 00007f7118072de0
0x00007f7113ed2c98:   0000000000001000 00000000f61ee078
0x00007f7113ed2ca8:   00007f7118072db0 00007f7118020000
0x00007f7113ed2cb8:   03030000fffffcff 0303030303030303
0x00007f7113ed2cc8:   0000030303030303 00007f7113ed2d00
0x00007f7113ed2cd8:   00007f71181bd000 00007f711801fb01
0x00007f7113ed2ce8:   00007f711801fb01 0000000000000000
0x00007f7113ed2cf8:   00007f71180208e0 00007f7118027ff0
0x00007f7113ed2d08:   00007f7118072da0 00007f7118020ab0
0x00007f7113ed2d18:   00007f71180208b0 00007f7113ed2dc0
0x00007f7113ed2d28:   00007f711d3cc0e9 0000000000000001
0x00007f7113ed2d38:   00007f7113ed2d50 00000000000003d8
0x00007f7113ed2d48:   00007f7118020cc8 00007f711d975eb0
0x00007f7113ed2d58:   00007f7118020000 0000000000000000
0x00007f7113ed2d68:   00007f7118072da0 00007f711d96db90
0x00007f7113ed2d78:   00007f711d392300 00007f7113ed2d50
0x00007f7113ed2d88:   00007f7118027f01 00007f7113ed2dc0
0x00007f7113ed2d98:   0000000000000001 00007f7118027ff0
0x00007f7113ed2da8:   00007f711d573ef6 00007f7118020000
0x00007f7113ed2db8:   00007f711d9a8502 00007f7113ed2ed0
0x00007f7113ed2dc8:   00007f711d108b92 00000000000003d8
0x00007f7113ed2dd8:   00007f7118020cc8 00007f71180208f0
0x00007f7113ed2de8:   00007f7113ed2e60 00007f71180208b0
0x00007f7113ed2df8:   00007f71180208e0 00007f7113ed2e10 

Instructions: (pc=0x00007f711cfc9663)
0x00007f711cfc9643:   8b 42 18 48 8d 4a 10 83 f8 00 7f d4 75 1f 0f 1f
0x00007f711cfc9653:   80 00 00 00 00 48 8b 42 10 48 89 fe 48 89 cf 5d
0x00007f711cfc9663:   48 8b 80 b0 00 00 00 ff e0 0f 1f 40 00 48 8d 15
0x00007f711cfc9673:   95 63 9b 00 40 80 fe 01 41 89 c0 48 19 c9 41 c1 

Register to memory mapping:

RAX=0x0000000000000000 is an unknown value
RBX=0x00000000f2358e48 is an unknown value
RCX=0x00000000bebafeda is an unallocated location in the heap
RDX=0x00000000bebafeca is an unallocated location in the heap
RSP=0x00007f7113ed2c08 is an unknown value
RBP=0x00007f7113ed2c70 is an unknown value
RSI=0x00000000f2358e48 is an unknown value
RDI=0x00000000bebafeda is an unallocated location in the heap
R8 =0x00000000f2358e48 is an unknown value
R9 =0x0000000000000014 is an unknown value
R10=0x00007f711d9b1ee0: <offset 0xdf3ee0> in /usr/lib/jvm/java-7-openjdk-amd64/jre/lib/amd64/server/libjvm.so at 0x00007f711cbbe000
R11=0x0000000000001e29 is an unknown value
R12=0x00007f7118072da0 is an unknown value
R13=0x00000000b5dc5588 is pointing into object: 0x00000000b5dc5360
{instance class} 
 - klass: {other class}
R14=0x00000000f24459bc is an unknown value
R15=0x00000000f24459c0 is an oop
com.android.dx.rop.type.Prototype 
 - klass: 'com/android/dx/rop/type/Prototype'


Stack: [0x00007f7113dd3000,0x00007f7113ed4000],  sp=0x00007f7113ed2c08,  free space=1023k
Native frames: (J=compiled Java code, j=interpreted, Vv=VM code, C=native code)
V  [libjvm.so+0x40b663]
V  [libjvm.so+0x827a15]
V  [libjvm.so+0x80e0e9]
V  [libjvm.so+0x54ab92]
V  [libjvm.so+0x7cc742]


---------------  P R O C E S S  ---------------

Java Threads: ( => current thread )
  0x00007f71181bd000 JavaThread "pool-2-thread-4" [_thread_blocked, id=32544, stack(0x00007f7109331000,0x00007f7109432000)]
  0x00007f71181bb800 JavaThread "pool-2-thread-3" [_thread_blocked, id=32543, stack(0x00007f7109432000,0x00007f7109533000)]
  0x00007f71181ba000 JavaThread "pool-2-thread-2" [_thread_blocked, id=32542, stack(0x00007f7109533000,0x00007f7109634000)]
  0x00007f71181b9000 JavaThread "pool-3-thread-1" [_thread_blocked, id=32541, stack(0x00007f7109634000,0x00007f7109735000)]
  0x00007f71181b7000 JavaThread "pool-2-thread-1" [_thread_blocked, id=32540, stack(0x00007f7109735000,0x00007f7109836000)]
  0x00007f71180ae800 JavaThread "Service Thread" daemon [_thread_blocked, id=32538, stack(0x00007f710b0e6000,0x00007f710b1e7000)]
  0x00007f71180ac800 JavaThread "C2 CompilerThread1" daemon [_thread_blocked, id=32537, stack(0x00007f710b1e7000,0x00007f710b2e8000)]
  0x00007f71180a9800 JavaThread "C2 CompilerThread0" daemon [_thread_blocked, id=32536, stack(0x00007f710b2e8000,0x00007f710b3e9000)]
  0x00007f71180a7000 JavaThread "Signal Dispatcher" daemon [_thread_blocked, id=32535, stack(0x00007f710b3e9000,0x00007f710b4ea000)]
  0x00007f711807c000 JavaThread "Finalizer" daemon [_thread_blocked, id=32534, stack(0x00007f710bcfd000,0x00007f710bdfe000)]
  0x00007f711807a000 JavaThread "Reference Handler" daemon [_thread_blocked, id=32533, stack(0x00007f710bdfe000,0x00007f710beff000)]
  0x00007f711800a800 JavaThread "main" [_thread_blocked, id=32527, stack(0x00007f711e6d0000,0x00007f711e7d1000)]

Other Threads:
  0x00007f7118075800 VMThread [stack: 0x00007f710beff000,0x00007f710c000000] [id=32532]
  0x00007f71180b9800 WatcherThread [stack: 0x00007f710afe5000,0x00007f710b0e6000] [id=32539]

=>0x00007f7118020000 (exited) GCTaskThread [stack: 0x00007f7113dd3000,0x00007f7113ed4000] [id=32528]

VM state:at safepoint (normal execution)

VM Mutex/Monitor currently owned by a thread:  ([mutex/lock_event])
[0x00007f71180069d0] Threads_lock - owner thread: 0x00007f7118075800
[0x00007f7118006ed0] Heap_lock - owner thread: 0x00007f71181b7000

Heap
 PSYoungGen      total 233472K, used 72590K [0x00000000eaa80000, 0x0000000100000000, 0x0000000100000000)
  eden space 117248K, 0% used [0x00000000eaa80000,0x00000000eaa80000,0x00000000f1d00000)
  from space 116224K, 62% used [0x00000000f1d00000,0x00000000f63e3a90,0x00000000f8e80000)
  to   space 116224K, 0% used [0x00000000f8e80000,0x00000000f8e80000,0x0000000100000000)
 ParOldGen       total 292352K, used 265053K [0x00000000c0000000, 0x00000000d1d80000, 0x00000000eaa80000)
  object space 292352K, 90% used [0x00000000c0000000,0x00000000d02d76c0,0x00000000d1d80000)
 PSPermGen       total 21504K, used 6394K [0x00000000b5a00000, 0x00000000b6f00000, 0x00000000c0000000)
  object space 21504K, 29% used [0x00000000b5a00000,0x00000000b603e8c0,0x00000000b6f00000)

Card table byte_map: [0x00007f7113f27000,0x00007f711417b000] byte_map_base: 0x00007f711397a000

Polling page: 0x00007f711e7fa000

Code Cache  [0x00007f711417b000, 0x00007f71145fb000, 0x00007f711717b000)
 total_blobs=1422 nmethods=1191 adapters=184 free_code_cache=44722Kb largest_free_block=45667904

Compilation events (10 events):
Event: 26,406 Thread 0x00007f71180ac800 nmethod 1249 0x00007f7114211b50 code [0x00007f7114211c80, 0x00007f7114211cb8]
Event: 26,408 Thread 0x00007f71180a9800 nmethod 1248 0x00007f71144570d0 code [0x00007f7114457220, 0x00007f71144572b8]
Event: 26,449 Thread 0x00007f71180ac800 1250   !         java.util.zip.ZipFile$ZipFileInputStream::close (110 bytes)
Event: 26,464 Thread 0x00007f71180ac800 nmethod 1250 0x00007f71145b4250 code [0x00007f71145b43e0, 0x00007f71145b4d98]
Event: 26,481 Thread 0x00007f71180a9800 1251             com.android.dx.dex.code.RopTranslator$LocalVariableAwareTranslationVisitor::visitThrowingInsn (11 bytes)
Event: 26,516 Thread 0x00007f71180a9800 nmethod 1251 0x00007f7114326210 code [0x00007f7114326460, 0x00007f7114326e40]
Event: 26,521 Thread 0x00007f71180ac800 1252 %           com.android.dx.ssa.back.SsaToRop::convertBasicBlocks @ 69 (151 bytes)
Event: 26,563 Thread 0x00007f71180a9800 1253             com.android.dx.ssa.back.FirstFitLocalCombiningAllocator::access$100 (5 bytes)
Event: 26,563 Thread 0x00007f71180a9800 nmethod 1253 0x00007f711421dcd0 code [0x00007f711421de00, 0x00007f711421de38]
Event: 26,568 Thread 0x00007f71180ac800 nmethod 1252% 0x00007f71145b9610 code [0x00007f71145b98a0, 0x00007f71145ba810]

GC Heap History (10 events):
Event: 22,994 GC heap after
Heap after GC invocations=13 (full 2):
 PSYoungGen      total 261632K, used 29879K [0x00000000eaa80000, 0x0000000100000000, 0x0000000100000000)
  eden space 173568K, 0% used [0x00000000eaa80000,0x00000000eaa80000,0x00000000f5400000)
  from space 88064K, 33% used [0x00000000f5400000,0x00000000f712df08,0x00000000faa00000)
  to   space 83968K, 0% used [0x00000000fae00000,0x00000000fae00000,0x0000000100000000)
 ParOldGen       total 292352K, used 205513K [0x00000000c0000000, 0x00000000d1d80000, 0x00000000eaa80000)
  object space 292352K, 70% used [0x00000000c0000000,0x00000000cc8b2668,0x00000000d1d80000)
 PSPermGen       total 21504K, used 6375K [0x00000000b5a00000, 0x00000000b6f00000, 0x00000000c0000000)
  object space 21504K, 29% used [0x00000000b5a00000,0x00000000b6039e78,0x00000000b6f00000)
}
Event: 24,009 GC heap before
{Heap before GC invocations=14 (full 2):
 PSYoungGen      total 261632K, used 203447K [0x00000000eaa80000, 0x0000000100000000, 0x0000000100000000)
  eden space 173568K, 100% used [0x00000000eaa80000,0x00000000f5400000,0x00000000f5400000)
  from space 88064K, 33% used [0x00000000f5400000,0x00000000f712df08,0x00000000faa00000)
  to   space 83968K, 0% used [0x00000000fae00000,0x00000000fae00000,0x0000000100000000)
 ParOldGen       total 292352K, used 205513K [0x00000000c0000000, 0x00000000d1d80000, 0x00000000eaa80000)
  object space 292352K, 70% used [0x00000000c0000000,0x00000000cc8b2668,0x00000000d1d80000)
 PSPermGen       total 21504K, used 6383K [0x00000000b5a00000, 0x00000000b6f00000, 0x00000000c0000000)
  object space 21504K, 29% used [0x00000000b5a00000,0x00000000b603bfd8,0x00000000b6f00000)
Event: 24,082 GC heap after
Heap after GC invocations=14 (full 2):
 PSYoungGen      total 260608K, used 56307K [0x00000000eaa80000, 0x0000000100000000, 0x0000000100000000)
  eden space 176640K, 0% used [0x00000000eaa80000,0x00000000eaa80000,0x00000000f5700000)
  from space 83968K, 67% used [0x00000000fae00000,0x00000000fe4fcce8,0x0000000100000000)
  to   space 86528K, 0% used [0x00000000f5700000,0x00000000f5700000,0x00000000fab80000)
 ParOldGen       total 292352K, used 205513K [0x00000000c0000000, 0x00000000d1d80000, 0x00000000eaa80000)
  object space 292352K, 70% used [0x00000000c0000000,0x00000000cc8b2668,0x00000000d1d80000)
 PSPermGen       total 21504K, used 6383K [0x00000000b5a00000, 0x00000000b6f00000, 0x00000000c0000000)
  object space 21504K, 29% used [0x00000000b5a00000,0x00000000b603bfd8,0x00000000b6f00000)
}
Event: 24,983 GC heap before
{Heap before GC invocations=15 (full 2):
 PSYoungGen      total 260608K, used 232947K [0x00000000eaa80000, 0x0000000100000000, 0x0000000100000000)
  eden space 176640K, 100% used [0x00000000eaa80000,0x00000000f5700000,0x00000000f5700000)
  from space 83968K, 67% used [0x00000000fae00000,0x00000000fe4fcce8,0x0000000100000000)
  to   space 86528K, 0% used [0x00000000f5700000,0x00000000f5700000,0x00000000fab80000)
 ParOldGen       total 292352K, used 205513K [0x00000000c0000000, 0x00000000d1d80000, 0x00000000eaa80000)
  object space 292352K, 70% used [0x00000000c0000000,0x00000000cc8b2668,0x00000000d1d80000)
 PSPermGen       total 21504K, used 6387K [0x00000000b5a00000, 0x00000000b6f00000, 0x00000000c0000000)
  object space 21504K, 29% used [0x00000000b5a00000,0x00000000b603ccd0,0x00000000b6f00000)
Event: 25,168 GC heap after
Heap after GC invocations=15 (full 2):
 PSYoungGen      total 262656K, used 85755K [0x00000000eaa80000, 0x0000000100000000, 0x0000000100000000)
  eden space 176640K, 0% used [0x00000000eaa80000,0x00000000eaa80000,0x00000000f5700000)
  from space 86016K, 99% used [0x00000000f5700000,0x00000000faabec28,0x00000000fab00000)
  to   space 87040K, 0% used [0x00000000fab00000,0x00000000fab00000,0x0000000100000000)
 ParOldGen       total 292352K, used 205513K [0x00000000c0000000, 0x00000000d1d80000, 0x00000000eaa80000)
  object space 292352K, 70% used [0x00000000c0000000,0x00000000cc8b2668,0x00000000d1d80000)
 PSPermGen       total 21504K, used 6387K [0x00000000b5a00000, 0x00000000b6f00000, 0x00000000c0000000)
  object space 21504K, 29% used [0x00000000b5a00000,0x00000000b603ccd0,0x00000000b6f00000)
}
Event: 26,064 GC heap before
{Heap before GC invocations=16 (full 2):
 PSYoungGen      total 262656K, used 262395K [0x00000000eaa80000, 0x0000000100000000, 0x0000000100000000)
  eden space 176640K, 100% used [0x00000000eaa80000,0x00000000f5700000,0x00000000f5700000)
  from space 86016K, 99% used [0x00000000f5700000,0x00000000faabec28,0x00000000fab00000)
  to   space 87040K, 0% used [0x00000000fab00000,0x00000000fab00000,0x0000000100000000)
 ParOldGen       total 292352K, used 205513K [0x00000000c0000000, 0x00000000d1d80000, 0x00000000eaa80000)
  object space 292352K, 70% used [0x00000000c0000000,0x00000000cc8b2668,0x00000000d1d80000)
 PSPermGen       total 21504K, used 6389K [0x00000000b5a00000, 0x00000000b6f00000, 0x00000000c0000000)
  object space 21504K, 29% used [0x00000000b5a00000,0x00000000b603d6f8,0x00000000b6f00000)
Event: 26,299 GC heap after
Heap after GC invocations=16 (full 2):
 PSYoungGen      total 204288K, used 87018K [0x00000000eaa80000, 0x0000000100000000, 0x0000000100000000)
  eden space 117248K, 0% used [0x00000000eaa80000,0x00000000eaa80000,0x00000000f1d00000)
  from space 87040K, 99% used [0x00000000fab00000,0x00000000ffffa948,0x0000000100000000)
  to   space 116224K, 0% used [0x00000000f1d00000,0x00000000f1d00000,0x00000000f8e80000)
 ParOldGen       total 292352K, used 231799K [0x00000000c0000000, 0x00000000d1d80000, 0x00000000eaa80000)
  object space 292352K, 79% used [0x00000000c0000000,0x00000000ce25df08,0x00000000d1d80000)
 PSPermGen       total 21504K, used 6389K [0x00000000b5a00000, 0x00000000b6f00000, 0x00000000c0000000)
  object space 21504K, 29% used [0x00000000b5a00000,0x00000000b603d6f8,0x00000000b6f00000)
}
Event: 26,569 GC heap before
{Heap before GC invocations=17 (full 2):
 PSYoungGen      total 204288K, used 204266K [0x00000000eaa80000, 0x0000000100000000, 0x0000000100000000)
  eden space 117248K, 100% used [0x00000000eaa80000,0x00000000f1d00000,0x00000000f1d00000)
  from space 87040K, 99% used [0x00000000fab00000,0x00000000ffffa948,0x0000000100000000)
  to   space 116224K, 0% used [0x00000000f1d00000,0x00000000f1d00000,0x00000000f8e80000)
 ParOldGen       total 292352K, used 231799K [0x00000000c0000000, 0x00000000d1d80000, 0x00000000eaa80000)
  object space 292352K, 79% used [0x00000000c0000000,0x00000000ce25df08,0x00000000d1d80000)
 PSPermGen       total 21504K, used 6394K [0x00000000b5a00000, 0x00000000b6f00000, 0x00000000c0000000)
  object space 21504K, 29% used [0x00000000b5a00000,0x00000000b603e8c0,0x00000000b6f00000)
Event: 26,750 GC heap after
Heap after GC invocations=17 (full 2):
 PSYoungGen      total 233472K, used 72590K [0x00000000eaa80000, 0x0000000100000000, 0x0000000100000000)
  eden space 117248K, 0% used [0x00000000eaa80000,0x00000000eaa80000,0x00000000f1d00000)
  from space 116224K, 62% used [0x00000000f1d00000,0x00000000f63e3a90,0x00000000f8e80000)
  to   space 116224K, 0% used [0x00000000f8e80000,0x00000000f8e80000,0x0000000100000000)
 ParOldGen       total 292352K, used 265053K [0x00000000c0000000, 0x00000000d1d80000, 0x00000000eaa80000)
  object space 292352K, 90% used [0x00000000c0000000,0x00000000d02d76c0,0x00000000d1d80000)
 PSPermGen       total 21504K, used 6394K [0x00000000b5a00000, 0x00000000b6f00000, 0x00000000c0000000)
  object space 21504K, 29% used [0x00000000b5a00000,0x00000000b603e8c0,0x00000000b6f00000)
}
Event: 26,750 GC heap before
{Heap before GC invocations=18 (full 3):
 PSYoungGen      total 233472K, used 72590K [0x00000000eaa80000, 0x0000000100000000, 0x0000000100000000)
  eden space 117248K, 0% used [0x00000000eaa80000,0x00000000eaa80000,0x00000000f1d00000)
  from space 116224K, 62% used [0x00000000f1d00000,0x00000000f63e3a90,0x00000000f8e80000)
  to   space 116224K, 0% used [0x00000000f8e80000,0x00000000f8e80000,0x0000000100000000)
 ParOldGen       total 292352K, used 265053K [0x00000000c0000000, 0x00000000d1d80000, 0x00000000eaa80000)
  object space 292352K, 90% used [0x00000000c0000000,0x00000000d02d76c0,0x00000000d1d80000)
 PSPermGen       total 21504K, used 6394K [0x00000000b5a00000, 0x00000000b6f00000, 0x00000000c0000000)
  object space 21504K, 29% used [0x00000000b5a00000,0x00000000b603e8c0,0x00000000b6f00000)

Deoptimization events (10 events):
Event: 23,822 Thread 0x00007f711800a800 Uncommon trap: reason=bimorphic action=maybe_recompile pc=0x00007f71145006d8 method=com.android.dx.cf.code.BytecodeArray.parseInstruction(ILcom/android/dx/cf/code/BytecodeArray$Visitor;)I @ 891
Event: 24,479 Thread 0x00007f711800a800 Uncommon trap: reason=null_check action=make_not_entrant pc=0x00007f7114590ab0 method=com.android.dx.cf.direct.StdAttributeFactory.enclosingMethod(Lcom/android/dx/cf/direct/DirectClassFile;IILcom/android/dx/cf/iface/ParseObserver;)Lcom/android/dx/cf/iface
Event: 24,485 Thread 0x00007f711800a800 Uncommon trap: reason=class_check action=maybe_recompile pc=0x00007f71143441cc method=com.android.dx.ssa.SCCP.replaceConstants()V @ 182
Event: 26,485 Thread 0x00007f71181b7000 Uncommon trap: reason=unstable_if action=reinterpret pc=0x00007f71144876c0 method=com.android.dx.ssa.SsaMethod.makeExitBlock()V @ 103
Event: 26,485 Thread 0x00007f71181b7000 Uncommon trap: reason=unstable_if action=reinterpret pc=0x00007f711434c5a4 method=com.android.dx.ssa.SsaMethod.getExitBlock()Lcom/android/dx/ssa/SsaBasicBlock; @ 4
Event: 26,486 Thread 0x00007f71181b7000 Uncommon trap: reason=unstable_if action=reinterpret pc=0x00007f7114282fac method=com.android.dx.ssa.SsaMethod.getExitBlock()Lcom/android/dx/ssa/SsaBasicBlock; @ 4
Event: 26,486 Thread 0x00007f71181b7000 Uncommon trap: reason=unstable_if action=reinterpret pc=0x00007f711428ab48 method=com.android.dx.util.IntList.binarysearch(I)I @ 105
Event: 26,486 Thread 0x00007f71181b7000 Uncommon trap: reason=unstable_if action=reinterpret pc=0x00007f71142710a8 method=com.android.dx.ssa.SsaMethod.getExitBlock()Lcom/android/dx/ssa/SsaBasicBlock; @ 4
Event: 26,555 Thread 0x00007f71181bd000 Uncommon trap: reason=bimorphic action=maybe_recompile pc=0x00007f71145cdf24 method=com.android.dx.cf.code.BytecodeArray.parseInstruction(ILcom/android/dx/cf/code/BytecodeArray$Visitor;)I @ 1612
Event: 26,555 Thread 0x00007f71181bd000 Uncommon trap: reason=bimorphic action=maybe_recompile pc=0x00007f71145cdf24 method=com.android.dx.cf.code.BytecodeArray.parseInstruction(ILcom/android/dx/cf/code/BytecodeArray$Visitor;)I @ 1612

Internal exceptions (10 events):
Event: 13,479 Thread 0x00007f71181b7000 Threw 0x00000000f5d3b840 at /build/openjdk-7-HVzwJZ/openjdk-7-7u95-2.6.4/build/openjdk/hotspot/src/share/vm/prims/jvm.cpp:1322
Event: 13,480 Thread 0x00007f71181b7000 Implicit null exception at 0x00007f7114390671 to 0x00007f711439073d
Event: 13,941 Thread 0x00007f711800a800 Implicit null exception at 0x00007f7114431609 to 0x00007f7114432bd5
Event: 16,360 Thread 0x00007f71181bb800 Implicit null exception at 0x00007f71144a0f88 to 0x00007f71144a3ff5
Event: 17,491 Thread 0x00007f71181bd000 Threw 0x00000000f978bb48 at /build/openjdk-7-HVzwJZ/openjdk-7-7u95-2.6.4/build/openjdk/hotspot/src/share/vm/prims/jvm.cpp:1322
Event: 17,877 Thread 0x00007f71181b7000 Implicit null exception at 0x00007f711439e7fc to 0x00007f711439e8f3
Event: 18,028 Thread 0x00007f711800a800 Threw 0x00000000ede90bb0 at /build/openjdk-7-HVzwJZ/openjdk-7-7u95-2.6.4/build/openjdk/hotspot/src/share/vm/prims/jvm.cpp:1322
Event: 18,411 Thread 0x00007f711800a800 Threw 0x00000000f2f08460 at /build/openjdk-7-HVzwJZ/openjdk-7-7u95-2.6.4/build/openjdk/hotspot/src/share/vm/prims/jvm.cpp:1322
Event: 20,065 Thread 0x00007f711800a800 Threw 0x00000000f70a4738 at /build/openjdk-7-HVzwJZ/openjdk-7-7u95-2.6.4/build/openjdk/hotspot/src/share/vm/prims/jvm.cpp:1322
Event: 24,479 Thread 0x00007f711800a800 Implicit null exception at 0x00007f711458f34f to 0x00007f7114590aa5

Events (10 events):
Event: 26,486 Thread 0x00007f71181b7000 Uncommon trap: trap_request=0xffffff75 fr.pc=0x00007f71142710a8
Event: 26,486 Thread 0x00007f71181b7000 DEOPT PACKING pc=0x00007f71142710a8 sp=0x00007f71098342e0
Event: 26,486 Thread 0x00007f71181b7000 DEOPT UNPACKING pc=0x00007f71141b4445 sp=0x00007f71098342b8 mode 2
Event: 26,555 Thread 0x00007f71181bd000 Uncommon trap: trap_request=0xffffffc6 fr.pc=0x00007f71145cdf24
Event: 26,555 Thread 0x00007f71181bd000 DEOPT PACKING pc=0x00007f71145cdf24 sp=0x00007f7109430220
Event: 26,555 Thread 0x00007f71181bd000 DEOPT UNPACKING pc=0x00007f71141b4445 sp=0x00007f71094301e0 mode 2
Event: 26,555 Thread 0x00007f71181bd000 Uncommon trap: trap_request=0xffffffc6 fr.pc=0x00007f71145cdf24
Event: 26,555 Thread 0x00007f71181bd000 DEOPT PACKING pc=0x00007f71145cdf24 sp=0x00007f7109430150
Event: 26,555 Thread 0x00007f71181bd000 DEOPT UNPACKING pc=0x00007f71141b4445 sp=0x00007f7109430110 mode 2
Event: 26,568 Executing VM operation: ParallelGCFailedAllocation


Dynamic libraries:
00400000-00401000 r-xp 00000000 08:02 2761099                            /usr/lib/jvm/java-7-openjdk-amd64/jre/bin/java
00600000-00601000 r--p 00000000 08:02 2761099                            /usr/lib/jvm/java-7-openjdk-amd64/jre/bin/java
00601000-00602000 rw-p 00001000 08:02 2761099                            /usr/lib/jvm/java-7-openjdk-amd64/jre/bin/java
01462000-01483000 rw-p 00000000 00:00 0                                  [heap]
b5a00000-b6f00000 rw-p 00000000 00:00 0 
b6f00000-c0000000 rw-p 00000000 00:00 0 
c0000000-d1d80000 rw-p 00000000 00:00 0 
d1d80000-eaa80000 rw-p 00000000 00:00 0 
eaa80000-100000000 rw-p 00000000 00:00 0 
7f70c4000000-7f70c4032000 rw-p 00000000 00:00 0 
7f70c4032000-7f70c8000000 ---p 00000000 00:00 0 
7f70cc000000-7f70cc047000 rw-p 00000000 00:00 0 
7f70cc047000-7f70d0000000 ---p 00000000 00:00 0 
7f70d0000000-7f70d0036000 rw-p 00000000 00:00 0 
7f70d0036000-7f70d4000000 ---p 00000000 00:00 0 
7f70d4000000-7f70d4022000 rw-p 00000000 00:00 0 
7f70d4022000-7f70d8000000 ---p 00000000 00:00 0 
7f70d8000000-7f70d8021000 rw-p 00000000 00:00 0 
7f70d8021000-7f70dc000000 ---p 00000000 00:00 0 
7f70dc000000-7f70dc021000 rw-p 00000000 00:00 0 
7f70dc021000-7f70e0000000 ---p 00000000 00:00 0 
7f70e0000000-7f70e0021000 rw-p 00000000 00:00 0 
7f70e0021000-7f70e4000000 ---p 00000000 00:00 0 
7f70e4000000-7f70e6313000 rw-p 00000000 00:00 0 
7f70e6313000-7f70e8000000 ---p 00000000 00:00 0 
7f70e8000000-7f70ea0a0000 rw-p 00000000 00:00 0 
7f70ea0a0000-7f70ec000000 ---p 00000000 00:00 0 
7f70ec000000-7f70ec021000 rw-p 00000000 00:00 0 
7f70ec021000-7f70f0000000 ---p 00000000 00:00 0 
7f70f0000000-7f70f0021000 rw-p 00000000 00:00 0 
7f70f0021000-7f70f4000000 ---p 00000000 00:00 0 
7f70f4000000-7f70f4021000 rw-p 00000000 00:00 0 
7f70f4021000-7f70f8000000 ---p 00000000 00:00 0 
7f70f8000000-7f70f8021000 rw-p 00000000 00:00 0 
7f70f8021000-7f70fc000000 ---p 00000000 00:00 0 
7f70fc000000-7f70fc021000 rw-p 00000000 00:00 0 
7f70fc021000-7f7100000000 ---p 00000000 00:00 0 
7f7100000000-7f7100021000 rw-p 00000000 00:00 0 
7f7100021000-7f7104000000 ---p 00000000 00:00 0 
7f7104000000-7f7104021000 rw-p 00000000 00:00 0 
7f7104021000-7f7108000000 ---p 00000000 00:00 0 
7f7109331000-7f7109334000 ---p 00000000 00:00 0 
7f7109334000-7f7109432000 rw-p 00000000 00:00 0                          [stack:32544]
7f7109432000-7f7109435000 ---p 00000000 00:00 0 
7f7109435000-7f7109533000 rw-p 00000000 00:00 0                          [stack:32543]
7f7109533000-7f7109536000 ---p 00000000 00:00 0 
7f7109536000-7f7109634000 rw-p 00000000 00:00 0                          [stack:32542]
7f7109634000-7f7109637000 ---p 00000000 00:00 0 
7f7109637000-7f7109735000 rw-p 00000000 00:00 0                          [stack:32541]
7f7109735000-7f7109738000 ---p 00000000 00:00 0 
7f7109738000-7f7109867000 rw-p 00000000 00:00 0                          [stack:32540]
7f7109867000-7f71098a4000 r-xp 00000000 08:02 13490                      /lib/x86_64-linux-gnu/libpcre.so.3.13.1
7f71098a4000-7f7109aa3000 ---p 0003d000 08:02 13490                      /lib/x86_64-linux-gnu/libpcre.so.3.13.1
7f7109aa3000-7f7109aa4000 r--p 0003c000 08:02 13490                      /lib/x86_64-linux-gnu/libpcre.so.3.13.1
7f7109aa4000-7f7109aa5000 rw-p 0003d000 08:02 13490                      /lib/x86_64-linux-gnu/libpcre.so.3.13.1
7f7109aa5000-7f7109aac000 r-xp 00000000 08:02 21389                      /usr/lib/x86_64-linux-gnu/libffi.so.6.0.1
7f7109aac000-7f7109cab000 ---p 00007000 08:02 21389                      /usr/lib/x86_64-linux-gnu/libffi.so.6.0.1
7f7109cab000-7f7109cac000 r--p 00006000 08:02 21389                      /usr/lib/x86_64-linux-gnu/libffi.so.6.0.1
7f7109cac000-7f7109cad000 rw-p 00007000 08:02 21389                      /usr/lib/x86_64-linux-gnu/libffi.so.6.0.1
7f7109cad000-7f7109cc4000 r-xp 00000000 08:02 3147                       /lib/x86_64-linux-gnu/libresolv-2.19.so
7f7109cc4000-7f7109ec4000 ---p 00017000 08:02 3147                       /lib/x86_64-linux-gnu/libresolv-2.19.so
7f7109ec4000-7f7109ec5000 r--p 00017000 08:02 3147                       /lib/x86_64-linux-gnu/libresolv-2.19.so
7f7109ec5000-7f7109ec6000 rw-p 00018000 08:02 3147                       /lib/x86_64-linux-gnu/libresolv-2.19.so
7f7109ec6000-7f7109ec8000 rw-p 00000000 00:00 0 
7f7109ec8000-7f7109ee8000 r-xp 00000000 08:02 13524                      /lib/x86_64-linux-gnu/libselinux.so.1
7f7109ee8000-7f710a0e7000 ---p 00020000 08:02 13524                      /lib/x86_64-linux-gnu/libselinux.so.1
7f710a0e7000-7f710a0e8000 r--p 0001f000 08:02 13524                      /lib/x86_64-linux-gnu/libselinux.so.1
7f710a0e8000-7f710a0e9000 rw-p 00020000 08:02 13524                      /lib/x86_64-linux-gnu/libselinux.so.1
7f710a0e9000-7f710a0eb000 rw-p 00000000 00:00 0 
7f710a0eb000-7f710a0ee000 r-xp 00000000 08:02 28550                      /usr/lib/x86_64-linux-gnu/libgmodule-2.0.so.0.4002.0
7f710a0ee000-7f710a2ed000 ---p 00003000 08:02 28550                      /usr/lib/x86_64-linux-gnu/libgmodule-2.0.so.0.4002.0
7f710a2ed000-7f710a2ee000 r--p 00002000 08:02 28550                      /usr/lib/x86_64-linux-gnu/libgmodule-2.0.so.0.4002.0
7f710a2ee000-7f710a2ef000 rw-p 00003000 08:02 28550                      /usr/lib/x86_64-linux-gnu/libgmodule-2.0.so.0.4002.0
7f710a2ef000-7f710a3f5000 r-xp 00000000 08:02 13425                      /lib/x86_64-linux-gnu/libglib-2.0.so.0.4002.0
7f710a3f5000-7f710a5f4000 ---p 00106000 08:02 13425                      /lib/x86_64-linux-gnu/libglib-2.0.so.0.4002.0
7f710a5f4000-7f710a5f5000 r--p 00105000 08:02 13425                      /lib/x86_64-linux-gnu/libglib-2.0.so.0.4002.0
7f710a5f5000-7f710a5f6000 rw-p 00106000 08:02 13425                      /lib/x86_64-linux-gnu/libglib-2.0.so.0.4002.0
7f710a5f6000-7f710a5f7000 rw-p 00000000 00:00 0 
7f710a5f7000-7f710a646000 r-xp 00000000 08:02 28566                      /usr/lib/x86_64-linux-gnu/libgobject-2.0.so.0.4002.0
7f710a646000-7f710a846000 ---p 0004f000 08:02 28566                      /usr/lib/x86_64-linux-gnu/libgobject-2.0.so.0.4002.0
7f710a846000-7f710a847000 r--p 0004f000 08:02 28566                      /usr/lib/x86_64-linux-gnu/libgobject-2.0.so.0.4002.0
7f710a847000-7f710a848000 rw-p 00050000 08:02 28566                      /usr/lib/x86_64-linux-gnu/libgobject-2.0.so.0.4002.0
7f710a848000-7f710a9b4000 r-xp 00000000 08:02 28538                      /usr/lib/x86_64-linux-gnu/libgio-2.0.so.0.4002.0
7f710a9b4000-7f710abb3000 ---p 0016c000 08:02 28538                      /usr/lib/x86_64-linux-gnu/libgio-2.0.so.0.4002.0
7f710abb3000-7f710abb7000 r--p 0016b000 08:02 28538                      /usr/lib/x86_64-linux-gnu/libgio-2.0.so.0.4002.0
7f710abb7000-7f710abb9000 rw-p 0016f000 08:02 28538                      /usr/lib/x86_64-linux-gnu/libgio-2.0.so.0.4002.0
7f710abb9000-7f710abbb000 rw-p 00000000 00:00 0 
7f710abbb000-7f710abd2000 r-xp 00000000 08:02 2629171                    /usr/lib/jvm/java-7-openjdk-amd64/jre/lib/amd64/libnet.so
7f710abd2000-7f710add1000 ---p 00017000 08:02 2629171                    /usr/lib/jvm/java-7-openjdk-amd64/jre/lib/amd64/libnet.so
7f710add1000-7f710add2000 r--p 00016000 08:02 2629171                    /usr/lib/jvm/java-7-openjdk-amd64/jre/lib/amd64/libnet.so
7f710add2000-7f710add3000 rw-p 00017000 08:02 2629171                    /usr/lib/jvm/java-7-openjdk-amd64/jre/lib/amd64/libnet.so
7f710add3000-7f710ade3000 r-xp 00000000 08:02 2629192                    /usr/lib/jvm/java-7-openjdk-amd64/jre/lib/amd64/libnio.so
7f710ade3000-7f710afe3000 ---p 00010000 08:02 2629192                    /usr/lib/jvm/java-7-openjdk-amd64/jre/lib/amd64/libnio.so
7f710afe3000-7f710afe4000 r--p 00010000 08:02 2629192                    /usr/lib/jvm/java-7-openjdk-amd64/jre/lib/amd64/libnio.so
7f710afe4000-7f710afe5000 rw-p 00011000 08:02 2629192                    /usr/lib/jvm/java-7-openjdk-amd64/jre/lib/amd64/libnio.so
7f710afe5000-7f710afe6000 ---p 00000000 00:00 0 
7f710afe6000-7f710b0e6000 rw-p 00000000 00:00 0                          [stack:32539]
7f710b0e6000-7f710b0e9000 ---p 00000000 00:00 0 
7f710b0e9000-7f710b1e7000 rw-p 00000000 00:00 0                          [stack:32538]
7f710b1e7000-7f710b1ea000 ---p 00000000 00:00 0 
7f710b1ea000-7f710b2e8000 rw-p 00000000 00:00 0                          [stack:32537]
7f710b2e8000-7f710b2eb000 ---p 00000000 00:00 0 
7f710b2eb000-7f710b3e9000 rw-p 00000000 00:00 0                          [stack:32536]
7f710b3e9000-7f710b3ec000 ---p 00000000 00:00 0 
7f710b3ec000-7f710b4ea000 rw-p 00000000 00:00 0                          [stack:32535]
7f710b4ea000-7f710bcfd000 r--p 00000000 08:02 27195                      /usr/lib/locale/locale-archive
7f710bcfd000-7f710bd00000 ---p 00000000 00:00 0 
7f710bd00000-7f710bdfe000 rw-p 00000000 00:00 0                          [stack:32534]
7f710bdfe000-7f710be01000 ---p 00000000 00:00 0 
7f710be01000-7f710beff000 rw-p 00000000 00:00 0                          [stack:32533]
7f710beff000-7f710bf00000 ---p 00000000 00:00 0 
7f710bf00000-7f710c000000 rw-p 00000000 00:00 0                          [stack:32532]
7f710c000000-7f710c021000 rw-p 00000000 00:00 0 
7f710c021000-7f7110000000 ---p 00000000 00:00 0 
7f711002c000-7f71100ce000 r--s 0083c000 08:02 1446683                    /home/ivan/workspace/Champy_v2/app/build/intermediates/transforms/jarMerging/debug/jars/1/1f/combined.jar
7f71100ce000-7f71110cb000 rw-p 00000000 00:00 0 
7f71110cb000-7f711127c000 r--s 01d30000 08:02 2629205                    /usr/lib/jvm/java-7-openjdk-amd64/jre/lib/rt.jar
7f711127c000-7f7113ad0000 rw-p 00000000 00:00 0 
7f7113ad0000-7f7113ad1000 ---p 00000000 00:00 0 
7f7113ad1000-7f7113bd1000 rw-p 00000000 00:00 0                          [stack:32531]
7f7113bd1000-7f7113bd2000 ---p 00000000 00:00 0 
7f7113bd2000-7f7113cd2000 rw-p 00000000 00:00 0                          [stack:32530]
7f7113cd2000-7f7113cd3000 ---p 00000000 00:00 0 
7f7113cd3000-7f7113dd3000 rw-p 00000000 00:00 0                          [stack:32529]
7f7113dd3000-7f7113dd4000 ---p 00000000 00:00 0 
7f7113dd4000-7f7113edf000 rw-p 00000000 00:00 0                          [stack:32528]
7f7113edf000-7f7113f27000 rw-p 00000000 00:00 0 
7f7113f27000-7f7113f32000 rw-p 00000000 00:00 0 
7f7113f32000-7f7113f7a000 rw-p 00000000 00:00 0 
7f7113f7a000-7f7114009000 rw-p 00000000 00:00 0 
7f7114009000-7f71140cf000 rw-p 00000000 00:00 0 
7f71140cf000-7f711417a000 rw-p 00000000 00:00 0 
7f711417a000-7f711417b000 rw-p 00000000 00:00 0 
7f711417b000-7f71145fb000 rwxp 00000000 00:00 0 
7f71145fb000-7f711717b000 rw-p 00000000 00:00 0 
7f711717b000-7f7117183000 r-xp 00000000 08:02 2629176                    /usr/lib/jvm/java-7-openjdk-amd64/jre/lib/amd64/libzip.so
7f7117183000-7f7117382000 ---p 00008000 08:02 2629176                    /usr/lib/jvm/java-7-openjdk-amd64/jre/lib/amd64/libzip.so
7f7117382000-7f7117383000 r--p 00007000 08:02 2629176                    /usr/lib/jvm/java-7-openjdk-amd64/jre/lib/amd64/libzip.so
7f7117383000-7f7117384000 rw-p 00008000 08:02 2629176                    /usr/lib/jvm/java-7-openjdk-amd64/jre/lib/amd64/libzip.so
7f7117384000-7f711738f000 r-xp 00000000 08:02 3187                       /lib/x86_64-linux-gnu/libnss_files-2.19.so
7f711738f000-7f711758e000 ---p 0000b000 08:02 3187                       /lib/x86_64-linux-gnu/libnss_files-2.19.so
7f711758e000-7f711758f000 r--p 0000a000 08:02 3187                       /lib/x86_64-linux-gnu/libnss_files-2.19.so
7f711758f000-7f7117590000 rw-p 0000b000 08:02 3187                       /lib/x86_64-linux-gnu/libnss_files-2.19.so
7f7117590000-7f711759b000 r-xp 00000000 08:02 3171                       /lib/x86_64-linux-gnu/libnss_nis-2.19.so
7f711759b000-7f711779a000 ---p 0000b000 08:02 3171                       /lib/x86_64-linux-gnu/libnss_nis-2.19.so
7f711779a000-7f711779b000 r--p 0000a000 08:02 3171                       /lib/x86_64-linux-gnu/libnss_nis-2.19.so
7f711779b000-7f711779c000 rw-p 0000b000 08:02 3171                       /lib/x86_64-linux-gnu/libnss_nis-2.19.so
7f711779c000-7f71177b3000 r-xp 00000000 08:02 3163                       /lib/x86_64-linux-gnu/libnsl-2.19.so
7f71177b3000-7f71179b2000 ---p 00017000 08:02 3163                       /lib/x86_64-linux-gnu/libnsl-2.19.so
7f71179b2000-7f71179b3000 r--p 00016000 08:02 3163                       /lib/x86_64-linux-gnu/libnsl-2.19.so
7f71179b3000-7f71179b4000 rw-p 00017000 08:02 3163                       /lib/x86_64-linux-gnu/libnsl-2.19.so
7f71179b4000-7f71179b6000 rw-p 00000000 00:00 0 
7f71179b6000-7f71179bf000 r-xp 00000000 08:02 3161                       /lib/x86_64-linux-gnu/libnss_compat-2.19.so
7f71179bf000-7f7117bbe000 ---p 00009000 08:02 3161                       /lib/x86_64-linux-gnu/libnss_compat-2.19.so
7f7117bbe000-7f7117bbf000 r--p 00008000 08:02 3161                       /lib/x86_64-linux-gnu/libnss_compat-2.19.so
7f7117bbf000-7f7117bc0000 rw-p 00009000 08:02 3161                       /lib/x86_64-linux-gnu/libnss_compat-2.19.so
7f7117bc0000-7f7117beb000 r-xp 00000000 08:02 2629162                    /usr/lib/jvm/java-7-openjdk-amd64/jre/lib/amd64/libjava.so
7f7117beb000-7f7117deb000 ---p 0002b000 08:02 2629162                    /usr/lib/jvm/java-7-openjdk-amd64/jre/lib/amd64/libjava.so
7f7117deb000-7f7117dec000 r--p 0002b000 08:02 2629162                    /usr/lib/jvm/java-7-openjdk-amd64/jre/lib/amd64/libjava.so
7f7117dec000-7f7117dee000 rw-p 0002c000 08:02 2629162                    /usr/lib/jvm/java-7-openjdk-amd64/jre/lib/amd64/libjava.so
7f7117dee000-7f7117dfe000 r-xp 00000000 08:02 2629163                    /usr/lib/jvm/java-7-openjdk-amd64/jre/lib/amd64/libverify.so
7f7117dfe000-7f7117ffd000 ---p 00010000 08:02 2629163                    /usr/lib/jvm/java-7-openjdk-amd64/jre/lib/amd64/libverify.so
7f7117ffd000-7f7117fff000 r--p 0000f000 08:02 2629163                    /usr/lib/jvm/java-7-openjdk-amd64/jre/lib/amd64/libverify.so
7f7117fff000-7f7118000000 rw-p 00011000 08:02 2629163                    /usr/lib/jvm/java-7-openjdk-amd64/jre/lib/amd64/libverify.so
7f7118000000-7f71182c7000 rw-p 00000000 00:00 0 
7f71182c7000-7f711c000000 ---p 00000000 00:00 0 
7f711c000000-7f711c00f000 r--s 000df000 08:02 1575371                    /home/ivan/Android/Sdk/build-tools/23.0.1/lib/dx.jar
7f711c00f000-7f711c0c6000 rw-p 00000000 00:00 0 
7f711c0c6000-7f711c18d000 rw-p 00000000 00:00 0 
7f711c18d000-7f711c194000 r-xp 00000000 08:02 3179                       /lib/x86_64-linux-gnu/librt-2.19.so
7f711c194000-7f711c393000 ---p 00007000 08:02 3179                       /lib/x86_64-linux-gnu/librt-2.19.so
7f711c393000-7f711c394000 r--p 00006000 08:02 3179                       /lib/x86_64-linux-gnu/librt-2.19.so
7f711c394000-7f711c395000 rw-p 00007000 08:02 3179                       /lib/x86_64-linux-gnu/librt-2.19.so
7f711c395000-7f711c3ab000 r-xp 00000000 08:02 3455                       /lib/x86_64-linux-gnu/libgcc_s.so.1
7f711c3ab000-7f711c5aa000 ---p 00016000 08:02 3455                       /lib/x86_64-linux-gnu/libgcc_s.so.1
7f711c5aa000-7f711c5ab000 r--p 00015000 08:02 3455                       /lib/x86_64-linux-gnu/libgcc_s.so.1
7f711c5ab000-7f711c5ac000 rw-p 00016000 08:02 3455                       /lib/x86_64-linux-gnu/libgcc_s.so.1
7f711c5ac000-7f711c6b1000 r-xp 00000000 08:02 3151                       /lib/x86_64-linux-gnu/libm-2.19.so
7f711c6b1000-7f711c8b0000 ---p 00105000 08:02 3151                       /lib/x86_64-linux-gnu/libm-2.19.so
7f711c8b0000-7f711c8b1000 r--p 00104000 08:02 3151                       /lib/x86_64-linux-gnu/libm-2.19.so
7f711c8b1000-7f711c8b2000 rw-p 00105000 08:02 3151                       /lib/x86_64-linux-gnu/libm-2.19.so
7f711c8b2000-7f711c99f000 r-xp 00000000 08:02 9486                       /usr/lib/x86_64-linux-gnu/libstdc++.so.6.0.20
7f711c99f000-7f711cb9f000 ---p 000ed000 08:02 9486                       /usr/lib/x86_64-linux-gnu/libstdc++.so.6.0.20
7f711cb9f000-7f711cba7000 r--p 000ed000 08:02 9486                       /usr/lib/x86_64-linux-gnu/libstdc++.so.6.0.20
7f711cba7000-7f711cba9000 rw-p 000f5000 08:02 9486                       /usr/lib/x86_64-linux-gnu/libstdc++.so.6.0.20
7f711cba9000-7f711cbbe000 rw-p 00000000 00:00 0 
7f711cbbe000-7f711d6e2000 r-xp 00000000 08:02 2629174                    /usr/lib/jvm/java-7-openjdk-amd64/jre/lib/amd64/server/libjvm.so
7f711d6e2000-7f711d8e2000 ---p 00b24000 08:02 2629174                    /usr/lib/jvm/java-7-openjdk-amd64/jre/lib/amd64/server/libjvm.so
7f711d8e2000-7f711d97c000 r--p 00b24000 08:02 2629174                    /usr/lib/jvm/java-7-openjdk-amd64/jre/lib/amd64/server/libjvm.so
7f711d97c000-7f711d99f000 rw-p 00bbe000 08:02 2629174                    /usr/lib/jvm/java-7-openjdk-amd64/jre/lib/amd64/server/libjvm.so
7f711d99f000-7f711d9cd000 rw-p 00000000 00:00 0 
7f711d9cd000-7f711d9e5000 r-xp 00000000 08:02 13550                      /lib/x86_64-linux-gnu/libz.so.1.2.8
7f711d9e5000-7f711dbe4000 ---p 00018000 08:02 13550                      /lib/x86_64-linux-gnu/libz.so.1.2.8
7f711dbe4000-7f711dbe5000 r--p 00017000 08:02 13550                      /lib/x86_64-linux-gnu/libz.so.1.2.8
7f711dbe5000-7f711dbe6000 rw-p 00018000 08:02 13550                      /lib/x86_64-linux-gnu/libz.so.1.2.8
7f711dbe6000-7f711dbff000 r-xp 00000000 08:02 3165                       /lib/x86_64-linux-gnu/libpthread-2.19.so
7f711dbff000-7f711ddfe000 ---p 00019000 08:02 3165                       /lib/x86_64-linux-gnu/libpthread-2.19.so
7f711ddfe000-7f711ddff000 r--p 00018000 08:02 3165                       /lib/x86_64-linux-gnu/libpthread-2.19.so
7f711ddff000-7f711de00000 rw-p 00019000 08:02 3165                       /lib/x86_64-linux-gnu/libpthread-2.19.so
7f711de00000-7f711de04000 rw-p 00000000 00:00 0 
7f711de04000-7f711de07000 r-xp 00000000 08:02 3155                       /lib/x86_64-linux-gnu/libdl-2.19.so
7f711de07000-7f711e006000 ---p 00003000 08:02 3155                       /lib/x86_64-linux-gnu/libdl-2.19.so
7f711e006000-7f711e007000 r--p 00002000 08:02 3155                       /lib/x86_64-linux-gnu/libdl-2.19.so
7f711e007000-7f711e008000 rw-p 00003000 08:02 3155                       /lib/x86_64-linux-gnu/libdl-2.19.so
7f711e008000-7f711e1c3000 r-xp 00000000 08:02 3181                       /lib/x86_64-linux-gnu/libc-2.19.so
7f711e1c3000-7f711e3c2000 ---p 001bb000 08:02 3181                       /lib/x86_64-linux-gnu/libc-2.19.so
7f711e3c2000-7f711e3c6000 r--p 001ba000 08:02 3181                       /lib/x86_64-linux-gnu/libc-2.19.so
7f711e3c6000-7f711e3c8000 rw-p 001be000 08:02 3181                       /lib/x86_64-linux-gnu/libc-2.19.so
7f711e3c8000-7f711e3cd000 rw-p 00000000 00:00 0 
7f711e3cd000-7f711e3da000 r-xp 00000000 08:02 2629189                    /usr/lib/jvm/java-7-openjdk-amd64/jre/lib/amd64/jli/libjli.so
7f711e3da000-7f711e5d9000 ---p 0000d000 08:02 2629189                    /usr/lib/jvm/java-7-openjdk-amd64/jre/lib/amd64/jli/libjli.so
7f711e5d9000-7f711e5da000 r--p 0000c000 08:02 2629189                    /usr/lib/jvm/java-7-openjdk-amd64/jre/lib/amd64/jli/libjli.so
7f711e5da000-7f711e5db000 rw-p 0000d000 08:02 2629189                    /usr/lib/jvm/java-7-openjdk-amd64/jre/lib/amd64/jli/libjli.so
7f711e5db000-7f711e5fe000 r-xp 00000000 08:02 3167                       /lib/x86_64-linux-gnu/ld-2.19.so
7f711e5fe000-7f711e5ff000 rw-p 00000000 00:00 0 
7f711e5ff000-7f711e603000 r--s 00034000 08:02 2629217                    /usr/lib/jvm/java-7-openjdk-amd64/jre/lib/ext/sunjce_provider.jar
7f711e603000-7f711e605000 r--s 00012000 08:02 2629216                    /usr/lib/jvm/java-7-openjdk-amd64/jre/lib/ext/zipfs.jar
7f711e605000-7f711e608000 r--s 0000f000 08:02 2629218                    /usr/lib/jvm/java-7-openjdk-amd64/jre/lib/ext/icedtea-sound.jar
7f711e608000-7f711e60c000 r--s 0003c000 08:02 2629220                    /usr/lib/jvm/java-7-openjdk-amd64/jre/lib/ext/sunpkcs11.jar
7f711e60c000-7f711e610000 r--s 00085000 08:02 2629219                    /usr/lib/jvm/java-7-openjdk-amd64/jre/lib/ext/localedata.jar
7f711e610000-7f711e622000 rw-p 00000000 00:00 0 
7f711e622000-7f711e6d0000 rw-p 00000000 00:00 0 
7f711e6d0000-7f711e6d3000 ---p 00000000 00:00 0 
7f711e6d3000-7f711e7d6000 rw-p 00000000 00:00 0                          [stack:32527]
7f711e7d6000-7f711e7d7000 r--s 00002000 08:02 2629215                    /usr/lib/jvm/java-7-openjdk-amd64/jre/lib/ext/dnsns.jar
7f711e7d7000-7f711e7d9000 r--s 00006000 08:02 5674                       /usr/share/java/java-atk-wrapper.jar
7f711e7d9000-7f711e7f1000 rw-p 00000000 00:00 0 
7f711e7f1000-7f711e7f9000 rw-s 00000000 08:02 1315884                    /tmp/hsperfdata_ivan/32523
7f711e7f9000-7f711e7fa000 rw-p 00000000 00:00 0 
7f711e7fa000-7f711e7fb000 ---p 00000000 00:00 0 
7f711e7fb000-7f711e7fd000 rw-p 00000000 00:00 0 
7f711e7fd000-7f711e7fe000 r--p 00022000 08:02 3167                       /lib/x86_64-linux-gnu/ld-2.19.so
7f711e7fe000-7f711e7ff000 rw-p 00023000 08:02 3167                       /lib/x86_64-linux-gnu/ld-2.19.so
7f711e7ff000-7f711e800000 rw-p 00000000 00:00 0 
7ffe0bf19000-7ffe0bf3a000 rw-p 00000000 00:00 0                          [stack]
7ffe0bfc9000-7ffe0bfcb000 r-xp 00000000 00:00 0                          [vdso]
7ffe0bfcb000-7ffe0bfcd000 r--p 00000000 00:00 0                          [vvar]
ffffffffff600000-ffffffffff601000 r-xp 00000000 00:00 0                  [vsyscall]

VM Arguments:
jvm_args: -Djava.awt.headless=true -Xmx1024M -Dfile.encoding=UTF-8 -Duser.country=UA -Duser.language=ru -Duser.variant 
java_command: com.android.dx.command.Main --dex --num-threads=4 --multi-dex --main-dex-list /home/ivan/workspace/Champy_v2/app/build/intermediates/multi-dex/debug/maindexlist.txt --output /home/ivan/workspace/Champy_v2/app/build/intermediates/transforms/dex/debug/folders/1000/1f/main /home/ivan/workspace/Champy_v2/app/build/intermediates/transforms/jarMerging/debug/jars/1/1f/combined.jar
Launcher Type: SUN_STANDARD

Environment Variables:
JAVA_HOME=/usr/lib/jvm/java-8-oracle
PATH=/usr/local/sbin:/usr/local/bin:/usr/sbin:/usr/bin:/sbin:/bin:/usr/games:/usr/local/games:/usr/lib/jvm/java-8-oracle/bin:/usr/lib/jvm/java-8-oracle/db/bin:/usr/lib/jvm/java-8-oracle/jre/bin
SHELL=/bin/bash
DISPLAY=:0

Signal Handlers:
SIGSEGV: [libjvm.so+0x9548f0], sa_mask[0]=0x7ffbfeff, sa_flags=0x10000004
SIGBUS: [libjvm.so+0x9548f0], sa_mask[0]=0x7ffbfeff, sa_flags=0x10000004
SIGFPE: [libjvm.so+0x7cb0b0], sa_mask[0]=0x7ffbfeff, sa_flags=0x10000004
SIGPIPE: [libjvm.so+0x7cb0b0], sa_mask[0]=0x7ffbfeff, sa_flags=0x10000004
SIGXFSZ: [libjvm.so+0x7cb0b0], sa_mask[0]=0x7ffbfeff, sa_flags=0x10000004
SIGILL: [libjvm.so+0x7cb0b0], sa_mask[0]=0x7ffbfeff, sa_flags=0x10000004
SIGUSR1: SIG_DFL, sa_mask[0]=0x00000000, sa_flags=0x00000000
SIGUSR2: [libjvm.so+0x7caf50], sa_mask[0]=0x00000004, sa_flags=0x10000004
SIGHUP: [libjvm.so+0x7cb130], sa_mask[0]=0x7ffbfeff, sa_flags=0x10000004
SIGINT: [libjvm.so+0x7cb130], sa_mask[0]=0x7ffbfeff, sa_flags=0x10000004
SIGTERM: [libjvm.so+0x7cb130], sa_mask[0]=0x7ffbfeff, sa_flags=0x10000004
SIGQUIT: [libjvm.so+0x7cb130], sa_mask[0]=0x7ffbfeff, sa_flags=0x10000004
SIGTRAP: SIG_DFL, sa_mask[0]=0x00000000, sa_flags=0x00000000


---------------  S Y S T E M  ---------------

OS:Ubuntu 14.04 (trusty)
uname:Linux 3.16.0-70-generic #90~14.04.1-Ubuntu SMP Wed Apr 6 22:56:34 UTC 2016 x86_64
libc:glibc 2.19 NPTL 2.19 
rlimit: STACK 8192k, CORE 0k, NPROC 30693, NOFILE 4096, AS infinity
load average:4,06 2,31 1,75

/proc/meminfo:
MemTotal:        8059688 kB
MemFree:         2347464 kB
MemAvailable:    3999904 kB
Buffers:          192584 kB
Cached:          1651704 kB
SwapCached:            0 kB
Active:          4203812 kB
Inactive:        1140600 kB
Active(anon):    3502440 kB
Inactive(anon):    71092 kB
Active(file):     701372 kB
Inactive(file):  1069508 kB
Unevictable:          72 kB
Mlocked:              72 kB
SwapTotal:       4075516 kB
SwapFree:        4075516 kB
Dirty:               516 kB
Writeback:             0 kB
AnonPages:       3516712 kB
Mapped:           477916 kB
Shmem:             73412 kB
Slab:             142604 kB
SReclaimable:     100988 kB
SUnreclaim:        41616 kB
KernelStack:       11248 kB
PageTables:        52572 kB
NFS_Unstable:          0 kB
Bounce:                0 kB
WritebackTmp:          0 kB
CommitLimit:     8105360 kB
Committed_AS:    8889104 kB
VmallocTotal:   34359738367 kB
VmallocUsed:      391972 kB
VmallocChunk:   34359327228 kB
HardwareCorrupted:     0 kB
AnonHugePages:   1884160 kB
HugePages_Total:       0
HugePages_Free:        0
HugePages_Rsvd:        0
HugePages_Surp:        0
Hugepagesize:       2048 kB
DirectMap4k:      227268 kB
DirectMap2M:     8044544 kB


CPU:total 4 (2 cores per cpu, 2 threads per core) family 6 model 58 stepping 9, cmov, cx8, fxsr, mmx, sse, sse2, sse3, ssse3, sse4.1, sse4.2, popcnt, avx, erms, ht, tsc, tscinvbit, tscinv

/proc/cpuinfo:
processor	: 0
vendor_id	: GenuineIntel
cpu family	: 6
model		: 58
model name	: Intel(R) Core(TM) i3-3217U CPU @ 1.80GHz
stepping	: 9
microcode	: 0x15
cpu MHz		: 1799.929
cache size	: 3072 KB
physical id	: 0
siblings	: 4
core id		: 0
cpu cores	: 2
apicid		: 0
initial apicid	: 0
fpu		: yes
fpu_exception	: yes
cpuid level	: 13
wp		: yes
flags		: fpu vme de pse tsc msr pae mce cx8 apic sep mtrr pge mca cmov pat pse36 clflush dts acpi mmx fxsr sse sse2 ss ht tm pbe syscall nx rdtscp lm constant_tsc arch_perfmon pebs bts rep_good nopl xtopology nonstop_tsc aperfmperf eagerfpu pni pclmulqdq dtes64 monitor ds_cpl vmx est tm2 ssse3 cx16 xtpr pdcm pcid sse4_1 sse4_2 x2apic popcnt tsc_deadline_timer xsave avx f16c lahf_lm ida arat epb xsaveopt pln pts dtherm tpr_shadow vnmi flexpriority ept vpid fsgsbase smep erms
bogomips	: 3591.68
clflush size	: 64
cache_alignment	: 64
address sizes	: 36 bits physical, 48 bits virtual
power management:

processor	: 1
vendor_id	: GenuineIntel
cpu family	: 6
model		: 58
model name	: Intel(R) Core(TM) i3-3217U CPU @ 1.80GHz
stepping	: 9
microcode	: 0x15
cpu MHz		: 1800.000
cache size	: 3072 KB
physical id	: 0
siblings	: 4
core id		: 1
cpu cores	: 2
apicid		: 2
initial apicid	: 2
fpu		: yes
fpu_exception	: yes
cpuid level	: 13
wp		: yes
flags		: fpu vme de pse tsc msr pae mce cx8 apic sep mtrr pge mca cmov pat pse36 clflush dts acpi mmx fxsr sse sse2 ss ht tm pbe syscall nx rdtscp lm constant_tsc arch_perfmon pebs bts rep_good nopl xtopology nonstop_tsc aperfmperf eagerfpu pni pclmulqdq dtes64 monitor ds_cpl vmx est tm2 ssse3 cx16 xtpr pdcm pcid sse4_1 sse4_2 x2apic popcnt tsc_deadline_timer xsave avx f16c lahf_lm ida arat epb xsaveopt pln pts dtherm tpr_shadow vnmi flexpriority ept vpid fsgsbase smep erms
bogomips	: 3591.68
clflush size	: 64
cache_alignment	: 64
address sizes	: 36 bits physical, 48 bits virtual
power management:

processor	: 2
vendor_id	: GenuineIntel
cpu family	: 6
model		: 58
model name	: Intel(R) Core(TM) i3-3217U CPU @ 1.80GHz
stepping	: 9
microcode	: 0x15
cpu MHz		: 1800.000
cache size	: 3072 KB
physical id	: 0
siblings	: 4
core id		: 0
cpu cores	: 2
apicid		: 1
initial apicid	: 1
fpu		: yes
fpu_exception	: yes
cpuid level	: 13
wp		: yes
flags		: fpu vme de pse tsc msr pae mce cx8 apic sep mtrr pge mca cmov pat pse36 clflush dts acpi mmx fxsr sse sse2 ss ht tm pbe syscall nx rdtscp lm constant_tsc arch_perfmon pebs bts rep_good nopl xtopology nonstop_tsc aperfmperf eagerfpu pni pclmulqdq dtes64 monitor ds_cpl vmx est tm2 ssse3 cx16 xtpr pdcm pcid sse4_1 sse4_2 x2apic popcnt tsc_deadline_timer xsave avx f16c lahf_lm ida arat epb xsaveopt pln pts dtherm tpr_shadow vnmi flexpriority ept vpid fsgsbase smep erms
bogomips	: 3591.68
clflush size	: 64
cache_alignment	: 64
address sizes	: 36 bits physical, 48 bits virtual
power management:

processor	: 3
vendor_id	: GenuineIntel
cpu family	: 6
model		: 58
model name	: Intel(R) Core(TM) i3-3217U CPU @ 1.80GHz
stepping	: 9
microcode	: 0x15
cpu MHz		: 1800.000
cache size	: 3072 KB
physical id	: 0
siblings	: 4
core id		: 1
cpu cores	: 2
apicid		: 3
initial apicid	: 3
fpu		: yes
fpu_exception	: yes
cpuid level	: 13
wp		: yes
flags		: fpu vme de pse tsc msr pae mce cx8 apic sep mtrr pge mca cmov pat pse36 clflush dts acpi mmx fxsr sse sse2 ss ht tm pbe syscall nx rdtscp lm constant_tsc arch_perfmon pebs bts rep_good nopl xtopology nonstop_tsc aperfmperf eagerfpu pni pclmulqdq dtes64 monitor ds_cpl vmx est tm2 ssse3 cx16 xtpr pdcm pcid sse4_1 sse4_2 x2apic popcnt tsc_deadline_timer xsave avx f16c lahf_lm ida arat epb xsaveopt pln pts dtherm tpr_shadow vnmi flexpriority ept vpid fsgsbase smep erms
bogomips	: 3591.68
clflush size	: 64
cache_alignment	: 64
address sizes	: 36 bits physical, 48 bits virtual
power management:



Memory: 4k page, physical 8059688k(2347464k free), swap 4075516k(4075516k free)

vm_info: OpenJDK 64-Bit Server VM (24.95-b01) for linux-amd64 JRE (1.7.0_95-b00), built on Mar 24 2016 06:13:32 by "buildd" with gcc 4.8.2

time: Thu Apr 21 16:58:22 2016
elapsed time: 26 seconds

