#
# A fatal error has been detected by the Java Runtime Environment:
#
#  SIGSEGV (0xb) at pc=0x00007fd54125d45e, pid=10331, tid=0x00007fd523fff700
#
# JRE version: Java(TM) SE Runtime Environment (8.0_92-b14) (build 1.8.0_92-b14)
# Java VM: Java HotSpot(TM) 64-Bit Server VM (25.92-b14 mixed mode linux-amd64 compressed oops)
# Problematic frame:
# V  [libjvm.so+0x81545e]  PhaseIdealLoop::get_late_ctrl(Node*, Node*)+0x2be
#
# Failed to write core dump. Core dumps have been disabled. To enable core dumping, try "ulimit -c unlimited" before starting Java again
#
# If you would like to submit a bug report, please visit:
#   http://bugreport.java.com/bugreport/crash.jsp
#

---------------  T H R E A D  ---------------

Current thread (0x00007fd53c0bb800):  JavaThread "C2 CompilerThread1" daemon [_thread_in_native, id=10346, stack(0x00007fd523eff000,0x00007fd524000000)]

siginfo: si_signo: 11 (SIGSEGV), si_code: 1 (SEGV_MAPERR), si_addr: 0x00007fdcf502d170

Registers:
RAX=0x0000000000000001, RBX=0x000000000000031c, RCX=0x00007fd4f502cc60, RDX=0x0000000000000080
RSP=0x00007fd523ffa2b0, RBP=0x00007fd523ffa330, RSI=0x00007fd4f8d1c340, RDI=0x00007fd523ffc620
R8 =0x00007fd4f8bd27f8, R9 =0x0000000000000000, R10=0x00007fd4f8d1c320, R11=0x00007fd541bc38f0
R12=0x00007fdcf502d170, R13=0x0000000000000005, R14=0x00007fd523ffc620, R15=0x00007fdcf502d178
RIP=0x00007fd54125d45e, EFLAGS=0x0000000000010283, CSGSFS=0x0000000000000033, ERR=0x0000000000000004
  TRAPNO=0x000000000000000e

Top of Stack: (sp=0x00007fd523ffa2b0)
0x00007fd523ffa2b0:   00007fd4f47e1ce0 00007fd523ffa2e0
0x00007fd523ffa2c0:   00007fd523ffa2e0 00007fd4ec7f0b40
0x00007fd523ffa2d0:   00007fd4f8cb4f28 00007fd4ec7f1770
0x00007fd523ffa2e0:   00007fd53c01c1b0 0000000000001000
0x00007fd523ffa2f0:   00007fd4f8d1c340 000000000000031c
0x00007fd523ffa300:   00007fd523ffa330 00007fd523ffc620
0x00007fd523ffa310:   0000000000000e88 00007fd4ec7f0b40
0x00007fd523ffa320:   00007fd4f8cb4f28 000000000000011d
0x00007fd523ffa330:   00007fd523ffa370 00007fd54125dbf1
0x00007fd523ffa340:   00007fd523ffc640 00007fd523ffa660
0x00007fd523ffa350:   00007fd4f8cb4f28 00007fd523ffa6a0
0x00007fd523ffa360:   0000000000000001 000000000000011d
0x00007fd523ffa370:   00007fd523ffa3d0 00007fd54125e1dc
0x00007fd523ffa380:   00007fd500000001 00007fd4f8cb5888
0x00007fd523ffa390:   00007fd523ffa680 00007fd523ffc620
0x00007fd523ffa3a0:   00007fd523ffcfd8 0000000000000001
0x00007fd523ffa3b0:   00007fd4f4011300 00007fd523ffc620
0x00007fd523ffa3c0:   00007fd523ffa680 00007fd53c01c1b0
0x00007fd523ffa3d0:   00007fd523ffa6f0 00007fd541260df5
0x00007fd523ffa3e0:   ffff802adc005bd1 00007fd523ffa6a0
0x00007fd523ffa3f0:   00007fd523ffa660 0000023000000802
0x00007fd523ffa400:   00007fd523ffc640 000000000000001b
0x00007fd523ffa410:   00007fd53c01c1b0 0000000000000004
0x00007fd523ffa420:   00007fd4f881da30 00007fd400000000
0x00007fd523ffa430:   00007fd523ffa4f0 00007fd540e4bab8
0x00007fd523ffa440:   00007fd523ffa4c0 00007fd5412cf289
0x00007fd523ffa450:   00007fd523ffa550 00007fd4f47a9b70
0x00007fd523ffa460:   000000000000007b 0000000000020010
0x00007fd523ffa470:   00007fd523ffa4e0 0000049a00000000
0x00007fd523ffa480:   00007fd523ffa4f0 00007fd541ab15a4
0x00007fd523ffa490:   ffff802adc005b21 00007fd523ffa4df
0x00007fd523ffa4a0:   0000000000000800 0000083000002002 

Instructions: (pc=0x00007fd54125d45e)
0x00007fd54125d43e:   8b 41 20 4c 8b 61 10 4d 8d 3c c4 4d 39 fc 0f 83
0x00007fd54125d44e:   8a fe ff ff 66 0f 1f 44 00 00 8b 5d c8 3b 5d b8
0x00007fd54125d45e:   4d 8b 2c 24 8d 43 01 89 45 c8 72 0b 48 8b 7d 90
0x00007fd54125d46e:   89 de e8 db 78 0d 00 48 8b 45 c0 49 83 c4 08 89 

Register to memory mapping:

RAX=0x0000000000000001 is an unknown value
RBX=0x000000000000031c is an unknown value
RCX=0x00007fd4f502cc60 is an unknown value
RDX=0x0000000000000080 is an unknown value
RSP=0x00007fd523ffa2b0 is pointing into the stack for thread: 0x00007fd53c0bb800
RBP=0x00007fd523ffa330 is pointing into the stack for thread: 0x00007fd53c0bb800
RSI=0x00007fd4f8d1c340 is an unknown value
RDI=0x00007fd523ffc620 is pointing into the stack for thread: 0x00007fd53c0bb800
R8 =0x00007fd4f8bd27f8 is an unknown value
R9 =0x0000000000000000 is an unknown value
R10=0x00007fd4f8d1c320 is an unknown value
R11=0x00007fd541bc38f0: <offset 0x1958f0> in /lib/x86_64-linux-gnu/libc.so.6 at 0x00007fd541a2e000
R12=0x00007fdcf502d170 is an unknown value
R13=0x0000000000000005 is an unknown value
R14=0x00007fd523ffc620 is pointing into the stack for thread: 0x00007fd53c0bb800
R15=0x00007fdcf502d178 is an unknown value


Stack: [0x00007fd523eff000,0x00007fd524000000],  sp=0x00007fd523ffa2b0,  free space=1004k
Native frames: (J=compiled Java code, j=interpreted, Vv=VM code, C=native code)
V  [libjvm.so+0x81545e]  PhaseIdealLoop::get_late_ctrl(Node*, Node*)+0x2be
V  [libjvm.so+0x815bf1]  PhaseIdealLoop::build_loop_late_post(Node*)+0x111
V  [libjvm.so+0x8161dc]  PhaseIdealLoop::build_loop_late(VectorSet&, Node_List&, Node_Stack&)+0x13c
V  [libjvm.so+0x818df5]  PhaseIdealLoop::build_and_optimize(bool, bool)+0x835
V  [libjvm.so+0x4a29a2]  Compile::Optimize()+0x6a2
V  [libjvm.so+0x4a43f9]  Compile::Compile(ciEnv*, C2Compiler*, ciMethod*, int, bool, bool, bool)+0x13c9
V  [libjvm.so+0x3f1b38]  C2Compiler::compile_method(ciEnv*, ciMethod*, int)+0x198
V  [libjvm.so+0x4aea9a]  CompileBroker::invoke_compiler_on_method(CompileTask*)+0xc9a
V  [libjvm.so+0x4afa46]  CompileBroker::compiler_thread_loop()+0x5d6
V  [libjvm.so+0xa6cc5f]  JavaThread::thread_main_inner()+0xdf
V  [libjvm.so+0xa6cd8c]  JavaThread::run()+0x11c
V  [libjvm.so+0x91fad8]  java_start(Thread*)+0x108
C  [libpthread.so.0+0x76fa]  start_thread+0xca


Current CompileTask:
C2:  24523 2629       4       com.android.dx.ssa.back.IdenticalBlockCombiner::process (323 bytes)


---------------  P R O C E S S  ---------------

Java Threads: ( => current thread )
  0x00007fd53c1e4000 JavaThread "pool-2-thread-4" [_thread_blocked, id=10354, stack(0x00007fd523655000,0x00007fd523756000)]
  0x00007fd53c1e2000 JavaThread "pool-2-thread-3" [_thread_in_Java, id=10353, stack(0x00007fd523756000,0x00007fd523857000)]
  0x00007fd53c1e0000 JavaThread "pool-2-thread-2" [_thread_blocked, id=10352, stack(0x00007fd523857000,0x00007fd523958000)]
  0x00007fd53c1df000 JavaThread "pool-3-thread-1" [_thread_blocked, id=10351, stack(0x00007fd523958000,0x00007fd523a59000)]
  0x00007fd53c1dc800 JavaThread "pool-2-thread-1" [_thread_in_Java, id=10350, stack(0x00007fd523a59000,0x00007fd523b5a000)]
  0x00007fd53c0c0800 JavaThread "Service Thread" daemon [_thread_blocked, id=10348, stack(0x00007fd523cfd000,0x00007fd523dfe000)]
  0x00007fd53c0bd800 JavaThread "C1 CompilerThread2" daemon [_thread_blocked, id=10347, stack(0x00007fd523dfe000,0x00007fd523eff000)]
=>0x00007fd53c0bb800 JavaThread "C2 CompilerThread1" daemon [_thread_in_native, id=10346, stack(0x00007fd523eff000,0x00007fd524000000)]
  0x00007fd53c0b8800 JavaThread "C2 CompilerThread0" daemon [_thread_in_native, id=10345, stack(0x00007fd52805a000,0x00007fd52815b000)]
  0x00007fd53c0b7000 JavaThread "Signal Dispatcher" daemon [_thread_blocked, id=10344, stack(0x00007fd52815b000,0x00007fd52825c000)]
  0x00007fd53c084000 JavaThread "Finalizer" daemon [_thread_blocked, id=10343, stack(0x00007fd528c1b000,0x00007fd528d1c000)]
  0x00007fd53c07f800 JavaThread "Reference Handler" daemon [_thread_blocked, id=10342, stack(0x00007fd528d1c000,0x00007fd528e1d000)]
  0x00007fd53c00a000 JavaThread "main" [_thread_in_Java, id=10336, stack(0x00007fd542533000,0x00007fd542634000)]

Other Threads:
  0x00007fd53c078000 VMThread [stack: 0x00007fd528e1d000,0x00007fd528f1e000] [id=10341]
  0x00007fd53c0c3800 WatcherThread [stack: 0x00007fd523bfc000,0x00007fd523cfd000] [id=10349]

VM state:not at safepoint (normal execution)

VM Mutex/Monitor currently owned by a thread: None

Heap:
 PSYoungGen      total 677376K, used 335597K [0x000000076ab00000, 0x00000007a3600000, 0x00000007c0000000)
  eden space 555520K, 55% used [0x000000076ab00000,0x000000077d6f5178,0x000000078c980000)
  from space 121856K, 23% used [0x000000078c980000,0x000000078e546348,0x0000000794080000)
  to   space 130048K, 0% used [0x000000079b700000,0x000000079b700000,0x00000007a3600000)
 ParOldGen       total 481792K, used 291913K [0x00000006c0000000, 0x00000006dd680000, 0x000000076ab00000)
  object space 481792K, 60% used [0x00000006c0000000,0x00000006d1d126d8,0x00000006dd680000)
 Metaspace       used 6596K, capacity 7320K, committed 7680K, reserved 1056768K
  class space    used 616K, capacity 656K, committed 768K, reserved 1048576K

Card table byte_map: [0x00007fd52b9e4000,0x00007fd52c1e5000] byte_map_base: 0x00007fd5283e4000

Marking Bits: (ParMarkBitMap*) 0x00007fd541a014c0
 Begin Bits: [0x00007fd50c000000, 0x00007fd510000000)
 End Bits:   [0x00007fd510000000, 0x00007fd514000000)

Polling page: 0x00007fd542650000

CodeCache: size=245760Kb used=11885Kb max_used=11898Kb free=233874Kb
 bounds [0x00007fd52c5a5000, 0x00007fd52d155000, 0x00007fd53b5a5000]
 total_blobs=2737 nmethods=2468 adapters=182
 compilation: enabled

Compilation events (10 events):
Event: 24,368 Thread 0x00007fd53c0bd800 2788 %     3       com.android.dx.ssa.back.FirstFitLocalCombiningAllocator::fitPlanForRange @ 52 (250 bytes)
Event: 24,375 Thread 0x00007fd53c0bd800 nmethod 2788% 0x00007fd52d130190 code [0x00007fd52d130520, 0x00007fd52d1328b8]
Event: 24,375 Thread 0x00007fd53c0bd800 2789       3       com.android.dx.ssa.back.FirstFitLocalCombiningAllocator::fitPlanForRange (250 bytes)
Event: 24,390 Thread 0x00007fd53c0bd800 nmethod 2789 0x00007fd52d118590 code [0x00007fd52d118920, 0x00007fd52d11aa58]
Event: 24,437 Thread 0x00007fd53c0b8800 nmethod 2419 0x00007fd52d150a50 code [0x00007fd52d150ce0, 0x00007fd52d152428]
Event: 24,437 Thread 0x00007fd53c0b8800 2744       4       com.android.dx.rop.type.StdTypeList::withFirst (53 bytes)
Event: 24,446 Thread 0x00007fd53c0b8800 nmethod 2744 0x00007fd52c6d7f90 code [0x00007fd52c6d8100, 0x00007fd52c6d8418]
Event: 24,446 Thread 0x00007fd53c0b8800 2488 %     4       com.android.dx.ssa.SsaConverter::placePhiFunctions @ 229 (394 bytes)
Event: 24,489 Thread 0x00007fd53c0bd800 2790       3       com.android.dx.dex.code.RopTranslator::outputInstructions (69 bytes)
Event: 24,490 Thread 0x00007fd53c0bd800 nmethod 2790 0x00007fd52c6fcc50 code [0x00007fd52c6fcde0, 0x00007fd52c6fd238]

GC Heap History (10 events):
Event: 11,057 GC heap before
{Heap before GC invocations=10 (full 1):
 PSYoungGen      total 530944K, used 512321K [0x000000076ab00000, 0x0000000791100000, 0x00000007c0000000)
  eden space 482304K, 100% used [0x000000076ab00000,0x0000000788200000,0x0000000788200000)
  from space 48640K, 61% used [0x000000078c180000,0x000000078ded0730,0x000000078f100000)
  to   space 65024K, 0% used [0x0000000788200000,0x0000000788200000,0x000000078c180000)
 ParOldGen       total 162816K, used 84851K [0x00000006c0000000, 0x00000006c9f00000, 0x000000076ab00000)
  object space 162816K, 52% used [0x00000006c0000000,0x00000006c52dcf28,0x00000006c9f00000)
 Metaspace       used 6558K, capacity 7320K, committed 7680K, reserved 1056768K
  class space    used 616K, capacity 656K, committed 768K, reserved 1048576K
Event: 11,263 GC heap after
Heap after GC invocations=10 (full 1):
 PSYoungGen      total 547328K, used 65009K [0x000000076ab00000, 0x0000000799680000, 0x00000007c0000000)
  eden space 482304K, 0% used [0x000000076ab00000,0x000000076ab00000,0x0000000788200000)
  from space 65024K, 99% used [0x0000000788200000,0x000000078c17c538,0x000000078c180000)
  to   space 88064K, 0% used [0x0000000794080000,0x0000000794080000,0x0000000799680000)
 ParOldGen       total 162816K, used 110847K [0x00000006c0000000, 0x00000006c9f00000, 0x000000076ab00000)
  object space 162816K, 68% used [0x00000006c0000000,0x00000006c6c3fe30,0x00000006c9f00000)
 Metaspace       used 6558K, capacity 7320K, committed 7680K, reserved 1056768K
  class space    used 616K, capacity 656K, committed 768K, reserved 1048576K
}
Event: 14,433 GC heap before
{Heap before GC invocations=11 (full 1):
 PSYoungGen      total 547328K, used 547313K [0x000000076ab00000, 0x0000000799680000, 0x00000007c0000000)
  eden space 482304K, 100% used [0x000000076ab00000,0x0000000788200000,0x0000000788200000)
  from space 65024K, 99% used [0x0000000788200000,0x000000078c17c538,0x000000078c180000)
  to   space 88064K, 0% used [0x0000000794080000,0x0000000794080000,0x0000000799680000)
 ParOldGen       total 162816K, used 110847K [0x00000006c0000000, 0x00000006c9f00000, 0x000000076ab00000)
  object space 162816K, 68% used [0x00000006c0000000,0x00000006c6c3fe30,0x00000006c9f00000)
 Metaspace       used 6574K, capacity 7320K, committed 7680K, reserved 1056768K
  class space    used 616K, capacity 656K, committed 768K, reserved 1048576K
Event: 14,840 GC heap after
Heap after GC invocations=11 (full 1):
 PSYoungGen      total 643584K, used 88047K [0x000000076ab00000, 0x000000079e100000, 0x00000007c0000000)
  eden space 555520K, 0% used [0x000000076ab00000,0x000000076ab00000,0x000000078c980000)
  from space 88064K, 99% used [0x0000000794080000,0x000000079967bd60,0x0000000799680000)
  to   space 121856K, 0% used [0x000000078c980000,0x000000078c980000,0x0000000794080000)
 ParOldGen       total 162816K, used 161220K [0x00000006c0000000, 0x00000006c9f00000, 0x000000076ab00000)
  object space 162816K, 99% used [0x00000006c0000000,0x00000006c9d71020,0x00000006c9f00000)
 Metaspace       used 6574K, capacity 7320K, committed 7680K, reserved 1056768K
  class space    used 616K, capacity 656K, committed 768K, reserved 1048576K
}
Event: 14,841 GC heap before
{Heap before GC invocations=12 (full 2):
 PSYoungGen      total 643584K, used 88047K [0x000000076ab00000, 0x000000079e100000, 0x00000007c0000000)
  eden space 555520K, 0% used [0x000000076ab00000,0x000000076ab00000,0x000000078c980000)
  from space 88064K, 99% used [0x0000000794080000,0x000000079967bd60,0x0000000799680000)
  to   space 121856K, 0% used [0x000000078c980000,0x000000078c980000,0x0000000794080000)
 ParOldGen       total 162816K, used 161220K [0x00000006c0000000, 0x00000006c9f00000, 0x000000076ab00000)
  object space 162816K, 99% used [0x00000006c0000000,0x00000006c9d71020,0x00000006c9f00000)
 Metaspace       used 6574K, capacity 7320K, committed 7680K, reserved 1056768K
  class space    used 616K, capacity 656K, committed 768K, reserved 1048576K
Event: 16,439 GC heap after
Heap after GC invocations=12 (full 2):
 PSYoungGen      total 643584K, used 78933K [0x000000076ab00000, 0x000000079e100000, 0x00000007c0000000)
  eden space 555520K, 0% used [0x000000076ab00000,0x000000076ab00000,0x000000078c980000)
  from space 88064K, 89% used [0x0000000794080000,0x0000000798d95788,0x0000000799680000)
  to   space 121856K, 0% used [0x000000078c980000,0x000000078c980000,0x0000000794080000)
 ParOldGen       total 292352K, used 162343K [0x00000006c0000000, 0x00000006d1d80000, 0x000000076ab00000)
  object space 292352K, 55% used [0x00000006c0000000,0x00000006c9e89c70,0x00000006d1d80000)
 Metaspace       used 6574K, capacity 7320K, committed 7680K, reserved 1056768K
  class space    used 616K, capacity 656K, committed 768K, reserved 1048576K
}
Event: 19,358 GC heap before
{Heap before GC invocations=13 (full 2):
 PSYoungGen      total 643584K, used 634453K [0x000000076ab00000, 0x000000079e100000, 0x00000007c0000000)
  eden space 555520K, 100% used [0x000000076ab00000,0x000000078c980000,0x000000078c980000)
  from space 88064K, 89% used [0x0000000794080000,0x0000000798d95788,0x0000000799680000)
  to   space 121856K, 0% used [0x000000078c980000,0x000000078c980000,0x0000000794080000)
 ParOldGen       total 292352K, used 162343K [0x00000006c0000000, 0x00000006d1d80000, 0x000000076ab00000)
  object space 292352K, 55% used [0x00000006c0000000,0x00000006c9e89c70,0x00000006d1d80000)
 Metaspace       used 6594K, capacity 7320K, committed 7680K, reserved 1056768K
  class space    used 616K, capacity 656K, committed 768K, reserved 1048576K
Event: 19,795 GC heap after
Heap after GC invocations=13 (full 2):
 PSYoungGen      total 677376K, used 84540K [0x000000076ab00000, 0x00000007a3600000, 0x00000007c0000000)
  eden space 555520K, 0% used [0x000000076ab00000,0x000000076ab00000,0x000000078c980000)
  from space 121856K, 69% used [0x000000078c980000,0x0000000791c0f280,0x0000000794080000)
  to   space 130048K, 0% used [0x000000079b700000,0x000000079b700000,0x00000007a3600000)
 ParOldGen       total 292352K, used 240604K [0x00000006c0000000, 0x00000006d1d80000, 0x000000076ab00000)
  object space 292352K, 82% used [0x00000006c0000000,0x00000006ceaf7340,0x00000006d1d80000)
 Metaspace       used 6594K, capacity 7320K, committed 7680K, reserved 1056768K
  class space    used 616K, capacity 656K, committed 768K, reserved 1048576K
}
Event: 19,795 GC heap before
{Heap before GC invocations=14 (full 3):
 PSYoungGen      total 677376K, used 84540K [0x000000076ab00000, 0x00000007a3600000, 0x00000007c0000000)
  eden space 555520K, 0% used [0x000000076ab00000,0x000000076ab00000,0x000000078c980000)
  from space 121856K, 69% used [0x000000078c980000,0x0000000791c0f280,0x0000000794080000)
  to   space 130048K, 0% used [0x000000079b700000,0x000000079b700000,0x00000007a3600000)
 ParOldGen       total 292352K, used 240604K [0x00000006c0000000, 0x00000006d1d80000, 0x000000076ab00000)
  object space 292352K, 82% used [0x00000006c0000000,0x00000006ceaf7340,0x00000006d1d80000)
 Metaspace       used 6594K, capacity 7320K, committed 7680K, reserved 1056768K
  class space    used 616K, capacity 656K, committed 768K, reserved 1048576K
Event: 22,796 GC heap after
Heap after GC invocations=14 (full 3):
 PSYoungGen      total 677376K, used 28440K [0x000000076ab00000, 0x00000007a3600000, 0x00000007c0000000)
  eden space 555520K, 0% used [0x000000076ab00000,0x000000076ab00000,0x000000078c980000)
  from space 121856K, 23% used [0x000000078c980000,0x000000078e546348,0x0000000794080000)
  to   space 130048K, 0% used [0x000000079b700000,0x000000079b700000,0x00000007a3600000)
 ParOldGen       total 481792K, used 291913K [0x00000006c0000000, 0x00000006dd680000, 0x000000076ab00000)
  object space 481792K, 60% used [0x00000006c0000000,0x00000006d1d126d8,0x00000006dd680000)
 Metaspace       used 6594K, capacity 7320K, committed 7680K, reserved 1056768K
  class space    used 616K, capacity 656K, committed 768K, reserved 1048576K
}

Deoptimization events (10 events):
Event: 17,671 Thread 0x00007fd53c1dc800 Uncommon trap: reason=bimorphic action=maybe_recompile pc=0x00007fd52cfae748 method=com.android.dx.cf.code.BytecodeArray.parseInstruction(ILcom/android/dx/cf/code/BytecodeArray$Visitor;)I @ 2554
Event: 17,672 Thread 0x00007fd53c1dc800 Uncommon trap: reason=bimorphic action=maybe_recompile pc=0x00007fd52cfae748 method=com.android.dx.cf.code.BytecodeArray.parseInstruction(ILcom/android/dx/cf/code/BytecodeArray$Visitor;)I @ 2554
Event: 18,083 Thread 0x00007fd53c00a000 Uncommon trap: reason=unstable_if action=reinterpret pc=0x00007fd52d005544 method=com.android.dx.ssa.SsaBasicBlock.scheduleMovesFromPhis()V @ 63
Event: 18,571 Thread 0x00007fd53c1e4000 Uncommon trap: reason=unstable_if action=reinterpret pc=0x00007fd52d0cee8c method=com.android.dx.util.BitIntSet.has(I)Z @ 8
Event: 18,706 Thread 0x00007fd53c1e4000 Uncommon trap: reason=class_check action=maybe_recompile pc=0x00007fd52cfd9f8c method=com.android.dx.ssa.SCCP.simulateBranch(Lcom/android/dx/ssa/SsaInsn;)V @ 145
Event: 23,069 Thread 0x00007fd53c1dc800 Uncommon trap: reason=bimorphic action=maybe_recompile pc=0x00007fd52d0ebe5c method=com.android.dx.cf.code.BytecodeArray.parseInstruction(ILcom/android/dx/cf/code/BytecodeArray$Visitor;)I @ 1327
Event: 23,069 Thread 0x00007fd53c1dc800 Uncommon trap: reason=bimorphic action=maybe_recompile pc=0x00007fd52d0ebe5c method=com.android.dx.cf.code.BytecodeArray.parseInstruction(ILcom/android/dx/cf/code/BytecodeArray$Visitor;)I @ 1327
Event: 23,451 Thread 0x00007fd53c1dc800 Uncommon trap: reason=unstable_if action=reinterpret pc=0x00007fd52c6db918 method=com.android.dx.cf.code.Merger.isPossiblyAssignableFrom(Lcom/android/dx/rop/type/TypeBearer;Lcom/android/dx/rop/type/TypeBearer;)Z @ 131
Event: 23,859 Thread 0x00007fd53c1e2000 Uncommon trap: reason=unstable_if action=reinterpret pc=0x00007fd52d0748f0 method=java.util.ArrayList.<init>(I)V @ 5
Event: 24,452 Thread 0x00007fd53c00a000 Uncommon trap: reason=unstable_if action=reinterpret pc=0x00007fd52d136420 method=com.android.dx.dex.code.RopTranslator.outputBlock(Lcom/android/dx/rop/code/BasicBlock;I)V @ 140

Internal exceptions (8 events):
Event: 0,032 Thread 0x00007fd53c00a000 Exception <a 'java/lang/NoSuchMethodError': Method sun.misc.Unsafe.defineClass(Ljava/lang/String;[BII)Ljava/lang/Class; name or signature does not match> (0x000000076ab07cc0) thrown at [/HUDSON/workspace/8-2-build-linux-amd64/jdk8u92/6642/hotspot/src/shar
Event: 0,032 Thread 0x00007fd53c00a000 Exception <a 'java/lang/NoSuchMethodError': Method sun.misc.Unsafe.prefetchRead(Ljava/lang/Object;J)V name or signature does not match> (0x000000076ab07fa8) thrown at [/HUDSON/workspace/8-2-build-linux-amd64/jdk8u92/6642/hotspot/src/share/vm/prims/jni.cpp
Event: 1,510 Thread 0x00007fd53c1e0000 Implicit null exception at 0x00007fd52c8c4abf to 0x00007fd52c8c7b11
Event: 1,822 Thread 0x00007fd53c00a000 Implicit null exception at 0x00007fd52c89d6b3 to 0x00007fd52c89ff05
Event: 3,788 Thread 0x00007fd53c1e2000 Exception <a 'java/lang/ArrayIndexOutOfBoundsException': 18> (0x000000076d83aea8) thrown at [/HUDSON/workspace/8-2-build-linux-amd64/jdk8u92/6642/hotspot/src/share/vm/interpreter/interpreterRuntime.cpp, line 366]
Event: 3,788 Thread 0x00007fd53c1e2000 Exception <a 'java/lang/ArrayIndexOutOfBoundsException': 145> (0x000000076d9eb2a0) thrown at [/HUDSON/workspace/8-2-build-linux-amd64/jdk8u92/6642/hotspot/src/share/vm/interpreter/interpreterRuntime.cpp, line 366]
Event: 3,790 Thread 0x00007fd53c1e2000 Exception <a 'java/lang/ArrayIndexOutOfBoundsException': 40> (0x000000076d9ec588) thrown at [/HUDSON/workspace/8-2-build-linux-amd64/jdk8u92/6642/hotspot/src/share/vm/interpreter/interpreterRuntime.cpp, line 366]
Event: 9,095 Thread 0x00007fd53c1e0000 Implicit null exception at 0x00007fd52c918a46 to 0x00007fd52c918bd9

Events (10 events):
Event: 23,859 Thread 0x00007fd53c1e2000 Uncommon trap: trap_request=0xffffff65 fr.pc=0x00007fd52d0748f0
Event: 23,859 Thread 0x00007fd53c1e2000 DEOPT PACKING pc=0x00007fd52d0748f0 sp=0x00007fd523855070
Event: 23,859 Thread 0x00007fd53c1e2000 DEOPT UNPACKING pc=0x00007fd52c5aa229 sp=0x00007fd523854ff8 mode 2
Event: 24,380 Thread 0x00007fd53c1e4000 DEOPT PACKING pc=0x00007fd52cd1f7d5 sp=0x00007fd523753c10
Event: 24,380 Thread 0x00007fd53c1e4000 DEOPT UNPACKING pc=0x00007fd52c5ec633 sp=0x00007fd5237539d8 mode 0
Event: 24,417 Thread 0x00007fd53c1dc800 DEOPT PACKING pc=0x00007fd52caf3169 sp=0x00007fd523b57a60
Event: 24,417 Thread 0x00007fd53c1dc800 DEOPT UNPACKING pc=0x00007fd52c5ec633 sp=0x00007fd523b578c0 mode 0
Event: 24,452 Thread 0x00007fd53c00a000 Uncommon trap: trap_request=0xffffff65 fr.pc=0x00007fd52d136420
Event: 24,452 Thread 0x00007fd53c00a000 DEOPT PACKING pc=0x00007fd52d136420 sp=0x00007fd542631960
Event: 24,452 Thread 0x00007fd53c00a000 DEOPT UNPACKING pc=0x00007fd52c5aa229 sp=0x00007fd5426318e8 mode 2


Dynamic libraries:
00400000-00401000 r-xp 00000000 08:02 14554287                           /usr/lib/jvm/java-8-oracle/bin/java
00600000-00601000 rw-p 00000000 08:02 14554287                           /usr/lib/jvm/java-8-oracle/bin/java
012d7000-012f8000 rw-p 00000000 00:00 0                                  [heap]
6c0000000-6dd680000 rw-p 00000000 00:00 0 
6dd680000-76ab00000 ---p 00000000 00:00 0 
76ab00000-7a3600000 rw-p 00000000 00:00 0 
7a3600000-7c0000000 ---p 00000000 00:00 0 
7c0000000-7c00c0000 rw-p 00000000 00:00 0 
7c00c0000-800000000 ---p 00000000 00:00 0 
7fd4d4000000-7fd4d402d000 rw-p 00000000 00:00 0 
7fd4d402d000-7fd4d8000000 ---p 00000000 00:00 0 
7fd4d8000000-7fd4d8021000 rw-p 00000000 00:00 0 
7fd4d8021000-7fd4dc000000 ---p 00000000 00:00 0 
7fd4dc000000-7fd4dc021000 rw-p 00000000 00:00 0 
7fd4dc021000-7fd4e0000000 ---p 00000000 00:00 0 
7fd4e0000000-7fd4e0030000 rw-p 00000000 00:00 0 
7fd4e0030000-7fd4e4000000 ---p 00000000 00:00 0 
7fd4e4000000-7fd4e4021000 rw-p 00000000 00:00 0 
7fd4e4021000-7fd4e8000000 ---p 00000000 00:00 0 
7fd4e8000000-7fd4e803a000 rw-p 00000000 00:00 0 
7fd4e803a000-7fd4ec000000 ---p 00000000 00:00 0 
7fd4ec000000-7fd4eca63000 rw-p 00000000 00:00 0 
7fd4eca63000-7fd4f0000000 ---p 00000000 00:00 0 
7fd4f0000000-7fd4f0021000 rw-p 00000000 00:00 0 
7fd4f0021000-7fd4f4000000 ---p 00000000 00:00 0 
7fd4f4000000-7fd4f5322000 rw-p 00000000 00:00 0 
7fd4f5322000-7fd4f8000000 ---p 00000000 00:00 0 
7fd4f8000000-7fd4f918b000 rw-p 00000000 00:00 0 
7fd4f918b000-7fd4fc000000 ---p 00000000 00:00 0 
7fd4fc000000-7fd4fc021000 rw-p 00000000 00:00 0 
7fd4fc021000-7fd500000000 ---p 00000000 00:00 0 
7fd500000000-7fd500021000 rw-p 00000000 00:00 0 
7fd500021000-7fd504000000 ---p 00000000 00:00 0 
7fd504000000-7fd50402a000 rw-p 00000000 00:00 0 
7fd50402a000-7fd508000000 ---p 00000000 00:00 0 
7fd508000000-7fd508021000 rw-p 00000000 00:00 0 
7fd508021000-7fd50c000000 ---p 00000000 00:00 0 
7fd50c000000-7fd514000000 rw-p 00000000 00:00 0 
7fd514000000-7fd514021000 rw-p 00000000 00:00 0 
7fd514021000-7fd518000000 ---p 00000000 00:00 0 
7fd518000000-7fd518021000 rw-p 00000000 00:00 0 
7fd518021000-7fd51c000000 ---p 00000000 00:00 0 
7fd51c000000-7fd51c021000 rw-p 00000000 00:00 0 
7fd51c021000-7fd520000000 ---p 00000000 00:00 0 
7fd523655000-7fd523658000 ---p 00000000 00:00 0 
7fd523658000-7fd523756000 rw-p 00000000 00:00 0 
7fd523756000-7fd523759000 ---p 00000000 00:00 0 
7fd523759000-7fd523857000 rw-p 00000000 00:00 0 
7fd523857000-7fd52385a000 ---p 00000000 00:00 0 
7fd52385a000-7fd523958000 rw-p 00000000 00:00 0 
7fd523958000-7fd52395b000 ---p 00000000 00:00 0 
7fd52395b000-7fd523a59000 rw-p 00000000 00:00 0 
7fd523a59000-7fd523a5c000 ---p 00000000 00:00 0 
7fd523a5c000-7fd523b5a000 rw-p 00000000 00:00 0 
7fd523b5a000-7fd523bfc000 r--s 00841000 08:02 18221468                   /home/ivan/ChampyAndroid-second_sprint/app/build/intermediates/transforms/jarMerging/debug/jars/1/1f/combined.jar
7fd523bfc000-7fd523bfd000 ---p 00000000 00:00 0 
7fd523bfd000-7fd523cfd000 rw-p 00000000 00:00 0 
7fd523cfd000-7fd523d00000 ---p 00000000 00:00 0 
7fd523d00000-7fd523dfe000 rw-p 00000000 00:00 0 
7fd523dfe000-7fd523e01000 ---p 00000000 00:00 0 
7fd523e01000-7fd523eff000 rw-p 00000000 00:00 0 
7fd523eff000-7fd523f02000 ---p 00000000 00:00 0 
7fd523f02000-7fd524000000 rw-p 00000000 00:00 0 
7fd524000000-7fd524021000 rw-p 00000000 00:00 0 
7fd524021000-7fd528000000 ---p 00000000 00:00 0 
7fd52805a000-7fd52805d000 ---p 00000000 00:00 0 
7fd52805d000-7fd52815b000 rw-p 00000000 00:00 0 
7fd52815b000-7fd52815e000 ---p 00000000 00:00 0 
7fd52815e000-7fd52825c000 rw-p 00000000 00:00 0 
7fd52825c000-7fd528c1b000 r--p 00000000 08:02 14424946                   /usr/lib/locale/locale-archive
7fd528c1b000-7fd528c1e000 ---p 00000000 00:00 0 
7fd528c1e000-7fd528d1c000 rw-p 00000000 00:00 0 
7fd528d1c000-7fd528d1f000 ---p 00000000 00:00 0 
7fd528d1f000-7fd528e1d000 rw-p 00000000 00:00 0 
7fd528e1d000-7fd528e1e000 ---p 00000000 00:00 0 
7fd528e1e000-7fd529eb1000 rw-p 00000000 00:00 0 
7fd529eb1000-7fd52a08a000 r--s 03d24000 08:02 15077032                   /usr/lib/jvm/java-8-oracle/jre/lib/rt.jar
7fd52a08a000-7fd52a74a000 rw-p 00000000 00:00 0 
7fd52a74a000-7fd52a88a000 ---p 00000000 00:00 0 
7fd52a88a000-7fd52b08a000 rw-p 00000000 00:00 0 
7fd52b08a000-7fd52b08b000 ---p 00000000 00:00 0 
7fd52b08b000-7fd52b18b000 rw-p 00000000 00:00 0 
7fd52b18b000-7fd52b18c000 ---p 00000000 00:00 0 
7fd52b18c000-7fd52b28c000 rw-p 00000000 00:00 0 
7fd52b28c000-7fd52b28d000 ---p 00000000 00:00 0 
7fd52b28d000-7fd52b38d000 rw-p 00000000 00:00 0 
7fd52b38d000-7fd52b38e000 ---p 00000000 00:00 0 
7fd52b38e000-7fd52b57a000 rw-p 00000000 00:00 0 
7fd52b57a000-7fd52b9e4000 ---p 00000000 00:00 0 
7fd52b9e4000-7fd52bad0000 rw-p 00000000 00:00 0 
7fd52bad0000-7fd52bf39000 ---p 00000000 00:00 0 
7fd52bf39000-7fd52c0ff000 rw-p 00000000 00:00 0 
7fd52c0ff000-7fd52c1e4000 ---p 00000000 00:00 0 
7fd52c1e4000-7fd52c214000 rw-p 00000000 00:00 0 
7fd52c214000-7fd52c5a5000 ---p 00000000 00:00 0 
7fd52c5a5000-7fd52d155000 rwxp 00000000 00:00 0 
7fd52d155000-7fd53b5a5000 ---p 00000000 00:00 0 
7fd53b5a5000-7fd53b5bf000 r-xp 00000000 08:02 15206757                   /usr/lib/jvm/java-8-oracle/jre/lib/amd64/libzip.so
7fd53b5bf000-7fd53b7bf000 ---p 0001a000 08:02 15206757                   /usr/lib/jvm/java-8-oracle/jre/lib/amd64/libzip.so
7fd53b7bf000-7fd53b7c0000 rw-p 0001a000 08:02 15206757                   /usr/lib/jvm/java-8-oracle/jre/lib/amd64/libzip.so
7fd53b7c0000-7fd53b7cb000 r-xp 00000000 08:02 24777172                   /lib/x86_64-linux-gnu/libnss_files-2.23.so
7fd53b7cb000-7fd53b9ca000 ---p 0000b000 08:02 24777172                   /lib/x86_64-linux-gnu/libnss_files-2.23.so
7fd53b9ca000-7fd53b9cb000 r--p 0000a000 08:02 24777172                   /lib/x86_64-linux-gnu/libnss_files-2.23.so
7fd53b9cb000-7fd53b9cc000 rw-p 0000b000 08:02 24777172                   /lib/x86_64-linux-gnu/libnss_files-2.23.so
7fd53b9cc000-7fd53b9d2000 rw-p 00000000 00:00 0 
7fd53b9d2000-7fd53b9dd000 r-xp 00000000 08:02 24777182                   /lib/x86_64-linux-gnu/libnss_nis-2.23.so
7fd53b9dd000-7fd53bbdc000 ---p 0000b000 08:02 24777182                   /lib/x86_64-linux-gnu/libnss_nis-2.23.so
7fd53bbdc000-7fd53bbdd000 r--p 0000a000 08:02 24777182                   /lib/x86_64-linux-gnu/libnss_nis-2.23.so
7fd53bbdd000-7fd53bbde000 rw-p 0000b000 08:02 24777182                   /lib/x86_64-linux-gnu/libnss_nis-2.23.so
7fd53bbde000-7fd53bbf4000 r-xp 00000000 08:02 24777166                   /lib/x86_64-linux-gnu/libnsl-2.23.so
7fd53bbf4000-7fd53bdf3000 ---p 00016000 08:02 24777166                   /lib/x86_64-linux-gnu/libnsl-2.23.so
7fd53bdf3000-7fd53bdf4000 r--p 00015000 08:02 24777166                   /lib/x86_64-linux-gnu/libnsl-2.23.so
7fd53bdf4000-7fd53bdf5000 rw-p 00016000 08:02 24777166                   /lib/x86_64-linux-gnu/libnsl-2.23.so
7fd53bdf5000-7fd53bdf7000 rw-p 00000000 00:00 0 
7fd53bdf7000-7fd53bdff000 r-xp 00000000 08:02 24777168                   /lib/x86_64-linux-gnu/libnss_compat-2.23.so
7fd53bdff000-7fd53bffe000 ---p 00008000 08:02 24777168                   /lib/x86_64-linux-gnu/libnss_compat-2.23.so
7fd53bffe000-7fd53bfff000 r--p 00007000 08:02 24777168                   /lib/x86_64-linux-gnu/libnss_compat-2.23.so
7fd53bfff000-7fd53c000000 rw-p 00008000 08:02 24777168                   /lib/x86_64-linux-gnu/libnss_compat-2.23.so
7fd53c000000-7fd53c3dd000 rw-p 00000000 00:00 0 
7fd53c3dd000-7fd540000000 ---p 00000000 00:00 0 
7fd540016000-7fd5400fc000 rw-p 00000000 00:00 0 
7fd5400fc000-7fd540126000 r-xp 00000000 08:02 15206752                   /usr/lib/jvm/java-8-oracle/jre/lib/amd64/libjava.so
7fd540126000-7fd540326000 ---p 0002a000 08:02 15206752                   /usr/lib/jvm/java-8-oracle/jre/lib/amd64/libjava.so
7fd540326000-7fd540328000 rw-p 0002a000 08:02 15206752                   /usr/lib/jvm/java-8-oracle/jre/lib/amd64/libjava.so
7fd540328000-7fd540335000 r-xp 00000000 08:02 15206756                   /usr/lib/jvm/java-8-oracle/jre/lib/amd64/libverify.so
7fd540335000-7fd540535000 ---p 0000d000 08:02 15206756                   /usr/lib/jvm/java-8-oracle/jre/lib/amd64/libverify.so
7fd540535000-7fd540537000 rw-p 0000d000 08:02 15206756                   /usr/lib/jvm/java-8-oracle/jre/lib/amd64/libverify.so
7fd540537000-7fd54053e000 r-xp 00000000 08:02 24777227                   /lib/x86_64-linux-gnu/librt-2.23.so
7fd54053e000-7fd54073d000 ---p 00007000 08:02 24777227                   /lib/x86_64-linux-gnu/librt-2.23.so
7fd54073d000-7fd54073e000 r--p 00006000 08:02 24777227                   /lib/x86_64-linux-gnu/librt-2.23.so
7fd54073e000-7fd54073f000 rw-p 00007000 08:02 24777227                   /lib/x86_64-linux-gnu/librt-2.23.so
7fd54073f000-7fd540847000 r-xp 00000000 08:02 24777143                   /lib/x86_64-linux-gnu/libm-2.23.so
7fd540847000-7fd540a46000 ---p 00108000 08:02 24777143                   /lib/x86_64-linux-gnu/libm-2.23.so
7fd540a46000-7fd540a47000 r--p 00107000 08:02 24777143                   /lib/x86_64-linux-gnu/libm-2.23.so
7fd540a47000-7fd540a48000 rw-p 00108000 08:02 24777143                   /lib/x86_64-linux-gnu/libm-2.23.so
7fd540a48000-7fd54170b000 r-xp 00000000 08:02 15206735                   /usr/lib/jvm/java-8-oracle/jre/lib/amd64/server/libjvm.so
7fd54170b000-7fd54190a000 ---p 00cc3000 08:02 15206735                   /usr/lib/jvm/java-8-oracle/jre/lib/amd64/server/libjvm.so
7fd54190a000-7fd5419e3000 rw-p 00cc2000 08:02 15206735                   /usr/lib/jvm/java-8-oracle/jre/lib/amd64/server/libjvm.so
7fd5419e3000-7fd541a2e000 rw-p 00000000 00:00 0 
7fd541a2e000-7fd541bee000 r-xp 00000000 08:02 24777073                   /lib/x86_64-linux-gnu/libc-2.23.so
7fd541bee000-7fd541ded000 ---p 001c0000 08:02 24777073                   /lib/x86_64-linux-gnu/libc-2.23.so
7fd541ded000-7fd541df1000 r--p 001bf000 08:02 24777073                   /lib/x86_64-linux-gnu/libc-2.23.so
7fd541df1000-7fd541df3000 rw-p 001c3000 08:02 24777073                   /lib/x86_64-linux-gnu/libc-2.23.so
7fd541df3000-7fd541df7000 rw-p 00000000 00:00 0 
7fd541df7000-7fd541dfa000 r-xp 00000000 08:02 24777097                   /lib/x86_64-linux-gnu/libdl-2.23.so
7fd541dfa000-7fd541ff9000 ---p 00003000 08:02 24777097                   /lib/x86_64-linux-gnu/libdl-2.23.so
7fd541ff9000-7fd541ffa000 r--p 00002000 08:02 24777097                   /lib/x86_64-linux-gnu/libdl-2.23.so
7fd541ffa000-7fd541ffb000 rw-p 00003000 08:02 24777097                   /lib/x86_64-linux-gnu/libdl-2.23.so
7fd541ffb000-7fd542010000 r-xp 00000000 08:02 14952758                   /usr/lib/jvm/java-8-oracle/lib/amd64/jli/libjli.so
7fd542010000-7fd542210000 ---p 00015000 08:02 14952758                   /usr/lib/jvm/java-8-oracle/lib/amd64/jli/libjli.so
7fd542210000-7fd542211000 rw-p 00015000 08:02 14952758                   /usr/lib/jvm/java-8-oracle/lib/amd64/jli/libjli.so
7fd542211000-7fd542229000 r-xp 00000000 08:02 24777219                   /lib/x86_64-linux-gnu/libpthread-2.23.so
7fd542229000-7fd542428000 ---p 00018000 08:02 24777219                   /lib/x86_64-linux-gnu/libpthread-2.23.so
7fd542428000-7fd542429000 r--p 00017000 08:02 24777219                   /lib/x86_64-linux-gnu/libpthread-2.23.so
7fd542429000-7fd54242a000 rw-p 00018000 08:02 24777219                   /lib/x86_64-linux-gnu/libpthread-2.23.so
7fd54242a000-7fd54242e000 rw-p 00000000 00:00 0 
7fd54242e000-7fd542454000 r-xp 00000000 08:02 24777045                   /lib/x86_64-linux-gnu/ld-2.23.so
7fd542460000-7fd542533000 rw-p 00000000 00:00 0 
7fd542533000-7fd542536000 ---p 00000000 00:00 0 
7fd542536000-7fd542638000 rw-p 00000000 00:00 0 
7fd542638000-7fd542647000 r--s 000df000 08:02 13501181                   /home/ivan/Android/Sdk/build-tools/23.0.3/lib/dx.jar
7fd542647000-7fd54264f000 rw-s 00000000 08:02 8650784                    /tmp/hsperfdata_ivan/10331
7fd54264f000-7fd542650000 rw-p 00000000 00:00 0 
7fd542650000-7fd542651000 r--p 00000000 00:00 0 
7fd542651000-7fd542653000 rw-p 00000000 00:00 0 
7fd542653000-7fd542654000 r--p 00025000 08:02 24777045                   /lib/x86_64-linux-gnu/ld-2.23.so
7fd542654000-7fd542655000 rw-p 00026000 08:02 24777045                   /lib/x86_64-linux-gnu/ld-2.23.so
7fd542655000-7fd542656000 rw-p 00000000 00:00 0 
7ffd28d87000-7ffd28da8000 rw-p 00000000 00:00 0                          [stack]
7ffd28de8000-7ffd28dea000 r--p 00000000 00:00 0                          [vvar]
7ffd28dea000-7ffd28dec000 r-xp 00000000 00:00 0                          [vdso]
ffffffffff600000-ffffffffff601000 r-xp 00000000 00:00 0                  [vsyscall]

VM Arguments:
jvm_args: -Djava.awt.headless=true -Xmx4g -Dfile.encoding=UTF-8 -Duser.country=UA -Duser.language=ru -Duser.variant 
java_command: com.android.dx.command.Main --dex --num-threads=4 --multi-dex --main-dex-list /home/ivan/ChampyAndroid-second_sprint/app/build/intermediates/multi-dex/debug/maindexlist.txt --output /home/ivan/ChampyAndroid-second_sprint/app/build/intermediates/transforms/dex/debug/folders/1000/1f/main /home/ivan/ChampyAndroid-second_sprint/app/build/intermediates/transforms/jarMerging/debug/jars/1/1f/combined.jar
java_class_path (initial): /home/ivan/Android/Sdk/build-tools/23.0.3/lib/dx.jar
Launcher Type: SUN_STANDARD

Environment Variables:
PATH=/usr/local/sbin:/usr/local/bin:/usr/sbin:/usr/bin:/sbin:/bin:/usr/games:/usr/local/games:/snap/bin
LD_LIBRARY_PATH=.:
SHELL=/bin/bash
DISPLAY=:0

Signal Handlers:
SIGSEGV: [libjvm.so+0xabdee0], sa_mask[0]=11111111011111111101111111111110, sa_flags=SA_RESTART|SA_SIGINFO
SIGBUS: [libjvm.so+0xabdee0], sa_mask[0]=11111111011111111101111111111110, sa_flags=SA_RESTART|SA_SIGINFO
SIGFPE: [libjvm.so+0x91a580], sa_mask[0]=11111111011111111101111111111110, sa_flags=SA_RESTART|SA_SIGINFO
SIGPIPE: [libjvm.so+0x91a580], sa_mask[0]=11111111011111111101111111111110, sa_flags=SA_RESTART|SA_SIGINFO
SIGXFSZ: [libjvm.so+0x91a580], sa_mask[0]=11111111011111111101111111111110, sa_flags=SA_RESTART|SA_SIGINFO
SIGILL: [libjvm.so+0x91a580], sa_mask[0]=11111111011111111101111111111110, sa_flags=SA_RESTART|SA_SIGINFO
SIGUSR1: SIG_DFL, sa_mask[0]=00000000000000000000000000000000, sa_flags=none
SIGUSR2: [libjvm.so+0x91bbb0], sa_mask[0]=00100000000000000000000000000000, sa_flags=SA_RESTART|SA_SIGINFO
SIGHUP: [libjvm.so+0x91cfb0], sa_mask[0]=11111111011111111101111111111110, sa_flags=SA_RESTART|SA_SIGINFO
SIGINT: [libjvm.so+0x91cfb0], sa_mask[0]=11111111011111111101111111111110, sa_flags=SA_RESTART|SA_SIGINFO
SIGTERM: [libjvm.so+0x91cfb0], sa_mask[0]=11111111011111111101111111111110, sa_flags=SA_RESTART|SA_SIGINFO
SIGQUIT: [libjvm.so+0x91cfb0], sa_mask[0]=11111111011111111101111111111110, sa_flags=SA_RESTART|SA_SIGINFO


---------------  S Y S T E M  ---------------

OS:DISTRIB_ID=Ubuntu
DISTRIB_RELEASE=16.04
DISTRIB_CODENAME=xenial
DISTRIB_DESCRIPTION="Ubuntu 16.04 LTS"

uname:Linux 4.4.0-21-generic #37-Ubuntu SMP Mon Apr 18 18:33:37 UTC 2016 x86_64
libc:glibc 2.23 NPTL 2.23 
rlimit: STACK 8192k, CORE 0k, NPROC 30611, NOFILE 65536, AS infinity
load average:4,12 2,59 2,66

/proc/meminfo:
MemTotal:        8058444 kB
MemFree:           73772 kB
MemAvailable:     568616 kB
Buffers:           24772 kB
Cached:          1709796 kB
SwapCached:        48392 kB
Active:          6110332 kB
Inactive:        1646444 kB
Active(anon):    5835664 kB
Inactive(anon):  1437880 kB
Active(file):     274668 kB
Inactive(file):   208564 kB
Unevictable:          72 kB
Mlocked:              72 kB
SwapTotal:       4075516 kB
SwapFree:        3167200 kB
Dirty:               104 kB
Writeback:             0 kB
AnonPages:       6003720 kB
Mapped:           819624 kB
Shmem:           1251336 kB
Slab:              97460 kB
SReclaimable:      53888 kB
SUnreclaim:        43572 kB
KernelStack:       11808 kB
PageTables:        53768 kB
NFS_Unstable:          0 kB
Bounce:                0 kB
WritebackTmp:          0 kB
CommitLimit:     8104736 kB
Committed_AS:   13543336 kB
VmallocTotal:   34359738367 kB
VmallocUsed:           0 kB
VmallocChunk:          0 kB
HardwareCorrupted:     0 kB
AnonHugePages:   4229120 kB
CmaTotal:              0 kB
CmaFree:               0 kB
HugePages_Total:       0
HugePages_Free:        0
HugePages_Rsvd:        0
HugePages_Surp:        0
Hugepagesize:       2048 kB
DirectMap4k:      180164 kB
DirectMap2M:     8091648 kB


CPU:total 4 (2 cores per cpu, 2 threads per core) family 6 model 58 stepping 9, cmov, cx8, fxsr, mmx, sse, sse2, sse3, ssse3, sse4.1, sse4.2, popcnt, avx, clmul, erms, ht, tsc, tscinvbit, tscinv

/proc/cpuinfo:
processor	: 0
vendor_id	: GenuineIntel
cpu family	: 6
model		: 58
model name	: Intel(R) Core(TM) i3-3217U CPU @ 1.80GHz
stepping	: 9
microcode	: 0x1c
cpu MHz		: 1799.929
cache size	: 3072 KB
physical id	: 0
siblings	: 4
core id		: 0
cpu cores	: 2
apicid		: 0
initial apicid	: 0
fpu		: yes
fpu_exception	: yes
cpuid level	: 13
wp		: yes
flags		: fpu vme de pse tsc msr pae mce cx8 apic sep mtrr pge mca cmov pat pse36 clflush dts acpi mmx fxsr sse sse2 ss ht tm pbe syscall nx rdtscp lm constant_tsc arch_perfmon pebs bts rep_good nopl xtopology nonstop_tsc aperfmperf eagerfpu pni pclmulqdq dtes64 monitor ds_cpl vmx est tm2 ssse3 cx16 xtpr pdcm pcid sse4_1 sse4_2 x2apic popcnt tsc_deadline_timer xsave avx f16c lahf_lm epb tpr_shadow vnmi flexpriority ept vpid fsgsbase smep erms xsaveopt dtherm ida arat pln pts
bugs		:
bogomips	: 3591.92
clflush size	: 64
cache_alignment	: 64
address sizes	: 36 bits physical, 48 bits virtual
power management:

processor	: 1
vendor_id	: GenuineIntel
cpu family	: 6
model		: 58
model name	: Intel(R) Core(TM) i3-3217U CPU @ 1.80GHz
stepping	: 9
microcode	: 0x1c
cpu MHz		: 1800.000
cache size	: 3072 KB
physical id	: 0
siblings	: 4
core id		: 1
cpu cores	: 2
apicid		: 2
initial apicid	: 2
fpu		: yes
fpu_exception	: yes
cpuid level	: 13
wp		: yes
flags		: fpu vme de pse tsc msr pae mce cx8 apic sep mtrr pge mca cmov pat pse36 clflush dts acpi mmx fxsr sse sse2 ss ht tm pbe syscall nx rdtscp lm constant_tsc arch_perfmon pebs bts rep_good nopl xtopology nonstop_tsc aperfmperf eagerfpu pni pclmulqdq dtes64 monitor ds_cpl vmx est tm2 ssse3 cx16 xtpr pdcm pcid sse4_1 sse4_2 x2apic popcnt tsc_deadline_timer xsave avx f16c lahf_lm epb tpr_shadow vnmi flexpriority ept vpid fsgsbase smep erms xsaveopt dtherm ida arat pln pts
bugs		:
bogomips	: 3591.92
clflush size	: 64
cache_alignment	: 64
address sizes	: 36 bits physical, 48 bits virtual
power management:

processor	: 2
vendor_id	: GenuineIntel
cpu family	: 6
model		: 58
model name	: Intel(R) Core(TM) i3-3217U CPU @ 1.80GHz
stepping	: 9
microcode	: 0x1c
cpu MHz		: 1800.000
cache size	: 3072 KB
physical id	: 0
siblings	: 4
core id		: 0
cpu cores	: 2
apicid		: 1
initial apicid	: 1
fpu		: yes
fpu_exception	: yes
cpuid level	: 13
wp		: yes
flags		: fpu vme de pse tsc msr pae mce cx8 apic sep mtrr pge mca cmov pat pse36 clflush dts acpi mmx fxsr sse sse2 ss ht tm pbe syscall nx rdtscp lm constant_tsc arch_perfmon pebs bts rep_good nopl xtopology nonstop_tsc aperfmperf eagerfpu pni pclmulqdq dtes64 monitor ds_cpl vmx est tm2 ssse3 cx16 xtpr pdcm pcid sse4_1 sse4_2 x2apic popcnt tsc_deadline_timer xsave avx f16c lahf_lm epb tpr_shadow vnmi flexpriority ept vpid fsgsbase smep erms xsaveopt dtherm ida arat pln pts
bugs		:
bogomips	: 3591.92
clflush size	: 64
cache_alignment	: 64
address sizes	: 36 bits physical, 48 bits virtual
power management:

processor	: 3
vendor_id	: GenuineIntel
cpu family	: 6
model		: 58
model name	: Intel(R) Core(TM) i3-3217U CPU @ 1.80GHz
stepping	: 9
microcode	: 0x1c
cpu MHz		: 1800.000
cache size	: 3072 KB
physical id	: 0
siblings	: 4
core id		: 1
cpu cores	: 2
apicid		: 3
initial apicid	: 3
fpu		: yes
fpu_exception	: yes
cpuid level	: 13
wp		: yes
flags		: fpu vme de pse tsc msr pae mce cx8 apic sep mtrr pge mca cmov pat pse36 clflush dts acpi mmx fxsr sse sse2 ss ht tm pbe syscall nx rdtscp lm constant_tsc arch_perfmon pebs bts rep_good nopl xtopology nonstop_tsc aperfmperf eagerfpu pni pclmulqdq dtes64 monitor ds_cpl vmx est tm2 ssse3 cx16 xtpr pdcm pcid sse4_1 sse4_2 x2apic popcnt tsc_deadline_timer xsave avx f16c lahf_lm epb tpr_shadow vnmi flexpriority ept vpid fsgsbase smep erms xsaveopt dtherm ida arat pln pts
bugs		:
bogomips	: 3591.92
clflush size	: 64
cache_alignment	: 64
address sizes	: 36 bits physical, 48 bits virtual
power management:



Memory: 4k page, physical 8058444k(73772k free), swap 4075516k(3167200k free)

vm_info: Java HotSpot(TM) 64-Bit Server VM (25.92-b14) for linux-amd64 JRE (1.8.0_92-b14), built on Mar 31 2016 21:08:29 by "java_re" with gcc 4.3.0 20080428 (Red Hat 4.3.0-8)

time: Fri May  6 13:51:00 2016
elapsed time: 24 seconds (0d 0h 0m 24s)

