#
# A fatal error has been detected by the Java Runtime Environment:
#
#  SIGSEGV (0xb) at pc=0x00007fc5763b8377, pid=28239, tid=140485767780096
#
# JRE version: OpenJDK Runtime Environment (7.0_95) (build 1.7.0_95-b00)
# Java VM: OpenJDK 64-Bit Server VM (24.95-b01 mixed mode linux-amd64 compressed oops)
# Derivative: IcedTea 2.6.4
# Distribution: Ubuntu 14.04.3 LTS, package 7u95-2.6.4-0ubuntu0.14.04.1
# Problematic frame:
# V  [libjvm.so+0x723377]
#
# Failed to write core dump. Core dumps have been disabled. To enable core dumping, try "ulimit -c unlimited" before starting Java again
#
# If you would like to submit a bug report, please include
# instructions on how to reproduce the bug and visit:
#   http://icedtea.classpath.org/bugzilla
#

---------------  T H R E A D  ---------------

Current thread (0x00007fc5700ac800):  JavaThread "C2 CompilerThread1" daemon [_thread_in_native, id=28254, stack(0x00007fc56438d000,0x00007fc56448e000)]

siginfo:si_signo=SIGSEGV: si_errno=0, si_code=1 (SEGV_MAPERR), si_addr=0x00007fcd76a2f530

Registers:
RAX=0x00007fcd76a2f530, RBX=0x00007fc54403d390, RCX=0x000000000000000d, RDX=0x0000000000002000
RSP=0x00007fc564489000, RBP=0x00007fc564489020, RSI=0x00007fc54403d390, RDI=0x00007fc54403d390
R8 =0x0000000000000002, R9 =0x00007fc54403d390, R10=0x00007fc5445c4fc0, R11=0x00007fc5382bda40
R12=0x00007fc5644890d0, R13=0x00007fc56448a8d0, R14=0x00007fc5644890f0, R15=0x00007fc54403d348
RIP=0x00007fc5763b8377, EFLAGS=0x0000000000010246, CSGSFS=0x0000000000000033, ERR=0x0000000000000004
  TRAPNO=0x000000000000000e

Top of Stack: (sp=0x00007fc564489000)
0x00007fc564489000:   0000000000000001 00007fc5644890d0
0x00007fc564489010:   00007fc56448a8d0 00007fc5644890f0
0x00007fc564489020:   00007fc564489070 00007fc5763b92a7
0x00007fc564489030:   00007fc564489110 00007fc538334608
0x00007fc564489040:   00007fc5644890f0 00007fc57001ca10
0x00007fc564489050:   00007fc564489110 00007fc56448a8d0
0x00007fc564489060:   00007fc5644890f0 00007fc5644890d0
0x00007fc564489070:   00007fc564489380 00007fc5763b52e5
0x00007fc564489080:   00007fc53833e228 010000c564489110
0x00007fc564489090:   0000000100000001 00007fc56448a8f0
0x00007fc5644890a0:   00007fc500000000 00000000000960b0
0x00007fc5644890b0:   00007fc544045ae8 00007fc54403db50
0x00007fc5644890c0:   00007fc5644890d0 00007fc54403db00
0x00007fc5644890d0:   00007fc576a52450 00007fc57001ca10
0x00007fc5644890e0:   00007fc500000400 00007fc538618ad0
0x00007fc5644890f0:   00007fc5385117c0 00007fc538532150
0x00007fc564489100:   00007fc538511660 00007fc57001ca10
0x00007fc564489110:   00007fc57001ca10 0000000000001000
0x00007fc564489120:   00007fc5384df5f0 0000000000000000
0x00007fc564489130:   00007fc57001ca10 0000000000000004
0x00007fc564489140:   00007fc5441c3710 0000007f00000000
0x00007fc564489150:   0000000000000001 00007fc56448917f
0x00007fc564489160:   0000000000000000 00007fc538344ad0
0x00007fc564489170:   000008000000007d 0000000000000000
0x00007fc564489180:   0000000000000000 00007fc54403db10
0x00007fc564489190:   0000004000000026 0000000000000000
0x00007fc5644891a0:   00007fc564480000 00007fc538000020
0x00007fc5644891b0:   0000000000040010 0000000000000000
0x00007fc5644891c0:   0000000000000000 0000000000040010
0x00007fc5644891d0:   0000000000000000 00007fc538638a40
0x00007fc5644891e0:   00007fc564489200 0000000000000b00
0x00007fc5644891f0:   00007fc564489250 00007fc57645d7de 

Instructions: (pc=0x00007fc5763b8377)
0x00007fc5763b8357:   2e 0f 1f 84 00 00 00 00 00 55 48 89 e5 41 56 41
0x00007fc5763b8367:   55 49 89 fd 48 89 f7 41 54 53 48 8b 06 48 89 f3
0x00007fc5763b8377:   ff 10 3d a0 00 00 00 41 89 c4 0f 84 59 02 00 00
0x00007fc5763b8387:   0f b7 43 2c 89 c2 83 e2 0f 66 83 fa 08 0f 84 46 

Register to memory mapping:

RAX=0x00007fcd76a2f530 is an unknown value
RBX=0x00007fc54403d390 is an unknown value
RCX=0x000000000000000d is an unknown value
RDX=0x0000000000002000 is an unknown value
RSP=0x00007fc564489000 is pointing into the stack for thread: 0x00007fc5700ac800
RBP=0x00007fc564489020 is pointing into the stack for thread: 0x00007fc5700ac800
RSI=0x00007fc54403d390 is an unknown value
RDI=0x00007fc54403d390 is an unknown value
R8 =0x0000000000000002 is an unknown value
R9 =0x00007fc54403d390 is an unknown value
R10=0x00007fc5445c4fc0 is an unknown value
R11=0x00007fc5382bda40 is an unknown value
R12=0x00007fc5644890d0 is pointing into the stack for thread: 0x00007fc5700ac800
R13=0x00007fc56448a8d0 is pointing into the stack for thread: 0x00007fc5700ac800
R14=0x00007fc5644890f0 is pointing into the stack for thread: 0x00007fc5700ac800
R15=0x00007fc54403d348 is an unknown value


Stack: [0x00007fc56438d000,0x00007fc56448e000],  sp=0x00007fc564489000,  free space=1008k
Native frames: (J=compiled Java code, j=interpreted, Vv=VM code, C=native code)
V  [libjvm.so+0x723377]
V  [libjvm.so+0x7242a7]
V  [libjvm.so+0x7202e5]
V  [libjvm.so+0x441f6f]
V  [libjvm.so+0x443a6d]
V  [libjvm.so+0x3b1c7a]
V  [libjvm.so+0x449937]
V  [libjvm.so+0x44aa40]
V  [libjvm.so+0x907e50]
V  [libjvm.so+0x9080c1]
V  [libjvm.so+0x7cc682]


Current CompileTask:
C2:  33111 1196   !         com.android.dx.cf.code.BytecodeArray::parseInstruction (2764 bytes)


---------------  P R O C E S S  ---------------

Java Threads: ( => current thread )
  0x00007fc5701e2800 JavaThread "pool-2-thread-4" [_thread_in_Java, id=28261, stack(0x00007fc55e37d000,0x00007fc55e47e000)]
  0x00007fc5701d4800 JavaThread "pool-2-thread-3" [_thread_in_Java, id=28260, stack(0x00007fc55e47e000,0x00007fc55e57f000)]
  0x00007fc5701d2800 JavaThread "pool-2-thread-2" [_thread_blocked, id=28259, stack(0x00007fc55e57f000,0x00007fc55e680000)]
  0x00007fc5701d1800 JavaThread "pool-3-thread-1" [_thread_blocked, id=28258, stack(0x00007fc55e680000,0x00007fc55e781000)]
  0x00007fc5701cc000 JavaThread "pool-2-thread-1" [_thread_in_Java, id=28257, stack(0x00007fc55e781000,0x00007fc55e882000)]
  0x00007fc5700ae800 JavaThread "Service Thread" daemon [_thread_blocked, id=28255, stack(0x00007fc56428c000,0x00007fc56438d000)]
=>0x00007fc5700ac800 JavaThread "C2 CompilerThread1" daemon [_thread_in_native, id=28254, stack(0x00007fc56438d000,0x00007fc56448e000)]
  0x00007fc5700a9800 JavaThread "C2 CompilerThread0" daemon [_thread_in_native, id=28253, stack(0x00007fc56448e000,0x00007fc56458f000)]
  0x00007fc5700a7000 JavaThread "Signal Dispatcher" daemon [_thread_blocked, id=28252, stack(0x00007fc56458f000,0x00007fc564690000)]
  0x00007fc57007c000 JavaThread "Finalizer" daemon [_thread_blocked, id=28251, stack(0x00007fc564ea3000,0x00007fc564fa4000)]
  0x00007fc57007a000 JavaThread "Reference Handler" daemon [_thread_blocked, id=28250, stack(0x00007fc564fa4000,0x00007fc5650a5000)]
  0x00007fc57000a800 JavaThread "main" [_thread_in_Java, id=28244, stack(0x00007fc5777a9000,0x00007fc5778aa000)]

Other Threads:
  0x00007fc570075800 VMThread [stack: 0x00007fc5650a5000,0x00007fc5651a6000] [id=28249]
  0x00007fc5700b9800 WatcherThread [stack: 0x00007fc56418b000,0x00007fc56428c000] [id=28256]

VM state:not at safepoint (normal execution)

VM Mutex/Monitor currently owned by a thread: None

Heap
 PSYoungGen      total 233472K, used 74137K [0x00000000eaa80000, 0x0000000100000000, 0x0000000100000000)
  eden space 117248K, 29% used [0x00000000eaa80000,0x00000000ecc785e8,0x00000000f1d00000)
  from space 116224K, 33% used [0x00000000f1d00000,0x00000000f436e110,0x00000000f8e80000)
  to   space 116224K, 0% used [0x00000000f8e80000,0x00000000f8e80000,0x0000000100000000)
 ParOldGen       total 461824K, used 309672K [0x00000000c0000000, 0x00000000dc300000, 0x00000000eaa80000)
  object space 461824K, 67% used [0x00000000c0000000,0x00000000d2e6a320,0x00000000dc300000)
 PSPermGen       total 21504K, used 6384K [0x00000000b5a00000, 0x00000000b6f00000, 0x00000000c0000000)
  object space 21504K, 29% used [0x00000000b5a00000,0x00000000b603c3b8,0x00000000b6f00000)

Card table byte_map: [0x00007fc57418b000,0x00007fc5743df000] byte_map_base: 0x00007fc573bde000

Polling page: 0x00007fc5778d2000

Code Cache  [0x00007fc56d000000, 0x00007fc56d400000, 0x00007fc570000000)
 total_blobs=1368 nmethods=1137 adapters=184 free_code_cache=45258Kb largest_free_block=46182784

Compilation events (10 events):
Event: 32,479 Thread 0x00007fc5700ac800 nmethod 1194 0x00007fc56d31ba90 code [0x00007fc56d31bbc0, 0x00007fc56d31bc58]
Event: 32,484 Thread 0x00007fc5700ac800 1195             com.android.dx.ssa.SCCP::simulatePhiBlock (50 bytes)
Event: 32,958 Thread 0x00007fc5700ac800 nmethod 1195 0x00007fc56d2d0a10 code [0x00007fc56d2d0c40, 0x00007fc56d2d1798]
Event: 32,959 Thread 0x00007fc5700ac800 1196   !         com.android.dx.cf.code.BytecodeArray::parseInstruction (2764 bytes)
Event: 32,971 Thread 0x00007fc5700a9800 nmethod 1192 0x00007fc56d2c24d0 code [0x00007fc56d2c2a00, 0x00007fc56d2c51d8]
Event: 32,972 Thread 0x00007fc5700a9800 1197             com.android.dx.ssa.SCCP::simulatePhi (169 bytes)
Event: 33,000 Thread 0x00007fc5700a9800 nmethod 1197 0x00007fc56d2cc390 code [0x00007fc56d2cc580, 0x00007fc56d2ccf78]
Event: 33,000 Thread 0x00007fc5700a9800 1198             com.android.dx.ssa.SsaMethod::makeExitBlock (134 bytes)
Event: 33,020 Thread 0x00007fc5700a9800 nmethod 1198 0x00007fc56d31c550 code [0x00007fc56d31c720, 0x00007fc56d31cd20]
Event: 33,021 Thread 0x00007fc5700a9800 1199             com.android.dx.ssa.back.SsaToRop::convertBasicBlocks (151 bytes)

GC Heap History (10 events):
Event: 28,175 GC heap before
{Heap before GC invocations=16 (full 2):
 PSYoungGen      total 240128K, used 208790K [0x00000000eaa80000, 0x0000000100000000, 0x0000000100000000)
  eden space 142336K, 100% used [0x00000000eaa80000,0x00000000f3580000,0x00000000f3580000)
  from space 97792K, 67% used [0x00000000f3580000,0x00000000f7665898,0x00000000f9500000)
  to   space 101888K, 0% used [0x00000000f9c80000,0x00000000f9c80000,0x0000000100000000)
 ParOldGen       total 296960K, used 207310K [0x00000000c0000000, 0x00000000d2200000, 0x00000000eaa80000)
  object space 296960K, 69% used [0x00000000c0000000,0x00000000cca73920,0x00000000d2200000)
 PSPermGen       total 21504K, used 6373K [0x00000000b5a00000, 0x00000000b6f00000, 0x00000000c0000000)
  object space 21504K, 29% used [0x00000000b5a00000,0x00000000b60394b0,0x00000000b6f00000)
Event: 28,369 GC heap after
Heap after GC invocations=16 (full 2):
 PSYoungGen      total 223232K, used 91434K [0x00000000eaa80000, 0x0000000100000000, 0x0000000100000000)
  eden space 121344K, 0% used [0x00000000eaa80000,0x00000000eaa80000,0x00000000f2100000)
  from space 101888K, 89% used [0x00000000f9c80000,0x00000000ff5ca928,0x0000000100000000)
  to   space 114176K, 0% used [0x00000000f2100000,0x00000000f2100000,0x00000000f9080000)
 ParOldGen       total 296960K, used 207310K [0x00000000c0000000, 0x00000000d2200000, 0x00000000eaa80000)
  object space 296960K, 69% used [0x00000000c0000000,0x00000000cca73920,0x00000000d2200000)
 PSPermGen       total 21504K, used 6373K [0x00000000b5a00000, 0x00000000b6f00000, 0x00000000c0000000)
  object space 21504K, 29% used [0x00000000b5a00000,0x00000000b60394b0,0x00000000b6f00000)
}
Event: 29,078 GC heap before
{Heap before GC invocations=17 (full 2):
 PSYoungGen      total 223232K, used 212778K [0x00000000eaa80000, 0x0000000100000000, 0x0000000100000000)
  eden space 121344K, 100% used [0x00000000eaa80000,0x00000000f2100000,0x00000000f2100000)
  from space 101888K, 89% used [0x00000000f9c80000,0x00000000ff5ca928,0x0000000100000000)
  to   space 114176K, 0% used [0x00000000f2100000,0x00000000f2100000,0x00000000f9080000)
 ParOldGen       total 296960K, used 207310K [0x00000000c0000000, 0x00000000d2200000, 0x00000000eaa80000)
  object space 296960K, 69% used [0x00000000c0000000,0x00000000cca73920,0x00000000d2200000)
 PSPermGen       total 21504K, used 6376K [0x00000000b5a00000, 0x00000000b6f00000, 0x00000000c0000000)
  object space 21504K, 29% used [0x00000000b5a00000,0x00000000b603a288,0x00000000b6f00000)
Event: 29,289 GC heap after
Heap after GC invocations=17 (full 2):
 PSYoungGen      total 230912K, used 109076K [0x00000000eaa80000, 0x0000000100000000, 0x0000000100000000)
  eden space 121344K, 0% used [0x00000000eaa80000,0x00000000eaa80000,0x00000000f2100000)
  from space 109568K, 99% used [0x00000000f2100000,0x00000000f8b851b8,0x00000000f8c00000)
  to   space 116224K, 0% used [0x00000000f8e80000,0x00000000f8e80000,0x0000000100000000)
 ParOldGen       total 296960K, used 207310K [0x00000000c0000000, 0x00000000d2200000, 0x00000000eaa80000)
  object space 296960K, 69% used [0x00000000c0000000,0x00000000cca73920,0x00000000d2200000)
 PSPermGen       total 21504K, used 6376K [0x00000000b5a00000, 0x00000000b6f00000, 0x00000000c0000000)
  object space 21504K, 29% used [0x00000000b5a00000,0x00000000b603a288,0x00000000b6f00000)
}
Event: 29,635 GC heap before
{Heap before GC invocations=18 (full 2):
 PSYoungGen      total 230912K, used 230420K [0x00000000eaa80000, 0x0000000100000000, 0x0000000100000000)
  eden space 121344K, 100% used [0x00000000eaa80000,0x00000000f2100000,0x00000000f2100000)
  from space 109568K, 99% used [0x00000000f2100000,0x00000000f8b851b8,0x00000000f8c00000)
  to   space 116224K, 0% used [0x00000000f8e80000,0x00000000f8e80000,0x0000000100000000)
 ParOldGen       total 296960K, used 207310K [0x00000000c0000000, 0x00000000d2200000, 0x00000000eaa80000)
  object space 296960K, 69% used [0x00000000c0000000,0x00000000cca73920,0x00000000d2200000)
 PSPermGen       total 21504K, used 6383K [0x00000000b5a00000, 0x00000000b6f00000, 0x00000000c0000000)
  object space 21504K, 29% used [0x00000000b5a00000,0x00000000b603bd38,0x00000000b6f00000)
Event: 29,910 GC heap after
Heap after GC invocations=18 (full 2):
 PSYoungGen      total 233472K, used 84424K [0x00000000eaa80000, 0x0000000100000000, 0x0000000100000000)
  eden space 117248K, 0% used [0x00000000eaa80000,0x00000000eaa80000,0x00000000f1d00000)
  from space 116224K, 72% used [0x00000000f8e80000,0x00000000fe0f2168,0x0000000100000000)
  to   space 116224K, 0% used [0x00000000f1d00000,0x00000000f1d00000,0x00000000f8e80000)
 ParOldGen       total 296960K, used 249808K [0x00000000c0000000, 0x00000000d2200000, 0x00000000eaa80000)
  object space 296960K, 84% used [0x00000000c0000000,0x00000000cf3f4378,0x00000000d2200000)
 PSPermGen       total 21504K, used 6383K [0x00000000b5a00000, 0x00000000b6f00000, 0x00000000c0000000)
  object space 21504K, 29% used [0x00000000b5a00000,0x00000000b603bd38,0x00000000b6f00000)
}
Event: 29,910 GC heap before
{Heap before GC invocations=19 (full 3):
 PSYoungGen      total 233472K, used 84424K [0x00000000eaa80000, 0x0000000100000000, 0x0000000100000000)
  eden space 117248K, 0% used [0x00000000eaa80000,0x00000000eaa80000,0x00000000f1d00000)
  from space 116224K, 72% used [0x00000000f8e80000,0x00000000fe0f2168,0x0000000100000000)
  to   space 116224K, 0% used [0x00000000f1d00000,0x00000000f1d00000,0x00000000f8e80000)
 ParOldGen       total 296960K, used 249808K [0x00000000c0000000, 0x00000000d2200000, 0x00000000eaa80000)
  object space 296960K, 84% used [0x00000000c0000000,0x00000000cf3f4378,0x00000000d2200000)
 PSPermGen       total 21504K, used 6383K [0x00000000b5a00000, 0x00000000b6f00000, 0x00000000c0000000)
  object space 21504K, 29% used [0x00000000b5a00000,0x00000000b603bd38,0x00000000b6f00000)
Event: 32,194 GC heap after
Heap after GC invocations=19 (full 3):
 PSYoungGen      total 233472K, used 33550K [0x00000000eaa80000, 0x0000000100000000, 0x0000000100000000)
  eden space 117248K, 0% used [0x00000000eaa80000,0x00000000eaa80000,0x00000000f1d00000)
  from space 116224K, 28% used [0x00000000f8e80000,0x00000000faf43820,0x0000000100000000)
  to   space 116224K, 0% used [0x00000000f1d00000,0x00000000f1d00000,0x00000000f8e80000)
 ParOldGen       total 461824K, used 296672K [0x00000000c0000000, 0x00000000dc300000, 0x00000000eaa80000)
  object space 461824K, 64% used [0x00000000c0000000,0x00000000d21b8320,0x00000000dc300000)
 PSPermGen       total 21504K, used 6382K [0x00000000b5a00000, 0x00000000b6f00000, 0x00000000c0000000)
  object space 21504K, 29% used [0x00000000b5a00000,0x00000000b603bb78,0x00000000b6f00000)
}
Event: 32,578 GC heap before
{Heap before GC invocations=20 (full 3):
 PSYoungGen      total 233472K, used 150798K [0x00000000eaa80000, 0x0000000100000000, 0x0000000100000000)
  eden space 117248K, 100% used [0x00000000eaa80000,0x00000000f1d00000,0x00000000f1d00000)
  from space 116224K, 28% used [0x00000000f8e80000,0x00000000faf43820,0x0000000100000000)
  to   space 116224K, 0% used [0x00000000f1d00000,0x00000000f1d00000,0x00000000f8e80000)
 ParOldGen       total 461824K, used 296672K [0x00000000c0000000, 0x00000000dc300000, 0x00000000eaa80000)
  object space 461824K, 64% used [0x00000000c0000000,0x00000000d21b8320,0x00000000dc300000)
 PSPermGen       total 21504K, used 6384K [0x00000000b5a00000, 0x00000000b6f00000, 0x00000000c0000000)
  object space 21504K, 29% used [0x00000000b5a00000,0x00000000b603c168,0x00000000b6f00000)
Event: 32,956 GC heap after
Heap after GC invocations=20 (full 3):
 PSYoungGen      total 233472K, used 39352K [0x00000000eaa80000, 0x0000000100000000, 0x0000000100000000)
  eden space 117248K, 0% used [0x00000000eaa80000,0x00000000eaa80000,0x00000000f1d00000)
  from space 116224K, 33% used [0x00000000f1d00000,0x00000000f436e110,0x00000000f8e80000)
  to   space 116224K, 0% used [0x00000000f8e80000,0x00000000f8e80000,0x0000000100000000)
 ParOldGen       total 461824K, used 309672K [0x00000000c0000000, 0x00000000dc300000, 0x00000000eaa80000)
  object space 461824K, 67% used [0x00000000c0000000,0x00000000d2e6a320,0x00000000dc300000)
 PSPermGen       total 21504K, used 6384K [0x00000000b5a00000, 0x00000000b6f00000, 0x00000000c0000000)
  object space 21504K, 29% used [0x00000000b5a00000,0x00000000b603c168,0x00000000b6f00000)
}

Deoptimization events (10 events):
Event: 32,306 Thread 0x00007fc5701e2800 Uncommon trap: reason=class_check action=maybe_recompile pc=0x00007fc56d3b1910 method=com.android.dx.ssa.SCCP.simulateBranch(Lcom/android/dx/ssa/SsaInsn;)V @ 145
Event: 32,306 Thread 0x00007fc5701e2800 Uncommon trap: reason=unstable_if action=reinterpret pc=0x00007fc56d108c24 method=com.android.dx.ssa.SCCP.simulatePhi(Lcom/android/dx/ssa/PhiInsn;)V @ 83
Event: 32,306 Thread 0x00007fc5701e2800 Uncommon trap: reason=unstable_if action=reinterpret pc=0x00007fc56d0f8e1c method=com.android.dx.ssa.SCCP.run()V @ 179
Event: 32,309 Thread 0x00007fc5701e2800 Uncommon trap: reason=class_check action=maybe_recompile pc=0x00007fc56d3b1910 method=com.android.dx.ssa.SCCP.simulateBranch(Lcom/android/dx/ssa/SsaInsn;)V @ 145
Event: 32,411 Thread 0x00007fc5701e2800 Uncommon trap: reason=bimorphic action=maybe_recompile pc=0x00007fc56d3b692c method=com.android.dx.cf.code.BytecodeArray.parseInstruction(ILcom/android/dx/cf/code/BytecodeArray$Visitor;)I @ 1612
Event: 32,411 Thread 0x00007fc5701e2800 Uncommon trap: reason=bimorphic action=maybe_recompile pc=0x00007fc56d3b692c method=com.android.dx.cf.code.BytecodeArray.parseInstruction(ILcom/android/dx/cf/code/BytecodeArray$Visitor;)I @ 1612
Event: 32,419 Thread 0x00007fc5701cc000 Uncommon trap: reason=class_check action=maybe_recompile pc=0x00007fc56d31dc60 method=com.android.dx.ssa.SCCP.replaceConstants()V @ 127
Event: 32,506 Thread 0x00007fc5701cc000 Uncommon trap: reason=class_check action=maybe_recompile pc=0x00007fc56d31dc60 method=com.android.dx.ssa.SCCP.replaceConstants()V @ 127
Event: 32,546 Thread 0x00007fc5701e2800 Uncommon trap: reason=class_check action=maybe_recompile pc=0x00007fc56d31dc60 method=com.android.dx.ssa.SCCP.replaceConstants()V @ 127
Event: 32,983 Thread 0x00007fc5701d2800 Uncommon trap: reason=class_check action=maybe_recompile pc=0x00007fc56d31dc60 method=com.android.dx.ssa.SCCP.replaceConstants()V @ 127

Internal exceptions (10 events):
Event: 9,818 Thread 0x00007fc5701d2800 Implicit null exception at 0x00007fc56d1e3c35 to 0x00007fc56d1e8449
Event: 12,309 Thread 0x00007fc5701d2800 Threw 0x00000000f1d23c18 at /build/openjdk-7-2FOwCu/openjdk-7-7u95-2.6.4/build/openjdk/hotspot/src/share/vm/prims/jvm.cpp:1322
Event: 16,720 Thread 0x00007fc5701e2800 Implicit null exception at 0x00007fc56d2b329d to 0x00007fc56d2b5db5
Event: 16,929 Thread 0x00007fc57000a800 Implicit null exception at 0x00007fc56d2801fc to 0x00007fc56d2802f3
Event: 17,078 Thread 0x00007fc57000a800 Implicit null exception at 0x00007fc56d2a2e31 to 0x00007fc56d2a4505
Event: 17,424 Thread 0x00007fc57000a800 Threw 0x00000000eab643e8 at /build/openjdk-7-2FOwCu/openjdk-7-7u95-2.6.4/build/openjdk/hotspot/src/share/vm/prims/jvm.cpp:1322
Event: 17,639 Thread 0x00007fc5701d4800 Threw 0x00000000ecaf2c48 at /build/openjdk-7-2FOwCu/openjdk-7-7u95-2.6.4/build/openjdk/hotspot/src/share/vm/prims/jvm.cpp:1322
Event: 17,799 Thread 0x00007fc57000a800 Threw 0x00000000ee3f1878 at /build/openjdk-7-2FOwCu/openjdk-7-7u95-2.6.4/build/openjdk/hotspot/src/share/vm/prims/jvm.cpp:1322
Event: 26,704 Thread 0x00007fc57000a800 Threw 0x00000000f0fc0180 at /build/openjdk-7-2FOwCu/openjdk-7-7u95-2.6.4/build/openjdk/hotspot/src/share/vm/prims/jvm.cpp:1322
Event: 28,844 Thread 0x00007fc57000a800 Implicit null exception at 0x00007fc56d3d6e77 to 0x00007fc56d3d7ea1

Events (10 events):
Event: 32,506 Thread 0x00007fc5701cc000 DEOPT PACKING pc=0x00007fc56d31dc60 sp=0x00007fc55e8803a0
Event: 32,506 Thread 0x00007fc5701cc000 DEOPT UNPACKING pc=0x00007fc56d039445 sp=0x00007fc55e880318 mode 2
Event: 32,546 Thread 0x00007fc5701e2800 Uncommon trap: trap_request=0xffffffde fr.pc=0x00007fc56d31dc60
Event: 32,546 Thread 0x00007fc5701e2800 DEOPT PACKING pc=0x00007fc56d31dc60 sp=0x00007fc55e47c3a0
Event: 32,546 Thread 0x00007fc5701e2800 DEOPT UNPACKING pc=0x00007fc56d039445 sp=0x00007fc55e47c318 mode 2
Event: 32,576 Executing VM operation: ParallelGCFailedAllocation
Event: 32,956 Executing VM operation: ParallelGCFailedAllocation done
Event: 32,983 Thread 0x00007fc5701d2800 Uncommon trap: trap_request=0xffffffde fr.pc=0x00007fc56d31dc60
Event: 32,983 Thread 0x00007fc5701d2800 DEOPT PACKING pc=0x00007fc56d31dc60 sp=0x00007fc55e67e3a0
Event: 32,983 Thread 0x00007fc5701d2800 DEOPT UNPACKING pc=0x00007fc56d039445 sp=0x00007fc55e67e310 mode 2


Dynamic libraries:
00400000-00401000 r-xp 00000000 08:02 2761158                            /usr/lib/jvm/java-7-openjdk-amd64/jre/bin/java
00600000-00601000 r--p 00000000 08:02 2761158                            /usr/lib/jvm/java-7-openjdk-amd64/jre/bin/java
00601000-00602000 rw-p 00001000 08:02 2761158                            /usr/lib/jvm/java-7-openjdk-amd64/jre/bin/java
009bf000-009e0000 rw-p 00000000 00:00 0                                  [heap]
b5a00000-b6f00000 rw-p 00000000 00:00 0 
b6f00000-c0000000 rw-p 00000000 00:00 0 
c0000000-dc300000 rw-p 00000000 00:00 0 
dc300000-eaa80000 rw-p 00000000 00:00 0 
eaa80000-100000000 rw-p 00000000 00:00 0 
7fc520000000-7fc52002a000 rw-p 00000000 00:00 0 
7fc52002a000-7fc524000000 ---p 00000000 00:00 0 
7fc524000000-7fc524022000 rw-p 00000000 00:00 0 
7fc524022000-7fc528000000 ---p 00000000 00:00 0 
7fc528000000-7fc528021000 rw-p 00000000 00:00 0 
7fc528021000-7fc52c000000 ---p 00000000 00:00 0 
7fc52c000000-7fc52c027000 rw-p 00000000 00:00 0 
7fc52c027000-7fc530000000 ---p 00000000 00:00 0 
7fc530000000-7fc530021000 rw-p 00000000 00:00 0 
7fc530021000-7fc534000000 ---p 00000000 00:00 0 
7fc534000000-7fc53402f000 rw-p 00000000 00:00 0 
7fc53402f000-7fc538000000 ---p 00000000 00:00 0 
7fc538000000-7fc539d44000 rw-p 00000000 00:00 0 
7fc539d44000-7fc53c000000 ---p 00000000 00:00 0 
7fc53c000000-7fc53c021000 rw-p 00000000 00:00 0 
7fc53c021000-7fc540000000 ---p 00000000 00:00 0 
7fc540000000-7fc540021000 rw-p 00000000 00:00 0 
7fc540021000-7fc544000000 ---p 00000000 00:00 0 
7fc544000000-7fc545f86000 rw-p 00000000 00:00 0 
7fc545f86000-7fc548000000 ---p 00000000 00:00 0 
7fc548000000-7fc548021000 rw-p 00000000 00:00 0 
7fc548021000-7fc54c000000 ---p 00000000 00:00 0 
7fc54c000000-7fc54c021000 rw-p 00000000 00:00 0 
7fc54c021000-7fc550000000 ---p 00000000 00:00 0 
7fc550000000-7fc550021000 rw-p 00000000 00:00 0 
7fc550021000-7fc554000000 ---p 00000000 00:00 0 
7fc554000000-7fc554021000 rw-p 00000000 00:00 0 
7fc554021000-7fc558000000 ---p 00000000 00:00 0 
7fc558000000-7fc558021000 rw-p 00000000 00:00 0 
7fc558021000-7fc55c000000 ---p 00000000 00:00 0 
7fc55e37d000-7fc55e380000 ---p 00000000 00:00 0 
7fc55e380000-7fc55e47e000 rw-p 00000000 00:00 0                          [stack:28261]
7fc55e47e000-7fc55e481000 ---p 00000000 00:00 0 
7fc55e481000-7fc55e57f000 rw-p 00000000 00:00 0                          [stack:28260]
7fc55e57f000-7fc55e582000 ---p 00000000 00:00 0 
7fc55e582000-7fc55e680000 rw-p 00000000 00:00 0                          [stack:28259]
7fc55e680000-7fc55e683000 ---p 00000000 00:00 0 
7fc55e683000-7fc55e781000 rw-p 00000000 00:00 0                          [stack:28258]
7fc55e781000-7fc55e784000 ---p 00000000 00:00 0 
7fc55e784000-7fc55e882000 rw-p 00000000 00:00 0                          [stack:28257]
7fc55e882000-7fc55e8bf000 r-xp 00000000 08:02 13447                      /lib/x86_64-linux-gnu/libpcre.so.3.13.1
7fc55e8bf000-7fc55eabe000 ---p 0003d000 08:02 13447                      /lib/x86_64-linux-gnu/libpcre.so.3.13.1
7fc55eabe000-7fc55eabf000 r--p 0003c000 08:02 13447                      /lib/x86_64-linux-gnu/libpcre.so.3.13.1
7fc55eabf000-7fc55eac0000 rw-p 0003d000 08:02 13447                      /lib/x86_64-linux-gnu/libpcre.so.3.13.1
7fc55eac0000-7fc55eac7000 r-xp 00000000 08:02 21389                      /usr/lib/x86_64-linux-gnu/libffi.so.6.0.1
7fc55eac7000-7fc55ecc6000 ---p 00007000 08:02 21389                      /usr/lib/x86_64-linux-gnu/libffi.so.6.0.1
7fc55ecc6000-7fc55ecc7000 r--p 00006000 08:02 21389                      /usr/lib/x86_64-linux-gnu/libffi.so.6.0.1
7fc55ecc7000-7fc55ecc8000 rw-p 00007000 08:02 21389                      /usr/lib/x86_64-linux-gnu/libffi.so.6.0.1
7fc55ecc8000-7fc55ecdf000 r-xp 00000000 08:02 3147                       /lib/x86_64-linux-gnu/libresolv-2.19.so
7fc55ecdf000-7fc55eedf000 ---p 00017000 08:02 3147                       /lib/x86_64-linux-gnu/libresolv-2.19.so
7fc55eedf000-7fc55eee0000 r--p 00017000 08:02 3147                       /lib/x86_64-linux-gnu/libresolv-2.19.so
7fc55eee0000-7fc55eee1000 rw-p 00018000 08:02 3147                       /lib/x86_64-linux-gnu/libresolv-2.19.so
7fc55eee1000-7fc55eee3000 rw-p 00000000 00:00 0 
7fc55eee3000-7fc55ef03000 r-xp 00000000 08:02 13524                      /lib/x86_64-linux-gnu/libselinux.so.1
7fc55ef03000-7fc55f102000 ---p 00020000 08:02 13524                      /lib/x86_64-linux-gnu/libselinux.so.1
7fc55f102000-7fc55f103000 r--p 0001f000 08:02 13524                      /lib/x86_64-linux-gnu/libselinux.so.1
7fc55f103000-7fc55f104000 rw-p 00020000 08:02 13524                      /lib/x86_64-linux-gnu/libselinux.so.1
7fc55f104000-7fc55f106000 rw-p 00000000 00:00 0 
7fc55f106000-7fc55f109000 r-xp 00000000 08:02 28550                      /usr/lib/x86_64-linux-gnu/libgmodule-2.0.so.0.4002.0
7fc55f109000-7fc55f308000 ---p 00003000 08:02 28550                      /usr/lib/x86_64-linux-gnu/libgmodule-2.0.so.0.4002.0
7fc55f308000-7fc55f309000 r--p 00002000 08:02 28550                      /usr/lib/x86_64-linux-gnu/libgmodule-2.0.so.0.4002.0
7fc55f309000-7fc55f30a000 rw-p 00003000 08:02 28550                      /usr/lib/x86_64-linux-gnu/libgmodule-2.0.so.0.4002.0
7fc55f30a000-7fc55f410000 r-xp 00000000 08:02 13425                      /lib/x86_64-linux-gnu/libglib-2.0.so.0.4002.0
7fc55f410000-7fc55f60f000 ---p 00106000 08:02 13425                      /lib/x86_64-linux-gnu/libglib-2.0.so.0.4002.0
7fc55f60f000-7fc55f610000 r--p 00105000 08:02 13425                      /lib/x86_64-linux-gnu/libglib-2.0.so.0.4002.0
7fc55f610000-7fc55f611000 rw-p 00106000 08:02 13425                      /lib/x86_64-linux-gnu/libglib-2.0.so.0.4002.0
7fc55f611000-7fc55f612000 rw-p 00000000 00:00 0 
7fc55f612000-7fc55f661000 r-xp 00000000 08:02 28566                      /usr/lib/x86_64-linux-gnu/libgobject-2.0.so.0.4002.0
7fc55f661000-7fc55f861000 ---p 0004f000 08:02 28566                      /usr/lib/x86_64-linux-gnu/libgobject-2.0.so.0.4002.0
7fc55f861000-7fc55f862000 r--p 0004f000 08:02 28566                      /usr/lib/x86_64-linux-gnu/libgobject-2.0.so.0.4002.0
7fc55f862000-7fc55f863000 rw-p 00050000 08:02 28566                      /usr/lib/x86_64-linux-gnu/libgobject-2.0.so.0.4002.0
7fc55f863000-7fc55f9cf000 r-xp 00000000 08:02 28538                      /usr/lib/x86_64-linux-gnu/libgio-2.0.so.0.4002.0
7fc55f9cf000-7fc55fbce000 ---p 0016c000 08:02 28538                      /usr/lib/x86_64-linux-gnu/libgio-2.0.so.0.4002.0
7fc55fbce000-7fc55fbd2000 r--p 0016b000 08:02 28538                      /usr/lib/x86_64-linux-gnu/libgio-2.0.so.0.4002.0
7fc55fbd2000-7fc55fbd4000 rw-p 0016f000 08:02 28538                      /usr/lib/x86_64-linux-gnu/libgio-2.0.so.0.4002.0
7fc55fbd4000-7fc55fbd6000 rw-p 00000000 00:00 0 
7fc55fbd6000-7fc55fbed000 r-xp 00000000 08:02 2625929                    /usr/lib/jvm/java-7-openjdk-amd64/jre/lib/amd64/libnet.so
7fc55fbed000-7fc55fdec000 ---p 00017000 08:02 2625929                    /usr/lib/jvm/java-7-openjdk-amd64/jre/lib/amd64/libnet.so
7fc55fdec000-7fc55fded000 r--p 00016000 08:02 2625929                    /usr/lib/jvm/java-7-openjdk-amd64/jre/lib/amd64/libnet.so
7fc55fded000-7fc55fdee000 rw-p 00017000 08:02 2625929                    /usr/lib/jvm/java-7-openjdk-amd64/jre/lib/amd64/libnet.so
7fc55fdee000-7fc55fdfe000 r-xp 00000000 08:02 2625910                    /usr/lib/jvm/java-7-openjdk-amd64/jre/lib/amd64/libnio.so
7fc55fdfe000-7fc55fffe000 ---p 00010000 08:02 2625910                    /usr/lib/jvm/java-7-openjdk-amd64/jre/lib/amd64/libnio.so
7fc55fffe000-7fc55ffff000 r--p 00010000 08:02 2625910                    /usr/lib/jvm/java-7-openjdk-amd64/jre/lib/amd64/libnio.so
7fc55ffff000-7fc560000000 rw-p 00011000 08:02 2625910                    /usr/lib/jvm/java-7-openjdk-amd64/jre/lib/amd64/libnio.so
7fc560000000-7fc560021000 rw-p 00000000 00:00 0 
7fc560021000-7fc564000000 ---p 00000000 00:00 0 
7fc56409e000-7fc5640cf000 rw-p 00000000 00:00 0 
7fc5640f3000-7fc56417c000 r--s 00726000 08:02 30808974                   /home/ivan/workspace/Champy_v2/app/build/intermediates/transforms/jarMerging/debug/jars/1/1f/combined.jar
7fc56417c000-7fc56418b000 r--s 000df000 08:02 1575371                    /home/ivan/Android/Sdk/build-tools/23.0.1/lib/dx.jar
7fc56418b000-7fc56418c000 ---p 00000000 00:00 0 
7fc56418c000-7fc56428c000 rw-p 00000000 00:00 0                          [stack:28256]
7fc56428c000-7fc56428f000 ---p 00000000 00:00 0 
7fc56428f000-7fc56438d000 rw-p 00000000 00:00 0                          [stack:28255]
7fc56438d000-7fc564390000 ---p 00000000 00:00 0 
7fc564390000-7fc56448e000 rw-p 00000000 00:00 0                          [stack:28254]
7fc56448e000-7fc564491000 ---p 00000000 00:00 0 
7fc564491000-7fc56458f000 rw-p 00000000 00:00 0                          [stack:28253]
7fc56458f000-7fc564592000 ---p 00000000 00:00 0 
7fc564592000-7fc564690000 rw-p 00000000 00:00 0                          [stack:28252]
7fc564690000-7fc564ea3000 r--p 00000000 08:02 27195                      /usr/lib/locale/locale-archive
7fc564ea3000-7fc564ea6000 ---p 00000000 00:00 0 
7fc564ea6000-7fc564fa4000 rw-p 00000000 00:00 0                          [stack:28251]
7fc564fa4000-7fc564fa7000 ---p 00000000 00:00 0 
7fc564fa7000-7fc5650a5000 rw-p 00000000 00:00 0                          [stack:28250]
7fc5650a5000-7fc5650a6000 ---p 00000000 00:00 0 
7fc5650a6000-7fc568000000 rw-p 00000000 00:00 0                          [stack:28249]
7fc568000000-7fc568021000 rw-p 00000000 00:00 0 
7fc568021000-7fc56c000000 ---p 00000000 00:00 0 
7fc56c000000-7fc56c6d3000 rw-p 00000000 00:00 0 
7fc56c6d3000-7fc56c885000 r--s 01d2f000 08:02 2625893                    /usr/lib/jvm/java-7-openjdk-amd64/jre/lib/rt.jar
7fc56c885000-7fc56cba9000 rw-p 00000000 00:00 0 
7fc56cba9000-7fc56cbaa000 ---p 00000000 00:00 0 
7fc56cbaa000-7fc56ccaa000 rw-p 00000000 00:00 0                          [stack:28248]
7fc56ccaa000-7fc56ccab000 ---p 00000000 00:00 0 
7fc56ccab000-7fc56cdab000 rw-p 00000000 00:00 0                          [stack:28247]
7fc56cdab000-7fc56cdac000 ---p 00000000 00:00 0 
7fc56cdac000-7fc56ceac000 rw-p 00000000 00:00 0                          [stack:28246]
7fc56ceac000-7fc56cead000 ---p 00000000 00:00 0 
7fc56cead000-7fc56cfb8000 rw-p 00000000 00:00 0                          [stack:28245]
7fc56cfb8000-7fc56d000000 rw-p 00000000 00:00 0 
7fc56d000000-7fc56d400000 rwxp 00000000 00:00 0 
7fc56d400000-7fc5702c9000 rw-p 00000000 00:00 0 
7fc5702c9000-7fc574000000 ---p 00000000 00:00 0 
7fc57400d000-7fc574117000 rw-p 00000000 00:00 0 
7fc574117000-7fc57418b000 rw-p 00000000 00:00 0 
7fc57418b000-7fc574196000 rw-p 00000000 00:00 0 
7fc574196000-7fc5741de000 rw-p 00000000 00:00 0 
7fc5741de000-7fc5742c0000 rw-p 00000000 00:00 0 
7fc5742c0000-7fc574333000 rw-p 00000000 00:00 0 
7fc574333000-7fc5743de000 rw-p 00000000 00:00 0 
7fc5743de000-7fc5743df000 rw-p 00000000 00:00 0 
7fc5743df000-7fc5743e7000 r-xp 00000000 08:02 2625902                    /usr/lib/jvm/java-7-openjdk-amd64/jre/lib/amd64/libzip.so
7fc5743e7000-7fc5745e6000 ---p 00008000 08:02 2625902                    /usr/lib/jvm/java-7-openjdk-amd64/jre/lib/amd64/libzip.so
7fc5745e6000-7fc5745e7000 r--p 00007000 08:02 2625902                    /usr/lib/jvm/java-7-openjdk-amd64/jre/lib/amd64/libzip.so
7fc5745e7000-7fc5745e8000 rw-p 00008000 08:02 2625902                    /usr/lib/jvm/java-7-openjdk-amd64/jre/lib/amd64/libzip.so
7fc5745e8000-7fc5745f3000 r-xp 00000000 08:02 3187                       /lib/x86_64-linux-gnu/libnss_files-2.19.so
7fc5745f3000-7fc5747f2000 ---p 0000b000 08:02 3187                       /lib/x86_64-linux-gnu/libnss_files-2.19.so
7fc5747f2000-7fc5747f3000 r--p 0000a000 08:02 3187                       /lib/x86_64-linux-gnu/libnss_files-2.19.so
7fc5747f3000-7fc5747f4000 rw-p 0000b000 08:02 3187                       /lib/x86_64-linux-gnu/libnss_files-2.19.so
7fc5747f4000-7fc5747ff000 r-xp 00000000 08:02 3171                       /lib/x86_64-linux-gnu/libnss_nis-2.19.so
7fc5747ff000-7fc5749fe000 ---p 0000b000 08:02 3171                       /lib/x86_64-linux-gnu/libnss_nis-2.19.so
7fc5749fe000-7fc5749ff000 r--p 0000a000 08:02 3171                       /lib/x86_64-linux-gnu/libnss_nis-2.19.so
7fc5749ff000-7fc574a00000 rw-p 0000b000 08:02 3171                       /lib/x86_64-linux-gnu/libnss_nis-2.19.so
7fc574a00000-7fc574a17000 r-xp 00000000 08:02 3163                       /lib/x86_64-linux-gnu/libnsl-2.19.so
7fc574a17000-7fc574c16000 ---p 00017000 08:02 3163                       /lib/x86_64-linux-gnu/libnsl-2.19.so
7fc574c16000-7fc574c17000 r--p 00016000 08:02 3163                       /lib/x86_64-linux-gnu/libnsl-2.19.so
7fc574c17000-7fc574c18000 rw-p 00017000 08:02 3163                       /lib/x86_64-linux-gnu/libnsl-2.19.so
7fc574c18000-7fc574c1a000 rw-p 00000000 00:00 0 
7fc574c1a000-7fc574c23000 r-xp 00000000 08:02 3161                       /lib/x86_64-linux-gnu/libnss_compat-2.19.so
7fc574c23000-7fc574e22000 ---p 00009000 08:02 3161                       /lib/x86_64-linux-gnu/libnss_compat-2.19.so
7fc574e22000-7fc574e23000 r--p 00008000 08:02 3161                       /lib/x86_64-linux-gnu/libnss_compat-2.19.so
7fc574e23000-7fc574e24000 rw-p 00009000 08:02 3161                       /lib/x86_64-linux-gnu/libnss_compat-2.19.so
7fc574e24000-7fc574e4f000 r-xp 00000000 08:02 2625925                    /usr/lib/jvm/java-7-openjdk-amd64/jre/lib/amd64/libjava.so
7fc574e4f000-7fc57504f000 ---p 0002b000 08:02 2625925                    /usr/lib/jvm/java-7-openjdk-amd64/jre/lib/amd64/libjava.so
7fc57504f000-7fc575050000 r--p 0002b000 08:02 2625925                    /usr/lib/jvm/java-7-openjdk-amd64/jre/lib/amd64/libjava.so
7fc575050000-7fc575052000 rw-p 0002c000 08:02 2625925                    /usr/lib/jvm/java-7-openjdk-amd64/jre/lib/amd64/libjava.so
7fc575052000-7fc575062000 r-xp 00000000 08:02 2625907                    /usr/lib/jvm/java-7-openjdk-amd64/jre/lib/amd64/libverify.so
7fc575062000-7fc575261000 ---p 00010000 08:02 2625907                    /usr/lib/jvm/java-7-openjdk-amd64/jre/lib/amd64/libverify.so
7fc575261000-7fc575263000 r--p 0000f000 08:02 2625907                    /usr/lib/jvm/java-7-openjdk-amd64/jre/lib/amd64/libverify.so
7fc575263000-7fc575264000 rw-p 00011000 08:02 2625907                    /usr/lib/jvm/java-7-openjdk-amd64/jre/lib/amd64/libverify.so
7fc575264000-7fc57526b000 r-xp 00000000 08:02 3179                       /lib/x86_64-linux-gnu/librt-2.19.so
7fc57526b000-7fc57546a000 ---p 00007000 08:02 3179                       /lib/x86_64-linux-gnu/librt-2.19.so
7fc57546a000-7fc57546b000 r--p 00006000 08:02 3179                       /lib/x86_64-linux-gnu/librt-2.19.so
7fc57546b000-7fc57546c000 rw-p 00007000 08:02 3179                       /lib/x86_64-linux-gnu/librt-2.19.so
7fc57546c000-7fc575482000 r-xp 00000000 08:02 3455                       /lib/x86_64-linux-gnu/libgcc_s.so.1
7fc575482000-7fc575681000 ---p 00016000 08:02 3455                       /lib/x86_64-linux-gnu/libgcc_s.so.1
7fc575681000-7fc575682000 r--p 00015000 08:02 3455                       /lib/x86_64-linux-gnu/libgcc_s.so.1
7fc575682000-7fc575683000 rw-p 00016000 08:02 3455                       /lib/x86_64-linux-gnu/libgcc_s.so.1
7fc575683000-7fc575788000 r-xp 00000000 08:02 3151                       /lib/x86_64-linux-gnu/libm-2.19.so
7fc575788000-7fc575987000 ---p 00105000 08:02 3151                       /lib/x86_64-linux-gnu/libm-2.19.so
7fc575987000-7fc575988000 r--p 00104000 08:02 3151                       /lib/x86_64-linux-gnu/libm-2.19.so
7fc575988000-7fc575989000 rw-p 00105000 08:02 3151                       /lib/x86_64-linux-gnu/libm-2.19.so
7fc575989000-7fc575a76000 r-xp 00000000 08:02 9486                       /usr/lib/x86_64-linux-gnu/libstdc++.so.6.0.20
7fc575a76000-7fc575c76000 ---p 000ed000 08:02 9486                       /usr/lib/x86_64-linux-gnu/libstdc++.so.6.0.20
7fc575c76000-7fc575c7e000 r--p 000ed000 08:02 9486                       /usr/lib/x86_64-linux-gnu/libstdc++.so.6.0.20
7fc575c7e000-7fc575c80000 rw-p 000f5000 08:02 9486                       /usr/lib/x86_64-linux-gnu/libstdc++.so.6.0.20
7fc575c80000-7fc575c95000 rw-p 00000000 00:00 0 
7fc575c95000-7fc5767ba000 r-xp 00000000 08:02 2625903                    /usr/lib/jvm/java-7-openjdk-amd64/jre/lib/amd64/server/libjvm.so
7fc5767ba000-7fc5769ba000 ---p 00b25000 08:02 2625903                    /usr/lib/jvm/java-7-openjdk-amd64/jre/lib/amd64/server/libjvm.so
7fc5769ba000-7fc576a54000 r--p 00b25000 08:02 2625903                    /usr/lib/jvm/java-7-openjdk-amd64/jre/lib/amd64/server/libjvm.so
7fc576a54000-7fc576a77000 rw-p 00bbf000 08:02 2625903                    /usr/lib/jvm/java-7-openjdk-amd64/jre/lib/amd64/server/libjvm.so
7fc576a77000-7fc576aa5000 rw-p 00000000 00:00 0 
7fc576aa5000-7fc576abd000 r-xp 00000000 08:02 13550                      /lib/x86_64-linux-gnu/libz.so.1.2.8
7fc576abd000-7fc576cbc000 ---p 00018000 08:02 13550                      /lib/x86_64-linux-gnu/libz.so.1.2.8
7fc576cbc000-7fc576cbd000 r--p 00017000 08:02 13550                      /lib/x86_64-linux-gnu/libz.so.1.2.8
7fc576cbd000-7fc576cbe000 rw-p 00018000 08:02 13550                      /lib/x86_64-linux-gnu/libz.so.1.2.8
7fc576cbe000-7fc576cd7000 r-xp 00000000 08:02 3165                       /lib/x86_64-linux-gnu/libpthread-2.19.so
7fc576cd7000-7fc576ed6000 ---p 00019000 08:02 3165                       /lib/x86_64-linux-gnu/libpthread-2.19.so
7fc576ed6000-7fc576ed7000 r--p 00018000 08:02 3165                       /lib/x86_64-linux-gnu/libpthread-2.19.so
7fc576ed7000-7fc576ed8000 rw-p 00019000 08:02 3165                       /lib/x86_64-linux-gnu/libpthread-2.19.so
7fc576ed8000-7fc576edc000 rw-p 00000000 00:00 0 
7fc576edc000-7fc576edf000 r-xp 00000000 08:02 3155                       /lib/x86_64-linux-gnu/libdl-2.19.so
7fc576edf000-7fc5770de000 ---p 00003000 08:02 3155                       /lib/x86_64-linux-gnu/libdl-2.19.so
7fc5770de000-7fc5770df000 r--p 00002000 08:02 3155                       /lib/x86_64-linux-gnu/libdl-2.19.so
7fc5770df000-7fc5770e0000 rw-p 00003000 08:02 3155                       /lib/x86_64-linux-gnu/libdl-2.19.so
7fc5770e0000-7fc57729b000 r-xp 00000000 08:02 3181                       /lib/x86_64-linux-gnu/libc-2.19.so
7fc57729b000-7fc57749a000 ---p 001bb000 08:02 3181                       /lib/x86_64-linux-gnu/libc-2.19.so
7fc57749a000-7fc57749e000 r--p 001ba000 08:02 3181                       /lib/x86_64-linux-gnu/libc-2.19.so
7fc57749e000-7fc5774a0000 rw-p 001be000 08:02 3181                       /lib/x86_64-linux-gnu/libc-2.19.so
7fc5774a0000-7fc5774a5000 rw-p 00000000 00:00 0 
7fc5774a5000-7fc5774b2000 r-xp 00000000 08:02 2625897                    /usr/lib/jvm/java-7-openjdk-amd64/jre/lib/amd64/jli/libjli.so
7fc5774b2000-7fc5776b1000 ---p 0000d000 08:02 2625897                    /usr/lib/jvm/java-7-openjdk-amd64/jre/lib/amd64/jli/libjli.so
7fc5776b1000-7fc5776b2000 r--p 0000c000 08:02 2625897                    /usr/lib/jvm/java-7-openjdk-amd64/jre/lib/amd64/jli/libjli.so
7fc5776b2000-7fc5776b3000 rw-p 0000d000 08:02 2625897                    /usr/lib/jvm/java-7-openjdk-amd64/jre/lib/amd64/jli/libjli.so
7fc5776b3000-7fc5776d6000 r-xp 00000000 08:02 3167                       /lib/x86_64-linux-gnu/ld-2.19.so
7fc5776d6000-7fc5776d7000 rw-p 00000000 00:00 0 
7fc5776d7000-7fc5776db000 r--s 00034000 08:02 2625935                    /usr/lib/jvm/java-7-openjdk-amd64/jre/lib/ext/sunjce_provider.jar
7fc5776db000-7fc5776dd000 r--s 00012000 08:02 2625936                    /usr/lib/jvm/java-7-openjdk-amd64/jre/lib/ext/zipfs.jar
7fc5776dd000-7fc5776de000 r--s 00002000 08:02 2625938                    /usr/lib/jvm/java-7-openjdk-amd64/jre/lib/ext/dnsns.jar
7fc5776de000-7fc5776e1000 r--s 0000f000 08:02 2625939                    /usr/lib/jvm/java-7-openjdk-amd64/jre/lib/ext/icedtea-sound.jar
7fc5776e1000-7fc5776e5000 r--s 0003c000 08:02 2625937                    /usr/lib/jvm/java-7-openjdk-amd64/jre/lib/ext/sunpkcs11.jar
7fc5776e5000-7fc5776e9000 r--s 00085000 08:02 2625934                    /usr/lib/jvm/java-7-openjdk-amd64/jre/lib/ext/localedata.jar
7fc5776e9000-7fc5776f9000 rw-p 00000000 00:00 0 
7fc5776f9000-7fc5777a9000 rw-p 00000000 00:00 0 
7fc5777a9000-7fc5777ac000 ---p 00000000 00:00 0 
7fc5777ac000-7fc5778af000 rw-p 00000000 00:00 0                          [stack:28244]
7fc5778af000-7fc5778b1000 r--s 00006000 08:02 5674                       /usr/share/java/java-atk-wrapper.jar
7fc5778b1000-7fc5778c9000 rw-p 00000000 00:00 0 
7fc5778c9000-7fc5778d1000 rw-s 00000000 08:02 1315307                    /tmp/hsperfdata_ivan/28239
7fc5778d1000-7fc5778d2000 rw-p 00000000 00:00 0 
7fc5778d2000-7fc5778d3000 r--p 00000000 00:00 0 
7fc5778d3000-7fc5778d5000 rw-p 00000000 00:00 0 
7fc5778d5000-7fc5778d6000 r--p 00022000 08:02 3167                       /lib/x86_64-linux-gnu/ld-2.19.so
7fc5778d6000-7fc5778d7000 rw-p 00023000 08:02 3167                       /lib/x86_64-linux-gnu/ld-2.19.so
7fc5778d7000-7fc5778d8000 rw-p 00000000 00:00 0 
7fff19bf2000-7fff19c13000 rw-p 00000000 00:00 0                          [stack]
7fff19d43000-7fff19d45000 r-xp 00000000 00:00 0                          [vdso]
7fff19d45000-7fff19d47000 r--p 00000000 00:00 0                          [vvar]
ffffffffff600000-ffffffffff601000 r-xp 00000000 00:00 0                  [vsyscall]

VM Arguments:
jvm_args: -Djava.awt.headless=true -Xmx1024M -Dfile.encoding=UTF-8 -Duser.country=UA -Duser.language=ru -Duser.variant 
java_command: com.android.dx.command.Main --dex --num-threads=4 --multi-dex --main-dex-list /home/ivan/workspace/Champy_v2/app/build/intermediates/multi-dex/debug/maindexlist.txt --output /home/ivan/workspace/Champy_v2/app/build/intermediates/transforms/dex/debug/folders/1000/1f/main /home/ivan/workspace/Champy_v2/app/build/intermediates/transforms/jarMerging/debug/jars/1/1f/combined.jar
Launcher Type: SUN_STANDARD

Environment Variables:
JAVA_HOME=/usr/lib/jvm/java-8-oracle
PATH=/usr/local/sbin:/usr/local/bin:/usr/sbin:/usr/bin:/sbin:/bin:/usr/games:/usr/local/games:/usr/lib/jvm/java-8-oracle/bin:/usr/lib/jvm/java-8-oracle/db/bin:/usr/lib/jvm/java-8-oracle/jre/bin
SHELL=/bin/bash
DISPLAY=:0

Signal Handlers:
SIGSEGV: [libjvm.so+0x955bc0], sa_mask[0]=0x7ffbfeff, sa_flags=0x10000004
SIGBUS: [libjvm.so+0x955bc0], sa_mask[0]=0x7ffbfeff, sa_flags=0x10000004
SIGFPE: [libjvm.so+0x7caff0], sa_mask[0]=0x7ffbfeff, sa_flags=0x10000004
SIGPIPE: [libjvm.so+0x7caff0], sa_mask[0]=0x7ffbfeff, sa_flags=0x10000004
SIGXFSZ: [libjvm.so+0x7caff0], sa_mask[0]=0x7ffbfeff, sa_flags=0x10000004
SIGILL: [libjvm.so+0x7caff0], sa_mask[0]=0x7ffbfeff, sa_flags=0x10000004
SIGUSR1: SIG_DFL, sa_mask[0]=0x00000000, sa_flags=0x00000000
SIGUSR2: [libjvm.so+0x7cae90], sa_mask[0]=0x00000004, sa_flags=0x10000004
SIGHUP: [libjvm.so+0x7cb070], sa_mask[0]=0x7ffbfeff, sa_flags=0x10000004
SIGINT: [libjvm.so+0x7cb070], sa_mask[0]=0x7ffbfeff, sa_flags=0x10000004
SIGTERM: [libjvm.so+0x7cb070], sa_mask[0]=0x7ffbfeff, sa_flags=0x10000004
SIGQUIT: [libjvm.so+0x7cb070], sa_mask[0]=0x7ffbfeff, sa_flags=0x10000004
SIGTRAP: SIG_DFL, sa_mask[0]=0x00000000, sa_flags=0x00000000


---------------  S Y S T E M  ---------------

OS:Ubuntu 14.04 (trusty)
uname:Linux 3.16.0-67-generic #87~14.04.1-Ubuntu SMP Fri Mar 11 00:26:02 UTC 2016 x86_64
libc:glibc 2.19 NPTL 2.19 
rlimit: STACK 8192k, CORE 0k, NPROC 30684, NOFILE 4096, AS infinity
load average:6,67 5,15 4,10

/proc/meminfo:
MemTotal:        8059688 kB
MemFree:          607392 kB
MemAvailable:    3194492 kB
Buffers:          200940 kB
Cached:          2609984 kB
SwapCached:            0 kB
Active:          5498764 kB
Inactive:        1576876 kB
Active(anon):    4265932 kB
Inactive(anon):   113820 kB
Active(file):    1232832 kB
Inactive(file):  1463056 kB
Unevictable:          72 kB
Mlocked:              72 kB
SwapTotal:       4075516 kB
SwapFree:        4075516 kB
Dirty:              7600 kB
Writeback:             0 kB
AnonPages:       4264808 kB
Mapped:           520944 kB
Shmem:            115040 kB
Slab:             162328 kB
SReclaimable:     120296 kB
SUnreclaim:        42032 kB
KernelStack:       12112 kB
PageTables:        57216 kB
NFS_Unstable:          0 kB
Bounce:                0 kB
WritebackTmp:          0 kB
CommitLimit:     8105360 kB
Committed_AS:   10307452 kB
VmallocTotal:   34359738367 kB
VmallocUsed:      392004 kB
VmallocChunk:   34359325180 kB
HardwareCorrupted:     0 kB
AnonHugePages:   1943552 kB
HugePages_Total:       0
HugePages_Free:        0
HugePages_Rsvd:        0
HugePages_Surp:        0
Hugepagesize:       2048 kB
DirectMap4k:      235460 kB
DirectMap2M:     8036352 kB


CPU:total 4 (2 cores per cpu, 2 threads per core) family 6 model 58 stepping 9, cmov, cx8, fxsr, mmx, sse, sse2, sse3, ssse3, sse4.1, sse4.2, popcnt, avx, erms, ht, tsc, tscinvbit, tscinv

/proc/cpuinfo:
processor	: 0
vendor_id	: GenuineIntel
cpu family	: 6
model		: 58
model name	: Intel(R) Core(TM) i3-3217U CPU @ 1.80GHz
stepping	: 9
microcode	: 0x15
cpu MHz		: 1800.000
cache size	: 3072 KB
physical id	: 0
siblings	: 4
core id		: 0
cpu cores	: 2
apicid		: 0
initial apicid	: 0
fpu		: yes
fpu_exception	: yes
cpuid level	: 13
wp		: yes
flags		: fpu vme de pse tsc msr pae mce cx8 apic sep mtrr pge mca cmov pat pse36 clflush dts acpi mmx fxsr sse sse2 ss ht tm pbe syscall nx rdtscp lm constant_tsc arch_perfmon pebs bts rep_good nopl xtopology nonstop_tsc aperfmperf eagerfpu pni pclmulqdq dtes64 monitor ds_cpl vmx est tm2 ssse3 cx16 xtpr pdcm pcid sse4_1 sse4_2 x2apic popcnt tsc_deadline_timer xsave avx f16c lahf_lm ida arat epb xsaveopt pln pts dtherm tpr_shadow vnmi flexpriority ept vpid fsgsbase smep erms
bogomips	: 3591.65
clflush size	: 64
cache_alignment	: 64
address sizes	: 36 bits physical, 48 bits virtual
power management:

processor	: 1
vendor_id	: GenuineIntel
cpu family	: 6
model		: 58
model name	: Intel(R) Core(TM) i3-3217U CPU @ 1.80GHz
stepping	: 9
microcode	: 0x15
cpu MHz		: 1800.000
cache size	: 3072 KB
physical id	: 0
siblings	: 4
core id		: 1
cpu cores	: 2
apicid		: 2
initial apicid	: 2
fpu		: yes
fpu_exception	: yes
cpuid level	: 13
wp		: yes
flags		: fpu vme de pse tsc msr pae mce cx8 apic sep mtrr pge mca cmov pat pse36 clflush dts acpi mmx fxsr sse sse2 ss ht tm pbe syscall nx rdtscp lm constant_tsc arch_perfmon pebs bts rep_good nopl xtopology nonstop_tsc aperfmperf eagerfpu pni pclmulqdq dtes64 monitor ds_cpl vmx est tm2 ssse3 cx16 xtpr pdcm pcid sse4_1 sse4_2 x2apic popcnt tsc_deadline_timer xsave avx f16c lahf_lm ida arat epb xsaveopt pln pts dtherm tpr_shadow vnmi flexpriority ept vpid fsgsbase smep erms
bogomips	: 3591.65
clflush size	: 64
cache_alignment	: 64
address sizes	: 36 bits physical, 48 bits virtual
power management:

processor	: 2
vendor_id	: GenuineIntel
cpu family	: 6
model		: 58
model name	: Intel(R) Core(TM) i3-3217U CPU @ 1.80GHz
stepping	: 9
microcode	: 0x15
cpu MHz		: 1800.000
cache size	: 3072 KB
physical id	: 0
siblings	: 4
core id		: 0
cpu cores	: 2
apicid		: 1
initial apicid	: 1
fpu		: yes
fpu_exception	: yes
cpuid level	: 13
wp		: yes
flags		: fpu vme de pse tsc msr pae mce cx8 apic sep mtrr pge mca cmov pat pse36 clflush dts acpi mmx fxsr sse sse2 ss ht tm pbe syscall nx rdtscp lm constant_tsc arch_perfmon pebs bts rep_good nopl xtopology nonstop_tsc aperfmperf eagerfpu pni pclmulqdq dtes64 monitor ds_cpl vmx est tm2 ssse3 cx16 xtpr pdcm pcid sse4_1 sse4_2 x2apic popcnt tsc_deadline_timer xsave avx f16c lahf_lm ida arat epb xsaveopt pln pts dtherm tpr_shadow vnmi flexpriority ept vpid fsgsbase smep erms
bogomips	: 3591.65
clflush size	: 64
cache_alignment	: 64
address sizes	: 36 bits physical, 48 bits virtual
power management:

processor	: 3
vendor_id	: GenuineIntel
cpu family	: 6
model		: 58
model name	: Intel(R) Core(TM) i3-3217U CPU @ 1.80GHz
stepping	: 9
microcode	: 0x15
cpu MHz		: 1800.000
cache size	: 3072 KB
physical id	: 0
siblings	: 4
core id		: 1
cpu cores	: 2
apicid		: 3
initial apicid	: 3
fpu		: yes
fpu_exception	: yes
cpuid level	: 13
wp		: yes
flags		: fpu vme de pse tsc msr pae mce cx8 apic sep mtrr pge mca cmov pat pse36 clflush dts acpi mmx fxsr sse sse2 ss ht tm pbe syscall nx rdtscp lm constant_tsc arch_perfmon pebs bts rep_good nopl xtopology nonstop_tsc aperfmperf eagerfpu pni pclmulqdq dtes64 monitor ds_cpl vmx est tm2 ssse3 cx16 xtpr pdcm pcid sse4_1 sse4_2 x2apic popcnt tsc_deadline_timer xsave avx f16c lahf_lm ida arat epb xsaveopt pln pts dtherm tpr_shadow vnmi flexpriority ept vpid fsgsbase smep erms
bogomips	: 3591.65
clflush size	: 64
cache_alignment	: 64
address sizes	: 36 bits physical, 48 bits virtual
power management:



Memory: 4k page, physical 8059688k(607392k free), swap 4075516k(4075516k free)

vm_info: OpenJDK 64-Bit Server VM (24.95-b01) for linux-amd64 JRE (1.7.0_95-b00), built on Jan 21 2016 03:31:40 by "buildd" with gcc 4.8.4

time: Wed Mar 23 17:45:16 2016
elapsed time: 33 seconds

