#
# A fatal error has been detected by the Java Runtime Environment:
#
#  SIGSEGV (0xb) at pc=0x00007ff155e2b220, pid=3205, tid=0x00007ff13c61f700
#
# JRE version: Java(TM) SE Runtime Environment (8.0_92-b14) (build 1.8.0_92-b14)
# Java VM: Java HotSpot(TM) 64-Bit Server VM (25.92-b14 mixed mode linux-amd64 compressed oops)
# Problematic frame:
# V  [libjvm.so+0x816220]  PhaseIdealLoop::build_loop_late(VectorSet&, Node_List&, Node_Stack&)+0x180
#
# Failed to write core dump. Core dumps have been disabled. To enable core dumping, try "ulimit -c unlimited" before starting Java again
#
# If you would like to submit a bug report, please visit:
#   http://bugreport.java.com/bugreport/crash.jsp
#

---------------  T H R E A D  ---------------

Current thread (0x00007ff1500bb800):  JavaThread "C2 CompilerThread1" daemon [_thread_in_native, id=3219, stack(0x00007ff13c51f000,0x00007ff13c620000)]

siginfo: si_signo: 11 (SIGSEGV), si_code: 1 (SEGV_MAPERR), si_addr: 0x00007ff90c136210

Registers:
RAX=0x00007ff90c136210, RBX=0x00007ff13c61a560, RCX=0x0000000000000667, RDX=0x0000000000000667
RSP=0x00007ff13c61a280, RBP=0x00007ff13c61a2d0, RSI=0x00007ff13c61c520, RDI=0x00007ff13c61c520
R8 =0x00007ff10c133668, R9 =0x0000000000000001, R10=0x00007ff118845378, R11=0x0000000000000000
R12=0x00007ff118715850, R13=0x00007ff13c61a5a0, R14=0x0000000000000001, R15=0x000000000000076d
RIP=0x00007ff155e2b220, EFLAGS=0x0000000000010206, CSGSFS=0x0000000000000033, ERR=0x0000000000000004
  TRAPNO=0x000000000000000e

Top of Stack: (sp=0x00007ff13c61a280)
0x00007ff13c61a280:   00007ff100000001 00007ff118715850
0x00007ff13c61a290:   00007ff13c61a580 00007ff13c61c520
0x00007ff13c61a2a0:   00007ff13c61ced8 0000000000000001
0x00007ff13c61a2b0:   00007ff1180116f0 00007ff13c61c520
0x00007ff13c61a2c0:   00007ff13c61a580 00007ff15001c0f0
0x00007ff13c61a2d0:   00007ff13c61a5f0 00007ff155e2ddf5
0x00007ff13c61a2e0:   00007ff13c61a530 00007ff13c61a5a0
0x00007ff13c61a2f0:   00007ff13c61a560 01007ff13c61a3e0
0x00007ff13c61a300:   00007ff13c61c540 00007ff100000009
0x00007ff13c61a310:   00007ff15001c0f0 00007ff100000004
0x00007ff13c61a320:   00007ff1192de8c0 00007ff100000000
0x00007ff13c61a330:   00007ff13c61a450 00007ff13c61a430
0x00007ff13c61a340:   00007ff13c61a410 00007ff13c61dd10
0x00007ff13c61a350:   000015873c61a3c0 00007ff119435808
0x00007ff13c61a360:   00007ff100000079 0000000000010010
0x00007ff13c61a370:   00007ff13c61a3e0 0000000000000000
0x00007ff13c61a380:   0000000000000000 0000000000000000
0x00007ff13c61a390:   ffff800ec39e5c21 00007ff13c61a3df
0x00007ff13c61a3a0:   0000000000000400 0000043000001002
0x00007ff13c61a3b0:   0000000000000080 0000000000000010
0x00007ff13c61a3c0:   0000007e000000db 0000000000000002
0x00007ff13c61a3d0:   0000000000000000 0000007c00000079
0x00007ff13c61a3e0:   00007ff156576150 00007ff15001c0f0
0x00007ff13c61a3f0:   00007ff100000100 00007ff10cc18f50
0x00007ff13c61a400:   0000000000000000 00007ff10c000020
0x00007ff13c61a410:   0000000000010010 0000000000010010
0x00007ff13c61a420:   0000000000000000 0000000000000000
0x00007ff13c61a430:   00007ff13c61a4a0 00007ff15667e5a4
0x00007ff13c61a440:   000000000000000f 00007ff1565925b8
0x00007ff13c61a450:   00007ff13c61a490 00007ff155f2b805
0x00007ff13c61a460:   0000000c0000000f 00007ff13c61a4a0
0x00007ff13c61a470:   0000000000010010 00007ff13c61a4a0 

Instructions: (pc=0x00007ff155e2b220)
0x00007ff155e2b200:   e9 3f ff ff ff 0f 1f 00 48 89 d6 89 ca 48 8b 46
0x00007ff155e2b210:   30 48 83 3c d0 00 0f 84 52 ff ff ff 49 8b 40 08
0x00007ff155e2b220:   48 83 38 00 0f 84 87 00 00 00 49 8b 00 4c 89 c7
0x00007ff155e2b230:   4c 89 45 b8 44 89 4d b0 ff 50 10 84 c0 4c 8b 45 

Register to memory mapping:

RAX=0x00007ff90c136210 is an unknown value
RBX=0x00007ff13c61a560 is pointing into the stack for thread: 0x00007ff1500bb800
RCX=0x0000000000000667 is an unknown value
RDX=0x0000000000000667 is an unknown value
RSP=0x00007ff13c61a280 is pointing into the stack for thread: 0x00007ff1500bb800
RBP=0x00007ff13c61a2d0 is pointing into the stack for thread: 0x00007ff1500bb800
RSI=0x00007ff13c61c520 is pointing into the stack for thread: 0x00007ff1500bb800
RDI=0x00007ff13c61c520 is pointing into the stack for thread: 0x00007ff1500bb800
R8 =0x00007ff10c133668 is an unknown value
R9 =0x0000000000000001 is an unknown value
R10=0x00007ff118845378 is an unknown value
R11=0x0000000000000000 is an unknown value
R12=0x00007ff118715850 is an unknown value
R13=0x00007ff13c61a5a0 is pointing into the stack for thread: 0x00007ff1500bb800
R14=0x0000000000000001 is an unknown value
R15=0x000000000000076d is an unknown value


Stack: [0x00007ff13c51f000,0x00007ff13c620000],  sp=0x00007ff13c61a280,  free space=1004k
Native frames: (J=compiled Java code, j=interpreted, Vv=VM code, C=native code)
V  [libjvm.so+0x816220]  PhaseIdealLoop::build_loop_late(VectorSet&, Node_List&, Node_Stack&)+0x180
V  [libjvm.so+0x818df5]  PhaseIdealLoop::build_and_optimize(bool, bool)+0x835
V  [libjvm.so+0x4a284f]  Compile::Optimize()+0x54f
V  [libjvm.so+0x4a43f9]  Compile::Compile(ciEnv*, C2Compiler*, ciMethod*, int, bool, bool, bool)+0x13c9
V  [libjvm.so+0x3f1b38]  C2Compiler::compile_method(ciEnv*, ciMethod*, int)+0x198
V  [libjvm.so+0x4aea9a]  CompileBroker::invoke_compiler_on_method(CompileTask*)+0xc9a
V  [libjvm.so+0x4afa46]  CompileBroker::compiler_thread_loop()+0x5d6
V  [libjvm.so+0xa6cc5f]  JavaThread::thread_main_inner()+0xdf
V  [libjvm.so+0xa6cd8c]  JavaThread::run()+0x11c
V  [libjvm.so+0x91fad8]  java_start(Thread*)+0x108
C  [libpthread.so.0+0x76fa]  start_thread+0xca


Current CompileTask:
C2:  44831 2423       4       com.android.dx.dex.code.OutputFinisher::addConstants (93 bytes)


---------------  P R O C E S S  ---------------

Java Threads: ( => current thread )
  0x00007ff15012c800 JavaThread "pool-1-thread-1" [_thread_in_Java, id=3667, stack(0x00007ff13c01a000,0x00007ff13c11b000)]
  0x00007ff1500c0000 JavaThread "Service Thread" daemon [_thread_blocked, id=3221, stack(0x00007ff13c31d000,0x00007ff13c41e000)]
  0x00007ff1500bd800 JavaThread "C1 CompilerThread2" daemon [_thread_blocked, id=3220, stack(0x00007ff13c41e000,0x00007ff13c51f000)]
=>0x00007ff1500bb800 JavaThread "C2 CompilerThread1" daemon [_thread_in_native, id=3219, stack(0x00007ff13c51f000,0x00007ff13c620000)]
  0x00007ff1500b8800 JavaThread "C2 CompilerThread0" daemon [_thread_in_native, id=3218, stack(0x00007ff13c620000,0x00007ff13c721000)]
  0x00007ff1500b7000 JavaThread "Signal Dispatcher" daemon [_thread_blocked, id=3217, stack(0x00007ff13c721000,0x00007ff13c822000)]
  0x00007ff150084000 JavaThread "Finalizer" daemon [_thread_blocked, id=3216, stack(0x00007ff13c822000,0x00007ff13c923000)]
  0x00007ff15007f800 JavaThread "Reference Handler" daemon [_thread_blocked, id=3215, stack(0x00007ff13c923000,0x00007ff13ca24000)]
  0x00007ff15000a000 JavaThread "main" [_thread_blocked, id=3207, stack(0x00007ff157100000,0x00007ff157201000)]

Other Threads:
  0x00007ff150078000 VMThread [stack: 0x00007ff13ca24000,0x00007ff13cb25000] [id=3214]
  0x00007ff1500c3000 WatcherThread [stack: 0x00007ff13c21c000,0x00007ff13c31d000] [id=3222]

VM state:not at safepoint (normal execution)

VM Mutex/Monitor currently owned by a thread: None

Heap:
 PSYoungGen      total 286720K, used 209638K [0x00000000eab00000, 0x0000000100000000, 0x0000000100000000)
  eden space 249856K, 82% used [0x00000000eab00000,0x00000000f74c2dd8,0x00000000f9f00000)
  from space 36864K, 8% used [0x00000000f9f00000,0x00000000fa1f6a88,0x00000000fc300000)
  to   space 56320K, 0% used [0x00000000fc900000,0x00000000fc900000,0x0000000100000000)
 ParOldGen       total 168960K, used 84816K [0x00000000c0000000, 0x00000000ca500000, 0x00000000eab00000)
  object space 168960K, 50% used [0x00000000c0000000,0x00000000c52d4188,0x00000000ca500000)
 Metaspace       used 6491K, capacity 7440K, committed 7680K, reserved 1056768K
  class space    used 617K, capacity 648K, committed 768K, reserved 1048576K

Card table byte_map: [0x00007ff15406d000,0x00007ff15426e000] byte_map_base: 0x00007ff153a6d000

Marking Bits: (ParMarkBitMap*) 0x00007ff1565ce4c0
 Begin Bits: [0x00007ff13e6e6000, 0x00007ff13f6e6000)
 End Bits:   [0x00007ff13f6e6000, 0x00007ff1406e6000)

Polling page: 0x00007ff15721d000

CodeCache: size=245760Kb used=9788Kb max_used=9788Kb free=235971Kb
 bounds [0x00007ff141000000, 0x00007ff1419a0000, 0x00007ff150000000]
 total_blobs=2426 nmethods=2164 adapters=175
 compilation: enabled

Compilation events (10 events):
Event: 44,765 Thread 0x00007ff1500bd800 2621       1       com.android.dx.dex.code.form.Form3rc::codeSize (2 bytes)
Event: 44,765 Thread 0x00007ff1500bd800 nmethod 2621 0x00007ff14198f8d0 code [0x00007ff14198fa20, 0x00007ff14198fb30]
Event: 44,779 Thread 0x00007ff1500bd800 2625       2       com.android.dx.dex.code.StdCatchBuilder::build (262 bytes)
Event: 44,808 Thread 0x00007ff1500bd800 nmethod 2625 0x00007ff14198fb90 code [0x00007ff14198fee0, 0x00007ff1419910e8]
Event: 44,808 Thread 0x00007ff1500bd800 2628       3       com.android.dx.dex.code.OutputFinisher::massageInstructions (89 bytes)
Event: 44,813 Thread 0x00007ff1500bd800 nmethod 2628 0x00007ff141993510 code [0x00007ff141993760, 0x00007ff141994398]
Event: 44,813 Thread 0x00007ff1500bd800 2626       2       com.android.dx.dex.code.form.Form31c::isCompatible (133 bytes)
Event: 44,814 Thread 0x00007ff1500bd800 nmethod 2626 0x00007ff141994c50 code [0x00007ff141994e00, 0x00007ff141995288]
Event: 44,814 Thread 0x00007ff1500bd800 2627       2       com.android.dx.rop.code.RegisterSpecList$Expander::<init> (41 bytes)
Event: 44,815 Thread 0x00007ff1500bd800 nmethod 2627 0x00007ff1419955d0 code [0x00007ff141995740, 0x00007ff141995988]

GC Heap History (10 events):
Event: 9,077 GC heap before
{Heap before GC invocations=4 (full 0):
 PSYoungGen      total 68608K, used 68590K [0x00000000eab00000, 0x00000000f3100000, 0x0000000100000000)
  eden space 63488K, 100% used [0x00000000eab00000,0x00000000ee900000,0x00000000ee900000)
  from space 5120K, 99% used [0x00000000ee900000,0x00000000eedfb970,0x00000000eee00000)
  to   space 5120K, 0% used [0x00000000f2c00000,0x00000000f2c00000,0x00000000f3100000)
 ParOldGen       total 84992K, used 16637K [0x00000000c0000000, 0x00000000c5300000, 0x00000000eab00000)
  object space 84992K, 19% used [0x00000000c0000000,0x00000000c103f550,0x00000000c5300000)
 Metaspace       used 5936K, capacity 7024K, committed 7296K, reserved 1056768K
  class space    used 598K, capacity 616K, committed 640K, reserved 1048576K
Event: 9,301 GC heap after
Heap after GC invocations=4 (full 0):
 PSYoungGen      total 132096K, used 5114K [0x00000000eab00000, 0x00000000f3100000, 0x0000000100000000)
  eden space 126976K, 0% used [0x00000000eab00000,0x00000000eab00000,0x00000000f2700000)
  from space 5120K, 99% used [0x00000000f2c00000,0x00000000f30feb48,0x00000000f3100000)
  to   space 5120K, 0% used [0x00000000f2700000,0x00000000f2700000,0x00000000f2c00000)
 ParOldGen       total 84992K, used 30623K [0x00000000c0000000, 0x00000000c5300000, 0x00000000eab00000)
  object space 84992K, 36% used [0x00000000c0000000,0x00000000c1de7f20,0x00000000c5300000)
 Metaspace       used 5936K, capacity 7024K, committed 7296K, reserved 1056768K
  class space    used 598K, capacity 616K, committed 640K, reserved 1048576K
}
Event: 14,818 GC heap before
{Heap before GC invocations=5 (full 0):
 PSYoungGen      total 132096K, used 132090K [0x00000000eab00000, 0x00000000f3100000, 0x0000000100000000)
  eden space 126976K, 100% used [0x00000000eab00000,0x00000000f2700000,0x00000000f2700000)
  from space 5120K, 99% used [0x00000000f2c00000,0x00000000f30feb48,0x00000000f3100000)
  to   space 5120K, 0% used [0x00000000f2700000,0x00000000f2700000,0x00000000f2c00000)
 ParOldGen       total 84992K, used 30623K [0x00000000c0000000, 0x00000000c5300000, 0x00000000eab00000)
  object space 84992K, 36% used [0x00000000c0000000,0x00000000c1de7f20,0x00000000c5300000)
 Metaspace       used 6003K, capacity 7024K, committed 7296K, reserved 1056768K
  class space    used 598K, capacity 616K, committed 640K, reserved 1048576K
Event: 15,023 GC heap after
Heap after GC invocations=5 (full 0):
 PSYoungGen      total 132096K, used 5114K [0x00000000eab00000, 0x00000000fe300000, 0x0000000100000000)
  eden space 126976K, 0% used [0x00000000eab00000,0x00000000eab00000,0x00000000f2700000)
  from space 5120K, 99% used [0x00000000f2700000,0x00000000f2bfe900,0x00000000f2c00000)
  to   space 32768K, 0% used [0x00000000fc300000,0x00000000fc300000,0x00000000fe300000)
 ParOldGen       total 84992K, used 56202K [0x00000000c0000000, 0x00000000c5300000, 0x00000000eab00000)
  object space 84992K, 66% used [0x00000000c0000000,0x00000000c36e28e8,0x00000000c5300000)
 Metaspace       used 6003K, capacity 7024K, committed 7296K, reserved 1056768K
  class space    used 598K, capacity 616K, committed 640K, reserved 1048576K
}
Event: 16,570 GC heap before
{Heap before GC invocations=6 (full 0):
 PSYoungGen      total 132096K, used 132090K [0x00000000eab00000, 0x00000000fe300000, 0x0000000100000000)
  eden space 126976K, 100% used [0x00000000eab00000,0x00000000f2700000,0x00000000f2700000)
  from space 5120K, 99% used [0x00000000f2700000,0x00000000f2bfe900,0x00000000f2c00000)
  to   space 32768K, 0% used [0x00000000fc300000,0x00000000fc300000,0x00000000fe300000)
 ParOldGen       total 84992K, used 56202K [0x00000000c0000000, 0x00000000c5300000, 0x00000000eab00000)
  object space 84992K, 66% used [0x00000000c0000000,0x00000000c36e28e8,0x00000000c5300000)
 Metaspace       used 6074K, capacity 7088K, committed 7296K, reserved 1056768K
  class space    used 598K, capacity 616K, committed 640K, reserved 1048576K
Event: 16,751 GC heap after
Heap after GC invocations=6 (full 0):
 PSYoungGen      total 282624K, used 27912K [0x00000000eab00000, 0x00000000feb00000, 0x0000000100000000)
  eden space 249856K, 0% used [0x00000000eab00000,0x00000000eab00000,0x00000000f9f00000)
  from space 32768K, 85% used [0x00000000fc300000,0x00000000fde42018,0x00000000fe300000)
  to   space 36864K, 0% used [0x00000000f9f00000,0x00000000f9f00000,0x00000000fc300000)
 ParOldGen       total 84992K, used 56210K [0x00000000c0000000, 0x00000000c5300000, 0x00000000eab00000)
  object space 84992K, 66% used [0x00000000c0000000,0x00000000c36e48e8,0x00000000c5300000)
 Metaspace       used 6074K, capacity 7088K, committed 7296K, reserved 1056768K
  class space    used 598K, capacity 616K, committed 640K, reserved 1048576K
}
Event: 24,719 GC heap before
{Heap before GC invocations=7 (full 0):
 PSYoungGen      total 282624K, used 277768K [0x00000000eab00000, 0x00000000feb00000, 0x0000000100000000)
  eden space 249856K, 100% used [0x00000000eab00000,0x00000000f9f00000,0x00000000f9f00000)
  from space 32768K, 85% used [0x00000000fc300000,0x00000000fde42018,0x00000000fe300000)
  to   space 36864K, 0% used [0x00000000f9f00000,0x00000000f9f00000,0x00000000fc300000)
 ParOldGen       total 84992K, used 56210K [0x00000000c0000000, 0x00000000c5300000, 0x00000000eab00000)
  object space 84992K, 66% used [0x00000000c0000000,0x00000000c36e48e8,0x00000000c5300000)
 Metaspace       used 6172K, capacity 7152K, committed 7296K, reserved 1056768K
  class space    used 598K, capacity 616K, committed 640K, reserved 1048576K
Event: 25,260 GC heap after
Heap after GC invocations=7 (full 0):
 PSYoungGen      total 286720K, used 36840K [0x00000000eab00000, 0x0000000100000000, 0x0000000100000000)
  eden space 249856K, 0% used [0x00000000eab00000,0x00000000eab00000,0x00000000f9f00000)
  from space 36864K, 99% used [0x00000000f9f00000,0x00000000fc2fa060,0x00000000fc300000)
  to   space 56320K, 0% used [0x00000000fc900000,0x00000000fc900000,0x0000000100000000)
 ParOldGen       total 84992K, used 82119K [0x00000000c0000000, 0x00000000c5300000, 0x00000000eab00000)
  object space 84992K, 96% used [0x00000000c0000000,0x00000000c5031c68,0x00000000c5300000)
 Metaspace       used 6172K, capacity 7152K, committed 7296K, reserved 1056768K
  class space    used 598K, capacity 616K, committed 640K, reserved 1048576K
}
Event: 25,260 GC heap before
{Heap before GC invocations=8 (full 1):
 PSYoungGen      total 286720K, used 36840K [0x00000000eab00000, 0x0000000100000000, 0x0000000100000000)
  eden space 249856K, 0% used [0x00000000eab00000,0x00000000eab00000,0x00000000f9f00000)
  from space 36864K, 99% used [0x00000000f9f00000,0x00000000fc2fa060,0x00000000fc300000)
  to   space 56320K, 0% used [0x00000000fc900000,0x00000000fc900000,0x0000000100000000)
 ParOldGen       total 84992K, used 82119K [0x00000000c0000000, 0x00000000c5300000, 0x00000000eab00000)
  object space 84992K, 96% used [0x00000000c0000000,0x00000000c5031c68,0x00000000c5300000)
 Metaspace       used 6172K, capacity 7152K, committed 7296K, reserved 1056768K
  class space    used 598K, capacity 616K, committed 640K, reserved 1048576K
Event: 27,730 GC heap after
Heap after GC invocations=8 (full 1):
 PSYoungGen      total 286720K, used 3034K [0x00000000eab00000, 0x0000000100000000, 0x0000000100000000)
  eden space 249856K, 0% used [0x00000000eab00000,0x00000000eab00000,0x00000000f9f00000)
  from space 36864K, 8% used [0x00000000f9f00000,0x00000000fa1f6a88,0x00000000fc300000)
  to   space 56320K, 0% used [0x00000000fc900000,0x00000000fc900000,0x0000000100000000)
 ParOldGen       total 168960K, used 84816K [0x00000000c0000000, 0x00000000ca500000, 0x00000000eab00000)
  object space 168960K, 50% used [0x00000000c0000000,0x00000000c52d4188,0x00000000ca500000)
 Metaspace       used 6172K, capacity 7152K, committed 7296K, reserved 1056768K
  class space    used 598K, capacity 616K, committed 640K, reserved 1048576K
}

Deoptimization events (10 events):
Event: 42,543 Thread 0x00007ff15012c800 Uncommon trap: reason=class_check action=maybe_recompile pc=0x00007ff1414d9178 method=java.util.Arrays.hashCode([Ljava/lang/Object;)I @ 43
Event: 42,543 Thread 0x00007ff15012c800 Uncommon trap: reason=class_check action=maybe_recompile pc=0x00007ff1414d9178 method=java.util.Arrays.hashCode([Ljava/lang/Object;)I @ 43
Event: 44,187 Thread 0x00007ff15012c800 Uncommon trap: reason=speculate_class_check action=maybe_recompile pc=0x00007ff141556140 method=com.android.dx.util.FixedSizeList.equals(Ljava/lang/Object;)Z @ 25
Event: 44,187 Thread 0x00007ff15012c800 Uncommon trap: reason=class_check action=maybe_recompile pc=0x00007ff141558e00 method=java.util.Arrays.equals([Ljava/lang/Object;[Ljava/lang/Object;)Z @ 62
Event: 44,187 Thread 0x00007ff15012c800 Uncommon trap: reason=speculate_class_check action=maybe_recompile pc=0x00007ff141556140 method=com.android.dx.util.FixedSizeList.equals(Ljava/lang/Object;)Z @ 25
Event: 44,187 Thread 0x00007ff15012c800 Uncommon trap: reason=class_check action=maybe_recompile pc=0x00007ff141558e00 method=java.util.Arrays.equals([Ljava/lang/Object;[Ljava/lang/Object;)Z @ 62
Event: 44,187 Thread 0x00007ff15012c800 Uncommon trap: reason=speculate_class_check action=maybe_recompile pc=0x00007ff141556140 method=com.android.dx.util.FixedSizeList.equals(Ljava/lang/Object;)Z @ 25
Event: 44,187 Thread 0x00007ff15012c800 Uncommon trap: reason=class_check action=maybe_recompile pc=0x00007ff141558e00 method=java.util.Arrays.equals([Ljava/lang/Object;[Ljava/lang/Object;)Z @ 62
Event: 44,187 Thread 0x00007ff15012c800 Uncommon trap: reason=speculate_class_check action=maybe_recompile pc=0x00007ff141556140 method=com.android.dx.util.FixedSizeList.equals(Ljava/lang/Object;)Z @ 25
Event: 44,187 Thread 0x00007ff15012c800 Uncommon trap: reason=class_check action=maybe_recompile pc=0x00007ff141558e00 method=java.util.Arrays.equals([Ljava/lang/Object;[Ljava/lang/Object;)Z @ 62

Internal exceptions (6 events):
Event: 0,083 Thread 0x00007ff15000a000 Exception <a 'java/lang/NoSuchMethodError': Method sun.misc.Unsafe.defineClass(Ljava/lang/String;[BII)Ljava/lang/Class; name or signature does not match> (0x00000000eab07cc0) thrown at [/HUDSON/workspace/8-2-build-linux-amd64/jdk8u92/6642/hotspot/src/shar
Event: 0,083 Thread 0x00007ff15000a000 Exception <a 'java/lang/NoSuchMethodError': Method sun.misc.Unsafe.prefetchRead(Ljava/lang/Object;J)V name or signature does not match> (0x00000000eab07fa8) thrown at [/HUDSON/workspace/8-2-build-linux-amd64/jdk8u92/6642/hotspot/src/share/vm/prims/jni.cpp
Event: 6,411 Thread 0x00007ff15012e000 Exception <a 'java/lang/ArrayIndexOutOfBoundsException': 18> (0x00000000ed626af8) thrown at [/HUDSON/workspace/8-2-build-linux-amd64/jdk8u92/6642/hotspot/src/share/vm/interpreter/interpreterRuntime.cpp, line 366]
Event: 6,412 Thread 0x00007ff15012e000 Exception <a 'java/lang/ArrayIndexOutOfBoundsException': 145> (0x00000000ed6d4ed0) thrown at [/HUDSON/workspace/8-2-build-linux-amd64/jdk8u92/6642/hotspot/src/share/vm/interpreter/interpreterRuntime.cpp, line 366]
Event: 6,413 Thread 0x00007ff15012e000 Exception <a 'java/lang/ArrayIndexOutOfBoundsException': 40> (0x00000000ed6d61b8) thrown at [/HUDSON/workspace/8-2-build-linux-amd64/jdk8u92/6642/hotspot/src/share/vm/interpreter/interpreterRuntime.cpp, line 366]
Event: 20,469 Thread 0x00007ff15000a000 Implicit null exception at 0x00007ff1414f4741 to 0x00007ff1414f5099

Events (10 events):
Event: 44,622 Thread 0x00007ff15012c800 DEOPT PACKING pc=0x00007ff141972d10 sp=0x00007ff13c118f00
Event: 44,622 Thread 0x00007ff15012c800 DEOPT UNPACKING pc=0x00007ff141047633 sp=0x00007ff13c118cf8 mode 0
Event: 44,679 Thread 0x00007ff15012c800 DEOPT PACKING pc=0x00007ff1419742f9 sp=0x00007ff13c118fe0
Event: 44,679 Thread 0x00007ff15012c800 DEOPT UNPACKING pc=0x00007ff141047633 sp=0x00007ff13c118d80 mode 0
Event: 44,680 Thread 0x00007ff15012c800 DEOPT PACKING pc=0x00007ff14197605e sp=0x00007ff13c118f20
Event: 44,680 Thread 0x00007ff15012c800 DEOPT UNPACKING pc=0x00007ff141047633 sp=0x00007ff13c118cc8 mode 0
Event: 44,681 Thread 0x00007ff15012c800 DEOPT PACKING pc=0x00007ff14196effc sp=0x00007ff13c118e70
Event: 44,681 Thread 0x00007ff15012c800 DEOPT UNPACKING pc=0x00007ff141047633 sp=0x00007ff13c118bf8 mode 0
Event: 44,793 Thread 0x00007ff15012c800 DEOPT PACKING pc=0x00007ff1419718b9 sp=0x00007ff13c118e00
Event: 44,793 Thread 0x00007ff15012c800 DEOPT UNPACKING pc=0x00007ff141047633 sp=0x00007ff13c118ba8 mode 0


Dynamic libraries:
00400000-00401000 r-xp 00000000 08:02 14554287                           /usr/lib/jvm/java-8-oracle/bin/java
00600000-00601000 rw-p 00000000 08:02 14554287                           /usr/lib/jvm/java-8-oracle/bin/java
01fb3000-01fd4000 rw-p 00000000 00:00 0                                  [heap]
c0000000-ca500000 rw-p 00000000 00:00 0 
ca500000-eab00000 ---p 00000000 00:00 0 
eab00000-100000000 rw-p 00000000 00:00 0 
100000000-1000c0000 rw-p 00000000 00:00 0 
1000c0000-140000000 ---p 00000000 00:00 0 
7ff0ec000000-7ff0ec022000 rw-p 00000000 00:00 0 
7ff0ec022000-7ff0f0000000 ---p 00000000 00:00 0 
7ff0f4000000-7ff0f4033000 rw-p 00000000 00:00 0 
7ff0f4033000-7ff0f8000000 ---p 00000000 00:00 0 
7ff0f8000000-7ff0f803e000 rw-p 00000000 00:00 0 
7ff0f803e000-7ff0fc000000 ---p 00000000 00:00 0 
7ff0fc000000-7ff0fc045000 rw-p 00000000 00:00 0 
7ff0fc045000-7ff100000000 ---p 00000000 00:00 0 
7ff100000000-7ff100021000 rw-p 00000000 00:00 0 
7ff100021000-7ff104000000 ---p 00000000 00:00 0 
7ff104000000-7ff104021000 rw-p 00000000 00:00 0 
7ff104021000-7ff108000000 ---p 00000000 00:00 0 
7ff108000000-7ff108021000 rw-p 00000000 00:00 0 
7ff108021000-7ff10c000000 ---p 00000000 00:00 0 
7ff10c000000-7ff10d281000 rw-p 00000000 00:00 0 
7ff10d281000-7ff110000000 ---p 00000000 00:00 0 
7ff110000000-7ff110d61000 rw-p 00000000 00:00 0 
7ff110d61000-7ff114000000 ---p 00000000 00:00 0 
7ff114000000-7ff114021000 rw-p 00000000 00:00 0 
7ff114021000-7ff118000000 ---p 00000000 00:00 0 
7ff118000000-7ff119951000 rw-p 00000000 00:00 0 
7ff119951000-7ff11c000000 ---p 00000000 00:00 0 
7ff11c000000-7ff11c021000 rw-p 00000000 00:00 0 
7ff11c021000-7ff120000000 ---p 00000000 00:00 0 
7ff120000000-7ff120021000 rw-p 00000000 00:00 0 
7ff120021000-7ff124000000 ---p 00000000 00:00 0 
7ff12733e000-7ff127341000 ---p 00000000 00:00 0 
7ff127341000-7ff12743f000 rw-p 00000000 00:00 0 
7ff12743f000-7ff127442000 ---p 00000000 00:00 0 
7ff127442000-7ff127540000 rw-p 00000000 00:00 0 
7ff127540000-7ff127543000 ---p 00000000 00:00 0 
7ff127543000-7ff127641000 rw-p 00000000 00:00 0 
7ff127641000-7ff128000000 r--p 00000000 08:02 14424946                   /usr/lib/locale/locale-archive
7ff128000000-7ff128021000 rw-p 00000000 00:00 0 
7ff128021000-7ff12c000000 ---p 00000000 00:00 0 
7ff12c000000-7ff12c049000 rw-p 00000000 00:00 0 
7ff12c049000-7ff130000000 ---p 00000000 00:00 0 
7ff130000000-7ff130021000 rw-p 00000000 00:00 0 
7ff130021000-7ff134000000 ---p 00000000 00:00 0 
7ff134000000-7ff134021000 rw-p 00000000 00:00 0 
7ff134021000-7ff138000000 ---p 00000000 00:00 0 
7ff138000000-7ff138021000 rw-p 00000000 00:00 0 
7ff138021000-7ff13c000000 ---p 00000000 00:00 0 
7ff13c01a000-7ff13c01d000 ---p 00000000 00:00 0 
7ff13c01d000-7ff13c11b000 rw-p 00000000 00:00 0 
7ff13c11b000-7ff13c11e000 ---p 00000000 00:00 0 
7ff13c11e000-7ff13c21c000 rw-p 00000000 00:00 0 
7ff13c21c000-7ff13c21d000 ---p 00000000 00:00 0 
7ff13c21d000-7ff13c31d000 rw-p 00000000 00:00 0 
7ff13c31d000-7ff13c320000 ---p 00000000 00:00 0 
7ff13c320000-7ff13c41e000 rw-p 00000000 00:00 0 
7ff13c41e000-7ff13c421000 ---p 00000000 00:00 0 
7ff13c421000-7ff13c51f000 rw-p 00000000 00:00 0 
7ff13c51f000-7ff13c522000 ---p 00000000 00:00 0 
7ff13c522000-7ff13c620000 rw-p 00000000 00:00 0 
7ff13c620000-7ff13c623000 ---p 00000000 00:00 0 
7ff13c623000-7ff13c721000 rw-p 00000000 00:00 0 
7ff13c721000-7ff13c724000 ---p 00000000 00:00 0 
7ff13c724000-7ff13c822000 rw-p 00000000 00:00 0 
7ff13c822000-7ff13c825000 ---p 00000000 00:00 0 
7ff13c825000-7ff13c923000 rw-p 00000000 00:00 0 
7ff13c923000-7ff13c926000 ---p 00000000 00:00 0 
7ff13c926000-7ff13ca24000 rw-p 00000000 00:00 0 
7ff13ca24000-7ff13ca25000 ---p 00000000 00:00 0 
7ff13ca25000-7ff13da97000 rw-p 00000000 00:00 0 
7ff13da97000-7ff13dc70000 r--s 03d24000 08:02 15077032                   /usr/lib/jvm/java-8-oracle/jre/lib/rt.jar
7ff13dc70000-7ff13e3a6000 rw-p 00000000 00:00 0 
7ff13e3a6000-7ff13e4e6000 ---p 00000000 00:00 0 
7ff13e4e6000-7ff1406e6000 rw-p 00000000 00:00 0 
7ff1406e6000-7ff1406e7000 ---p 00000000 00:00 0 
7ff1406e7000-7ff1407e7000 rw-p 00000000 00:00 0 
7ff1407e7000-7ff1407e8000 ---p 00000000 00:00 0 
7ff1407e8000-7ff1408e8000 rw-p 00000000 00:00 0 
7ff1408e8000-7ff1408e9000 ---p 00000000 00:00 0 
7ff1408e9000-7ff1409e9000 rw-p 00000000 00:00 0 
7ff1409e9000-7ff1409ea000 ---p 00000000 00:00 0 
7ff1409ea000-7ff140b3d000 rw-p 00000000 00:00 0 
7ff140b3d000-7ff140c40000 ---p 00000000 00:00 0 
7ff140c40000-7ff140c67000 rw-p 00000000 00:00 0 
7ff140c67000-7ff141000000 ---p 00000000 00:00 0 
7ff141000000-7ff1419a0000 rwxp 00000000 00:00 0 
7ff1419a0000-7ff150000000 ---p 00000000 00:00 0 
7ff150000000-7ff150399000 rw-p 00000000 00:00 0 
7ff150399000-7ff154000000 ---p 00000000 00:00 0 
7ff15401e000-7ff1540c0000 rw-p 00000000 00:00 0 
7ff1540c0000-7ff1541c2000 ---p 00000000 00:00 0 
7ff1541c2000-7ff15426d000 rw-p 00000000 00:00 0 
7ff15426d000-7ff15426e000 rw-p 00000000 00:00 0 
7ff15426e000-7ff154288000 r-xp 00000000 08:02 15206757                   /usr/lib/jvm/java-8-oracle/jre/lib/amd64/libzip.so
7ff154288000-7ff154488000 ---p 0001a000 08:02 15206757                   /usr/lib/jvm/java-8-oracle/jre/lib/amd64/libzip.so
7ff154488000-7ff154489000 rw-p 0001a000 08:02 15206757                   /usr/lib/jvm/java-8-oracle/jre/lib/amd64/libzip.so
7ff154489000-7ff154494000 r-xp 00000000 08:02 24777172                   /lib/x86_64-linux-gnu/libnss_files-2.23.so
7ff154494000-7ff154693000 ---p 0000b000 08:02 24777172                   /lib/x86_64-linux-gnu/libnss_files-2.23.so
7ff154693000-7ff154694000 r--p 0000a000 08:02 24777172                   /lib/x86_64-linux-gnu/libnss_files-2.23.so
7ff154694000-7ff154695000 rw-p 0000b000 08:02 24777172                   /lib/x86_64-linux-gnu/libnss_files-2.23.so
7ff154695000-7ff15469b000 rw-p 00000000 00:00 0 
7ff15469b000-7ff1546a6000 r-xp 00000000 08:02 24777182                   /lib/x86_64-linux-gnu/libnss_nis-2.23.so
7ff1546a6000-7ff1548a5000 ---p 0000b000 08:02 24777182                   /lib/x86_64-linux-gnu/libnss_nis-2.23.so
7ff1548a5000-7ff1548a6000 r--p 0000a000 08:02 24777182                   /lib/x86_64-linux-gnu/libnss_nis-2.23.so
7ff1548a6000-7ff1548a7000 rw-p 0000b000 08:02 24777182                   /lib/x86_64-linux-gnu/libnss_nis-2.23.so
7ff1548a7000-7ff1548bd000 r-xp 00000000 08:02 24777166                   /lib/x86_64-linux-gnu/libnsl-2.23.so
7ff1548bd000-7ff154abc000 ---p 00016000 08:02 24777166                   /lib/x86_64-linux-gnu/libnsl-2.23.so
7ff154abc000-7ff154abd000 r--p 00015000 08:02 24777166                   /lib/x86_64-linux-gnu/libnsl-2.23.so
7ff154abd000-7ff154abe000 rw-p 00016000 08:02 24777166                   /lib/x86_64-linux-gnu/libnsl-2.23.so
7ff154abe000-7ff154ac0000 rw-p 00000000 00:00 0 
7ff154ac0000-7ff154ac8000 r-xp 00000000 08:02 24777168                   /lib/x86_64-linux-gnu/libnss_compat-2.23.so
7ff154ac8000-7ff154cc7000 ---p 00008000 08:02 24777168                   /lib/x86_64-linux-gnu/libnss_compat-2.23.so
7ff154cc7000-7ff154cc8000 r--p 00007000 08:02 24777168                   /lib/x86_64-linux-gnu/libnss_compat-2.23.so
7ff154cc8000-7ff154cc9000 rw-p 00008000 08:02 24777168                   /lib/x86_64-linux-gnu/libnss_compat-2.23.so
7ff154cc9000-7ff154cf3000 r-xp 00000000 08:02 15206752                   /usr/lib/jvm/java-8-oracle/jre/lib/amd64/libjava.so
7ff154cf3000-7ff154ef3000 ---p 0002a000 08:02 15206752                   /usr/lib/jvm/java-8-oracle/jre/lib/amd64/libjava.so
7ff154ef3000-7ff154ef5000 rw-p 0002a000 08:02 15206752                   /usr/lib/jvm/java-8-oracle/jre/lib/amd64/libjava.so
7ff154ef5000-7ff154f02000 r-xp 00000000 08:02 15206756                   /usr/lib/jvm/java-8-oracle/jre/lib/amd64/libverify.so
7ff154f02000-7ff155102000 ---p 0000d000 08:02 15206756                   /usr/lib/jvm/java-8-oracle/jre/lib/amd64/libverify.so
7ff155102000-7ff155104000 rw-p 0000d000 08:02 15206756                   /usr/lib/jvm/java-8-oracle/jre/lib/amd64/libverify.so
7ff155104000-7ff15510b000 r-xp 00000000 08:02 24777227                   /lib/x86_64-linux-gnu/librt-2.23.so
7ff15510b000-7ff15530a000 ---p 00007000 08:02 24777227                   /lib/x86_64-linux-gnu/librt-2.23.so
7ff15530a000-7ff15530b000 r--p 00006000 08:02 24777227                   /lib/x86_64-linux-gnu/librt-2.23.so
7ff15530b000-7ff15530c000 rw-p 00007000 08:02 24777227                   /lib/x86_64-linux-gnu/librt-2.23.so
7ff15530c000-7ff155414000 r-xp 00000000 08:02 24777143                   /lib/x86_64-linux-gnu/libm-2.23.so
7ff155414000-7ff155613000 ---p 00108000 08:02 24777143                   /lib/x86_64-linux-gnu/libm-2.23.so
7ff155613000-7ff155614000 r--p 00107000 08:02 24777143                   /lib/x86_64-linux-gnu/libm-2.23.so
7ff155614000-7ff155615000 rw-p 00108000 08:02 24777143                   /lib/x86_64-linux-gnu/libm-2.23.so
7ff155615000-7ff1562d8000 r-xp 00000000 08:02 15206735                   /usr/lib/jvm/java-8-oracle/jre/lib/amd64/server/libjvm.so
7ff1562d8000-7ff1564d7000 ---p 00cc3000 08:02 15206735                   /usr/lib/jvm/java-8-oracle/jre/lib/amd64/server/libjvm.so
7ff1564d7000-7ff1565b0000 rw-p 00cc2000 08:02 15206735                   /usr/lib/jvm/java-8-oracle/jre/lib/amd64/server/libjvm.so
7ff1565b0000-7ff1565fb000 rw-p 00000000 00:00 0 
7ff1565fb000-7ff1567bb000 r-xp 00000000 08:02 24777073                   /lib/x86_64-linux-gnu/libc-2.23.so
7ff1567bb000-7ff1569ba000 ---p 001c0000 08:02 24777073                   /lib/x86_64-linux-gnu/libc-2.23.so
7ff1569ba000-7ff1569be000 r--p 001bf000 08:02 24777073                   /lib/x86_64-linux-gnu/libc-2.23.so
7ff1569be000-7ff1569c0000 rw-p 001c3000 08:02 24777073                   /lib/x86_64-linux-gnu/libc-2.23.so
7ff1569c0000-7ff1569c4000 rw-p 00000000 00:00 0 
7ff1569c4000-7ff1569c7000 r-xp 00000000 08:02 24777097                   /lib/x86_64-linux-gnu/libdl-2.23.so
7ff1569c7000-7ff156bc6000 ---p 00003000 08:02 24777097                   /lib/x86_64-linux-gnu/libdl-2.23.so
7ff156bc6000-7ff156bc7000 r--p 00002000 08:02 24777097                   /lib/x86_64-linux-gnu/libdl-2.23.so
7ff156bc7000-7ff156bc8000 rw-p 00003000 08:02 24777097                   /lib/x86_64-linux-gnu/libdl-2.23.so
7ff156bc8000-7ff156bdd000 r-xp 00000000 08:02 14952758                   /usr/lib/jvm/java-8-oracle/lib/amd64/jli/libjli.so
7ff156bdd000-7ff156ddd000 ---p 00015000 08:02 14952758                   /usr/lib/jvm/java-8-oracle/lib/amd64/jli/libjli.so
7ff156ddd000-7ff156dde000 rw-p 00015000 08:02 14952758                   /usr/lib/jvm/java-8-oracle/lib/amd64/jli/libjli.so
7ff156dde000-7ff156df6000 r-xp 00000000 08:02 24777219                   /lib/x86_64-linux-gnu/libpthread-2.23.so
7ff156df6000-7ff156ff5000 ---p 00018000 08:02 24777219                   /lib/x86_64-linux-gnu/libpthread-2.23.so
7ff156ff5000-7ff156ff6000 r--p 00017000 08:02 24777219                   /lib/x86_64-linux-gnu/libpthread-2.23.so
7ff156ff6000-7ff156ff7000 rw-p 00018000 08:02 24777219                   /lib/x86_64-linux-gnu/libpthread-2.23.so
7ff156ff7000-7ff156ffb000 rw-p 00000000 00:00 0 
7ff156ffb000-7ff157021000 r-xp 00000000 08:02 24777045                   /lib/x86_64-linux-gnu/ld-2.23.so
7ff157027000-7ff157100000 rw-p 00000000 00:00 0 
7ff157100000-7ff157103000 ---p 00000000 00:00 0 
7ff157103000-7ff157205000 rw-p 00000000 00:00 0 
7ff157205000-7ff157214000 r--s 000df000 08:02 13501181                   /home/ivan/Android/Sdk/build-tools/23.0.3/lib/dx.jar
7ff157214000-7ff15721c000 rw-s 00000000 08:02 8258903                    /tmp/hsperfdata_ivan/3205
7ff15721c000-7ff15721d000 rw-p 00000000 00:00 0 
7ff15721d000-7ff15721e000 r--p 00000000 00:00 0 
7ff15721e000-7ff157220000 rw-p 00000000 00:00 0 
7ff157220000-7ff157221000 r--p 00025000 08:02 24777045                   /lib/x86_64-linux-gnu/ld-2.23.so
7ff157221000-7ff157222000 rw-p 00026000 08:02 24777045                   /lib/x86_64-linux-gnu/ld-2.23.so
7ff157222000-7ff157223000 rw-p 00000000 00:00 0 
7ffe6e904000-7ffe6e925000 rw-p 00000000 00:00 0                          [stack]
7ffe6e925000-7ffe6e927000 r--p 00000000 00:00 0                          [vvar]
7ffe6e927000-7ffe6e929000 r-xp 00000000 00:00 0                          [vdso]
ffffffffff600000-ffffffffff601000 r-xp 00000000 00:00 0                  [vsyscall]

VM Arguments:
jvm_args: -Djava.awt.headless=true -Xmx1024M -Dfile.encoding=UTF-8 -Duser.country=UA -Duser.language=ru -Duser.variant 
java_command: com.android.dx.command.Main --dex --force-jumbo --num-threads=4 --multi-dex --output /home/ivan/ChampyAndroid-second_sprint/app/build/intermediates/transforms/dex/debug/folders/1000/5/slice_6 /home/ivan/ChampyAndroid-second_sprint/app/build/intermediates/transforms/instantRunSlicer/debug/folders/1/5/slice_6
java_class_path (initial): /home/ivan/Android/Sdk/build-tools/23.0.3/lib/dx.jar
Launcher Type: SUN_STANDARD

Environment Variables:
PATH=/usr/local/sbin:/usr/local/bin:/usr/sbin:/usr/bin:/sbin:/bin:/usr/games:/usr/local/games:/snap/bin
LD_LIBRARY_PATH=.:
SHELL=/bin/bash
DISPLAY=:0

Signal Handlers:
SIGSEGV: [libjvm.so+0xabdee0], sa_mask[0]=11111111011111111101111111111110, sa_flags=SA_RESTART|SA_SIGINFO
SIGBUS: [libjvm.so+0xabdee0], sa_mask[0]=11111111011111111101111111111110, sa_flags=SA_RESTART|SA_SIGINFO
SIGFPE: [libjvm.so+0x91a580], sa_mask[0]=11111111011111111101111111111110, sa_flags=SA_RESTART|SA_SIGINFO
SIGPIPE: [libjvm.so+0x91a580], sa_mask[0]=11111111011111111101111111111110, sa_flags=SA_RESTART|SA_SIGINFO
SIGXFSZ: [libjvm.so+0x91a580], sa_mask[0]=11111111011111111101111111111110, sa_flags=SA_RESTART|SA_SIGINFO
SIGILL: [libjvm.so+0x91a580], sa_mask[0]=11111111011111111101111111111110, sa_flags=SA_RESTART|SA_SIGINFO
SIGUSR1: SIG_DFL, sa_mask[0]=00000000000000000000000000000000, sa_flags=none
SIGUSR2: [libjvm.so+0x91bbb0], sa_mask[0]=00100000000000000000000000000000, sa_flags=SA_RESTART|SA_SIGINFO
SIGHUP: [libjvm.so+0x91cfb0], sa_mask[0]=11111111011111111101111111111110, sa_flags=SA_RESTART|SA_SIGINFO
SIGINT: [libjvm.so+0x91cfb0], sa_mask[0]=11111111011111111101111111111110, sa_flags=SA_RESTART|SA_SIGINFO
SIGTERM: [libjvm.so+0x91cfb0], sa_mask[0]=11111111011111111101111111111110, sa_flags=SA_RESTART|SA_SIGINFO
SIGQUIT: [libjvm.so+0x91cfb0], sa_mask[0]=11111111011111111101111111111110, sa_flags=SA_RESTART|SA_SIGINFO


---------------  S Y S T E M  ---------------

OS:DISTRIB_ID=Ubuntu
DISTRIB_RELEASE=16.04
DISTRIB_CODENAME=xenial
DISTRIB_DESCRIPTION="Ubuntu 16.04 LTS"

uname:Linux 4.4.0-21-generic #37-Ubuntu SMP Mon Apr 18 18:33:37 UTC 2016 x86_64
libc:glibc 2.23 NPTL 2.23 
rlimit: STACK 8192k, CORE 0k, NPROC 30621, NOFILE 65536, AS infinity
load average:13,77 6,75 3,05

/proc/meminfo:
MemTotal:        8058444 kB
MemFree:         2725132 kB
MemAvailable:    4432608 kB
Buffers:           79132 kB
Cached:          1807684 kB
SwapCached:            0 kB
Active:          3915680 kB
Inactive:        1168048 kB
Active(anon):    3198648 kB
Inactive(anon):   238012 kB
Active(file):     717032 kB
Inactive(file):   930036 kB
Unevictable:          72 kB
Mlocked:              72 kB
SwapTotal:       4075516 kB
SwapFree:        4075516 kB
Dirty:              3096 kB
Writeback:             0 kB
AnonPages:       3196964 kB
Mapped:           334936 kB
Shmem:            239752 kB
Slab:             139952 kB
SReclaimable:     102684 kB
SUnreclaim:        37268 kB
KernelStack:       11072 kB
PageTables:        40480 kB
NFS_Unstable:          0 kB
Bounce:                0 kB
WritebackTmp:          0 kB
CommitLimit:     8104736 kB
Committed_AS:    7786628 kB
VmallocTotal:   34359738367 kB
VmallocUsed:           0 kB
VmallocChunk:          0 kB
HardwareCorrupted:     0 kB
AnonHugePages:   1406976 kB
CmaTotal:              0 kB
CmaFree:               0 kB
HugePages_Total:       0
HugePages_Free:        0
HugePages_Rsvd:        0
HugePages_Surp:        0
Hugepagesize:       2048 kB
DirectMap4k:      147396 kB
DirectMap2M:     8124416 kB


CPU:total 4 (2 cores per cpu, 2 threads per core) family 6 model 58 stepping 9, cmov, cx8, fxsr, mmx, sse, sse2, sse3, ssse3, sse4.1, sse4.2, popcnt, avx, clmul, erms, ht, tsc, tscinvbit, tscinv

/proc/cpuinfo:
processor	: 0
vendor_id	: GenuineIntel
cpu family	: 6
model		: 58
model name	: Intel(R) Core(TM) i3-3217U CPU @ 1.80GHz
stepping	: 9
microcode	: 0x1c
cpu MHz		: 1799.929
cache size	: 3072 KB
physical id	: 0
siblings	: 4
core id		: 0
cpu cores	: 2
apicid		: 0
initial apicid	: 0
fpu		: yes
fpu_exception	: yes
cpuid level	: 13
wp		: yes
flags		: fpu vme de pse tsc msr pae mce cx8 apic sep mtrr pge mca cmov pat pse36 clflush dts acpi mmx fxsr sse sse2 ss ht tm pbe syscall nx rdtscp lm constant_tsc arch_perfmon pebs bts rep_good nopl xtopology nonstop_tsc aperfmperf eagerfpu pni pclmulqdq dtes64 monitor ds_cpl vmx est tm2 ssse3 cx16 xtpr pdcm pcid sse4_1 sse4_2 x2apic popcnt tsc_deadline_timer xsave avx f16c lahf_lm epb tpr_shadow vnmi flexpriority ept vpid fsgsbase smep erms xsaveopt dtherm ida arat pln pts
bugs		:
bogomips	: 3591.99
clflush size	: 64
cache_alignment	: 64
address sizes	: 36 bits physical, 48 bits virtual
power management:

processor	: 1
vendor_id	: GenuineIntel
cpu family	: 6
model		: 58
model name	: Intel(R) Core(TM) i3-3217U CPU @ 1.80GHz
stepping	: 9
microcode	: 0x1c
cpu MHz		: 1799.929
cache size	: 3072 KB
physical id	: 0
siblings	: 4
core id		: 1
cpu cores	: 2
apicid		: 2
initial apicid	: 2
fpu		: yes
fpu_exception	: yes
cpuid level	: 13
wp		: yes
flags		: fpu vme de pse tsc msr pae mce cx8 apic sep mtrr pge mca cmov pat pse36 clflush dts acpi mmx fxsr sse sse2 ss ht tm pbe syscall nx rdtscp lm constant_tsc arch_perfmon pebs bts rep_good nopl xtopology nonstop_tsc aperfmperf eagerfpu pni pclmulqdq dtes64 monitor ds_cpl vmx est tm2 ssse3 cx16 xtpr pdcm pcid sse4_1 sse4_2 x2apic popcnt tsc_deadline_timer xsave avx f16c lahf_lm epb tpr_shadow vnmi flexpriority ept vpid fsgsbase smep erms xsaveopt dtherm ida arat pln pts
bugs		:
bogomips	: 3591.99
clflush size	: 64
cache_alignment	: 64
address sizes	: 36 bits physical, 48 bits virtual
power management:

processor	: 2
vendor_id	: GenuineIntel
cpu family	: 6
model		: 58
model name	: Intel(R) Core(TM) i3-3217U CPU @ 1.80GHz
stepping	: 9
microcode	: 0x1c
cpu MHz		: 1799.929
cache size	: 3072 KB
physical id	: 0
siblings	: 4
core id		: 0
cpu cores	: 2
apicid		: 1
initial apicid	: 1
fpu		: yes
fpu_exception	: yes
cpuid level	: 13
wp		: yes
flags		: fpu vme de pse tsc msr pae mce cx8 apic sep mtrr pge mca cmov pat pse36 clflush dts acpi mmx fxsr sse sse2 ss ht tm pbe syscall nx rdtscp lm constant_tsc arch_perfmon pebs bts rep_good nopl xtopology nonstop_tsc aperfmperf eagerfpu pni pclmulqdq dtes64 monitor ds_cpl vmx est tm2 ssse3 cx16 xtpr pdcm pcid sse4_1 sse4_2 x2apic popcnt tsc_deadline_timer xsave avx f16c lahf_lm epb tpr_shadow vnmi flexpriority ept vpid fsgsbase smep erms xsaveopt dtherm ida arat pln pts
bugs		:
bogomips	: 3591.99
clflush size	: 64
cache_alignment	: 64
address sizes	: 36 bits physical, 48 bits virtual
power management:

processor	: 3
vendor_id	: GenuineIntel
cpu family	: 6
model		: 58
model name	: Intel(R) Core(TM) i3-3217U CPU @ 1.80GHz
stepping	: 9
microcode	: 0x1c
cpu MHz		: 1800.000
cache size	: 3072 KB
physical id	: 0
siblings	: 4
core id		: 1
cpu cores	: 2
apicid		: 3
initial apicid	: 3
fpu		: yes
fpu_exception	: yes
cpuid level	: 13
wp		: yes
flags		: fpu vme de pse tsc msr pae mce cx8 apic sep mtrr pge mca cmov pat pse36 clflush dts acpi mmx fxsr sse sse2 ss ht tm pbe syscall nx rdtscp lm constant_tsc arch_perfmon pebs bts rep_good nopl xtopology nonstop_tsc aperfmperf eagerfpu pni pclmulqdq dtes64 monitor ds_cpl vmx est tm2 ssse3 cx16 xtpr pdcm pcid sse4_1 sse4_2 x2apic popcnt tsc_deadline_timer xsave avx f16c lahf_lm epb tpr_shadow vnmi flexpriority ept vpid fsgsbase smep erms xsaveopt dtherm ida arat pln pts
bugs		:
bogomips	: 3591.99
clflush size	: 64
cache_alignment	: 64
address sizes	: 36 bits physical, 48 bits virtual
power management:



Memory: 4k page, physical 8058444k(2725132k free), swap 4075516k(4075516k free)

vm_info: Java HotSpot(TM) 64-Bit Server VM (25.92-b14) for linux-amd64 JRE (1.8.0_92-b14), built on Mar 31 2016 21:08:29 by "java_re" with gcc 4.3.0 20080428 (Red Hat 4.3.0-8)

time: Wed Apr 27 15:10:05 2016
elapsed time: 44 seconds (0d 0h 0m 44s)

