#
# A fatal error has been detected by the Java Runtime Environment:
#
#  SIGSEGV (0xb) at pc=0x00007ffae4d09436, pid=1434, tid=140715258431232
#
# JRE version: OpenJDK Runtime Environment (7.0_95) (build 1.7.0_95-b00)
# Java VM: OpenJDK 64-Bit Server VM (24.95-b01 mixed mode linux-amd64 compressed oops)
# Derivative: IcedTea 2.6.4
# Distribution: Ubuntu 14.04.3 LTS, package 7u95-2.6.4-0ubuntu0.14.04.1
# Problematic frame:
# V  [libjvm.so+0x59b436]
#
# Failed to write core dump. Core dumps have been disabled. To enable core dumping, try "ulimit -c unlimited" before starting Java again
#
# If you would like to submit a bug report, please include
# instructions on how to reproduce the bug and visit:
#   http://icedtea.classpath.org/bugzilla
#

---------------  T H R E A D  ---------------

Current thread (0x00007ffadc0a9800):  JavaThread "C2 CompilerThread0" daemon [_thread_in_native, id=1448, stack(0x00007ffad2ee4000,0x00007ffad2fe5000)]

siginfo:si_signo=SIGSEGV: si_errno=0, si_code=1 (SEGV_MAPERR), si_addr=0x00007ff2e555a944

Registers:
RAX=0x00007ff2e555a940, RBX=0x00007ffad2fe0630, RCX=0x0000000000000001, RDX=0x00007ff2e555a944
RSP=0x00007ffad2fe0620, RBP=0x00007ffad2fe06a0, RSI=0x0000000000100000, RDI=0x0000000000000034
R8 =0x00007ffab0af8e20, R9 =0x00007ffad2fe0740, R10=0x00000000000059c8, R11=0x0000000000000000
R12=0x00000000000000dd, R13=0x0000000000008a20, R14=0x00007ffab0a53168, R15=0x00007ffad2fe0c10
RIP=0x00007ffae4d09436, EFLAGS=0x0000000000010202, CSGSFS=0x0000000000000033, ERR=0x0000000000000004
  TRAPNO=0x000000000000000e

Top of Stack: (sp=0x00007ffad2fe0620)
0x00007ffad2fe0620:   00000270a48adc58 00007ffab0b0c420
0x00007ffad2fe0630:   0000003900000000 00007ffa00000002
0x00007ffad2fe0640:   00007ffab0924a20 00007ffa00000001
0x00007ffad2fe0650:   00007ffad2fe0840 00007ffa00000004
0x00007ffad2fe0660:   00007ffad2fe0830 00007ffad2fe0730
0x00007ffad2fe0670:   00007ffad2fe0680 00007ffaa461c110
0x00007ffad2fe0680:   00007ffab01a7460 00007ffab0a53168
0x00007ffad2fe0690:   00000000000000dd 00007ffad2fe0c10
0x00007ffad2fe06a0:   00007ffad2fe0900 00007ffae4d0a55f
0x00007ffad2fe06b0:   00007ffad2fe06d0 00007ffad2fe0730
0x00007ffad2fe06c0:   00007ffad2fe0740 fffffffe00000000
0x00007ffad2fe06d0:   00007ffaa461c248 0000000000000014
0x00007ffad2fe06e0:   00007ffad2fe0780 00007ffad2fe07b0
0x00007ffad2fe06f0:   0000000000000001 00007ffad2fe0830
0x00007ffad2fe0700:   0000000b0000006d 00007ffa0000ffff
0x00007ffad2fe0710:   00000000000059c8 00007ffab01a7460
0x00007ffad2fe0720:   0000000600000007 3fe96a9400000000
0x00007ffad2fe0730:   0000000000000003 00007ffaa405d950
0x00007ffad2fe0740:   0000000c0000000c 00007ffaa405d810
0x00007ffad2fe0750:   0000000005005455 0000000000000000
0x00007ffad2fe0760:   0000000000000000 0000000000000000
0x00007ffad2fe0770:   0000000000000000 0000000000000b00
0x00007ffad2fe0780:   0000000000000000 0000000000000000
0x00007ffad2fe0790:   0000000300000000 0000000000000000
0x00007ffad2fe07a0:   0000000000000000 00007ffaa4270820
0x00007ffad2fe07b0:   0000034f00000000 00007ffa00000008
0x00007ffad2fe07c0:   00007ffaa400df40 00007ffa00000004
0x00007ffad2fe07d0:   00007ffad2fe0840 00007ffa00000004
0x00007ffad2fe07e0:   00007ffad2fe0830 00007ffae4a19d9a
0x00007ffad2fe07f0:   0000034f00000000 0303030300000008
0x00007ffad2fe0800:   00007ffaa400df40 0000000000000004
0x00007ffad2fe0810:   00007ffad2fe0840 0000000000000004 

Instructions: (pc=0x00007ffae4d09436)
0x00007ffae4d09416:   ea 08 48 8b 04 d0 48 3b 05 dd 3a 82 00 74 7b be
0x00007ffae4d09426:   01 00 00 00 d3 e6 c1 e9 05 83 e1 07 48 8d 14 88
0x00007ffae4d09436:   8b 02 89 c1 09 f1 85 f0 89 0a 0f 85 ea fe ff ff
0x00007ffae4d09446:   41 83 00 01 8b 45 90 85 c0 0f 85 e6 fe ff ff 0f 

Register to memory mapping:

RAX=0x00007ff2e555a940 is an unknown value
RBX=0x00007ffad2fe0630 is pointing into the stack for thread: 0x00007ffadc0a9800
RCX=0x0000000000000001 is an unknown value
RDX=0x00007ff2e555a944 is an unknown value
RSP=0x00007ffad2fe0620 is pointing into the stack for thread: 0x00007ffadc0a9800
RBP=0x00007ffad2fe06a0 is pointing into the stack for thread: 0x00007ffadc0a9800
RSI=0x0000000000100000 is an unknown value
RDI=0x0000000000000034 is an unknown value
R8 =0x00007ffab0af8e20 is an unknown value
R9 =0x00007ffad2fe0740 is pointing into the stack for thread: 0x00007ffadc0a9800
R10=0x00000000000059c8 is an unknown value
R11=0x0000000000000000 is an unknown value
R12=0x00000000000000dd is an unknown value
R13=0x0000000000008a20 is an unknown value
R14=0x00007ffab0a53168 is an unknown value
R15=0x00007ffad2fe0c10 is pointing into the stack for thread: 0x00007ffadc0a9800


Stack: [0x00007ffad2ee4000,0x00007ffad2fe5000],  sp=0x00007ffad2fe0620,  free space=1009k
Native frames: (J=compiled Java code, j=interpreted, Vv=VM code, C=native code)
V  [libjvm.so+0x59b436]
V  [libjvm.so+0x59c55f]
V  [libjvm.so+0x3cb6d2]
V  [libjvm.so+0x43f92a]
V  [libjvm.so+0x443ab7]
V  [libjvm.so+0x3b1c7a]
V  [libjvm.so+0x449937]
V  [libjvm.so+0x44aa40]
V  [libjvm.so+0x907e50]
V  [libjvm.so+0x9080c1]
V  [libjvm.so+0x7cc682]


Current CompileTask:
C2:  11208  357             com.android.dx.ssa.back.FirstFitLocalCombiningAllocator$1::processInsn (169 bytes)


---------------  P R O C E S S  ---------------

Java Threads: ( => current thread )
  0x00007ffadc1d4000 JavaThread "pool-2-thread-4" [_thread_in_Java, id=1456, stack(0x00007ffad0ed6000,0x00007ffad0fd7000)]
  0x00007ffadc1d2000 JavaThread "pool-2-thread-3" [_thread_in_Java, id=1455, stack(0x00007ffad0fd7000,0x00007ffad10d8000)]
  0x00007ffadc1cf000 JavaThread "pool-2-thread-2" [_thread_in_vm, id=1454, stack(0x00007ffad10d8000,0x00007ffad11d9000)]
  0x00007ffadc1c3800 JavaThread "pool-3-thread-1" [_thread_blocked, id=1453, stack(0x00007ffad11d9000,0x00007ffad12da000)]
  0x00007ffadc1c3000 JavaThread "pool-2-thread-1" [_thread_in_Java, id=1452, stack(0x00007ffad12da000,0x00007ffad13db000)]
  0x00007ffadc0ae800 JavaThread "Service Thread" daemon [_thread_blocked, id=1450, stack(0x00007ffad2ce2000,0x00007ffad2de3000)]
  0x00007ffadc0ac800 JavaThread "C2 CompilerThread1" daemon [_thread_in_native, id=1449, stack(0x00007ffad2de3000,0x00007ffad2ee4000)]
=>0x00007ffadc0a9800 JavaThread "C2 CompilerThread0" daemon [_thread_in_native, id=1448, stack(0x00007ffad2ee4000,0x00007ffad2fe5000)]
  0x00007ffadc0a7000 JavaThread "Signal Dispatcher" daemon [_thread_blocked, id=1447, stack(0x00007ffad2fe5000,0x00007ffad30e6000)]
  0x00007ffadc07c000 JavaThread "Finalizer" daemon [_thread_blocked, id=1446, stack(0x00007ffad38f9000,0x00007ffad39fa000)]
  0x00007ffadc07a000 JavaThread "Reference Handler" daemon [_thread_blocked, id=1445, stack(0x00007ffad39fa000,0x00007ffad3afb000)]
  0x00007ffadc00a800 JavaThread "main" [_thread_in_vm, id=1439, stack(0x00007ffae6283000,0x00007ffae6384000)]

Other Threads:
  0x00007ffadc075800 VMThread [stack: 0x00007ffad3afb000,0x00007ffad3bfc000] [id=1444]
  0x00007ffadc0b9800 WatcherThread [stack: 0x00007ffad2be1000,0x00007ffad2ce2000] [id=1451]

VM state:not at safepoint (normal execution)

VM Mutex/Monitor currently owned by a thread: None

Heap
 PSYoungGen      total 132096K, used 107462K [0x00000000eaa80000, 0x00000000f3080000, 0x0000000100000000)
  eden space 126976K, 80% used [0x00000000eaa80000,0x00000000f0e73a50,0x00000000f2680000)
  from space 5120K, 99% used [0x00000000f2b80000,0x00000000f307de08,0x00000000f3080000)
  to   space 5120K, 0% used [0x00000000f2680000,0x00000000f2680000,0x00000000f2b80000)
 ParOldGen       total 83968K, used 29522K [0x00000000c0000000, 0x00000000c5200000, 0x00000000eaa80000)
  object space 83968K, 35% used [0x00000000c0000000,0x00000000c1cd4a48,0x00000000c5200000)
 PSPermGen       total 21504K, used 6210K [0x00000000b5a00000, 0x00000000b6f00000, 0x00000000c0000000)
  object space 21504K, 28% used [0x00000000b5a00000,0x00000000b60108e8,0x00000000b6f00000)

Card table byte_map: [0x00007ffae2c64000,0x00007ffae2eb8000] byte_map_base: 0x00007ffae26b7000

Polling page: 0x00007ffae63ab000

Code Cache  [0x00007ffad9000000, 0x00007ffad9270000, 0x00007ffadc000000)
 total_blobs=584 nmethods=353 adapters=184 free_code_cache=47572Kb largest_free_block=48658176

Compilation events (10 events):
Event: 10,890 Thread 0x00007ffadc0a9800 nmethod 352 0x00007ffad9159390 code [0x00007ffad91594c0, 0x00007ffad9159518]
Event: 10,890 Thread 0x00007ffadc0a9800  353             com.android.dx.cf.code.BaseMachine::storeResults (90 bytes)
Event: 10,976 Thread 0x00007ffadc0a9800 nmethod 353 0x00007ffad917ead0 code [0x00007ffad917eda0, 0x00007ffad917fb70]
Event: 10,977 Thread 0x00007ffadc0a9800  354             java.io.DataInputStream::readUnsignedShort (39 bytes)
Event: 10,985 Thread 0x00007ffadc0a9800 nmethod 354 0x00007ffad915cd10 code [0x00007ffad915ce80, 0x00007ffad915d0b8]
Event: 10,985 Thread 0x00007ffadc0a9800  355             com.android.dx.cf.code.RopperMachine::getSources (264 bytes)
Event: 11,082 Thread 0x00007ffadc0a9800 nmethod 355 0x00007ffad917cd90 code [0x00007ffad917cfe0, 0x00007ffad917db78]
Event: 11,082 Thread 0x00007ffadc0a9800  356             com.android.dx.cf.direct.DirectClassFile::getBytes (5 bytes)
Event: 11,082 Thread 0x00007ffadc0a9800 nmethod 356 0x00007ffad9159190 code [0x00007ffad91592c0, 0x00007ffad9159318]
Event: 11,082 Thread 0x00007ffadc0a9800  357             com.android.dx.ssa.back.FirstFitLocalCombiningAllocator$1::processInsn (169 bytes)

GC Heap History (8 events):
Event: 1,275 GC heap before
{Heap before GC invocations=1 (full 0):
 PSYoungGen      total 36864K, used 31744K [0x00000000eaa80000, 0x00000000ed380000, 0x0000000100000000)
  eden space 31744K, 100% used [0x00000000eaa80000,0x00000000ec980000,0x00000000ec980000)
  from space 5120K, 0% used [0x00000000ece80000,0x00000000ece80000,0x00000000ed380000)
  to   space 5120K, 0% used [0x00000000ec980000,0x00000000ec980000,0x00000000ece80000)
 ParOldGen       total 83968K, used 0K [0x00000000c0000000, 0x00000000c5200000, 0x00000000eaa80000)
  object space 83968K, 0% used [0x00000000c0000000,0x00000000c0000000,0x00000000c5200000)
 PSPermGen       total 21504K, used 5949K [0x00000000b5a00000, 0x00000000b6f00000, 0x00000000c0000000)
  object space 21504K, 27% used [0x00000000b5a00000,0x00000000b5fcf788,0x00000000b6f00000)
Event: 1,307 GC heap after
Heap after GC invocations=1 (full 0):
 PSYoungGen      total 36864K, used 5115K [0x00000000eaa80000, 0x00000000ef280000, 0x0000000100000000)
  eden space 31744K, 0% used [0x00000000eaa80000,0x00000000eaa80000,0x00000000ec980000)
  from space 5120K, 99% used [0x00000000ec980000,0x00000000ece7ed28,0x00000000ece80000)
  to   space 5120K, 0% used [0x00000000eed80000,0x00000000eed80000,0x00000000ef280000)
 ParOldGen       total 83968K, used 2858K [0x00000000c0000000, 0x00000000c5200000, 0x00000000eaa80000)
  object space 83968K, 3% used [0x00000000c0000000,0x00000000c02caa60,0x00000000c5200000)
 PSPermGen       total 21504K, used 5949K [0x00000000b5a00000, 0x00000000b6f00000, 0x00000000c0000000)
  object space 21504K, 27% used [0x00000000b5a00000,0x00000000b5fcf788,0x00000000b6f00000)
}
Event: 2,416 GC heap before
{Heap before GC invocations=2 (full 0):
 PSYoungGen      total 36864K, used 36859K [0x00000000eaa80000, 0x00000000ef280000, 0x0000000100000000)
  eden space 31744K, 100% used [0x00000000eaa80000,0x00000000ec980000,0x00000000ec980000)
  from space 5120K, 99% used [0x00000000ec980000,0x00000000ece7ed28,0x00000000ece80000)
  to   space 5120K, 0% used [0x00000000eed80000,0x00000000eed80000,0x00000000ef280000)
 ParOldGen       total 83968K, used 2858K [0x00000000c0000000, 0x00000000c5200000, 0x00000000eaa80000)
  object space 83968K, 3% used [0x00000000c0000000,0x00000000c02caa60,0x00000000c5200000)
 PSPermGen       total 21504K, used 6072K [0x00000000b5a00000, 0x00000000b6f00000, 0x00000000c0000000)
  object space 21504K, 28% used [0x00000000b5a00000,0x00000000b5fee288,0x00000000b6f00000)
Event: 2,450 GC heap after
Heap after GC invocations=2 (full 0):
 PSYoungGen      total 68608K, used 5102K [0x00000000eaa80000, 0x00000000ef280000, 0x0000000100000000)
  eden space 63488K, 0% used [0x00000000eaa80000,0x00000000eaa80000,0x00000000ee880000)
  from space 5120K, 99% used [0x00000000eed80000,0x00000000ef27baf8,0x00000000ef280000)
  to   space 5120K, 0% used [0x00000000ee880000,0x00000000ee880000,0x00000000eed80000)
 ParOldGen       total 83968K, used 7999K [0x00000000c0000000, 0x00000000c5200000, 0x00000000eaa80000)
  object space 83968K, 9% used [0x00000000c0000000,0x00000000c07cfcd0,0x00000000c5200000)
 PSPermGen       total 21504K, used 6072K [0x00000000b5a00000, 0x00000000b6f00000, 0x00000000c0000000)
  object space 21504K, 28% used [0x00000000b5a00000,0x00000000b5fee288,0x00000000b6f00000)
}
Event: 4,942 GC heap before
{Heap before GC invocations=3 (full 0):
 PSYoungGen      total 68608K, used 68590K [0x00000000eaa80000, 0x00000000ef280000, 0x0000000100000000)
  eden space 63488K, 100% used [0x00000000eaa80000,0x00000000ee880000,0x00000000ee880000)
  from space 5120K, 99% used [0x00000000eed80000,0x00000000ef27baf8,0x00000000ef280000)
  to   space 5120K, 0% used [0x00000000ee880000,0x00000000ee880000,0x00000000eed80000)
 ParOldGen       total 83968K, used 7999K [0x00000000c0000000, 0x00000000c5200000, 0x00000000eaa80000)
  object space 83968K, 9% used [0x00000000c0000000,0x00000000c07cfcd0,0x00000000c5200000)
 PSPermGen       total 21504K, used 6132K [0x00000000b5a00000, 0x00000000b6f00000, 0x00000000c0000000)
  object space 21504K, 28% used [0x00000000b5a00000,0x00000000b5ffd1f8,0x00000000b6f00000)
Event: 5,048 GC heap after
Heap after GC invocations=3 (full 0):
 PSYoungGen      total 68608K, used 5088K [0x00000000eaa80000, 0x00000000f3080000, 0x0000000100000000)
  eden space 63488K, 0% used [0x00000000eaa80000,0x00000000eaa80000,0x00000000ee880000)
  from space 5120K, 99% used [0x00000000ee880000,0x00000000eed78278,0x00000000eed80000)
  to   space 5120K, 0% used [0x00000000f2b80000,0x00000000f2b80000,0x00000000f3080000)
 ParOldGen       total 83968K, used 18743K [0x00000000c0000000, 0x00000000c5200000, 0x00000000eaa80000)
  object space 83968K, 22% used [0x00000000c0000000,0x00000000c124df48,0x00000000c5200000)
 PSPermGen       total 21504K, used 6132K [0x00000000b5a00000, 0x00000000b6f00000, 0x00000000c0000000)
  object space 21504K, 28% used [0x00000000b5a00000,0x00000000b5ffd1f8,0x00000000b6f00000)
}
Event: 7,811 GC heap before
{Heap before GC invocations=4 (full 0):
 PSYoungGen      total 68608K, used 68576K [0x00000000eaa80000, 0x00000000f3080000, 0x0000000100000000)
  eden space 63488K, 100% used [0x00000000eaa80000,0x00000000ee880000,0x00000000ee880000)
  from space 5120K, 99% used [0x00000000ee880000,0x00000000eed78278,0x00000000eed80000)
  to   space 5120K, 0% used [0x00000000f2b80000,0x00000000f2b80000,0x00000000f3080000)
 ParOldGen       total 83968K, used 18743K [0x00000000c0000000, 0x00000000c5200000, 0x00000000eaa80000)
  object space 83968K, 22% used [0x00000000c0000000,0x00000000c124df48,0x00000000c5200000)
 PSPermGen       total 21504K, used 6177K [0x00000000b5a00000, 0x00000000b6f00000, 0x00000000c0000000)
  object space 21504K, 28% used [0x00000000b5a00000,0x00000000b6008760,0x00000000b6f00000)
Event: 7,894 GC heap after
Heap after GC invocations=4 (full 0):
 PSYoungGen      total 132096K, used 5111K [0x00000000eaa80000, 0x00000000f3080000, 0x0000000100000000)
  eden space 126976K, 0% used [0x00000000eaa80000,0x00000000eaa80000,0x00000000f2680000)
  from space 5120K, 99% used [0x00000000f2b80000,0x00000000f307de08,0x00000000f3080000)
  to   space 5120K, 0% used [0x00000000f2680000,0x00000000f2680000,0x00000000f2b80000)
 ParOldGen       total 83968K, used 29522K [0x00000000c0000000, 0x00000000c5200000, 0x00000000eaa80000)
  object space 83968K, 35% used [0x00000000c0000000,0x00000000c1cd4a48,0x00000000c5200000)
 PSPermGen       total 21504K, used 6177K [0x00000000b5a00000, 0x00000000b6f00000, 0x00000000c0000000)
  object space 21504K, 28% used [0x00000000b5a00000,0x00000000b6008760,0x00000000b6f00000)
}

Deoptimization events (10 events):
Event: 2,108 Thread 0x00007ffadc00a800 Uncommon trap: reason=null_check action=make_not_entrant pc=0x00007ffad90c1d4c method=com.android.dx.ssa.SsaRenamer.getLocalForNewReg(I)Lcom/android/dx/rop/code/LocalItem; @ 19
Event: 3,283 Thread 0x00007ffadc1d4000 Uncommon trap: reason=unstable_if action=reinterpret pc=0x00007ffad90de16c method=com.android.dx.ssa.Dominators.run()V @ 346
Event: 5,064 Thread 0x00007ffadc00a800 Uncommon trap: reason=unstable_if action=reinterpret pc=0x00007ffad90fa1ec method=com.android.dx.rop.code.RegisterSpecSet.localItemToSpec(Lcom/android/dx/rop/code/LocalItem;)Lcom/android/dx/rop/code/RegisterSpec; @ 35
Event: 6,114 Thread 0x00007ffadc1d2000 Uncommon trap: reason=unstable_if action=reinterpret pc=0x00007ffad90cccb8 method=com.android.dx.rop.code.RegisterSpecSet.localItemToSpec(Lcom/android/dx/rop/code/LocalItem;)Lcom/android/dx/rop/code/RegisterSpec; @ 35
Event: 7,207 Thread 0x00007ffadc1cf000 Uncommon trap: reason=unstable_if action=reinterpret pc=0x00007ffad90e8534 method=com.android.dx.util.IntList.binarysearch(I)I @ 105
Event: 7,228 Thread 0x00007ffadc1cf000 Uncommon trap: reason=unstable_if action=reinterpret pc=0x00007ffad910ab94 method=com.android.dx.ssa.SsaBasicBlock.newFromRop(Lcom/android/dx/rop/code/RopMethod;ILcom/android/dx/ssa/SsaMethod;)Lcom/android/dx/ssa/SsaBasicBlock; @ 164
Event: 8,006 Thread 0x00007ffadc1c3000 Uncommon trap: reason=unstable_if action=reinterpret pc=0x00007ffad9091bf4 method=com.android.dx.util.IntList.binarysearch(I)I @ 105
Event: 8,059 Thread 0x00007ffadc1d2000 Uncommon trap: reason=class_check action=maybe_recompile pc=0x00007ffad912b8f4 method=com.android.dx.ssa.SCCP.replaceConstants()V @ 127
Event: 8,164 Thread 0x00007ffadc1d4000 Uncommon trap: reason=class_check action=maybe_recompile pc=0x00007ffad912b8f4 method=com.android.dx.ssa.SCCP.replaceConstants()V @ 127
Event: 8,922 Thread 0x00007ffadc1d2000 Uncommon trap: reason=null_check action=make_not_entrant pc=0x00007ffad916516c method=com.android.dx.cf.code.Ropper$CatchInfo.getSetup(Lcom/android/dx/rop/type/Type;)Lcom/android/dx/cf/code/Ropper$ExceptionHandlerSetup; @ 10

Internal exceptions (10 events):
Event: 0,566 Thread 0x00007ffadc00a800 Threw 0x00000000eb5e5710 at /build/openjdk-7-2FOwCu/openjdk-7-7u95-2.6.4/build/openjdk/hotspot/src/share/vm/prims/jvm.cpp:1322
Event: 0,667 Thread 0x00007ffadc1d2000 Threw 0x00000000eb894238 at /build/openjdk-7-2FOwCu/openjdk-7-7u95-2.6.4/build/openjdk/hotspot/src/share/vm/prims/jvm.cpp:1322
Event: 0,728 Thread 0x00007ffadc1cf000 Threw 0x00000000eb952418 at /build/openjdk-7-2FOwCu/openjdk-7-7u95-2.6.4/build/openjdk/hotspot/src/share/vm/prims/jvm.cpp:1322
Event: 0,782 Thread 0x00007ffadc1d4000 Threw 0x00000000eba20860 at /build/openjdk-7-2FOwCu/openjdk-7-7u95-2.6.4/build/openjdk/hotspot/src/share/vm/prims/jvm.cpp:1322
Event: 1,155 Thread 0x00007ffadc00a800 Threw 0x00000000ec5b02f8 at /build/openjdk-7-2FOwCu/openjdk-7-7u95-2.6.4/build/openjdk/hotspot/src/share/vm/prims/jvm.cpp:1322
Event: 1,887 Thread 0x00007ffadc00a800 Implicit null exception at 0x00007ffad90ad4cb to 0x00007ffad90adbcd
Event: 2,108 Thread 0x00007ffadc00a800 Implicit null exception at 0x00007ffad90c0509 to 0x00007ffad90c1d29
Event: 2,931 Thread 0x00007ffadc1c3000 Threw 0x00000000eb763c40 at /build/openjdk-7-2FOwCu/openjdk-7-7u95-2.6.4/build/openjdk/hotspot/src/share/vm/prims/jvm.cpp:1322
Event: 7,494 Thread 0x00007ffadc00a800 Threw 0x00000000ee07fee8 at /build/openjdk-7-2FOwCu/openjdk-7-7u95-2.6.4/build/openjdk/hotspot/src/share/vm/prims/jvm.cpp:1322
Event: 8,922 Thread 0x00007ffadc1d2000 Implicit null exception at 0x00007ffad9161044 to 0x00007ffad9165119

Events (10 events):
Event: 8,059 Thread 0x00007ffadc1d2000 DEOPT PACKING pc=0x00007ffad912b8f4 sp=0x00007ffad10d6220
Event: 8,059 Thread 0x00007ffadc1d2000 DEOPT UNPACKING pc=0x00007ffad9039445 sp=0x00007ffad10d6178 mode 2
Event: 8,164 Thread 0x00007ffadc1d4000 Uncommon trap: trap_request=0xffffffde fr.pc=0x00007ffad912b8f4
Event: 8,165 Thread 0x00007ffadc1d4000 DEOPT PACKING pc=0x00007ffad912b8f4 sp=0x00007ffad0fd5220
Event: 8,165 Thread 0x00007ffadc1d4000 DEOPT UNPACKING pc=0x00007ffad9039445 sp=0x00007ffad0fd5178 mode 2
Event: 8,922 Thread 0x00007ffadc1d2000 Uncommon trap: trap_request=0xfffffff4 fr.pc=0x00007ffad916516c
Event: 8,922 Thread 0x00007ffadc1d2000 DEOPT PACKING pc=0x00007ffad916516c sp=0x00007ffad10d62a0
Event: 8,922 Thread 0x00007ffadc1d2000 DEOPT UNPACKING pc=0x00007ffad9039445 sp=0x00007ffad10d61f8 mode 2
Event: 9,271 Thread 0x00007ffadc0ac800 flushing nmethod 0x00007ffad90acc90
Event: 9,278 Thread 0x00007ffadc0ac800 flushing nmethod 0x00007ffad90bf4d0


Dynamic libraries:
00400000-00401000 r-xp 00000000 08:02 2761158                            /usr/lib/jvm/java-7-openjdk-amd64/jre/bin/java
00600000-00601000 r--p 00000000 08:02 2761158                            /usr/lib/jvm/java-7-openjdk-amd64/jre/bin/java
00601000-00602000 rw-p 00001000 08:02 2761158                            /usr/lib/jvm/java-7-openjdk-amd64/jre/bin/java
01d96000-01db7000 rw-p 00000000 00:00 0                                  [heap]
b5a00000-b6f00000 rw-p 00000000 00:00 0 
b6f00000-c0000000 rw-p 00000000 00:00 0 
c0000000-c5200000 rw-p 00000000 00:00 0 
c5200000-eaa80000 rw-p 00000000 00:00 0 
eaa80000-f3080000 rw-p 00000000 00:00 0 
f3080000-100000000 rw-p 00000000 00:00 0 
7ffa8c000000-7ffa8c021000 rw-p 00000000 00:00 0 
7ffa8c021000-7ffa90000000 ---p 00000000 00:00 0 
7ffa90000000-7ffa90029000 rw-p 00000000 00:00 0 
7ffa90029000-7ffa94000000 ---p 00000000 00:00 0 
7ffa94000000-7ffa94021000 rw-p 00000000 00:00 0 
7ffa94021000-7ffa98000000 ---p 00000000 00:00 0 
7ffa98000000-7ffa9802f000 rw-p 00000000 00:00 0 
7ffa9802f000-7ffa9c000000 ---p 00000000 00:00 0 
7ffa9c000000-7ffa9c021000 rw-p 00000000 00:00 0 
7ffa9c021000-7ffaa0000000 ---p 00000000 00:00 0 
7ffaa0000000-7ffaa0024000 rw-p 00000000 00:00 0 
7ffaa0024000-7ffaa4000000 ---p 00000000 00:00 0 
7ffaa4000000-7ffaa5487000 rw-p 00000000 00:00 0 
7ffaa5487000-7ffaa8000000 ---p 00000000 00:00 0 
7ffaa8000000-7ffaa8021000 rw-p 00000000 00:00 0 
7ffaa8021000-7ffaac000000 ---p 00000000 00:00 0 
7ffaac000000-7ffaac021000 rw-p 00000000 00:00 0 
7ffaac021000-7ffab0000000 ---p 00000000 00:00 0 
7ffab0000000-7ffab13de000 rw-p 00000000 00:00 0 
7ffab13de000-7ffab4000000 ---p 00000000 00:00 0 
7ffab4000000-7ffab4021000 rw-p 00000000 00:00 0 
7ffab4021000-7ffab8000000 ---p 00000000 00:00 0 
7ffab8000000-7ffab8021000 rw-p 00000000 00:00 0 
7ffab8021000-7ffabc000000 ---p 00000000 00:00 0 
7ffabc000000-7ffabc021000 rw-p 00000000 00:00 0 
7ffabc021000-7ffac0000000 ---p 00000000 00:00 0 
7ffac0000000-7ffac0021000 rw-p 00000000 00:00 0 
7ffac0021000-7ffac4000000 ---p 00000000 00:00 0 
7ffac4000000-7ffac4021000 rw-p 00000000 00:00 0 
7ffac4021000-7ffac8000000 ---p 00000000 00:00 0 
7ffacc000000-7ffacc021000 rw-p 00000000 00:00 0 
7ffacc021000-7ffad0000000 ---p 00000000 00:00 0 
7ffad0ed6000-7ffad0ed9000 ---p 00000000 00:00 0 
7ffad0ed9000-7ffad0fd7000 rw-p 00000000 00:00 0                          [stack:1456]
7ffad0fd7000-7ffad0fda000 ---p 00000000 00:00 0 
7ffad0fda000-7ffad10d8000 rw-p 00000000 00:00 0                          [stack:1455]
7ffad10d8000-7ffad10db000 ---p 00000000 00:00 0 
7ffad10db000-7ffad11d9000 rw-p 00000000 00:00 0                          [stack:1454]
7ffad11d9000-7ffad11dc000 ---p 00000000 00:00 0 
7ffad11dc000-7ffad12da000 rw-p 00000000 00:00 0                          [stack:1453]
7ffad12da000-7ffad12dd000 ---p 00000000 00:00 0 
7ffad12dd000-7ffad13db000 rw-p 00000000 00:00 0                          [stack:1452]
7ffad13db000-7ffad1418000 r-xp 00000000 08:02 13447                      /lib/x86_64-linux-gnu/libpcre.so.3.13.1
7ffad1418000-7ffad1617000 ---p 0003d000 08:02 13447                      /lib/x86_64-linux-gnu/libpcre.so.3.13.1
7ffad1617000-7ffad1618000 r--p 0003c000 08:02 13447                      /lib/x86_64-linux-gnu/libpcre.so.3.13.1
7ffad1618000-7ffad1619000 rw-p 0003d000 08:02 13447                      /lib/x86_64-linux-gnu/libpcre.so.3.13.1
7ffad1619000-7ffad1620000 r-xp 00000000 08:02 21389                      /usr/lib/x86_64-linux-gnu/libffi.so.6.0.1
7ffad1620000-7ffad181f000 ---p 00007000 08:02 21389                      /usr/lib/x86_64-linux-gnu/libffi.so.6.0.1
7ffad181f000-7ffad1820000 r--p 00006000 08:02 21389                      /usr/lib/x86_64-linux-gnu/libffi.so.6.0.1
7ffad1820000-7ffad1821000 rw-p 00007000 08:02 21389                      /usr/lib/x86_64-linux-gnu/libffi.so.6.0.1
7ffad1821000-7ffad1838000 r-xp 00000000 08:02 3147                       /lib/x86_64-linux-gnu/libresolv-2.19.so
7ffad1838000-7ffad1a38000 ---p 00017000 08:02 3147                       /lib/x86_64-linux-gnu/libresolv-2.19.so
7ffad1a38000-7ffad1a39000 r--p 00017000 08:02 3147                       /lib/x86_64-linux-gnu/libresolv-2.19.so
7ffad1a39000-7ffad1a3a000 rw-p 00018000 08:02 3147                       /lib/x86_64-linux-gnu/libresolv-2.19.so
7ffad1a3a000-7ffad1a3c000 rw-p 00000000 00:00 0 
7ffad1a3c000-7ffad1a5c000 r-xp 00000000 08:02 13524                      /lib/x86_64-linux-gnu/libselinux.so.1
7ffad1a5c000-7ffad1c5b000 ---p 00020000 08:02 13524                      /lib/x86_64-linux-gnu/libselinux.so.1
7ffad1c5b000-7ffad1c5c000 r--p 0001f000 08:02 13524                      /lib/x86_64-linux-gnu/libselinux.so.1
7ffad1c5c000-7ffad1c5d000 rw-p 00020000 08:02 13524                      /lib/x86_64-linux-gnu/libselinux.so.1
7ffad1c5d000-7ffad1c5f000 rw-p 00000000 00:00 0 
7ffad1c5f000-7ffad1c62000 r-xp 00000000 08:02 28550                      /usr/lib/x86_64-linux-gnu/libgmodule-2.0.so.0.4002.0
7ffad1c62000-7ffad1e61000 ---p 00003000 08:02 28550                      /usr/lib/x86_64-linux-gnu/libgmodule-2.0.so.0.4002.0
7ffad1e61000-7ffad1e62000 r--p 00002000 08:02 28550                      /usr/lib/x86_64-linux-gnu/libgmodule-2.0.so.0.4002.0
7ffad1e62000-7ffad1e63000 rw-p 00003000 08:02 28550                      /usr/lib/x86_64-linux-gnu/libgmodule-2.0.so.0.4002.0
7ffad1e63000-7ffad1f69000 r-xp 00000000 08:02 13425                      /lib/x86_64-linux-gnu/libglib-2.0.so.0.4002.0
7ffad1f69000-7ffad2168000 ---p 00106000 08:02 13425                      /lib/x86_64-linux-gnu/libglib-2.0.so.0.4002.0
7ffad2168000-7ffad2169000 r--p 00105000 08:02 13425                      /lib/x86_64-linux-gnu/libglib-2.0.so.0.4002.0
7ffad2169000-7ffad216a000 rw-p 00106000 08:02 13425                      /lib/x86_64-linux-gnu/libglib-2.0.so.0.4002.0
7ffad216a000-7ffad216b000 rw-p 00000000 00:00 0 
7ffad216b000-7ffad21ba000 r-xp 00000000 08:02 28566                      /usr/lib/x86_64-linux-gnu/libgobject-2.0.so.0.4002.0
7ffad21ba000-7ffad23ba000 ---p 0004f000 08:02 28566                      /usr/lib/x86_64-linux-gnu/libgobject-2.0.so.0.4002.0
7ffad23ba000-7ffad23bb000 r--p 0004f000 08:02 28566                      /usr/lib/x86_64-linux-gnu/libgobject-2.0.so.0.4002.0
7ffad23bb000-7ffad23bc000 rw-p 00050000 08:02 28566                      /usr/lib/x86_64-linux-gnu/libgobject-2.0.so.0.4002.0
7ffad23bc000-7ffad2528000 r-xp 00000000 08:02 28538                      /usr/lib/x86_64-linux-gnu/libgio-2.0.so.0.4002.0
7ffad2528000-7ffad2727000 ---p 0016c000 08:02 28538                      /usr/lib/x86_64-linux-gnu/libgio-2.0.so.0.4002.0
7ffad2727000-7ffad272b000 r--p 0016b000 08:02 28538                      /usr/lib/x86_64-linux-gnu/libgio-2.0.so.0.4002.0
7ffad272b000-7ffad272d000 rw-p 0016f000 08:02 28538                      /usr/lib/x86_64-linux-gnu/libgio-2.0.so.0.4002.0
7ffad272d000-7ffad272f000 rw-p 00000000 00:00 0 
7ffad272f000-7ffad2746000 r-xp 00000000 08:02 2625929                    /usr/lib/jvm/java-7-openjdk-amd64/jre/lib/amd64/libnet.so
7ffad2746000-7ffad2945000 ---p 00017000 08:02 2625929                    /usr/lib/jvm/java-7-openjdk-amd64/jre/lib/amd64/libnet.so
7ffad2945000-7ffad2946000 r--p 00016000 08:02 2625929                    /usr/lib/jvm/java-7-openjdk-amd64/jre/lib/amd64/libnet.so
7ffad2946000-7ffad2947000 rw-p 00017000 08:02 2625929                    /usr/lib/jvm/java-7-openjdk-amd64/jre/lib/amd64/libnet.so
7ffad2947000-7ffad2957000 r-xp 00000000 08:02 2625910                    /usr/lib/jvm/java-7-openjdk-amd64/jre/lib/amd64/libnio.so
7ffad2957000-7ffad2b57000 ---p 00010000 08:02 2625910                    /usr/lib/jvm/java-7-openjdk-amd64/jre/lib/amd64/libnio.so
7ffad2b57000-7ffad2b58000 r--p 00010000 08:02 2625910                    /usr/lib/jvm/java-7-openjdk-amd64/jre/lib/amd64/libnio.so
7ffad2b58000-7ffad2b59000 rw-p 00011000 08:02 2625910                    /usr/lib/jvm/java-7-openjdk-amd64/jre/lib/amd64/libnio.so
7ffad2b59000-7ffad2be1000 r--s 0071c000 08:02 30808975                   /home/ivan/workspace/Champy_v2/app/build/intermediates/transforms/jarMerging/debug/jars/1/1f/combined.jar
7ffad2be1000-7ffad2be2000 ---p 00000000 00:00 0 
7ffad2be2000-7ffad2ce2000 rw-p 00000000 00:00 0                          [stack:1451]
7ffad2ce2000-7ffad2ce5000 ---p 00000000 00:00 0 
7ffad2ce5000-7ffad2de3000 rw-p 00000000 00:00 0                          [stack:1450]
7ffad2de3000-7ffad2de6000 ---p 00000000 00:00 0 
7ffad2de6000-7ffad2ee4000 rw-p 00000000 00:00 0                          [stack:1449]
7ffad2ee4000-7ffad2ee7000 ---p 00000000 00:00 0 
7ffad2ee7000-7ffad2fe5000 rw-p 00000000 00:00 0                          [stack:1448]
7ffad2fe5000-7ffad2fe8000 ---p 00000000 00:00 0 
7ffad2fe8000-7ffad30e6000 rw-p 00000000 00:00 0                          [stack:1447]
7ffad30e6000-7ffad38f9000 r--p 00000000 08:02 27195                      /usr/lib/locale/locale-archive
7ffad38f9000-7ffad38fc000 ---p 00000000 00:00 0 
7ffad38fc000-7ffad39fa000 rw-p 00000000 00:00 0                          [stack:1446]
7ffad39fa000-7ffad39fd000 ---p 00000000 00:00 0 
7ffad39fd000-7ffad3afb000 rw-p 00000000 00:00 0                          [stack:1445]
7ffad3afb000-7ffad3afc000 ---p 00000000 00:00 0 
7ffad3afc000-7ffad4000000 rw-p 00000000 00:00 0                          [stack:1444]
7ffad4000000-7ffad4021000 rw-p 00000000 00:00 0 
7ffad4021000-7ffad8000000 ---p 00000000 00:00 0 
7ffad802a000-7ffad805b000 rw-p 00000000 00:00 0 
7ffad807e000-7ffad808d000 r--s 000df000 08:02 1575371                    /home/ivan/Android/Sdk/build-tools/23.0.1/lib/dx.jar
7ffad808d000-7ffad8bfb000 rw-p 00000000 00:00 0 
7ffad8bfb000-7ffad8dad000 r--s 01d2f000 08:02 2625893                    /usr/lib/jvm/java-7-openjdk-amd64/jre/lib/rt.jar
7ffad8dad000-7ffad9000000 rw-p 00000000 00:00 0 
7ffad9000000-7ffad9270000 rwxp 00000000 00:00 0 
7ffad9270000-7ffadc210000 rw-p 00000000 00:00 0 
7ffadc210000-7ffae0000000 ---p 00000000 00:00 0 
7ffae0003000-7ffae26b7000 rw-p 00000000 00:00 0 
7ffae26b7000-7ffae26b8000 ---p 00000000 00:00 0 
7ffae26b8000-7ffae27b8000 rw-p 00000000 00:00 0                          [stack:1443]
7ffae27b8000-7ffae27b9000 ---p 00000000 00:00 0 
7ffae27b9000-7ffae28b9000 rw-p 00000000 00:00 0                          [stack:1442]
7ffae28b9000-7ffae28ba000 ---p 00000000 00:00 0 
7ffae28ba000-7ffae29ba000 rw-p 00000000 00:00 0                          [stack:1441]
7ffae29ba000-7ffae29bb000 ---p 00000000 00:00 0 
7ffae29bb000-7ffae2ac6000 rw-p 00000000 00:00 0                          [stack:1440]
7ffae2ac6000-7ffae2b0e000 rw-p 00000000 00:00 0 
7ffae2b0e000-7ffae2b37000 rw-p 00000000 00:00 0 
7ffae2b37000-7ffae2c64000 rw-p 00000000 00:00 0 
7ffae2c64000-7ffae2c6f000 rw-p 00000000 00:00 0 
7ffae2c6f000-7ffae2cb7000 rw-p 00000000 00:00 0 
7ffae2cb7000-7ffae2ce0000 rw-p 00000000 00:00 0 
7ffae2ce0000-7ffae2e0c000 rw-p 00000000 00:00 0 
7ffae2e0c000-7ffae2e50000 rw-p 00000000 00:00 0 
7ffae2e50000-7ffae2eb7000 rw-p 00000000 00:00 0 
7ffae2eb7000-7ffae2eb8000 rw-p 00000000 00:00 0 
7ffae2eb8000-7ffae2ec0000 r-xp 00000000 08:02 2625902                    /usr/lib/jvm/java-7-openjdk-amd64/jre/lib/amd64/libzip.so
7ffae2ec0000-7ffae30bf000 ---p 00008000 08:02 2625902                    /usr/lib/jvm/java-7-openjdk-amd64/jre/lib/amd64/libzip.so
7ffae30bf000-7ffae30c0000 r--p 00007000 08:02 2625902                    /usr/lib/jvm/java-7-openjdk-amd64/jre/lib/amd64/libzip.so
7ffae30c0000-7ffae30c1000 rw-p 00008000 08:02 2625902                    /usr/lib/jvm/java-7-openjdk-amd64/jre/lib/amd64/libzip.so
7ffae30c1000-7ffae30cc000 r-xp 00000000 08:02 3187                       /lib/x86_64-linux-gnu/libnss_files-2.19.so
7ffae30cc000-7ffae32cb000 ---p 0000b000 08:02 3187                       /lib/x86_64-linux-gnu/libnss_files-2.19.so
7ffae32cb000-7ffae32cc000 r--p 0000a000 08:02 3187                       /lib/x86_64-linux-gnu/libnss_files-2.19.so
7ffae32cc000-7ffae32cd000 rw-p 0000b000 08:02 3187                       /lib/x86_64-linux-gnu/libnss_files-2.19.so
7ffae32cd000-7ffae32d8000 r-xp 00000000 08:02 3171                       /lib/x86_64-linux-gnu/libnss_nis-2.19.so
7ffae32d8000-7ffae34d7000 ---p 0000b000 08:02 3171                       /lib/x86_64-linux-gnu/libnss_nis-2.19.so
7ffae34d7000-7ffae34d8000 r--p 0000a000 08:02 3171                       /lib/x86_64-linux-gnu/libnss_nis-2.19.so
7ffae34d8000-7ffae34d9000 rw-p 0000b000 08:02 3171                       /lib/x86_64-linux-gnu/libnss_nis-2.19.so
7ffae34d9000-7ffae34f0000 r-xp 00000000 08:02 3163                       /lib/x86_64-linux-gnu/libnsl-2.19.so
7ffae34f0000-7ffae36ef000 ---p 00017000 08:02 3163                       /lib/x86_64-linux-gnu/libnsl-2.19.so
7ffae36ef000-7ffae36f0000 r--p 00016000 08:02 3163                       /lib/x86_64-linux-gnu/libnsl-2.19.so
7ffae36f0000-7ffae36f1000 rw-p 00017000 08:02 3163                       /lib/x86_64-linux-gnu/libnsl-2.19.so
7ffae36f1000-7ffae36f3000 rw-p 00000000 00:00 0 
7ffae36f3000-7ffae36fc000 r-xp 00000000 08:02 3161                       /lib/x86_64-linux-gnu/libnss_compat-2.19.so
7ffae36fc000-7ffae38fb000 ---p 00009000 08:02 3161                       /lib/x86_64-linux-gnu/libnss_compat-2.19.so
7ffae38fb000-7ffae38fc000 r--p 00008000 08:02 3161                       /lib/x86_64-linux-gnu/libnss_compat-2.19.so
7ffae38fc000-7ffae38fd000 rw-p 00009000 08:02 3161                       /lib/x86_64-linux-gnu/libnss_compat-2.19.so
7ffae38fd000-7ffae3928000 r-xp 00000000 08:02 2625925                    /usr/lib/jvm/java-7-openjdk-amd64/jre/lib/amd64/libjava.so
7ffae3928000-7ffae3b28000 ---p 0002b000 08:02 2625925                    /usr/lib/jvm/java-7-openjdk-amd64/jre/lib/amd64/libjava.so
7ffae3b28000-7ffae3b29000 r--p 0002b000 08:02 2625925                    /usr/lib/jvm/java-7-openjdk-amd64/jre/lib/amd64/libjava.so
7ffae3b29000-7ffae3b2b000 rw-p 0002c000 08:02 2625925                    /usr/lib/jvm/java-7-openjdk-amd64/jre/lib/amd64/libjava.so
7ffae3b2b000-7ffae3b3b000 r-xp 00000000 08:02 2625907                    /usr/lib/jvm/java-7-openjdk-amd64/jre/lib/amd64/libverify.so
7ffae3b3b000-7ffae3d3a000 ---p 00010000 08:02 2625907                    /usr/lib/jvm/java-7-openjdk-amd64/jre/lib/amd64/libverify.so
7ffae3d3a000-7ffae3d3c000 r--p 0000f000 08:02 2625907                    /usr/lib/jvm/java-7-openjdk-amd64/jre/lib/amd64/libverify.so
7ffae3d3c000-7ffae3d3d000 rw-p 00011000 08:02 2625907                    /usr/lib/jvm/java-7-openjdk-amd64/jre/lib/amd64/libverify.so
7ffae3d3d000-7ffae3d44000 r-xp 00000000 08:02 3179                       /lib/x86_64-linux-gnu/librt-2.19.so
7ffae3d44000-7ffae3f43000 ---p 00007000 08:02 3179                       /lib/x86_64-linux-gnu/librt-2.19.so
7ffae3f43000-7ffae3f44000 r--p 00006000 08:02 3179                       /lib/x86_64-linux-gnu/librt-2.19.so
7ffae3f44000-7ffae3f45000 rw-p 00007000 08:02 3179                       /lib/x86_64-linux-gnu/librt-2.19.so
7ffae3f45000-7ffae3f5b000 r-xp 00000000 08:02 3455                       /lib/x86_64-linux-gnu/libgcc_s.so.1
7ffae3f5b000-7ffae415a000 ---p 00016000 08:02 3455                       /lib/x86_64-linux-gnu/libgcc_s.so.1
7ffae415a000-7ffae415b000 r--p 00015000 08:02 3455                       /lib/x86_64-linux-gnu/libgcc_s.so.1
7ffae415b000-7ffae415c000 rw-p 00016000 08:02 3455                       /lib/x86_64-linux-gnu/libgcc_s.so.1
7ffae415c000-7ffae4261000 r-xp 00000000 08:02 3151                       /lib/x86_64-linux-gnu/libm-2.19.so
7ffae4261000-7ffae4460000 ---p 00105000 08:02 3151                       /lib/x86_64-linux-gnu/libm-2.19.so
7ffae4460000-7ffae4461000 r--p 00104000 08:02 3151                       /lib/x86_64-linux-gnu/libm-2.19.so
7ffae4461000-7ffae4462000 rw-p 00105000 08:02 3151                       /lib/x86_64-linux-gnu/libm-2.19.so
7ffae4462000-7ffae454f000 r-xp 00000000 08:02 9486                       /usr/lib/x86_64-linux-gnu/libstdc++.so.6.0.20
7ffae454f000-7ffae474f000 ---p 000ed000 08:02 9486                       /usr/lib/x86_64-linux-gnu/libstdc++.so.6.0.20
7ffae474f000-7ffae4757000 r--p 000ed000 08:02 9486                       /usr/lib/x86_64-linux-gnu/libstdc++.so.6.0.20
7ffae4757000-7ffae4759000 rw-p 000f5000 08:02 9486                       /usr/lib/x86_64-linux-gnu/libstdc++.so.6.0.20
7ffae4759000-7ffae476e000 rw-p 00000000 00:00 0 
7ffae476e000-7ffae5293000 r-xp 00000000 08:02 2625903                    /usr/lib/jvm/java-7-openjdk-amd64/jre/lib/amd64/server/libjvm.so
7ffae5293000-7ffae5493000 ---p 00b25000 08:02 2625903                    /usr/lib/jvm/java-7-openjdk-amd64/jre/lib/amd64/server/libjvm.so
7ffae5493000-7ffae552d000 r--p 00b25000 08:02 2625903                    /usr/lib/jvm/java-7-openjdk-amd64/jre/lib/amd64/server/libjvm.so
7ffae552d000-7ffae5550000 rw-p 00bbf000 08:02 2625903                    /usr/lib/jvm/java-7-openjdk-amd64/jre/lib/amd64/server/libjvm.so
7ffae5550000-7ffae557e000 rw-p 00000000 00:00 0 
7ffae557e000-7ffae5596000 r-xp 00000000 08:02 13550                      /lib/x86_64-linux-gnu/libz.so.1.2.8
7ffae5596000-7ffae5795000 ---p 00018000 08:02 13550                      /lib/x86_64-linux-gnu/libz.so.1.2.8
7ffae5795000-7ffae5796000 r--p 00017000 08:02 13550                      /lib/x86_64-linux-gnu/libz.so.1.2.8
7ffae5796000-7ffae5797000 rw-p 00018000 08:02 13550                      /lib/x86_64-linux-gnu/libz.so.1.2.8
7ffae5797000-7ffae57b0000 r-xp 00000000 08:02 3165                       /lib/x86_64-linux-gnu/libpthread-2.19.so
7ffae57b0000-7ffae59af000 ---p 00019000 08:02 3165                       /lib/x86_64-linux-gnu/libpthread-2.19.so
7ffae59af000-7ffae59b0000 r--p 00018000 08:02 3165                       /lib/x86_64-linux-gnu/libpthread-2.19.so
7ffae59b0000-7ffae59b1000 rw-p 00019000 08:02 3165                       /lib/x86_64-linux-gnu/libpthread-2.19.so
7ffae59b1000-7ffae59b5000 rw-p 00000000 00:00 0 
7ffae59b5000-7ffae59b8000 r-xp 00000000 08:02 3155                       /lib/x86_64-linux-gnu/libdl-2.19.so
7ffae59b8000-7ffae5bb7000 ---p 00003000 08:02 3155                       /lib/x86_64-linux-gnu/libdl-2.19.so
7ffae5bb7000-7ffae5bb8000 r--p 00002000 08:02 3155                       /lib/x86_64-linux-gnu/libdl-2.19.so
7ffae5bb8000-7ffae5bb9000 rw-p 00003000 08:02 3155                       /lib/x86_64-linux-gnu/libdl-2.19.so
7ffae5bb9000-7ffae5d74000 r-xp 00000000 08:02 3181                       /lib/x86_64-linux-gnu/libc-2.19.so
7ffae5d74000-7ffae5f73000 ---p 001bb000 08:02 3181                       /lib/x86_64-linux-gnu/libc-2.19.so
7ffae5f73000-7ffae5f77000 r--p 001ba000 08:02 3181                       /lib/x86_64-linux-gnu/libc-2.19.so
7ffae5f77000-7ffae5f79000 rw-p 001be000 08:02 3181                       /lib/x86_64-linux-gnu/libc-2.19.so
7ffae5f79000-7ffae5f7e000 rw-p 00000000 00:00 0 
7ffae5f7e000-7ffae5f8b000 r-xp 00000000 08:02 2625897                    /usr/lib/jvm/java-7-openjdk-amd64/jre/lib/amd64/jli/libjli.so
7ffae5f8b000-7ffae618a000 ---p 0000d000 08:02 2625897                    /usr/lib/jvm/java-7-openjdk-amd64/jre/lib/amd64/jli/libjli.so
7ffae618a000-7ffae618b000 r--p 0000c000 08:02 2625897                    /usr/lib/jvm/java-7-openjdk-amd64/jre/lib/amd64/jli/libjli.so
7ffae618b000-7ffae618c000 rw-p 0000d000 08:02 2625897                    /usr/lib/jvm/java-7-openjdk-amd64/jre/lib/amd64/jli/libjli.so
7ffae618c000-7ffae61af000 r-xp 00000000 08:02 3167                       /lib/x86_64-linux-gnu/ld-2.19.so
7ffae61af000-7ffae61b0000 rw-p 00000000 00:00 0 
7ffae61b0000-7ffae61b4000 r--s 00034000 08:02 2625935                    /usr/lib/jvm/java-7-openjdk-amd64/jre/lib/ext/sunjce_provider.jar
7ffae61b4000-7ffae61b6000 r--s 00012000 08:02 2625936                    /usr/lib/jvm/java-7-openjdk-amd64/jre/lib/ext/zipfs.jar
7ffae61b6000-7ffae61b9000 r--s 0000f000 08:02 2625939                    /usr/lib/jvm/java-7-openjdk-amd64/jre/lib/ext/icedtea-sound.jar
7ffae61b9000-7ffae61bd000 r--s 0003c000 08:02 2625937                    /usr/lib/jvm/java-7-openjdk-amd64/jre/lib/ext/sunpkcs11.jar
7ffae61bd000-7ffae61bf000 r--s 00006000 08:02 5674                       /usr/share/java/java-atk-wrapper.jar
7ffae61bf000-7ffae61c3000 r--s 00085000 08:02 2625934                    /usr/lib/jvm/java-7-openjdk-amd64/jre/lib/ext/localedata.jar
7ffae61c3000-7ffae61cd000 rw-p 00000000 00:00 0 
7ffae61cd000-7ffae6283000 rw-p 00000000 00:00 0 
7ffae6283000-7ffae6286000 ---p 00000000 00:00 0 
7ffae6286000-7ffae6389000 rw-p 00000000 00:00 0                          [stack:1439]
7ffae6389000-7ffae638a000 r--s 00002000 08:02 2625938                    /usr/lib/jvm/java-7-openjdk-amd64/jre/lib/ext/dnsns.jar
7ffae638a000-7ffae63a2000 rw-p 00000000 00:00 0 
7ffae63a2000-7ffae63aa000 rw-s 00000000 08:02 1315058                    /tmp/hsperfdata_ivan/1434
7ffae63aa000-7ffae63ab000 rw-p 00000000 00:00 0 
7ffae63ab000-7ffae63ac000 r--p 00000000 00:00 0 
7ffae63ac000-7ffae63ae000 rw-p 00000000 00:00 0 
7ffae63ae000-7ffae63af000 r--p 00022000 08:02 3167                       /lib/x86_64-linux-gnu/ld-2.19.so
7ffae63af000-7ffae63b0000 rw-p 00023000 08:02 3167                       /lib/x86_64-linux-gnu/ld-2.19.so
7ffae63b0000-7ffae63b1000 rw-p 00000000 00:00 0 
7fffaf370000-7fffaf391000 rw-p 00000000 00:00 0                          [stack]
7fffaf3fc000-7fffaf3fe000 r-xp 00000000 00:00 0                          [vdso]
7fffaf3fe000-7fffaf400000 r--p 00000000 00:00 0                          [vvar]
ffffffffff600000-ffffffffff601000 r-xp 00000000 00:00 0                  [vsyscall]

VM Arguments:
jvm_args: -Djava.awt.headless=true -Xmx1024M -Dfile.encoding=UTF-8 -Duser.country=UA -Duser.language=ru -Duser.variant 
java_command: com.android.dx.command.Main --dex --num-threads=4 --multi-dex --main-dex-list /home/ivan/workspace/Champy_v2/app/build/intermediates/multi-dex/debug/maindexlist.txt --output /home/ivan/workspace/Champy_v2/app/build/intermediates/transforms/dex/debug/folders/1000/1f/main /home/ivan/workspace/Champy_v2/app/build/intermediates/transforms/jarMerging/debug/jars/1/1f/combined.jar
Launcher Type: SUN_STANDARD

Environment Variables:
JAVA_HOME=/usr/lib/jvm/java-8-oracle
PATH=/usr/local/sbin:/usr/local/bin:/usr/sbin:/usr/bin:/sbin:/bin:/usr/games:/usr/local/games:/usr/lib/jvm/java-8-oracle/bin:/usr/lib/jvm/java-8-oracle/db/bin:/usr/lib/jvm/java-8-oracle/jre/bin
SHELL=/bin/bash
DISPLAY=:0

Signal Handlers:
SIGSEGV: [libjvm.so+0x955bc0], sa_mask[0]=0x7ffbfeff, sa_flags=0x10000004
SIGBUS: [libjvm.so+0x955bc0], sa_mask[0]=0x7ffbfeff, sa_flags=0x10000004
SIGFPE: [libjvm.so+0x7caff0], sa_mask[0]=0x7ffbfeff, sa_flags=0x10000004
SIGPIPE: [libjvm.so+0x7caff0], sa_mask[0]=0x7ffbfeff, sa_flags=0x10000004
SIGXFSZ: [libjvm.so+0x7caff0], sa_mask[0]=0x7ffbfeff, sa_flags=0x10000004
SIGILL: [libjvm.so+0x7caff0], sa_mask[0]=0x7ffbfeff, sa_flags=0x10000004
SIGUSR1: SIG_DFL, sa_mask[0]=0x00000000, sa_flags=0x00000000
SIGUSR2: [libjvm.so+0x7cae90], sa_mask[0]=0x00000004, sa_flags=0x10000004
SIGHUP: [libjvm.so+0x7cb070], sa_mask[0]=0x7ffbfeff, sa_flags=0x10000004
SIGINT: [libjvm.so+0x7cb070], sa_mask[0]=0x7ffbfeff, sa_flags=0x10000004
SIGTERM: [libjvm.so+0x7cb070], sa_mask[0]=0x7ffbfeff, sa_flags=0x10000004
SIGQUIT: [libjvm.so+0x7cb070], sa_mask[0]=0x7ffbfeff, sa_flags=0x10000004
SIGTRAP: SIG_DFL, sa_mask[0]=0x00000000, sa_flags=0x00000000


---------------  S Y S T E M  ---------------

OS:Ubuntu 14.04 (trusty)
uname:Linux 3.16.0-30-generic #40~14.04.1-Ubuntu SMP Thu Jan 15 17:43:14 UTC 2015 x86_64
libc:glibc 2.19 NPTL 2.19 
rlimit: STACK 8192k, CORE 0k, NPROC 30684, NOFILE 4096, AS infinity
load average:3,95 3,44 3,04

/proc/meminfo:
MemTotal:        8059724 kB
MemFree:         1867496 kB
MemAvailable:    4066412 kB
Buffers:          178172 kB
Cached:          2772724 kB
SwapCached:            0 kB
Active:          3779568 kB
Inactive:        2116520 kB
Active(anon):    2949512 kB
Inactive(anon):   632196 kB
Active(file):     830056 kB
Inactive(file):  1484324 kB
Unevictable:          68 kB
Mlocked:              68 kB
SwapTotal:       4075516 kB
SwapFree:        4075516 kB
Dirty:             11948 kB
Writeback:             0 kB
AnonPages:       2949448 kB
Mapped:           463308 kB
Shmem:            636520 kB
Slab:             144692 kB
SReclaimable:     106940 kB
SUnreclaim:        37752 kB
KernelStack:       10368 kB
PageTables:        49116 kB
NFS_Unstable:          0 kB
Bounce:                0 kB
WritebackTmp:          0 kB
CommitLimit:     8105376 kB
Committed_AS:    8220140 kB
VmallocTotal:   34359738367 kB
VmallocUsed:      360480 kB
VmallocChunk:   34359287540 kB
HardwareCorrupted:     0 kB
AnonHugePages:   1312768 kB
HugePages_Total:       0
HugePages_Free:        0
HugePages_Rsvd:        0
HugePages_Surp:        0
Hugepagesize:       2048 kB
DirectMap4k:      116676 kB
DirectMap2M:     8155136 kB


CPU:total 4 (2 cores per cpu, 2 threads per core) family 6 model 58 stepping 9, cmov, cx8, fxsr, mmx, sse, sse2, sse3, ssse3, sse4.1, sse4.2, popcnt, avx, erms, ht, tsc, tscinvbit, tscinv

/proc/cpuinfo:
processor	: 0
vendor_id	: GenuineIntel
cpu family	: 6
model		: 58
model name	: Intel(R) Core(TM) i3-3217U CPU @ 1.80GHz
stepping	: 9
microcode	: 0x15
cpu MHz		: 1800.000
cache size	: 3072 KB
physical id	: 0
siblings	: 4
core id		: 0
cpu cores	: 2
apicid		: 0
initial apicid	: 0
fpu		: yes
fpu_exception	: yes
cpuid level	: 13
wp		: yes
flags		: fpu vme de pse tsc msr pae mce cx8 apic sep mtrr pge mca cmov pat pse36 clflush dts acpi mmx fxsr sse sse2 ss ht tm pbe syscall nx rdtscp lm constant_tsc arch_perfmon pebs bts rep_good nopl xtopology nonstop_tsc aperfmperf eagerfpu pni pclmulqdq dtes64 monitor ds_cpl vmx est tm2 ssse3 cx16 xtpr pdcm pcid sse4_1 sse4_2 x2apic popcnt tsc_deadline_timer xsave avx f16c lahf_lm ida arat epb xsaveopt pln pts dtherm tpr_shadow vnmi flexpriority ept vpid fsgsbase smep erms
bogomips	: 3591.80
clflush size	: 64
cache_alignment	: 64
address sizes	: 36 bits physical, 48 bits virtual
power management:

processor	: 1
vendor_id	: GenuineIntel
cpu family	: 6
model		: 58
model name	: Intel(R) Core(TM) i3-3217U CPU @ 1.80GHz
stepping	: 9
microcode	: 0x15
cpu MHz		: 1800.000
cache size	: 3072 KB
physical id	: 0
siblings	: 4
core id		: 1
cpu cores	: 2
apicid		: 2
initial apicid	: 2
fpu		: yes
fpu_exception	: yes
cpuid level	: 13
wp		: yes
flags		: fpu vme de pse tsc msr pae mce cx8 apic sep mtrr pge mca cmov pat pse36 clflush dts acpi mmx fxsr sse sse2 ss ht tm pbe syscall nx rdtscp lm constant_tsc arch_perfmon pebs bts rep_good nopl xtopology nonstop_tsc aperfmperf eagerfpu pni pclmulqdq dtes64 monitor ds_cpl vmx est tm2 ssse3 cx16 xtpr pdcm pcid sse4_1 sse4_2 x2apic popcnt tsc_deadline_timer xsave avx f16c lahf_lm ida arat epb xsaveopt pln pts dtherm tpr_shadow vnmi flexpriority ept vpid fsgsbase smep erms
bogomips	: 3591.80
clflush size	: 64
cache_alignment	: 64
address sizes	: 36 bits physical, 48 bits virtual
power management:

processor	: 2
vendor_id	: GenuineIntel
cpu family	: 6
model		: 58
model name	: Intel(R) Core(TM) i3-3217U CPU @ 1.80GHz
stepping	: 9
microcode	: 0x15
cpu MHz		: 1800.000
cache size	: 3072 KB
physical id	: 0
siblings	: 4
core id		: 0
cpu cores	: 2
apicid		: 1
initial apicid	: 1
fpu		: yes
fpu_exception	: yes
cpuid level	: 13
wp		: yes
flags		: fpu vme de pse tsc msr pae mce cx8 apic sep mtrr pge mca cmov pat pse36 clflush dts acpi mmx fxsr sse sse2 ss ht tm pbe syscall nx rdtscp lm constant_tsc arch_perfmon pebs bts rep_good nopl xtopology nonstop_tsc aperfmperf eagerfpu pni pclmulqdq dtes64 monitor ds_cpl vmx est tm2 ssse3 cx16 xtpr pdcm pcid sse4_1 sse4_2 x2apic popcnt tsc_deadline_timer xsave avx f16c lahf_lm ida arat epb xsaveopt pln pts dtherm tpr_shadow vnmi flexpriority ept vpid fsgsbase smep erms
bogomips	: 3591.80
clflush size	: 64
cache_alignment	: 64
address sizes	: 36 bits physical, 48 bits virtual
power management:

processor	: 3
vendor_id	: GenuineIntel
cpu family	: 6
model		: 58
model name	: Intel(R) Core(TM) i3-3217U CPU @ 1.80GHz
stepping	: 9
microcode	: 0x15
cpu MHz		: 1800.000
cache size	: 3072 KB
physical id	: 0
siblings	: 4
core id		: 1
cpu cores	: 2
apicid		: 3
initial apicid	: 3
fpu		: yes
fpu_exception	: yes
cpuid level	: 13
wp		: yes
flags		: fpu vme de pse tsc msr pae mce cx8 apic sep mtrr pge mca cmov pat pse36 clflush dts acpi mmx fxsr sse sse2 ss ht tm pbe syscall nx rdtscp lm constant_tsc arch_perfmon pebs bts rep_good nopl xtopology nonstop_tsc aperfmperf eagerfpu pni pclmulqdq dtes64 monitor ds_cpl vmx est tm2 ssse3 cx16 xtpr pdcm pcid sse4_1 sse4_2 x2apic popcnt tsc_deadline_timer xsave avx f16c lahf_lm ida arat epb xsaveopt pln pts dtherm tpr_shadow vnmi flexpriority ept vpid fsgsbase smep erms
bogomips	: 3591.80
clflush size	: 64
cache_alignment	: 64
address sizes	: 36 bits physical, 48 bits virtual
power management:



Memory: 4k page, physical 8059724k(1865448k free), swap 4075516k(4075516k free)

vm_info: OpenJDK 64-Bit Server VM (24.95-b01) for linux-amd64 JRE (1.7.0_95-b00), built on Jan 21 2016 03:31:40 by "buildd" with gcc 4.8.4

time: Wed Mar 16 10:59:15 2016
elapsed time: 11 seconds

