#
# A fatal error has been detected by the Java Runtime Environment:
#
#  SIGILL (0x4) at pc=0x00007f5157d3fc50, pid=18453, tid=139987357247232
#
# JRE version: OpenJDK Runtime Environment (7.0_95) (build 1.7.0_95-b00)
# Java VM: OpenJDK 64-Bit Server VM (24.95-b01 mixed mode linux-amd64 compressed oops)
# Derivative: IcedTea 2.6.4
# Distribution: Ubuntu 14.04.3 LTS, package 7u95-2.6.4-0ubuntu0.14.04.1
# Problematic frame:
# C  [libz.so.1+0x9c50]  inflate+0x1200
#
# Failed to write core dump. Core dumps have been disabled. To enable core dumping, try "ulimit -c unlimited" before starting Java again
#
# If you would like to submit a bug report, please include
# instructions on how to reproduce the bug and visit:
#   http://icedtea.classpath.org/bugzilla
# The crash happened outside the Java Virtual Machine in native code.
# See problematic frame for where to report the bug.
#

---------------  T H R E A D  ---------------

Current thread (0x00007f515000a800):  JavaThread "main" [_thread_in_native, id=18458, stack(0x00007f5158a3a000,0x00007f5158b3b000)]

siginfo:si_signo=SIGILL: si_errno=0, si_code=2 (ILL_ILLOPN), si_addr=0x00007f5157d3fc50

Registers:
RAX=0xffffffffffff54f0, RBX=0x0000000000000000, RCX=0x0000000000000001, RDX=0x00007f5157d3fc50
RSP=0x00007f5158b393a0, RBP=0x0000000000000000, RSI=0x00007f5158b39400, RDI=0x00007f5150136338
R8 =0x0000000000000000, R9 =0x00000007d8f30010, R10=0x0000000000000000, R11=0x00007f51501362b0
R12=0x00000007d8f30068, R13=0x0000000000000000, R14=0x00007f515000a9d8, R15=0x00000007d8f30068
RIP=0x00007f5157d3fc50, EFLAGS=0x0000000000010207, CSGSFS=0xef57000000000033, ERR=0x0000000000000000
  TRAPNO=0x0000000000000006

Top of Stack: (sp=0x00007f5158b393a0)
0x00007f5158b393a0:   00000007d8f81f20 00000007d8fc8040
0x00007f5158b393b0:   00007f5100005000 0000000700005000
0x00007f5158b393c0:   0000000100000000 00007f5150136070
0x00007f5158b393d0:   fffffffc00000000 00007f5158b39400
0x00007f5158b393e0:   00007f51501365c0 00007f5150136338
0x00007f5158b393f0:   00007f5150136800 00007f51575282f9
0x00007f5158b39400:   00007f515000a800 826a7f222e378400
0x00007f5158b39410:   00000007d83ccf98 00007f5150136070
0x00007f5158b39420:   00007f5158b394a0 00007f5158b39570
0x00007f5158b39430:   00007f5150077330 00007f515000a9d8
0x00007f5158b39440:   00000007d8f30068 00007f51556734e8
0x00007f5158b39450:   00000007d8fc8040 0000000000000000
0x00007f5158b39460:   0000000000005000 00007f5158b39558
0x00007f5158b39470:   00007f5100001fa0 000000077ac85cb0
0x00007f5158b39480:   0000000000000000 000000077ac85ca8
0x00007f5158b39490:   00007f5158b39570 00007f515000a800
0x00007f5158b394a0:   00007f5158b39528 00007f514d012d98
0x00007f5158b394b0:   00007f5158b395f0 00007f515000a800
0x00007f5158b394c0:   00007f5158b39600 00007f5158b395f0
0x00007f5158b394d0:   00007f5158b395c0 00007f515751434f
0x00007f5158b394e0:   00007f5158b39540 00007f5158b394e8
0x00007f5158b394f0:   0000000000000000 00007f5158b39570
0x00007f5158b39500:   000000077ac86368 0000000000000000
0x00007f5158b39510:   000000077ac85cb0 0000000000000000
0x00007f5158b39520:   00007f5158b39548 00007f5158b395c8
0x00007f5158b39530:   00007f514d0061d4 0000000000000000
0x00007f5158b39540:   00007f514d00ecd6 0000000000005000
0x00007f5158b39550:   0000000000000000 00000007d8fc8030
0x00007f5158b39560:   00007f5150136070 00000007d8f30040
0x00007f5158b39570:   00000007d8f30010 0000000000000019
0x00007f5158b39580:   00000007d8f30040 00007f5158b39578
0x00007f5158b39590:   000000077ac84dc1 00007f5158b39610 

Instructions: (pc=0x00007f5157d3fc50)
0x00007f5157d3fc30:   00 00 48 89 78 30 41 c7 03 1d 00 00 00 b8 1d 00
0x00007f5157d3fc40:   00 00 e9 e2 ee ff ff 66 0f 1f 84 00 00 00 00 00
0x00007f5157d3fc50:   41 8b 43 08 85 c0 0f 84 44 06 00 00 83 fb 0f 77
0x00007f5157d3fc60:   4e 45 85 ed 0f 84 b6 f3 ff ff 41 0f b6 14 24 89 

Register to memory mapping:

RAX=0xffffffffffff54f0 is an unknown value
RBX=0x0000000000000000 is an unknown value
RCX=0x0000000000000001 is an unknown value
RDX=0x00007f5157d3fc50: inflate+0x1200 in /lib/x86_64-linux-gnu/libz.so.1 at 0x00007f5157d36000
RSP=0x00007f5158b393a0 is pointing into the stack for thread: 0x00007f515000a800
RBP=0x0000000000000000 is an unknown value
RSI=0x00007f5158b39400 is pointing into the stack for thread: 0x00007f515000a800
RDI=0x00007f5150136338 is an unknown value
R8 =0x0000000000000000 is an unknown value
R9 =0x00000007d8f30010 is an oop
java.util.zip.Inflater 
 - klass: 'java/util/zip/Inflater'
R10=0x0000000000000000 is an unknown value
R11=0x00007f51501362b0 is an unknown value
R12=0x00000007d8f30068 is an oop
java.util.zip.ZipFile 
 - klass: 'java/util/zip/ZipFile'
R13=0x0000000000000000 is an unknown value
R14=0x00007f515000a9d8 is an unknown value
R15=0x00000007d8f30068 is an oop
java.util.zip.ZipFile 
 - klass: 'java/util/zip/ZipFile'


Stack: [0x00007f5158a3a000,0x00007f5158b3b000],  sp=0x00007f5158b393a0,  free space=1020k
Native frames: (J=compiled Java code, j=interpreted, Vv=VM code, C=native code)
C  [libz.so.1+0x9c50]  inflate+0x1200
