#
# A fatal error has been detected by the Java Runtime Environment:
#
#  SIGSEGV (0xb) at pc=0x00007f49ff25c62b, pid=27952, tid=139955607123712
#
# JRE version: OpenJDK Runtime Environment (7.0_95) (build 1.7.0_95-b00)
# Java VM: OpenJDK 64-Bit Server VM (24.95-b01 mixed mode linux-amd64 compressed oops)
# Derivative: IcedTea 2.6.4
# Distribution: Ubuntu 14.04.3 LTS, package 7u95-2.6.4-0ubuntu0.14.04.1
# Problematic frame:
# V  [libjvm.so+0x31b62b]
#
# Failed to write core dump. Core dumps have been disabled. To enable core dumping, try "ulimit -c unlimited" before starting Java again
#
# If you would like to submit a bug report, please include
# instructions on how to reproduce the bug and visit:
#   http://icedtea.classpath.org/bugzilla
#

---------------  T H R E A D  ---------------

Current thread (0x00007f49f80ac800):  JavaThread "C2 CompilerThread1" daemon [_thread_in_native, id=27966, stack(0x00007f49f42f3000,0x00007f49f43f4000)]

siginfo:si_signo=SIGSEGV: si_errno=0, si_code=1 (SEGV_MAPERR), si_addr=0x00007f41c0049ee8

Registers:
RAX=0x00007f41c0049e90, RBX=0x00007f49c0151694, RCX=0x000000000000000b, RDX=0x000000000000000b
RSP=0x00007f49f43ef980, RBP=0x00007f49f43efad0, RSI=0x0000000000000007, RDI=0x0000000000000001
R8 =0x0000000000000007, R9 =0x00007f49c03ee650, R10=0x0000000000000004, R11=0x00007f49c01516a8
R12=0x00007f49c0326c48, R13=0x0000000000000001, R14=0x00007f49f43efc10, R15=0x0000000000000000
RIP=0x00007f49ff25c62b, EFLAGS=0x0000000000010283, CSGSFS=0x0000000000000033, ERR=0x0000000000000004
  TRAPNO=0x000000000000000e

Top of Stack: (sp=0x00007f49f43ef980)
0x00007f49f43ef980:   00000000000000da 0000000000000018
0x00007f49f43ef990:   00007f49c0326c48 00007f49f43f1f50
0x00007f49f43ef9a0:   00007f49f43efb80 00007f49f43efa80
0x00007f49f43ef9b0:   00007f49c01516ac 0000000000000010
0x00007f49f43ef9c0:   00007f49c01516a4 0000000000000014
0x00007f49f43ef9d0:   00007f49c01516a8 ffffffffffffffdf
0x00007f49f43ef9e0:   00007f49c014b8c0 0000000000000018
0x00007f49f43ef9f0:   00000005000000da 0000000400000006
0x00007f49f43efa00:   0000000000000020 00007f49c014b9f0
0x00007f49f43efa10:   0000000700000007 00007f49c01516a4
0x00007f49f43efa20:   00007f49c03ee650 0000000b00000001
0x00007f49f43efa30:   00007f49f801ca10 00007f49f43efa70
0x00007f49f43efa40:   00007f49f43efa60 0000000000000000
0x00007f49f43efa50:   00007f49f43efc00 00007f490000000c
0x00007f49f43efa60:   0000000000000000 000000000000034f
0x00007f49f43efa70:   0000000000000024 00007f49ff1ed528
0x00007f49f43efa80:   0000000000000100 00007f49c01516b0
0x00007f49f43efa90:   00007f49f801ca10 00007f490000004b
0x00007f49f43efaa0:   00007f49c01fe2b0 00007f49f43f1f50
0x00007f49f43efab0:   00007f49cc0f89a0 00007f49f43f2700
0x00007f49f43efac0:   00007f49c00444f0 000000000000034f
0x00007f49f43efad0:   00007f49f43efb40 00007f49ff727414
0x00007f49f43efae0:   00007f49f43efb10 00007f49f43efb00
0x00007f49f43efaf0:   00007f4900000013 00007f49f43efbc8
0x00007f49f43efb00:   00007f49f43f20c8 00007f49c01797e8
0x00007f49f43efb10:   00007f49f43efb40 00007f49f43f1f50
0x00007f49f43efb20:   00007f49f43f06b0 00007f49f43efd30
0x00007f49f43efb30:   00007f49f43efb80 00007f49f43f1f58
0x00007f49f43efb40:   00007f49f43f1330 00007f49ff380a05
0x00007f49f43efb50:   0000000000000000 00007f49f43efc10
0x00007f49f43efb60:   00007f49f801ca10 0000000000000100
0x00007f49f43efb70:   00007f49cc0c6ce0 00000000000000cf 

Instructions: (pc=0x00007f49ff25c62b)
0x00007f49ff25c60b:   00 00 00 00 00 48 8b 85 50 ff ff ff 45 31 ff 8b
0x00007f49ff25c61b:   8d 5c ff ff ff 3b 48 18 73 0a 48 8b 40 20 89 ca
0x00007f49ff25c62b:   4c 8b 3c d0 41 8b 57 28 49 8b 46 18 48 8d 04 90
0x00007f49ff25c63b:   0f b7 48 02 0f b7 10 0f bf f9 0f bf f2 83 ff ff 

Register to memory mapping:

RAX=0x00007f41c0049e90 is an unknown value
RBX=0x00007f49c0151694 is an unknown value
RCX=0x000000000000000b is an unknown value
RDX=0x000000000000000b is an unknown value
RSP=0x00007f49f43ef980 is pointing into the stack for thread: 0x00007f49f80ac800
RBP=0x00007f49f43efad0 is pointing into the stack for thread: 0x00007f49f80ac800
RSI=0x0000000000000007 is an unknown value
RDI=0x0000000000000001 is an unknown value
R8 =0x0000000000000007 is an unknown value
R9 =0x00007f49c03ee650 is an unknown value
R10=0x0000000000000004 is an unknown value
R11=0x00007f49c01516a8 is an unknown value
R12=0x00007f49c0326c48 is an unknown value
R13=0x0000000000000001 is an unknown value
R14=0x00007f49f43efc10 is pointing into the stack for thread: 0x00007f49f80ac800
R15=0x0000000000000000 is an unknown value


Stack: [0x00007f49f42f3000,0x00007f49f43f4000],  sp=0x00007f49f43ef980,  free space=1010k
Native frames: (J=compiled Java code, j=interpreted, Vv=VM code, C=native code)
V  [libjvm.so+0x31b62b]
V  [libjvm.so+0x7e6414]
V  [libjvm.so+0x43fa05]
V  [libjvm.so+0x443ab7]
V  [libjvm.so+0x3b1c7a]
V  [libjvm.so+0x449937]
V  [libjvm.so+0x44aa40]
V  [libjvm.so+0x907e50]
V  [libjvm.so+0x9080c1]
V  [libjvm.so+0x7cc682]


Current CompileTask:
C2:   2347  251             com.android.dx.ssa.SCCP::run (298 bytes)


---------------  P R O C E S S  ---------------

Java Threads: ( => current thread )
  0x00007f49f81d2000 JavaThread "pool-2-thread-4" [_thread_blocked, id=27973, stack(0x00007f49e759b000,0x00007f49e769c000)]
  0x00007f49f81ce800 JavaThread "pool-2-thread-3" [_thread_blocked, id=27972, stack(0x00007f49e769c000,0x00007f49e779d000)]
  0x00007f49f81cd000 JavaThread "pool-2-thread-2" [_thread_blocked, id=27971, stack(0x00007f49e779d000,0x00007f49e789e000)]
  0x00007f49f81c2000 JavaThread "pool-3-thread-1" [_thread_blocked, id=27970, stack(0x00007f49e789e000,0x00007f49e799f000)]
  0x00007f49f81bc000 JavaThread "pool-2-thread-1" [_thread_in_vm, id=27969, stack(0x00007f49ec09f000,0x00007f49ec1a0000)]
  0x00007f49f80ae800 JavaThread "Service Thread" daemon [_thread_blocked, id=27967, stack(0x00007f49f41f2000,0x00007f49f42f3000)]
=>0x00007f49f80ac800 JavaThread "C2 CompilerThread1" daemon [_thread_in_native, id=27966, stack(0x00007f49f42f3000,0x00007f49f43f4000)]
  0x00007f49f80a9800 JavaThread "C2 CompilerThread0" daemon [_thread_in_native, id=27965, stack(0x00007f49f43f4000,0x00007f49f44f5000)]
  0x00007f49f80a7000 JavaThread "Signal Dispatcher" daemon [_thread_blocked, id=27964, stack(0x00007f49f44f5000,0x00007f49f45f6000)]
  0x00007f49f807c000 JavaThread "Finalizer" daemon [_thread_blocked, id=27963, stack(0x00007f49f45f6000,0x00007f49f46f7000)]
  0x00007f49f807a000 JavaThread "Reference Handler" daemon [_thread_blocked, id=27962, stack(0x00007f49f46f7000,0x00007f49f47f8000)]
  0x00007f49f800a800 JavaThread "main" [_thread_in_Java, id=27956, stack(0x00007f4a00a55000,0x00007f4a00b56000)]

Other Threads:
  0x00007f49f8075800 VMThread [stack: 0x00007f49f47f8000,0x00007f49f48f9000] [id=27961]
  0x00007f49f80b9800 WatcherThread [stack: 0x00007f49f40f1000,0x00007f49f41f2000] [id=27968]

VM state:not at safepoint (normal execution)

VM Mutex/Monitor currently owned by a thread: None

Heap
 PSYoungGen      total 68608K, used 10733K [0x00000000eaa80000, 0x00000000ef280000, 0x0000000100000000)
  eden space 63488K, 8% used [0x00000000eaa80000,0x00000000eaffb9b0,0x00000000ee880000)
  from space 5120K, 99% used [0x00000000eed80000,0x00000000ef27faa0,0x00000000ef280000)
  to   space 5120K, 0% used [0x00000000ee880000,0x00000000ee880000,0x00000000eed80000)
 ParOldGen       total 83968K, used 7589K [0x00000000c0000000, 0x00000000c5200000, 0x00000000eaa80000)
  object space 83968K, 9% used [0x00000000c0000000,0x00000000c07696f8,0x00000000c5200000)
 PSPermGen       total 21504K, used 6059K [0x00000000b5a00000, 0x00000000b6f00000, 0x00000000c0000000)
  object space 21504K, 28% used [0x00000000b5a00000,0x00000000b5feaf58,0x00000000b6f00000)

Card table byte_map: [0x00007f49fd437000,0x00007f49fd68b000] byte_map_base: 0x00007f49fce8a000

Polling page: 0x00007f4a00b7e000

Code Cache  [0x00007f49f5000000, 0x00007f49f5270000, 0x00007f49f8000000)
 total_blobs=518 nmethods=285 adapters=184 free_code_cache=48053Kb largest_free_block=49176640

Compilation events (10 events):
Event: 2,217 Thread 0x00007f49f80a9800 nmethod 274 0x00007f49f5107210 code [0x00007f49f51073e0, 0x00007f49f5107be8]
Event: 2,217 Thread 0x00007f49f80a9800  275             com.android.dx.util.LabeledList::set (45 bytes)
Event: 2,254 Thread 0x00007f49f80a9800 nmethod 275 0x00007f49f5106c10 code [0x00007f49f5106d80, 0x00007f49f5106f98]
Event: 2,254 Thread 0x00007f49f80a9800  276             com.android.dx.ssa.back.SsaToRop::removePhiFunctions (83 bytes)
Event: 2,314 Thread 0x00007f49f80a9800 nmethod 276 0x00007f49f510f810 code [0x00007f49f510fa20, 0x00007f49f51105e8]
Event: 2,314 Thread 0x00007f49f80a9800  277             com.android.dx.rop.code.RegisterSpec::make (7 bytes)
Event: 2,315 Thread 0x00007f49f80a9800 nmethod 277 0x00007f49f51069d0 code [0x00007f49f5106b20, 0x00007f49f5106b88]
Event: 2,315 Thread 0x00007f49f80a9800  278             com.android.dx.rop.code.LocalItem::compareTo (32 bytes)
Event: 2,319 Thread 0x00007f49f80a9800 nmethod 278 0x00007f49f510c210 code [0x00007f49f510c360, 0x00007f49f510c658]
Event: 2,319 Thread 0x00007f49f80a9800  279             com.android.dx.ssa.SsaBasicBlock::getCountPhiInsns (45 bytes)

GC Heap History (4 events):
Event: 1,251 GC heap before
{Heap before GC invocations=1 (full 0):
 PSYoungGen      total 36864K, used 31744K [0x00000000eaa80000, 0x00000000ed380000, 0x0000000100000000)
  eden space 31744K, 100% used [0x00000000eaa80000,0x00000000ec980000,0x00000000ec980000)
  from space 5120K, 0% used [0x00000000ece80000,0x00000000ece80000,0x00000000ed380000)
  to   space 5120K, 0% used [0x00000000ec980000,0x00000000ec980000,0x00000000ece80000)
 ParOldGen       total 83968K, used 0K [0x00000000c0000000, 0x00000000c5200000, 0x00000000eaa80000)
  object space 83968K, 0% used [0x00000000c0000000,0x00000000c0000000,0x00000000c5200000)
 PSPermGen       total 21504K, used 5944K [0x00000000b5a00000, 0x00000000b6f00000, 0x00000000c0000000)
  object space 21504K, 27% used [0x00000000b5a00000,0x00000000b5fce288,0x00000000b6f00000)
Event: 1,270 GC heap after
Heap after GC invocations=1 (full 0):
 PSYoungGen      total 36864K, used 5110K [0x00000000eaa80000, 0x00000000ef280000, 0x0000000100000000)
  eden space 31744K, 0% used [0x00000000eaa80000,0x00000000eaa80000,0x00000000ec980000)
  from space 5120K, 99% used [0x00000000ec980000,0x00000000ece7d8d0,0x00000000ece80000)
  to   space 5120K, 0% used [0x00000000eed80000,0x00000000eed80000,0x00000000ef280000)
 ParOldGen       total 83968K, used 2301K [0x00000000c0000000, 0x00000000c5200000, 0x00000000eaa80000)
  object space 83968K, 2% used [0x00000000c0000000,0x00000000c023f620,0x00000000c5200000)
 PSPermGen       total 21504K, used 5944K [0x00000000b5a00000, 0x00000000b6f00000, 0x00000000c0000000)
  object space 21504K, 27% used [0x00000000b5a00000,0x00000000b5fce288,0x00000000b6f00000)
}
Event: 2,223 GC heap before
{Heap before GC invocations=2 (full 0):
 PSYoungGen      total 36864K, used 36854K [0x00000000eaa80000, 0x00000000ef280000, 0x0000000100000000)
  eden space 31744K, 100% used [0x00000000eaa80000,0x00000000ec980000,0x00000000ec980000)
  from space 5120K, 99% used [0x00000000ec980000,0x00000000ece7d8d0,0x00000000ece80000)
  to   space 5120K, 0% used [0x00000000eed80000,0x00000000eed80000,0x00000000ef280000)
 ParOldGen       total 83968K, used 2301K [0x00000000c0000000, 0x00000000c5200000, 0x00000000eaa80000)
  object space 83968K, 2% used [0x00000000c0000000,0x00000000c023f620,0x00000000c5200000)
 PSPermGen       total 21504K, used 6052K [0x00000000b5a00000, 0x00000000b6f00000, 0x00000000c0000000)
  object space 21504K, 28% used [0x00000000b5a00000,0x00000000b5fe9280,0x00000000b6f00000)
Event: 2,251 GC heap after
Heap after GC invocations=2 (full 0):
 PSYoungGen      total 68608K, used 5118K [0x00000000eaa80000, 0x00000000ef280000, 0x0000000100000000)
  eden space 63488K, 0% used [0x00000000eaa80000,0x00000000eaa80000,0x00000000ee880000)
  from space 5120K, 99% used [0x00000000eed80000,0x00000000ef27faa0,0x00000000ef280000)
  to   space 5120K, 0% used [0x00000000ee880000,0x00000000ee880000,0x00000000eed80000)
 ParOldGen       total 83968K, used 7589K [0x00000000c0000000, 0x00000000c5200000, 0x00000000eaa80000)
  object space 83968K, 9% used [0x00000000c0000000,0x00000000c07696f8,0x00000000c5200000)
 PSPermGen       total 21504K, used 6052K [0x00000000b5a00000, 0x00000000b6f00000, 0x00000000c0000000)
  object space 21504K, 28% used [0x00000000b5a00000,0x00000000b5fe9280,0x00000000b6f00000)
}

Deoptimization events (10 events):
Event: 0,739 Thread 0x00007f49f81d2000 Uncommon trap: reason=unstable_if action=reinterpret pc=0x00007f49f50893d0 method=com.android.dx.ssa.SsaRenamer$BlockRenamer.addMapping(ILcom/android/dx/rop/code/RegisterSpec;)V @ 120
Event: 0,747 Thread 0x00007f49f800a800 Uncommon trap: reason=class_check action=maybe_recompile pc=0x00007f49f507b41c method=com.android.dx.ssa.NormalSsaInsn.accept(Lcom/android/dx/ssa/SsaInsn$Visitor;)V @ 9
Event: 0,748 Thread 0x00007f49f800a800 Uncommon trap: reason=class_check action=maybe_recompile pc=0x00007f49f507b41c method=com.android.dx.ssa.NormalSsaInsn.accept(Lcom/android/dx/ssa/SsaInsn$Visitor;)V @ 9
Event: 0,748 Thread 0x00007f49f800a800 Uncommon trap: reason=class_check action=maybe_recompile pc=0x00007f49f507b41c method=com.android.dx.ssa.NormalSsaInsn.accept(Lcom/android/dx/ssa/SsaInsn$Visitor;)V @ 9
Event: 1,574 Thread 0x00007f49f800a800 Uncommon trap: reason=null_check action=make_not_entrant pc=0x00007f49f50ae690 method=com.android.dx.rop.type.Type.equals(Ljava/lang/Object;)Z @ 8
Event: 1,605 Thread 0x00007f49f800a800 Uncommon trap: reason=null_check action=make_not_entrant pc=0x00007f49f50a4168 method=com.android.dx.ssa.SsaRenamer.getLocalForNewReg(I)Lcom/android/dx/rop/code/LocalItem; @ 19
Event: 1,605 Thread 0x00007f49f800a800 Uncommon trap: reason=null_check action=make_not_entrant pc=0x00007f49f50b1e6c method=com.android.dx.ssa.SsaRenamer.getLocalForNewReg(I)Lcom/android/dx/rop/code/LocalItem; @ 19
Event: 1,728 Thread 0x00007f49f800a800 Uncommon trap: reason=null_check action=make_not_entrant pc=0x00007f49f5077a54 method=com.android.dx.rop.type.Type.putIntern(Lcom/android/dx/rop/type/Type;)Lcom/android/dx/rop/type/Type; @ 18
Event: 2,054 Thread 0x00007f49f81d2000 Uncommon trap: reason=unstable_if action=reinterpret pc=0x00007f49f50d957c method=com.android.dx.rop.code.RegisterSpecSet.put(Lcom/android/dx/rop/code/RegisterSpec;)V @ 77
Event: 2,056 Thread 0x00007f49f81d2000 Uncommon trap: reason=unstable_if action=reinterpret pc=0x00007f49f50f2bc8 method=com.android.dx.rop.code.RegisterSpecSet.put(Lcom/android/dx/rop/code/RegisterSpec;)V @ 77

Internal exceptions (10 events):
Event: 0,503 Thread 0x00007f49f81ce800 Threw 0x00000000eb7d3290 at /build/openjdk-7-2FOwCu/openjdk-7-7u95-2.6.4/build/openjdk/hotspot/src/share/vm/prims/jvm.cpp:1322
Event: 0,503 Thread 0x00007f49f81ce800 Threw 0x00000000eb7d6dd0 at /build/openjdk-7-2FOwCu/openjdk-7-7u95-2.6.4/build/openjdk/hotspot/src/share/vm/prims/jvm.cpp:1322
Event: 0,510 Thread 0x00007f49f81cd000 Threw 0x00000000eb68c338 at /build/openjdk-7-2FOwCu/openjdk-7-7u95-2.6.4/build/openjdk/hotspot/src/share/vm/prims/jvm.cpp:1322
Event: 0,519 Thread 0x00007f49f81cd000 Threw 0x00000000eb696808 at /build/openjdk-7-2FOwCu/openjdk-7-7u95-2.6.4/build/openjdk/hotspot/src/share/vm/prims/jvm.cpp:1322
Event: 0,711 Thread 0x00007f49f81d2000 Threw 0x00000000ebc6ed28 at /build/openjdk-7-2FOwCu/openjdk-7-7u95-2.6.4/build/openjdk/hotspot/src/share/vm/prims/jvm.cpp:1322
Event: 1,574 Thread 0x00007f49f800a800 Implicit null exception at 0x00007f49f50ae592 to 0x00007f49f50ae683
Event: 1,605 Thread 0x00007f49f800a800 Implicit null exception at 0x00007f49f50a266c to 0x00007f49f50a4145
Event: 1,605 Thread 0x00007f49f800a800 Implicit null exception at 0x00007f49f50b0603 to 0x00007f49f50b1e45
Event: 1,728 Thread 0x00007f49f800a800 Implicit null exception at 0x00007f49f507743c to 0x00007f49f5077a49
Event: 1,767 Thread 0x00007f49f800a800 Threw 0x00000000eb5c3220 at /build/openjdk-7-2FOwCu/openjdk-7-7u95-2.6.4/build/openjdk/hotspot/src/share/vm/prims/jvm.cpp:1322

Events (10 events):
Event: 1,767 loading class 0x00007f49f8130950
Event: 1,767 loading class 0x00007f49f8130950 done
Event: 2,054 Thread 0x00007f49f81d2000 Uncommon trap: trap_request=0xffffff75 fr.pc=0x00007f49f50d957c
Event: 2,054 Thread 0x00007f49f81d2000 DEOPT PACKING pc=0x00007f49f50d957c sp=0x00007f49e769a1c0
Event: 2,054 Thread 0x00007f49f81d2000 DEOPT UNPACKING pc=0x00007f49f5039445 sp=0x00007f49e769a0d0 mode 2
Event: 2,056 Thread 0x00007f49f81d2000 Uncommon trap: trap_request=0xffffff75 fr.pc=0x00007f49f50f2bc8
Event: 2,056 Thread 0x00007f49f81d2000 DEOPT PACKING pc=0x00007f49f50f2bc8 sp=0x00007f49e769a330
Event: 2,056 Thread 0x00007f49f81d2000 DEOPT UNPACKING pc=0x00007f49f5039445 sp=0x00007f49e769a260 mode 2
Event: 2,221 Executing VM operation: ParallelGCFailedAllocation
Event: 2,251 Executing VM operation: ParallelGCFailedAllocation done


Dynamic libraries:
00400000-00401000 r-xp 00000000 08:02 2761158                            /usr/lib/jvm/java-7-openjdk-amd64/jre/bin/java
00600000-00601000 r--p 00000000 08:02 2761158                            /usr/lib/jvm/java-7-openjdk-amd64/jre/bin/java
00601000-00602000 rw-p 00001000 08:02 2761158                            /usr/lib/jvm/java-7-openjdk-amd64/jre/bin/java
00c6b000-00c8c000 rw-p 00000000 00:00 0                                  [heap]
b5a00000-b6f00000 rw-p 00000000 00:00 0 
b6f00000-c0000000 rw-p 00000000 00:00 0 
c0000000-c5200000 rw-p 00000000 00:00 0 
c5200000-eaa80000 rw-p 00000000 00:00 0 
eaa80000-ef280000 rw-p 00000000 00:00 0 
ef280000-100000000 rw-p 00000000 00:00 0 
7f49a8000000-7f49a8023000 rw-p 00000000 00:00 0 
7f49a8023000-7f49ac000000 ---p 00000000 00:00 0 
7f49ac000000-7f49ac023000 rw-p 00000000 00:00 0 
7f49ac023000-7f49b0000000 ---p 00000000 00:00 0 
7f49b0000000-7f49b0021000 rw-p 00000000 00:00 0 
7f49b0021000-7f49b4000000 ---p 00000000 00:00 0 
7f49b4000000-7f49b4028000 rw-p 00000000 00:00 0 
7f49b4028000-7f49b8000000 ---p 00000000 00:00 0 
7f49b8000000-7f49b8021000 rw-p 00000000 00:00 0 
7f49b8021000-7f49bc000000 ---p 00000000 00:00 0 
7f49bc000000-7f49bc023000 rw-p 00000000 00:00 0 
7f49bc023000-7f49c0000000 ---p 00000000 00:00 0 
7f49c0000000-7f49c0941000 rw-p 00000000 00:00 0 
7f49c0941000-7f49c4000000 ---p 00000000 00:00 0 
7f49c4000000-7f49c4021000 rw-p 00000000 00:00 0 
7f49c4021000-7f49c8000000 ---p 00000000 00:00 0 
7f49c8000000-7f49c8021000 rw-p 00000000 00:00 0 
7f49c8021000-7f49cc000000 ---p 00000000 00:00 0 
7f49cc000000-7f49cc605000 rw-p 00000000 00:00 0 
7f49cc605000-7f49d0000000 ---p 00000000 00:00 0 
7f49d0000000-7f49d0021000 rw-p 00000000 00:00 0 
7f49d0021000-7f49d4000000 ---p 00000000 00:00 0 
7f49d4000000-7f49d4021000 rw-p 00000000 00:00 0 
7f49d4021000-7f49d8000000 ---p 00000000 00:00 0 
7f49d8000000-7f49d8021000 rw-p 00000000 00:00 0 
7f49d8021000-7f49dc000000 ---p 00000000 00:00 0 
7f49dc000000-7f49dc021000 rw-p 00000000 00:00 0 
7f49dc021000-7f49e0000000 ---p 00000000 00:00 0 
7f49e0000000-7f49e0021000 rw-p 00000000 00:00 0 
7f49e0021000-7f49e4000000 ---p 00000000 00:00 0 
7f49e759b000-7f49e759e000 ---p 00000000 00:00 0 
7f49e759e000-7f49e769c000 rw-p 00000000 00:00 0                          [stack:27973]
7f49e769c000-7f49e769f000 ---p 00000000 00:00 0 
7f49e769f000-7f49e779d000 rw-p 00000000 00:00 0                          [stack:27972]
7f49e779d000-7f49e77a0000 ---p 00000000 00:00 0 
7f49e77a0000-7f49e789e000 rw-p 00000000 00:00 0                          [stack:27971]
7f49e789e000-7f49e78a1000 ---p 00000000 00:00 0 
7f49e78a1000-7f49e799f000 rw-p 00000000 00:00 0                          [stack:27970]
7f49e799f000-7f49e79dc000 r-xp 00000000 08:02 13447                      /lib/x86_64-linux-gnu/libpcre.so.3.13.1
7f49e79dc000-7f49e7bdb000 ---p 0003d000 08:02 13447                      /lib/x86_64-linux-gnu/libpcre.so.3.13.1
7f49e7bdb000-7f49e7bdc000 r--p 0003c000 08:02 13447                      /lib/x86_64-linux-gnu/libpcre.so.3.13.1
7f49e7bdc000-7f49e7bdd000 rw-p 0003d000 08:02 13447                      /lib/x86_64-linux-gnu/libpcre.so.3.13.1
7f49e7bdd000-7f49e7be4000 r-xp 00000000 08:02 21389                      /usr/lib/x86_64-linux-gnu/libffi.so.6.0.1
7f49e7be4000-7f49e7de3000 ---p 00007000 08:02 21389                      /usr/lib/x86_64-linux-gnu/libffi.so.6.0.1
7f49e7de3000-7f49e7de4000 r--p 00006000 08:02 21389                      /usr/lib/x86_64-linux-gnu/libffi.so.6.0.1
7f49e7de4000-7f49e7de5000 rw-p 00007000 08:02 21389                      /usr/lib/x86_64-linux-gnu/libffi.so.6.0.1
7f49e7de5000-7f49e7dfc000 r-xp 00000000 08:02 3147                       /lib/x86_64-linux-gnu/libresolv-2.19.so
7f49e7dfc000-7f49e7ffc000 ---p 00017000 08:02 3147                       /lib/x86_64-linux-gnu/libresolv-2.19.so
7f49e7ffc000-7f49e7ffd000 r--p 00017000 08:02 3147                       /lib/x86_64-linux-gnu/libresolv-2.19.so
7f49e7ffd000-7f49e7ffe000 rw-p 00018000 08:02 3147                       /lib/x86_64-linux-gnu/libresolv-2.19.so
7f49e7ffe000-7f49e8000000 rw-p 00000000 00:00 0 
7f49e8000000-7f49e8021000 rw-p 00000000 00:00 0 
7f49e8021000-7f49ec000000 ---p 00000000 00:00 0 
7f49ec09f000-7f49ec0a2000 ---p 00000000 00:00 0 
7f49ec0a2000-7f49ec1a0000 rw-p 00000000 00:00 0                          [stack:27969]
7f49ec1a0000-7f49ec1c0000 r-xp 00000000 08:02 13524                      /lib/x86_64-linux-gnu/libselinux.so.1
7f49ec1c0000-7f49ec3bf000 ---p 00020000 08:02 13524                      /lib/x86_64-linux-gnu/libselinux.so.1
7f49ec3bf000-7f49ec3c0000 r--p 0001f000 08:02 13524                      /lib/x86_64-linux-gnu/libselinux.so.1
7f49ec3c0000-7f49ec3c1000 rw-p 00020000 08:02 13524                      /lib/x86_64-linux-gnu/libselinux.so.1
7f49ec3c1000-7f49ec3c3000 rw-p 00000000 00:00 0 
7f49ec3c3000-7f49ec3c6000 r-xp 00000000 08:02 28550                      /usr/lib/x86_64-linux-gnu/libgmodule-2.0.so.0.4002.0
7f49ec3c6000-7f49ec5c5000 ---p 00003000 08:02 28550                      /usr/lib/x86_64-linux-gnu/libgmodule-2.0.so.0.4002.0
7f49ec5c5000-7f49ec5c6000 r--p 00002000 08:02 28550                      /usr/lib/x86_64-linux-gnu/libgmodule-2.0.so.0.4002.0
7f49ec5c6000-7f49ec5c7000 rw-p 00003000 08:02 28550                      /usr/lib/x86_64-linux-gnu/libgmodule-2.0.so.0.4002.0
7f49ec5c7000-7f49ec6cd000 r-xp 00000000 08:02 13425                      /lib/x86_64-linux-gnu/libglib-2.0.so.0.4002.0
7f49ec6cd000-7f49ec8cc000 ---p 00106000 08:02 13425                      /lib/x86_64-linux-gnu/libglib-2.0.so.0.4002.0
7f49ec8cc000-7f49ec8cd000 r--p 00105000 08:02 13425                      /lib/x86_64-linux-gnu/libglib-2.0.so.0.4002.0
7f49ec8cd000-7f49ec8ce000 rw-p 00106000 08:02 13425                      /lib/x86_64-linux-gnu/libglib-2.0.so.0.4002.0
7f49ec8ce000-7f49ec8cf000 rw-p 00000000 00:00 0 
7f49ec8cf000-7f49ec91e000 r-xp 00000000 08:02 28566                      /usr/lib/x86_64-linux-gnu/libgobject-2.0.so.0.4002.0
7f49ec91e000-7f49ecb1e000 ---p 0004f000 08:02 28566                      /usr/lib/x86_64-linux-gnu/libgobject-2.0.so.0.4002.0
7f49ecb1e000-7f49ecb1f000 r--p 0004f000 08:02 28566                      /usr/lib/x86_64-linux-gnu/libgobject-2.0.so.0.4002.0
7f49ecb1f000-7f49ecb20000 rw-p 00050000 08:02 28566                      /usr/lib/x86_64-linux-gnu/libgobject-2.0.so.0.4002.0
7f49ecb20000-7f49ecc8c000 r-xp 00000000 08:02 28538                      /usr/lib/x86_64-linux-gnu/libgio-2.0.so.0.4002.0
7f49ecc8c000-7f49ece8b000 ---p 0016c000 08:02 28538                      /usr/lib/x86_64-linux-gnu/libgio-2.0.so.0.4002.0
7f49ece8b000-7f49ece8f000 r--p 0016b000 08:02 28538                      /usr/lib/x86_64-linux-gnu/libgio-2.0.so.0.4002.0
7f49ece8f000-7f49ece91000 rw-p 0016f000 08:02 28538                      /usr/lib/x86_64-linux-gnu/libgio-2.0.so.0.4002.0
7f49ece91000-7f49ece93000 rw-p 00000000 00:00 0 
7f49ece93000-7f49eceaa000 r-xp 00000000 08:02 2625929                    /usr/lib/jvm/java-7-openjdk-amd64/jre/lib/amd64/libnet.so
7f49eceaa000-7f49ed0a9000 ---p 00017000 08:02 2625929                    /usr/lib/jvm/java-7-openjdk-amd64/jre/lib/amd64/libnet.so
7f49ed0a9000-7f49ed0aa000 r--p 00016000 08:02 2625929                    /usr/lib/jvm/java-7-openjdk-amd64/jre/lib/amd64/libnet.so
7f49ed0aa000-7f49ed0ab000 rw-p 00017000 08:02 2625929                    /usr/lib/jvm/java-7-openjdk-amd64/jre/lib/amd64/libnet.so
7f49ed0ab000-7f49ed0bb000 r-xp 00000000 08:02 2625910                    /usr/lib/jvm/java-7-openjdk-amd64/jre/lib/amd64/libnio.so
7f49ed0bb000-7f49ed2bb000 ---p 00010000 08:02 2625910                    /usr/lib/jvm/java-7-openjdk-amd64/jre/lib/amd64/libnio.so
7f49ed2bb000-7f49ed2bc000 r--p 00010000 08:02 2625910                    /usr/lib/jvm/java-7-openjdk-amd64/jre/lib/amd64/libnio.so
7f49ed2bc000-7f49ed2bd000 rw-p 00011000 08:02 2625910                    /usr/lib/jvm/java-7-openjdk-amd64/jre/lib/amd64/libnio.so
7f49ed2bd000-7f49edad0000 r--p 00000000 08:02 27195                      /usr/lib/locale/locale-archive
7f49edad0000-7f49f0000000 rw-p 00000000 00:00 0 
7f49f0000000-7f49f0021000 rw-p 00000000 00:00 0 
7f49f0021000-7f49f4000000 ---p 00000000 00:00 0 
7f49f4067000-7f49f40f1000 r--s 00736000 08:02 1842103                    /home/ivan/workspace/Champy_v2/app/build/intermediates/transforms/jarMerging/debug/jars/1/1f/combined.jar
7f49f40f1000-7f49f40f2000 ---p 00000000 00:00 0 
7f49f40f2000-7f49f41f2000 rw-p 00000000 00:00 0                          [stack:27968]
7f49f41f2000-7f49f41f5000 ---p 00000000 00:00 0 
7f49f41f5000-7f49f42f3000 rw-p 00000000 00:00 0                          [stack:27967]
7f49f42f3000-7f49f42f6000 ---p 00000000 00:00 0 
7f49f42f6000-7f49f43f4000 rw-p 00000000 00:00 0                          [stack:27966]
7f49f43f4000-7f49f43f7000 ---p 00000000 00:00 0 
7f49f43f7000-7f49f44f5000 rw-p 00000000 00:00 0                          [stack:27965]
7f49f44f5000-7f49f44f8000 ---p 00000000 00:00 0 
7f49f44f8000-7f49f45f6000 rw-p 00000000 00:00 0                          [stack:27964]
7f49f45f6000-7f49f45f9000 ---p 00000000 00:00 0 
7f49f45f9000-7f49f46f7000 rw-p 00000000 00:00 0                          [stack:27963]
7f49f46f7000-7f49f46fa000 ---p 00000000 00:00 0 
7f49f46fa000-7f49f47f8000 rw-p 00000000 00:00 0                          [stack:27962]
7f49f47f8000-7f49f47f9000 ---p 00000000 00:00 0 
7f49f47f9000-7f49f5000000 rw-p 00000000 00:00 0                          [stack:27961]
7f49f5000000-7f49f5270000 rwxp 00000000 00:00 0 
7f49f5270000-7f49f81ea000 rw-p 00000000 00:00 0 
7f49f81ea000-7f49fc000000 ---p 00000000 00:00 0 
7f49fc032000-7f49fc063000 rw-p 00000000 00:00 0 
7f49fc087000-7f49fc096000 r--s 000df000 08:02 1575371                    /home/ivan/Android/Sdk/build-tools/23.0.1/lib/dx.jar
7f49fc096000-7f49fc98c000 rw-p 00000000 00:00 0 
7f49fc98c000-7f49fcb3e000 r--s 01d2f000 08:02 2625893                    /usr/lib/jvm/java-7-openjdk-amd64/jre/lib/rt.jar
7f49fcb3e000-7f49fce8a000 rw-p 00000000 00:00 0 
7f49fce8a000-7f49fce8b000 ---p 00000000 00:00 0 
7f49fce8b000-7f49fcf8b000 rw-p 00000000 00:00 0                          [stack:27960]
7f49fcf8b000-7f49fcf8c000 ---p 00000000 00:00 0 
7f49fcf8c000-7f49fd08c000 rw-p 00000000 00:00 0                          [stack:27959]
7f49fd08c000-7f49fd08d000 ---p 00000000 00:00 0 
7f49fd08d000-7f49fd18d000 rw-p 00000000 00:00 0                          [stack:27958]
7f49fd18d000-7f49fd18e000 ---p 00000000 00:00 0 
7f49fd18e000-7f49fd299000 rw-p 00000000 00:00 0                          [stack:27957]
7f49fd299000-7f49fd2e1000 rw-p 00000000 00:00 0 
7f49fd2e1000-7f49fd30a000 rw-p 00000000 00:00 0 
7f49fd30a000-7f49fd437000 rw-p 00000000 00:00 0 
7f49fd437000-7f49fd442000 rw-p 00000000 00:00 0 
7f49fd442000-7f49fd48a000 rw-p 00000000 00:00 0 
7f49fd48a000-7f49fd4b3000 rw-p 00000000 00:00 0 
7f49fd4b3000-7f49fd5df000 rw-p 00000000 00:00 0 
7f49fd5df000-7f49fd604000 rw-p 00000000 00:00 0 
7f49fd604000-7f49fd68a000 rw-p 00000000 00:00 0 
7f49fd68a000-7f49fd68b000 rw-p 00000000 00:00 0 
7f49fd68b000-7f49fd693000 r-xp 00000000 08:02 2625902                    /usr/lib/jvm/java-7-openjdk-amd64/jre/lib/amd64/libzip.so
7f49fd693000-7f49fd892000 ---p 00008000 08:02 2625902                    /usr/lib/jvm/java-7-openjdk-amd64/jre/lib/amd64/libzip.so
7f49fd892000-7f49fd893000 r--p 00007000 08:02 2625902                    /usr/lib/jvm/java-7-openjdk-amd64/jre/lib/amd64/libzip.so
7f49fd893000-7f49fd894000 rw-p 00008000 08:02 2625902                    /usr/lib/jvm/java-7-openjdk-amd64/jre/lib/amd64/libzip.so
7f49fd894000-7f49fd89f000 r-xp 00000000 08:02 3187                       /lib/x86_64-linux-gnu/libnss_files-2.19.so
7f49fd89f000-7f49fda9e000 ---p 0000b000 08:02 3187                       /lib/x86_64-linux-gnu/libnss_files-2.19.so
7f49fda9e000-7f49fda9f000 r--p 0000a000 08:02 3187                       /lib/x86_64-linux-gnu/libnss_files-2.19.so
7f49fda9f000-7f49fdaa0000 rw-p 0000b000 08:02 3187                       /lib/x86_64-linux-gnu/libnss_files-2.19.so
7f49fdaa0000-7f49fdaab000 r-xp 00000000 08:02 3171                       /lib/x86_64-linux-gnu/libnss_nis-2.19.so
7f49fdaab000-7f49fdcaa000 ---p 0000b000 08:02 3171                       /lib/x86_64-linux-gnu/libnss_nis-2.19.so
7f49fdcaa000-7f49fdcab000 r--p 0000a000 08:02 3171                       /lib/x86_64-linux-gnu/libnss_nis-2.19.so
7f49fdcab000-7f49fdcac000 rw-p 0000b000 08:02 3171                       /lib/x86_64-linux-gnu/libnss_nis-2.19.so
7f49fdcac000-7f49fdcc3000 r-xp 00000000 08:02 3163                       /lib/x86_64-linux-gnu/libnsl-2.19.so
7f49fdcc3000-7f49fdec2000 ---p 00017000 08:02 3163                       /lib/x86_64-linux-gnu/libnsl-2.19.so
7f49fdec2000-7f49fdec3000 r--p 00016000 08:02 3163                       /lib/x86_64-linux-gnu/libnsl-2.19.so
7f49fdec3000-7f49fdec4000 rw-p 00017000 08:02 3163                       /lib/x86_64-linux-gnu/libnsl-2.19.so
7f49fdec4000-7f49fdec6000 rw-p 00000000 00:00 0 
7f49fdec6000-7f49fdecf000 r-xp 00000000 08:02 3161                       /lib/x86_64-linux-gnu/libnss_compat-2.19.so
7f49fdecf000-7f49fe0ce000 ---p 00009000 08:02 3161                       /lib/x86_64-linux-gnu/libnss_compat-2.19.so
7f49fe0ce000-7f49fe0cf000 r--p 00008000 08:02 3161                       /lib/x86_64-linux-gnu/libnss_compat-2.19.so
7f49fe0cf000-7f49fe0d0000 rw-p 00009000 08:02 3161                       /lib/x86_64-linux-gnu/libnss_compat-2.19.so
7f49fe0d0000-7f49fe0fb000 r-xp 00000000 08:02 2625925                    /usr/lib/jvm/java-7-openjdk-amd64/jre/lib/amd64/libjava.so
7f49fe0fb000-7f49fe2fb000 ---p 0002b000 08:02 2625925                    /usr/lib/jvm/java-7-openjdk-amd64/jre/lib/amd64/libjava.so
7f49fe2fb000-7f49fe2fc000 r--p 0002b000 08:02 2625925                    /usr/lib/jvm/java-7-openjdk-amd64/jre/lib/amd64/libjava.so
7f49fe2fc000-7f49fe2fe000 rw-p 0002c000 08:02 2625925                    /usr/lib/jvm/java-7-openjdk-amd64/jre/lib/amd64/libjava.so
7f49fe2fe000-7f49fe30e000 r-xp 00000000 08:02 2625907                    /usr/lib/jvm/java-7-openjdk-amd64/jre/lib/amd64/libverify.so
7f49fe30e000-7f49fe50d000 ---p 00010000 08:02 2625907                    /usr/lib/jvm/java-7-openjdk-amd64/jre/lib/amd64/libverify.so
7f49fe50d000-7f49fe50f000 r--p 0000f000 08:02 2625907                    /usr/lib/jvm/java-7-openjdk-amd64/jre/lib/amd64/libverify.so
7f49fe50f000-7f49fe510000 rw-p 00011000 08:02 2625907                    /usr/lib/jvm/java-7-openjdk-amd64/jre/lib/amd64/libverify.so
7f49fe510000-7f49fe517000 r-xp 00000000 08:02 3179                       /lib/x86_64-linux-gnu/librt-2.19.so
7f49fe517000-7f49fe716000 ---p 00007000 08:02 3179                       /lib/x86_64-linux-gnu/librt-2.19.so
7f49fe716000-7f49fe717000 r--p 00006000 08:02 3179                       /lib/x86_64-linux-gnu/librt-2.19.so
7f49fe717000-7f49fe718000 rw-p 00007000 08:02 3179                       /lib/x86_64-linux-gnu/librt-2.19.so
7f49fe718000-7f49fe72e000 r-xp 00000000 08:02 3455                       /lib/x86_64-linux-gnu/libgcc_s.so.1
7f49fe72e000-7f49fe92d000 ---p 00016000 08:02 3455                       /lib/x86_64-linux-gnu/libgcc_s.so.1
7f49fe92d000-7f49fe92e000 r--p 00015000 08:02 3455                       /lib/x86_64-linux-gnu/libgcc_s.so.1
7f49fe92e000-7f49fe92f000 rw-p 00016000 08:02 3455                       /lib/x86_64-linux-gnu/libgcc_s.so.1
7f49fe92f000-7f49fea34000 r-xp 00000000 08:02 3151                       /lib/x86_64-linux-gnu/libm-2.19.so
7f49fea34000-7f49fec33000 ---p 00105000 08:02 3151                       /lib/x86_64-linux-gnu/libm-2.19.so
7f49fec33000-7f49fec34000 r--p 00104000 08:02 3151                       /lib/x86_64-linux-gnu/libm-2.19.so
7f49fec34000-7f49fec35000 rw-p 00105000 08:02 3151                       /lib/x86_64-linux-gnu/libm-2.19.so
7f49fec35000-7f49fed22000 r-xp 00000000 08:02 9486                       /usr/lib/x86_64-linux-gnu/libstdc++.so.6.0.20
7f49fed22000-7f49fef22000 ---p 000ed000 08:02 9486                       /usr/lib/x86_64-linux-gnu/libstdc++.so.6.0.20
7f49fef22000-7f49fef2a000 r--p 000ed000 08:02 9486                       /usr/lib/x86_64-linux-gnu/libstdc++.so.6.0.20
7f49fef2a000-7f49fef2c000 rw-p 000f5000 08:02 9486                       /usr/lib/x86_64-linux-gnu/libstdc++.so.6.0.20
7f49fef2c000-7f49fef41000 rw-p 00000000 00:00 0 
7f49fef41000-7f49ffa66000 r-xp 00000000 08:02 2625903                    /usr/lib/jvm/java-7-openjdk-amd64/jre/lib/amd64/server/libjvm.so
7f49ffa66000-7f49ffc66000 ---p 00b25000 08:02 2625903                    /usr/lib/jvm/java-7-openjdk-amd64/jre/lib/amd64/server/libjvm.so
7f49ffc66000-7f49ffd00000 r--p 00b25000 08:02 2625903                    /usr/lib/jvm/java-7-openjdk-amd64/jre/lib/amd64/server/libjvm.so
7f49ffd00000-7f49ffd23000 rw-p 00bbf000 08:02 2625903                    /usr/lib/jvm/java-7-openjdk-amd64/jre/lib/amd64/server/libjvm.so
7f49ffd23000-7f49ffd51000 rw-p 00000000 00:00 0 
7f49ffd51000-7f49ffd69000 r-xp 00000000 08:02 13550                      /lib/x86_64-linux-gnu/libz.so.1.2.8
7f49ffd69000-7f49fff68000 ---p 00018000 08:02 13550                      /lib/x86_64-linux-gnu/libz.so.1.2.8
7f49fff68000-7f49fff69000 r--p 00017000 08:02 13550                      /lib/x86_64-linux-gnu/libz.so.1.2.8
7f49fff69000-7f49fff6a000 rw-p 00018000 08:02 13550                      /lib/x86_64-linux-gnu/libz.so.1.2.8
7f49fff6a000-7f49fff83000 r-xp 00000000 08:02 3165                       /lib/x86_64-linux-gnu/libpthread-2.19.so
7f49fff83000-7f4a00182000 ---p 00019000 08:02 3165                       /lib/x86_64-linux-gnu/libpthread-2.19.so
7f4a00182000-7f4a00183000 r--p 00018000 08:02 3165                       /lib/x86_64-linux-gnu/libpthread-2.19.so
7f4a00183000-7f4a00184000 rw-p 00019000 08:02 3165                       /lib/x86_64-linux-gnu/libpthread-2.19.so
7f4a00184000-7f4a00188000 rw-p 00000000 00:00 0 
7f4a00188000-7f4a0018b000 r-xp 00000000 08:02 3155                       /lib/x86_64-linux-gnu/libdl-2.19.so
7f4a0018b000-7f4a0038a000 ---p 00003000 08:02 3155                       /lib/x86_64-linux-gnu/libdl-2.19.so
7f4a0038a000-7f4a0038b000 r--p 00002000 08:02 3155                       /lib/x86_64-linux-gnu/libdl-2.19.so
7f4a0038b000-7f4a0038c000 rw-p 00003000 08:02 3155                       /lib/x86_64-linux-gnu/libdl-2.19.so
7f4a0038c000-7f4a00547000 r-xp 00000000 08:02 3181                       /lib/x86_64-linux-gnu/libc-2.19.so
7f4a00547000-7f4a00746000 ---p 001bb000 08:02 3181                       /lib/x86_64-linux-gnu/libc-2.19.so
7f4a00746000-7f4a0074a000 r--p 001ba000 08:02 3181                       /lib/x86_64-linux-gnu/libc-2.19.so
7f4a0074a000-7f4a0074c000 rw-p 001be000 08:02 3181                       /lib/x86_64-linux-gnu/libc-2.19.so
7f4a0074c000-7f4a00751000 rw-p 00000000 00:00 0 
7f4a00751000-7f4a0075e000 r-xp 00000000 08:02 2625897                    /usr/lib/jvm/java-7-openjdk-amd64/jre/lib/amd64/jli/libjli.so
7f4a0075e000-7f4a0095d000 ---p 0000d000 08:02 2625897                    /usr/lib/jvm/java-7-openjdk-amd64/jre/lib/amd64/jli/libjli.so
7f4a0095d000-7f4a0095e000 r--p 0000c000 08:02 2625897                    /usr/lib/jvm/java-7-openjdk-amd64/jre/lib/amd64/jli/libjli.so
7f4a0095e000-7f4a0095f000 rw-p 0000d000 08:02 2625897                    /usr/lib/jvm/java-7-openjdk-amd64/jre/lib/amd64/jli/libjli.so
7f4a0095f000-7f4a00982000 r-xp 00000000 08:02 3167                       /lib/x86_64-linux-gnu/ld-2.19.so
7f4a00982000-7f4a00983000 rw-p 00000000 00:00 0 
7f4a00983000-7f4a00987000 r--s 00034000 08:02 2625935                    /usr/lib/jvm/java-7-openjdk-amd64/jre/lib/ext/sunjce_provider.jar
7f4a00987000-7f4a00989000 r--s 00012000 08:02 2625936                    /usr/lib/jvm/java-7-openjdk-amd64/jre/lib/ext/zipfs.jar
7f4a00989000-7f4a0098a000 r--s 00002000 08:02 2625938                    /usr/lib/jvm/java-7-openjdk-amd64/jre/lib/ext/dnsns.jar
7f4a0098a000-7f4a0098d000 r--s 0000f000 08:02 2625939                    /usr/lib/jvm/java-7-openjdk-amd64/jre/lib/ext/icedtea-sound.jar
7f4a0098d000-7f4a00991000 r--s 0003c000 08:02 2625937                    /usr/lib/jvm/java-7-openjdk-amd64/jre/lib/ext/sunpkcs11.jar
7f4a00991000-7f4a00995000 r--s 00085000 08:02 2625934                    /usr/lib/jvm/java-7-openjdk-amd64/jre/lib/ext/localedata.jar
7f4a00995000-7f4a0099f000 rw-p 00000000 00:00 0 
7f4a0099f000-7f4a00a55000 rw-p 00000000 00:00 0 
7f4a00a55000-7f4a00a58000 ---p 00000000 00:00 0 
7f4a00a58000-7f4a00b5b000 rw-p 00000000 00:00 0                          [stack:27956]
7f4a00b5b000-7f4a00b5d000 r--s 00006000 08:02 5674                       /usr/share/java/java-atk-wrapper.jar
7f4a00b5d000-7f4a00b75000 rw-p 00000000 00:00 0 
7f4a00b75000-7f4a00b7d000 rw-s 00000000 08:02 1315488                    /tmp/hsperfdata_ivan/27952
7f4a00b7d000-7f4a00b7e000 rw-p 00000000 00:00 0 
7f4a00b7e000-7f4a00b7f000 r--p 00000000 00:00 0 
7f4a00b7f000-7f4a00b81000 rw-p 00000000 00:00 0 
7f4a00b81000-7f4a00b82000 r--p 00022000 08:02 3167                       /lib/x86_64-linux-gnu/ld-2.19.so
7f4a00b82000-7f4a00b83000 rw-p 00023000 08:02 3167                       /lib/x86_64-linux-gnu/ld-2.19.so
7f4a00b83000-7f4a00b84000 rw-p 00000000 00:00 0 
7ffe5dc4d000-7ffe5dc6e000 rw-p 00000000 00:00 0                          [stack]
7ffe5dd58000-7ffe5dd5a000 r-xp 00000000 00:00 0                          [vdso]
7ffe5dd5a000-7ffe5dd5c000 r--p 00000000 00:00 0                          [vvar]
ffffffffff600000-ffffffffff601000 r-xp 00000000 00:00 0                  [vsyscall]

VM Arguments:
jvm_args: -Djava.awt.headless=true -Xmx1024M -Dfile.encoding=UTF-8 -Duser.country=UA -Duser.language=ru -Duser.variant 
java_command: com.android.dx.command.Main --dex --num-threads=4 --multi-dex --main-dex-list /home/ivan/workspace/Champy_v2/app/build/intermediates/multi-dex/debug/maindexlist.txt --output /home/ivan/workspace/Champy_v2/app/build/intermediates/transforms/dex/debug/folders/1000/1f/main /home/ivan/workspace/Champy_v2/app/build/intermediates/transforms/jarMerging/debug/jars/1/1f/combined.jar
Launcher Type: SUN_STANDARD

Environment Variables:
JAVA_HOME=/usr/lib/jvm/java-8-oracle
PATH=/usr/local/sbin:/usr/local/bin:/usr/sbin:/usr/bin:/sbin:/bin:/usr/games:/usr/local/games:/usr/lib/jvm/java-8-oracle/bin:/usr/lib/jvm/java-8-oracle/db/bin:/usr/lib/jvm/java-8-oracle/jre/bin
SHELL=/bin/bash
DISPLAY=:0

Signal Handlers:
SIGSEGV: [libjvm.so+0x955bc0], sa_mask[0]=0x7ffbfeff, sa_flags=0x10000004
SIGBUS: [libjvm.so+0x955bc0], sa_mask[0]=0x7ffbfeff, sa_flags=0x10000004
SIGFPE: [libjvm.so+0x7caff0], sa_mask[0]=0x7ffbfeff, sa_flags=0x10000004
SIGPIPE: [libjvm.so+0x7caff0], sa_mask[0]=0x7ffbfeff, sa_flags=0x10000004
SIGXFSZ: [libjvm.so+0x7caff0], sa_mask[0]=0x7ffbfeff, sa_flags=0x10000004
SIGILL: [libjvm.so+0x7caff0], sa_mask[0]=0x7ffbfeff, sa_flags=0x10000004
SIGUSR1: SIG_DFL, sa_mask[0]=0x00000000, sa_flags=0x00000000
SIGUSR2: [libjvm.so+0x7cae90], sa_mask[0]=0x00000004, sa_flags=0x10000004
SIGHUP: [libjvm.so+0x7cb070], sa_mask[0]=0x7ffbfeff, sa_flags=0x10000004
SIGINT: [libjvm.so+0x7cb070], sa_mask[0]=0x7ffbfeff, sa_flags=0x10000004
SIGTERM: [libjvm.so+0x7cb070], sa_mask[0]=0x7ffbfeff, sa_flags=0x10000004
SIGQUIT: [libjvm.so+0x7cb070], sa_mask[0]=0x7ffbfeff, sa_flags=0x10000004
SIGTRAP: SIG_DFL, sa_mask[0]=0x00000000, sa_flags=0x00000000


---------------  S Y S T E M  ---------------

OS:Ubuntu 14.04 (trusty)
uname:Linux 3.16.0-67-generic #87~14.04.1-Ubuntu SMP Fri Mar 11 00:26:02 UTC 2016 x86_64
libc:glibc 2.19 NPTL 2.19 
rlimit: STACK 8192k, CORE 0k, NPROC 30693, NOFILE 4096, AS infinity
load average:1,38 1,66 1,37

/proc/meminfo:
MemTotal:        8059688 kB
MemFree:         1214892 kB
MemAvailable:    3237988 kB
Buffers:          427860 kB
Cached:          1624980 kB
SwapCached:           28 kB
Active:          4282828 kB
Inactive:        1936704 kB
Active(anon):    3281104 kB
Inactive(anon):  1027580 kB
Active(file):    1001724 kB
Inactive(file):   909124 kB
Unevictable:          72 kB
Mlocked:              72 kB
SwapTotal:       4075516 kB
SwapFree:        4075200 kB
Dirty:             22140 kB
Writeback:             0 kB
AnonPages:       4166768 kB
Mapped:           542644 kB
Shmem:            141992 kB
Slab:             409668 kB
SReclaimable:     365652 kB
SUnreclaim:        44016 kB
KernelStack:       12048 kB
PageTables:        58992 kB
NFS_Unstable:          0 kB
Bounce:                0 kB
WritebackTmp:          0 kB
CommitLimit:     8105360 kB
Committed_AS:   10552144 kB
VmallocTotal:   34359738367 kB
VmallocUsed:      391908 kB
VmallocChunk:   34359325692 kB
HardwareCorrupted:     0 kB
AnonHugePages:   2017280 kB
HugePages_Total:       0
HugePages_Free:        0
HugePages_Rsvd:        0
HugePages_Surp:        0
Hugepagesize:       2048 kB
DirectMap4k:      296900 kB
DirectMap2M:     7974912 kB


CPU:total 4 (2 cores per cpu, 2 threads per core) family 6 model 58 stepping 9, cmov, cx8, fxsr, mmx, sse, sse2, sse3, ssse3, sse4.1, sse4.2, popcnt, avx, erms, ht, tsc, tscinvbit, tscinv

/proc/cpuinfo:
processor	: 0
vendor_id	: GenuineIntel
cpu family	: 6
model		: 58
model name	: Intel(R) Core(TM) i3-3217U CPU @ 1.80GHz
stepping	: 9
microcode	: 0x15
cpu MHz		: 1800.000
cache size	: 3072 KB
physical id	: 0
siblings	: 4
core id		: 0
cpu cores	: 2
apicid		: 0
initial apicid	: 0
fpu		: yes
fpu_exception	: yes
cpuid level	: 13
wp		: yes
flags		: fpu vme de pse tsc msr pae mce cx8 apic sep mtrr pge mca cmov pat pse36 clflush dts acpi mmx fxsr sse sse2 ss ht tm pbe syscall nx rdtscp lm constant_tsc arch_perfmon pebs bts rep_good nopl xtopology nonstop_tsc aperfmperf eagerfpu pni pclmulqdq dtes64 monitor ds_cpl vmx est tm2 ssse3 cx16 xtpr pdcm pcid sse4_1 sse4_2 x2apic popcnt tsc_deadline_timer xsave avx f16c lahf_lm ida arat epb xsaveopt pln pts dtherm tpr_shadow vnmi flexpriority ept vpid fsgsbase smep erms
bogomips	: 3592.04
clflush size	: 64
cache_alignment	: 64
address sizes	: 36 bits physical, 48 bits virtual
power management:

processor	: 1
vendor_id	: GenuineIntel
cpu family	: 6
model		: 58
model name	: Intel(R) Core(TM) i3-3217U CPU @ 1.80GHz
stepping	: 9
microcode	: 0x15
cpu MHz		: 1800.000
cache size	: 3072 KB
physical id	: 0
siblings	: 4
core id		: 1
cpu cores	: 2
apicid		: 2
initial apicid	: 2
fpu		: yes
fpu_exception	: yes
cpuid level	: 13
wp		: yes
flags		: fpu vme de pse tsc msr pae mce cx8 apic sep mtrr pge mca cmov pat pse36 clflush dts acpi mmx fxsr sse sse2 ss ht tm pbe syscall nx rdtscp lm constant_tsc arch_perfmon pebs bts rep_good nopl xtopology nonstop_tsc aperfmperf eagerfpu pni pclmulqdq dtes64 monitor ds_cpl vmx est tm2 ssse3 cx16 xtpr pdcm pcid sse4_1 sse4_2 x2apic popcnt tsc_deadline_timer xsave avx f16c lahf_lm ida arat epb xsaveopt pln pts dtherm tpr_shadow vnmi flexpriority ept vpid fsgsbase smep erms
bogomips	: 3592.04
clflush size	: 64
cache_alignment	: 64
address sizes	: 36 bits physical, 48 bits virtual
power management:

processor	: 2
vendor_id	: GenuineIntel
cpu family	: 6
model		: 58
model name	: Intel(R) Core(TM) i3-3217U CPU @ 1.80GHz
stepping	: 9
microcode	: 0x15
cpu MHz		: 1800.000
cache size	: 3072 KB
physical id	: 0
siblings	: 4
core id		: 0
cpu cores	: 2
apicid		: 1
initial apicid	: 1
fpu		: yes
fpu_exception	: yes
cpuid level	: 13
wp		: yes
flags		: fpu vme de pse tsc msr pae mce cx8 apic sep mtrr pge mca cmov pat pse36 clflush dts acpi mmx fxsr sse sse2 ss ht tm pbe syscall nx rdtscp lm constant_tsc arch_perfmon pebs bts rep_good nopl xtopology nonstop_tsc aperfmperf eagerfpu pni pclmulqdq dtes64 monitor ds_cpl vmx est tm2 ssse3 cx16 xtpr pdcm pcid sse4_1 sse4_2 x2apic popcnt tsc_deadline_timer xsave avx f16c lahf_lm ida arat epb xsaveopt pln pts dtherm tpr_shadow vnmi flexpriority ept vpid fsgsbase smep erms
bogomips	: 3592.04
clflush size	: 64
cache_alignment	: 64
address sizes	: 36 bits physical, 48 bits virtual
power management:

processor	: 3
vendor_id	: GenuineIntel
cpu family	: 6
model		: 58
model name	: Intel(R) Core(TM) i3-3217U CPU @ 1.80GHz
stepping	: 9
microcode	: 0x15
cpu MHz		: 1800.070
cache size	: 3072 KB
physical id	: 0
siblings	: 4
core id		: 1
cpu cores	: 2
apicid		: 3
initial apicid	: 3
fpu		: yes
fpu_exception	: yes
cpuid level	: 13
wp		: yes
flags		: fpu vme de pse tsc msr pae mce cx8 apic sep mtrr pge mca cmov pat pse36 clflush dts acpi mmx fxsr sse sse2 ss ht tm pbe syscall nx rdtscp lm constant_tsc arch_perfmon pebs bts rep_good nopl xtopology nonstop_tsc aperfmperf eagerfpu pni pclmulqdq dtes64 monitor ds_cpl vmx est tm2 ssse3 cx16 xtpr pdcm pcid sse4_1 sse4_2 x2apic popcnt tsc_deadline_timer xsave avx f16c lahf_lm ida arat epb xsaveopt pln pts dtherm tpr_shadow vnmi flexpriority ept vpid fsgsbase smep erms
bogomips	: 3592.04
clflush size	: 64
cache_alignment	: 64
address sizes	: 36 bits physical, 48 bits virtual
power management:



Memory: 4k page, physical 8059688k(1214892k free), swap 4075516k(4075200k free)

vm_info: OpenJDK 64-Bit Server VM (24.95-b01) for linux-amd64 JRE (1.7.0_95-b00), built on Jan 21 2016 03:31:40 by "buildd" with gcc 4.8.4

time: Fri Apr  8 15:41:30 2016
elapsed time: 2 seconds

