#
# A fatal error has been detected by the Java Runtime Environment:
#
#  SIGSEGV (0xb) at pc=0x00007f441bc073b4, pid=404, tid=139930308089600
#
# JRE version: OpenJDK Runtime Environment (7.0_85-b01) (build 1.7.0_85-b01)
# Java VM: OpenJDK 64-Bit Server VM (24.85-b03 mixed mode linux-amd64 compressed oops)
# Derivative: IcedTea 2.6.1
# Distribution: Ubuntu 14.04 LTS, package 7u85-2.6.1-5ubuntu0.14.04.1
# Problematic frame:
# V  [libjvm.so+0x4383b4]  Compile::identify_useful_nodes(Unique_Node_List&)+0x104
#
# Failed to write core dump. Core dumps have been disabled. To enable core dumping, try "ulimit -c unlimited" before starting Java again
#
# If you would like to submit a bug report, please include
# instructions on how to reproduce the bug and visit:
#   http://icedtea.classpath.org/bugzilla
#

---------------  T H R E A D  ---------------

Current thread (0x00007f44140ac800):  JavaThread "C2 CompilerThread1" daemon [_thread_in_native, id=419, stack(0x00007f44103e9000,0x00007f44104ea000)]

siginfo:si_signo=SIGSEGV: si_errno=0, si_code=1 (SEGV_MAPERR), si_addr=0x00007f4becad38a0

Registers:
RAX=0x00007f4becad38a0, RBX=0x0000000000000000, RCX=0x00000000000008db, RDX=0x0000000000000010
RSP=0x00007f44104e7290, RBP=0x00007f44104e72e0, RSI=0x00007f43ec329500, RDI=0x00000000000013ac
R8 =0x00007f43ec3290c0, R9 =0x000000000000007b, R10=0x00007f44104e80c8, R11=0x00007f43e0c156c8
R12=0x00007f43e04b6120, R13=0x00007f44104e74c0, R14=0x00000000000008db, R15=0x00007f43ecad3868
RIP=0x00007f441bc073b4, EFLAGS=0x0000000000010246, CSGSFS=0x0000000000000033, ERR=0x0000000000000004
  TRAPNO=0x000000000000000e

Top of Stack: (sp=0x00007f44104e7290)
0x00007f44104e7290:   0000000000000000 00007f44104e74e0
0x00007f44104e72a0:   00007f4410000000 0000000000000c00
0x00007f44104e72b0:   00007f441c57b9f0 00007f44104e74b0
0x00007f44104e72c0:   00007f44104e74c0 00007f44104e73c0
0x00007f44104e72d0:   00007f44104e7510 00007f44104e74e0
0x00007f44104e72e0:   00007f44104e7330 00007f441bfe7e5c
0x00007f44104e72f0:   0000000000000000 00007f4400000000
0x00007f44104e7300:   00007f44104e7460 00007f43e03c22e0
0x00007f44104e7310:   00007f43ec0f0c48 00007f44104e7410
0x00007f44104e7320:   00007f441401ca10 00007f44104e7f50
0x00007f44104e7330:   00007f44104e7f00 00007f441bc12783
0x00007f44104e7340:   0000000000000012 00007f43ec0f1630
0x00007f44104e7350:   00007f44104e8868 00007f44104e8880
0x00007f44104e7360:   00007f4414092210 0000000000000004
0x00007f44104e7370:   0000000000000000 0000000000000000
0x00007f44104e7380:   0000000000020338 00007f44104e73c0
0x00007f44104e7390:   00007f4414092210 00007f44104e8868
0x00007f44104e73a0:   00007f43e03ca2c8 00007f43e03c7f30
0x00007f44104e73b0:   00007f44104e7f50 0000000000000000
0x00007f44104e73c0:   00007f44104e8030 0000000000001000
0x00007f44104e73d0:   00007f43e0aa93b0 00000000000008ef
0x00007f44104e73e0:   00007f441c58a450 00007f44104e8030
0x00007f44104e73f0:   0000000000000200 00007f43ec4bf5b0
0x00007f44104e7400:   0000000000000000 0000000000000000
0x00007f44104e7410:   0000000000000000 0000000000000000
0x00007f44104e7420:   0000000000000000 0000000000000000
0x00007f44104e7430:   0000000000000000 00007f44104e7f50
0x00007f44104e7440:   0000000000000000 00007f441c146b3a
0x00007f44104e7450:   0000000000000001 0000000000000000
0x00007f44104e7460:   00007f441c57b9f0 0000000000000001
0x00007f44104e7470:   00007f44104e7f50 00007f44104e8a50
0x00007f44104e7480:   00007f44104e7510 00007f43e0766a30 

Instructions: (pc=0x00007f441bc073b4)
0x00007f441bc07394:   8b 47 1c 85 c0 74 72 83 e8 01 31 db 48 8d 14 c5
0x00007f441bc073a4:   08 00 00 00 0f 1f 84 00 00 00 00 00 49 8b 47 08
0x00007f441bc073b4:   4c 8b 24 18 4d 85 e4 74 43 41 f6 c4 01 75 3d 49
0x00007f441bc073c4:   83 3c 24 fe 74 36 41 8b 74 24 28 89 f7 c1 ef 05 

Register to memory mapping:

RAX=0x00007f4becad38a0 is an unknown value
RBX=0x0000000000000000 is an unknown value
RCX=0x00000000000008db is an unknown value
RDX=0x0000000000000010 is an unknown value
RSP=0x00007f44104e7290 is pointing into the stack for thread: 0x00007f44140ac800
RBP=0x00007f44104e72e0 is pointing into the stack for thread: 0x00007f44140ac800
RSI=0x00007f43ec329500 is an unknown value
RDI=0x00000000000013ac is an unknown value
R8 =0x00007f43ec3290c0 is an unknown value
R9 =0x000000000000007b is an unknown value
R10=0x00007f44104e80c8 is pointing into the stack for thread: 0x00007f44140ac800
R11=0x00007f43e0c156c8 is an unknown value
R12=0x00007f43e04b6120 is an unknown value
R13=0x00007f44104e74c0 is pointing into the stack for thread: 0x00007f44140ac800
R14=0x00000000000008db is an unknown value
R15=0x00007f43ecad3868 is an unknown value


Stack: [0x00007f44103e9000,0x00007f44104ea000],  sp=0x00007f44104e7290,  free space=1016k
Native frames: (J=compiled Java code, j=interpreted, Vv=VM code, C=native code)
V  [libjvm.so+0x4383b4]  Compile::identify_useful_nodes(Unique_Node_List&)+0x104
V  [libjvm.so+0x818e5c]  PhaseRemoveUseless::PhaseRemoveUseless(PhaseGVN*, Unique_Node_List*)+0xdc
V  [libjvm.so+0x443783]  Compile::Compile(ciEnv*, C2Compiler*, ciMethod*, int, bool, bool)+0x12d3
V  [libjvm.so+0x3b157a]  C2Compiler::compile_method(ciEnv*, ciMethod*, int)+0xca
V  [libjvm.so+0x449347]  CompileBroker::invoke_compiler_on_method(CompileTask*)+0x327
V  [libjvm.so+0x44a450]  CompileBroker::compiler_thread_loop()+0x3a0
V  [libjvm.so+0x906cb0]  JavaThread::thread_main_inner()+0xf0
V  [libjvm.so+0x906f21]  JavaThread::run()+0x221
V  [libjvm.so+0x7cc7e2]  java_start(Thread*)+0xf2


Current CompileTask:
C2:   5846  421             com.android.dx.ssa.DeadCodeRemover::run (194 bytes)


---------------  P R O C E S S  ---------------

Java Threads: ( => current thread )
  0x00007f44141cc800 JavaThread "pool-2-thread-4" [_thread_in_vm, id=427, stack(0x00007f43cfeff000,0x00007f43d0000000)]
  0x00007f44141cb000 JavaThread "pool-2-thread-3" [_thread_blocked, id=426, stack(0x00007f43fc04f000,0x00007f43fc150000)]
  0x00007f44141c8800 JavaThread "pool-2-thread-2" [_thread_in_vm, id=425, stack(0x00007f43fc150000,0x00007f43fc251000)]
  0x00007f44141c6800 JavaThread "pool-3-thread-1" [_thread_blocked, id=424, stack(0x00007f43fc251000,0x00007f43fc352000)]
  0x00007f44141c4000 JavaThread "pool-2-thread-1" [_thread_in_vm, id=423, stack(0x00007f4410007000,0x00007f4410108000)]
  0x00007f44140ae800 JavaThread "Service Thread" daemon [_thread_blocked, id=420, stack(0x00007f44102e8000,0x00007f44103e9000)]
=>0x00007f44140ac800 JavaThread "C2 CompilerThread1" daemon [_thread_in_native, id=419, stack(0x00007f44103e9000,0x00007f44104ea000)]
  0x00007f44140a9800 JavaThread "C2 CompilerThread0" daemon [_thread_in_native, id=418, stack(0x00007f44104ea000,0x00007f44105eb000)]
  0x00007f44140a7000 JavaThread "Signal Dispatcher" daemon [_thread_blocked, id=417, stack(0x00007f44105eb000,0x00007f44106ec000)]
  0x00007f441407c000 JavaThread "Finalizer" daemon [_thread_blocked, id=416, stack(0x00007f4410eff000,0x00007f4411000000)]
  0x00007f441407a000 JavaThread "Reference Handler" daemon [_thread_blocked, id=415, stack(0x00007f4418024000,0x00007f4418125000)]
  0x00007f441400a800 JavaThread "main" [_thread_in_vm, id=408, stack(0x00007f441d2e0000,0x00007f441d3e1000)]

Other Threads:
  0x00007f4414075800 VMThread [stack: 0x00007f4418125000,0x00007f4418226000] [id=414]
  0x00007f44140b9800 WatcherThread [stack: 0x00007f44101e7000,0x00007f44102e8000] [id=422]

VM state:not at safepoint (normal execution)

VM Mutex/Monitor currently owned by a thread: None

Heap
 PSYoungGen      total 132096K, used 25067K [0x00000000eaa80000, 0x00000000f3080000, 0x0000000100000000)
  eden space 126976K, 15% used [0x00000000eaa80000,0x00000000ebdfb478,0x00000000f2680000)
  from space 5120K, 99% used [0x00000000f2b80000,0x00000000f307f7b0,0x00000000f3080000)
  to   space 5120K, 0% used [0x00000000f2680000,0x00000000f2680000,0x00000000f2b80000)
 ParOldGen       total 83968K, used 29755K [0x00000000c0000000, 0x00000000c5200000, 0x00000000eaa80000)
  object space 83968K, 35% used [0x00000000c0000000,0x00000000c1d0eec0,0x00000000c5200000)
 PSPermGen       total 21504K, used 6168K [0x00000000b5a00000, 0x00000000b6f00000, 0x00000000c0000000)
  object space 21504K, 28% used [0x00000000b5a00000,0x00000000b6006010,0x00000000b6f00000)

Card table byte_map: [0x00007f4419cce000,0x00007f4419f22000] byte_map_base: 0x00007f4419721000

Polling page: 0x00007f441d40a000

Code Cache  [0x00007f4411000000, 0x00007f4411270000, 0x00007f4414000000)
 total_blobs=645 nmethods=414 adapters=184 free_code_cache=47402Kb largest_free_block=48452736

Compilation events (10 events):
Event: 5,802 Thread 0x00007f44140a9800 nmethod 420 0x00007f44111be410 code [0x00007f44111be900, 0x00007f44111bf4e0]
Event: 5,803 Thread 0x00007f44140a9800  422             com.android.dx.dex.code.DalvInsn::getPosition (5 bytes)
Event: 5,803 Thread 0x00007f44140a9800 nmethod 422 0x00007f44111a6650 code [0x00007f44111a6780, 0x00007f44111a67d8]
Event: 5,804 Thread 0x00007f44140a9800  423             java.util.ArrayList::removeRange (75 bytes)
Event: 5,808 Thread 0x00007f44140a9800 nmethod 423 0x00007f44110a1790 code [0x00007f44110a18e0, 0x00007f44110a1a58]
Event: 5,808 Thread 0x00007f44140a9800  424             com.android.dx.ssa.SsaBasicBlock::getPrimarySuccessorIndex (5 bytes)
Event: 5,808 Thread 0x00007f44140a9800 nmethod 424 0x00007f44110a1590 code [0x00007f44110a16c0, 0x00007f44110a1718]
Event: 5,808 Thread 0x00007f44140a9800  425             com.android.dx.dex.code.RopTranslator$TranslationVisitor::addOutput (9 bytes)
Event: 5,809 Thread 0x00007f44140a9800 nmethod 425 0x00007f44111be190 code [0x00007f44111be2e0, 0x00007f44111be368]
Event: 5,809 Thread 0x00007f44140a9800  426             com.android.dx.ssa.LocalVariableExtractor::doit (59 bytes)

GC Heap History (8 events):
Event: 1,143 GC heap before
{Heap before GC invocations=1 (full 0):
 PSYoungGen      total 36864K, used 31744K [0x00000000eaa80000, 0x00000000ed380000, 0x0000000100000000)
  eden space 31744K, 100% used [0x00000000eaa80000,0x00000000ec980000,0x00000000ec980000)
  from space 5120K, 0% used [0x00000000ece80000,0x00000000ece80000,0x00000000ed380000)
  to   space 5120K, 0% used [0x00000000ec980000,0x00000000ec980000,0x00000000ece80000)
 ParOldGen       total 83968K, used 0K [0x00000000c0000000, 0x00000000c5200000, 0x00000000eaa80000)
  object space 83968K, 0% used [0x00000000c0000000,0x00000000c0000000,0x00000000c5200000)
 PSPermGen       total 21504K, used 5939K [0x00000000b5a00000, 0x00000000b6f00000, 0x00000000c0000000)
  object space 21504K, 27% used [0x00000000b5a00000,0x00000000b5fccf90,0x00000000b6f00000)
Event: 1,160 GC heap after
Heap after GC invocations=1 (full 0):
 PSYoungGen      total 36864K, used 5112K [0x00000000eaa80000, 0x00000000ef280000, 0x0000000100000000)
  eden space 31744K, 0% used [0x00000000eaa80000,0x00000000eaa80000,0x00000000ec980000)
  from space 5120K, 99% used [0x00000000ec980000,0x00000000ece7e280,0x00000000ece80000)
  to   space 5120K, 0% used [0x00000000eed80000,0x00000000eed80000,0x00000000ef280000)
 ParOldGen       total 83968K, used 2679K [0x00000000c0000000, 0x00000000c5200000, 0x00000000eaa80000)
  object space 83968K, 3% used [0x00000000c0000000,0x00000000c029dd10,0x00000000c5200000)
 PSPermGen       total 21504K, used 5939K [0x00000000b5a00000, 0x00000000b6f00000, 0x00000000c0000000)
  object space 21504K, 27% used [0x00000000b5a00000,0x00000000b5fccf90,0x00000000b6f00000)
}
Event: 2,108 GC heap before
{Heap before GC invocations=2 (full 0):
 PSYoungGen      total 36864K, used 36856K [0x00000000eaa80000, 0x00000000ef280000, 0x0000000100000000)
  eden space 31744K, 100% used [0x00000000eaa80000,0x00000000ec980000,0x00000000ec980000)
  from space 5120K, 99% used [0x00000000ec980000,0x00000000ece7e280,0x00000000ece80000)
  to   space 5120K, 0% used [0x00000000eed80000,0x00000000eed80000,0x00000000ef280000)
 ParOldGen       total 83968K, used 2679K [0x00000000c0000000, 0x00000000c5200000, 0x00000000eaa80000)
  object space 83968K, 3% used [0x00000000c0000000,0x00000000c029dd10,0x00000000c5200000)
 PSPermGen       total 21504K, used 6059K [0x00000000b5a00000, 0x00000000b6f00000, 0x00000000c0000000)
  object space 21504K, 28% used [0x00000000b5a00000,0x00000000b5feae78,0x00000000b6f00000)
Event: 2,129 GC heap after
Heap after GC invocations=2 (full 0):
 PSYoungGen      total 68608K, used 5116K [0x00000000eaa80000, 0x00000000ef280000, 0x0000000100000000)
  eden space 63488K, 0% used [0x00000000eaa80000,0x00000000eaa80000,0x00000000ee880000)
  from space 5120K, 99% used [0x00000000eed80000,0x00000000ef27f0c8,0x00000000ef280000)
  to   space 5120K, 0% used [0x00000000ee880000,0x00000000ee880000,0x00000000eed80000)
 ParOldGen       total 83968K, used 7477K [0x00000000c0000000, 0x00000000c5200000, 0x00000000eaa80000)
  object space 83968K, 8% used [0x00000000c0000000,0x00000000c074d478,0x00000000c5200000)
 PSPermGen       total 21504K, used 6059K [0x00000000b5a00000, 0x00000000b6f00000, 0x00000000c0000000)
  object space 21504K, 28% used [0x00000000b5a00000,0x00000000b5feae78,0x00000000b6f00000)
}
Event: 3,893 GC heap before
{Heap before GC invocations=3 (full 0):
 PSYoungGen      total 68608K, used 68604K [0x00000000eaa80000, 0x00000000ef280000, 0x0000000100000000)
  eden space 63488K, 100% used [0x00000000eaa80000,0x00000000ee880000,0x00000000ee880000)
  from space 5120K, 99% used [0x00000000eed80000,0x00000000ef27f0c8,0x00000000ef280000)
  to   space 5120K, 0% used [0x00000000ee880000,0x00000000ee880000,0x00000000eed80000)
 ParOldGen       total 83968K, used 7477K [0x00000000c0000000, 0x00000000c5200000, 0x00000000eaa80000)
  object space 83968K, 8% used [0x00000000c0000000,0x00000000c074d478,0x00000000c5200000)
 PSPermGen       total 21504K, used 6132K [0x00000000b5a00000, 0x00000000b6f00000, 0x00000000c0000000)
  object space 21504K, 28% used [0x00000000b5a00000,0x00000000b5ffd3f0,0x00000000b6f00000)
Event: 3,942 GC heap after
Heap after GC invocations=3 (full 0):
 PSYoungGen      total 68608K, used 5113K [0x00000000eaa80000, 0x00000000f3080000, 0x0000000100000000)
  eden space 63488K, 0% used [0x00000000eaa80000,0x00000000eaa80000,0x00000000ee880000)
  from space 5120K, 99% used [0x00000000ee880000,0x00000000eed7e6b8,0x00000000eed80000)
  to   space 5120K, 0% used [0x00000000f2b80000,0x00000000f2b80000,0x00000000f3080000)
 ParOldGen       total 83968K, used 19136K [0x00000000c0000000, 0x00000000c5200000, 0x00000000eaa80000)
  object space 83968K, 22% used [0x00000000c0000000,0x00000000c12b0080,0x00000000c5200000)
 PSPermGen       total 21504K, used 6132K [0x00000000b5a00000, 0x00000000b6f00000, 0x00000000c0000000)
  object space 21504K, 28% used [0x00000000b5a00000,0x00000000b5ffd3f0,0x00000000b6f00000)
}
Event: 5,497 GC heap before
{Heap before GC invocations=4 (full 0):
 PSYoungGen      total 68608K, used 68601K [0x00000000eaa80000, 0x00000000f3080000, 0x0000000100000000)
  eden space 63488K, 100% used [0x00000000eaa80000,0x00000000ee880000,0x00000000ee880000)
  from space 5120K, 99% used [0x00000000ee880000,0x00000000eed7e6b8,0x00000000eed80000)
  to   space 5120K, 0% used [0x00000000f2b80000,0x00000000f2b80000,0x00000000f3080000)
 ParOldGen       total 83968K, used 19136K [0x00000000c0000000, 0x00000000c5200000, 0x00000000eaa80000)
  object space 83968K, 22% used [0x00000000c0000000,0x00000000c12b0080,0x00000000c5200000)
 PSPermGen       total 21504K, used 6161K [0x00000000b5a00000, 0x00000000b6f00000, 0x00000000c0000000)
  object space 21504K, 28% used [0x00000000b5a00000,0x00000000b60046c0,0x00000000b6f00000)
Event: 5,535 GC heap after
Heap after GC invocations=4 (full 0):
 PSYoungGen      total 132096K, used 5117K [0x00000000eaa80000, 0x00000000f3080000, 0x0000000100000000)
  eden space 126976K, 0% used [0x00000000eaa80000,0x00000000eaa80000,0x00000000f2680000)
  from space 5120K, 99% used [0x00000000f2b80000,0x00000000f307f7b0,0x00000000f3080000)
  to   space 5120K, 0% used [0x00000000f2680000,0x00000000f2680000,0x00000000f2b80000)
 ParOldGen       total 83968K, used 29755K [0x00000000c0000000, 0x00000000c5200000, 0x00000000eaa80000)
  object space 83968K, 35% used [0x00000000c0000000,0x00000000c1d0eec0,0x00000000c5200000)
 PSPermGen       total 21504K, used 6161K [0x00000000b5a00000, 0x00000000b6f00000, 0x00000000c0000000)
  object space 21504K, 28% used [0x00000000b5a00000,0x00000000b60046c0,0x00000000b6f00000)
}

Deoptimization events (10 events):
Event: 5,554 Thread 0x00007f44141c8800 Uncommon trap: reason=unstable_if action=reinterpret pc=0x00007f4411146824 method=com.android.dx.ssa.SsaMethod.blockIndexToRopLabel(I)I @ 1
Event: 5,565 Thread 0x00007f44141c8800 Uncommon trap: reason=unstable_if action=reinterpret pc=0x00007f441117319c method=com.android.dx.dex.code.RopTranslator.pickOrder()V @ 279
Event: 5,654 Thread 0x00007f44141c4000 Uncommon trap: reason=unstable_if action=reinterpret pc=0x00007f441112d94c method=com.android.dx.rop.code.LocalItem.compareHandlesNulls(Lcom/android/dx/rop/cst/CstString;Lcom/android/dx/rop/cst/CstString;)I @ 14
Event: 5,656 Thread 0x00007f44141c4000 Uncommon trap: reason=unstable_if action=reinterpret pc=0x00007f44111a4a70 method=com.android.dx.rop.code.LocalItem.compareHandlesNulls(Lcom/android/dx/rop/cst/CstString;Lcom/android/dx/rop/cst/CstString;)I @ 14
Event: 5,656 Thread 0x00007f44141c4000 Uncommon trap: reason=unstable_if action=reinterpret pc=0x00007f44111789e4 method=com.android.dx.rop.code.LocalItem.compareHandlesNulls(Lcom/android/dx/rop/cst/CstString;Lcom/android/dx/rop/cst/CstString;)I @ 14
Event: 5,779 Thread 0x00007f44141c8800 Uncommon trap: reason=unstable_if action=reinterpret pc=0x00007f44111b6260 method=java.util.BitSet.ensureCapacity(I)V @ 6
Event: 5,785 Thread 0x00007f44141cb000 Uncommon trap: reason=unstable_if action=reinterpret pc=0x00007f44110a0d74 method=com.android.dx.util.IntList.binarysearch(I)I @ 105
Event: 5,814 Thread 0x00007f44141cb000 Uncommon trap: reason=class_check action=maybe_recompile pc=0x00007f44110dec40 method=java.util.HashMap.put(Ljava/lang/Object;Ljava/lang/Object;)Ljava/lang/Object; @ 83
Event: 5,814 Thread 0x00007f44141cb000 Uncommon trap: reason=class_check action=maybe_recompile pc=0x00007f44110dec40 method=java.util.HashMap.put(Ljava/lang/Object;Ljava/lang/Object;)Ljava/lang/Object; @ 83
Event: 5,817 Thread 0x00007f44141cb000 Uncommon trap: reason=unstable_if action=reinterpret pc=0x00007f44111b9fbc method=java.util.BitSet.ensureCapacity(I)V @ 6

Internal exceptions (10 events):
Event: 0,883 Thread 0x00007f44141cb000 Implicit null exception at 0x00007f441108f55a to 0x00007f441108ff01
Event: 1,095 Thread 0x00007f441400a800 Implicit null exception at 0x00007f44110a2acf to 0x00007f44110a31b1
Event: 1,382 Thread 0x00007f441400a800 Threw 0x00000000eb311de8 at /build/openjdk-7-65SuYz/openjdk-7-7u85-2.6.1/build/openjdk/hotspot/src/share/vm/prims/jvm.cpp:1322
Event: 1,441 Thread 0x00007f44141cb000 Implicit null exception at 0x00007f44110a7bd2 to 0x00007f44110a7cc3
Event: 2,093 Thread 0x00007f44141cc800 Implicit null exception at 0x00007f44110a89a8 to 0x00007f44110aa58d
Event: 2,666 Thread 0x00007f44141cb000 Threw 0x00000000ebbbbf98 at /build/openjdk-7-65SuYz/openjdk-7-7u85-2.6.1/build/openjdk/hotspot/src/share/vm/prims/jvm.cpp:1322
Event: 5,005 Thread 0x00007f441400a800 Threw 0x00000000ece30af0 at /build/openjdk-7-65SuYz/openjdk-7-7u85-2.6.1/build/openjdk/hotspot/src/share/vm/prims/jvm.cpp:1322
Event: 5,654 Thread 0x00007f44141c4000 Implicit null exception at 0x00007f441112d731 to 0x00007f441112d929
Event: 5,656 Thread 0x00007f44141c4000 Implicit null exception at 0x00007f44111a3d98 to 0x00007f44111a4a4d
Event: 5,656 Thread 0x00007f44141c4000 Implicit null exception at 0x00007f4411178846 to 0x00007f44111789d1

Events (10 events):
Event: 5,785 Thread 0x00007f44141cb000 DEOPT UNPACKING pc=0x00007f4411039445 sp=0x00007f43fc14e168 mode 2
Event: 5,813 Thread 0x00007f44141cb000 Uncommon trap: trap_request=0xffffffde fr.pc=0x00007f44110dec40
Event: 5,814 Thread 0x00007f44141cb000 DEOPT PACKING pc=0x00007f44110dec40 sp=0x00007f43fc14e0c0
Event: 5,814 Thread 0x00007f44141cb000 DEOPT UNPACKING pc=0x00007f4411039445 sp=0x00007f43fc14e088 mode 2
Event: 5,814 Thread 0x00007f44141cb000 Uncommon trap: trap_request=0xffffffde fr.pc=0x00007f44110dec40
Event: 5,814 Thread 0x00007f44141cb000 DEOPT PACKING pc=0x00007f44110dec40 sp=0x00007f43fc14e0c0
Event: 5,814 Thread 0x00007f44141cb000 DEOPT UNPACKING pc=0x00007f4411039445 sp=0x00007f43fc14e088 mode 2
Event: 5,817 Thread 0x00007f44141cb000 Uncommon trap: trap_request=0xffffff75 fr.pc=0x00007f44111b9fbc
Event: 5,817 Thread 0x00007f44141cb000 DEOPT PACKING pc=0x00007f44111b9fbc sp=0x00007f43fc14e150
Event: 5,817 Thread 0x00007f44141cb000 DEOPT UNPACKING pc=0x00007f4411039445 sp=0x00007f43fc14df58 mode 2


Dynamic libraries:
00400000-00401000 r-xp 00000000 08:02 2755005                            /usr/lib/jvm/java-7-openjdk-amd64/jre/bin/java
00600000-00601000 r--p 00000000 08:02 2755005                            /usr/lib/jvm/java-7-openjdk-amd64/jre/bin/java
00601000-00602000 rw-p 00001000 08:02 2755005                            /usr/lib/jvm/java-7-openjdk-amd64/jre/bin/java
017ff000-01820000 rw-p 00000000 00:00 0                                  [heap]
b5a00000-b6f00000 rw-p 00000000 00:00 0 
b6f00000-c0000000 rw-p 00000000 00:00 0 
c0000000-c5200000 rw-p 00000000 00:00 0 
c5200000-eaa80000 rw-p 00000000 00:00 0 
eaa80000-f3080000 rw-p 00000000 00:00 0 
f3080000-100000000 rw-p 00000000 00:00 0 
7f43c4000000-7f43c4021000 rw-p 00000000 00:00 0 
7f43c4021000-7f43c8000000 ---p 00000000 00:00 0 
7f43c8000000-7f43c8027000 rw-p 00000000 00:00 0 
7f43c8027000-7f43cc000000 ---p 00000000 00:00 0 
7f43cfeff000-7f43cff02000 ---p 00000000 00:00 0 
7f43cff02000-7f43d0000000 rw-p 00000000 00:00 0                          [stack:427]
7f43d0000000-7f43d0021000 rw-p 00000000 00:00 0 
7f43d0021000-7f43d4000000 ---p 00000000 00:00 0 
7f43d4000000-7f43d4023000 rw-p 00000000 00:00 0 
7f43d4023000-7f43d8000000 ---p 00000000 00:00 0 
7f43d8000000-7f43d8021000 rw-p 00000000 00:00 0 
7f43d8021000-7f43dc000000 ---p 00000000 00:00 0 
7f43dc000000-7f43dc046000 rw-p 00000000 00:00 0 
7f43dc046000-7f43e0000000 ---p 00000000 00:00 0 
7f43e0000000-7f43e172a000 rw-p 00000000 00:00 0 
7f43e172a000-7f43e4000000 ---p 00000000 00:00 0 
7f43e4000000-7f43e4021000 rw-p 00000000 00:00 0 
7f43e4021000-7f43e8000000 ---p 00000000 00:00 0 
7f43e8000000-7f43e8021000 rw-p 00000000 00:00 0 
7f43e8021000-7f43ec000000 ---p 00000000 00:00 0 
7f43ec000000-7f43ed449000 rw-p 00000000 00:00 0 
7f43ed449000-7f43f0000000 ---p 00000000 00:00 0 
7f43f0000000-7f43f0021000 rw-p 00000000 00:00 0 
7f43f0021000-7f43f4000000 ---p 00000000 00:00 0 
7f43f4000000-7f43f4021000 rw-p 00000000 00:00 0 
7f43f4021000-7f43f8000000 ---p 00000000 00:00 0 
7f43f8000000-7f43f8021000 rw-p 00000000 00:00 0 
7f43f8021000-7f43fc000000 ---p 00000000 00:00 0 
7f43fc04f000-7f43fc052000 ---p 00000000 00:00 0 
7f43fc052000-7f43fc150000 rw-p 00000000 00:00 0                          [stack:426]
7f43fc150000-7f43fc153000 ---p 00000000 00:00 0 
7f43fc153000-7f43fc251000 rw-p 00000000 00:00 0                          [stack:425]
7f43fc251000-7f43fc254000 ---p 00000000 00:00 0 
7f43fc254000-7f43fc352000 rw-p 00000000 00:00 0                          [stack:424]
7f43fc352000-7f43fc38f000 r-xp 00000000 08:02 13497                      /lib/x86_64-linux-gnu/libpcre.so.3.13.1
7f43fc38f000-7f43fc58e000 ---p 0003d000 08:02 13497                      /lib/x86_64-linux-gnu/libpcre.so.3.13.1
7f43fc58e000-7f43fc58f000 r--p 0003c000 08:02 13497                      /lib/x86_64-linux-gnu/libpcre.so.3.13.1
7f43fc58f000-7f43fc590000 rw-p 0003d000 08:02 13497                      /lib/x86_64-linux-gnu/libpcre.so.3.13.1
7f43fc590000-7f43fc597000 r-xp 00000000 08:02 28437                      /usr/lib/x86_64-linux-gnu/libffi.so.6.0.1
7f43fc597000-7f43fc796000 ---p 00007000 08:02 28437                      /usr/lib/x86_64-linux-gnu/libffi.so.6.0.1
7f43fc796000-7f43fc797000 r--p 00006000 08:02 28437                      /usr/lib/x86_64-linux-gnu/libffi.so.6.0.1
7f43fc797000-7f43fc798000 rw-p 00007000 08:02 28437                      /usr/lib/x86_64-linux-gnu/libffi.so.6.0.1
7f43fc798000-7f43fc7af000 r-xp 00000000 08:02 9390                       /lib/x86_64-linux-gnu/libresolv-2.19.so
7f43fc7af000-7f43fc9af000 ---p 00017000 08:02 9390                       /lib/x86_64-linux-gnu/libresolv-2.19.so
7f43fc9af000-7f43fc9b0000 r--p 00017000 08:02 9390                       /lib/x86_64-linux-gnu/libresolv-2.19.so
7f43fc9b0000-7f43fc9b1000 rw-p 00018000 08:02 9390                       /lib/x86_64-linux-gnu/libresolv-2.19.so
7f43fc9b1000-7f43fc9b3000 rw-p 00000000 00:00 0 
7f43fc9b3000-7f43fc9d3000 r-xp 00000000 08:02 13524                      /lib/x86_64-linux-gnu/libselinux.so.1
7f43fc9d3000-7f43fcbd2000 ---p 00020000 08:02 13524                      /lib/x86_64-linux-gnu/libselinux.so.1
7f43fcbd2000-7f43fcbd3000 r--p 0001f000 08:02 13524                      /lib/x86_64-linux-gnu/libselinux.so.1
7f43fcbd3000-7f43fcbd4000 rw-p 00020000 08:02 13524                      /lib/x86_64-linux-gnu/libselinux.so.1
7f43fcbd4000-7f43fcbd6000 rw-p 00000000 00:00 0 
7f43fcbd6000-7f43fcbd9000 r-xp 00000000 08:02 28550                      /usr/lib/x86_64-linux-gnu/libgmodule-2.0.so.0.4002.0
7f43fcbd9000-7f43fcdd8000 ---p 00003000 08:02 28550                      /usr/lib/x86_64-linux-gnu/libgmodule-2.0.so.0.4002.0
7f43fcdd8000-7f43fcdd9000 r--p 00002000 08:02 28550                      /usr/lib/x86_64-linux-gnu/libgmodule-2.0.so.0.4002.0
7f43fcdd9000-7f43fcdda000 rw-p 00003000 08:02 28550                      /usr/lib/x86_64-linux-gnu/libgmodule-2.0.so.0.4002.0
7f43fcdda000-7f43fcee0000 r-xp 00000000 08:02 13425                      /lib/x86_64-linux-gnu/libglib-2.0.so.0.4002.0
7f43fcee0000-7f43fd0df000 ---p 00106000 08:02 13425                      /lib/x86_64-linux-gnu/libglib-2.0.so.0.4002.0
7f43fd0df000-7f43fd0e0000 r--p 00105000 08:02 13425                      /lib/x86_64-linux-gnu/libglib-2.0.so.0.4002.0
7f43fd0e0000-7f43fd0e1000 rw-p 00106000 08:02 13425                      /lib/x86_64-linux-gnu/libglib-2.0.so.0.4002.0
7f43fd0e1000-7f43fd0e2000 rw-p 00000000 00:00 0 
7f43fd0e2000-7f43fd131000 r-xp 00000000 08:02 28566                      /usr/lib/x86_64-linux-gnu/libgobject-2.0.so.0.4002.0
7f43fd131000-7f43fd331000 ---p 0004f000 08:02 28566                      /usr/lib/x86_64-linux-gnu/libgobject-2.0.so.0.4002.0
7f43fd331000-7f43fd332000 r--p 0004f000 08:02 28566                      /usr/lib/x86_64-linux-gnu/libgobject-2.0.so.0.4002.0
7f43fd332000-7f43fd333000 rw-p 00050000 08:02 28566                      /usr/lib/x86_64-linux-gnu/libgobject-2.0.so.0.4002.0
7f43fd333000-7f43fd49f000 r-xp 00000000 08:02 28538                      /usr/lib/x86_64-linux-gnu/libgio-2.0.so.0.4002.0
7f43fd49f000-7f43fd69e000 ---p 0016c000 08:02 28538                      /usr/lib/x86_64-linux-gnu/libgio-2.0.so.0.4002.0
7f43fd69e000-7f43fd6a2000 r--p 0016b000 08:02 28538                      /usr/lib/x86_64-linux-gnu/libgio-2.0.so.0.4002.0
7f43fd6a2000-7f43fd6a4000 rw-p 0016f000 08:02 28538                      /usr/lib/x86_64-linux-gnu/libgio-2.0.so.0.4002.0
7f43fd6a4000-7f43fd6a6000 rw-p 00000000 00:00 0 
7f43fd6a6000-7f43fd6bd000 r-xp 00000000 08:02 2626412                    /usr/lib/jvm/java-7-openjdk-amd64/jre/lib/amd64/libnet.so
7f43fd6bd000-7f43fd8bc000 ---p 00017000 08:02 2626412                    /usr/lib/jvm/java-7-openjdk-amd64/jre/lib/amd64/libnet.so
7f43fd8bc000-7f43fd8bd000 r--p 00016000 08:02 2626412                    /usr/lib/jvm/java-7-openjdk-amd64/jre/lib/amd64/libnet.so
7f43fd8bd000-7f43fd8be000 rw-p 00017000 08:02 2626412                    /usr/lib/jvm/java-7-openjdk-amd64/jre/lib/amd64/libnet.so
7f43fd8be000-7f43fd8ce000 r-xp 00000000 08:02 2626382                    /usr/lib/jvm/java-7-openjdk-amd64/jre/lib/amd64/libnio.so
7f43fd8ce000-7f43fdace000 ---p 00010000 08:02 2626382                    /usr/lib/jvm/java-7-openjdk-amd64/jre/lib/amd64/libnio.so
7f43fdace000-7f43fdacf000 r--p 00010000 08:02 2626382                    /usr/lib/jvm/java-7-openjdk-amd64/jre/lib/amd64/libnio.so
7f43fdacf000-7f43fdad0000 rw-p 00011000 08:02 2626382                    /usr/lib/jvm/java-7-openjdk-amd64/jre/lib/amd64/libnio.so
7f43fdad0000-7f4400000000 rw-p 00000000 00:00 0 
7f4400000000-7f4400021000 rw-p 00000000 00:00 0 
7f4400021000-7f4404000000 ---p 00000000 00:00 0 
7f4404000000-7f4404021000 rw-p 00000000 00:00 0 
7f4404021000-7f4408000000 ---p 00000000 00:00 0 
7f4408000000-7f4408021000 rw-p 00000000 00:00 0 
7f4408021000-7f440c000000 ---p 00000000 00:00 0 
7f440c000000-7f440c021000 rw-p 00000000 00:00 0 
7f440c021000-7f4410000000 ---p 00000000 00:00 0 
7f4410007000-7f441000a000 ---p 00000000 00:00 0 
7f441000a000-7f4410139000 rw-p 00000000 00:00 0                          [stack:423]
7f441015e000-7f44101e7000 r--s 0071a000 08:02 31066723                   /home/ivan/workspace/Champy_v2/app/build/intermediates/transforms/jarMerging/debug/jars/1/1f/combined.jar
7f44101e7000-7f44101e8000 ---p 00000000 00:00 0 
7f44101e8000-7f44102e8000 rw-p 00000000 00:00 0                          [stack:422]
7f44102e8000-7f44102eb000 ---p 00000000 00:00 0 
7f44102eb000-7f44103e9000 rw-p 00000000 00:00 0                          [stack:420]
7f44103e9000-7f44103ec000 ---p 00000000 00:00 0 
7f44103ec000-7f44104ea000 rw-p 00000000 00:00 0                          [stack:419]
7f44104ea000-7f44104ed000 ---p 00000000 00:00 0 
7f44104ed000-7f44105eb000 rw-p 00000000 00:00 0                          [stack:418]
7f44105eb000-7f44105ee000 ---p 00000000 00:00 0 
7f44105ee000-7f44106ec000 rw-p 00000000 00:00 0                          [stack:417]
7f44106ec000-7f4410eff000 r--p 00000000 08:02 27195                      /usr/lib/locale/locale-archive
7f4410eff000-7f4410f02000 ---p 00000000 00:00 0 
7f4410f02000-7f4411000000 rw-p 00000000 00:00 0                          [stack:416]
7f4411000000-7f4411270000 rwxp 00000000 00:00 0 
7f4411270000-7f4414205000 rw-p 00000000 00:00 0 
7f4414205000-7f4418000000 ---p 00000000 00:00 0 
7f4418015000-7f4418024000 r--s 000df000 08:02 1575371                    /home/ivan/Android/Sdk/build-tools/23.0.1/lib/dx.jar
7f4418024000-7f4418027000 ---p 00000000 00:00 0 
7f4418027000-7f4418125000 rw-p 00000000 00:00 0                          [stack:415]
7f4418125000-7f4418126000 ---p 00000000 00:00 0 
7f4418126000-7f4419223000 rw-p 00000000 00:00 0                          [stack:414]
7f4419223000-7f44193d5000 r--s 01d30000 08:02 2626376                    /usr/lib/jvm/java-7-openjdk-amd64/jre/lib/rt.jar
7f44193d5000-7f4419721000 rw-p 00000000 00:00 0 
7f4419721000-7f4419722000 ---p 00000000 00:00 0 
7f4419722000-7f4419822000 rw-p 00000000 00:00 0                          [stack:413]
7f4419822000-7f4419823000 ---p 00000000 00:00 0 
7f4419823000-7f4419923000 rw-p 00000000 00:00 0                          [stack:411]
7f4419923000-7f4419924000 ---p 00000000 00:00 0 
7f4419924000-7f4419a24000 rw-p 00000000 00:00 0                          [stack:410]
7f4419a24000-7f4419a25000 ---p 00000000 00:00 0 
7f4419a25000-7f4419b30000 rw-p 00000000 00:00 0                          [stack:409]
7f4419b30000-7f4419b78000 rw-p 00000000 00:00 0 
7f4419b78000-7f4419ba1000 rw-p 00000000 00:00 0 
7f4419ba1000-7f4419cce000 rw-p 00000000 00:00 0 
7f4419cce000-7f4419cd9000 rw-p 00000000 00:00 0 
7f4419cd9000-7f4419d21000 rw-p 00000000 00:00 0 
7f4419d21000-7f4419d4a000 rw-p 00000000 00:00 0 
7f4419d4a000-7f4419e76000 rw-p 00000000 00:00 0 
7f4419e76000-7f4419eba000 rw-p 00000000 00:00 0 
7f4419eba000-7f4419f21000 rw-p 00000000 00:00 0 
7f4419f21000-7f4419f22000 rw-p 00000000 00:00 0 
7f4419f22000-7f4419f2a000 r-xp 00000000 08:02 2626386                    /usr/lib/jvm/java-7-openjdk-amd64/jre/lib/amd64/libzip.so
7f4419f2a000-7f441a129000 ---p 00008000 08:02 2626386                    /usr/lib/jvm/java-7-openjdk-amd64/jre/lib/amd64/libzip.so
7f441a129000-7f441a12a000 r--p 00007000 08:02 2626386                    /usr/lib/jvm/java-7-openjdk-amd64/jre/lib/amd64/libzip.so
7f441a12a000-7f441a12b000 rw-p 00008000 08:02 2626386                    /usr/lib/jvm/java-7-openjdk-amd64/jre/lib/amd64/libzip.so
7f441a12b000-7f441a136000 r-xp 00000000 08:02 9404                       /lib/x86_64-linux-gnu/libnss_files-2.19.so
7f441a136000-7f441a335000 ---p 0000b000 08:02 9404                       /lib/x86_64-linux-gnu/libnss_files-2.19.so
7f441a335000-7f441a336000 r--p 0000a000 08:02 9404                       /lib/x86_64-linux-gnu/libnss_files-2.19.so
7f441a336000-7f441a337000 rw-p 0000b000 08:02 9404                       /lib/x86_64-linux-gnu/libnss_files-2.19.so
7f441a337000-7f441a342000 r-xp 00000000 08:02 13325                      /lib/x86_64-linux-gnu/libnss_nis-2.19.so
7f441a342000-7f441a541000 ---p 0000b000 08:02 13325                      /lib/x86_64-linux-gnu/libnss_nis-2.19.so
7f441a541000-7f441a542000 r--p 0000a000 08:02 13325                      /lib/x86_64-linux-gnu/libnss_nis-2.19.so
7f441a542000-7f441a543000 rw-p 0000b000 08:02 13325                      /lib/x86_64-linux-gnu/libnss_nis-2.19.so
7f441a543000-7f441a55a000 r-xp 00000000 08:02 9479                       /lib/x86_64-linux-gnu/libnsl-2.19.so
7f441a55a000-7f441a759000 ---p 00017000 08:02 9479                       /lib/x86_64-linux-gnu/libnsl-2.19.so
7f441a759000-7f441a75a000 r--p 00016000 08:02 9479                       /lib/x86_64-linux-gnu/libnsl-2.19.so
7f441a75a000-7f441a75b000 rw-p 00017000 08:02 9479                       /lib/x86_64-linux-gnu/libnsl-2.19.so
7f441a75b000-7f441a75d000 rw-p 00000000 00:00 0 
7f441a75d000-7f441a766000 r-xp 00000000 08:02 9478                       /lib/x86_64-linux-gnu/libnss_compat-2.19.so
7f441a766000-7f441a965000 ---p 00009000 08:02 9478                       /lib/x86_64-linux-gnu/libnss_compat-2.19.so
7f441a965000-7f441a966000 r--p 00008000 08:02 9478                       /lib/x86_64-linux-gnu/libnss_compat-2.19.so
7f441a966000-7f441a967000 rw-p 00009000 08:02 9478                       /lib/x86_64-linux-gnu/libnss_compat-2.19.so
7f441a967000-7f441a992000 r-xp 00000000 08:02 2626394                    /usr/lib/jvm/java-7-openjdk-amd64/jre/lib/amd64/libjava.so
7f441a992000-7f441ab92000 ---p 0002b000 08:02 2626394                    /usr/lib/jvm/java-7-openjdk-amd64/jre/lib/amd64/libjava.so
7f441ab92000-7f441ab93000 r--p 0002b000 08:02 2626394                    /usr/lib/jvm/java-7-openjdk-amd64/jre/lib/amd64/libjava.so
7f441ab93000-7f441ab95000 rw-p 0002c000 08:02 2626394                    /usr/lib/jvm/java-7-openjdk-amd64/jre/lib/amd64/libjava.so
7f441ab95000-7f441aba5000 r-xp 00000000 08:02 2626408                    /usr/lib/jvm/java-7-openjdk-amd64/jre/lib/amd64/libverify.so
7f441aba5000-7f441ada4000 ---p 00010000 08:02 2626408                    /usr/lib/jvm/java-7-openjdk-amd64/jre/lib/amd64/libverify.so
7f441ada4000-7f441ada6000 r--p 0000f000 08:02 2626408                    /usr/lib/jvm/java-7-openjdk-amd64/jre/lib/amd64/libverify.so
7f441ada6000-7f441ada7000 rw-p 00011000 08:02 2626408                    /usr/lib/jvm/java-7-openjdk-amd64/jre/lib/amd64/libverify.so
7f441ada7000-7f441adae000 r-xp 00000000 08:02 9487                       /lib/x86_64-linux-gnu/librt-2.19.so
7f441adae000-7f441afad000 ---p 00007000 08:02 9487                       /lib/x86_64-linux-gnu/librt-2.19.so
7f441afad000-7f441afae000 r--p 00006000 08:02 9487                       /lib/x86_64-linux-gnu/librt-2.19.so
7f441afae000-7f441afaf000 rw-p 00007000 08:02 9487                       /lib/x86_64-linux-gnu/librt-2.19.so
7f441afaf000-7f441afc5000 r-xp 00000000 08:02 13421                      /lib/x86_64-linux-gnu/libgcc_s.so.1
7f441afc5000-7f441b1c4000 ---p 00016000 08:02 13421                      /lib/x86_64-linux-gnu/libgcc_s.so.1
7f441b1c4000-7f441b1c5000 rw-p 00015000 08:02 13421                      /lib/x86_64-linux-gnu/libgcc_s.so.1
7f441b1c5000-7f441b2ca000 r-xp 00000000 08:02 9400                       /lib/x86_64-linux-gnu/libm-2.19.so
7f441b2ca000-7f441b4c9000 ---p 00105000 08:02 9400                       /lib/x86_64-linux-gnu/libm-2.19.so
7f441b4c9000-7f441b4ca000 r--p 00104000 08:02 9400                       /lib/x86_64-linux-gnu/libm-2.19.so
7f441b4ca000-7f441b4cb000 rw-p 00105000 08:02 9400                       /lib/x86_64-linux-gnu/libm-2.19.so
7f441b4cb000-7f441b5b1000 r-xp 00000000 08:02 6821                       /usr/lib/x86_64-linux-gnu/libstdc++.so.6.0.19
7f441b5b1000-7f441b7b0000 ---p 000e6000 08:02 6821                       /usr/lib/x86_64-linux-gnu/libstdc++.so.6.0.19
7f441b7b0000-7f441b7b8000 r--p 000e5000 08:02 6821                       /usr/lib/x86_64-linux-gnu/libstdc++.so.6.0.19
7f441b7b8000-7f441b7ba000 rw-p 000ed000 08:02 6821                       /usr/lib/x86_64-linux-gnu/libstdc++.so.6.0.19
7f441b7ba000-7f441b7cf000 rw-p 00000000 00:00 0 
7f441b7cf000-7f441c2f3000 r-xp 00000000 08:02 2626400                    /usr/lib/jvm/java-7-openjdk-amd64/jre/lib/amd64/server/libjvm.so
7f441c2f3000-7f441c4f2000 ---p 00b24000 08:02 2626400                    /usr/lib/jvm/java-7-openjdk-amd64/jre/lib/amd64/server/libjvm.so
7f441c4f2000-7f441c58c000 r--p 00b23000 08:02 2626400                    /usr/lib/jvm/java-7-openjdk-amd64/jre/lib/amd64/server/libjvm.so
7f441c58c000-7f441c5af000 rw-p 00bbd000 08:02 2626400                    /usr/lib/jvm/java-7-openjdk-amd64/jre/lib/amd64/server/libjvm.so
7f441c5af000-7f441c5dd000 rw-p 00000000 00:00 0 
7f441c5dd000-7f441c5f5000 r-xp 00000000 08:02 13550                      /lib/x86_64-linux-gnu/libz.so.1.2.8
7f441c5f5000-7f441c7f4000 ---p 00018000 08:02 13550                      /lib/x86_64-linux-gnu/libz.so.1.2.8
7f441c7f4000-7f441c7f5000 r--p 00017000 08:02 13550                      /lib/x86_64-linux-gnu/libz.so.1.2.8
7f441c7f5000-7f441c7f6000 rw-p 00018000 08:02 13550                      /lib/x86_64-linux-gnu/libz.so.1.2.8
7f441c7f6000-7f441c80f000 r-xp 00000000 08:02 9485                       /lib/x86_64-linux-gnu/libpthread-2.19.so
7f441c80f000-7f441ca0e000 ---p 00019000 08:02 9485                       /lib/x86_64-linux-gnu/libpthread-2.19.so
7f441ca0e000-7f441ca0f000 r--p 00018000 08:02 9485                       /lib/x86_64-linux-gnu/libpthread-2.19.so
7f441ca0f000-7f441ca10000 rw-p 00019000 08:02 9485                       /lib/x86_64-linux-gnu/libpthread-2.19.so
7f441ca10000-7f441ca14000 rw-p 00000000 00:00 0 
7f441ca14000-7f441ca17000 r-xp 00000000 08:02 9415                       /lib/x86_64-linux-gnu/libdl-2.19.so
7f441ca17000-7f441cc16000 ---p 00003000 08:02 9415                       /lib/x86_64-linux-gnu/libdl-2.19.so
7f441cc16000-7f441cc17000 r--p 00002000 08:02 9415                       /lib/x86_64-linux-gnu/libdl-2.19.so
7f441cc17000-7f441cc18000 rw-p 00003000 08:02 9415                       /lib/x86_64-linux-gnu/libdl-2.19.so
7f441cc18000-7f441cdd3000 r-xp 00000000 08:02 9484                       /lib/x86_64-linux-gnu/libc-2.19.so
7f441cdd3000-7f441cfd2000 ---p 001bb000 08:02 9484                       /lib/x86_64-linux-gnu/libc-2.19.so
7f441cfd2000-7f441cfd6000 r--p 001ba000 08:02 9484                       /lib/x86_64-linux-gnu/libc-2.19.so
7f441cfd6000-7f441cfd8000 rw-p 001be000 08:02 9484                       /lib/x86_64-linux-gnu/libc-2.19.so
7f441cfd8000-7f441cfdd000 rw-p 00000000 00:00 0 
7f441cfdd000-7f441cfea000 r-xp 00000000 08:02 2626409                    /usr/lib/jvm/java-7-openjdk-amd64/jre/lib/amd64/jli/libjli.so
7f441cfea000-7f441d1e9000 ---p 0000d000 08:02 2626409                    /usr/lib/jvm/java-7-openjdk-amd64/jre/lib/amd64/jli/libjli.so
7f441d1e9000-7f441d1ea000 r--p 0000c000 08:02 2626409                    /usr/lib/jvm/java-7-openjdk-amd64/jre/lib/amd64/jli/libjli.so
7f441d1ea000-7f441d1eb000 rw-p 0000d000 08:02 2626409                    /usr/lib/jvm/java-7-openjdk-amd64/jre/lib/amd64/jli/libjli.so
7f441d1eb000-7f441d20e000 r-xp 00000000 08:02 9481                       /lib/x86_64-linux-gnu/ld-2.19.so
7f441d20e000-7f441d20f000 rw-p 00000000 00:00 0 
7f441d20f000-7f441d213000 r--s 00034000 08:02 2626371                    /usr/lib/jvm/java-7-openjdk-amd64/jre/lib/ext/sunjce_provider.jar
7f441d213000-7f441d215000 r--s 00012000 08:02 2626365                    /usr/lib/jvm/java-7-openjdk-amd64/jre/lib/ext/zipfs.jar
7f441d215000-7f441d218000 r--s 0000f000 08:02 2626369                    /usr/lib/jvm/java-7-openjdk-amd64/jre/lib/ext/icedtea-sound.jar
7f441d218000-7f441d21c000 r--s 0003c000 08:02 2626372                    /usr/lib/jvm/java-7-openjdk-amd64/jre/lib/ext/sunpkcs11.jar
7f441d21c000-7f441d220000 r--s 00085000 08:02 2626367                    /usr/lib/jvm/java-7-openjdk-amd64/jre/lib/ext/localedata.jar
7f441d220000-7f441d22a000 rw-p 00000000 00:00 0 
7f441d22a000-7f441d2e0000 rw-p 00000000 00:00 0 
7f441d2e0000-7f441d2e3000 ---p 00000000 00:00 0 
7f441d2e3000-7f441d3e6000 rw-p 00000000 00:00 0                          [stack:408]
7f441d3e6000-7f441d3e7000 r--s 00002000 08:02 2626373                    /usr/lib/jvm/java-7-openjdk-amd64/jre/lib/ext/dnsns.jar
7f441d3e7000-7f441d3e9000 r--s 00006000 08:02 5674                       /usr/share/java/java-atk-wrapper.jar
7f441d3e9000-7f441d401000 rw-p 00000000 00:00 0 
7f441d401000-7f441d409000 rw-s 00000000 08:02 1314992                    /tmp/hsperfdata_ivan/404
7f441d409000-7f441d40a000 rw-p 00000000 00:00 0 
7f441d40a000-7f441d40b000 r--p 00000000 00:00 0 
7f441d40b000-7f441d40d000 rw-p 00000000 00:00 0 
7f441d40d000-7f441d40e000 r--p 00022000 08:02 9481                       /lib/x86_64-linux-gnu/ld-2.19.so
7f441d40e000-7f441d40f000 rw-p 00023000 08:02 9481                       /lib/x86_64-linux-gnu/ld-2.19.so
7f441d40f000-7f441d410000 rw-p 00000000 00:00 0 
7fffbebe4000-7fffbec05000 rw-p 00000000 00:00 0                          [stack]
7fffbeca3000-7fffbeca5000 r-xp 00000000 00:00 0                          [vdso]
7fffbeca5000-7fffbeca7000 r--p 00000000 00:00 0                          [vvar]
ffffffffff600000-ffffffffff601000 r-xp 00000000 00:00 0                  [vsyscall]

VM Arguments:
jvm_args: -Djava.awt.headless=true -Xmx1024M -Dfile.encoding=UTF-8 -Duser.country=UA -Duser.language=ru -Duser.variant 
java_command: com.android.dx.command.Main --dex --num-threads=4 --multi-dex --main-dex-list /home/ivan/workspace/Champy_v2/app/build/intermediates/multi-dex/debug/maindexlist.txt --output /home/ivan/workspace/Champy_v2/app/build/intermediates/transforms/dex/debug/folders/1000/1f/main /home/ivan/workspace/Champy_v2/app/build/intermediates/transforms/jarMerging/debug/jars/1/1f/combined.jar
Launcher Type: SUN_STANDARD

Environment Variables:
JAVA_HOME=/usr/lib/jvm/java-8-oracle
PATH=/usr/local/sbin:/usr/local/bin:/usr/sbin:/usr/bin:/sbin:/bin:/usr/games:/usr/local/games:/usr/lib/jvm/java-8-oracle/bin:/usr/lib/jvm/java-8-oracle/db/bin:/usr/lib/jvm/java-8-oracle/jre/bin
SHELL=/bin/bash
DISPLAY=:0

Signal Handlers:
SIGSEGV: [libjvm.so+0x954820], sa_mask[0]=0x7ffbfeff, sa_flags=0x10000004
SIGBUS: [libjvm.so+0x954820], sa_mask[0]=0x7ffbfeff, sa_flags=0x10000004
SIGFPE: [libjvm.so+0x7cb150], sa_mask[0]=0x7ffbfeff, sa_flags=0x10000004
SIGPIPE: [libjvm.so+0x7cb150], sa_mask[0]=0x7ffbfeff, sa_flags=0x10000004
SIGXFSZ: [libjvm.so+0x7cb150], sa_mask[0]=0x7ffbfeff, sa_flags=0x10000004
SIGILL: [libjvm.so+0x7cb150], sa_mask[0]=0x7ffbfeff, sa_flags=0x10000004
SIGUSR1: SIG_DFL, sa_mask[0]=0x00000000, sa_flags=0x00000000
SIGUSR2: [libjvm.so+0x7caff0], sa_mask[0]=0x00000004, sa_flags=0x10000004
SIGHUP: [libjvm.so+0x7cb1d0], sa_mask[0]=0x7ffbfeff, sa_flags=0x10000004
SIGINT: [libjvm.so+0x7cb1d0], sa_mask[0]=0x7ffbfeff, sa_flags=0x10000004
SIGTERM: [libjvm.so+0x7cb1d0], sa_mask[0]=0x7ffbfeff, sa_flags=0x10000004
SIGQUIT: [libjvm.so+0x7cb1d0], sa_mask[0]=0x7ffbfeff, sa_flags=0x10000004
SIGTRAP: SIG_DFL, sa_mask[0]=0x00000000, sa_flags=0x00000000


---------------  S Y S T E M  ---------------

OS:Ubuntu 14.04 (trusty)
uname:Linux 3.16.0-33-generic #44~14.04.1-Ubuntu SMP Fri Mar 13 10:33:29 UTC 2015 x86_64
libc:glibc 2.19 NPTL 2.19 
rlimit: STACK 8192k, CORE 0k, NPROC 30684, NOFILE 4096, AS infinity
load average:3,71 2,05 0,98

/proc/meminfo:
MemTotal:        8059736 kB
MemFree:         1775244 kB
MemAvailable:    5378500 kB
Buffers:          148044 kB
Cached:          3579316 kB
SwapCached:            0 kB
Active:          3815424 kB
Inactive:        2092696 kB
Active(anon):    1853768 kB
Inactive(anon):   367416 kB
Active(file):    1961656 kB
Inactive(file):  1725280 kB
Unevictable:          52 kB
Mlocked:              52 kB
SwapTotal:       4075516 kB
SwapFree:        4075380 kB
Dirty:             18996 kB
Writeback:             0 kB
AnonPages:       2187024 kB
Mapped:           289576 kB
Shmem:             40428 kB
Slab:             206840 kB
SReclaimable:     169724 kB
SUnreclaim:        37116 kB
KernelStack:        7904 kB
PageTables:        37124 kB
NFS_Unstable:          0 kB
Bounce:                0 kB
WritebackTmp:          0 kB
CommitLimit:     8105384 kB
Committed_AS:    5319156 kB
VmallocTotal:   34359738367 kB
VmallocUsed:      391720 kB
VmallocChunk:   34359325180 kB
HardwareCorrupted:     0 kB
AnonHugePages:   1327104 kB
HugePages_Total:       0
HugePages_Free:        0
HugePages_Rsvd:        0
HugePages_Surp:        0
Hugepagesize:       2048 kB
DirectMap4k:      196548 kB
DirectMap2M:     8075264 kB


CPU:total 4 (2 cores per cpu, 2 threads per core) family 6 model 58 stepping 9, cmov, cx8, fxsr, mmx, sse, sse2, sse3, ssse3, sse4.1, sse4.2, popcnt, avx, erms, ht, tsc, tscinvbit, tscinv

/proc/cpuinfo:
processor	: 0
vendor_id	: GenuineIntel
cpu family	: 6
model		: 58
model name	: Intel(R) Core(TM) i3-3217U CPU @ 1.80GHz
stepping	: 9
microcode	: 0x15
cpu MHz		: 1800.000
cache size	: 3072 KB
physical id	: 0
siblings	: 4
core id		: 0
cpu cores	: 2
apicid		: 0
initial apicid	: 0
fpu		: yes
fpu_exception	: yes
cpuid level	: 13
wp		: yes
flags		: fpu vme de pse tsc msr pae mce cx8 apic sep mtrr pge mca cmov pat pse36 clflush dts acpi mmx fxsr sse sse2 ss ht tm pbe syscall nx rdtscp lm constant_tsc arch_perfmon pebs bts rep_good nopl xtopology nonstop_tsc aperfmperf eagerfpu pni pclmulqdq dtes64 monitor ds_cpl vmx est tm2 ssse3 cx16 xtpr pdcm pcid sse4_1 sse4_2 x2apic popcnt tsc_deadline_timer xsave avx f16c lahf_lm ida arat epb xsaveopt pln pts dtherm tpr_shadow vnmi flexpriority ept vpid fsgsbase smep erms
bogomips	: 3591.97
clflush size	: 64
cache_alignment	: 64
address sizes	: 36 bits physical, 48 bits virtual
power management:

processor	: 1
vendor_id	: GenuineIntel
cpu family	: 6
model		: 58
model name	: Intel(R) Core(TM) i3-3217U CPU @ 1.80GHz
stepping	: 9
microcode	: 0x15
cpu MHz		: 1800.000
cache size	: 3072 KB
physical id	: 0
siblings	: 4
core id		: 1
cpu cores	: 2
apicid		: 2
initial apicid	: 2
fpu		: yes
fpu_exception	: yes
cpuid level	: 13
wp		: yes
flags		: fpu vme de pse tsc msr pae mce cx8 apic sep mtrr pge mca cmov pat pse36 clflush dts acpi mmx fxsr sse sse2 ss ht tm pbe syscall nx rdtscp lm constant_tsc arch_perfmon pebs bts rep_good nopl xtopology nonstop_tsc aperfmperf eagerfpu pni pclmulqdq dtes64 monitor ds_cpl vmx est tm2 ssse3 cx16 xtpr pdcm pcid sse4_1 sse4_2 x2apic popcnt tsc_deadline_timer xsave avx f16c lahf_lm ida arat epb xsaveopt pln pts dtherm tpr_shadow vnmi flexpriority ept vpid fsgsbase smep erms
bogomips	: 3591.97
clflush size	: 64
cache_alignment	: 64
address sizes	: 36 bits physical, 48 bits virtual
power management:

processor	: 2
vendor_id	: GenuineIntel
cpu family	: 6
model		: 58
model name	: Intel(R) Core(TM) i3-3217U CPU @ 1.80GHz
stepping	: 9
microcode	: 0x15
cpu MHz		: 1800.000
cache size	: 3072 KB
physical id	: 0
siblings	: 4
core id		: 0
cpu cores	: 2
apicid		: 1
initial apicid	: 1
fpu		: yes
fpu_exception	: yes
cpuid level	: 13
wp		: yes
flags		: fpu vme de pse tsc msr pae mce cx8 apic sep mtrr pge mca cmov pat pse36 clflush dts acpi mmx fxsr sse sse2 ss ht tm pbe syscall nx rdtscp lm constant_tsc arch_perfmon pebs bts rep_good nopl xtopology nonstop_tsc aperfmperf eagerfpu pni pclmulqdq dtes64 monitor ds_cpl vmx est tm2 ssse3 cx16 xtpr pdcm pcid sse4_1 sse4_2 x2apic popcnt tsc_deadline_timer xsave avx f16c lahf_lm ida arat epb xsaveopt pln pts dtherm tpr_shadow vnmi flexpriority ept vpid fsgsbase smep erms
bogomips	: 3591.97
clflush size	: 64
cache_alignment	: 64
address sizes	: 36 bits physical, 48 bits virtual
power management:

processor	: 3
vendor_id	: GenuineIntel
cpu family	: 6
model		: 58
model name	: Intel(R) Core(TM) i3-3217U CPU @ 1.80GHz
stepping	: 9
microcode	: 0x15
cpu MHz		: 1800.000
cache size	: 3072 KB
physical id	: 0
siblings	: 4
core id		: 1
cpu cores	: 2
apicid		: 3
initial apicid	: 3
fpu		: yes
fpu_exception	: yes
cpuid level	: 13
wp		: yes
flags		: fpu vme de pse tsc msr pae mce cx8 apic sep mtrr pge mca cmov pat pse36 clflush dts acpi mmx fxsr sse sse2 ss ht tm pbe syscall nx rdtscp lm constant_tsc arch_perfmon pebs bts rep_good nopl xtopology nonstop_tsc aperfmperf eagerfpu pni pclmulqdq dtes64 monitor ds_cpl vmx est tm2 ssse3 cx16 xtpr pdcm pcid sse4_1 sse4_2 x2apic popcnt tsc_deadline_timer xsave avx f16c lahf_lm ida arat epb xsaveopt pln pts dtherm tpr_shadow vnmi flexpriority ept vpid fsgsbase smep erms
bogomips	: 3591.97
clflush size	: 64
cache_alignment	: 64
address sizes	: 36 bits physical, 48 bits virtual
power management:



Memory: 4k page, physical 8059736k(1774996k free), swap 4075516k(4075380k free)

vm_info: OpenJDK 64-Bit Server VM (24.85-b03) for linux-amd64 JRE (1.7.0_85-b01), built on Oct 22 2015 06:46:50 by "buildd" with gcc 4.8.2

time: Tue Mar 15 12:51:55 2016
elapsed time: 5 seconds

