#
# A fatal error has been detected by the Java Runtime Environment:
#
#  SIGSEGV (0xb) at pc=0x00007f71bf3557b3, pid=14291, tid=140126474098432
#
# JRE version: OpenJDK Runtime Environment (7.0_95) (build 1.7.0_95-b00)
# Java VM: OpenJDK 64-Bit Server VM (24.95-b01 mixed mode linux-amd64 compressed oops)
# Derivative: IcedTea 2.6.4
# Distribution: Ubuntu 14.04.3 LTS, package 7u95-2.6.4-0ubuntu0.14.04.1
# Problematic frame:
# V  [libjvm.so+0x8397b3]
#
# Failed to write core dump. Core dumps have been disabled. To enable core dumping, try "ulimit -c unlimited" before starting Java again
#
# If you would like to submit a bug report, please include
# instructions on how to reproduce the bug and visit:
#   http://icedtea.classpath.org/bugzilla
#

---------------  T H R E A D  ---------------

Current thread (0x00007f71b8025800):  GCTaskThread [stack: 0x00007f71bca65000,0x00007f71bcb66000] [id=14300]

siginfo:si_signo=SIGSEGV: si_errno=0, si_code=1 (SEGV_MAPERR), si_addr=0x000000000000002d

Registers:
RAX=0x0000000000000001, RBX=0x00000000f7b77400, RCX=0x0000000000000000, RDX=0x0000000000000015
RSP=0x00007f71bcb64c20, RBP=0x00007f71bcb64c80, RSI=0x00007f71bf8eb4e0, RDI=0x00007f71b8073bf0
R8 =0x00007f71b8073c90, R9 =0x00000000fcea19cd, R10=0x0000000000000000, R11=0x000000000000003f
R12=0x00000000fcea19cc, R13=0x00000000f7b774a8, R14=0x00007f71b8073bf0, R15=0x00007f71bf8eb4e0
RIP=0x00007f71bf3557b3, EFLAGS=0x0000000000010202, CSGSFS=0x0000000000000033, ERR=0x0000000000000004
  TRAPNO=0x000000000000000e

Top of Stack: (sp=0x00007f71bcb64c20)
0x00007f71bcb64c20:   0000000000000060 00007f71b801b5b0
0x00007f71bcb64c30:   00007f71b8073bf8 00000000fcea19b8
0x00007f71bcb64c40:   00000000fce9c388 0000000000001000
0x00007f71bcb64c50:   00007f71bfb508a4 00007f71b8073bf0
0x00007f71bcb64c60:   00000000fcea19cc 0000000000000000
0x00007f71bcb64c70:   00007f71b8073c60 00007f71bf8eb4e0
0x00007f71bcb64c80:   00007f71bcb64cf0 00007f71bf354f18
0x00007f71bcb64c90:   00007f71b8073bf0 00007f71b8073c90
0x00007f71bcb64ca0:   00007f71bd07a894 0000000000000240
0x00007f71bcb64cb0:   00007f71bcb64cf0 00007f71bf0db32e
0x00007f71bcb64cc0:   00007f71b8026f28 00000000c99c3400
0x00007f71bcb64cd0:   00007f71bd0b1e1a 00007f71b801b5d0
0x00007f71bcb64ce0:   00007f71bd0b1e81 00007f71bd0b1e1a
0x00007f71bcb64cf0:   00007f71bcb64d90 00007f71beed8c04
0x00007f71bcb64d00:   00007f71bd0b1e80 00007f71bd0b1e01
0x00007f71bcb64d10:   0000000000000200 0000000000000000
0x00007f71bcb64d20:   00000000cb8d57b0 00007f71bd0b2000
0x00007f71bcb64d30:   00000000c99d0008 00007f71bd0c16ac
0x00007f71bcb64d40:   00000000c99c3418 00007f71b8073bf0
0x00007f71bcb64d50:   00007f71bd0b1e1a 00007f71b801b300
0x00007f71bcb64d60:   0000000000000003 00007f71b8027f90
0x00007f71bcb64d70:   00007f71b8073bf0 00007f71bf4d58cd
0x00007f71bcb64d80:   00007f71b8025800 00007f71bf907502
0x00007f71bcb64d90:   00007f71bcb64dc0 00007f71bf358e7b
0x00007f71bcb64da0:   0000000000000004 00007f71896dd110
0x00007f71bcb64db0:   0000000000000001 00007f71b8027f90
0x00007f71bcb64dc0:   00007f71bcb64ed0 00007f71bf066f52
0x00007f71bcb64dd0:   00000000000003d8 00007f71b80265a8
0x00007f71bcb64de0:   00007f71b80261d0 00007f71bcb64e60
0x00007f71bcb64df0:   00007f71b8026190 00007f71b80261c0
0x00007f71bcb64e00:   00007f71bcb64e10 0000000000000000
0x00007f71bcb64e10:   0000000000000000 00007f71b8026f00 

Instructions: (pc=0x00007f71bf3557b3)
0x00007f71bf355793:   48 c1 ea 03 83 e2 0f e9 3d fe ff ff 90 8b 56 08
0x00007f71bf3557a3:   48 8d 35 36 5d 59 00 8b 4e 08 48 d3 e2 48 03 16
0x00007f71bf3557b3:   8b 4a 18 48 8d 7a 10 83 f9 00 0f 8f ed fd ff ff
0x00007f71bf3557c3:   0f 85 cf 02 00 00 0f 1f 80 00 00 00 00 48 8b 42 

Register to memory mapping:

RAX=0x0000000000000001 is an unknown value
RBX=0x00000000f7b77400 is an unknown value
RCX=0x0000000000000000 is an unknown value
RDX=0x0000000000000015 is an unknown value
RSP=0x00007f71bcb64c20 is an unknown value
RBP=0x00007f71bcb64c80 is an unknown value
RSI=0x00007f71bf8eb4e0: <offset 0xdcf4e0> in /usr/lib/jvm/java-7-openjdk-amd64/jre/lib/amd64/server/libjvm.so at 0x00007f71beb1c000
RDI=0x00007f71b8073bf0 is an unknown value
R8 =0x00007f71b8073c90 is an unknown value
R9 =0x00000000fcea19cd is an unknown value
R10=0x0000000000000000 is an unknown value
R11=0x000000000000003f is an unknown value
R12=0x00000000fcea19cc is an unknown value
R13=0x00000000f7b774a8 is an oop
com.android.dx.util.IntList 
 - klass: 'com/android/dx/util/IntList'
R14=0x00007f71b8073bf0 is an unknown value
R15=0x00007f71bf8eb4e0: <offset 0xdcf4e0> in /usr/lib/jvm/java-7-openjdk-amd64/jre/lib/amd64/server/libjvm.so at 0x00007f71beb1c000


Stack: [0x00007f71bca65000,0x00007f71bcb66000],  sp=0x00007f71bcb64c20,  free space=1023k
Native frames: (J=compiled Java code, j=interpreted, Vv=VM code, C=native code)
V  [libjvm.so+0x8397b3]
V  [libjvm.so+0x838f18]
V  [libjvm.so+0x3bcc04]
V  [libjvm.so+0x83ce7b]
V  [libjvm.so+0x54af52]
V  [libjvm.so+0x7cc682]


---------------  P R O C E S S  ---------------

Java Threads: ( => current thread )
  0x00007f71b81df000 JavaThread "pool-2-thread-4" [_thread_blocked, id=14313, stack(0x00007f717f277000,0x00007f717f378000)]
  0x00007f71b81de000 JavaThread "pool-2-thread-3" [_thread_blocked, id=14312, stack(0x00007f717f378000,0x00007f717f479000)]
  0x00007f71b81d2000 JavaThread "pool-2-thread-2" [_thread_blocked, id=14311, stack(0x00007f717f479000,0x00007f717f57a000)]
  0x00007f71b81d0000 JavaThread "pool-3-thread-1" [_thread_blocked, id=14310, stack(0x00007f717f57a000,0x00007f717f67b000)]
  0x00007f71b81cf800 JavaThread "pool-2-thread-1" [_thread_blocked, id=14309, stack(0x00007f717f67b000,0x00007f717f77c000)]
  0x00007f71b80ae800 JavaThread "Service Thread" daemon [_thread_blocked, id=14307, stack(0x00007f71ad0bb000,0x00007f71ad1bc000)]
  0x00007f71b80ac800 JavaThread "C2 CompilerThread1" daemon [_thread_blocked, id=14306, stack(0x00007f71ad1bc000,0x00007f71ad2bd000)]
  0x00007f71b80a9800 JavaThread "C2 CompilerThread0" daemon [_thread_blocked, id=14305, stack(0x00007f71b404c000,0x00007f71b414d000)]
  0x00007f71b80a7000 JavaThread "Signal Dispatcher" daemon [_thread_blocked, id=14304, stack(0x00007f71b414d000,0x00007f71b424e000)]
  0x00007f71b807c000 JavaThread "Finalizer" daemon [_thread_blocked, id=14303, stack(0x00007f71b424e000,0x00007f71b434f000)]
  0x00007f71b807a000 JavaThread "Reference Handler" daemon [_thread_blocked, id=14302, stack(0x00007f71b434f000,0x00007f71b4450000)]
  0x00007f71b800a800 JavaThread "main" [_thread_blocked, id=14296, stack(0x00007f71c0630000,0x00007f71c0731000)]

Other Threads:
  0x00007f71b8075800 VMThread [stack: 0x00007f71b4450000,0x00007f71b4551000] [id=14301]
  0x00007f71b80b9800 WatcherThread [stack: 0x00007f71acfba000,0x00007f71ad0bb000] [id=14308]

=>0x00007f71b8025800 (exited) GCTaskThread [stack: 0x00007f71bca65000,0x00007f71bcb66000] [id=14300]

VM state:at safepoint (normal execution)

VM Mutex/Monitor currently owned by a thread:  ([mutex/lock_event])
[0x00007f71b80069d0] Threads_lock - owner thread: 0x00007f71b8075800
[0x00007f71b8006ed0] Heap_lock - owner thread: 0x00007f71b81de000

Heap
 PSYoungGen      total 253952K, used 253925K [0x00000000eaa80000, 0x0000000100000000, 0x0000000100000000)
  eden space 158208K, 100% used [0x00000000eaa80000,0x00000000f4500000,0x00000000f4500000)
  from space 95744K, 99% used [0x00000000f4500000,0x00000000fa2797c0,0x00000000fa280000)
  to   space 95744K, 58% used [0x00000000fa280000,0x00000000fd8cc398,0x0000000100000000)
 ParOldGen       total 292352K, used 227942K [0x00000000c0000000, 0x00000000d1d80000, 0x00000000eaa80000)
  object space 292352K, 77% used [0x00000000c0000000,0x00000000cde99ba0,0x00000000d1d80000)
 PSPermGen       total 21504K, used 6390K [0x00000000b5a00000, 0x00000000b6f00000, 0x00000000c0000000)
  object space 21504K, 29% used [0x00000000b5a00000,0x00000000b603dbf0,0x00000000b6f00000)

Card table byte_map: [0x00007f71bd012000,0x00007f71bd266000] byte_map_base: 0x00007f71bca65000

Polling page: 0x00007f71c0759000

Code Cache  [0x00007f71b5000000, 0x00007f71b5450000, 0x00007f71b8000000)
 total_blobs=1390 nmethods=1159 adapters=184 free_code_cache=44839Kb largest_free_block=45831808

Compilation events (10 events):
Event: 27,839 Thread 0x00007f71b80ac800 nmethod 1212 0x00007f71b5371010 code [0x00007f71b5371180, 0x00007f71b5371478]
Event: 27,839 Thread 0x00007f71b80ac800 1214             java.lang.String::lastIndexOf (25 bytes)
Event: 27,854 Thread 0x00007f71b80ac800 nmethod 1214 0x00007f71b542a1d0 code [0x00007f71b542a340, 0x00007f71b542a6f8]
Event: 27,854 Thread 0x00007f71b80ac800 1215             sun.misc.VM::addFinalRefCount (24 bytes)
Event: 27,857 Thread 0x00007f71b80a9800 nmethod 1213 0x00007f71b5382210 code [0x00007f71b5382380, 0x00007f71b5382718]
Event: 27,857 Thread 0x00007f71b80a9800 1216             com.android.dx.util.LabeledList::removeLabel (10 bytes)
Event: 27,859 Thread 0x00007f71b80a9800 nmethod 1216 0x00007f71b5355850 code [0x00007f71b53559a0, 0x00007f71b5355a98]
Event: 27,859 Thread 0x00007f71b80a9800 1217             com.android.dx.cf.code.ByteCatchList::listFor (120 bytes)
Event: 27,866 Thread 0x00007f71b80ac800 nmethod 1215 0x00007f71b542ac50 code [0x00007f71b542ad80, 0x00007f71b542adf8]
Event: 27,866 Thread 0x00007f71b80ac800 1218             com.android.dx.ssa.SCCP::run (298 bytes)

GC Heap History (10 events):
Event: 22,215 GC heap after
Heap after GC invocations=11 (full 1):
 PSYoungGen      total 233472K, used 64403K [0x00000000eaa80000, 0x0000000100000000, 0x0000000100000000)
  eden space 167424K, 0% used [0x00000000eaa80000,0x00000000eaa80000,0x00000000f4e00000)
  from space 66048K, 97% used [0x00000000fbf80000,0x00000000ffe64dc0,0x0000000100000000)
  to   space 91136K, 0% used [0x00000000f4e00000,0x00000000f4e00000,0x00000000fa700000)
 ParOldGen       total 167424K, used 147009K [0x00000000c0000000, 0x00000000ca380000, 0x00000000eaa80000)
  object space 167424K, 87% used [0x00000000c0000000,0x00000000c8f906a8,0x00000000ca380000)
 PSPermGen       total 21504K, used 6356K [0x00000000b5a00000, 0x00000000b6f00000, 0x00000000c0000000)
  object space 21504K, 29% used [0x00000000b5a00000,0x00000000b6035250,0x00000000b6f00000)
}
Event: 22,215 GC heap before
{Heap before GC invocations=12 (full 2):
 PSYoungGen      total 233472K, used 64403K [0x00000000eaa80000, 0x0000000100000000, 0x0000000100000000)
  eden space 167424K, 0% used [0x00000000eaa80000,0x00000000eaa80000,0x00000000f4e00000)
  from space 66048K, 97% used [0x00000000fbf80000,0x00000000ffe64dc0,0x0000000100000000)
  to   space 91136K, 0% used [0x00000000f4e00000,0x00000000f4e00000,0x00000000fa700000)
 ParOldGen       total 167424K, used 147009K [0x00000000c0000000, 0x00000000ca380000, 0x00000000eaa80000)
  object space 167424K, 87% used [0x00000000c0000000,0x00000000c8f906a8,0x00000000ca380000)
 PSPermGen       total 21504K, used 6356K [0x00000000b5a00000, 0x00000000b6f00000, 0x00000000c0000000)
  object space 21504K, 29% used [0x00000000b5a00000,0x00000000b6035250,0x00000000b6f00000)
Event: 23,419 GC heap after
Heap after GC invocations=12 (full 2):
 PSYoungGen      total 233472K, used 37017K [0x00000000eaa80000, 0x0000000100000000, 0x0000000100000000)
  eden space 167424K, 0% used [0x00000000eaa80000,0x00000000eaa80000,0x00000000f4e00000)
  from space 66048K, 56% used [0x00000000fbf80000,0x00000000fe3a6580,0x0000000100000000)
  to   space 91136K, 0% used [0x00000000f4e00000,0x00000000f4e00000,0x00000000fa700000)
 ParOldGen       total 292352K, used 167088K [0x00000000c0000000, 0x00000000d1d80000, 0x00000000eaa80000)
  object space 292352K, 57% used [0x00000000c0000000,0x00000000ca32c240,0x00000000d1d80000)
 PSPermGen       total 21504K, used 6355K [0x00000000b5a00000, 0x00000000b6f00000, 0x00000000c0000000)
  object space 21504K, 29% used [0x00000000b5a00000,0x00000000b6034ed0,0x00000000b6f00000)
}
Event: 24,707 GC heap before
{Heap before GC invocations=13 (full 2):
 PSYoungGen      total 233472K, used 204441K [0x00000000eaa80000, 0x0000000100000000, 0x0000000100000000)
  eden space 167424K, 100% used [0x00000000eaa80000,0x00000000f4e00000,0x00000000f4e00000)
  from space 66048K, 56% used [0x00000000fbf80000,0x00000000fe3a6580,0x0000000100000000)
  to   space 91136K, 0% used [0x00000000f4e00000,0x00000000f4e00000,0x00000000fa700000)
 ParOldGen       total 292352K, used 167088K [0x00000000c0000000, 0x00000000d1d80000, 0x00000000eaa80000)
  object space 292352K, 57% used [0x00000000c0000000,0x00000000ca32c240,0x00000000d1d80000)
 PSPermGen       total 21504K, used 6368K [0x00000000b5a00000, 0x00000000b6f00000, 0x00000000c0000000)
  object space 21504K, 29% used [0x00000000b5a00000,0x00000000b60381f0,0x00000000b6f00000)
Event: 24,983 GC heap after
Heap after GC invocations=13 (full 2):
 PSYoungGen      total 258560K, used 44665K [0x00000000eaa80000, 0x0000000100000000, 0x0000000100000000)
  eden space 167424K, 0% used [0x00000000eaa80000,0x00000000eaa80000,0x00000000f4e00000)
  from space 91136K, 49% used [0x00000000f4e00000,0x00000000f799e610,0x00000000fa700000)
  to   space 88576K, 0% used [0x00000000fa980000,0x00000000fa980000,0x0000000100000000)
 ParOldGen       total 292352K, used 186837K [0x00000000c0000000, 0x00000000d1d80000, 0x00000000eaa80000)
  object space 292352K, 63% used [0x00000000c0000000,0x00000000cb675450,0x00000000d1d80000)
 PSPermGen       total 21504K, used 6368K [0x00000000b5a00000, 0x00000000b6f00000, 0x00000000c0000000)
  object space 21504K, 29% used [0x00000000b5a00000,0x00000000b60381f0,0x00000000b6f00000)
}
Event: 26,155 GC heap before
{Heap before GC invocations=14 (full 2):
 PSYoungGen      total 258560K, used 212089K [0x00000000eaa80000, 0x0000000100000000, 0x0000000100000000)
  eden space 167424K, 100% used [0x00000000eaa80000,0x00000000f4e00000,0x00000000f4e00000)
  from space 91136K, 49% used [0x00000000f4e00000,0x00000000f799e610,0x00000000fa700000)
  to   space 88576K, 0% used [0x00000000fa980000,0x00000000fa980000,0x0000000100000000)
 ParOldGen       total 292352K, used 186837K [0x00000000c0000000, 0x00000000d1d80000, 0x00000000eaa80000)
  object space 292352K, 63% used [0x00000000c0000000,0x00000000cb675450,0x00000000d1d80000)
 PSPermGen       total 21504K, used 6385K [0x00000000b5a00000, 0x00000000b6f00000, 0x00000000c0000000)
  object space 21504K, 29% used [0x00000000b5a00000,0x00000000b603c650,0x00000000b6f00000)
Event: 26,264 GC heap after
Heap after GC invocations=14 (full 2):
 PSYoungGen      total 246784K, used 71590K [0x00000000eaa80000, 0x0000000100000000, 0x0000000100000000)
  eden space 158208K, 0% used [0x00000000eaa80000,0x00000000eaa80000,0x00000000f4500000)
  from space 88576K, 80% used [0x00000000fa980000,0x00000000fef69b38,0x0000000100000000)
  to   space 95744K, 0% used [0x00000000f4500000,0x00000000f4500000,0x00000000fa280000)
 ParOldGen       total 292352K, used 186837K [0x00000000c0000000, 0x00000000d1d80000, 0x00000000eaa80000)
  object space 292352K, 63% used [0x00000000c0000000,0x00000000cb675450,0x00000000d1d80000)
 PSPermGen       total 21504K, used 6385K [0x00000000b5a00000, 0x00000000b6f00000, 0x00000000c0000000)
  object space 21504K, 29% used [0x00000000b5a00000,0x00000000b603c650,0x00000000b6f00000)
}
Event: 27,112 GC heap before
{Heap before GC invocations=15 (full 2):
 PSYoungGen      total 246784K, used 229798K [0x00000000eaa80000, 0x0000000100000000, 0x0000000100000000)
  eden space 158208K, 100% used [0x00000000eaa80000,0x00000000f4500000,0x00000000f4500000)
  from space 88576K, 80% used [0x00000000fa980000,0x00000000fef69b38,0x0000000100000000)
  to   space 95744K, 0% used [0x00000000f4500000,0x00000000f4500000,0x00000000fa280000)
 ParOldGen       total 292352K, used 186837K [0x00000000c0000000, 0x00000000d1d80000, 0x00000000eaa80000)
  object space 292352K, 63% used [0x00000000c0000000,0x00000000cb675450,0x00000000d1d80000)
 PSPermGen       total 21504K, used 6390K [0x00000000b5a00000, 0x00000000b6f00000, 0x00000000c0000000)
  object space 21504K, 29% used [0x00000000b5a00000,0x00000000b603d940,0x00000000b6f00000)
Event: 27,281 GC heap after
Heap after GC invocations=15 (full 2):
 PSYoungGen      total 253952K, used 95717K [0x00000000eaa80000, 0x0000000100000000, 0x0000000100000000)
  eden space 158208K, 0% used [0x00000000eaa80000,0x00000000eaa80000,0x00000000f4500000)
  from space 95744K, 99% used [0x00000000f4500000,0x00000000fa2797c0,0x00000000fa280000)
  to   space 95744K, 0% used [0x00000000fa280000,0x00000000fa280000,0x0000000100000000)
 ParOldGen       total 292352K, used 189269K [0x00000000c0000000, 0x00000000d1d80000, 0x00000000eaa80000)
  object space 292352K, 64% used [0x00000000c0000000,0x00000000cb8d57b0,0x00000000d1d80000)
 PSPermGen       total 21504K, used 6390K [0x00000000b5a00000, 0x00000000b6f00000, 0x00000000c0000000)
  object space 21504K, 29% used [0x00000000b5a00000,0x00000000b603d940,0x00000000b6f00000)
}
Event: 27,876 GC heap before
{Heap before GC invocations=16 (full 2):
 PSYoungGen      total 253952K, used 253925K [0x00000000eaa80000, 0x0000000100000000, 0x0000000100000000)
  eden space 158208K, 100% used [0x00000000eaa80000,0x00000000f4500000,0x00000000f4500000)
  from space 95744K, 99% used [0x00000000f4500000,0x00000000fa2797c0,0x00000000fa280000)
  to   space 95744K, 0% used [0x00000000fa280000,0x00000000fa280000,0x0000000100000000)
 ParOldGen       total 292352K, used 189269K [0x00000000c0000000, 0x00000000d1d80000, 0x00000000eaa80000)
  object space 292352K, 64% used [0x00000000c0000000,0x00000000cb8d57b0,0x00000000d1d80000)
 PSPermGen       total 21504K, used 6390K [0x00000000b5a00000, 0x00000000b6f00000, 0x00000000c0000000)
  object space 21504K, 29% used [0x00000000b5a00000,0x00000000b603dbf0,0x00000000b6f00000)

Deoptimization events (10 events):
Event: 20,109 Thread 0x00007f71b800a800 Uncommon trap: reason=class_check action=maybe_recompile pc=0x00007f71b52eb5f0 method=com.android.dx.ssa.SCCP.simulateBranch(Lcom/android/dx/ssa/SsaInsn;)V @ 145
Event: 20,109 Thread 0x00007f71b800a800 Uncommon trap: reason=unstable_if action=reinterpret pc=0x00007f71b52db6ec method=com.android.dx.ssa.SCCP.replaceBranches()V @ 14
Event: 20,560 Thread 0x00007f71b81d2000 Uncommon trap: reason=unstable_if action=reinterpret pc=0x00007f71b5354278 method=com.android.dx.ssa.PhiTypeResolver.resolveResultType(Lcom/android/dx/ssa/PhiInsn;)Z @ 64
Event: 20,807 Thread 0x00007f71b81d2000 Uncommon trap: reason=bimorphic action=maybe_recompile pc=0x00007f71b5374b04 method=com.android.dx.cf.code.BytecodeArray.parseInstruction(ILcom/android/dx/cf/code/BytecodeArray$Visitor;)I @ 1417
Event: 20,807 Thread 0x00007f71b81d2000 Uncommon trap: reason=bimorphic action=maybe_recompile pc=0x00007f71b5374b04 method=com.android.dx.cf.code.BytecodeArray.parseInstruction(ILcom/android/dx/cf/code/BytecodeArray$Visitor;)I @ 1417
Event: 21,160 Thread 0x00007f71b800a800 Uncommon trap: reason=unstable_if action=reinterpret pc=0x00007f71b52eb320 method=com.android.dx.ssa.SCCP.simulateBranch(Lcom/android/dx/ssa/SsaInsn;)V @ 548
Event: 21,929 Thread 0x00007f71b800a800 Uncommon trap: reason=unstable_if action=reinterpret pc=0x00007f71b530aae4 method=com.android.dx.ssa.SCCP.simulateStmt(Lcom/android/dx/ssa/SsaInsn;)V @ 435
Event: 24,376 Thread 0x00007f71b800a800 Uncommon trap: reason=class_check action=maybe_recompile pc=0x00007f71b51ca89c method=com.android.dx.ssa.SCCP.replaceConstants()V @ 182
Event: 26,839 Thread 0x00007f71b800a800 Uncommon trap: reason=null_check action=make_not_entrant pc=0x00007f71b540f6f8 method=com.android.dx.cf.direct.StdAttributeFactory.enclosingMethod(Lcom/android/dx/cf/direct/DirectClassFile;IILcom/android/dx/cf/iface/ParseObserver;)Lcom/android/dx/cf/iface
Event: 27,418 Thread 0x00007f71b81cf800 Uncommon trap: reason=class_check action=maybe_recompile pc=0x00007f71b51ca89c method=com.android.dx.ssa.SCCP.replaceConstants()V @ 182

Internal exceptions (10 events):
Event: 9,054 Thread 0x00007f71b81df000 Threw 0x00000000eb396b60 at /build/openjdk-7-2FOwCu/openjdk-7-7u95-2.6.4/build/openjdk/hotspot/src/share/vm/prims/jvm.cpp:1322
Event: 12,977 Thread 0x00007f71b800a800 Threw 0x00000000f0b00d48 at /build/openjdk-7-2FOwCu/openjdk-7-7u95-2.6.4/build/openjdk/hotspot/src/share/vm/prims/jvm.cpp:1322
Event: 18,341 Thread 0x00007f71b81de000 Implicit null exception at 0x00007f71b52d4bfc to 0x00007f71b52d4cf3
Event: 18,522 Thread 0x00007f71b81cf800 Implicit null exception at 0x00007f71b52e21ed to 0x00007f71b52e3885
Event: 18,543 Thread 0x00007f71b800a800 Threw 0x00000000f8128df0 at /build/openjdk-7-2FOwCu/openjdk-7-7u95-2.6.4/build/openjdk/hotspot/src/share/vm/prims/jvm.cpp:1322
Event: 19,070 Thread 0x00007f71b800a800 Threw 0x00000000ec573928 at /build/openjdk-7-2FOwCu/openjdk-7-7u95-2.6.4/build/openjdk/hotspot/src/share/vm/prims/jvm.cpp:1322
Event: 19,261 Thread 0x00007f71b800a800 Threw 0x00000000ee1b4348 at /build/openjdk-7-2FOwCu/openjdk-7-7u95-2.6.4/build/openjdk/hotspot/src/share/vm/prims/jvm.cpp:1322
Event: 19,625 Thread 0x00007f71b81de000 Implicit null exception at 0x00007f71b535f9d4 to 0x00007f71b5362a35
Event: 20,560 Thread 0x00007f71b81d2000 Implicit null exception at 0x00007f71b5353641 to 0x00007f71b535424c
Event: 26,839 Thread 0x00007f71b800a800 Implicit null exception at 0x00007f71b540e7a3 to 0x00007f71b540f6ed

Events (10 events):
Event: 27,112 Executing VM operation: ParallelGCFailedAllocation
Event: 27,281 Executing VM operation: ParallelGCFailedAllocation done
Event: 27,418 Thread 0x00007f71b81cf800 Uncommon trap: trap_request=0xffffffde fr.pc=0x00007f71b51ca89c
Event: 27,418 Thread 0x00007f71b81cf800 DEOPT PACKING pc=0x00007f71b51ca89c sp=0x00007f717f77a330
Event: 27,418 Thread 0x00007f71b81cf800 DEOPT UNPACKING pc=0x00007f71b5039445 sp=0x00007f717f77a2b0 mode 2
Event: 27,470 Thread 0x00007f71b80a9800 flushing nmethod 0x00007f71b52ead50
Event: 27,472 Thread 0x00007f71b80a9800 flushing nmethod 0x00007f71b530a610
Event: 27,540 Thread 0x00007f71b80a9800 flushing nmethod 0x00007f71b5352a10
Event: 27,542 Thread 0x00007f71b80a9800 flushing nmethod 0x00007f71b5370ed0
Event: 27,875 Executing VM operation: ParallelGCFailedAllocation


Dynamic libraries:
00400000-00401000 r-xp 00000000 08:02 2761158                            /usr/lib/jvm/java-7-openjdk-amd64/jre/bin/java
00600000-00601000 r--p 00000000 08:02 2761158                            /usr/lib/jvm/java-7-openjdk-amd64/jre/bin/java
00601000-00602000 rw-p 00001000 08:02 2761158                            /usr/lib/jvm/java-7-openjdk-amd64/jre/bin/java
00d5a000-00d7b000 rw-p 00000000 00:00 0                                  [heap]
b5a00000-b6f00000 rw-p 00000000 00:00 0 
b6f00000-c0000000 rw-p 00000000 00:00 0 
c0000000-d1d80000 rw-p 00000000 00:00 0 
d1d80000-eaa80000 rw-p 00000000 00:00 0 
eaa80000-100000000 rw-p 00000000 00:00 0 
7f7168000000-7f7168021000 rw-p 00000000 00:00 0 
7f7168021000-7f716c000000 ---p 00000000 00:00 0 
7f716c000000-7f716c02d000 rw-p 00000000 00:00 0 
7f716c02d000-7f7170000000 ---p 00000000 00:00 0 
7f7170000000-7f7170021000 rw-p 00000000 00:00 0 
7f7170021000-7f7174000000 ---p 00000000 00:00 0 
7f7174000000-7f7174030000 rw-p 00000000 00:00 0 
7f7174030000-7f7178000000 ---p 00000000 00:00 0 
7f7178000000-7f7178030000 rw-p 00000000 00:00 0 
7f7178030000-7f717c000000 ---p 00000000 00:00 0 
7f717f277000-7f717f27a000 ---p 00000000 00:00 0 
7f717f27a000-7f717f378000 rw-p 00000000 00:00 0                          [stack:14313]
7f717f378000-7f717f37b000 ---p 00000000 00:00 0 
7f717f37b000-7f717f479000 rw-p 00000000 00:00 0                          [stack:14312]
7f717f479000-7f717f47c000 ---p 00000000 00:00 0 
7f717f47c000-7f717f57a000 rw-p 00000000 00:00 0                          [stack:14311]
7f717f57a000-7f717f57d000 ---p 00000000 00:00 0 
7f717f57d000-7f717f67b000 rw-p 00000000 00:00 0                          [stack:14310]
7f717f67b000-7f717f67e000 ---p 00000000 00:00 0 
7f717f67e000-7f717f77c000 rw-p 00000000 00:00 0                          [stack:14309]
7f717f77c000-7f717f7b9000 r-xp 00000000 08:02 13447                      /lib/x86_64-linux-gnu/libpcre.so.3.13.1
7f717f7b9000-7f717f9b8000 ---p 0003d000 08:02 13447                      /lib/x86_64-linux-gnu/libpcre.so.3.13.1
7f717f9b8000-7f717f9b9000 r--p 0003c000 08:02 13447                      /lib/x86_64-linux-gnu/libpcre.so.3.13.1
7f717f9b9000-7f717f9ba000 rw-p 0003d000 08:02 13447                      /lib/x86_64-linux-gnu/libpcre.so.3.13.1
7f717f9ba000-7f717f9c1000 r-xp 00000000 08:02 21389                      /usr/lib/x86_64-linux-gnu/libffi.so.6.0.1
7f717f9c1000-7f717fbc0000 ---p 00007000 08:02 21389                      /usr/lib/x86_64-linux-gnu/libffi.so.6.0.1
7f717fbc0000-7f717fbc1000 r--p 00006000 08:02 21389                      /usr/lib/x86_64-linux-gnu/libffi.so.6.0.1
7f717fbc1000-7f717fbc2000 rw-p 00007000 08:02 21389                      /usr/lib/x86_64-linux-gnu/libffi.so.6.0.1
7f717fbc2000-7f717fbd9000 r-xp 00000000 08:02 3147                       /lib/x86_64-linux-gnu/libresolv-2.19.so
7f717fbd9000-7f717fdd9000 ---p 00017000 08:02 3147                       /lib/x86_64-linux-gnu/libresolv-2.19.so
7f717fdd9000-7f717fdda000 r--p 00017000 08:02 3147                       /lib/x86_64-linux-gnu/libresolv-2.19.so
7f717fdda000-7f717fddb000 rw-p 00018000 08:02 3147                       /lib/x86_64-linux-gnu/libresolv-2.19.so
7f717fddb000-7f717fddd000 rw-p 00000000 00:00 0 
7f717fddd000-7f717fdfd000 r-xp 00000000 08:02 13524                      /lib/x86_64-linux-gnu/libselinux.so.1
7f717fdfd000-7f717fffc000 ---p 00020000 08:02 13524                      /lib/x86_64-linux-gnu/libselinux.so.1
7f717fffc000-7f717fffd000 r--p 0001f000 08:02 13524                      /lib/x86_64-linux-gnu/libselinux.so.1
7f717fffd000-7f717fffe000 rw-p 00020000 08:02 13524                      /lib/x86_64-linux-gnu/libselinux.so.1
7f717fffe000-7f7180000000 rw-p 00000000 00:00 0 
7f7180000000-7f7180021000 rw-p 00000000 00:00 0 
7f7180021000-7f7184000000 ---p 00000000 00:00 0 
7f7184000000-7f7184021000 rw-p 00000000 00:00 0 
7f7184021000-7f7188000000 ---p 00000000 00:00 0 
7f7188000000-7f718a4f3000 rw-p 00000000 00:00 0 
7f718a4f3000-7f718c000000 ---p 00000000 00:00 0 
7f718c000000-7f718e191000 rw-p 00000000 00:00 0 
7f718e191000-7f7190000000 ---p 00000000 00:00 0 
7f7190000000-7f7190021000 rw-p 00000000 00:00 0 
7f7190021000-7f7194000000 ---p 00000000 00:00 0 
7f7194000000-7f7194021000 rw-p 00000000 00:00 0 
7f7194021000-7f7198000000 ---p 00000000 00:00 0 
7f7198000000-7f7198022000 rw-p 00000000 00:00 0 
7f7198022000-7f719c000000 ---p 00000000 00:00 0 
7f719c000000-7f719c021000 rw-p 00000000 00:00 0 
7f719c021000-7f71a0000000 ---p 00000000 00:00 0 
7f71a0000000-7f71a0021000 rw-p 00000000 00:00 0 
7f71a0021000-7f71a4000000 ---p 00000000 00:00 0 
7f71a4000000-7f71a4021000 rw-p 00000000 00:00 0 
7f71a4021000-7f71a8000000 ---p 00000000 00:00 0 
7f71a8000000-7f71a8021000 rw-p 00000000 00:00 0 
7f71a8021000-7f71ac000000 ---p 00000000 00:00 0 
7f71ac004000-7f71ac035000 rw-p 00000000 00:00 0 
7f71ac035000-7f71ac038000 r-xp 00000000 08:02 28550                      /usr/lib/x86_64-linux-gnu/libgmodule-2.0.so.0.4002.0
7f71ac038000-7f71ac237000 ---p 00003000 08:02 28550                      /usr/lib/x86_64-linux-gnu/libgmodule-2.0.so.0.4002.0
7f71ac237000-7f71ac238000 r--p 00002000 08:02 28550                      /usr/lib/x86_64-linux-gnu/libgmodule-2.0.so.0.4002.0
7f71ac238000-7f71ac239000 rw-p 00003000 08:02 28550                      /usr/lib/x86_64-linux-gnu/libgmodule-2.0.so.0.4002.0
7f71ac239000-7f71ac33f000 r-xp 00000000 08:02 13425                      /lib/x86_64-linux-gnu/libglib-2.0.so.0.4002.0
7f71ac33f000-7f71ac53e000 ---p 00106000 08:02 13425                      /lib/x86_64-linux-gnu/libglib-2.0.so.0.4002.0
7f71ac53e000-7f71ac53f000 r--p 00105000 08:02 13425                      /lib/x86_64-linux-gnu/libglib-2.0.so.0.4002.0
7f71ac53f000-7f71ac540000 rw-p 00106000 08:02 13425                      /lib/x86_64-linux-gnu/libglib-2.0.so.0.4002.0
7f71ac540000-7f71ac541000 rw-p 00000000 00:00 0 
7f71ac541000-7f71ac590000 r-xp 00000000 08:02 28566                      /usr/lib/x86_64-linux-gnu/libgobject-2.0.so.0.4002.0
7f71ac590000-7f71ac790000 ---p 0004f000 08:02 28566                      /usr/lib/x86_64-linux-gnu/libgobject-2.0.so.0.4002.0
7f71ac790000-7f71ac791000 r--p 0004f000 08:02 28566                      /usr/lib/x86_64-linux-gnu/libgobject-2.0.so.0.4002.0
7f71ac791000-7f71ac792000 rw-p 00050000 08:02 28566                      /usr/lib/x86_64-linux-gnu/libgobject-2.0.so.0.4002.0
7f71ac792000-7f71ac8fe000 r-xp 00000000 08:02 28538                      /usr/lib/x86_64-linux-gnu/libgio-2.0.so.0.4002.0
7f71ac8fe000-7f71acafd000 ---p 0016c000 08:02 28538                      /usr/lib/x86_64-linux-gnu/libgio-2.0.so.0.4002.0
7f71acafd000-7f71acb01000 r--p 0016b000 08:02 28538                      /usr/lib/x86_64-linux-gnu/libgio-2.0.so.0.4002.0
7f71acb01000-7f71acb03000 rw-p 0016f000 08:02 28538                      /usr/lib/x86_64-linux-gnu/libgio-2.0.so.0.4002.0
7f71acb03000-7f71acb05000 rw-p 00000000 00:00 0 
7f71acb05000-7f71acb1c000 r-xp 00000000 08:02 2625929                    /usr/lib/jvm/java-7-openjdk-amd64/jre/lib/amd64/libnet.so
7f71acb1c000-7f71acd1b000 ---p 00017000 08:02 2625929                    /usr/lib/jvm/java-7-openjdk-amd64/jre/lib/amd64/libnet.so
7f71acd1b000-7f71acd1c000 r--p 00016000 08:02 2625929                    /usr/lib/jvm/java-7-openjdk-amd64/jre/lib/amd64/libnet.so
7f71acd1c000-7f71acd1d000 rw-p 00017000 08:02 2625929                    /usr/lib/jvm/java-7-openjdk-amd64/jre/lib/amd64/libnet.so
7f71acd1d000-7f71acd2d000 r-xp 00000000 08:02 2625910                    /usr/lib/jvm/java-7-openjdk-amd64/jre/lib/amd64/libnio.so
7f71acd2d000-7f71acf2d000 ---p 00010000 08:02 2625910                    /usr/lib/jvm/java-7-openjdk-amd64/jre/lib/amd64/libnio.so
7f71acf2d000-7f71acf2e000 r--p 00010000 08:02 2625910                    /usr/lib/jvm/java-7-openjdk-amd64/jre/lib/amd64/libnio.so
7f71acf2e000-7f71acf2f000 rw-p 00011000 08:02 2625910                    /usr/lib/jvm/java-7-openjdk-amd64/jre/lib/amd64/libnio.so
7f71acf2f000-7f71acfba000 r--s 0073a000 08:02 1970773                    /home/ivan/workspace/Champy_v2/app/build/intermediates/transforms/jarMerging/debug/jars/1/1f/combined.jar
7f71acfba000-7f71acfbb000 ---p 00000000 00:00 0 
7f71acfbb000-7f71ad0bb000 rw-p 00000000 00:00 0                          [stack:14308]
7f71ad0bb000-7f71ad0be000 ---p 00000000 00:00 0 
7f71ad0be000-7f71ad1bc000 rw-p 00000000 00:00 0                          [stack:14307]
7f71ad1bc000-7f71ad1bf000 ---p 00000000 00:00 0 
7f71ad1bf000-7f71ad2bd000 rw-p 00000000 00:00 0                          [stack:14306]
7f71ad2bd000-7f71adad0000 r--p 00000000 08:02 27195                      /usr/lib/locale/locale-archive
7f71adad0000-7f71b0000000 rw-p 00000000 00:00 0 
7f71b0000000-7f71b0021000 rw-p 00000000 00:00 0 
7f71b0021000-7f71b4000000 ---p 00000000 00:00 0 
7f71b404c000-7f71b404f000 ---p 00000000 00:00 0 
7f71b404f000-7f71b414d000 rw-p 00000000 00:00 0                          [stack:14305]
7f71b414d000-7f71b4150000 ---p 00000000 00:00 0 
7f71b4150000-7f71b424e000 rw-p 00000000 00:00 0                          [stack:14304]
7f71b424e000-7f71b4251000 ---p 00000000 00:00 0 
7f71b4251000-7f71b434f000 rw-p 00000000 00:00 0                          [stack:14303]
7f71b434f000-7f71b4352000 ---p 00000000 00:00 0 
7f71b4352000-7f71b4450000 rw-p 00000000 00:00 0                          [stack:14302]
7f71b4450000-7f71b4451000 ---p 00000000 00:00 0 
7f71b4451000-7f71b5000000 rw-p 00000000 00:00 0                          [stack:14301]
7f71b5000000-7f71b5450000 rwxp 00000000 00:00 0 
7f71b5450000-7f71b82a1000 rw-p 00000000 00:00 0 
7f71b82a1000-7f71bc000000 ---p 00000000 00:00 0 
7f71bc00a000-7f71bc019000 r--s 000df000 08:02 1575371                    /home/ivan/Android/Sdk/build-tools/23.0.1/lib/dx.jar
7f71bc019000-7f71bc567000 rw-p 00000000 00:00 0 
7f71bc567000-7f71bc719000 r--s 01d2f000 08:02 2625893                    /usr/lib/jvm/java-7-openjdk-amd64/jre/lib/rt.jar
7f71bc719000-7f71bca65000 rw-p 00000000 00:00 0 
7f71bca65000-7f71bca66000 ---p 00000000 00:00 0 
7f71bca66000-7f71bcb66000 rw-p 00000000 00:00 0                          [stack:14300]
7f71bcb66000-7f71bcb67000 ---p 00000000 00:00 0 
7f71bcb67000-7f71bcc67000 rw-p 00000000 00:00 0                          [stack:14299]
7f71bcc67000-7f71bcc68000 ---p 00000000 00:00 0 
7f71bcc68000-7f71bcd68000 rw-p 00000000 00:00 0                          [stack:14298]
7f71bcd68000-7f71bcd69000 ---p 00000000 00:00 0 
7f71bcd69000-7f71bce74000 rw-p 00000000 00:00 0                          [stack:14297]
7f71bce74000-7f71bcebc000 rw-p 00000000 00:00 0 
7f71bcebc000-7f71bcf4b000 rw-p 00000000 00:00 0 
7f71bcf4b000-7f71bd012000 rw-p 00000000 00:00 0 
7f71bd012000-7f71bd01d000 rw-p 00000000 00:00 0 
7f71bd01d000-7f71bd065000 rw-p 00000000 00:00 0 
7f71bd065000-7f71bd0f4000 rw-p 00000000 00:00 0 
7f71bd0f4000-7f71bd1ba000 rw-p 00000000 00:00 0 
7f71bd1ba000-7f71bd265000 rw-p 00000000 00:00 0 
7f71bd265000-7f71bd266000 rw-p 00000000 00:00 0 
7f71bd266000-7f71bd26e000 r-xp 00000000 08:02 2625902                    /usr/lib/jvm/java-7-openjdk-amd64/jre/lib/amd64/libzip.so
7f71bd26e000-7f71bd46d000 ---p 00008000 08:02 2625902                    /usr/lib/jvm/java-7-openjdk-amd64/jre/lib/amd64/libzip.so
7f71bd46d000-7f71bd46e000 r--p 00007000 08:02 2625902                    /usr/lib/jvm/java-7-openjdk-amd64/jre/lib/amd64/libzip.so
7f71bd46e000-7f71bd46f000 rw-p 00008000 08:02 2625902                    /usr/lib/jvm/java-7-openjdk-amd64/jre/lib/amd64/libzip.so
7f71bd46f000-7f71bd47a000 r-xp 00000000 08:02 3187                       /lib/x86_64-linux-gnu/libnss_files-2.19.so
7f71bd47a000-7f71bd679000 ---p 0000b000 08:02 3187                       /lib/x86_64-linux-gnu/libnss_files-2.19.so
7f71bd679000-7f71bd67a000 r--p 0000a000 08:02 3187                       /lib/x86_64-linux-gnu/libnss_files-2.19.so
7f71bd67a000-7f71bd67b000 rw-p 0000b000 08:02 3187                       /lib/x86_64-linux-gnu/libnss_files-2.19.so
7f71bd67b000-7f71bd686000 r-xp 00000000 08:02 3171                       /lib/x86_64-linux-gnu/libnss_nis-2.19.so
7f71bd686000-7f71bd885000 ---p 0000b000 08:02 3171                       /lib/x86_64-linux-gnu/libnss_nis-2.19.so
7f71bd885000-7f71bd886000 r--p 0000a000 08:02 3171                       /lib/x86_64-linux-gnu/libnss_nis-2.19.so
7f71bd886000-7f71bd887000 rw-p 0000b000 08:02 3171                       /lib/x86_64-linux-gnu/libnss_nis-2.19.so
7f71bd887000-7f71bd89e000 r-xp 00000000 08:02 3163                       /lib/x86_64-linux-gnu/libnsl-2.19.so
7f71bd89e000-7f71bda9d000 ---p 00017000 08:02 3163                       /lib/x86_64-linux-gnu/libnsl-2.19.so
7f71bda9d000-7f71bda9e000 r--p 00016000 08:02 3163                       /lib/x86_64-linux-gnu/libnsl-2.19.so
7f71bda9e000-7f71bda9f000 rw-p 00017000 08:02 3163                       /lib/x86_64-linux-gnu/libnsl-2.19.so
7f71bda9f000-7f71bdaa1000 rw-p 00000000 00:00 0 
7f71bdaa1000-7f71bdaaa000 r-xp 00000000 08:02 3161                       /lib/x86_64-linux-gnu/libnss_compat-2.19.so
7f71bdaaa000-7f71bdca9000 ---p 00009000 08:02 3161                       /lib/x86_64-linux-gnu/libnss_compat-2.19.so
7f71bdca9000-7f71bdcaa000 r--p 00008000 08:02 3161                       /lib/x86_64-linux-gnu/libnss_compat-2.19.so
7f71bdcaa000-7f71bdcab000 rw-p 00009000 08:02 3161                       /lib/x86_64-linux-gnu/libnss_compat-2.19.so
7f71bdcab000-7f71bdcd6000 r-xp 00000000 08:02 2625925                    /usr/lib/jvm/java-7-openjdk-amd64/jre/lib/amd64/libjava.so
7f71bdcd6000-7f71bded6000 ---p 0002b000 08:02 2625925                    /usr/lib/jvm/java-7-openjdk-amd64/jre/lib/amd64/libjava.so
7f71bded6000-7f71bded7000 r--p 0002b000 08:02 2625925                    /usr/lib/jvm/java-7-openjdk-amd64/jre/lib/amd64/libjava.so
7f71bded7000-7f71bded9000 rw-p 0002c000 08:02 2625925                    /usr/lib/jvm/java-7-openjdk-amd64/jre/lib/amd64/libjava.so
7f71bded9000-7f71bdee9000 r-xp 00000000 08:02 2625907                    /usr/lib/jvm/java-7-openjdk-amd64/jre/lib/amd64/libverify.so
7f71bdee9000-7f71be0e8000 ---p 00010000 08:02 2625907                    /usr/lib/jvm/java-7-openjdk-amd64/jre/lib/amd64/libverify.so
7f71be0e8000-7f71be0ea000 r--p 0000f000 08:02 2625907                    /usr/lib/jvm/java-7-openjdk-amd64/jre/lib/amd64/libverify.so
7f71be0ea000-7f71be0eb000 rw-p 00011000 08:02 2625907                    /usr/lib/jvm/java-7-openjdk-amd64/jre/lib/amd64/libverify.so
7f71be0eb000-7f71be0f2000 r-xp 00000000 08:02 3179                       /lib/x86_64-linux-gnu/librt-2.19.so
7f71be0f2000-7f71be2f1000 ---p 00007000 08:02 3179                       /lib/x86_64-linux-gnu/librt-2.19.so
7f71be2f1000-7f71be2f2000 r--p 00006000 08:02 3179                       /lib/x86_64-linux-gnu/librt-2.19.so
7f71be2f2000-7f71be2f3000 rw-p 00007000 08:02 3179                       /lib/x86_64-linux-gnu/librt-2.19.so
7f71be2f3000-7f71be309000 r-xp 00000000 08:02 3455                       /lib/x86_64-linux-gnu/libgcc_s.so.1
7f71be309000-7f71be508000 ---p 00016000 08:02 3455                       /lib/x86_64-linux-gnu/libgcc_s.so.1
7f71be508000-7f71be509000 r--p 00015000 08:02 3455                       /lib/x86_64-linux-gnu/libgcc_s.so.1
7f71be509000-7f71be50a000 rw-p 00016000 08:02 3455                       /lib/x86_64-linux-gnu/libgcc_s.so.1
7f71be50a000-7f71be60f000 r-xp 00000000 08:02 3151                       /lib/x86_64-linux-gnu/libm-2.19.so
7f71be60f000-7f71be80e000 ---p 00105000 08:02 3151                       /lib/x86_64-linux-gnu/libm-2.19.so
7f71be80e000-7f71be80f000 r--p 00104000 08:02 3151                       /lib/x86_64-linux-gnu/libm-2.19.so
7f71be80f000-7f71be810000 rw-p 00105000 08:02 3151                       /lib/x86_64-linux-gnu/libm-2.19.so
7f71be810000-7f71be8fd000 r-xp 00000000 08:02 9486                       /usr/lib/x86_64-linux-gnu/libstdc++.so.6.0.20
7f71be8fd000-7f71beafd000 ---p 000ed000 08:02 9486                       /usr/lib/x86_64-linux-gnu/libstdc++.so.6.0.20
7f71beafd000-7f71beb05000 r--p 000ed000 08:02 9486                       /usr/lib/x86_64-linux-gnu/libstdc++.so.6.0.20
7f71beb05000-7f71beb07000 rw-p 000f5000 08:02 9486                       /usr/lib/x86_64-linux-gnu/libstdc++.so.6.0.20
7f71beb07000-7f71beb1c000 rw-p 00000000 00:00 0 
7f71beb1c000-7f71bf641000 r-xp 00000000 08:02 2625903                    /usr/lib/jvm/java-7-openjdk-amd64/jre/lib/amd64/server/libjvm.so
7f71bf641000-7f71bf841000 ---p 00b25000 08:02 2625903                    /usr/lib/jvm/java-7-openjdk-amd64/jre/lib/amd64/server/libjvm.so
7f71bf841000-7f71bf8db000 r--p 00b25000 08:02 2625903                    /usr/lib/jvm/java-7-openjdk-amd64/jre/lib/amd64/server/libjvm.so
7f71bf8db000-7f71bf8fe000 rw-p 00bbf000 08:02 2625903                    /usr/lib/jvm/java-7-openjdk-amd64/jre/lib/amd64/server/libjvm.so
7f71bf8fe000-7f71bf92c000 rw-p 00000000 00:00 0 
7f71bf92c000-7f71bf944000 r-xp 00000000 08:02 13550                      /lib/x86_64-linux-gnu/libz.so.1.2.8
7f71bf944000-7f71bfb43000 ---p 00018000 08:02 13550                      /lib/x86_64-linux-gnu/libz.so.1.2.8
7f71bfb43000-7f71bfb44000 r--p 00017000 08:02 13550                      /lib/x86_64-linux-gnu/libz.so.1.2.8
7f71bfb44000-7f71bfb45000 rw-p 00018000 08:02 13550                      /lib/x86_64-linux-gnu/libz.so.1.2.8
7f71bfb45000-7f71bfb5e000 r-xp 00000000 08:02 3165                       /lib/x86_64-linux-gnu/libpthread-2.19.so
7f71bfb5e000-7f71bfd5d000 ---p 00019000 08:02 3165                       /lib/x86_64-linux-gnu/libpthread-2.19.so
7f71bfd5d000-7f71bfd5e000 r--p 00018000 08:02 3165                       /lib/x86_64-linux-gnu/libpthread-2.19.so
7f71bfd5e000-7f71bfd5f000 rw-p 00019000 08:02 3165                       /lib/x86_64-linux-gnu/libpthread-2.19.so
7f71bfd5f000-7f71bfd63000 rw-p 00000000 00:00 0 
7f71bfd63000-7f71bfd66000 r-xp 00000000 08:02 3155                       /lib/x86_64-linux-gnu/libdl-2.19.so
7f71bfd66000-7f71bff65000 ---p 00003000 08:02 3155                       /lib/x86_64-linux-gnu/libdl-2.19.so
7f71bff65000-7f71bff66000 r--p 00002000 08:02 3155                       /lib/x86_64-linux-gnu/libdl-2.19.so
7f71bff66000-7f71bff67000 rw-p 00003000 08:02 3155                       /lib/x86_64-linux-gnu/libdl-2.19.so
7f71bff67000-7f71c0122000 r-xp 00000000 08:02 3181                       /lib/x86_64-linux-gnu/libc-2.19.so
7f71c0122000-7f71c0321000 ---p 001bb000 08:02 3181                       /lib/x86_64-linux-gnu/libc-2.19.so
7f71c0321000-7f71c0325000 r--p 001ba000 08:02 3181                       /lib/x86_64-linux-gnu/libc-2.19.so
7f71c0325000-7f71c0327000 rw-p 001be000 08:02 3181                       /lib/x86_64-linux-gnu/libc-2.19.so
7f71c0327000-7f71c032c000 rw-p 00000000 00:00 0 
7f71c032c000-7f71c0339000 r-xp 00000000 08:02 2625897                    /usr/lib/jvm/java-7-openjdk-amd64/jre/lib/amd64/jli/libjli.so
7f71c0339000-7f71c0538000 ---p 0000d000 08:02 2625897                    /usr/lib/jvm/java-7-openjdk-amd64/jre/lib/amd64/jli/libjli.so
7f71c0538000-7f71c0539000 r--p 0000c000 08:02 2625897                    /usr/lib/jvm/java-7-openjdk-amd64/jre/lib/amd64/jli/libjli.so
7f71c0539000-7f71c053a000 rw-p 0000d000 08:02 2625897                    /usr/lib/jvm/java-7-openjdk-amd64/jre/lib/amd64/jli/libjli.so
7f71c053a000-7f71c055d000 r-xp 00000000 08:02 3167                       /lib/x86_64-linux-gnu/ld-2.19.so
7f71c055d000-7f71c055e000 rw-p 00000000 00:00 0 
7f71c055e000-7f71c0562000 r--s 00034000 08:02 2625935                    /usr/lib/jvm/java-7-openjdk-amd64/jre/lib/ext/sunjce_provider.jar
7f71c0562000-7f71c0564000 r--s 00012000 08:02 2625936                    /usr/lib/jvm/java-7-openjdk-amd64/jre/lib/ext/zipfs.jar
7f71c0564000-7f71c0565000 r--s 00002000 08:02 2625938                    /usr/lib/jvm/java-7-openjdk-amd64/jre/lib/ext/dnsns.jar
7f71c0565000-7f71c0568000 r--s 0000f000 08:02 2625939                    /usr/lib/jvm/java-7-openjdk-amd64/jre/lib/ext/icedtea-sound.jar
7f71c0568000-7f71c056c000 r--s 0003c000 08:02 2625937                    /usr/lib/jvm/java-7-openjdk-amd64/jre/lib/ext/sunpkcs11.jar
7f71c056c000-7f71c0570000 r--s 00085000 08:02 2625934                    /usr/lib/jvm/java-7-openjdk-amd64/jre/lib/ext/localedata.jar
7f71c0570000-7f71c0582000 rw-p 00000000 00:00 0 
7f71c0582000-7f71c0630000 rw-p 00000000 00:00 0 
7f71c0630000-7f71c0633000 ---p 00000000 00:00 0 
7f71c0633000-7f71c0736000 rw-p 00000000 00:00 0                          [stack:14296]
7f71c0736000-7f71c0738000 r--s 00006000 08:02 5674                       /usr/share/java/java-atk-wrapper.jar
7f71c0738000-7f71c0750000 rw-p 00000000 00:00 0 
7f71c0750000-7f71c0758000 rw-s 00000000 08:02 1313423                    /tmp/hsperfdata_ivan/14291
7f71c0758000-7f71c0759000 rw-p 00000000 00:00 0 
7f71c0759000-7f71c075a000 ---p 00000000 00:00 0 
7f71c075a000-7f71c075c000 rw-p 00000000 00:00 0 
7f71c075c000-7f71c075d000 r--p 00022000 08:02 3167                       /lib/x86_64-linux-gnu/ld-2.19.so
7f71c075d000-7f71c075e000 rw-p 00023000 08:02 3167                       /lib/x86_64-linux-gnu/ld-2.19.so
7f71c075e000-7f71c075f000 rw-p 00000000 00:00 0 
7ffc6f421000-7ffc6f442000 rw-p 00000000 00:00 0                          [stack]
7ffc6f463000-7ffc6f465000 r-xp 00000000 00:00 0                          [vdso]
7ffc6f465000-7ffc6f467000 r--p 00000000 00:00 0                          [vvar]
ffffffffff600000-ffffffffff601000 r-xp 00000000 00:00 0                  [vsyscall]

VM Arguments:
jvm_args: -Djava.awt.headless=true -Xmx1024M -Dfile.encoding=UTF-8 -Duser.country=UA -Duser.language=ru -Duser.variant 
java_command: com.android.dx.command.Main --dex --num-threads=4 --multi-dex --main-dex-list /home/ivan/workspace/Champy_v2/app/build/intermediates/multi-dex/debug/maindexlist.txt --output /home/ivan/workspace/Champy_v2/app/build/intermediates/transforms/dex/debug/folders/1000/1f/main /home/ivan/workspace/Champy_v2/app/build/intermediates/transforms/jarMerging/debug/jars/1/1f/combined.jar
Launcher Type: SUN_STANDARD

Environment Variables:
JAVA_HOME=/usr/lib/jvm/java-8-oracle
PATH=/usr/local/sbin:/usr/local/bin:/usr/sbin:/usr/bin:/sbin:/bin:/usr/games:/usr/local/games:/usr/lib/jvm/java-8-oracle/bin:/usr/lib/jvm/java-8-oracle/db/bin:/usr/lib/jvm/java-8-oracle/jre/bin
SHELL=/bin/bash
DISPLAY=:0

Signal Handlers:
SIGSEGV: [libjvm.so+0x955bc0], sa_mask[0]=0x7ffbfeff, sa_flags=0x10000004
SIGBUS: [libjvm.so+0x955bc0], sa_mask[0]=0x7ffbfeff, sa_flags=0x10000004
SIGFPE: [libjvm.so+0x7caff0], sa_mask[0]=0x7ffbfeff, sa_flags=0x10000004
SIGPIPE: [libjvm.so+0x7caff0], sa_mask[0]=0x7ffbfeff, sa_flags=0x10000004
SIGXFSZ: [libjvm.so+0x7caff0], sa_mask[0]=0x7ffbfeff, sa_flags=0x10000004
SIGILL: [libjvm.so+0x7caff0], sa_mask[0]=0x7ffbfeff, sa_flags=0x10000004
SIGUSR1: SIG_DFL, sa_mask[0]=0x00000000, sa_flags=0x00000000
SIGUSR2: [libjvm.so+0x7cae90], sa_mask[0]=0x00000004, sa_flags=0x10000004
SIGHUP: [libjvm.so+0x7cb070], sa_mask[0]=0x7ffbfeff, sa_flags=0x10000004
SIGINT: [libjvm.so+0x7cb070], sa_mask[0]=0x7ffbfeff, sa_flags=0x10000004
SIGTERM: [libjvm.so+0x7cb070], sa_mask[0]=0x7ffbfeff, sa_flags=0x10000004
SIGQUIT: [libjvm.so+0x7cb070], sa_mask[0]=0x7ffbfeff, sa_flags=0x10000004
SIGTRAP: SIG_DFL, sa_mask[0]=0x00000000, sa_flags=0x00000000


---------------  S Y S T E M  ---------------

OS:Ubuntu 14.04 (trusty)
uname:Linux 3.16.0-67-generic #87~14.04.1-Ubuntu SMP Fri Mar 11 00:26:02 UTC 2016 x86_64
libc:glibc 2.19 NPTL 2.19 
rlimit: STACK 8192k, CORE 0k, NPROC 30684, NOFILE 4096, AS infinity
load average:4,32 2,48 1,70

/proc/meminfo:
MemTotal:        8059688 kB
MemFree:          317020 kB
MemAvailable:    2989492 kB
Buffers:          651440 kB
Cached:          2179192 kB
SwapCached:            0 kB
Active:          5080432 kB
Inactive:        2033448 kB
Active(anon):    3748972 kB
Inactive(anon):   815312 kB
Active(file):    1331460 kB
Inactive(file):  1218136 kB
Unevictable:          72 kB
Mlocked:              72 kB
SwapTotal:       4075516 kB
SwapFree:        4075196 kB
Dirty:              2604 kB
Writeback:             0 kB
AnonPages:       4283424 kB
Mapped:           766776 kB
Shmem:            281036 kB
Slab:             419200 kB
SReclaimable:     376280 kB
SUnreclaim:        42920 kB
KernelStack:       11952 kB
PageTables:        57668 kB
NFS_Unstable:          0 kB
Bounce:                0 kB
WritebackTmp:          0 kB
CommitLimit:     8105360 kB
Committed_AS:   10704920 kB
VmallocTotal:   34359738367 kB
VmallocUsed:      391924 kB
VmallocChunk:   34359324156 kB
HardwareCorrupted:     0 kB
AnonHugePages:   2072576 kB
HugePages_Total:       0
HugePages_Free:        0
HugePages_Rsvd:        0
HugePages_Surp:        0
Hugepagesize:       2048 kB
DirectMap4k:      253892 kB
DirectMap2M:     8017920 kB


CPU:total 4 (2 cores per cpu, 2 threads per core) family 6 model 58 stepping 9, cmov, cx8, fxsr, mmx, sse, sse2, sse3, ssse3, sse4.1, sse4.2, popcnt, avx, erms, ht, tsc, tscinvbit, tscinv

/proc/cpuinfo:
processor	: 0
vendor_id	: GenuineIntel
cpu family	: 6
model		: 58
model name	: Intel(R) Core(TM) i3-3217U CPU @ 1.80GHz
stepping	: 9
microcode	: 0x15
cpu MHz		: 1800.000
cache size	: 3072 KB
physical id	: 0
siblings	: 4
core id		: 0
cpu cores	: 2
apicid		: 0
initial apicid	: 0
fpu		: yes
fpu_exception	: yes
cpuid level	: 13
wp		: yes
flags		: fpu vme de pse tsc msr pae mce cx8 apic sep mtrr pge mca cmov pat pse36 clflush dts acpi mmx fxsr sse sse2 ss ht tm pbe syscall nx rdtscp lm constant_tsc arch_perfmon pebs bts rep_good nopl xtopology nonstop_tsc aperfmperf eagerfpu pni pclmulqdq dtes64 monitor ds_cpl vmx est tm2 ssse3 cx16 xtpr pdcm pcid sse4_1 sse4_2 x2apic popcnt tsc_deadline_timer xsave avx f16c lahf_lm ida arat epb xsaveopt pln pts dtherm tpr_shadow vnmi flexpriority ept vpid fsgsbase smep erms
bogomips	: 3592.02
clflush size	: 64
cache_alignment	: 64
address sizes	: 36 bits physical, 48 bits virtual
power management:

processor	: 1
vendor_id	: GenuineIntel
cpu family	: 6
model		: 58
model name	: Intel(R) Core(TM) i3-3217U CPU @ 1.80GHz
stepping	: 9
microcode	: 0x15
cpu MHz		: 1800.000
cache size	: 3072 KB
physical id	: 0
siblings	: 4
core id		: 1
cpu cores	: 2
apicid		: 2
initial apicid	: 2
fpu		: yes
fpu_exception	: yes
cpuid level	: 13
wp		: yes
flags		: fpu vme de pse tsc msr pae mce cx8 apic sep mtrr pge mca cmov pat pse36 clflush dts acpi mmx fxsr sse sse2 ss ht tm pbe syscall nx rdtscp lm constant_tsc arch_perfmon pebs bts rep_good nopl xtopology nonstop_tsc aperfmperf eagerfpu pni pclmulqdq dtes64 monitor ds_cpl vmx est tm2 ssse3 cx16 xtpr pdcm pcid sse4_1 sse4_2 x2apic popcnt tsc_deadline_timer xsave avx f16c lahf_lm ida arat epb xsaveopt pln pts dtherm tpr_shadow vnmi flexpriority ept vpid fsgsbase smep erms
bogomips	: 3592.02
clflush size	: 64
cache_alignment	: 64
address sizes	: 36 bits physical, 48 bits virtual
power management:

processor	: 2
vendor_id	: GenuineIntel
cpu family	: 6
model		: 58
model name	: Intel(R) Core(TM) i3-3217U CPU @ 1.80GHz
stepping	: 9
microcode	: 0x15
cpu MHz		: 1800.000
cache size	: 3072 KB
physical id	: 0
siblings	: 4
core id		: 0
cpu cores	: 2
apicid		: 1
initial apicid	: 1
fpu		: yes
fpu_exception	: yes
cpuid level	: 13
wp		: yes
flags		: fpu vme de pse tsc msr pae mce cx8 apic sep mtrr pge mca cmov pat pse36 clflush dts acpi mmx fxsr sse sse2 ss ht tm pbe syscall nx rdtscp lm constant_tsc arch_perfmon pebs bts rep_good nopl xtopology nonstop_tsc aperfmperf eagerfpu pni pclmulqdq dtes64 monitor ds_cpl vmx est tm2 ssse3 cx16 xtpr pdcm pcid sse4_1 sse4_2 x2apic popcnt tsc_deadline_timer xsave avx f16c lahf_lm ida arat epb xsaveopt pln pts dtherm tpr_shadow vnmi flexpriority ept vpid fsgsbase smep erms
bogomips	: 3592.02
clflush size	: 64
cache_alignment	: 64
address sizes	: 36 bits physical, 48 bits virtual
power management:

processor	: 3
vendor_id	: GenuineIntel
cpu family	: 6
model		: 58
model name	: Intel(R) Core(TM) i3-3217U CPU @ 1.80GHz
stepping	: 9
microcode	: 0x15
cpu MHz		: 1800.000
cache size	: 3072 KB
physical id	: 0
siblings	: 4
core id		: 1
cpu cores	: 2
apicid		: 3
initial apicid	: 3
fpu		: yes
fpu_exception	: yes
cpuid level	: 13
wp		: yes
flags		: fpu vme de pse tsc msr pae mce cx8 apic sep mtrr pge mca cmov pat pse36 clflush dts acpi mmx fxsr sse sse2 ss ht tm pbe syscall nx rdtscp lm constant_tsc arch_perfmon pebs bts rep_good nopl xtopology nonstop_tsc aperfmperf eagerfpu pni pclmulqdq dtes64 monitor ds_cpl vmx est tm2 ssse3 cx16 xtpr pdcm pcid sse4_1 sse4_2 x2apic popcnt tsc_deadline_timer xsave avx f16c lahf_lm ida arat epb xsaveopt pln pts dtherm tpr_shadow vnmi flexpriority ept vpid fsgsbase smep erms
bogomips	: 3592.02
clflush size	: 64
cache_alignment	: 64
address sizes	: 36 bits physical, 48 bits virtual
power management:



Memory: 4k page, physical 8059688k(316524k free), swap 4075516k(4075196k free)

vm_info: OpenJDK 64-Bit Server VM (24.95-b01) for linux-amd64 JRE (1.7.0_95-b00), built on Jan 21 2016 03:31:40 by "buildd" with gcc 4.8.4

time: Wed Apr 13 11:05:15 2016
elapsed time: 28 seconds

