#
# A fatal error has been detected by the Java Runtime Environment:
#
#  SIGSEGV (0xb) at pc=0x00007f13fe88fbcb, pid=2068, tid=139723415430912
#
# JRE version: OpenJDK Runtime Environment (7.0_95) (build 1.7.0_95-b00)
# Java VM: OpenJDK 64-Bit Server VM (24.95-b01 mixed mode linux-amd64 compressed oops)
# Derivative: IcedTea 2.6.4
# Distribution: Ubuntu 14.04 LTS, package 7u95-2.6.4-0ubuntu0.14.04.2
# Problematic frame:
# V  [libjvm.so+0x6febcb]
#
# Failed to write core dump. Core dumps have been disabled. To enable core dumping, try "ulimit -c unlimited" before starting Java again
#
# If you would like to submit a bug report, please include
# instructions on how to reproduce the bug and visit:
#   http://icedtea.classpath.org/bugzilla
#

---------------  T H R E A D  ---------------

Current thread (0x00007f13f80ac800):  JavaThread "C2 CompilerThread1" daemon [_thread_in_native, id=2083, stack(0x00007f13e47b2000,0x00007f13e48b3000)]

siginfo:si_signo=SIGSEGV: si_errno=0, si_code=1 (SEGV_MAPERR), si_addr=0x00007f1bcc09100c

Registers:
RAX=0x00007f13cc0839b0, RBX=0x0000000000000005, RCX=0x0000000000000010, RDX=0x0000000000000040
RSP=0x00007f13e48ae840, RBP=0x00007f13e48ae900, RSI=0x0000000000000002, RDI=0x0000000000000001
R8 =0x0000000000000008, R9 =0x00007f13c81b64f0, R10=0x0000000000000001, R11=0x0000000018000000
R12=0x00007f1bcc090fe0, R13=0x00007f13cc18e380, R14=0x00007f13cc23c1f0, R15=0x00007f13e48ae9f0
RIP=0x00007f13fe88fbcb, EFLAGS=0x0000000000010283, CSGSFS=0x0000000000000033, ERR=0x0000000000000004
  TRAPNO=0x000000000000000e

Top of Stack: (sp=0x00007f13e48ae840)
0x00007f13e48ae840:   00007f13c80022f0 00000000000e8858
0x00007f13e48ae850:   00007f13c8141958 00007f13c813e880
0x00007f13e48ae860:   00007f13f801ca10 00007f13c8139970
0x00007f13e48ae870:   00007f13fef5f4d0 00007f13e48ae8b0
0x00007f13e48ae880:   000000bde48ae890 00000000000000a0
0x00007f13e48ae890:   00007f13c81b64f0 00007f1300000004
0x00007f13e48ae8a0:   000000000000018c 00007f13c81b64f0
0x00007f13e48ae8b0:   00007f13fef4d450 00007f13f801ca10
0x00007f13e48ae8c0:   00007f1300000004 00007f13c81b72b0
0x00007f13e48ae8d0:   00007f13e48ae980 00007f13e48aec10
0x00007f13e48ae8e0:   00007f13fef7c940 00007f13e48ae980
0x00007f13e48ae8f0:   00007f13cc0fb110 00007f13e48ae9f0
0x00007f13e48ae900:   00007f13e48aeb40 00007f13fe55bc4d
0x00007f13e48ae910:   00007f13e48ae920 00007f13e48ae9f0
0x00007f13e48ae920:   00007f13e48ae950 00000000000003d8
0x00007f13e48ae930:   00007f13e48ae9b0 0000000000000003
0x00007f13e48ae940:   00007f13cc0fb4f8 00007f13cc0fb120
0x00007f13e48ae950:   00007f13c8089fe0 00007f13c8089fe0
0x00007f13e48ae960:   00007f13c8089ff0 00007f13c808a3c8
0x00007f13e48ae970:   00000000000003d8 00000004c80e6c10
0x00007f13e48ae980:   00007f13cc0fb110 00007f13cc191800
0x00007f13e48ae990:   00007f13cc193190 00007f13cc1997e8
0x00007f13e48ae9a0:   0000000000039db8 00007f13e48ae9e0
0x00007f13e48ae9b0:   00007f130000000b 00007f13e48b0f50
0x00007f13e48ae9c0:   00007f13cc16d080 00007f1300000000
0x00007f13e48ae9d0:   00007f13cc0e2e10 00007f13000001fa
0x00007f13e48ae9e0:   00007f13e48ae980 00007f13cc0fb120
0x00007f13e48ae9f0:   00007f1300000009 00007f13e48b0f50
0x00007f13e48aea00:   00007f13cc217cf0 00007f13cc237d30
0x00007f13e48aea10:   00007f13c81b58a0 0000000000000000
0x00007f13e48aea20:   00007f13c803dad0 00007f13e48aeb80
0x00007f13e48aea30:   00007f13e48aecd8 00000000000001fa 

Instructions: (pc=0x00007f13fe88fbcb)
0x00007f13fe88fbab:   89 d6 0f 1f 00 41 8b 4d 18 44 8d 56 ff 45 31 e4
0x00007f13fe88fbbb:   41 39 ca 73 0b 49 8b 45 20 44 89 d7 4c 8b 24 f8
0x00007f13fe88fbcb:   41 0f b7 44 24 2c 83 e0 0f 66 83 f8 0c 0f 84 87
0x00007f13fe88fbdb:   01 00 00 49 8b 47 40 41 8b 4c 24 28 48 8b 40 08 

Register to memory mapping:

RAX=0x00007f13cc0839b0 is an unknown value
RBX=0x0000000000000005 is an unknown value
RCX=0x0000000000000010 is an unknown value
RDX=0x0000000000000040 is an unknown value
RSP=0x00007f13e48ae840 is pointing into the stack for thread: 0x00007f13f80ac800
RBP=0x00007f13e48ae900 is pointing into the stack for thread: 0x00007f13f80ac800
RSI=0x0000000000000002 is an unknown value
RDI=0x0000000000000001 is an unknown value
R8 =0x0000000000000008 is an unknown value
R9 =0x00007f13c81b64f0 is an unknown value
R10=0x0000000000000001 is an unknown value
R11=0x0000000018000000 is an unknown value
R12=0x00007f1bcc090fe0 is an unknown value
R13=0x00007f13cc18e380 is an unknown value
R14=0x00007f13cc23c1f0 is an unknown value
R15=0x00007f13e48ae9f0 is pointing into the stack for thread: 0x00007f13f80ac800


Stack: [0x00007f13e47b2000,0x00007f13e48b3000],  sp=0x00007f13e48ae840,  free space=1010k
Native frames: (J=compiled Java code, j=interpreted, Vv=VM code, C=native code)
V  [libjvm.so+0x6febcb]
V  [libjvm.so+0x3cac4d]
V  [libjvm.so+0x43f3aa]
V  [libjvm.so+0x443537]
V  [libjvm.so+0x3b15ea]
V  [libjvm.so+0x4493b7]
V  [libjvm.so+0x44a4c0]
V  [libjvm.so+0x906c70]
V  [libjvm.so+0x906ee1]
V  [libjvm.so+0x7cc742]


Current CompileTask:
C2:    785   91             com.android.dx.ssa.SsaMethod::computeReachability (131 bytes)


---------------  P R O C E S S  ---------------

Java Threads: ( => current thread )
  0x00007f13f81d4000 JavaThread "pool-2-thread-4" [_thread_in_Java, id=2090, stack(0x00007f13be8a8000,0x00007f13be9a9000)]
  0x00007f13f81c8800 JavaThread "pool-2-thread-3" [_thread_in_Java, id=2089, stack(0x00007f13be9a9000,0x00007f13beaaa000)]
  0x00007f13f81c6800 JavaThread "pool-2-thread-2" [_thread_in_vm, id=2088, stack(0x00007f13beaaa000,0x00007f13bebab000)]
  0x00007f13f81c5800 JavaThread "pool-3-thread-1" [_thread_blocked, id=2087, stack(0x00007f13bebab000,0x00007f13becac000)]
  0x00007f13f81c4000 JavaThread "pool-2-thread-1" [_thread_in_Java, id=2086, stack(0x00007f13e4054000,0x00007f13e4155000)]
  0x00007f13f80ae800 JavaThread "Service Thread" daemon [_thread_blocked, id=2084, stack(0x00007f13e46b1000,0x00007f13e47b2000)]
=>0x00007f13f80ac800 JavaThread "C2 CompilerThread1" daemon [_thread_in_native, id=2083, stack(0x00007f13e47b2000,0x00007f13e48b3000)]
  0x00007f13f80a9800 JavaThread "C2 CompilerThread0" daemon [_thread_in_native, id=2082, stack(0x00007f13e48b3000,0x00007f13e49b4000)]
  0x00007f13f80a7000 JavaThread "Signal Dispatcher" daemon [_thread_blocked, id=2081, stack(0x00007f13e49b4000,0x00007f13e4ab5000)]
  0x00007f13f807c000 JavaThread "Finalizer" daemon [_thread_blocked, id=2080, stack(0x00007f13e52c8000,0x00007f13e53c9000)]
  0x00007f13f807a000 JavaThread "Reference Handler" daemon [_thread_blocked, id=2079, stack(0x00007f13e53c9000,0x00007f13e54ca000)]
  0x00007f13f800a800 JavaThread "main" [_thread_in_Java, id=2073, stack(0x00007f13ffca4000,0x00007f13ffda5000)]

Other Threads:
  0x00007f13f8075800 VMThread [stack: 0x00007f13e54ca000,0x00007f13e55cb000] [id=2078]
  0x00007f13f80b9800 WatcherThread [stack: 0x00007f13e45b0000,0x00007f13e46b1000] [id=2085]

VM state:not at safepoint (normal execution)

VM Mutex/Monitor currently owned by a thread: None

Heap
 PSYoungGen      total 36864K, used 21606K [0x00000000eaa80000, 0x00000000ed380000, 0x0000000100000000)
  eden space 31744K, 68% used [0x00000000eaa80000,0x00000000ebf99b00,0x00000000ec980000)
  from space 5120K, 0% used [0x00000000ece80000,0x00000000ece80000,0x00000000ed380000)
  to   space 5120K, 0% used [0x00000000ec980000,0x00000000ec980000,0x00000000ece80000)
 ParOldGen       total 83968K, used 0K [0x00000000c0000000, 0x00000000c5200000, 0x00000000eaa80000)
  object space 83968K, 0% used [0x00000000c0000000,0x00000000c0000000,0x00000000c5200000)
 PSPermGen       total 21504K, used 5829K [0x00000000b5a00000, 0x00000000b6f00000, 0x00000000c0000000)
  object space 21504K, 27% used [0x00000000b5a00000,0x00000000b5fb1760,0x00000000b6f00000)

Card table byte_map: [0x00007f13fc687000,0x00007f13fc8db000] byte_map_base: 0x00007f13fc0da000

Polling page: 0x00007f13ffdcd000

Code Cache  [0x00007f13f5000000, 0x00007f13f5270000, 0x00007f13f8000000)
 total_blobs=329 nmethods=98 adapters=184 free_code_cache=48622Kb largest_free_block=49772672

Compilation events (10 events):
Event: 0,700 Thread 0x00007f13f80a9800 nmethod 95 0x00007f13f5086790 code [0x00007f13f50868c0, 0x00007f13f5086918]
Event: 0,700 Thread 0x00007f13f80a9800   96             com.android.dx.ssa.SsaMethod::getBlocks (5 bytes)
Event: 0,701 Thread 0x00007f13f80a9800 nmethod 96 0x00007f13f5082a50 code [0x00007f13f5082b80, 0x00007f13f5082bd8]
Event: 0,701 Thread 0x00007f13f80a9800   97             java.util.ArrayList$Itr::<init> (6 bytes)
Event: 0,702 Thread 0x00007f13f80a9800 nmethod 97 0x00007f13f50827d0 code [0x00007f13f5082900, 0x00007f13f5082998]
Event: 0,702 Thread 0x00007f13f80a9800   98             java.util.ArrayList::isEmpty (13 bytes)
Event: 0,702 Thread 0x00007f13f80a9800 nmethod 98 0x00007f13f50825d0 code [0x00007f13f5082700, 0x00007f13f5082758]
Event: 0,702 Thread 0x00007f13f80a9800   99             com.android.dx.rop.code.RegisterSpec::getLocalItem (5 bytes)
Event: 0,702 Thread 0x00007f13f80a9800 nmethod 99 0x00007f13f50823d0 code [0x00007f13f5082500, 0x00007f13f5082558]
Event: 0,703 Thread 0x00007f13f80a9800  100             com.android.dx.rop.code.RopMethod::calcPredecessors (227 bytes)

GC Heap History (0 events):
No events

Deoptimization events (2 events):
Event: 0,251 Thread 0x00007f13f800a800 Uncommon trap: reason=unstable_if action=reinterpret pc=0x00007f13f5060c34 method=java.lang.String.indexOf(II)I @ 49
Event: 0,639 Thread 0x00007f13f81d4000 Uncommon trap: reason=null_check action=make_not_entrant pc=0x00007f13f507d7c8 method=com.android.dx.rop.code.LocalItem.equals(Ljava/lang/Object;)Z @ 1

Internal exceptions (10 events):
Event: 0,495 Thread 0x00007f13f81d4000 Threw 0x00000000eb8b3b60 at /build/openjdk-7-HVzwJZ/openjdk-7-7u95-2.6.4/build/openjdk/hotspot/src/share/vm/prims/jvm.cpp:1322
Event: 0,496 Thread 0x00007f13f81d4000 Threw 0x00000000eb8b7780 at /build/openjdk-7-HVzwJZ/openjdk-7-7u95-2.6.4/build/openjdk/hotspot/src/share/vm/prims/jvm.cpp:1322
Event: 0,499 Thread 0x00007f13f81d4000 Threw 0x00000000eb8c4488 at /build/openjdk-7-HVzwJZ/openjdk-7-7u95-2.6.4/build/openjdk/hotspot/src/share/vm/prims/jvm.cpp:1322
Event: 0,500 Thread 0x00007f13f81c8800 Threw 0x00000000eb7acf58 at /build/openjdk-7-HVzwJZ/openjdk-7-7u95-2.6.4/build/openjdk/hotspot/src/share/vm/prims/jvm.cpp:1322
Event: 0,501 Thread 0x00007f13f81c8800 Threw 0x00000000eb7b1d38 at /build/openjdk-7-HVzwJZ/openjdk-7-7u95-2.6.4/build/openjdk/hotspot/src/share/vm/prims/jvm.cpp:1322
Event: 0,506 Thread 0x00007f13f81c8800 Threw 0x00000000eb7bd8d8 at /build/openjdk-7-HVzwJZ/openjdk-7-7u95-2.6.4/build/openjdk/hotspot/src/share/vm/prims/jvm.cpp:1322
Event: 0,511 Thread 0x00007f13f81c4000 Threw 0x00000000eb5eed48 at /build/openjdk-7-HVzwJZ/openjdk-7-7u95-2.6.4/build/openjdk/hotspot/src/share/vm/prims/jvm.cpp:1322
Event: 0,523 Thread 0x00007f13f81c4000 Threw 0x00000000eb5f57e0 at /build/openjdk-7-HVzwJZ/openjdk-7-7u95-2.6.4/build/openjdk/hotspot/src/share/vm/prims/jvm.cpp:1322
Event: 0,588 Thread 0x00007f13f800a800 Threw 0x00000000eb9a55e0 at /build/openjdk-7-HVzwJZ/openjdk-7-7u95-2.6.4/build/openjdk/hotspot/src/share/vm/prims/jvm.cpp:1322
Event: 0,639 Thread 0x00007f13f81d4000 Implicit null exception at 0x00007f13f507d5b4 to 0x00007f13f507d7a2

Events (10 events):
Event: 0,588 loading class 0x00007f13a800a660 done
Event: 0,590 loading class 0x00007f13fc093320
Event: 0,590 loading class 0x00007f13fc093320 done
Event: 0,590 loading class 0x00007f13fc093290
Event: 0,591 loading class 0x00007f13fc093290 done
Event: 0,639 Thread 0x00007f13f81d4000 Uncommon trap: trap_request=0xfffffff4 fr.pc=0x00007f13f507d7c8
Event: 0,639 Thread 0x00007f13f81d4000 DEOPT PACKING pc=0x00007f13f507d7c8 sp=0x00007f13be9a6f70
Event: 0,639 Thread 0x00007f13f81d4000 DEOPT UNPACKING pc=0x00007f13f5039445 sp=0x00007f13be9a6ed0 mode 2
Event: 0,677 loading class 0x00007f13fc08da20
Event: 0,677 loading class 0x00007f13fc08da20 done


Dynamic libraries:
00400000-00401000 r-xp 00000000 08:02 2761099                            /usr/lib/jvm/java-7-openjdk-amd64/jre/bin/java
00600000-00601000 r--p 00000000 08:02 2761099                            /usr/lib/jvm/java-7-openjdk-amd64/jre/bin/java
00601000-00602000 rw-p 00001000 08:02 2761099                            /usr/lib/jvm/java-7-openjdk-amd64/jre/bin/java
006b0000-006d1000 rw-p 00000000 00:00 0                                  [heap]
b5a00000-b6f00000 rw-p 00000000 00:00 0 
b6f00000-c0000000 rw-p 00000000 00:00 0 
c0000000-c5200000 rw-p 00000000 00:00 0 
c5200000-eaa80000 rw-p 00000000 00:00 0 
eaa80000-ed380000 rw-p 00000000 00:00 0 
ed380000-100000000 rw-p 00000000 00:00 0 
7f13a8000000-7f13a802a000 rw-p 00000000 00:00 0 
7f13a802a000-7f13ac000000 ---p 00000000 00:00 0 
7f13ac000000-7f13ac021000 rw-p 00000000 00:00 0 
7f13ac021000-7f13b0000000 ---p 00000000 00:00 0 
7f13b0000000-7f13b0021000 rw-p 00000000 00:00 0 
7f13b0021000-7f13b4000000 ---p 00000000 00:00 0 
7f13b4000000-7f13b4021000 rw-p 00000000 00:00 0 
7f13b4021000-7f13b8000000 ---p 00000000 00:00 0 
7f13b8000000-7f13b802b000 rw-p 00000000 00:00 0 
7f13b802b000-7f13bc000000 ---p 00000000 00:00 0 
7f13be8a8000-7f13be8ab000 ---p 00000000 00:00 0 
7f13be8ab000-7f13be9a9000 rw-p 00000000 00:00 0                          [stack:2090]
7f13be9a9000-7f13be9ac000 ---p 00000000 00:00 0 
7f13be9ac000-7f13beaaa000 rw-p 00000000 00:00 0                          [stack:2089]
7f13beaaa000-7f13beaad000 ---p 00000000 00:00 0 
7f13beaad000-7f13bebab000 rw-p 00000000 00:00 0                          [stack:2088]
7f13bebab000-7f13bebae000 ---p 00000000 00:00 0 
7f13bebae000-7f13becac000 rw-p 00000000 00:00 0                          [stack:2087]
7f13becac000-7f13bece9000 r-xp 00000000 08:02 13490                      /lib/x86_64-linux-gnu/libpcre.so.3.13.1
7f13bece9000-7f13beee8000 ---p 0003d000 08:02 13490                      /lib/x86_64-linux-gnu/libpcre.so.3.13.1
7f13beee8000-7f13beee9000 r--p 0003c000 08:02 13490                      /lib/x86_64-linux-gnu/libpcre.so.3.13.1
7f13beee9000-7f13beeea000 rw-p 0003d000 08:02 13490                      /lib/x86_64-linux-gnu/libpcre.so.3.13.1
7f13beeea000-7f13beef1000 r-xp 00000000 08:02 21389                      /usr/lib/x86_64-linux-gnu/libffi.so.6.0.1
7f13beef1000-7f13bf0f0000 ---p 00007000 08:02 21389                      /usr/lib/x86_64-linux-gnu/libffi.so.6.0.1
7f13bf0f0000-7f13bf0f1000 r--p 00006000 08:02 21389                      /usr/lib/x86_64-linux-gnu/libffi.so.6.0.1
7f13bf0f1000-7f13bf0f2000 rw-p 00007000 08:02 21389                      /usr/lib/x86_64-linux-gnu/libffi.so.6.0.1
7f13bf0f2000-7f13bf109000 r-xp 00000000 08:02 3147                       /lib/x86_64-linux-gnu/libresolv-2.19.so
7f13bf109000-7f13bf309000 ---p 00017000 08:02 3147                       /lib/x86_64-linux-gnu/libresolv-2.19.so
7f13bf309000-7f13bf30a000 r--p 00017000 08:02 3147                       /lib/x86_64-linux-gnu/libresolv-2.19.so
7f13bf30a000-7f13bf30b000 rw-p 00018000 08:02 3147                       /lib/x86_64-linux-gnu/libresolv-2.19.so
7f13bf30b000-7f13bf30d000 rw-p 00000000 00:00 0 
7f13bf30d000-7f13bf32d000 r-xp 00000000 08:02 13524                      /lib/x86_64-linux-gnu/libselinux.so.1
7f13bf32d000-7f13bf52c000 ---p 00020000 08:02 13524                      /lib/x86_64-linux-gnu/libselinux.so.1
7f13bf52c000-7f13bf52d000 r--p 0001f000 08:02 13524                      /lib/x86_64-linux-gnu/libselinux.so.1
7f13bf52d000-7f13bf52e000 rw-p 00020000 08:02 13524                      /lib/x86_64-linux-gnu/libselinux.so.1
7f13bf52e000-7f13bf530000 rw-p 00000000 00:00 0 
7f13bf530000-7f13bf533000 r-xp 00000000 08:02 28550                      /usr/lib/x86_64-linux-gnu/libgmodule-2.0.so.0.4002.0
7f13bf533000-7f13bf732000 ---p 00003000 08:02 28550                      /usr/lib/x86_64-linux-gnu/libgmodule-2.0.so.0.4002.0
7f13bf732000-7f13bf733000 r--p 00002000 08:02 28550                      /usr/lib/x86_64-linux-gnu/libgmodule-2.0.so.0.4002.0
7f13bf733000-7f13bf734000 rw-p 00003000 08:02 28550                      /usr/lib/x86_64-linux-gnu/libgmodule-2.0.so.0.4002.0
7f13bf734000-7f13bf83a000 r-xp 00000000 08:02 13425                      /lib/x86_64-linux-gnu/libglib-2.0.so.0.4002.0
7f13bf83a000-7f13bfa39000 ---p 00106000 08:02 13425                      /lib/x86_64-linux-gnu/libglib-2.0.so.0.4002.0
7f13bfa39000-7f13bfa3a000 r--p 00105000 08:02 13425                      /lib/x86_64-linux-gnu/libglib-2.0.so.0.4002.0
7f13bfa3a000-7f13bfa3b000 rw-p 00106000 08:02 13425                      /lib/x86_64-linux-gnu/libglib-2.0.so.0.4002.0
7f13bfa3b000-7f13bfa3c000 rw-p 00000000 00:00 0 
7f13bfa3c000-7f13bfa8b000 r-xp 00000000 08:02 28566                      /usr/lib/x86_64-linux-gnu/libgobject-2.0.so.0.4002.0
7f13bfa8b000-7f13bfc8b000 ---p 0004f000 08:02 28566                      /usr/lib/x86_64-linux-gnu/libgobject-2.0.so.0.4002.0
7f13bfc8b000-7f13bfc8c000 r--p 0004f000 08:02 28566                      /usr/lib/x86_64-linux-gnu/libgobject-2.0.so.0.4002.0
7f13bfc8c000-7f13bfc8d000 rw-p 00050000 08:02 28566                      /usr/lib/x86_64-linux-gnu/libgobject-2.0.so.0.4002.0
7f13bfc8d000-7f13bfdf9000 r-xp 00000000 08:02 28538                      /usr/lib/x86_64-linux-gnu/libgio-2.0.so.0.4002.0
7f13bfdf9000-7f13bfff8000 ---p 0016c000 08:02 28538                      /usr/lib/x86_64-linux-gnu/libgio-2.0.so.0.4002.0
7f13bfff8000-7f13bfffc000 r--p 0016b000 08:02 28538                      /usr/lib/x86_64-linux-gnu/libgio-2.0.so.0.4002.0
7f13bfffc000-7f13bfffe000 rw-p 0016f000 08:02 28538                      /usr/lib/x86_64-linux-gnu/libgio-2.0.so.0.4002.0
7f13bfffe000-7f13c0000000 rw-p 00000000 00:00 0 
7f13c0000000-7f13c0021000 rw-p 00000000 00:00 0 
7f13c0021000-7f13c4000000 ---p 00000000 00:00 0 
7f13c4000000-7f13c4021000 rw-p 00000000 00:00 0 
7f13c4021000-7f13c8000000 ---p 00000000 00:00 0 
7f13c8000000-7f13c829f000 rw-p 00000000 00:00 0 
7f13c829f000-7f13cc000000 ---p 00000000 00:00 0 
7f13cc000000-7f13cc2f1000 rw-p 00000000 00:00 0 
7f13cc2f1000-7f13d0000000 ---p 00000000 00:00 0 
7f13d0000000-7f13d0021000 rw-p 00000000 00:00 0 
7f13d0021000-7f13d4000000 ---p 00000000 00:00 0 
7f13d4000000-7f13d4021000 rw-p 00000000 00:00 0 
7f13d4021000-7f13d8000000 ---p 00000000 00:00 0 
7f13d8000000-7f13d8021000 rw-p 00000000 00:00 0 
7f13d8021000-7f13dc000000 ---p 00000000 00:00 0 
7f13dc000000-7f13dc021000 rw-p 00000000 00:00 0 
7f13dc021000-7f13e0000000 ---p 00000000 00:00 0 
7f13e0000000-7f13e0021000 rw-p 00000000 00:00 0 
7f13e0021000-7f13e4000000 ---p 00000000 00:00 0 
7f13e4054000-7f13e4057000 ---p 00000000 00:00 0 
7f13e4057000-7f13e4186000 rw-p 00000000 00:00 0                          [stack:2086]
7f13e4186000-7f13e419d000 r-xp 00000000 08:02 2629171                    /usr/lib/jvm/java-7-openjdk-amd64/jre/lib/amd64/libnet.so
7f13e419d000-7f13e439c000 ---p 00017000 08:02 2629171                    /usr/lib/jvm/java-7-openjdk-amd64/jre/lib/amd64/libnet.so
7f13e439c000-7f13e439d000 r--p 00016000 08:02 2629171                    /usr/lib/jvm/java-7-openjdk-amd64/jre/lib/amd64/libnet.so
7f13e439d000-7f13e439e000 rw-p 00017000 08:02 2629171                    /usr/lib/jvm/java-7-openjdk-amd64/jre/lib/amd64/libnet.so
7f13e439e000-7f13e43ae000 r-xp 00000000 08:02 2629192                    /usr/lib/jvm/java-7-openjdk-amd64/jre/lib/amd64/libnio.so
7f13e43ae000-7f13e45ae000 ---p 00010000 08:02 2629192                    /usr/lib/jvm/java-7-openjdk-amd64/jre/lib/amd64/libnio.so
7f13e45ae000-7f13e45af000 r--p 00010000 08:02 2629192                    /usr/lib/jvm/java-7-openjdk-amd64/jre/lib/amd64/libnio.so
7f13e45af000-7f13e45b0000 rw-p 00011000 08:02 2629192                    /usr/lib/jvm/java-7-openjdk-amd64/jre/lib/amd64/libnio.so
7f13e45b0000-7f13e45b1000 ---p 00000000 00:00 0 
7f13e45b1000-7f13e46b1000 rw-p 00000000 00:00 0                          [stack:2085]
7f13e46b1000-7f13e46b4000 ---p 00000000 00:00 0 
7f13e46b4000-7f13e47b2000 rw-p 00000000 00:00 0                          [stack:2084]
7f13e47b2000-7f13e47b5000 ---p 00000000 00:00 0 
7f13e47b5000-7f13e48b3000 rw-p 00000000 00:00 0                          [stack:2083]
7f13e48b3000-7f13e48b6000 ---p 00000000 00:00 0 
7f13e48b6000-7f13e49b4000 rw-p 00000000 00:00 0                          [stack:2082]
7f13e49b4000-7f13e49b7000 ---p 00000000 00:00 0 
7f13e49b7000-7f13e4ab5000 rw-p 00000000 00:00 0                          [stack:2081]
7f13e4ab5000-7f13e52c8000 r--p 00000000 08:02 27195                      /usr/lib/locale/locale-archive
7f13e52c8000-7f13e52cb000 ---p 00000000 00:00 0 
7f13e52cb000-7f13e53c9000 rw-p 00000000 00:00 0                          [stack:2080]
7f13e53c9000-7f13e53cc000 ---p 00000000 00:00 0 
7f13e53cc000-7f13e54ca000 rw-p 00000000 00:00 0                          [stack:2079]
7f13e54ca000-7f13e54cb000 ---p 00000000 00:00 0 
7f13e54cb000-7f13e8000000 rw-p 00000000 00:00 0                          [stack:2078]
7f13e8000000-7f13e8021000 rw-p 00000000 00:00 0 
7f13e8021000-7f13ec000000 ---p 00000000 00:00 0 
7f13ec000000-7f13ec021000 rw-p 00000000 00:00 0 
7f13ec021000-7f13f0000000 ---p 00000000 00:00 0 
7f13f0000000-7f13f0021000 rw-p 00000000 00:00 0 
7f13f0021000-7f13f4000000 ---p 00000000 00:00 0 
7f13f4026000-7f13f40c8000 r--s 0083b000 08:02 1449651                    /home/ivan/workspace/Champy_v2/app/build/intermediates/transforms/jarMerging/debug/jars/1/1f/combined.jar
7f13f40c8000-7f13f40d7000 r--s 000df000 08:02 1575371                    /home/ivan/Android/Sdk/build-tools/23.0.1/lib/dx.jar
7f13f40d7000-7f13f4b86000 rw-p 00000000 00:00 0 
7f13f4b86000-7f13f4d37000 r--s 01d30000 08:02 2629205                    /usr/lib/jvm/java-7-openjdk-amd64/jre/lib/rt.jar
7f13f4d37000-7f13f5000000 rw-p 00000000 00:00 0 
7f13f5000000-7f13f5270000 rwxp 00000000 00:00 0 
7f13f5270000-7f13f81ed000 rw-p 00000000 00:00 0 
7f13f81ed000-7f13fc000000 ---p 00000000 00:00 0 
7f13fc00e000-7f13fc0da000 rw-p 00000000 00:00 0 
7f13fc0da000-7f13fc0db000 ---p 00000000 00:00 0 
7f13fc0db000-7f13fc1db000 rw-p 00000000 00:00 0                          [stack:2077]
7f13fc1db000-7f13fc1dc000 ---p 00000000 00:00 0 
7f13fc1dc000-7f13fc2dc000 rw-p 00000000 00:00 0                          [stack:2076]
7f13fc2dc000-7f13fc2dd000 ---p 00000000 00:00 0 
7f13fc2dd000-7f13fc3dd000 rw-p 00000000 00:00 0                          [stack:2075]
7f13fc3dd000-7f13fc3de000 ---p 00000000 00:00 0 
7f13fc3de000-7f13fc4e9000 rw-p 00000000 00:00 0                          [stack:2074]
7f13fc4e9000-7f13fc531000 rw-p 00000000 00:00 0 
7f13fc531000-7f13fc55a000 rw-p 00000000 00:00 0 
7f13fc55a000-7f13fc687000 rw-p 00000000 00:00 0 
7f13fc687000-7f13fc692000 rw-p 00000000 00:00 0 
7f13fc692000-7f13fc6da000 rw-p 00000000 00:00 0 
7f13fc6da000-7f13fc703000 rw-p 00000000 00:00 0 
7f13fc703000-7f13fc82f000 rw-p 00000000 00:00 0 
7f13fc82f000-7f13fc844000 rw-p 00000000 00:00 0 
7f13fc844000-7f13fc8da000 rw-p 00000000 00:00 0 
7f13fc8da000-7f13fc8db000 rw-p 00000000 00:00 0 
7f13fc8db000-7f13fc8e3000 r-xp 00000000 08:02 2629176                    /usr/lib/jvm/java-7-openjdk-amd64/jre/lib/amd64/libzip.so
7f13fc8e3000-7f13fcae2000 ---p 00008000 08:02 2629176                    /usr/lib/jvm/java-7-openjdk-amd64/jre/lib/amd64/libzip.so
7f13fcae2000-7f13fcae3000 r--p 00007000 08:02 2629176                    /usr/lib/jvm/java-7-openjdk-amd64/jre/lib/amd64/libzip.so
7f13fcae3000-7f13fcae4000 rw-p 00008000 08:02 2629176                    /usr/lib/jvm/java-7-openjdk-amd64/jre/lib/amd64/libzip.so
7f13fcae4000-7f13fcaef000 r-xp 00000000 08:02 3187                       /lib/x86_64-linux-gnu/libnss_files-2.19.so
7f13fcaef000-7f13fccee000 ---p 0000b000 08:02 3187                       /lib/x86_64-linux-gnu/libnss_files-2.19.so
7f13fccee000-7f13fccef000 r--p 0000a000 08:02 3187                       /lib/x86_64-linux-gnu/libnss_files-2.19.so
7f13fccef000-7f13fccf0000 rw-p 0000b000 08:02 3187                       /lib/x86_64-linux-gnu/libnss_files-2.19.so
7f13fccf0000-7f13fccfb000 r-xp 00000000 08:02 3171                       /lib/x86_64-linux-gnu/libnss_nis-2.19.so
7f13fccfb000-7f13fcefa000 ---p 0000b000 08:02 3171                       /lib/x86_64-linux-gnu/libnss_nis-2.19.so
7f13fcefa000-7f13fcefb000 r--p 0000a000 08:02 3171                       /lib/x86_64-linux-gnu/libnss_nis-2.19.so
7f13fcefb000-7f13fcefc000 rw-p 0000b000 08:02 3171                       /lib/x86_64-linux-gnu/libnss_nis-2.19.so
7f13fcefc000-7f13fcf13000 r-xp 00000000 08:02 3163                       /lib/x86_64-linux-gnu/libnsl-2.19.so
7f13fcf13000-7f13fd112000 ---p 00017000 08:02 3163                       /lib/x86_64-linux-gnu/libnsl-2.19.so
7f13fd112000-7f13fd113000 r--p 00016000 08:02 3163                       /lib/x86_64-linux-gnu/libnsl-2.19.so
7f13fd113000-7f13fd114000 rw-p 00017000 08:02 3163                       /lib/x86_64-linux-gnu/libnsl-2.19.so
7f13fd114000-7f13fd116000 rw-p 00000000 00:00 0 
7f13fd116000-7f13fd11f000 r-xp 00000000 08:02 3161                       /lib/x86_64-linux-gnu/libnss_compat-2.19.so
7f13fd11f000-7f13fd31e000 ---p 00009000 08:02 3161                       /lib/x86_64-linux-gnu/libnss_compat-2.19.so
7f13fd31e000-7f13fd31f000 r--p 00008000 08:02 3161                       /lib/x86_64-linux-gnu/libnss_compat-2.19.so
7f13fd31f000-7f13fd320000 rw-p 00009000 08:02 3161                       /lib/x86_64-linux-gnu/libnss_compat-2.19.so
7f13fd320000-7f13fd34b000 r-xp 00000000 08:02 2629162                    /usr/lib/jvm/java-7-openjdk-amd64/jre/lib/amd64/libjava.so
7f13fd34b000-7f13fd54b000 ---p 0002b000 08:02 2629162                    /usr/lib/jvm/java-7-openjdk-amd64/jre/lib/amd64/libjava.so
7f13fd54b000-7f13fd54c000 r--p 0002b000 08:02 2629162                    /usr/lib/jvm/java-7-openjdk-amd64/jre/lib/amd64/libjava.so
7f13fd54c000-7f13fd54e000 rw-p 0002c000 08:02 2629162                    /usr/lib/jvm/java-7-openjdk-amd64/jre/lib/amd64/libjava.so
7f13fd54e000-7f13fd55e000 r-xp 00000000 08:02 2629163                    /usr/lib/jvm/java-7-openjdk-amd64/jre/lib/amd64/libverify.so
7f13fd55e000-7f13fd75d000 ---p 00010000 08:02 2629163                    /usr/lib/jvm/java-7-openjdk-amd64/jre/lib/amd64/libverify.so
7f13fd75d000-7f13fd75f000 r--p 0000f000 08:02 2629163                    /usr/lib/jvm/java-7-openjdk-amd64/jre/lib/amd64/libverify.so
7f13fd75f000-7f13fd760000 rw-p 00011000 08:02 2629163                    /usr/lib/jvm/java-7-openjdk-amd64/jre/lib/amd64/libverify.so
7f13fd760000-7f13fd767000 r-xp 00000000 08:02 3179                       /lib/x86_64-linux-gnu/librt-2.19.so
7f13fd767000-7f13fd966000 ---p 00007000 08:02 3179                       /lib/x86_64-linux-gnu/librt-2.19.so
7f13fd966000-7f13fd967000 r--p 00006000 08:02 3179                       /lib/x86_64-linux-gnu/librt-2.19.so
7f13fd967000-7f13fd968000 rw-p 00007000 08:02 3179                       /lib/x86_64-linux-gnu/librt-2.19.so
7f13fd968000-7f13fd97e000 r-xp 00000000 08:02 3455                       /lib/x86_64-linux-gnu/libgcc_s.so.1
7f13fd97e000-7f13fdb7d000 ---p 00016000 08:02 3455                       /lib/x86_64-linux-gnu/libgcc_s.so.1
7f13fdb7d000-7f13fdb7e000 r--p 00015000 08:02 3455                       /lib/x86_64-linux-gnu/libgcc_s.so.1
7f13fdb7e000-7f13fdb7f000 rw-p 00016000 08:02 3455                       /lib/x86_64-linux-gnu/libgcc_s.so.1
7f13fdb7f000-7f13fdc84000 r-xp 00000000 08:02 3151                       /lib/x86_64-linux-gnu/libm-2.19.so
7f13fdc84000-7f13fde83000 ---p 00105000 08:02 3151                       /lib/x86_64-linux-gnu/libm-2.19.so
7f13fde83000-7f13fde84000 r--p 00104000 08:02 3151                       /lib/x86_64-linux-gnu/libm-2.19.so
7f13fde84000-7f13fde85000 rw-p 00105000 08:02 3151                       /lib/x86_64-linux-gnu/libm-2.19.so
7f13fde85000-7f13fdf72000 r-xp 00000000 08:02 9486                       /usr/lib/x86_64-linux-gnu/libstdc++.so.6.0.20
7f13fdf72000-7f13fe172000 ---p 000ed000 08:02 9486                       /usr/lib/x86_64-linux-gnu/libstdc++.so.6.0.20
7f13fe172000-7f13fe17a000 r--p 000ed000 08:02 9486                       /usr/lib/x86_64-linux-gnu/libstdc++.so.6.0.20
7f13fe17a000-7f13fe17c000 rw-p 000f5000 08:02 9486                       /usr/lib/x86_64-linux-gnu/libstdc++.so.6.0.20
7f13fe17c000-7f13fe191000 rw-p 00000000 00:00 0 
7f13fe191000-7f13fecb5000 r-xp 00000000 08:02 2629174                    /usr/lib/jvm/java-7-openjdk-amd64/jre/lib/amd64/server/libjvm.so
7f13fecb5000-7f13feeb5000 ---p 00b24000 08:02 2629174                    /usr/lib/jvm/java-7-openjdk-amd64/jre/lib/amd64/server/libjvm.so
7f13feeb5000-7f13fef4f000 r--p 00b24000 08:02 2629174                    /usr/lib/jvm/java-7-openjdk-amd64/jre/lib/amd64/server/libjvm.so
7f13fef4f000-7f13fef72000 rw-p 00bbe000 08:02 2629174                    /usr/lib/jvm/java-7-openjdk-amd64/jre/lib/amd64/server/libjvm.so
7f13fef72000-7f13fefa0000 rw-p 00000000 00:00 0 
7f13fefa0000-7f13fefb8000 r-xp 00000000 08:02 13550                      /lib/x86_64-linux-gnu/libz.so.1.2.8
7f13fefb8000-7f13ff1b7000 ---p 00018000 08:02 13550                      /lib/x86_64-linux-gnu/libz.so.1.2.8
7f13ff1b7000-7f13ff1b8000 r--p 00017000 08:02 13550                      /lib/x86_64-linux-gnu/libz.so.1.2.8
7f13ff1b8000-7f13ff1b9000 rw-p 00018000 08:02 13550                      /lib/x86_64-linux-gnu/libz.so.1.2.8
7f13ff1b9000-7f13ff1d2000 r-xp 00000000 08:02 3165                       /lib/x86_64-linux-gnu/libpthread-2.19.so
7f13ff1d2000-7f13ff3d1000 ---p 00019000 08:02 3165                       /lib/x86_64-linux-gnu/libpthread-2.19.so
7f13ff3d1000-7f13ff3d2000 r--p 00018000 08:02 3165                       /lib/x86_64-linux-gnu/libpthread-2.19.so
7f13ff3d2000-7f13ff3d3000 rw-p 00019000 08:02 3165                       /lib/x86_64-linux-gnu/libpthread-2.19.so
7f13ff3d3000-7f13ff3d7000 rw-p 00000000 00:00 0 
7f13ff3d7000-7f13ff3da000 r-xp 00000000 08:02 3155                       /lib/x86_64-linux-gnu/libdl-2.19.so
7f13ff3da000-7f13ff5d9000 ---p 00003000 08:02 3155                       /lib/x86_64-linux-gnu/libdl-2.19.so
7f13ff5d9000-7f13ff5da000 r--p 00002000 08:02 3155                       /lib/x86_64-linux-gnu/libdl-2.19.so
7f13ff5da000-7f13ff5db000 rw-p 00003000 08:02 3155                       /lib/x86_64-linux-gnu/libdl-2.19.so
7f13ff5db000-7f13ff796000 r-xp 00000000 08:02 3181                       /lib/x86_64-linux-gnu/libc-2.19.so
7f13ff796000-7f13ff995000 ---p 001bb000 08:02 3181                       /lib/x86_64-linux-gnu/libc-2.19.so
7f13ff995000-7f13ff999000 r--p 001ba000 08:02 3181                       /lib/x86_64-linux-gnu/libc-2.19.so
7f13ff999000-7f13ff99b000 rw-p 001be000 08:02 3181                       /lib/x86_64-linux-gnu/libc-2.19.so
7f13ff99b000-7f13ff9a0000 rw-p 00000000 00:00 0 
7f13ff9a0000-7f13ff9ad000 r-xp 00000000 08:02 2629189                    /usr/lib/jvm/java-7-openjdk-amd64/jre/lib/amd64/jli/libjli.so
7f13ff9ad000-7f13ffbac000 ---p 0000d000 08:02 2629189                    /usr/lib/jvm/java-7-openjdk-amd64/jre/lib/amd64/jli/libjli.so
7f13ffbac000-7f13ffbad000 r--p 0000c000 08:02 2629189                    /usr/lib/jvm/java-7-openjdk-amd64/jre/lib/amd64/jli/libjli.so
7f13ffbad000-7f13ffbae000 rw-p 0000d000 08:02 2629189                    /usr/lib/jvm/java-7-openjdk-amd64/jre/lib/amd64/jli/libjli.so
7f13ffbae000-7f13ffbd1000 r-xp 00000000 08:02 3167                       /lib/x86_64-linux-gnu/ld-2.19.so
7f13ffbd1000-7f13ffbd2000 rw-p 00000000 00:00 0 
7f13ffbd2000-7f13ffbd6000 r--s 00034000 08:02 2629217                    /usr/lib/jvm/java-7-openjdk-amd64/jre/lib/ext/sunjce_provider.jar
7f13ffbd6000-7f13ffbd8000 r--s 00012000 08:02 2629216                    /usr/lib/jvm/java-7-openjdk-amd64/jre/lib/ext/zipfs.jar
7f13ffbd8000-7f13ffbd9000 r--s 00002000 08:02 2629215                    /usr/lib/jvm/java-7-openjdk-amd64/jre/lib/ext/dnsns.jar
7f13ffbd9000-7f13ffbdc000 r--s 0000f000 08:02 2629218                    /usr/lib/jvm/java-7-openjdk-amd64/jre/lib/ext/icedtea-sound.jar
7f13ffbdc000-7f13ffbe0000 r--s 0003c000 08:02 2629220                    /usr/lib/jvm/java-7-openjdk-amd64/jre/lib/ext/sunpkcs11.jar
7f13ffbe0000-7f13ffbe4000 r--s 00085000 08:02 2629219                    /usr/lib/jvm/java-7-openjdk-amd64/jre/lib/ext/localedata.jar
7f13ffbe4000-7f13ffbee000 rw-p 00000000 00:00 0 
7f13ffbee000-7f13ffca4000 rw-p 00000000 00:00 0 
7f13ffca4000-7f13ffca7000 ---p 00000000 00:00 0 
7f13ffca7000-7f13ffdaa000 rw-p 00000000 00:00 0                          [stack:2073]
7f13ffdaa000-7f13ffdac000 r--s 00006000 08:02 5674                       /usr/share/java/java-atk-wrapper.jar
7f13ffdac000-7f13ffdc4000 rw-p 00000000 00:00 0 
7f13ffdc4000-7f13ffdcc000 rw-s 00000000 08:02 1315883                    /tmp/hsperfdata_ivan/2068
7f13ffdcc000-7f13ffdcd000 rw-p 00000000 00:00 0 
7f13ffdcd000-7f13ffdce000 r--p 00000000 00:00 0 
7f13ffdce000-7f13ffdd0000 rw-p 00000000 00:00 0 
7f13ffdd0000-7f13ffdd1000 r--p 00022000 08:02 3167                       /lib/x86_64-linux-gnu/ld-2.19.so
7f13ffdd1000-7f13ffdd2000 rw-p 00023000 08:02 3167                       /lib/x86_64-linux-gnu/ld-2.19.so
7f13ffdd2000-7f13ffdd3000 rw-p 00000000 00:00 0 
7ffce1759000-7ffce177a000 rw-p 00000000 00:00 0                          [stack]
7ffce1782000-7ffce1784000 r-xp 00000000 00:00 0                          [vdso]
7ffce1784000-7ffce1786000 r--p 00000000 00:00 0                          [vvar]
ffffffffff600000-ffffffffff601000 r-xp 00000000 00:00 0                  [vsyscall]

VM Arguments:
jvm_args: -Djava.awt.headless=true -Xmx1024M -Dfile.encoding=UTF-8 -Duser.country=UA -Duser.language=ru -Duser.variant 
java_command: com.android.dx.command.Main --dex --num-threads=4 --multi-dex --main-dex-list /home/ivan/workspace/Champy_v2/app/build/intermediates/multi-dex/debug/maindexlist.txt --output /home/ivan/workspace/Champy_v2/app/build/intermediates/transforms/dex/debug/folders/1000/1f/main /home/ivan/workspace/Champy_v2/app/build/intermediates/transforms/jarMerging/debug/jars/1/1f/combined.jar
Launcher Type: SUN_STANDARD

Environment Variables:
JAVA_HOME=/usr/lib/jvm/java-8-oracle
PATH=/usr/local/sbin:/usr/local/bin:/usr/sbin:/usr/bin:/sbin:/bin:/usr/games:/usr/local/games:/usr/lib/jvm/java-8-oracle/bin:/usr/lib/jvm/java-8-oracle/db/bin:/usr/lib/jvm/java-8-oracle/jre/bin
SHELL=/bin/bash
DISPLAY=:0

Signal Handlers:
SIGSEGV: [libjvm.so+0x9548f0], sa_mask[0]=0x7ffbfeff, sa_flags=0x10000004
SIGBUS: [libjvm.so+0x9548f0], sa_mask[0]=0x7ffbfeff, sa_flags=0x10000004
SIGFPE: [libjvm.so+0x7cb0b0], sa_mask[0]=0x7ffbfeff, sa_flags=0x10000004
SIGPIPE: [libjvm.so+0x7cb0b0], sa_mask[0]=0x7ffbfeff, sa_flags=0x10000004
SIGXFSZ: [libjvm.so+0x7cb0b0], sa_mask[0]=0x7ffbfeff, sa_flags=0x10000004
SIGILL: [libjvm.so+0x7cb0b0], sa_mask[0]=0x7ffbfeff, sa_flags=0x10000004
SIGUSR1: SIG_DFL, sa_mask[0]=0x00000000, sa_flags=0x00000000
SIGUSR2: [libjvm.so+0x7caf50], sa_mask[0]=0x00000004, sa_flags=0x10000004
SIGHUP: [libjvm.so+0x7cb130], sa_mask[0]=0x7ffbfeff, sa_flags=0x10000004
SIGINT: [libjvm.so+0x7cb130], sa_mask[0]=0x7ffbfeff, sa_flags=0x10000004
SIGTERM: [libjvm.so+0x7cb130], sa_mask[0]=0x7ffbfeff, sa_flags=0x10000004
SIGQUIT: [libjvm.so+0x7cb130], sa_mask[0]=0x7ffbfeff, sa_flags=0x10000004
SIGTRAP: SIG_DFL, sa_mask[0]=0x00000000, sa_flags=0x00000000


---------------  S Y S T E M  ---------------

OS:Ubuntu 14.04 (trusty)
uname:Linux 3.16.0-70-generic #90~14.04.1-Ubuntu SMP Wed Apr 6 22:56:34 UTC 2016 x86_64
libc:glibc 2.19 NPTL 2.19 
rlimit: STACK 8192k, CORE 0k, NPROC 30693, NOFILE 4096, AS infinity
load average:2,95 3,13 2,82

/proc/meminfo:
MemTotal:        8059688 kB
MemFree:         1644516 kB
MemAvailable:    3586704 kB
Buffers:          244340 kB
Cached:          1991536 kB
SwapCached:            0 kB
Active:          4657592 kB
Inactive:        1363048 kB
Active(anon):    3786480 kB
Inactive(anon):   183988 kB
Active(file):     871112 kB
Inactive(file):  1179060 kB
Unevictable:          72 kB
Mlocked:              72 kB
SwapTotal:       4075516 kB
SwapFree:        4075516 kB
Dirty:             10500 kB
Writeback:             0 kB
AnonPages:       3787032 kB
Mapped:           619288 kB
Shmem:            185704 kB
Slab:             168036 kB
SReclaimable:     121904 kB
SUnreclaim:        46132 kB
KernelStack:       12432 kB
PageTables:        62072 kB
NFS_Unstable:          0 kB
Bounce:                0 kB
WritebackTmp:          0 kB
CommitLimit:     8105360 kB
Committed_AS:   10589084 kB
VmallocTotal:   34359738367 kB
VmallocUsed:      395992 kB
VmallocChunk:   34359262848 kB
HardwareCorrupted:     0 kB
AnonHugePages:   1402880 kB
HugePages_Total:       0
HugePages_Free:        0
HugePages_Rsvd:        0
HugePages_Surp:        0
Hugepagesize:       2048 kB
DirectMap4k:      272324 kB
DirectMap2M:     7999488 kB


CPU:total 4 (2 cores per cpu, 2 threads per core) family 6 model 58 stepping 9, cmov, cx8, fxsr, mmx, sse, sse2, sse3, ssse3, sse4.1, sse4.2, popcnt, avx, erms, ht, tsc, tscinvbit, tscinv

/proc/cpuinfo:
processor	: 0
vendor_id	: GenuineIntel
cpu family	: 6
model		: 58
model name	: Intel(R) Core(TM) i3-3217U CPU @ 1.80GHz
stepping	: 9
microcode	: 0x15
cpu MHz		: 1800.000
cache size	: 3072 KB
physical id	: 0
siblings	: 4
core id		: 0
cpu cores	: 2
apicid		: 0
initial apicid	: 0
fpu		: yes
fpu_exception	: yes
cpuid level	: 13
wp		: yes
flags		: fpu vme de pse tsc msr pae mce cx8 apic sep mtrr pge mca cmov pat pse36 clflush dts acpi mmx fxsr sse sse2 ss ht tm pbe syscall nx rdtscp lm constant_tsc arch_perfmon pebs bts rep_good nopl xtopology nonstop_tsc aperfmperf eagerfpu pni pclmulqdq dtes64 monitor ds_cpl vmx est tm2 ssse3 cx16 xtpr pdcm pcid sse4_1 sse4_2 x2apic popcnt tsc_deadline_timer xsave avx f16c lahf_lm ida arat epb xsaveopt pln pts dtherm tpr_shadow vnmi flexpriority ept vpid fsgsbase smep erms
bogomips	: 3591.94
clflush size	: 64
cache_alignment	: 64
address sizes	: 36 bits physical, 48 bits virtual
power management:

processor	: 1
vendor_id	: GenuineIntel
cpu family	: 6
model		: 58
model name	: Intel(R) Core(TM) i3-3217U CPU @ 1.80GHz
stepping	: 9
microcode	: 0x15
cpu MHz		: 1800.000
cache size	: 3072 KB
physical id	: 0
siblings	: 4
core id		: 1
cpu cores	: 2
apicid		: 2
initial apicid	: 2
fpu		: yes
fpu_exception	: yes
cpuid level	: 13
wp		: yes
flags		: fpu vme de pse tsc msr pae mce cx8 apic sep mtrr pge mca cmov pat pse36 clflush dts acpi mmx fxsr sse sse2 ss ht tm pbe syscall nx rdtscp lm constant_tsc arch_perfmon pebs bts rep_good nopl xtopology nonstop_tsc aperfmperf eagerfpu pni pclmulqdq dtes64 monitor ds_cpl vmx est tm2 ssse3 cx16 xtpr pdcm pcid sse4_1 sse4_2 x2apic popcnt tsc_deadline_timer xsave avx f16c lahf_lm ida arat epb xsaveopt pln pts dtherm tpr_shadow vnmi flexpriority ept vpid fsgsbase smep erms
bogomips	: 3591.94
clflush size	: 64
cache_alignment	: 64
address sizes	: 36 bits physical, 48 bits virtual
power management:

processor	: 2
vendor_id	: GenuineIntel
cpu family	: 6
model		: 58
model name	: Intel(R) Core(TM) i3-3217U CPU @ 1.80GHz
stepping	: 9
microcode	: 0x15
cpu MHz		: 1800.000
cache size	: 3072 KB
physical id	: 0
siblings	: 4
core id		: 0
cpu cores	: 2
apicid		: 1
initial apicid	: 1
fpu		: yes
fpu_exception	: yes
cpuid level	: 13
wp		: yes
flags		: fpu vme de pse tsc msr pae mce cx8 apic sep mtrr pge mca cmov pat pse36 clflush dts acpi mmx fxsr sse sse2 ss ht tm pbe syscall nx rdtscp lm constant_tsc arch_perfmon pebs bts rep_good nopl xtopology nonstop_tsc aperfmperf eagerfpu pni pclmulqdq dtes64 monitor ds_cpl vmx est tm2 ssse3 cx16 xtpr pdcm pcid sse4_1 sse4_2 x2apic popcnt tsc_deadline_timer xsave avx f16c lahf_lm ida arat epb xsaveopt pln pts dtherm tpr_shadow vnmi flexpriority ept vpid fsgsbase smep erms
bogomips	: 3591.94
clflush size	: 64
cache_alignment	: 64
address sizes	: 36 bits physical, 48 bits virtual
power management:

processor	: 3
vendor_id	: GenuineIntel
cpu family	: 6
model		: 58
model name	: Intel(R) Core(TM) i3-3217U CPU @ 1.80GHz
stepping	: 9
microcode	: 0x15
cpu MHz		: 1800.000
cache size	: 3072 KB
physical id	: 0
siblings	: 4
core id		: 1
cpu cores	: 2
apicid		: 3
initial apicid	: 3
fpu		: yes
fpu_exception	: yes
cpuid level	: 13
wp		: yes
flags		: fpu vme de pse tsc msr pae mce cx8 apic sep mtrr pge mca cmov pat pse36 clflush dts acpi mmx fxsr sse sse2 ss ht tm pbe syscall nx rdtscp lm constant_tsc arch_perfmon pebs bts rep_good nopl xtopology nonstop_tsc aperfmperf eagerfpu pni pclmulqdq dtes64 monitor ds_cpl vmx est tm2 ssse3 cx16 xtpr pdcm pcid sse4_1 sse4_2 x2apic popcnt tsc_deadline_timer xsave avx f16c lahf_lm ida arat epb xsaveopt pln pts dtherm tpr_shadow vnmi flexpriority ept vpid fsgsbase smep erms
bogomips	: 3591.94
clflush size	: 64
cache_alignment	: 64
address sizes	: 36 bits physical, 48 bits virtual
power management:



Memory: 4k page, physical 8059688k(1644516k free), swap 4075516k(4075516k free)

vm_info: OpenJDK 64-Bit Server VM (24.95-b01) for linux-amd64 JRE (1.7.0_95-b00), built on Mar 24 2016 06:13:32 by "buildd" with gcc 4.8.2

time: Tue Apr 19 16:36:01 2016
elapsed time: 0 seconds

