#
# A fatal error has been detected by the Java Runtime Environment:
#
#  SIGSEGV (0xb) at pc=0x00007f86f137452a, pid=3432, tid=140217248814848
#
# JRE version: OpenJDK Runtime Environment (7.0_95) (build 1.7.0_95-b00)
# Java VM: OpenJDK 64-Bit Server VM (24.95-b01 mixed mode linux-amd64 compressed oops)
# Derivative: IcedTea 2.6.4
# Distribution: Ubuntu 14.04.3 LTS, package 7u95-2.6.4-0ubuntu0.14.04.1
# Problematic frame:
# V  [libjvm.so+0x59b52a]
#
# Failed to write core dump. Core dumps have been disabled. To enable core dumping, try "ulimit -c unlimited" before starting Java again
#
# If you would like to submit a bug report, please include
# instructions on how to reproduce the bug and visit:
#   http://icedtea.classpath.org/bugzilla
#

---------------  T H R E A D  ---------------

Current thread (0x00007f86ec0ac800):  JavaThread "C2 CompilerThread1" daemon [_thread_in_native, id=3447, stack(0x00007f86df3e9000,0x00007f86df4ea000)]

siginfo:si_signo=SIGSEGV: si_errno=0, si_code=1 (SEGV_MAPERR), si_addr=0x00007f8ebc059c00

Registers:
RAX=0x00007f8ebc059bd0, RBX=0x0000000000000000, RCX=0x0000000000000000, RDX=0x0000000000000006
RSP=0x00007f86df4e58a0, RBP=0x00007f86df4e5900, RSI=0x0000000000000007, RDI=0x0000000000000144
R8 =0x0000000000000001, R9 =0x0000000000000001, R10=0x00007f86b8d08390, R11=0x00007f86bcef1f00
R12=0x00007f86df4e5c10, R13=0x0000000000000006, R14=0x00007f86b8bf2d48, R15=0x00007f86bcef20e0
RIP=0x00007f86f137452a, EFLAGS=0x0000000000010293, CSGSFS=0x0000000000000033, ERR=0x0000000000000004
  TRAPNO=0x000000000000000e

Top of Stack: (sp=0x00007f86df4e58a0)
0x00007f86df4e58a0:   00000000000000e6 00007f8600000693
0x00007f86df4e58b0:   00007f86b8d08480 00007f8600000001
0x00007f86df4e58c0:   0000000100000144 00007f86bcef1f00
0x00007f86df4e58d0:   0000000000000000 00007f86df4e5c10
0x00007f86df4e58e0:   00007f86f1bc5940 00007f86df4e5980
0x00007f86df4e58f0:   00007f86bc09c270 00007f86df4e5a50
0x00007f86df4e5900:   00007f86df4e5b40 00007f86f11a42e3
0x00007f86df4e5910:   00007f86df4e5970 00007f86df4e59f0
0x00007f86df4e5920:   00007f86df4e5950 00000000000003d8
0x00007f86df4e5930:   00007f86df4e59b0 000000780000007b
0x00007f86df4e5940:   00007f86bc09c658 00007f86bc09c280
0x00007f86df4e5950:   00007f86bc09d100 00007f86bc09d100
0x00007f86df4e5960:   00007f86bc09d110 00007f86bc09d4e8
0x00007f86df4e5970:   00000000000003d8 00000002f16e5cb6
0x00007f86df4e5980:   00007f86bc09c270 00007f86b84cf970
0x00007f86df4e5990:   00007f86b84d5f80 00007f86b84d7958
0x00007f86df4e59a0:   00000000001bf420 0000000000000000
0x00007f86df4e59b0:   000000000000000b 00007f86df4e7f50
0x00007f86df4e59c0:   00007f86bca69770 00007f86bce8da00
0x00007f86df4e59d0:   00007f86bc9c2960 00007f8600000fd8
0x00007f86df4e59e0:   00007f86df4e5980 00007f86bc09c280
0x00007f86df4e59f0:   00007f8600000009 00007f86df4e7f50
0x00007f86df4e5a00:   00007f86bceb5aa0 00007f86bcf1ca00
0x00007f86df4e5a10:   00007f86bca59790 00007f86bca5cce0
0x00007f86df4e5a20:   00007f86b8f46a30 00007f86df4e5b80
0x00007f86df4e5a30:   00007f86df4e5cd8 0000000000000fd8
0x00007f86df4e5a40:   00007f86df4e5980 00007f86f1085528
0x00007f86df4e5a50:   00007f86df4e5a70 00007f86f15f0232
0x00007f86df4e5a60:   0000000000000000 00007f86df4e5c10
0x00007f86df4e5a70:   00007f86df4e5aa0 00007f86f1633519
0x00007f86df4e5a80:   00007f86df4e5af0 00007f86df4e5c10
0x00007f86df4e5a90:   00007f86df4e5af0 00007f86df4e5ac0 

Instructions: (pc=0x00007f86f137452a)
0x00007f86f137450a:   8d 3c 80 41 8b 42 28 49 c1 e7 05 4c 03 7a 10 44
0x00007f86f137451a:   8d 68 ff 45 3b 6a 18 73 0b 49 8b 42 20 44 89 ea
0x00007f86f137452a:   48 8b 1c d0 48 8b 03 44 89 4d c4 48 89 df 4c 89
0x00007f86f137453a:   55 c8 ff 50 28 48 39 c3 45 89 e8 4c 8b 55 c8 44 

Register to memory mapping:

RAX=0x00007f8ebc059bd0 is an unknown value
RBX=0x0000000000000000 is an unknown value
RCX=0x0000000000000000 is an unknown value
RDX=0x0000000000000006 is an unknown value
RSP=0x00007f86df4e58a0 is pointing into the stack for thread: 0x00007f86ec0ac800
RBP=0x00007f86df4e5900 is pointing into the stack for thread: 0x00007f86ec0ac800
RSI=0x0000000000000007 is an unknown value
RDI=0x0000000000000144 is an unknown value
R8 =0x0000000000000001 is an unknown value
R9 =0x0000000000000001 is an unknown value
R10=0x00007f86b8d08390 is an unknown value
R11=0x00007f86bcef1f00 is an unknown value
R12=0x00007f86df4e5c10 is pointing into the stack for thread: 0x00007f86ec0ac800
R13=0x0000000000000006 is an unknown value
R14=0x00007f86b8bf2d48 is an unknown value
R15=0x00007f86bcef20e0 is an unknown value


Stack: [0x00007f86df3e9000,0x00007f86df4ea000],  sp=0x00007f86df4e58a0,  free space=1010k
Native frames: (J=compiled Java code, j=interpreted, Vv=VM code, C=native code)
V  [libjvm.so+0x59b52a]
V  [libjvm.so+0x3cb2e3]
V  [libjvm.so+0x43f92a]
V  [libjvm.so+0x443ab7]
V  [libjvm.so+0x3b1c7a]
V  [libjvm.so+0x449937]
V  [libjvm.so+0x44aa40]
V  [libjvm.so+0x907e50]
V  [libjvm.so+0x9080c1]
V  [libjvm.so+0x7cc682]


Current CompileTask:
C2:  20991  969   !         com.android.dx.dex.cf.CfTranslator::processMethods (583 bytes)


---------------  P R O C E S S  ---------------

Java Threads: ( => current thread )
  0x00007f86ec1de800 JavaThread "pool-2-thread-4" [_thread_in_vm, id=3454, stack(0x00007f86dd564000,0x00007f86dd665000)]
  0x00007f86ec1dc800 JavaThread "pool-2-thread-3" [_thread_in_vm, id=3453, stack(0x00007f86dd665000,0x00007f86dd766000)]
  0x00007f86ec1d9800 JavaThread "pool-2-thread-2" [_thread_in_Java, id=3452, stack(0x00007f86dd766000,0x00007f86dd867000)]
  0x00007f86ec1d8000 JavaThread "pool-3-thread-1" [_thread_blocked, id=3451, stack(0x00007f86dd867000,0x00007f86dd968000)]
  0x00007f86ec1d3800 JavaThread "pool-2-thread-1" [_thread_in_Java, id=3450, stack(0x00007f86dd968000,0x00007f86dda69000)]
  0x00007f86ec0ae800 JavaThread "Service Thread" daemon [_thread_blocked, id=3448, stack(0x00007f86df2e8000,0x00007f86df3e9000)]
=>0x00007f86ec0ac800 JavaThread "C2 CompilerThread1" daemon [_thread_in_native, id=3447, stack(0x00007f86df3e9000,0x00007f86df4ea000)]
  0x00007f86ec0a9800 JavaThread "C2 CompilerThread0" daemon [_thread_in_native, id=3446, stack(0x00007f86df4ea000,0x00007f86df5eb000)]
  0x00007f86ec0a7000 JavaThread "Signal Dispatcher" daemon [_thread_blocked, id=3445, stack(0x00007f86df5eb000,0x00007f86df6ec000)]
  0x00007f86ec07c000 JavaThread "Finalizer" daemon [_thread_blocked, id=3444, stack(0x00007f86dfeff000,0x00007f86e0000000)]
  0x00007f86ec07a000 JavaThread "Reference Handler" daemon [_thread_blocked, id=3443, stack(0x00007f86e40dd000,0x00007f86e41de000)]
  0x00007f86ec00a800 JavaThread "main" [_thread_in_vm, id=3437, stack(0x00007f86f28ee000,0x00007f86f29ef000)]

Other Threads:
  0x00007f86ec075800 VMThread [stack: 0x00007f86e41de000,0x00007f86e42df000] [id=3442]
  0x00007f86ec0b9800 WatcherThread [stack: 0x00007f86df1e7000,0x00007f86df2e8000] [id=3449]

VM state:not at safepoint (normal execution)

VM Mutex/Monitor currently owned by a thread: None

Heap
 PSYoungGen      total 273408K, used 259005K [0x00000000eaa80000, 0x0000000100000000, 0x0000000100000000)
  eden space 221696K, 93% used [0x00000000eaa80000,0x00000000f74f4760,0x00000000f8300000)
  from space 51712K, 99% used [0x00000000fcd80000,0x00000000ffffaeb0,0x0000000100000000)
  to   space 64000K, 0% used [0x00000000f8300000,0x00000000f8300000,0x00000000fc180000)
 ParOldGen       total 169472K, used 91220K [0x00000000c0000000, 0x00000000ca580000, 0x00000000eaa80000)
  object space 169472K, 53% used [0x00000000c0000000,0x00000000c5915318,0x00000000ca580000)
 PSPermGen       total 21504K, used 6344K [0x00000000b5a00000, 0x00000000b6f00000, 0x00000000c0000000)
  object space 21504K, 29% used [0x00000000b5a00000,0x00000000b6032040,0x00000000b6f00000)

Card table byte_map: [0x00007f86e8139000,0x00007f86e838d000] byte_map_base: 0x00007f86e7b8c000

Polling page: 0x00007f86f2a16000

Code Cache  [0x00007f86e838d000, 0x00007f86e870d000, 0x00007f86eb38d000)
 total_blobs=1186 nmethods=955 adapters=184 free_code_cache=45637Kb largest_free_block=46671232

Compilation events (10 events):
Event: 20,728 Thread 0x00007f86ec0a9800 nmethod 982 0x00007f86e84bc490 code [0x00007f86e84bc5e0, 0x00007f86e84bc6a8]
Event: 20,728 Thread 0x00007f86ec0a9800  983             com.android.dx.cf.direct.DirectClassFile::getAttributes (9 bytes)
Event: 20,729 Thread 0x00007f86ec0a9800 nmethod 983 0x00007f86e86c4190 code [0x00007f86e86c42c0, 0x00007f86e86c4338]
Event: 20,729 Thread 0x00007f86ec0a9800  984             com.android.dx.ssa.back.FirstFitLocalCombiningAllocator::ssaSetToSpecs (57 bytes)
Event: 20,763 Thread 0x00007f86ec0a9800 nmethod 984 0x00007f86e86de250 code [0x00007f86e86de420, 0x00007f86e86dec68]
Event: 20,763 Thread 0x00007f86ec0a9800  985             com.android.dx.ssa.SsaBasicBlock::scheduleMovesFromPhis (108 bytes)
Event: 20,765 Thread 0x00007f86ec0a9800 nmethod 985 0x00007f86e86e1290 code [0x00007f86e86e13e0, 0x00007f86e86e14d8]
Event: 20,765 Thread 0x00007f86ec0a9800  986             com.android.dx.ssa.back.FirstFitLocalCombiningAllocator::adjustAndMapSourceRangeRange (196 bytes)
Event: 20,975 Thread 0x00007f86ec0a9800 nmethod 986 0x00007f86e86eaa90 code [0x00007f86e86ead60, 0x00007f86e86ec5a0]
Event: 20,975 Thread 0x00007f86ec0a9800  987 %           com.android.dx.ssa.InterferenceRegisterMapper::areAnyPinned @ 9 (81 bytes)

GC Heap History (10 events):
Event: 10,766 GC heap before
{Heap before GC invocations=5 (full 0):
 PSYoungGen      total 132096K, used 132073K [0x00000000eaa80000, 0x00000000f3080000, 0x0000000100000000)
  eden space 126976K, 100% used [0x00000000eaa80000,0x00000000f2680000,0x00000000f2680000)
  from space 5120K, 99% used [0x00000000f2b80000,0x00000000f307a720,0x00000000f3080000)
  to   space 5120K, 0% used [0x00000000f2680000,0x00000000f2680000,0x00000000f2b80000)
 ParOldGen       total 83968K, used 29212K [0x00000000c0000000, 0x00000000c5200000, 0x00000000eaa80000)
  object space 83968K, 34% used [0x00000000c0000000,0x00000000c1c87170,0x00000000c5200000)
 PSPermGen       total 21504K, used 6252K [0x00000000b5a00000, 0x00000000b6f00000, 0x00000000c0000000)
  object space 21504K, 29% used [0x00000000b5a00000,0x00000000b601b1c8,0x00000000b6f00000)
Event: 10,828 GC heap after
Heap after GC invocations=5 (full 0):
 PSYoungGen      total 132096K, used 5114K [0x00000000eaa80000, 0x00000000fd580000, 0x0000000100000000)
  eden space 126976K, 0% used [0x00000000eaa80000,0x00000000eaa80000,0x00000000f2680000)
  from space 5120K, 99% used [0x00000000f2680000,0x00000000f2b7e8a0,0x00000000f2b80000)
  to   space 26112K, 0% used [0x00000000fbc00000,0x00000000fbc00000,0x00000000fd580000)
 ParOldGen       total 83968K, used 49577K [0x00000000c0000000, 0x00000000c5200000, 0x00000000eaa80000)
  object space 83968K, 59% used [0x00000000c0000000,0x00000000c306a750,0x00000000c5200000)
 PSPermGen       total 21504K, used 6252K [0x00000000b5a00000, 0x00000000b6f00000, 0x00000000c0000000)
  object space 21504K, 29% used [0x00000000b5a00000,0x00000000b601b1c8,0x00000000b6f00000)
}
Event: 13,005 GC heap before
{Heap before GC invocations=6 (full 0):
 PSYoungGen      total 132096K, used 132090K [0x00000000eaa80000, 0x00000000fd580000, 0x0000000100000000)
  eden space 126976K, 100% used [0x00000000eaa80000,0x00000000f2680000,0x00000000f2680000)
  from space 5120K, 99% used [0x00000000f2680000,0x00000000f2b7e8a0,0x00000000f2b80000)
  to   space 26112K, 0% used [0x00000000fbc00000,0x00000000fbc00000,0x00000000fd580000)
 ParOldGen       total 83968K, used 49577K [0x00000000c0000000, 0x00000000c5200000, 0x00000000eaa80000)
  object space 83968K, 59% used [0x00000000c0000000,0x00000000c306a750,0x00000000c5200000)
 PSPermGen       total 21504K, used 6294K [0x00000000b5a00000, 0x00000000b6f00000, 0x00000000c0000000)
  object space 21504K, 29% used [0x00000000b5a00000,0x00000000b6025af0,0x00000000b6f00000)
Event: 13,106 GC heap after
Heap after GC invocations=6 (full 0):
 PSYoungGen      total 275456K, used 26110K [0x00000000eaa80000, 0x00000000fde80000, 0x0000000100000000)
  eden space 249344K, 0% used [0x00000000eaa80000,0x00000000eaa80000,0x00000000f9e00000)
  from space 26112K, 99% used [0x00000000fbc00000,0x00000000fd57f9c8,0x00000000fd580000)
  to   space 30720K, 0% used [0x00000000f9e00000,0x00000000f9e00000,0x00000000fbc00000)
 ParOldGen       total 83968K, used 49784K [0x00000000c0000000, 0x00000000c5200000, 0x00000000eaa80000)
  object space 83968K, 59% used [0x00000000c0000000,0x00000000c309e070,0x00000000c5200000)
 PSPermGen       total 21504K, used 6294K [0x00000000b5a00000, 0x00000000b6f00000, 0x00000000c0000000)
  object space 21504K, 29% used [0x00000000b5a00000,0x00000000b6025af0,0x00000000b6f00000)
}
Event: 16,414 GC heap before
{Heap before GC invocations=7 (full 0):
 PSYoungGen      total 275456K, used 275454K [0x00000000eaa80000, 0x00000000fde80000, 0x0000000100000000)
  eden space 249344K, 100% used [0x00000000eaa80000,0x00000000f9e00000,0x00000000f9e00000)
  from space 26112K, 99% used [0x00000000fbc00000,0x00000000fd57f9c8,0x00000000fd580000)
  to   space 30720K, 0% used [0x00000000f9e00000,0x00000000f9e00000,0x00000000fbc00000)
 ParOldGen       total 83968K, used 49784K [0x00000000c0000000, 0x00000000c5200000, 0x00000000eaa80000)
  object space 83968K, 59% used [0x00000000c0000000,0x00000000c309e070,0x00000000c5200000)
 PSPermGen       total 21504K, used 6317K [0x00000000b5a00000, 0x00000000b6f00000, 0x00000000c0000000)
  object space 21504K, 29% used [0x00000000b5a00000,0x00000000b602b600,0x00000000b6f00000)
Event: 16,570 GC heap after
Heap after GC invocations=7 (full 0):
 PSYoungGen      total 280064K, used 30698K [0x00000000eaa80000, 0x0000000100000000, 0x0000000100000000)
  eden space 249344K, 0% used [0x00000000eaa80000,0x00000000eaa80000,0x00000000f9e00000)
  from space 30720K, 99% used [0x00000000f9e00000,0x00000000fbbfabd8,0x00000000fbc00000)
  to   space 51712K, 0% used [0x00000000fcd80000,0x00000000fcd80000,0x0000000100000000)
 ParOldGen       total 83968K, used 81686K [0x00000000c0000000, 0x00000000c5200000, 0x00000000eaa80000)
  object space 83968K, 97% used [0x00000000c0000000,0x00000000c4fc58b0,0x00000000c5200000)
 PSPermGen       total 21504K, used 6317K [0x00000000b5a00000, 0x00000000b6f00000, 0x00000000c0000000)
  object space 21504K, 29% used [0x00000000b5a00000,0x00000000b602b600,0x00000000b6f00000)
}
Event: 16,570 GC heap before
{Heap before GC invocations=8 (full 1):
 PSYoungGen      total 280064K, used 30698K [0x00000000eaa80000, 0x0000000100000000, 0x0000000100000000)
  eden space 249344K, 0% used [0x00000000eaa80000,0x00000000eaa80000,0x00000000f9e00000)
  from space 30720K, 99% used [0x00000000f9e00000,0x00000000fbbfabd8,0x00000000fbc00000)
  to   space 51712K, 0% used [0x00000000fcd80000,0x00000000fcd80000,0x0000000100000000)
 ParOldGen       total 83968K, used 81686K [0x00000000c0000000, 0x00000000c5200000, 0x00000000eaa80000)
  object space 83968K, 97% used [0x00000000c0000000,0x00000000c4fc58b0,0x00000000c5200000)
 PSPermGen       total 21504K, used 6317K [0x00000000b5a00000, 0x00000000b6f00000, 0x00000000c0000000)
  object space 21504K, 29% used [0x00000000b5a00000,0x00000000b602b600,0x00000000b6f00000)
Event: 17,824 GC heap after
Heap after GC invocations=8 (full 1):
 PSYoungGen      total 280064K, used 23975K [0x00000000eaa80000, 0x0000000100000000, 0x0000000100000000)
  eden space 249344K, 0% used [0x00000000eaa80000,0x00000000eaa80000,0x00000000f9e00000)
  from space 30720K, 78% used [0x00000000f9e00000,0x00000000fb569e10,0x00000000fbc00000)
  to   space 51712K, 0% used [0x00000000fcd80000,0x00000000fcd80000,0x0000000100000000)
 ParOldGen       total 169472K, used 83855K [0x00000000c0000000, 0x00000000ca580000, 0x00000000eaa80000)
  object space 169472K, 49% used [0x00000000c0000000,0x00000000c51e3e40,0x00000000ca580000)
 PSPermGen       total 21504K, used 6312K [0x00000000b5a00000, 0x00000000b6f00000, 0x00000000c0000000)
  object space 21504K, 29% used [0x00000000b5a00000,0x00000000b602a310,0x00000000b6f00000)
}
Event: 19,511 GC heap before
{Heap before GC invocations=9 (full 1):
 PSYoungGen      total 280064K, used 273319K [0x00000000eaa80000, 0x0000000100000000, 0x0000000100000000)
  eden space 249344K, 100% used [0x00000000eaa80000,0x00000000f9e00000,0x00000000f9e00000)
  from space 30720K, 78% used [0x00000000f9e00000,0x00000000fb569e10,0x00000000fbc00000)
  to   space 51712K, 0% used [0x00000000fcd80000,0x00000000fcd80000,0x0000000100000000)
 ParOldGen       total 169472K, used 83855K [0x00000000c0000000, 0x00000000ca580000, 0x00000000eaa80000)
  object space 169472K, 49% used [0x00000000c0000000,0x00000000c51e3e40,0x00000000ca580000)
 PSPermGen       total 21504K, used 6326K [0x00000000b5a00000, 0x00000000b6f00000, 0x00000000c0000000)
  object space 21504K, 29% used [0x00000000b5a00000,0x00000000b602d990,0x00000000b6f00000)
Event: 19,661 GC heap after
Heap after GC invocations=9 (full 1):
 PSYoungGen      total 273408K, used 51691K [0x00000000eaa80000, 0x0000000100000000, 0x0000000100000000)
  eden space 221696K, 0% used [0x00000000eaa80000,0x00000000eaa80000,0x00000000f8300000)
  from space 51712K, 99% used [0x00000000fcd80000,0x00000000ffffaeb0,0x0000000100000000)
  to   space 64000K, 0% used [0x00000000f8300000,0x00000000f8300000,0x00000000fc180000)
 ParOldGen       total 169472K, used 91220K [0x00000000c0000000, 0x00000000ca580000, 0x00000000eaa80000)
  object space 169472K, 53% used [0x00000000c0000000,0x00000000c5915318,0x00000000ca580000)
 PSPermGen       total 21504K, used 6326K [0x00000000b5a00000, 0x00000000b6f00000, 0x00000000c0000000)
  object space 21504K, 29% used [0x00000000b5a00000,0x00000000b602d990,0x00000000b6f00000)
}

Deoptimization events (10 events):
Event: 20,200 Thread 0x00007f86ec1d3800 Uncommon trap: reason=unstable_if action=reinterpret pc=0x00007f86e864ae10 method=com.android.dx.cf.code.Simulator$SimVisitor.visitLocal(IIIILcom/android/dx/rop/type/Type;I)V @ 222
Event: 20,204 Thread 0x00007f86ec1de800 Uncommon trap: reason=unstable_if action=reinterpret pc=0x00007f86e86a0ef0 method=com.android.dx.cf.code.BasicBlocker.visitNoArgs(IIILcom/android/dx/rop/type/Type;)V @ 277
Event: 20,316 Thread 0x00007f86ec1d9800 Uncommon trap: reason=unstable_if action=reinterpret pc=0x00007f86e86c8db8 method=com.android.dx.rop.code.LocalVariableExtractor.processBlock(I)V @ 208
Event: 20,393 Thread 0x00007f86ec1d9800 Uncommon trap: reason=bimorphic action=maybe_recompile pc=0x00007f86e86cf268 method=com.android.dx.cf.code.BytecodeArray.parseInstruction(ILcom/android/dx/cf/code/BytecodeArray$Visitor;)I @ 1417
Event: 20,393 Thread 0x00007f86ec1d9800 Uncommon trap: reason=bimorphic action=maybe_recompile pc=0x00007f86e86cf268 method=com.android.dx.cf.code.BytecodeArray.parseInstruction(ILcom/android/dx/cf/code/BytecodeArray$Visitor;)I @ 1417
Event: 20,754 Thread 0x00007f86ec1d9800 Uncommon trap: reason=bimorphic action=maybe_recompile pc=0x00007f86e852c20c method=com.android.dx.ssa.LiteralOpUpgrader.tryReplacingWithConstant(Lcom/android/dx/ssa/NormalSsaInsn;)Z @ 62
Event: 20,831 Thread 0x00007f86ec1dc800 Uncommon trap: reason=bimorphic action=maybe_recompile pc=0x00007f86e852c20c method=com.android.dx.ssa.LiteralOpUpgrader.tryReplacingWithConstant(Lcom/android/dx/ssa/NormalSsaInsn;)Z @ 62
Event: 20,843 Thread 0x00007f86ec1de800 Uncommon trap: reason=unstable_if action=reinterpret pc=0x00007f86e86f71a0 method=com.android.dx.ssa.back.FirstFitLocalCombiningAllocator.fitPlanForRange(ILcom/android/dx/ssa/NormalSsaInsn;[ILjava/util/BitSet;)I @ 200
Event: 20,939 Thread 0x00007f86ec1d9800 Uncommon trap: reason=unstable_if action=reinterpret pc=0x00007f86e86102f0 method=java.util.TimSort.sort([Ljava/lang/Object;IILjava/util/Comparator;)V @ 34
Event: 20,939 Thread 0x00007f86ec00a800 Uncommon trap: reason=unstable_if action=reinterpret pc=0x00007f86e861eb08 method=com.android.dx.cf.code.ByteCatchList.listFor(I)Lcom/android/dx/cf/code/ByteCatchList; @ 47

Internal exceptions (10 events):
Event: 10,957 Thread 0x00007f86ec1de800 Threw 0x00000000eb18bc50 at /build/openjdk-7-2FOwCu/openjdk-7-7u95-2.6.4/build/openjdk/hotspot/src/share/vm/prims/jvm.cpp:1322
Event: 10,958 Thread 0x00007f86ec1de800 Threw 0x00000000eb191bf8 at /build/openjdk-7-2FOwCu/openjdk-7-7u95-2.6.4/build/openjdk/hotspot/src/share/vm/prims/jvm.cpp:1322
Event: 10,959 Thread 0x00007f86ec1de800 Threw 0x00000000eb1979f8 at /build/openjdk-7-2FOwCu/openjdk-7-7u95-2.6.4/build/openjdk/hotspot/src/share/vm/prims/jvm.cpp:1322
Event: 13,797 Thread 0x00007f86ec1d9800 Implicit null exception at 0x00007f86e85ff471 to 0x00007f86e86053a9
Event: 14,824 Thread 0x00007f86ec1d3800 Threw 0x00000000f15b59d8 at /build/openjdk-7-2FOwCu/openjdk-7-7u95-2.6.4/build/openjdk/hotspot/src/share/vm/prims/jvm.cpp:1322
Event: 19,209 Thread 0x00007f86ec1d3800 Implicit null exception at 0x00007f86e86055ad to 0x00007f86e8608099
Event: 19,508 Thread 0x00007f86ec1de800 Implicit null exception at 0x00007f86e84d37ad to 0x00007f86e84d4e09
Event: 19,664 Thread 0x00007f86ec00a800 Threw 0x00000000eab8ba70 at /build/openjdk-7-2FOwCu/openjdk-7-7u95-2.6.4/build/openjdk/hotspot/src/share/vm/prims/jvm.cpp:1322
Event: 20,021 Thread 0x00007f86ec00a800 Threw 0x00000000edff1988 at /build/openjdk-7-2FOwCu/openjdk-7-7u95-2.6.4/build/openjdk/hotspot/src/share/vm/prims/jvm.cpp:1322
Event: 20,200 Thread 0x00007f86ec1d3800 Implicit null exception at 0x00007f86e864a219 to 0x00007f86e864adf1

Events (10 events):
Event: 20,831 Thread 0x00007f86ec1dc800 DEOPT UNPACKING pc=0x00007f86e83c6445 sp=0x00007f86dd7640b0 mode 2
Event: 20,843 Thread 0x00007f86ec1de800 Uncommon trap: trap_request=0xffffff75 fr.pc=0x00007f86e86f71a0
Event: 20,843 Thread 0x00007f86ec1de800 DEOPT PACKING pc=0x00007f86e86f71a0 sp=0x00007f86dd662ff0
Event: 20,843 Thread 0x00007f86ec1de800 DEOPT UNPACKING pc=0x00007f86e83c6445 sp=0x00007f86dd662f60 mode 2
Event: 20,939 Thread 0x00007f86ec1d9800 Uncommon trap: trap_request=0xffffff75 fr.pc=0x00007f86e86102f0
Event: 20,939 Thread 0x00007f86ec1d9800 DEOPT PACKING pc=0x00007f86e86102f0 sp=0x00007f86dd865170
Event: 20,939 Thread 0x00007f86ec1d9800 DEOPT UNPACKING pc=0x00007f86e83c6445 sp=0x00007f86dd864f50 mode 2
Event: 20,939 Thread 0x00007f86ec00a800 Uncommon trap: trap_request=0xffffff75 fr.pc=0x00007f86e861eb08
Event: 20,940 Thread 0x00007f86ec00a800 DEOPT PACKING pc=0x00007f86e861eb08 sp=0x00007f86f29ec900
Event: 20,940 Thread 0x00007f86ec00a800 DEOPT UNPACKING pc=0x00007f86e83c6445 sp=0x00007f86f29ec8c0 mode 2


Dynamic libraries:
00400000-00401000 r-xp 00000000 08:02 2761158                            /usr/lib/jvm/java-7-openjdk-amd64/jre/bin/java
00600000-00601000 r--p 00000000 08:02 2761158                            /usr/lib/jvm/java-7-openjdk-amd64/jre/bin/java
00601000-00602000 rw-p 00001000 08:02 2761158                            /usr/lib/jvm/java-7-openjdk-amd64/jre/bin/java
00f15000-00f36000 rw-p 00000000 00:00 0                                  [heap]
b5a00000-b6f00000 rw-p 00000000 00:00 0 
b6f00000-c0000000 rw-p 00000000 00:00 0 
c0000000-ca580000 rw-p 00000000 00:00 0 
ca580000-eaa80000 rw-p 00000000 00:00 0 
eaa80000-100000000 rw-p 00000000 00:00 0 
7f8698000000-7f8698021000 rw-p 00000000 00:00 0 
7f8698021000-7f869c000000 ---p 00000000 00:00 0 
7f86a0000000-7f86a0021000 rw-p 00000000 00:00 0 
7f86a0021000-7f86a4000000 ---p 00000000 00:00 0 
7f86a4000000-7f86a403a000 rw-p 00000000 00:00 0 
7f86a403a000-7f86a8000000 ---p 00000000 00:00 0 
7f86a8000000-7f86a8046000 rw-p 00000000 00:00 0 
7f86a8046000-7f86ac000000 ---p 00000000 00:00 0 
7f86ac000000-7f86ac021000 rw-p 00000000 00:00 0 
7f86ac021000-7f86b0000000 ---p 00000000 00:00 0 
7f86b0000000-7f86b0021000 rw-p 00000000 00:00 0 
7f86b0021000-7f86b4000000 ---p 00000000 00:00 0 
7f86b4000000-7f86b4021000 rw-p 00000000 00:00 0 
7f86b4021000-7f86b8000000 ---p 00000000 00:00 0 
7f86b8000000-7f86b9c01000 rw-p 00000000 00:00 0 
7f86b9c01000-7f86bc000000 ---p 00000000 00:00 0 
7f86bc000000-7f86bd78c000 rw-p 00000000 00:00 0 
7f86bd78c000-7f86c0000000 ---p 00000000 00:00 0 
7f86c0000000-7f86c0021000 rw-p 00000000 00:00 0 
7f86c0021000-7f86c4000000 ---p 00000000 00:00 0 
7f86c4000000-7f86c4021000 rw-p 00000000 00:00 0 
7f86c4021000-7f86c8000000 ---p 00000000 00:00 0 
7f86c8000000-7f86c8021000 rw-p 00000000 00:00 0 
7f86c8021000-7f86cc000000 ---p 00000000 00:00 0 
7f86cc000000-7f86cc021000 rw-p 00000000 00:00 0 
7f86cc021000-7f86d0000000 ---p 00000000 00:00 0 
7f86d0000000-7f86d0021000 rw-p 00000000 00:00 0 
7f86d0021000-7f86d4000000 ---p 00000000 00:00 0 
7f86d4000000-7f86d4021000 rw-p 00000000 00:00 0 
7f86d4021000-7f86d8000000 ---p 00000000 00:00 0 
7f86d8000000-7f86d8021000 rw-p 00000000 00:00 0 
7f86d8021000-7f86dc000000 ---p 00000000 00:00 0 
7f86dd564000-7f86dd567000 ---p 00000000 00:00 0 
7f86dd567000-7f86dd665000 rw-p 00000000 00:00 0                          [stack:3454]
7f86dd665000-7f86dd668000 ---p 00000000 00:00 0 
7f86dd668000-7f86dd766000 rw-p 00000000 00:00 0                          [stack:3453]
7f86dd766000-7f86dd769000 ---p 00000000 00:00 0 
7f86dd769000-7f86dd867000 rw-p 00000000 00:00 0                          [stack:3452]
7f86dd867000-7f86dd86a000 ---p 00000000 00:00 0 
7f86dd86a000-7f86dd968000 rw-p 00000000 00:00 0                          [stack:3451]
7f86dd968000-7f86dd96b000 ---p 00000000 00:00 0 
7f86dd96b000-7f86dda69000 rw-p 00000000 00:00 0                          [stack:3450]
7f86dda69000-7f86ddaa6000 r-xp 00000000 08:02 13447                      /lib/x86_64-linux-gnu/libpcre.so.3.13.1
7f86ddaa6000-7f86ddca5000 ---p 0003d000 08:02 13447                      /lib/x86_64-linux-gnu/libpcre.so.3.13.1
7f86ddca5000-7f86ddca6000 r--p 0003c000 08:02 13447                      /lib/x86_64-linux-gnu/libpcre.so.3.13.1
7f86ddca6000-7f86ddca7000 rw-p 0003d000 08:02 13447                      /lib/x86_64-linux-gnu/libpcre.so.3.13.1
7f86ddca7000-7f86ddcae000 r-xp 00000000 08:02 21389                      /usr/lib/x86_64-linux-gnu/libffi.so.6.0.1
7f86ddcae000-7f86ddead000 ---p 00007000 08:02 21389                      /usr/lib/x86_64-linux-gnu/libffi.so.6.0.1
7f86ddead000-7f86ddeae000 r--p 00006000 08:02 21389                      /usr/lib/x86_64-linux-gnu/libffi.so.6.0.1
7f86ddeae000-7f86ddeaf000 rw-p 00007000 08:02 21389                      /usr/lib/x86_64-linux-gnu/libffi.so.6.0.1
7f86ddeaf000-7f86ddec6000 r-xp 00000000 08:02 3147                       /lib/x86_64-linux-gnu/libresolv-2.19.so
7f86ddec6000-7f86de0c6000 ---p 00017000 08:02 3147                       /lib/x86_64-linux-gnu/libresolv-2.19.so
7f86de0c6000-7f86de0c7000 r--p 00017000 08:02 3147                       /lib/x86_64-linux-gnu/libresolv-2.19.so
7f86de0c7000-7f86de0c8000 rw-p 00018000 08:02 3147                       /lib/x86_64-linux-gnu/libresolv-2.19.so
7f86de0c8000-7f86de0ca000 rw-p 00000000 00:00 0 
7f86de0ca000-7f86de0ea000 r-xp 00000000 08:02 13524                      /lib/x86_64-linux-gnu/libselinux.so.1
7f86de0ea000-7f86de2e9000 ---p 00020000 08:02 13524                      /lib/x86_64-linux-gnu/libselinux.so.1
7f86de2e9000-7f86de2ea000 r--p 0001f000 08:02 13524                      /lib/x86_64-linux-gnu/libselinux.so.1
7f86de2ea000-7f86de2eb000 rw-p 00020000 08:02 13524                      /lib/x86_64-linux-gnu/libselinux.so.1
7f86de2eb000-7f86de2ed000 rw-p 00000000 00:00 0 
7f86de2ed000-7f86de2f0000 r-xp 00000000 08:02 28550                      /usr/lib/x86_64-linux-gnu/libgmodule-2.0.so.0.4002.0
7f86de2f0000-7f86de4ef000 ---p 00003000 08:02 28550                      /usr/lib/x86_64-linux-gnu/libgmodule-2.0.so.0.4002.0
7f86de4ef000-7f86de4f0000 r--p 00002000 08:02 28550                      /usr/lib/x86_64-linux-gnu/libgmodule-2.0.so.0.4002.0
7f86de4f0000-7f86de4f1000 rw-p 00003000 08:02 28550                      /usr/lib/x86_64-linux-gnu/libgmodule-2.0.so.0.4002.0
7f86de4f1000-7f86de5f7000 r-xp 00000000 08:02 13425                      /lib/x86_64-linux-gnu/libglib-2.0.so.0.4002.0
7f86de5f7000-7f86de7f6000 ---p 00106000 08:02 13425                      /lib/x86_64-linux-gnu/libglib-2.0.so.0.4002.0
7f86de7f6000-7f86de7f7000 r--p 00105000 08:02 13425                      /lib/x86_64-linux-gnu/libglib-2.0.so.0.4002.0
7f86de7f7000-7f86de7f8000 rw-p 00106000 08:02 13425                      /lib/x86_64-linux-gnu/libglib-2.0.so.0.4002.0
7f86de7f8000-7f86de7f9000 rw-p 00000000 00:00 0 
7f86de7f9000-7f86de848000 r-xp 00000000 08:02 28566                      /usr/lib/x86_64-linux-gnu/libgobject-2.0.so.0.4002.0
7f86de848000-7f86dea48000 ---p 0004f000 08:02 28566                      /usr/lib/x86_64-linux-gnu/libgobject-2.0.so.0.4002.0
7f86dea48000-7f86dea49000 r--p 0004f000 08:02 28566                      /usr/lib/x86_64-linux-gnu/libgobject-2.0.so.0.4002.0
7f86dea49000-7f86dea4a000 rw-p 00050000 08:02 28566                      /usr/lib/x86_64-linux-gnu/libgobject-2.0.so.0.4002.0
7f86dea4a000-7f86debb6000 r-xp 00000000 08:02 28538                      /usr/lib/x86_64-linux-gnu/libgio-2.0.so.0.4002.0
7f86debb6000-7f86dedb5000 ---p 0016c000 08:02 28538                      /usr/lib/x86_64-linux-gnu/libgio-2.0.so.0.4002.0
7f86dedb5000-7f86dedb9000 r--p 0016b000 08:02 28538                      /usr/lib/x86_64-linux-gnu/libgio-2.0.so.0.4002.0
7f86dedb9000-7f86dedbb000 rw-p 0016f000 08:02 28538                      /usr/lib/x86_64-linux-gnu/libgio-2.0.so.0.4002.0
7f86dedbb000-7f86dedbd000 rw-p 00000000 00:00 0 
7f86dedbd000-7f86dedd4000 r-xp 00000000 08:02 2625929                    /usr/lib/jvm/java-7-openjdk-amd64/jre/lib/amd64/libnet.so
7f86dedd4000-7f86defd3000 ---p 00017000 08:02 2625929                    /usr/lib/jvm/java-7-openjdk-amd64/jre/lib/amd64/libnet.so
7f86defd3000-7f86defd4000 r--p 00016000 08:02 2625929                    /usr/lib/jvm/java-7-openjdk-amd64/jre/lib/amd64/libnet.so
7f86defd4000-7f86defd5000 rw-p 00017000 08:02 2625929                    /usr/lib/jvm/java-7-openjdk-amd64/jre/lib/amd64/libnet.so
7f86defd5000-7f86defe5000 r-xp 00000000 08:02 2625910                    /usr/lib/jvm/java-7-openjdk-amd64/jre/lib/amd64/libnio.so
7f86defe5000-7f86df1e5000 ---p 00010000 08:02 2625910                    /usr/lib/jvm/java-7-openjdk-amd64/jre/lib/amd64/libnio.so
7f86df1e5000-7f86df1e6000 r--p 00010000 08:02 2625910                    /usr/lib/jvm/java-7-openjdk-amd64/jre/lib/amd64/libnio.so
7f86df1e6000-7f86df1e7000 rw-p 00011000 08:02 2625910                    /usr/lib/jvm/java-7-openjdk-amd64/jre/lib/amd64/libnio.so
7f86df1e7000-7f86df1e8000 ---p 00000000 00:00 0 
7f86df1e8000-7f86df2e8000 rw-p 00000000 00:00 0                          [stack:3449]
7f86df2e8000-7f86df2eb000 ---p 00000000 00:00 0 
7f86df2eb000-7f86df3e9000 rw-p 00000000 00:00 0                          [stack:3448]
7f86df3e9000-7f86df3ec000 ---p 00000000 00:00 0 
7f86df3ec000-7f86df4ea000 rw-p 00000000 00:00 0                          [stack:3447]
7f86df4ea000-7f86df4ed000 ---p 00000000 00:00 0 
7f86df4ed000-7f86df5eb000 rw-p 00000000 00:00 0                          [stack:3446]
7f86df5eb000-7f86df5ee000 ---p 00000000 00:00 0 
7f86df5ee000-7f86df6ec000 rw-p 00000000 00:00 0                          [stack:3445]
7f86df6ec000-7f86dfeff000 r--p 00000000 08:02 27195                      /usr/lib/locale/locale-archive
7f86dfeff000-7f86dff02000 ---p 00000000 00:00 0 
7f86dff02000-7f86e0000000 rw-p 00000000 00:00 0                          [stack:3444]
7f86e0000000-7f86e0021000 rw-p 00000000 00:00 0 
7f86e0021000-7f86e4000000 ---p 00000000 00:00 0 
7f86e4001000-7f86e4032000 rw-p 00000000 00:00 0 
7f86e4055000-7f86e40dd000 r--s 0071d000 08:02 30808975                   /home/ivan/workspace/Champy_v2/app/build/intermediates/transforms/jarMerging/debug/jars/1/1f/combined.jar
7f86e40dd000-7f86e40e0000 ---p 00000000 00:00 0 
7f86e40e0000-7f86e41de000 rw-p 00000000 00:00 0                          [stack:3443]
7f86e41de000-7f86e41df000 ---p 00000000 00:00 0 
7f86e41df000-7f86e52dc000 rw-p 00000000 00:00 0                          [stack:3442]
7f86e52dc000-7f86e548e000 r--s 01d2f000 08:02 2625893                    /usr/lib/jvm/java-7-openjdk-amd64/jre/lib/rt.jar
7f86e548e000-7f86e7ce2000 rw-p 00000000 00:00 0 
7f86e7ce2000-7f86e7ce3000 ---p 00000000 00:00 0 
7f86e7ce3000-7f86e7de3000 rw-p 00000000 00:00 0                          [stack:3441]
7f86e7de3000-7f86e7de4000 ---p 00000000 00:00 0 
7f86e7de4000-7f86e7ee4000 rw-p 00000000 00:00 0                          [stack:3440]
7f86e7ee4000-7f86e7ee5000 ---p 00000000 00:00 0 
7f86e7ee5000-7f86e7fe5000 rw-p 00000000 00:00 0                          [stack:3439]
7f86e7fe5000-7f86e7fe6000 ---p 00000000 00:00 0 
7f86e7fe6000-7f86e80f1000 rw-p 00000000 00:00 0                          [stack:3438]
7f86e80f1000-7f86e8139000 rw-p 00000000 00:00 0 
7f86e8139000-7f86e8144000 rw-p 00000000 00:00 0 
7f86e8144000-7f86e818c000 rw-p 00000000 00:00 0 
7f86e818c000-7f86e81df000 rw-p 00000000 00:00 0 
7f86e81df000-7f86e82e1000 rw-p 00000000 00:00 0 
7f86e82e1000-7f86e838c000 rw-p 00000000 00:00 0 
7f86e838c000-7f86e838d000 rw-p 00000000 00:00 0 
7f86e838d000-7f86e870d000 rwxp 00000000 00:00 0 
7f86e870d000-7f86eb38d000 rw-p 00000000 00:00 0 
7f86eb38d000-7f86eb395000 r-xp 00000000 08:02 2625902                    /usr/lib/jvm/java-7-openjdk-amd64/jre/lib/amd64/libzip.so
7f86eb395000-7f86eb594000 ---p 00008000 08:02 2625902                    /usr/lib/jvm/java-7-openjdk-amd64/jre/lib/amd64/libzip.so
7f86eb594000-7f86eb595000 r--p 00007000 08:02 2625902                    /usr/lib/jvm/java-7-openjdk-amd64/jre/lib/amd64/libzip.so
7f86eb595000-7f86eb596000 rw-p 00008000 08:02 2625902                    /usr/lib/jvm/java-7-openjdk-amd64/jre/lib/amd64/libzip.so
7f86eb596000-7f86eb5a1000 r-xp 00000000 08:02 3187                       /lib/x86_64-linux-gnu/libnss_files-2.19.so
7f86eb5a1000-7f86eb7a0000 ---p 0000b000 08:02 3187                       /lib/x86_64-linux-gnu/libnss_files-2.19.so
7f86eb7a0000-7f86eb7a1000 r--p 0000a000 08:02 3187                       /lib/x86_64-linux-gnu/libnss_files-2.19.so
7f86eb7a1000-7f86eb7a2000 rw-p 0000b000 08:02 3187                       /lib/x86_64-linux-gnu/libnss_files-2.19.so
7f86eb7a2000-7f86eb7ad000 r-xp 00000000 08:02 3171                       /lib/x86_64-linux-gnu/libnss_nis-2.19.so
7f86eb7ad000-7f86eb9ac000 ---p 0000b000 08:02 3171                       /lib/x86_64-linux-gnu/libnss_nis-2.19.so
7f86eb9ac000-7f86eb9ad000 r--p 0000a000 08:02 3171                       /lib/x86_64-linux-gnu/libnss_nis-2.19.so
7f86eb9ad000-7f86eb9ae000 rw-p 0000b000 08:02 3171                       /lib/x86_64-linux-gnu/libnss_nis-2.19.so
7f86eb9ae000-7f86eb9c5000 r-xp 00000000 08:02 3163                       /lib/x86_64-linux-gnu/libnsl-2.19.so
7f86eb9c5000-7f86ebbc4000 ---p 00017000 08:02 3163                       /lib/x86_64-linux-gnu/libnsl-2.19.so
7f86ebbc4000-7f86ebbc5000 r--p 00016000 08:02 3163                       /lib/x86_64-linux-gnu/libnsl-2.19.so
7f86ebbc5000-7f86ebbc6000 rw-p 00017000 08:02 3163                       /lib/x86_64-linux-gnu/libnsl-2.19.so
7f86ebbc6000-7f86ebbc8000 rw-p 00000000 00:00 0 
7f86ebbc8000-7f86ebbd1000 r-xp 00000000 08:02 3161                       /lib/x86_64-linux-gnu/libnss_compat-2.19.so
7f86ebbd1000-7f86ebdd0000 ---p 00009000 08:02 3161                       /lib/x86_64-linux-gnu/libnss_compat-2.19.so
7f86ebdd0000-7f86ebdd1000 r--p 00008000 08:02 3161                       /lib/x86_64-linux-gnu/libnss_compat-2.19.so
7f86ebdd1000-7f86ebdd2000 rw-p 00009000 08:02 3161                       /lib/x86_64-linux-gnu/libnss_compat-2.19.so
7f86ebdd2000-7f86ebdfd000 r-xp 00000000 08:02 2625925                    /usr/lib/jvm/java-7-openjdk-amd64/jre/lib/amd64/libjava.so
7f86ebdfd000-7f86ebffd000 ---p 0002b000 08:02 2625925                    /usr/lib/jvm/java-7-openjdk-amd64/jre/lib/amd64/libjava.so
7f86ebffd000-7f86ebffe000 r--p 0002b000 08:02 2625925                    /usr/lib/jvm/java-7-openjdk-amd64/jre/lib/amd64/libjava.so
7f86ebffe000-7f86ec000000 rw-p 0002c000 08:02 2625925                    /usr/lib/jvm/java-7-openjdk-amd64/jre/lib/amd64/libjava.so
7f86ec000000-7f86ec259000 rw-p 00000000 00:00 0 
7f86ec259000-7f86f0000000 ---p 00000000 00:00 0 
7f86f0009000-7f86f0018000 r--s 000df000 08:02 1575371                    /home/ivan/Android/Sdk/build-tools/23.0.1/lib/dx.jar
7f86f0018000-7f86f0093000 rw-p 00000000 00:00 0 
7f86f0093000-7f86f0196000 rw-p 00000000 00:00 0 
7f86f0196000-7f86f01a6000 r-xp 00000000 08:02 2625907                    /usr/lib/jvm/java-7-openjdk-amd64/jre/lib/amd64/libverify.so
7f86f01a6000-7f86f03a5000 ---p 00010000 08:02 2625907                    /usr/lib/jvm/java-7-openjdk-amd64/jre/lib/amd64/libverify.so
7f86f03a5000-7f86f03a7000 r--p 0000f000 08:02 2625907                    /usr/lib/jvm/java-7-openjdk-amd64/jre/lib/amd64/libverify.so
7f86f03a7000-7f86f03a8000 rw-p 00011000 08:02 2625907                    /usr/lib/jvm/java-7-openjdk-amd64/jre/lib/amd64/libverify.so
7f86f03a8000-7f86f03af000 r-xp 00000000 08:02 3179                       /lib/x86_64-linux-gnu/librt-2.19.so
7f86f03af000-7f86f05ae000 ---p 00007000 08:02 3179                       /lib/x86_64-linux-gnu/librt-2.19.so
7f86f05ae000-7f86f05af000 r--p 00006000 08:02 3179                       /lib/x86_64-linux-gnu/librt-2.19.so
7f86f05af000-7f86f05b0000 rw-p 00007000 08:02 3179                       /lib/x86_64-linux-gnu/librt-2.19.so
7f86f05b0000-7f86f05c6000 r-xp 00000000 08:02 3455                       /lib/x86_64-linux-gnu/libgcc_s.so.1
7f86f05c6000-7f86f07c5000 ---p 00016000 08:02 3455                       /lib/x86_64-linux-gnu/libgcc_s.so.1
7f86f07c5000-7f86f07c6000 r--p 00015000 08:02 3455                       /lib/x86_64-linux-gnu/libgcc_s.so.1
7f86f07c6000-7f86f07c7000 rw-p 00016000 08:02 3455                       /lib/x86_64-linux-gnu/libgcc_s.so.1
7f86f07c7000-7f86f08cc000 r-xp 00000000 08:02 3151                       /lib/x86_64-linux-gnu/libm-2.19.so
7f86f08cc000-7f86f0acb000 ---p 00105000 08:02 3151                       /lib/x86_64-linux-gnu/libm-2.19.so
7f86f0acb000-7f86f0acc000 r--p 00104000 08:02 3151                       /lib/x86_64-linux-gnu/libm-2.19.so
7f86f0acc000-7f86f0acd000 rw-p 00105000 08:02 3151                       /lib/x86_64-linux-gnu/libm-2.19.so
7f86f0acd000-7f86f0bba000 r-xp 00000000 08:02 9486                       /usr/lib/x86_64-linux-gnu/libstdc++.so.6.0.20
7f86f0bba000-7f86f0dba000 ---p 000ed000 08:02 9486                       /usr/lib/x86_64-linux-gnu/libstdc++.so.6.0.20
7f86f0dba000-7f86f0dc2000 r--p 000ed000 08:02 9486                       /usr/lib/x86_64-linux-gnu/libstdc++.so.6.0.20
7f86f0dc2000-7f86f0dc4000 rw-p 000f5000 08:02 9486                       /usr/lib/x86_64-linux-gnu/libstdc++.so.6.0.20
7f86f0dc4000-7f86f0dd9000 rw-p 00000000 00:00 0 
7f86f0dd9000-7f86f18fe000 r-xp 00000000 08:02 2625903                    /usr/lib/jvm/java-7-openjdk-amd64/jre/lib/amd64/server/libjvm.so
7f86f18fe000-7f86f1afe000 ---p 00b25000 08:02 2625903                    /usr/lib/jvm/java-7-openjdk-amd64/jre/lib/amd64/server/libjvm.so
7f86f1afe000-7f86f1b98000 r--p 00b25000 08:02 2625903                    /usr/lib/jvm/java-7-openjdk-amd64/jre/lib/amd64/server/libjvm.so
7f86f1b98000-7f86f1bbb000 rw-p 00bbf000 08:02 2625903                    /usr/lib/jvm/java-7-openjdk-amd64/jre/lib/amd64/server/libjvm.so
7f86f1bbb000-7f86f1be9000 rw-p 00000000 00:00 0 
7f86f1be9000-7f86f1c01000 r-xp 00000000 08:02 13550                      /lib/x86_64-linux-gnu/libz.so.1.2.8
7f86f1c01000-7f86f1e00000 ---p 00018000 08:02 13550                      /lib/x86_64-linux-gnu/libz.so.1.2.8
7f86f1e00000-7f86f1e01000 r--p 00017000 08:02 13550                      /lib/x86_64-linux-gnu/libz.so.1.2.8
7f86f1e01000-7f86f1e02000 rw-p 00018000 08:02 13550                      /lib/x86_64-linux-gnu/libz.so.1.2.8
7f86f1e02000-7f86f1e1b000 r-xp 00000000 08:02 3165                       /lib/x86_64-linux-gnu/libpthread-2.19.so
7f86f1e1b000-7f86f201a000 ---p 00019000 08:02 3165                       /lib/x86_64-linux-gnu/libpthread-2.19.so
7f86f201a000-7f86f201b000 r--p 00018000 08:02 3165                       /lib/x86_64-linux-gnu/libpthread-2.19.so
7f86f201b000-7f86f201c000 rw-p 00019000 08:02 3165                       /lib/x86_64-linux-gnu/libpthread-2.19.so
7f86f201c000-7f86f2020000 rw-p 00000000 00:00 0 
7f86f2020000-7f86f2023000 r-xp 00000000 08:02 3155                       /lib/x86_64-linux-gnu/libdl-2.19.so
7f86f2023000-7f86f2222000 ---p 00003000 08:02 3155                       /lib/x86_64-linux-gnu/libdl-2.19.so
7f86f2222000-7f86f2223000 r--p 00002000 08:02 3155                       /lib/x86_64-linux-gnu/libdl-2.19.so
7f86f2223000-7f86f2224000 rw-p 00003000 08:02 3155                       /lib/x86_64-linux-gnu/libdl-2.19.so
7f86f2224000-7f86f23df000 r-xp 00000000 08:02 3181                       /lib/x86_64-linux-gnu/libc-2.19.so
7f86f23df000-7f86f25de000 ---p 001bb000 08:02 3181                       /lib/x86_64-linux-gnu/libc-2.19.so
7f86f25de000-7f86f25e2000 r--p 001ba000 08:02 3181                       /lib/x86_64-linux-gnu/libc-2.19.so
7f86f25e2000-7f86f25e4000 rw-p 001be000 08:02 3181                       /lib/x86_64-linux-gnu/libc-2.19.so
7f86f25e4000-7f86f25e9000 rw-p 00000000 00:00 0 
7f86f25e9000-7f86f25f6000 r-xp 00000000 08:02 2625897                    /usr/lib/jvm/java-7-openjdk-amd64/jre/lib/amd64/jli/libjli.so
7f86f25f6000-7f86f27f5000 ---p 0000d000 08:02 2625897                    /usr/lib/jvm/java-7-openjdk-amd64/jre/lib/amd64/jli/libjli.so
7f86f27f5000-7f86f27f6000 r--p 0000c000 08:02 2625897                    /usr/lib/jvm/java-7-openjdk-amd64/jre/lib/amd64/jli/libjli.so
7f86f27f6000-7f86f27f7000 rw-p 0000d000 08:02 2625897                    /usr/lib/jvm/java-7-openjdk-amd64/jre/lib/amd64/jli/libjli.so
7f86f27f7000-7f86f281a000 r-xp 00000000 08:02 3167                       /lib/x86_64-linux-gnu/ld-2.19.so
7f86f281a000-7f86f281b000 rw-p 00000000 00:00 0 
7f86f281b000-7f86f281f000 r--s 00034000 08:02 2625935                    /usr/lib/jvm/java-7-openjdk-amd64/jre/lib/ext/sunjce_provider.jar
7f86f281f000-7f86f2821000 r--s 00012000 08:02 2625936                    /usr/lib/jvm/java-7-openjdk-amd64/jre/lib/ext/zipfs.jar
7f86f2821000-7f86f2824000 r--s 0000f000 08:02 2625939                    /usr/lib/jvm/java-7-openjdk-amd64/jre/lib/ext/icedtea-sound.jar
7f86f2824000-7f86f2828000 r--s 0003c000 08:02 2625937                    /usr/lib/jvm/java-7-openjdk-amd64/jre/lib/ext/sunpkcs11.jar
7f86f2828000-7f86f282a000 r--s 00006000 08:02 5674                       /usr/share/java/java-atk-wrapper.jar
7f86f282a000-7f86f282e000 r--s 00085000 08:02 2625934                    /usr/lib/jvm/java-7-openjdk-amd64/jre/lib/ext/localedata.jar
7f86f282e000-7f86f283c000 rw-p 00000000 00:00 0 
7f86f283c000-7f86f28ee000 rw-p 00000000 00:00 0 
7f86f28ee000-7f86f28f1000 ---p 00000000 00:00 0 
7f86f28f1000-7f86f29f4000 rw-p 00000000 00:00 0                          [stack:3437]
7f86f29f4000-7f86f29f5000 r--s 00002000 08:02 2625938                    /usr/lib/jvm/java-7-openjdk-amd64/jre/lib/ext/dnsns.jar
7f86f29f5000-7f86f2a0d000 rw-p 00000000 00:00 0 
7f86f2a0d000-7f86f2a15000 rw-s 00000000 08:02 1315063                    /tmp/hsperfdata_ivan/3432
7f86f2a15000-7f86f2a16000 rw-p 00000000 00:00 0 
7f86f2a16000-7f86f2a17000 r--p 00000000 00:00 0 
7f86f2a17000-7f86f2a19000 rw-p 00000000 00:00 0 
7f86f2a19000-7f86f2a1a000 r--p 00022000 08:02 3167                       /lib/x86_64-linux-gnu/ld-2.19.so
7f86f2a1a000-7f86f2a1b000 rw-p 00023000 08:02 3167                       /lib/x86_64-linux-gnu/ld-2.19.so
7f86f2a1b000-7f86f2a1c000 rw-p 00000000 00:00 0 
7fffe5541000-7fffe5562000 rw-p 00000000 00:00 0                          [stack]
7fffe55fc000-7fffe55fe000 r-xp 00000000 00:00 0                          [vdso]
7fffe55fe000-7fffe5600000 r--p 00000000 00:00 0                          [vvar]
ffffffffff600000-ffffffffff601000 r-xp 00000000 00:00 0                  [vsyscall]

VM Arguments:
jvm_args: -Djava.awt.headless=true -Xmx1024M -Dfile.encoding=UTF-8 -Duser.country=UA -Duser.language=ru -Duser.variant 
java_command: com.android.dx.command.Main --dex --num-threads=4 --multi-dex --main-dex-list /home/ivan/workspace/Champy_v2/app/build/intermediates/multi-dex/debug/maindexlist.txt --output /home/ivan/workspace/Champy_v2/app/build/intermediates/transforms/dex/debug/folders/1000/1f/main /home/ivan/workspace/Champy_v2/app/build/intermediates/transforms/jarMerging/debug/jars/1/1f/combined.jar
Launcher Type: SUN_STANDARD

Environment Variables:
JAVA_HOME=/usr/lib/jvm/java-8-oracle
PATH=/usr/local/sbin:/usr/local/bin:/usr/sbin:/usr/bin:/sbin:/bin:/usr/games:/usr/local/games:/usr/lib/jvm/java-8-oracle/bin:/usr/lib/jvm/java-8-oracle/db/bin:/usr/lib/jvm/java-8-oracle/jre/bin
SHELL=/bin/bash
DISPLAY=:0

Signal Handlers:
SIGSEGV: [libjvm.so+0x955bc0], sa_mask[0]=0x7ffbfeff, sa_flags=0x10000004
SIGBUS: [libjvm.so+0x955bc0], sa_mask[0]=0x7ffbfeff, sa_flags=0x10000004
SIGFPE: [libjvm.so+0x7caff0], sa_mask[0]=0x7ffbfeff, sa_flags=0x10000004
SIGPIPE: [libjvm.so+0x7caff0], sa_mask[0]=0x7ffbfeff, sa_flags=0x10000004
SIGXFSZ: [libjvm.so+0x7caff0], sa_mask[0]=0x7ffbfeff, sa_flags=0x10000004
SIGILL: [libjvm.so+0x7caff0], sa_mask[0]=0x7ffbfeff, sa_flags=0x10000004
SIGUSR1: SIG_DFL, sa_mask[0]=0x00000000, sa_flags=0x00000000
SIGUSR2: [libjvm.so+0x7cae90], sa_mask[0]=0x00000004, sa_flags=0x10000004
SIGHUP: [libjvm.so+0x7cb070], sa_mask[0]=0x7ffbfeff, sa_flags=0x10000004
SIGINT: [libjvm.so+0x7cb070], sa_mask[0]=0x7ffbfeff, sa_flags=0x10000004
SIGTERM: [libjvm.so+0x7cb070], sa_mask[0]=0x7ffbfeff, sa_flags=0x10000004
SIGQUIT: [libjvm.so+0x7cb070], sa_mask[0]=0x7ffbfeff, sa_flags=0x10000004
SIGTRAP: SIG_DFL, sa_mask[0]=0x00000000, sa_flags=0x00000000


---------------  S Y S T E M  ---------------

OS:Ubuntu 14.04 (trusty)
uname:Linux 3.16.0-30-generic #40~14.04.1-Ubuntu SMP Thu Jan 15 17:43:14 UTC 2015 x86_64
libc:glibc 2.19 NPTL 2.19 
rlimit: STACK 8192k, CORE 0k, NPROC 30684, NOFILE 4096, AS infinity
load average:6,39 4,16 2,68

/proc/meminfo:
MemTotal:        8059724 kB
MemFree:         1599724 kB
MemAvailable:    3596760 kB
Buffers:          201100 kB
Cached:          2915756 kB
SwapCached:            0 kB
Active:          4037048 kB
Inactive:        2130352 kB
Active(anon):    3058624 kB
Inactive(anon):   994520 kB
Active(file):     978424 kB
Inactive(file):  1135832 kB
Unevictable:          68 kB
Mlocked:              68 kB
SwapTotal:       4075516 kB
SwapFree:        4075516 kB
Dirty:              8264 kB
Writeback:             0 kB
AnonPages:       3050528 kB
Mapped:           837072 kB
Shmem:           1002604 kB
Slab:             142088 kB
SReclaimable:     103428 kB
SUnreclaim:        38660 kB
KernelStack:       10784 kB
PageTables:        51508 kB
NFS_Unstable:          0 kB
Bounce:                0 kB
WritebackTmp:          0 kB
CommitLimit:     8105376 kB
Committed_AS:    9172568 kB
VmallocTotal:   34359738367 kB
VmallocUsed:      360480 kB
VmallocChunk:   34359369432 kB
HardwareCorrupted:     0 kB
AnonHugePages:   1478656 kB
HugePages_Total:       0
HugePages_Free:        0
HugePages_Rsvd:        0
HugePages_Surp:        0
Hugepagesize:       2048 kB
DirectMap4k:      100292 kB
DirectMap2M:     8171520 kB


CPU:total 4 (2 cores per cpu, 2 threads per core) family 6 model 58 stepping 9, cmov, cx8, fxsr, mmx, sse, sse2, sse3, ssse3, sse4.1, sse4.2, popcnt, avx, erms, ht, tsc, tscinvbit, tscinv

/proc/cpuinfo:
processor	: 0
vendor_id	: GenuineIntel
cpu family	: 6
model		: 58
model name	: Intel(R) Core(TM) i3-3217U CPU @ 1.80GHz
stepping	: 9
microcode	: 0x15
cpu MHz		: 1800.000
cache size	: 3072 KB
physical id	: 0
siblings	: 4
core id		: 0
cpu cores	: 2
apicid		: 0
initial apicid	: 0
fpu		: yes
fpu_exception	: yes
cpuid level	: 13
wp		: yes
flags		: fpu vme de pse tsc msr pae mce cx8 apic sep mtrr pge mca cmov pat pse36 clflush dts acpi mmx fxsr sse sse2 ss ht tm pbe syscall nx rdtscp lm constant_tsc arch_perfmon pebs bts rep_good nopl xtopology nonstop_tsc aperfmperf eagerfpu pni pclmulqdq dtes64 monitor ds_cpl vmx est tm2 ssse3 cx16 xtpr pdcm pcid sse4_1 sse4_2 x2apic popcnt tsc_deadline_timer xsave avx f16c lahf_lm ida arat epb xsaveopt pln pts dtherm tpr_shadow vnmi flexpriority ept vpid fsgsbase smep erms
bogomips	: 3592.12
clflush size	: 64
cache_alignment	: 64
address sizes	: 36 bits physical, 48 bits virtual
power management:

processor	: 1
vendor_id	: GenuineIntel
cpu family	: 6
model		: 58
model name	: Intel(R) Core(TM) i3-3217U CPU @ 1.80GHz
stepping	: 9
microcode	: 0x15
cpu MHz		: 1800.000
cache size	: 3072 KB
physical id	: 0
siblings	: 4
core id		: 1
cpu cores	: 2
apicid		: 2
initial apicid	: 2
fpu		: yes
fpu_exception	: yes
cpuid level	: 13
wp		: yes
flags		: fpu vme de pse tsc msr pae mce cx8 apic sep mtrr pge mca cmov pat pse36 clflush dts acpi mmx fxsr sse sse2 ss ht tm pbe syscall nx rdtscp lm constant_tsc arch_perfmon pebs bts rep_good nopl xtopology nonstop_tsc aperfmperf eagerfpu pni pclmulqdq dtes64 monitor ds_cpl vmx est tm2 ssse3 cx16 xtpr pdcm pcid sse4_1 sse4_2 x2apic popcnt tsc_deadline_timer xsave avx f16c lahf_lm ida arat epb xsaveopt pln pts dtherm tpr_shadow vnmi flexpriority ept vpid fsgsbase smep erms
bogomips	: 3592.12
clflush size	: 64
cache_alignment	: 64
address sizes	: 36 bits physical, 48 bits virtual
power management:

processor	: 2
vendor_id	: GenuineIntel
cpu family	: 6
model		: 58
model name	: Intel(R) Core(TM) i3-3217U CPU @ 1.80GHz
stepping	: 9
microcode	: 0x15
cpu MHz		: 1800.000
cache size	: 3072 KB
physical id	: 0
siblings	: 4
core id		: 0
cpu cores	: 2
apicid		: 1
initial apicid	: 1
fpu		: yes
fpu_exception	: yes
cpuid level	: 13
wp		: yes
flags		: fpu vme de pse tsc msr pae mce cx8 apic sep mtrr pge mca cmov pat pse36 clflush dts acpi mmx fxsr sse sse2 ss ht tm pbe syscall nx rdtscp lm constant_tsc arch_perfmon pebs bts rep_good nopl xtopology nonstop_tsc aperfmperf eagerfpu pni pclmulqdq dtes64 monitor ds_cpl vmx est tm2 ssse3 cx16 xtpr pdcm pcid sse4_1 sse4_2 x2apic popcnt tsc_deadline_timer xsave avx f16c lahf_lm ida arat epb xsaveopt pln pts dtherm tpr_shadow vnmi flexpriority ept vpid fsgsbase smep erms
bogomips	: 3592.12
clflush size	: 64
cache_alignment	: 64
address sizes	: 36 bits physical, 48 bits virtual
power management:

processor	: 3
vendor_id	: GenuineIntel
cpu family	: 6
model		: 58
model name	: Intel(R) Core(TM) i3-3217U CPU @ 1.80GHz
stepping	: 9
microcode	: 0x15
cpu MHz		: 1800.000
cache size	: 3072 KB
physical id	: 0
siblings	: 4
core id		: 1
cpu cores	: 2
apicid		: 3
initial apicid	: 3
fpu		: yes
fpu_exception	: yes
cpuid level	: 13
wp		: yes
flags		: fpu vme de pse tsc msr pae mce cx8 apic sep mtrr pge mca cmov pat pse36 clflush dts acpi mmx fxsr sse sse2 ss ht tm pbe syscall nx rdtscp lm constant_tsc arch_perfmon pebs bts rep_good nopl xtopology nonstop_tsc aperfmperf eagerfpu pni pclmulqdq dtes64 monitor ds_cpl vmx est tm2 ssse3 cx16 xtpr pdcm pcid sse4_1 sse4_2 x2apic popcnt tsc_deadline_timer xsave avx f16c lahf_lm ida arat epb xsaveopt pln pts dtherm tpr_shadow vnmi flexpriority ept vpid fsgsbase smep erms
bogomips	: 3592.12
clflush size	: 64
cache_alignment	: 64
address sizes	: 36 bits physical, 48 bits virtual
power management:



Memory: 4k page, physical 8059724k(1599724k free), swap 4075516k(4075516k free)

vm_info: OpenJDK 64-Bit Server VM (24.95-b01) for linux-amd64 JRE (1.7.0_95-b00), built on Jan 21 2016 03:31:40 by "buildd" with gcc 4.8.4

time: Wed Mar 16 14:53:41 2016
elapsed time: 20 seconds

