#
# A fatal error has been detected by the Java Runtime Environment:
#
#  SIGSEGV (0xb) at pc=0x00007fbfe7bad5cc, pid=6895, tid=140462008461056
#
# JRE version: OpenJDK Runtime Environment (7.0_95) (build 1.7.0_95-b00)
# Java VM: OpenJDK 64-Bit Server VM (24.95-b01 mixed mode linux-amd64 compressed oops)
# Derivative: IcedTea 2.6.4
# Distribution: Ubuntu 14.04 LTS, package 7u95-2.6.4-0ubuntu0.14.04.2
# Problematic frame:
# V  [libjvm.so+0x71e5cc]
#
# Failed to write core dump. Core dumps have been disabled. To enable core dumping, try "ulimit -c unlimited" before starting Java again
#
# If you would like to submit a bug report, please include
# instructions on how to reproduce the bug and visit:
#   http://icedtea.classpath.org/bugzilla
#

---------------  T H R E A D  ---------------

Current thread (0x00007fbfe00a9800):  JavaThread "C2 CompilerThread0" daemon [_thread_in_native, id=6908, stack(0x00007fbfdc0e6000,0x00007fbfdc1e7000)]

siginfo:si_signo=SIGSEGV: si_errno=0, si_code=1 (SEGV_MAPERR), si_addr=0x00007fb7e8226608

Registers:
RAX=0x00007fb7e82265f0, RBX=0x00007fbfb40026e0, RCX=0x000000000000056a, RDX=0x000000000000003d
RSP=0x00007fbfdc1e2010, RBP=0x00007fbfdc1e2070, RSI=0x000000000000056a, RDI=0x00007fbfb42938b0
R8 =0x00007fbfb4b1e970, R9 =0x00007fbfb42938b0, R10=0x000000000000008a, R11=0x0000000000000000
R12=0x00007fbfdc1e2110, R13=0x00007fbfdc1e20f0, R14=0x00007fbfdc1e38d0, R15=0x00007fbfdc1e20d0
RIP=0x00007fbfe7bad5cc, EFLAGS=0x0000000000010202, CSGSFS=0x0000000000000033, ERR=0x0000000000000004
  TRAPNO=0x000000000000000e

Top of Stack: (sp=0x00007fbfdc1e2010)
0x00007fbfdc1e2010:   00007fbfdc1e2070 00007fbfdc1e4270
0x00007fbfdc1e2020:   00007fbfb488f538 0000003d00000004
0x00007fbfdc1e2030:   00007fbf0000008a 00007fbfb42938b0
0x00007fbfdc1e2040:   00007fbfdc1e2070 00007fbfe00a9e30
0x00007fbfdc1e2050:   00007fbfdc1e2110 00007fbfdc1e38d0
0x00007fbfdc1e2060:   00007fbfdc1e20f0 0000000000000001
0x00007fbfdc1e2070:   00007fbfdc1e2380 00007fbfe7bae601
0x00007fbfdc1e2080:   00007fbfa80233e8 000000bfdc1e2110
0x00007fbfdc1e2090:   000000000000001e 00007fbfdc1e38f0
0x00007fbfdc1e20a0:   00007fbf00000000 00000000000bf130
0x00007fbfdc1e20b0:   00007fbfa838e068 00007fbfa83860d0
0x00007fbfdc1e20c0:   00007fbfdc1e20d0 00007fbfa8386080
0x00007fbfdc1e20d0:   00007fbfe824b450 00007fbfe00a9e30
0x00007fbfdc1e20e0:   00007fbf00000200 00007fbfb4c04260
0x00007fbfdc1e20f0:   00007fbfb49d6aa0 00007fbfb49efb40
0x00007fbfdc1e2100:   00007fbfb49d6ab0 00007fbfe00a9e30
0x00007fbfdc1e2110:   00007fbfe00a9e30 0000000000000800
0x00007fbfdc1e2120:   00007fbfa8d72000 0000000000000557
0x00007fbfdc1e2130:   00007fbfe00a9e30 0000000000000004
0x00007fbfdc1e2140:   00007fbfb45eef20 0000007b00000000
0x00007fbfdc1e2150:   0000000000000000 00007fbfdc1e217f
0x00007fbfdc1e2160:   0000015bdc1e0000 00007fbfa8552c70
0x00007fbfdc1e2170:   000004000000007c 0000000000000000
0x00007fbfdc1e2180:   0000000000000000 00007fbfb4050af0
0x00007fbfdc1e2190:   0000008000000049 0000000000000000
0x00007fbfdc1e21a0:   00007fbfdc1e0000 00007fbfb4000020
0x00007fbfdc1e21b0:   0000000000020010 0000000000000000
0x00007fbfdc1e21c0:   0000000000000000 0000000000020010
0x00007fbfdc1e21d0:   0000000000000000 00007fbfb45abd30
0x00007fbfdc1e21e0:   00007fbfdc1e2200 0000000000000b00
0x00007fbfdc1e21f0:   00007fbfdc1e2250 00007fbfe7c5788e
0x00007fbfdc1e2200:   0000000100000000 0000000000020000 

Instructions: (pc=0x00007fbfe7bad5cc)
0x00007fbfe7bad5ac:   84 5f ff ff ff 49 8b 41 08 48 83 38 00 74 35 49
0x00007fbfe7bad5bc:   8b 01 89 55 bc 4c 89 cf 44 89 55 c0 4c 89 4d c8
0x00007fbfe7bad5cc:   ff 50 18 84 c0 4c 8b 4d c8 44 8b 55 c0 8b 55 bc
0x00007fbfe7bad5dc:   75 72 41 0f b7 41 2c 83 e0 0f 66 83 f8 0c 74 64 

Register to memory mapping:

RAX=0x00007fb7e82265f0 is an unknown value
RBX=0x00007fbfb40026e0 is an unknown value
RCX=0x000000000000056a is an unknown value
RDX=0x000000000000003d is an unknown value
RSP=0x00007fbfdc1e2010 is pointing into the stack for thread: 0x00007fbfe00a9800
RBP=0x00007fbfdc1e2070 is pointing into the stack for thread: 0x00007fbfe00a9800
RSI=0x000000000000056a is an unknown value
RDI=0x00007fbfb42938b0 is an unknown value
R8 =0x00007fbfb4b1e970 is an unknown value
R9 =0x00007fbfb42938b0 is an unknown value
R10=0x000000000000008a is an unknown value
R11=0x0000000000000000 is an unknown value
R12=0x00007fbfdc1e2110 is pointing into the stack for thread: 0x00007fbfe00a9800
R13=0x00007fbfdc1e20f0 is pointing into the stack for thread: 0x00007fbfe00a9800
R14=0x00007fbfdc1e38d0 is pointing into the stack for thread: 0x00007fbfe00a9800
R15=0x00007fbfdc1e20d0 is pointing into the stack for thread: 0x00007fbfe00a9800


Stack: [0x00007fbfdc0e6000,0x00007fbfdc1e7000],  sp=0x00007fbfdc1e2010,  free space=1008k
Native frames: (J=compiled Java code, j=interpreted, Vv=VM code, C=native code)
V  [libjvm.so+0x71e5cc]
V  [libjvm.so+0x71f601]
V  [libjvm.so+0x442482]
V  [libjvm.so+0x4434ed]
V  [libjvm.so+0x3b15ea]
V  [libjvm.so+0x4493b7]
V  [libjvm.so+0x44a4c0]
V  [libjvm.so+0x906c70]
V  [libjvm.so+0x906ee1]
V  [libjvm.so+0x7cc742]


Current CompileTask:
C2:  18976  968   !         com.android.dx.cf.code.RopperMachine::run (1550 bytes)


---------------  P R O C E S S  ---------------

Java Threads: ( => current thread )
  0x00007fbfe01d1000 JavaThread "pool-2-thread-4" [_thread_blocked, id=6923, stack(0x00007fbfd607a000,0x00007fbfd617b000)]
  0x00007fbfe01ce800 JavaThread "pool-2-thread-3" [_thread_blocked, id=6922, stack(0x00007fbfd617b000,0x00007fbfd627c000)]
  0x00007fbfe01c6000 JavaThread "pool-2-thread-2" [_thread_blocked, id=6921, stack(0x00007fbfd627c000,0x00007fbfd637d000)]
  0x00007fbfe01b9000 JavaThread "pool-3-thread-1" [_thread_blocked, id=6920, stack(0x00007fbfd637d000,0x00007fbfd647e000)]
  0x00007fbfe01b7800 JavaThread "pool-2-thread-1" [_thread_in_Java, id=6919, stack(0x00007fbfd647e000,0x00007fbfd657f000)]
  0x00007fbfe00ae800 JavaThread "Service Thread" daemon [_thread_blocked, id=6910, stack(0x00007fbfd7dfe000,0x00007fbfd7eff000)]
  0x00007fbfe00ac800 JavaThread "C2 CompilerThread1" daemon [_thread_in_native, id=6909, stack(0x00007fbfd7eff000,0x00007fbfd8000000)]
=>0x00007fbfe00a9800 JavaThread "C2 CompilerThread0" daemon [_thread_in_native, id=6908, stack(0x00007fbfdc0e6000,0x00007fbfdc1e7000)]
  0x00007fbfe00a7000 JavaThread "Signal Dispatcher" daemon [_thread_blocked, id=6907, stack(0x00007fbfdc1e7000,0x00007fbfdc2e8000)]
  0x00007fbfe007c000 JavaThread "Finalizer" daemon [_thread_blocked, id=6906, stack(0x00007fbfdcafb000,0x00007fbfdcbfc000)]
  0x00007fbfe007a000 JavaThread "Reference Handler" daemon [_thread_blocked, id=6905, stack(0x00007fbfdcbfc000,0x00007fbfdccfd000)]
  0x00007fbfe000a800 JavaThread "main" [_thread_in_Java, id=6896, stack(0x00007fbfe8fa3000,0x00007fbfe90a4000)]

Other Threads:
  0x00007fbfe0075800 VMThread [stack: 0x00007fbfdccfd000,0x00007fbfdcdfe000] [id=6904]
  0x00007fbfe00b9000 WatcherThread [stack: 0x00007fbfd7cfd000,0x00007fbfd7dfe000] [id=6911]

VM state:not at safepoint (normal execution)

VM Mutex/Monitor currently owned by a thread: None

Heap
 PSYoungGen      total 280576K, used 214326K [0x00000000eaa80000, 0x0000000100000000, 0x0000000100000000)
  eden space 248832K, 76% used [0x00000000eaa80000,0x00000000f635d0e8,0x00000000f9d80000)
  from space 31744K, 78% used [0x00000000f9d80000,0x00000000fb5f0818,0x00000000fbc80000)
  to   space 53248K, 0% used [0x00000000fcc00000,0x00000000fcc00000,0x0000000100000000)
 ParOldGen       total 168448K, used 83576K [0x00000000c0000000, 0x00000000ca480000, 0x00000000eaa80000)
  object space 168448K, 49% used [0x00000000c0000000,0x00000000c519e300,0x00000000ca480000)
 PSPermGen       total 21504K, used 6324K [0x00000000b5a00000, 0x00000000b6f00000, 0x00000000c0000000)
  object space 21504K, 29% used [0x00000000b5a00000,0x00000000b602d260,0x00000000b6f00000)

Card table byte_map: [0x00007fbfe5985000,0x00007fbfe5bd9000] byte_map_base: 0x00007fbfe53d8000

Polling page: 0x00007fbfe90cb000

Code Cache  [0x00007fbfdd000000, 0x00007fbfdd370000, 0x00007fbfe0000000)
 total_blobs=1166 nmethods=935 adapters=184 free_code_cache=45701Kb largest_free_block=46733952

Compilation events (10 events):
Event: 18,865 Thread 0x00007fbfe00a9800 nmethod 967 0x00007fbfdd362e50 code [0x00007fbfdd362f80, 0x00007fbfdd362fd8]
Event: 18,865 Thread 0x00007fbfe00a9800  968   !         com.android.dx.cf.code.RopperMachine::run (1550 bytes)
Event: 18,869 Thread 0x00007fbfe00ac800 nmethod 956% 0x00007fbfdd369ad0 code [0x00007fbfdd369e80, 0x00007fbfdd36bab0]
Event: 18,869 Thread 0x00007fbfe00ac800  969             com.android.dx.cf.direct.MemberListParser::getDefiner (5 bytes)
Event: 18,869 Thread 0x00007fbfe00ac800 nmethod 969 0x00007fbfdd357f90 code [0x00007fbfdd3580c0, 0x00007fbfdd358118]
Event: 18,869 Thread 0x00007fbfe00ac800  970             com.android.dx.cf.code.BasicBlocker::visitConstant (39 bytes)
Event: 18,903 Thread 0x00007fbfe00ac800 nmethod 970 0x00007fbfdd365ed0 code [0x00007fbfdd3660c0, 0x00007fbfdd366bc8]
Event: 18,903 Thread 0x00007fbfe00ac800  971             java.lang.Character::forDigit (42 bytes)
Event: 18,904 Thread 0x00007fbfe00ac800 nmethod 971 0x00007fbfdd357c90 code [0x00007fbfdd357de0, 0x00007fbfdd357e98]
Event: 18,904 Thread 0x00007fbfe00ac800  972             com.android.dx.ssa.ConstCollector::getConstsSortedByCountUse (386 bytes)

GC Heap History (10 events):
Event: 8,132 GC heap before
{Heap before GC invocations=4 (full 0):
 PSYoungGen      total 68608K, used 68600K [0x00000000eaa80000, 0x00000000f3080000, 0x0000000100000000)
  eden space 63488K, 100% used [0x00000000eaa80000,0x00000000ee880000,0x00000000ee880000)
  from space 5120K, 99% used [0x00000000ee880000,0x00000000eed7e210,0x00000000eed80000)
  to   space 5120K, 0% used [0x00000000f2b80000,0x00000000f2b80000,0x00000000f3080000)
 ParOldGen       total 83968K, used 18518K [0x00000000c0000000, 0x00000000c5200000, 0x00000000eaa80000)
  object space 83968K, 22% used [0x00000000c0000000,0x00000000c1215bb0,0x00000000c5200000)
 PSPermGen       total 21504K, used 6168K [0x00000000b5a00000, 0x00000000b6f00000, 0x00000000c0000000)
  object space 21504K, 28% used [0x00000000b5a00000,0x00000000b6006178,0x00000000b6f00000)
Event: 8,173 GC heap after
Heap after GC invocations=4 (full 0):
 PSYoungGen      total 132096K, used 5108K [0x00000000eaa80000, 0x00000000f3080000, 0x0000000100000000)
  eden space 126976K, 0% used [0x00000000eaa80000,0x00000000eaa80000,0x00000000f2680000)
  from space 5120K, 99% used [0x00000000f2b80000,0x00000000f307d338,0x00000000f3080000)
  to   space 5120K, 0% used [0x00000000f2680000,0x00000000f2680000,0x00000000f2b80000)
 ParOldGen       total 83968K, used 28761K [0x00000000c0000000, 0x00000000c5200000, 0x00000000eaa80000)
  object space 83968K, 34% used [0x00000000c0000000,0x00000000c1c165a0,0x00000000c5200000)
 PSPermGen       total 21504K, used 6168K [0x00000000b5a00000, 0x00000000b6f00000, 0x00000000c0000000)
  object space 21504K, 28% used [0x00000000b5a00000,0x00000000b6006178,0x00000000b6f00000)
}
Event: 10,879 GC heap before
{Heap before GC invocations=5 (full 0):
 PSYoungGen      total 132096K, used 132084K [0x00000000eaa80000, 0x00000000f3080000, 0x0000000100000000)
  eden space 126976K, 100% used [0x00000000eaa80000,0x00000000f2680000,0x00000000f2680000)
  from space 5120K, 99% used [0x00000000f2b80000,0x00000000f307d338,0x00000000f3080000)
  to   space 5120K, 0% used [0x00000000f2680000,0x00000000f2680000,0x00000000f2b80000)
 ParOldGen       total 83968K, used 28761K [0x00000000c0000000, 0x00000000c5200000, 0x00000000eaa80000)
  object space 83968K, 34% used [0x00000000c0000000,0x00000000c1c165a0,0x00000000c5200000)
 PSPermGen       total 21504K, used 6247K [0x00000000b5a00000, 0x00000000b6f00000, 0x00000000c0000000)
  object space 21504K, 29% used [0x00000000b5a00000,0x00000000b6019ed8,0x00000000b6f00000)
Event: 10,955 GC heap after
Heap after GC invocations=5 (full 0):
 PSYoungGen      total 132096K, used 5118K [0x00000000eaa80000, 0x00000000fd680000, 0x0000000100000000)
  eden space 126976K, 0% used [0x00000000eaa80000,0x00000000eaa80000,0x00000000f2680000)
  from space 5120K, 99% used [0x00000000f2680000,0x00000000f2b7f9d8,0x00000000f2b80000)
  to   space 26624K, 0% used [0x00000000fbc80000,0x00000000fbc80000,0x00000000fd680000)
 ParOldGen       total 83968K, used 49683K [0x00000000c0000000, 0x00000000c5200000, 0x00000000eaa80000)
  object space 83968K, 59% used [0x00000000c0000000,0x00000000c3084f40,0x00000000c5200000)
 PSPermGen       total 21504K, used 6247K [0x00000000b5a00000, 0x00000000b6f00000, 0x00000000c0000000)
  object space 21504K, 29% used [0x00000000b5a00000,0x00000000b6019ed8,0x00000000b6f00000)
}
Event: 13,226 GC heap before
{Heap before GC invocations=6 (full 0):
 PSYoungGen      total 132096K, used 132094K [0x00000000eaa80000, 0x00000000fd680000, 0x0000000100000000)
  eden space 126976K, 100% used [0x00000000eaa80000,0x00000000f2680000,0x00000000f2680000)
  from space 5120K, 99% used [0x00000000f2680000,0x00000000f2b7f9d8,0x00000000f2b80000)
  to   space 26624K, 0% used [0x00000000fbc80000,0x00000000fbc80000,0x00000000fd680000)
 ParOldGen       total 83968K, used 49683K [0x00000000c0000000, 0x00000000c5200000, 0x00000000eaa80000)
  object space 83968K, 59% used [0x00000000c0000000,0x00000000c3084f40,0x00000000c5200000)
 PSPermGen       total 21504K, used 6298K [0x00000000b5a00000, 0x00000000b6f00000, 0x00000000c0000000)
  object space 21504K, 29% used [0x00000000b5a00000,0x00000000b6026b98,0x00000000b6f00000)
Event: 13,293 GC heap after
Heap after GC invocations=6 (full 0):
 PSYoungGen      total 275456K, used 26594K [0x00000000eaa80000, 0x00000000fe080000, 0x0000000100000000)
  eden space 248832K, 0% used [0x00000000eaa80000,0x00000000eaa80000,0x00000000f9d80000)
  from space 26624K, 99% used [0x00000000fbc80000,0x00000000fd678aa0,0x00000000fd680000)
  to   space 31744K, 0% used [0x00000000f9d80000,0x00000000f9d80000,0x00000000fbc80000)
 ParOldGen       total 83968K, used 50187K [0x00000000c0000000, 0x00000000c5200000, 0x00000000eaa80000)
  object space 83968K, 59% used [0x00000000c0000000,0x00000000c3102c70,0x00000000c5200000)
 PSPermGen       total 21504K, used 6298K [0x00000000b5a00000, 0x00000000b6f00000, 0x00000000c0000000)
  object space 21504K, 29% used [0x00000000b5a00000,0x00000000b6026b98,0x00000000b6f00000)
}
Event: 16,329 GC heap before
{Heap before GC invocations=7 (full 0):
 PSYoungGen      total 275456K, used 275426K [0x00000000eaa80000, 0x00000000fe080000, 0x0000000100000000)
  eden space 248832K, 100% used [0x00000000eaa80000,0x00000000f9d80000,0x00000000f9d80000)
  from space 26624K, 99% used [0x00000000fbc80000,0x00000000fd678aa0,0x00000000fd680000)
  to   space 31744K, 0% used [0x00000000f9d80000,0x00000000f9d80000,0x00000000fbc80000)
 ParOldGen       total 83968K, used 50187K [0x00000000c0000000, 0x00000000c5200000, 0x00000000eaa80000)
  object space 83968K, 59% used [0x00000000c0000000,0x00000000c3102c70,0x00000000c5200000)
 PSPermGen       total 21504K, used 6318K [0x00000000b5a00000, 0x00000000b6f00000, 0x00000000c0000000)
  object space 21504K, 29% used [0x00000000b5a00000,0x00000000b602b818,0x00000000b6f00000)
Event: 16,506 GC heap after
Heap after GC invocations=7 (full 0):
 PSYoungGen      total 280576K, used 31736K [0x00000000eaa80000, 0x0000000100000000, 0x0000000100000000)
  eden space 248832K, 0% used [0x00000000eaa80000,0x00000000eaa80000,0x00000000f9d80000)
  from space 31744K, 99% used [0x00000000f9d80000,0x00000000fbc7e120,0x00000000fbc80000)
  to   space 53248K, 0% used [0x00000000fcc00000,0x00000000fcc00000,0x0000000100000000)
 ParOldGen       total 83968K, used 82173K [0x00000000c0000000, 0x00000000c5200000, 0x00000000eaa80000)
  object space 83968K, 97% used [0x00000000c0000000,0x00000000c503f6a8,0x00000000c5200000)
 PSPermGen       total 21504K, used 6318K [0x00000000b5a00000, 0x00000000b6f00000, 0x00000000c0000000)
  object space 21504K, 29% used [0x00000000b5a00000,0x00000000b602b818,0x00000000b6f00000)
}
Event: 16,506 GC heap before
{Heap before GC invocations=8 (full 1):
 PSYoungGen      total 280576K, used 31736K [0x00000000eaa80000, 0x0000000100000000, 0x0000000100000000)
  eden space 248832K, 0% used [0x00000000eaa80000,0x00000000eaa80000,0x00000000f9d80000)
  from space 31744K, 99% used [0x00000000f9d80000,0x00000000fbc7e120,0x00000000fbc80000)
  to   space 53248K, 0% used [0x00000000fcc00000,0x00000000fcc00000,0x0000000100000000)
 ParOldGen       total 83968K, used 82173K [0x00000000c0000000, 0x00000000c5200000, 0x00000000eaa80000)
  object space 83968K, 97% used [0x00000000c0000000,0x00000000c503f6a8,0x00000000c5200000)
 PSPermGen       total 21504K, used 6318K [0x00000000b5a00000, 0x00000000b6f00000, 0x00000000c0000000)
  object space 21504K, 29% used [0x00000000b5a00000,0x00000000b602b818,0x00000000b6f00000)
Event: 17,578 GC heap after
Heap after GC invocations=8 (full 1):
 PSYoungGen      total 280576K, used 25026K [0x00000000eaa80000, 0x0000000100000000, 0x0000000100000000)
  eden space 248832K, 0% used [0x00000000eaa80000,0x00000000eaa80000,0x00000000f9d80000)
  from space 31744K, 78% used [0x00000000f9d80000,0x00000000fb5f0818,0x00000000fbc80000)
  to   space 53248K, 0% used [0x00000000fcc00000,0x00000000fcc00000,0x0000000100000000)
 ParOldGen       total 168448K, used 83576K [0x00000000c0000000, 0x00000000ca480000, 0x00000000eaa80000)
  object space 168448K, 49% used [0x00000000c0000000,0x00000000c519e300,0x00000000ca480000)
 PSPermGen       total 21504K, used 6313K [0x00000000b5a00000, 0x00000000b6f00000, 0x00000000c0000000)
  object space 21504K, 29% used [0x00000000b5a00000,0x00000000b602a4e8,0x00000000b6f00000)
}

Deoptimization events (10 events):
Event: 15,173 Thread 0x00007fbfe000a800 Uncommon trap: reason=unstable_if action=reinterpret pc=0x00007fbfdd1f3bec method=com.android.dx.ssa.InterferenceRegisterMapper.interferes(III)Z @ 69
Event: 15,396 Thread 0x00007fbfe01c6000 Uncommon trap: reason=unstable_if action=reinterpret pc=0x00007fbfdd1c02e4 method=com.android.dx.ssa.LiteralOpUpgrader$1.visitNonMoveInsn(Lcom/android/dx/ssa/NormalSsaInsn;)V @ 55
Event: 15,419 Thread 0x00007fbfe01d1000 Uncommon trap: reason=bimorphic action=maybe_recompile pc=0x00007fbfdd10e1dc method=com.android.dx.ssa.SCCP.simulatePhi(Lcom/android/dx/ssa/PhiInsn;)V @ 124
Event: 15,455 Thread 0x00007fbfe01c6000 Uncommon trap: reason=unstable_if action=reinterpret pc=0x00007fbfdd1f2ce0 method=com.android.dx.ssa.InterferenceRegisterMapper.interferes(III)Z @ 69
Event: 15,455 Thread 0x00007fbfe01c6000 Uncommon trap: reason=unstable_if action=reinterpret pc=0x00007fbfdd0eb3dc method=com.android.dx.ssa.InterferenceRegisterMapper.interferes(III)Z @ 69
Event: 15,619 Thread 0x00007fbfe01c6000 Uncommon trap: reason=unstable_if action=reinterpret pc=0x00007fbfdd1e4ef0 method=com.android.dx.ssa.PhiTypeResolver.resolveResultType(Lcom/android/dx/ssa/PhiInsn;)Z @ 47
Event: 16,243 Thread 0x00007fbfe01d1000 Uncommon trap: reason=null_check action=make_not_entrant pc=0x00007fbfdd2ee48c method=com.android.dx.rop.cst.CstType.intern(Lcom/android/dx/rop/type/Type;)Lcom/android/dx/rop/cst/CstType; @ 13
Event: 18,649 Thread 0x00007fbfe01c6000 Uncommon trap: reason=bimorphic action=maybe_recompile pc=0x00007fbfdd3181a8 method=com.android.dx.cf.code.BytecodeArray.parseInstruction(ILcom/android/dx/cf/code/BytecodeArray$Visitor;)I @ 987
Event: 18,650 Thread 0x00007fbfe01c6000 Uncommon trap: reason=bimorphic action=maybe_recompile pc=0x00007fbfdd318354 method=com.android.dx.cf.code.BytecodeArray.parseInstruction(ILcom/android/dx/cf/code/BytecodeArray$Visitor;)I @ 1051
Event: 18,650 Thread 0x00007fbfe01c6000 Uncommon trap: reason=bimorphic action=maybe_recompile pc=0x00007fbfdd318354 method=com.android.dx.cf.code.BytecodeArray.parseInstruction(ILcom/android/dx/cf/code/BytecodeArray$Visitor;)I @ 1051

Internal exceptions (10 events):
Event: 10,440 Thread 0x00007fbfe01d1000 Implicit null exception at 0x00007fbfdd14ab4b to 0x00007fbfdd14acb9
Event: 10,501 Thread 0x00007fbfe01d1000 Implicit null exception at 0x00007fbfdd0b9c28 to 0x00007fbfdd0b9dad
Event: 11,199 Thread 0x00007fbfe000a800 Threw 0x00000000eb683878 at /build/openjdk-7-HVzwJZ/openjdk-7-7u95-2.6.4/build/openjdk/hotspot/src/share/vm/prims/jvm.cpp:1322
Event: 11,200 Thread 0x00007fbfe000a800 Threw 0x00000000eb6867d8 at /build/openjdk-7-HVzwJZ/openjdk-7-7u95-2.6.4/build/openjdk/hotspot/src/share/vm/prims/jvm.cpp:1322
Event: 11,234 Thread 0x00007fbfe01b7800 Threw 0x00000000eb791df8 at /build/openjdk-7-HVzwJZ/openjdk-7-7u95-2.6.4/build/openjdk/hotspot/src/share/vm/prims/jvm.cpp:1322
Event: 11,235 Thread 0x00007fbfe01b7800 Threw 0x00000000eb797da0 at /build/openjdk-7-HVzwJZ/openjdk-7-7u95-2.6.4/build/openjdk/hotspot/src/share/vm/prims/jvm.cpp:1322
Event: 11,237 Thread 0x00007fbfe01b7800 Threw 0x00000000eb79dba0 at /build/openjdk-7-HVzwJZ/openjdk-7-7u95-2.6.4/build/openjdk/hotspot/src/share/vm/prims/jvm.cpp:1322
Event: 14,807 Thread 0x00007fbfe000a800 Implicit null exception at 0x00007fbfdd28471c to 0x00007fbfdd28c0a1
Event: 15,396 Thread 0x00007fbfe01c6000 Threw 0x00000000f5106da0 at /build/openjdk-7-HVzwJZ/openjdk-7-7u95-2.6.4/build/openjdk/hotspot/src/share/vm/prims/jvm.cpp:1322
Event: 16,243 Thread 0x00007fbfe01d1000 Implicit null exception at 0x00007fbfdd2ece0d to 0x00007fbfdd2ee481

Events (10 events):
Event: 17,825 Thread 0x00007fbfe00a9800 flushing nmethod 0x00007fbfdd1d3550
Event: 18,649 Thread 0x00007fbfe01c6000 Uncommon trap: trap_request=0xffffffc6 fr.pc=0x00007fbfdd3181a8
Event: 18,649 Thread 0x00007fbfe01c6000 DEOPT PACKING pc=0x00007fbfdd3181a8 sp=0x00007fbfd637b100
Event: 18,649 Thread 0x00007fbfe01c6000 DEOPT UNPACKING pc=0x00007fbfdd039445 sp=0x00007fbfd637b0a8 mode 2
Event: 18,650 Thread 0x00007fbfe01c6000 Uncommon trap: trap_request=0xffffffc6 fr.pc=0x00007fbfdd318354
Event: 18,650 Thread 0x00007fbfe01c6000 DEOPT PACKING pc=0x00007fbfdd318354 sp=0x00007fbfd637b100
Event: 18,650 Thread 0x00007fbfe01c6000 DEOPT UNPACKING pc=0x00007fbfdd039445 sp=0x00007fbfd637b0a8 mode 2
Event: 18,650 Thread 0x00007fbfe01c6000 Uncommon trap: trap_request=0xffffffc6 fr.pc=0x00007fbfdd318354
Event: 18,650 Thread 0x00007fbfe01c6000 DEOPT PACKING pc=0x00007fbfdd318354 sp=0x00007fbfd637b100
Event: 18,650 Thread 0x00007fbfe01c6000 DEOPT UNPACKING pc=0x00007fbfdd039445 sp=0x00007fbfd637b0a8 mode 2


Dynamic libraries:
00400000-00401000 r-xp 00000000 08:02 2761099                            /usr/lib/jvm/java-7-openjdk-amd64/jre/bin/java
00600000-00601000 r--p 00000000 08:02 2761099                            /usr/lib/jvm/java-7-openjdk-amd64/jre/bin/java
00601000-00602000 rw-p 00001000 08:02 2761099                            /usr/lib/jvm/java-7-openjdk-amd64/jre/bin/java
01a7b000-01a9c000 rw-p 00000000 00:00 0                                  [heap]
b5a00000-b6f00000 rw-p 00000000 00:00 0 
b6f00000-c0000000 rw-p 00000000 00:00 0 
c0000000-ca480000 rw-p 00000000 00:00 0 
ca480000-eaa80000 rw-p 00000000 00:00 0 
eaa80000-100000000 rw-p 00000000 00:00 0 
7fbf90000000-7fbf90021000 rw-p 00000000 00:00 0 
7fbf90021000-7fbf94000000 ---p 00000000 00:00 0 
7fbf94000000-7fbf94021000 rw-p 00000000 00:00 0 
7fbf94021000-7fbf98000000 ---p 00000000 00:00 0 
7fbf98000000-7fbf98021000 rw-p 00000000 00:00 0 
7fbf98021000-7fbf9c000000 ---p 00000000 00:00 0 
7fbf9c000000-7fbf9c037000 rw-p 00000000 00:00 0 
7fbf9c037000-7fbfa0000000 ---p 00000000 00:00 0 
7fbfa0000000-7fbfa0021000 rw-p 00000000 00:00 0 
7fbfa0021000-7fbfa4000000 ---p 00000000 00:00 0 
7fbfa4000000-7fbfa4043000 rw-p 00000000 00:00 0 
7fbfa4043000-7fbfa8000000 ---p 00000000 00:00 0 
7fbfa8000000-7fbfa953a000 rw-p 00000000 00:00 0 
7fbfa953a000-7fbfac000000 ---p 00000000 00:00 0 
7fbfac000000-7fbfac021000 rw-p 00000000 00:00 0 
7fbfac021000-7fbfb0000000 ---p 00000000 00:00 0 
7fbfb0000000-7fbfb0021000 rw-p 00000000 00:00 0 
7fbfb0021000-7fbfb4000000 ---p 00000000 00:00 0 
7fbfb4000000-7fbfb5370000 rw-p 00000000 00:00 0 
7fbfb5370000-7fbfb8000000 ---p 00000000 00:00 0 
7fbfb8000000-7fbfb8021000 rw-p 00000000 00:00 0 
7fbfb8021000-7fbfbc000000 ---p 00000000 00:00 0 
7fbfbc000000-7fbfbc021000 rw-p 00000000 00:00 0 
7fbfbc021000-7fbfc0000000 ---p 00000000 00:00 0 
7fbfc0000000-7fbfc0021000 rw-p 00000000 00:00 0 
7fbfc0021000-7fbfc4000000 ---p 00000000 00:00 0 
7fbfc4000000-7fbfc4021000 rw-p 00000000 00:00 0 
7fbfc4021000-7fbfc8000000 ---p 00000000 00:00 0 
7fbfc8000000-7fbfc8021000 rw-p 00000000 00:00 0 
7fbfc8021000-7fbfcc000000 ---p 00000000 00:00 0 
7fbfcdad0000-7fbfd0000000 rw-p 00000000 00:00 0 
7fbfd0000000-7fbfd0021000 rw-p 00000000 00:00 0 
7fbfd0021000-7fbfd4000000 ---p 00000000 00:00 0 
7fbfd607a000-7fbfd607d000 ---p 00000000 00:00 0 
7fbfd607d000-7fbfd617b000 rw-p 00000000 00:00 0                          [stack:6923]
7fbfd617b000-7fbfd617e000 ---p 00000000 00:00 0 
7fbfd617e000-7fbfd627c000 rw-p 00000000 00:00 0                          [stack:6922]
7fbfd627c000-7fbfd627f000 ---p 00000000 00:00 0 
7fbfd627f000-7fbfd637d000 rw-p 00000000 00:00 0                          [stack:6921]
7fbfd637d000-7fbfd6380000 ---p 00000000 00:00 0 
7fbfd6380000-7fbfd647e000 rw-p 00000000 00:00 0                          [stack:6920]
7fbfd647e000-7fbfd6481000 ---p 00000000 00:00 0 
7fbfd6481000-7fbfd657f000 rw-p 00000000 00:00 0                          [stack:6919]
7fbfd657f000-7fbfd65bc000 r-xp 00000000 08:02 13490                      /lib/x86_64-linux-gnu/libpcre.so.3.13.1
7fbfd65bc000-7fbfd67bb000 ---p 0003d000 08:02 13490                      /lib/x86_64-linux-gnu/libpcre.so.3.13.1
7fbfd67bb000-7fbfd67bc000 r--p 0003c000 08:02 13490                      /lib/x86_64-linux-gnu/libpcre.so.3.13.1
7fbfd67bc000-7fbfd67bd000 rw-p 0003d000 08:02 13490                      /lib/x86_64-linux-gnu/libpcre.so.3.13.1
7fbfd67bd000-7fbfd67c4000 r-xp 00000000 08:02 21389                      /usr/lib/x86_64-linux-gnu/libffi.so.6.0.1
7fbfd67c4000-7fbfd69c3000 ---p 00007000 08:02 21389                      /usr/lib/x86_64-linux-gnu/libffi.so.6.0.1
7fbfd69c3000-7fbfd69c4000 r--p 00006000 08:02 21389                      /usr/lib/x86_64-linux-gnu/libffi.so.6.0.1
7fbfd69c4000-7fbfd69c5000 rw-p 00007000 08:02 21389                      /usr/lib/x86_64-linux-gnu/libffi.so.6.0.1
7fbfd69c5000-7fbfd69dc000 r-xp 00000000 08:02 3147                       /lib/x86_64-linux-gnu/libresolv-2.19.so
7fbfd69dc000-7fbfd6bdc000 ---p 00017000 08:02 3147                       /lib/x86_64-linux-gnu/libresolv-2.19.so
7fbfd6bdc000-7fbfd6bdd000 r--p 00017000 08:02 3147                       /lib/x86_64-linux-gnu/libresolv-2.19.so
7fbfd6bdd000-7fbfd6bde000 rw-p 00018000 08:02 3147                       /lib/x86_64-linux-gnu/libresolv-2.19.so
7fbfd6bde000-7fbfd6be0000 rw-p 00000000 00:00 0 
7fbfd6be0000-7fbfd6c00000 r-xp 00000000 08:02 13524                      /lib/x86_64-linux-gnu/libselinux.so.1
7fbfd6c00000-7fbfd6dff000 ---p 00020000 08:02 13524                      /lib/x86_64-linux-gnu/libselinux.so.1
7fbfd6dff000-7fbfd6e00000 r--p 0001f000 08:02 13524                      /lib/x86_64-linux-gnu/libselinux.so.1
7fbfd6e00000-7fbfd6e01000 rw-p 00020000 08:02 13524                      /lib/x86_64-linux-gnu/libselinux.so.1
7fbfd6e01000-7fbfd6e03000 rw-p 00000000 00:00 0 
7fbfd6e03000-7fbfd6e06000 r-xp 00000000 08:02 28550                      /usr/lib/x86_64-linux-gnu/libgmodule-2.0.so.0.4002.0
7fbfd6e06000-7fbfd7005000 ---p 00003000 08:02 28550                      /usr/lib/x86_64-linux-gnu/libgmodule-2.0.so.0.4002.0
7fbfd7005000-7fbfd7006000 r--p 00002000 08:02 28550                      /usr/lib/x86_64-linux-gnu/libgmodule-2.0.so.0.4002.0
7fbfd7006000-7fbfd7007000 rw-p 00003000 08:02 28550                      /usr/lib/x86_64-linux-gnu/libgmodule-2.0.so.0.4002.0
7fbfd7007000-7fbfd710d000 r-xp 00000000 08:02 13425                      /lib/x86_64-linux-gnu/libglib-2.0.so.0.4002.0
7fbfd710d000-7fbfd730c000 ---p 00106000 08:02 13425                      /lib/x86_64-linux-gnu/libglib-2.0.so.0.4002.0
7fbfd730c000-7fbfd730d000 r--p 00105000 08:02 13425                      /lib/x86_64-linux-gnu/libglib-2.0.so.0.4002.0
7fbfd730d000-7fbfd730e000 rw-p 00106000 08:02 13425                      /lib/x86_64-linux-gnu/libglib-2.0.so.0.4002.0
7fbfd730e000-7fbfd730f000 rw-p 00000000 00:00 0 
7fbfd730f000-7fbfd735e000 r-xp 00000000 08:02 28566                      /usr/lib/x86_64-linux-gnu/libgobject-2.0.so.0.4002.0
7fbfd735e000-7fbfd755e000 ---p 0004f000 08:02 28566                      /usr/lib/x86_64-linux-gnu/libgobject-2.0.so.0.4002.0
7fbfd755e000-7fbfd755f000 r--p 0004f000 08:02 28566                      /usr/lib/x86_64-linux-gnu/libgobject-2.0.so.0.4002.0
7fbfd755f000-7fbfd7560000 rw-p 00050000 08:02 28566                      /usr/lib/x86_64-linux-gnu/libgobject-2.0.so.0.4002.0
7fbfd7560000-7fbfd76cc000 r-xp 00000000 08:02 28538                      /usr/lib/x86_64-linux-gnu/libgio-2.0.so.0.4002.0
7fbfd76cc000-7fbfd78cb000 ---p 0016c000 08:02 28538                      /usr/lib/x86_64-linux-gnu/libgio-2.0.so.0.4002.0
7fbfd78cb000-7fbfd78cf000 r--p 0016b000 08:02 28538                      /usr/lib/x86_64-linux-gnu/libgio-2.0.so.0.4002.0
7fbfd78cf000-7fbfd78d1000 rw-p 0016f000 08:02 28538                      /usr/lib/x86_64-linux-gnu/libgio-2.0.so.0.4002.0
7fbfd78d1000-7fbfd78d3000 rw-p 00000000 00:00 0 
7fbfd78d3000-7fbfd78ea000 r-xp 00000000 08:02 2629171                    /usr/lib/jvm/java-7-openjdk-amd64/jre/lib/amd64/libnet.so
7fbfd78ea000-7fbfd7ae9000 ---p 00017000 08:02 2629171                    /usr/lib/jvm/java-7-openjdk-amd64/jre/lib/amd64/libnet.so
7fbfd7ae9000-7fbfd7aea000 r--p 00016000 08:02 2629171                    /usr/lib/jvm/java-7-openjdk-amd64/jre/lib/amd64/libnet.so
7fbfd7aea000-7fbfd7aeb000 rw-p 00017000 08:02 2629171                    /usr/lib/jvm/java-7-openjdk-amd64/jre/lib/amd64/libnet.so
7fbfd7aeb000-7fbfd7afb000 r-xp 00000000 08:02 2629192                    /usr/lib/jvm/java-7-openjdk-amd64/jre/lib/amd64/libnio.so
7fbfd7afb000-7fbfd7cfb000 ---p 00010000 08:02 2629192                    /usr/lib/jvm/java-7-openjdk-amd64/jre/lib/amd64/libnio.so
7fbfd7cfb000-7fbfd7cfc000 r--p 00010000 08:02 2629192                    /usr/lib/jvm/java-7-openjdk-amd64/jre/lib/amd64/libnio.so
7fbfd7cfc000-7fbfd7cfd000 rw-p 00011000 08:02 2629192                    /usr/lib/jvm/java-7-openjdk-amd64/jre/lib/amd64/libnio.so
7fbfd7cfd000-7fbfd7cfe000 ---p 00000000 00:00 0 
7fbfd7cfe000-7fbfd7dfe000 rw-p 00000000 00:00 0                          [stack:6911]
7fbfd7dfe000-7fbfd7e01000 ---p 00000000 00:00 0 
7fbfd7e01000-7fbfd7eff000 rw-p 00000000 00:00 0                          [stack:6910]
7fbfd7eff000-7fbfd7f02000 ---p 00000000 00:00 0 
7fbfd7f02000-7fbfd8000000 rw-p 00000000 00:00 0                          [stack:6909]
7fbfd8000000-7fbfd8021000 rw-p 00000000 00:00 0 
7fbfd8021000-7fbfdc000000 ---p 00000000 00:00 0 
7fbfdc0b5000-7fbfdc0e6000 rw-p 00000000 00:00 0 
7fbfdc0e6000-7fbfdc0e9000 ---p 00000000 00:00 0 
7fbfdc0e9000-7fbfdc1e7000 rw-p 00000000 00:00 0                          [stack:6908]
7fbfdc1e7000-7fbfdc1ea000 ---p 00000000 00:00 0 
7fbfdc1ea000-7fbfdc2e8000 rw-p 00000000 00:00 0                          [stack:6907]
7fbfdc2e8000-7fbfdcafb000 r--p 00000000 08:02 27195                      /usr/lib/locale/locale-archive
7fbfdcafb000-7fbfdcafe000 ---p 00000000 00:00 0 
7fbfdcafe000-7fbfdcbfc000 rw-p 00000000 00:00 0                          [stack:6906]
7fbfdcbfc000-7fbfdcbff000 ---p 00000000 00:00 0 
7fbfdcbff000-7fbfdccfd000 rw-p 00000000 00:00 0                          [stack:6905]
7fbfdccfd000-7fbfdccfe000 ---p 00000000 00:00 0 
7fbfdccfe000-7fbfdd000000 rw-p 00000000 00:00 0                          [stack:6904]
7fbfdd000000-7fbfdd370000 rwxp 00000000 00:00 0 
7fbfdd370000-7fbfe0225000 rw-p 00000000 00:00 0 
7fbfe0225000-7fbfe4000000 ---p 00000000 00:00 0 
7fbfe402f000-7fbfe40d1000 r--s 0083b000 08:02 1449643                    /home/ivan/workspace/Champy_v2/app/build/intermediates/transforms/jarMerging/debug/jars/1/1f/combined.jar
7fbfe40d1000-7fbfe40e0000 r--s 000df000 08:02 1575371                    /home/ivan/Android/Sdk/build-tools/23.0.1/lib/dx.jar
7fbfe40e0000-7fbfe4edb000 rw-p 00000000 00:00 0 
7fbfe4edb000-7fbfe508c000 r--s 01d30000 08:02 2629205                    /usr/lib/jvm/java-7-openjdk-amd64/jre/lib/rt.jar
7fbfe508c000-7fbfe53d8000 rw-p 00000000 00:00 0 
7fbfe53d8000-7fbfe53d9000 ---p 00000000 00:00 0 
7fbfe53d9000-7fbfe54d9000 rw-p 00000000 00:00 0                          [stack:6901]
7fbfe54d9000-7fbfe54da000 ---p 00000000 00:00 0 
7fbfe54da000-7fbfe55da000 rw-p 00000000 00:00 0                          [stack:6900]
7fbfe55da000-7fbfe55db000 ---p 00000000 00:00 0 
7fbfe55db000-7fbfe56db000 rw-p 00000000 00:00 0                          [stack:6899]
7fbfe56db000-7fbfe56dc000 ---p 00000000 00:00 0 
7fbfe56dc000-7fbfe57e7000 rw-p 00000000 00:00 0                          [stack:6897]
7fbfe57e7000-7fbfe582f000 rw-p 00000000 00:00 0 
7fbfe582f000-7fbfe5882000 rw-p 00000000 00:00 0 
7fbfe5882000-7fbfe5985000 rw-p 00000000 00:00 0 
7fbfe5985000-7fbfe5990000 rw-p 00000000 00:00 0 
7fbfe5990000-7fbfe59d8000 rw-p 00000000 00:00 0 
7fbfe59d8000-7fbfe5a2b000 rw-p 00000000 00:00 0 
7fbfe5a2b000-7fbfe5b2d000 rw-p 00000000 00:00 0 
7fbfe5b2d000-7fbfe5bd8000 rw-p 00000000 00:00 0 
7fbfe5bd8000-7fbfe5bd9000 rw-p 00000000 00:00 0 
7fbfe5bd9000-7fbfe5be1000 r-xp 00000000 08:02 2629176                    /usr/lib/jvm/java-7-openjdk-amd64/jre/lib/amd64/libzip.so
7fbfe5be1000-7fbfe5de0000 ---p 00008000 08:02 2629176                    /usr/lib/jvm/java-7-openjdk-amd64/jre/lib/amd64/libzip.so
7fbfe5de0000-7fbfe5de1000 r--p 00007000 08:02 2629176                    /usr/lib/jvm/java-7-openjdk-amd64/jre/lib/amd64/libzip.so
7fbfe5de1000-7fbfe5de2000 rw-p 00008000 08:02 2629176                    /usr/lib/jvm/java-7-openjdk-amd64/jre/lib/amd64/libzip.so
7fbfe5de2000-7fbfe5ded000 r-xp 00000000 08:02 3187                       /lib/x86_64-linux-gnu/libnss_files-2.19.so
7fbfe5ded000-7fbfe5fec000 ---p 0000b000 08:02 3187                       /lib/x86_64-linux-gnu/libnss_files-2.19.so
7fbfe5fec000-7fbfe5fed000 r--p 0000a000 08:02 3187                       /lib/x86_64-linux-gnu/libnss_files-2.19.so
7fbfe5fed000-7fbfe5fee000 rw-p 0000b000 08:02 3187                       /lib/x86_64-linux-gnu/libnss_files-2.19.so
7fbfe5fee000-7fbfe5ff9000 r-xp 00000000 08:02 3171                       /lib/x86_64-linux-gnu/libnss_nis-2.19.so
7fbfe5ff9000-7fbfe61f8000 ---p 0000b000 08:02 3171                       /lib/x86_64-linux-gnu/libnss_nis-2.19.so
7fbfe61f8000-7fbfe61f9000 r--p 0000a000 08:02 3171                       /lib/x86_64-linux-gnu/libnss_nis-2.19.so
7fbfe61f9000-7fbfe61fa000 rw-p 0000b000 08:02 3171                       /lib/x86_64-linux-gnu/libnss_nis-2.19.so
7fbfe61fa000-7fbfe6211000 r-xp 00000000 08:02 3163                       /lib/x86_64-linux-gnu/libnsl-2.19.so
7fbfe6211000-7fbfe6410000 ---p 00017000 08:02 3163                       /lib/x86_64-linux-gnu/libnsl-2.19.so
7fbfe6410000-7fbfe6411000 r--p 00016000 08:02 3163                       /lib/x86_64-linux-gnu/libnsl-2.19.so
7fbfe6411000-7fbfe6412000 rw-p 00017000 08:02 3163                       /lib/x86_64-linux-gnu/libnsl-2.19.so
7fbfe6412000-7fbfe6414000 rw-p 00000000 00:00 0 
7fbfe6414000-7fbfe641d000 r-xp 00000000 08:02 3161                       /lib/x86_64-linux-gnu/libnss_compat-2.19.so
7fbfe641d000-7fbfe661c000 ---p 00009000 08:02 3161                       /lib/x86_64-linux-gnu/libnss_compat-2.19.so
7fbfe661c000-7fbfe661d000 r--p 00008000 08:02 3161                       /lib/x86_64-linux-gnu/libnss_compat-2.19.so
7fbfe661d000-7fbfe661e000 rw-p 00009000 08:02 3161                       /lib/x86_64-linux-gnu/libnss_compat-2.19.so
7fbfe661e000-7fbfe6649000 r-xp 00000000 08:02 2629162                    /usr/lib/jvm/java-7-openjdk-amd64/jre/lib/amd64/libjava.so
7fbfe6649000-7fbfe6849000 ---p 0002b000 08:02 2629162                    /usr/lib/jvm/java-7-openjdk-amd64/jre/lib/amd64/libjava.so
7fbfe6849000-7fbfe684a000 r--p 0002b000 08:02 2629162                    /usr/lib/jvm/java-7-openjdk-amd64/jre/lib/amd64/libjava.so
7fbfe684a000-7fbfe684c000 rw-p 0002c000 08:02 2629162                    /usr/lib/jvm/java-7-openjdk-amd64/jre/lib/amd64/libjava.so
7fbfe684c000-7fbfe685c000 r-xp 00000000 08:02 2629163                    /usr/lib/jvm/java-7-openjdk-amd64/jre/lib/amd64/libverify.so
7fbfe685c000-7fbfe6a5b000 ---p 00010000 08:02 2629163                    /usr/lib/jvm/java-7-openjdk-amd64/jre/lib/amd64/libverify.so
7fbfe6a5b000-7fbfe6a5d000 r--p 0000f000 08:02 2629163                    /usr/lib/jvm/java-7-openjdk-amd64/jre/lib/amd64/libverify.so
7fbfe6a5d000-7fbfe6a5e000 rw-p 00011000 08:02 2629163                    /usr/lib/jvm/java-7-openjdk-amd64/jre/lib/amd64/libverify.so
7fbfe6a5e000-7fbfe6a65000 r-xp 00000000 08:02 3179                       /lib/x86_64-linux-gnu/librt-2.19.so
7fbfe6a65000-7fbfe6c64000 ---p 00007000 08:02 3179                       /lib/x86_64-linux-gnu/librt-2.19.so
7fbfe6c64000-7fbfe6c65000 r--p 00006000 08:02 3179                       /lib/x86_64-linux-gnu/librt-2.19.so
7fbfe6c65000-7fbfe6c66000 rw-p 00007000 08:02 3179                       /lib/x86_64-linux-gnu/librt-2.19.so
7fbfe6c66000-7fbfe6c7c000 r-xp 00000000 08:02 3455                       /lib/x86_64-linux-gnu/libgcc_s.so.1
7fbfe6c7c000-7fbfe6e7b000 ---p 00016000 08:02 3455                       /lib/x86_64-linux-gnu/libgcc_s.so.1
7fbfe6e7b000-7fbfe6e7c000 r--p 00015000 08:02 3455                       /lib/x86_64-linux-gnu/libgcc_s.so.1
7fbfe6e7c000-7fbfe6e7d000 rw-p 00016000 08:02 3455                       /lib/x86_64-linux-gnu/libgcc_s.so.1
7fbfe6e7d000-7fbfe6f82000 r-xp 00000000 08:02 3151                       /lib/x86_64-linux-gnu/libm-2.19.so
7fbfe6f82000-7fbfe7181000 ---p 00105000 08:02 3151                       /lib/x86_64-linux-gnu/libm-2.19.so
7fbfe7181000-7fbfe7182000 r--p 00104000 08:02 3151                       /lib/x86_64-linux-gnu/libm-2.19.so
7fbfe7182000-7fbfe7183000 rw-p 00105000 08:02 3151                       /lib/x86_64-linux-gnu/libm-2.19.so
7fbfe7183000-7fbfe7270000 r-xp 00000000 08:02 9486                       /usr/lib/x86_64-linux-gnu/libstdc++.so.6.0.20
7fbfe7270000-7fbfe7470000 ---p 000ed000 08:02 9486                       /usr/lib/x86_64-linux-gnu/libstdc++.so.6.0.20
7fbfe7470000-7fbfe7478000 r--p 000ed000 08:02 9486                       /usr/lib/x86_64-linux-gnu/libstdc++.so.6.0.20
7fbfe7478000-7fbfe747a000 rw-p 000f5000 08:02 9486                       /usr/lib/x86_64-linux-gnu/libstdc++.so.6.0.20
7fbfe747a000-7fbfe748f000 rw-p 00000000 00:00 0 
7fbfe748f000-7fbfe7fb3000 r-xp 00000000 08:02 2629174                    /usr/lib/jvm/java-7-openjdk-amd64/jre/lib/amd64/server/libjvm.so
7fbfe7fb3000-7fbfe81b3000 ---p 00b24000 08:02 2629174                    /usr/lib/jvm/java-7-openjdk-amd64/jre/lib/amd64/server/libjvm.so
7fbfe81b3000-7fbfe824d000 r--p 00b24000 08:02 2629174                    /usr/lib/jvm/java-7-openjdk-amd64/jre/lib/amd64/server/libjvm.so
7fbfe824d000-7fbfe8270000 rw-p 00bbe000 08:02 2629174                    /usr/lib/jvm/java-7-openjdk-amd64/jre/lib/amd64/server/libjvm.so
7fbfe8270000-7fbfe829e000 rw-p 00000000 00:00 0 
7fbfe829e000-7fbfe82b6000 r-xp 00000000 08:02 13550                      /lib/x86_64-linux-gnu/libz.so.1.2.8
7fbfe82b6000-7fbfe84b5000 ---p 00018000 08:02 13550                      /lib/x86_64-linux-gnu/libz.so.1.2.8
7fbfe84b5000-7fbfe84b6000 r--p 00017000 08:02 13550                      /lib/x86_64-linux-gnu/libz.so.1.2.8
7fbfe84b6000-7fbfe84b7000 rw-p 00018000 08:02 13550                      /lib/x86_64-linux-gnu/libz.so.1.2.8
7fbfe84b7000-7fbfe84d0000 r-xp 00000000 08:02 3165                       /lib/x86_64-linux-gnu/libpthread-2.19.so
7fbfe84d0000-7fbfe86cf000 ---p 00019000 08:02 3165                       /lib/x86_64-linux-gnu/libpthread-2.19.so
7fbfe86cf000-7fbfe86d0000 r--p 00018000 08:02 3165                       /lib/x86_64-linux-gnu/libpthread-2.19.so
7fbfe86d0000-7fbfe86d1000 rw-p 00019000 08:02 3165                       /lib/x86_64-linux-gnu/libpthread-2.19.so
7fbfe86d1000-7fbfe86d5000 rw-p 00000000 00:00 0 
7fbfe86d5000-7fbfe86d8000 r-xp 00000000 08:02 3155                       /lib/x86_64-linux-gnu/libdl-2.19.so
7fbfe86d8000-7fbfe88d7000 ---p 00003000 08:02 3155                       /lib/x86_64-linux-gnu/libdl-2.19.so
7fbfe88d7000-7fbfe88d8000 r--p 00002000 08:02 3155                       /lib/x86_64-linux-gnu/libdl-2.19.so
7fbfe88d8000-7fbfe88d9000 rw-p 00003000 08:02 3155                       /lib/x86_64-linux-gnu/libdl-2.19.so
7fbfe88d9000-7fbfe8a94000 r-xp 00000000 08:02 3181                       /lib/x86_64-linux-gnu/libc-2.19.so
7fbfe8a94000-7fbfe8c93000 ---p 001bb000 08:02 3181                       /lib/x86_64-linux-gnu/libc-2.19.so
7fbfe8c93000-7fbfe8c97000 r--p 001ba000 08:02 3181                       /lib/x86_64-linux-gnu/libc-2.19.so
7fbfe8c97000-7fbfe8c99000 rw-p 001be000 08:02 3181                       /lib/x86_64-linux-gnu/libc-2.19.so
7fbfe8c99000-7fbfe8c9e000 rw-p 00000000 00:00 0 
7fbfe8c9e000-7fbfe8cab000 r-xp 00000000 08:02 2629189                    /usr/lib/jvm/java-7-openjdk-amd64/jre/lib/amd64/jli/libjli.so
7fbfe8cab000-7fbfe8eaa000 ---p 0000d000 08:02 2629189                    /usr/lib/jvm/java-7-openjdk-amd64/jre/lib/amd64/jli/libjli.so
7fbfe8eaa000-7fbfe8eab000 r--p 0000c000 08:02 2629189                    /usr/lib/jvm/java-7-openjdk-amd64/jre/lib/amd64/jli/libjli.so
7fbfe8eab000-7fbfe8eac000 rw-p 0000d000 08:02 2629189                    /usr/lib/jvm/java-7-openjdk-amd64/jre/lib/amd64/jli/libjli.so
7fbfe8eac000-7fbfe8ecf000 r-xp 00000000 08:02 3167                       /lib/x86_64-linux-gnu/ld-2.19.so
7fbfe8ecf000-7fbfe8ed0000 rw-p 00000000 00:00 0 
7fbfe8ed0000-7fbfe8ed4000 r--s 00034000 08:02 2629217                    /usr/lib/jvm/java-7-openjdk-amd64/jre/lib/ext/sunjce_provider.jar
7fbfe8ed4000-7fbfe8ed6000 r--s 00012000 08:02 2629216                    /usr/lib/jvm/java-7-openjdk-amd64/jre/lib/ext/zipfs.jar
7fbfe8ed6000-7fbfe8ed9000 r--s 0000f000 08:02 2629218                    /usr/lib/jvm/java-7-openjdk-amd64/jre/lib/ext/icedtea-sound.jar
7fbfe8ed9000-7fbfe8edd000 r--s 0003c000 08:02 2629220                    /usr/lib/jvm/java-7-openjdk-amd64/jre/lib/ext/sunpkcs11.jar
7fbfe8edd000-7fbfe8edf000 r--s 00006000 08:02 5674                       /usr/share/java/java-atk-wrapper.jar
7fbfe8edf000-7fbfe8ee3000 r--s 00085000 08:02 2629219                    /usr/lib/jvm/java-7-openjdk-amd64/jre/lib/ext/localedata.jar
7fbfe8ee3000-7fbfe8ef1000 rw-p 00000000 00:00 0 
7fbfe8ef1000-7fbfe8fa3000 rw-p 00000000 00:00 0 
7fbfe8fa3000-7fbfe8fa6000 ---p 00000000 00:00 0 
7fbfe8fa6000-7fbfe90a9000 rw-p 00000000 00:00 0                          [stack:6896]
7fbfe90a9000-7fbfe90aa000 r--s 00002000 08:02 2629215                    /usr/lib/jvm/java-7-openjdk-amd64/jre/lib/ext/dnsns.jar
7fbfe90aa000-7fbfe90c2000 rw-p 00000000 00:00 0 
7fbfe90c2000-7fbfe90ca000 rw-s 00000000 08:02 1313443                    /tmp/hsperfdata_ivan/6895
7fbfe90ca000-7fbfe90cb000 rw-p 00000000 00:00 0 
7fbfe90cb000-7fbfe90cc000 r--p 00000000 00:00 0 
7fbfe90cc000-7fbfe90ce000 rw-p 00000000 00:00 0 
7fbfe90ce000-7fbfe90cf000 r--p 00022000 08:02 3167                       /lib/x86_64-linux-gnu/ld-2.19.so
7fbfe90cf000-7fbfe90d0000 rw-p 00023000 08:02 3167                       /lib/x86_64-linux-gnu/ld-2.19.so
7fbfe90d0000-7fbfe90d1000 rw-p 00000000 00:00 0 
7fffa99ba000-7fffa99db000 rw-p 00000000 00:00 0                          [stack]
7fffa99fc000-7fffa99fe000 r-xp 00000000 00:00 0                          [vdso]
7fffa99fe000-7fffa9a00000 r--p 00000000 00:00 0                          [vvar]
ffffffffff600000-ffffffffff601000 r-xp 00000000 00:00 0                  [vsyscall]

VM Arguments:
jvm_args: -Djava.awt.headless=true -Xmx1024M -Dfile.encoding=UTF-8 -Duser.country=UA -Duser.language=ru -Duser.variant 
java_command: com.android.dx.command.Main --dex --num-threads=4 --multi-dex --main-dex-list /home/ivan/workspace/Champy_v2/app/build/intermediates/multi-dex/debug/maindexlist.txt --output /home/ivan/workspace/Champy_v2/app/build/intermediates/transforms/dex/debug/folders/1000/1f/main /home/ivan/workspace/Champy_v2/app/build/intermediates/transforms/jarMerging/debug/jars/1/1f/combined.jar
Launcher Type: SUN_STANDARD

Environment Variables:
JAVA_HOME=/usr/lib/jvm/java-8-oracle
PATH=/usr/local/sbin:/usr/local/bin:/usr/sbin:/usr/bin:/sbin:/bin:/usr/games:/usr/local/games:/usr/lib/jvm/java-8-oracle/bin:/usr/lib/jvm/java-8-oracle/db/bin:/usr/lib/jvm/java-8-oracle/jre/bin
SHELL=/bin/bash
DISPLAY=:0

Signal Handlers:
SIGSEGV: [libjvm.so+0x9548f0], sa_mask[0]=0x7ffbfeff, sa_flags=0x10000004
SIGBUS: [libjvm.so+0x9548f0], sa_mask[0]=0x7ffbfeff, sa_flags=0x10000004
SIGFPE: [libjvm.so+0x7cb0b0], sa_mask[0]=0x7ffbfeff, sa_flags=0x10000004
SIGPIPE: [libjvm.so+0x7cb0b0], sa_mask[0]=0x7ffbfeff, sa_flags=0x10000004
SIGXFSZ: [libjvm.so+0x7cb0b0], sa_mask[0]=0x7ffbfeff, sa_flags=0x10000004
SIGILL: [libjvm.so+0x7cb0b0], sa_mask[0]=0x7ffbfeff, sa_flags=0x10000004
SIGUSR1: SIG_DFL, sa_mask[0]=0x00000000, sa_flags=0x00000000
SIGUSR2: [libjvm.so+0x7caf50], sa_mask[0]=0x00000004, sa_flags=0x10000004
SIGHUP: [libjvm.so+0x7cb130], sa_mask[0]=0x7ffbfeff, sa_flags=0x10000004
SIGINT: [libjvm.so+0x7cb130], sa_mask[0]=0x7ffbfeff, sa_flags=0x10000004
SIGTERM: [libjvm.so+0x7cb130], sa_mask[0]=0x7ffbfeff, sa_flags=0x10000004
SIGQUIT: [libjvm.so+0x7cb130], sa_mask[0]=0x7ffbfeff, sa_flags=0x10000004
SIGTRAP: SIG_DFL, sa_mask[0]=0x00000000, sa_flags=0x00000000


---------------  S Y S T E M  ---------------

OS:Ubuntu 14.04 (trusty)
uname:Linux 3.16.0-30-generic #40~14.04.1-Ubuntu SMP Thu Jan 15 17:43:14 UTC 2015 x86_64
libc:glibc 2.19 NPTL 2.19 
rlimit: STACK 8192k, CORE 0k, NPROC 30684, NOFILE 4096, AS infinity
load average:8,99 6,92 5,08

/proc/meminfo:
MemTotal:        8059724 kB
MemFree:          759744 kB
MemAvailable:    2630816 kB
Buffers:          205344 kB
Cached:          2399940 kB
SwapCached:            0 kB
Active:          4439560 kB
Inactive:        2017624 kB
Active(anon):    3435504 kB
Inactive(anon):  1050384 kB
Active(file):    1004056 kB
Inactive(file):   967240 kB
Unevictable:          72 kB
Mlocked:              72 kB
SwapTotal:       4075516 kB
SwapFree:        4075176 kB
Dirty:              4292 kB
Writeback:             0 kB
AnonPages:       3852052 kB
Mapped:          1201144 kB
Shmem:            633992 kB
Slab:             185504 kB
SReclaimable:     137420 kB
SUnreclaim:        48084 kB
KernelStack:       12672 kB
PageTables:        60036 kB
NFS_Unstable:          0 kB
Bounce:                0 kB
WritebackTmp:          0 kB
CommitLimit:     8105376 kB
Committed_AS:   10490968 kB
VmallocTotal:   34359738367 kB
VmallocUsed:      358520 kB
VmallocChunk:   34359279536 kB
HardwareCorrupted:     0 kB
AnonHugePages:   1585152 kB
HugePages_Total:       0
HugePages_Free:        0
HugePages_Rsvd:        0
HugePages_Surp:        0
Hugepagesize:       2048 kB
DirectMap4k:      116676 kB
DirectMap2M:     8155136 kB


CPU:total 4 (2 cores per cpu, 2 threads per core) family 6 model 58 stepping 9, cmov, cx8, fxsr, mmx, sse, sse2, sse3, ssse3, sse4.1, sse4.2, popcnt, avx, erms, ht, tsc, tscinvbit, tscinv

/proc/cpuinfo:
processor	: 0
vendor_id	: GenuineIntel
cpu family	: 6
model		: 58
model name	: Intel(R) Core(TM) i3-3217U CPU @ 1.80GHz
stepping	: 9
microcode	: 0x15
cpu MHz		: 1800.000
cache size	: 3072 KB
physical id	: 0
siblings	: 4
core id		: 0
cpu cores	: 2
apicid		: 0
initial apicid	: 0
fpu		: yes
fpu_exception	: yes
cpuid level	: 13
wp		: yes
flags		: fpu vme de pse tsc msr pae mce cx8 apic sep mtrr pge mca cmov pat pse36 clflush dts acpi mmx fxsr sse sse2 ss ht tm pbe syscall nx rdtscp lm constant_tsc arch_perfmon pebs bts rep_good nopl xtopology nonstop_tsc aperfmperf eagerfpu pni pclmulqdq dtes64 monitor ds_cpl vmx est tm2 ssse3 cx16 xtpr pdcm pcid sse4_1 sse4_2 x2apic popcnt tsc_deadline_timer xsave avx f16c lahf_lm ida arat epb xsaveopt pln pts dtherm tpr_shadow vnmi flexpriority ept vpid fsgsbase smep erms
bogomips	: 3591.94
clflush size	: 64
cache_alignment	: 64
address sizes	: 36 bits physical, 48 bits virtual
power management:

processor	: 1
vendor_id	: GenuineIntel
cpu family	: 6
model		: 58
model name	: Intel(R) Core(TM) i3-3217U CPU @ 1.80GHz
stepping	: 9
microcode	: 0x15
cpu MHz		: 1800.000
cache size	: 3072 KB
physical id	: 0
siblings	: 4
core id		: 1
cpu cores	: 2
apicid		: 2
initial apicid	: 2
fpu		: yes
fpu_exception	: yes
cpuid level	: 13
wp		: yes
flags		: fpu vme de pse tsc msr pae mce cx8 apic sep mtrr pge mca cmov pat pse36 clflush dts acpi mmx fxsr sse sse2 ss ht tm pbe syscall nx rdtscp lm constant_tsc arch_perfmon pebs bts rep_good nopl xtopology nonstop_tsc aperfmperf eagerfpu pni pclmulqdq dtes64 monitor ds_cpl vmx est tm2 ssse3 cx16 xtpr pdcm pcid sse4_1 sse4_2 x2apic popcnt tsc_deadline_timer xsave avx f16c lahf_lm ida arat epb xsaveopt pln pts dtherm tpr_shadow vnmi flexpriority ept vpid fsgsbase smep erms
bogomips	: 3591.94
clflush size	: 64
cache_alignment	: 64
address sizes	: 36 bits physical, 48 bits virtual
power management:

processor	: 2
vendor_id	: GenuineIntel
cpu family	: 6
model		: 58
model name	: Intel(R) Core(TM) i3-3217U CPU @ 1.80GHz
stepping	: 9
microcode	: 0x15
cpu MHz		: 1800.000
cache size	: 3072 KB
physical id	: 0
siblings	: 4
core id		: 0
cpu cores	: 2
apicid		: 1
initial apicid	: 1
fpu		: yes
fpu_exception	: yes
cpuid level	: 13
wp		: yes
flags		: fpu vme de pse tsc msr pae mce cx8 apic sep mtrr pge mca cmov pat pse36 clflush dts acpi mmx fxsr sse sse2 ss ht tm pbe syscall nx rdtscp lm constant_tsc arch_perfmon pebs bts rep_good nopl xtopology nonstop_tsc aperfmperf eagerfpu pni pclmulqdq dtes64 monitor ds_cpl vmx est tm2 ssse3 cx16 xtpr pdcm pcid sse4_1 sse4_2 x2apic popcnt tsc_deadline_timer xsave avx f16c lahf_lm ida arat epb xsaveopt pln pts dtherm tpr_shadow vnmi flexpriority ept vpid fsgsbase smep erms
bogomips	: 3591.94
clflush size	: 64
cache_alignment	: 64
address sizes	: 36 bits physical, 48 bits virtual
power management:

processor	: 3
vendor_id	: GenuineIntel
cpu family	: 6
model		: 58
model name	: Intel(R) Core(TM) i3-3217U CPU @ 1.80GHz
stepping	: 9
microcode	: 0x15
cpu MHz		: 1800.000
cache size	: 3072 KB
physical id	: 0
siblings	: 4
core id		: 1
cpu cores	: 2
apicid		: 3
initial apicid	: 3
fpu		: yes
fpu_exception	: yes
cpuid level	: 13
wp		: yes
flags		: fpu vme de pse tsc msr pae mce cx8 apic sep mtrr pge mca cmov pat pse36 clflush dts acpi mmx fxsr sse sse2 ss ht tm pbe syscall nx rdtscp lm constant_tsc arch_perfmon pebs bts rep_good nopl xtopology nonstop_tsc aperfmperf eagerfpu pni pclmulqdq dtes64 monitor ds_cpl vmx est tm2 ssse3 cx16 xtpr pdcm pcid sse4_1 sse4_2 x2apic popcnt tsc_deadline_timer xsave avx f16c lahf_lm ida arat epb xsaveopt pln pts dtherm tpr_shadow vnmi flexpriority ept vpid fsgsbase smep erms
bogomips	: 3591.94
clflush size	: 64
cache_alignment	: 64
address sizes	: 36 bits physical, 48 bits virtual
power management:



Memory: 4k page, physical 8059724k(759744k free), swap 4075516k(4075176k free)

vm_info: OpenJDK 64-Bit Server VM (24.95-b01) for linux-amd64 JRE (1.7.0_95-b00), built on Mar 24 2016 06:13:32 by "buildd" with gcc 4.8.2

time: Wed Apr 20 13:00:20 2016
elapsed time: 18 seconds

