#
# A fatal error has been detected by the Java Runtime Environment:
#
#  Internal Error (park.cpp:158), pid=28714, tid=140701318326016
#  guarantee(p->FreeNext == NULL) failed: invariant
#
# JRE version: OpenJDK Runtime Environment (7.0_95) (build 1.7.0_95-b00)
# Java VM: OpenJDK 64-Bit Server VM (24.95-b01 mixed mode linux-amd64 compressed oops)
# Derivative: IcedTea 2.6.4
# Distribution: Ubuntu 14.04 LTS, package 7u95-2.6.4-0ubuntu0.14.04.2
# Failed to write core dump. Core dumps have been disabled. To enable core dumping, try "ulimit -c unlimited" before starting Java again
#
# If you would like to submit a bug report, please include
# instructions on how to reproduce the bug and visit:
#   http://icedtea.classpath.org/bugzilla
#

---------------  T H R E A D  ---------------

Current thread (0x00007ff7981e9000):  JavaThread "pool-2-thread-1" [_thread_in_vm, id=28732, stack(0x00007ff794092000,0x00007ff794193000)]

Stack: [0x00007ff794092000,0x00007ff794193000],  sp=0x00007ff794191c00,  free space=1023k
Native frames: (J=compiled Java code, j=interpreted, Vv=VM code, C=native code)
V  [libjvm.so+0x953e15]
V  [libjvm.so+0x48fc9e]
V  [libjvm.so+0x7f2c7c]
V  [libjvm.so+0x900366]
V  [libjvm.so+0x900851]
V  [libjvm.so+0x906bb0]
V  [libjvm.so+0x906ee1]
V  [libjvm.so+0x7cc742]


---------------  P R O C E S S  ---------------

Java Threads: ( => current thread )
  0x00007ff7981f3000 JavaThread "pool-1-thread-1" [_thread_in_Java, id=29046, stack(0x00007ff78c251000,0x00007ff78c352000)]
  0x00007ff7980ae800 JavaThread "Service Thread" daemon [_thread_blocked, id=28730, stack(0x00007ff7942e8000,0x00007ff7943e9000)]
  0x00007ff7980ac800 JavaThread "C2 CompilerThread1" daemon [_thread_in_native, id=28729, stack(0x00007ff7943e9000,0x00007ff7944ea000)]
  0x00007ff7980a9800 JavaThread "C2 CompilerThread0" daemon [_thread_in_native, id=28728, stack(0x00007ff7944ea000,0x00007ff7945eb000)]
  0x00007ff7980a7000 JavaThread "Signal Dispatcher" daemon [_thread_blocked, id=28727, stack(0x00007ff7945eb000,0x00007ff7946ec000)]
  0x00007ff79807c000 JavaThread "Finalizer" daemon [_thread_blocked, id=28726, stack(0x00007ff794eff000,0x00007ff795000000)]
  0x00007ff79807a000 JavaThread "Reference Handler" daemon [_thread_blocked, id=28725, stack(0x00007ff79c0c3000,0x00007ff79c1c4000)]
  0x00007ff79800a800 JavaThread "main" [_thread_blocked, id=28719, stack(0x00007ff7a138a000,0x00007ff7a148b000)]

Other Threads:
  0x00007ff798075800 VMThread [stack: 0x00007ff79c1c4000,0x00007ff79c2c5000] [id=28724]
  0x00007ff7980b9800 WatcherThread [stack: 0x00007ff7941e7000,0x00007ff7942e8000] [id=28731]

=>0x00007ff7981e9000 (exited) JavaThread "pool-2-thread-1" [_thread_in_vm, id=28732, stack(0x00007ff794092000,0x00007ff794193000)]

VM state:not at safepoint (normal execution)

VM Mutex/Monitor currently owned by a thread: None

Heap
 PSYoungGen      total 233472K, used 140635K [0x00000000eaa80000, 0x0000000100000000, 0x0000000100000000)
  eden space 117248K, 87% used [0x00000000eaa80000,0x00000000f0ea87f0,0x00000000f1d00000)
  from space 116224K, 32% used [0x00000000f8e80000,0x00000000fb3ae748,0x0000000100000000)
  to   space 116224K, 0% used [0x00000000f1d00000,0x00000000f1d00000,0x00000000f8e80000)
 ParOldGen       total 636928K, used 559037K [0x00000000c0000000, 0x00000000e6e00000, 0x00000000eaa80000)
  object space 636928K, 87% used [0x00000000c0000000,0x00000000e21ef7c0,0x00000000e6e00000)
 PSPermGen       total 21504K, used 6491K [0x00000000b5a00000, 0x00000000b6f00000, 0x00000000c0000000)
  object space 21504K, 30% used [0x00000000b5a00000,0x00000000b6056c28,0x00000000b6f00000)

Card table byte_map: [0x00007ff79dd6c000,0x00007ff79dfc0000] byte_map_base: 0x00007ff79d7bf000

Polling page: 0x00007ff7a14b2000

Code Cache  [0x00007ff795000000, 0x00007ff7954a0000, 0x00007ff798000000)
 total_blobs=1529 nmethods=1296 adapters=184 free_code_cache=44736Kb largest_free_block=45509568

Compilation events (10 events):
Event: 31,641 Thread 0x00007ff7980ac800 1373             com.android.dx.rop.cst.CstMemberRef::hashCode (19 bytes)
Event: 31,657 Thread 0x00007ff7980ac800 nmethod 1373 0x00007ff7951ead90 code [0x00007ff7951eaf00, 0x00007ff7951eb398]
Event: 31,657 Thread 0x00007ff7980ac800 1374             com.android.dx.rop.cst.CstNat::hashCode (19 bytes)
Event: 31,667 Thread 0x00007ff7980ac800 nmethod 1374 0x00007ff7951e3510 code [0x00007ff7951e3660, 0x00007ff7951e3958]
Event: 31,668 Thread 0x00007ff7980ac800 1375             com.android.dx.dex.file.ClassDataItem::addStaticField (51 bytes)
Event: 31,673 Thread 0x00007ff7980ac800 nmethod 1375 0x00007ff7951e2e90 code [0x00007ff7951e3000, 0x00007ff7951e3278]
Event: 31,674 Thread 0x00007ff7980ac800 1376             java.lang.String::toCharArray (25 bytes)
Event: 31,677 Thread 0x00007ff7980ac800 nmethod 1376 0x00007ff79542d590 code [0x00007ff79542d6e0, 0x00007ff79542d818]
Event: 31,753 Thread 0x00007ff7980ac800 1377             com.android.dx.cf.iface.StdField::getConstantValue (28 bytes)
Event: 31,759 Thread 0x00007ff7980ac800 nmethod 1377 0x00007ff79542e990 code [0x00007ff79542eb00, 0x00007ff79542ee18]

GC Heap History (10 events):
Event: 30,010 GC heap before
{Heap before GC invocations=30 (full 4):
 PSYoungGen      total 229888K, used 181497K [0x00000000eaa80000, 0x00000000ffe80000, 0x0000000100000000)
  eden space 126464K, 100% used [0x00000000eaa80000,0x00000000f2600000,0x00000000f2600000)
  from space 103424K, 53% used [0x00000000f2600000,0x00000000f5bbe6a0,0x00000000f8b00000)
  to   space 102912K, 0% used [0x00000000f9a00000,0x00000000f9a00000,0x00000000ffe80000)
 ParOldGen       total 636928K, used 442599K [0x00000000c0000000, 0x00000000e6e00000, 0x00000000eaa80000)
  object space 636928K, 69% used [0x00000000c0000000,0x00000000db039d18,0x00000000e6e00000)
 PSPermGen       total 21504K, used 6455K [0x00000000b5a00000, 0x00000000b6f00000, 0x00000000c0000000)
  object space 21504K, 30% used [0x00000000b5a00000,0x00000000b604de58,0x00000000b6f00000)
Event: 30,099 GC heap after
Heap after GC invocations=30 (full 4):
 PSYoungGen      total 234496K, used 74262K [0x00000000eaa80000, 0x0000000100000000, 0x0000000100000000)
  eden space 131584K, 0% used [0x00000000eaa80000,0x00000000eaa80000,0x00000000f2b00000)
  from space 102912K, 72% used [0x00000000f9a00000,0x00000000fe285818,0x00000000ffe80000)
  to   space 109056K, 0% used [0x00000000f2b00000,0x00000000f2b00000,0x00000000f9580000)
 ParOldGen       total 636928K, used 442599K [0x00000000c0000000, 0x00000000e6e00000, 0x00000000eaa80000)
  object space 636928K, 69% used [0x00000000c0000000,0x00000000db039d18,0x00000000e6e00000)
 PSPermGen       total 21504K, used 6455K [0x00000000b5a00000, 0x00000000b6f00000, 0x00000000c0000000)
  object space 21504K, 30% used [0x00000000b5a00000,0x00000000b604de58,0x00000000b6f00000)
}
Event: 30,372 GC heap before
{Heap before GC invocations=31 (full 4):
 PSYoungGen      total 234496K, used 205846K [0x00000000eaa80000, 0x0000000100000000, 0x0000000100000000)
  eden space 131584K, 100% used [0x00000000eaa80000,0x00000000f2b00000,0x00000000f2b00000)
  from space 102912K, 72% used [0x00000000f9a00000,0x00000000fe285818,0x00000000ffe80000)
  to   space 109056K, 0% used [0x00000000f2b00000,0x00000000f2b00000,0x00000000f9580000)
 ParOldGen       total 636928K, used 442599K [0x00000000c0000000, 0x00000000e6e00000, 0x00000000eaa80000)
  object space 636928K, 69% used [0x00000000c0000000,0x00000000db039d18,0x00000000e6e00000)
 PSPermGen       total 21504K, used 6459K [0x00000000b5a00000, 0x00000000b6f00000, 0x00000000c0000000)
  object space 21504K, 30% used [0x00000000b5a00000,0x00000000b604ef18,0x00000000b6f00000)
Event: 30,484 GC heap after
Heap after GC invocations=31 (full 4):
 PSYoungGen      total 228352K, used 96582K [0x00000000eaa80000, 0x0000000100000000, 0x0000000100000000)
  eden space 131584K, 0% used [0x00000000eaa80000,0x00000000eaa80000,0x00000000f2b00000)
  from space 96768K, 99% used [0x00000000f2b00000,0x00000000f8951a30,0x00000000f8980000)
  to   space 116224K, 0% used [0x00000000f8e80000,0x00000000f8e80000,0x0000000100000000)
 ParOldGen       total 636928K, used 442599K [0x00000000c0000000, 0x00000000e6e00000, 0x00000000eaa80000)
  object space 636928K, 69% used [0x00000000c0000000,0x00000000db039d18,0x00000000e6e00000)
 PSPermGen       total 21504K, used 6459K [0x00000000b5a00000, 0x00000000b6f00000, 0x00000000c0000000)
  object space 21504K, 30% used [0x00000000b5a00000,0x00000000b604ef18,0x00000000b6f00000)
}
Event: 30,722 GC heap before
{Heap before GC invocations=32 (full 4):
 PSYoungGen      total 228352K, used 228166K [0x00000000eaa80000, 0x0000000100000000, 0x0000000100000000)
  eden space 131584K, 100% used [0x00000000eaa80000,0x00000000f2b00000,0x00000000f2b00000)
  from space 96768K, 99% used [0x00000000f2b00000,0x00000000f8951a30,0x00000000f8980000)
  to   space 116224K, 0% used [0x00000000f8e80000,0x00000000f8e80000,0x0000000100000000)
 ParOldGen       total 636928K, used 442599K [0x00000000c0000000, 0x00000000e6e00000, 0x00000000eaa80000)
  object space 636928K, 69% used [0x00000000c0000000,0x00000000db039d18,0x00000000e6e00000)
 PSPermGen       total 21504K, used 6461K [0x00000000b5a00000, 0x00000000b6f00000, 0x00000000c0000000)
  object space 21504K, 30% used [0x00000000b5a00000,0x00000000b604f480,0x00000000b6f00000)
Event: 30,868 GC heap after
Heap after GC invocations=32 (full 4):
 PSYoungGen      total 233472K, used 81797K [0x00000000eaa80000, 0x0000000100000000, 0x0000000100000000)
  eden space 117248K, 0% used [0x00000000eaa80000,0x00000000eaa80000,0x00000000f1d00000)
  from space 116224K, 70% used [0x00000000f8e80000,0x00000000fde615a0,0x0000000100000000)
  to   space 116224K, 0% used [0x00000000f1d00000,0x00000000f1d00000,0x00000000f8e80000)
 ParOldGen       total 636928K, used 477812K [0x00000000c0000000, 0x00000000e6e00000, 0x00000000eaa80000)
  object space 636928K, 75% used [0x00000000c0000000,0x00000000dd29d0b8,0x00000000e6e00000)
 PSPermGen       total 21504K, used 6461K [0x00000000b5a00000, 0x00000000b6f00000, 0x00000000c0000000)
  object space 21504K, 30% used [0x00000000b5a00000,0x00000000b604f480,0x00000000b6f00000)
}
Event: 31,060 GC heap before
{Heap before GC invocations=33 (full 4):
 PSYoungGen      total 233472K, used 199045K [0x00000000eaa80000, 0x0000000100000000, 0x0000000100000000)
  eden space 117248K, 100% used [0x00000000eaa80000,0x00000000f1d00000,0x00000000f1d00000)
  from space 116224K, 70% used [0x00000000f8e80000,0x00000000fde615a0,0x0000000100000000)
  to   space 116224K, 0% used [0x00000000f1d00000,0x00000000f1d00000,0x00000000f8e80000)
 ParOldGen       total 636928K, used 477814K [0x00000000c0000000, 0x00000000e6e00000, 0x00000000eaa80000)
  object space 636928K, 75% used [0x00000000c0000000,0x00000000dd29d8a0,0x00000000e6e00000)
 PSPermGen       total 21504K, used 6462K [0x00000000b5a00000, 0x00000000b6f00000, 0x00000000c0000000)
  object space 21504K, 30% used [0x00000000b5a00000,0x00000000b604f860,0x00000000b6f00000)
Event: 31,195 GC heap after
Heap after GC invocations=33 (full 4):
 PSYoungGen      total 233472K, used 61063K [0x00000000eaa80000, 0x0000000100000000, 0x0000000100000000)
  eden space 117248K, 0% used [0x00000000eaa80000,0x00000000eaa80000,0x00000000f1d00000)
  from space 116224K, 52% used [0x00000000f1d00000,0x00000000f58a1e48,0x00000000f8e80000)
  to   space 116224K, 0% used [0x00000000f8e80000,0x00000000f8e80000,0x0000000100000000)
 ParOldGen       total 636928K, used 516519K [0x00000000c0000000, 0x00000000e6e00000, 0x00000000eaa80000)
  object space 636928K, 81% used [0x00000000c0000000,0x00000000df869e38,0x00000000e6e00000)
 PSPermGen       total 21504K, used 6462K [0x00000000b5a00000, 0x00000000b6f00000, 0x00000000c0000000)
  object space 21504K, 30% used [0x00000000b5a00000,0x00000000b604f860,0x00000000b6f00000)
}
Event: 31,408 GC heap before
{Heap before GC invocations=34 (full 4):
 PSYoungGen      total 233472K, used 178311K [0x00000000eaa80000, 0x0000000100000000, 0x0000000100000000)
  eden space 117248K, 100% used [0x00000000eaa80000,0x00000000f1d00000,0x00000000f1d00000)
  from space 116224K, 52% used [0x00000000f1d00000,0x00000000f58a1e48,0x00000000f8e80000)
  to   space 116224K, 0% used [0x00000000f8e80000,0x00000000f8e80000,0x0000000100000000)
 ParOldGen       total 636928K, used 516522K [0x00000000c0000000, 0x00000000e6e00000, 0x00000000eaa80000)
  object space 636928K, 81% used [0x00000000c0000000,0x00000000df86a828,0x00000000e6e00000)
 PSPermGen       total 21504K, used 6462K [0x00000000b5a00000, 0x00000000b6f00000, 0x00000000c0000000)
  object space 21504K, 30% used [0x00000000b5a00000,0x00000000b604f860,0x00000000b6f00000)
Event: 31,520 GC heap after
Heap after GC invocations=34 (full 4):
 PSYoungGen      total 233472K, used 38073K [0x00000000eaa80000, 0x0000000100000000, 0x0000000100000000)
  eden space 117248K, 0% used [0x00000000eaa80000,0x00000000eaa80000,0x00000000f1d00000)
  from space 116224K, 32% used [0x00000000f8e80000,0x00000000fb3ae748,0x0000000100000000)
  to   space 116224K, 0% used [0x00000000f1d00000,0x00000000f1d00000,0x00000000f8e80000)
 ParOldGen       total 636928K, used 559037K [0x00000000c0000000, 0x00000000e6e00000, 0x00000000eaa80000)
  object space 636928K, 87% used [0x00000000c0000000,0x00000000e21ef7c0,0x00000000e6e00000)
 PSPermGen       total 21504K, used 6462K [0x00000000b5a00000, 0x00000000b6f00000, 0x00000000c0000000)
  object space 21504K, 30% used [0x00000000b5a00000,0x00000000b604f860,0x00000000b6f00000)
}

Deoptimization events (10 events):
Event: 30,681 Thread 0x00007ff79800a800 Uncommon trap: reason=bimorphic action=maybe_recompile pc=0x00007ff7952b4540 method=java.util.concurrent.locks.AbstractQueuedSynchronizer.acquire(I)V @ 2
Event: 31,305 Thread 0x00007ff79800a800 Uncommon trap: reason=bimorphic action=maybe_recompile pc=0x00007ff7952b4540 method=java.util.concurrent.locks.AbstractQueuedSynchronizer.acquire(I)V @ 2
Event: 31,354 Thread 0x00007ff7981f1800 Uncommon trap: reason=bimorphic action=maybe_recompile pc=0x00007ff79534d840 method=com.android.dx.cf.code.BytecodeArray.parseInstruction(ILcom/android/dx/cf/code/BytecodeArray$Visitor;)I @ 2554
Event: 31,354 Thread 0x00007ff7981f1800 Uncommon trap: reason=bimorphic action=maybe_recompile pc=0x00007ff79534d840 method=com.android.dx.cf.code.BytecodeArray.parseInstruction(ILcom/android/dx/cf/code/BytecodeArray$Visitor;)I @ 2554
Event: 31,772 Thread 0x00007ff79800a800 Uncommon trap: reason=bimorphic action=maybe_recompile pc=0x00007ff7952b4540 method=java.util.concurrent.locks.AbstractQueuedSynchronizer.acquire(I)V @ 2
Event: 31,773 Thread 0x00007ff7981e9000 Uncommon trap: reason=unstable_if action=reinterpret pc=0x00007ff79545760c method=java.util.concurrent.ThreadPoolExecutor.getTask()Ljava/lang/Runnable; @ 16
Event: 31,773 Thread 0x00007ff7981e9000 Uncommon trap: reason=bimorphic action=maybe_recompile pc=0x00007ff7952b4540 method=java.util.concurrent.locks.AbstractQueuedSynchronizer.acquire(I)V @ 2
Event: 31,773 Thread 0x00007ff79800a800 Uncommon trap: reason=unstable_if action=reinterpret pc=0x00007ff79543a7fc method=java.util.concurrent.locks.ReentrantLock$Sync.tryRelease(I)Z @ 28
Event: 31,773 Thread 0x00007ff79800a800 Uncommon trap: reason=unstable_if action=reinterpret pc=0x00007ff795281d70 method=java.util.concurrent.ThreadPoolExecutor.isRunning(I)Z @ 1
Event: 31,773 Thread 0x00007ff7981f4800 Uncommon trap: reason=unstable_if action=reinterpret pc=0x00007ff79545760c method=java.util.concurrent.ThreadPoolExecutor.getTask()Ljava/lang/Runnable; @ 16

Internal exceptions (10 events):
Event: 14,249 Thread 0x00007ff79800a800 Implicit null exception at 0x00007ff79531f92c to 0x00007ff795322ced
Event: 15,081 Thread 0x00007ff7981f1800 Threw 0x00000000eb4e2c88 at /build/openjdk-7-HVzwJZ/openjdk-7-7u95-2.6.4/build/openjdk/hotspot/src/share/vm/prims/jvm.cpp:1322
Event: 15,130 Thread 0x00007ff79800a800 Implicit null exception at 0x00007ff7952e22bc to 0x00007ff7952e23b3
Event: 15,442 Thread 0x00007ff79800a800 Threw 0x00000000ef3fe010 at /build/openjdk-7-HVzwJZ/openjdk-7-7u95-2.6.4/build/openjdk/hotspot/src/share/vm/prims/jvm.cpp:1322
Event: 15,698 Thread 0x00007ff79800a800 Threw 0x00000000f29496e0 at /build/openjdk-7-HVzwJZ/openjdk-7-7u95-2.6.4/build/openjdk/hotspot/src/share/vm/prims/jvm.cpp:1322
Event: 20,198 Thread 0x00007ff7981f3000 Implicit null exception at 0x00007ff79537b3b4 to 0x00007ff7953800d4
Event: 20,201 Thread 0x00007ff7981f3000 Implicit null exception at 0x00007ff79533f7eb to 0x00007ff79533fd93
Event: 20,206 Thread 0x00007ff79800a800 Implicit null exception at 0x00007ff79537b3b4 to 0x00007ff7953800d4
Event: 21,141 Thread 0x00007ff79800a800 Implicit null exception at 0x00007ff79542d22b to 0x00007ff79542eaa1
Event: 21,615 Thread 0x00007ff79800a800 Threw 0x00000000eff834c8 at /build/openjdk-7-HVzwJZ/openjdk-7-7u95-2.6.4/build/openjdk/hotspot/src/share/vm/prims/jvm.cpp:1322

Events (10 events):
Event: 31,773 Thread 0x00007ff79800a800 DEOPT PACKING pc=0x00007ff79543a7fc sp=0x00007ff7a1489630
Event: 31,773 Thread 0x00007ff79800a800 DEOPT UNPACKING pc=0x00007ff795039445 sp=0x00007ff7a1489530 mode 2
Event: 31,773 Thread 0x00007ff79800a800 Uncommon trap: trap_request=0xffffff75 fr.pc=0x00007ff795281d70
Event: 31,773 Thread 0x00007ff79800a800 DEOPT PACKING pc=0x00007ff795281d70 sp=0x00007ff7a14896c0
Event: 31,773 Thread 0x00007ff79800a800 DEOPT UNPACKING pc=0x00007ff795039445 sp=0x00007ff7a1489678 mode 2
Event: 31,773 Thread 0x00007ff7981f4800 Uncommon trap: trap_request=0xffffff75 fr.pc=0x00007ff79545760c
Event: 31,773 Thread 0x00007ff7981f4800 DEOPT PACKING pc=0x00007ff79545760c sp=0x00007ff787ffe890
Event: 31,773 Thread 0x00007ff7981f4800 DEOPT UNPACKING pc=0x00007ff795039445 sp=0x00007ff787ffe860 mode 2
Event: 31,773 Thread 0x00007ff7981f4800 Thread exited: 0x00007ff7981f4800
Event: 31,773 Thread 0x00007ff7981e9000 Thread exited: 0x00007ff7981e9000


Dynamic libraries:
00400000-00401000 r-xp 00000000 08:02 2761099                            /usr/lib/jvm/java-7-openjdk-amd64/jre/bin/java
00600000-00601000 r--p 00000000 08:02 2761099                            /usr/lib/jvm/java-7-openjdk-amd64/jre/bin/java
00601000-00602000 rw-p 00001000 08:02 2761099                            /usr/lib/jvm/java-7-openjdk-amd64/jre/bin/java
00610000-00631000 rw-p 00000000 00:00 0                                  [heap]
b5a00000-b6f00000 rw-p 00000000 00:00 0 
b6f00000-c0000000 rw-p 00000000 00:00 0 
c0000000-e6e00000 rw-p 00000000 00:00 0 
e6e00000-eaa80000 rw-p 00000000 00:00 0 
eaa80000-100000000 rw-p 00000000 00:00 0 
7ff748000000-7ff74802f000 rw-p 00000000 00:00 0 
7ff74802f000-7ff74c000000 ---p 00000000 00:00 0 
7ff74c000000-7ff74c021000 rw-p 00000000 00:00 0 
7ff74c021000-7ff750000000 ---p 00000000 00:00 0 
7ff750000000-7ff750021000 rw-p 00000000 00:00 0 
7ff750021000-7ff754000000 ---p 00000000 00:00 0 
7ff754000000-7ff75402a000 rw-p 00000000 00:00 0 
7ff75402a000-7ff758000000 ---p 00000000 00:00 0 
7ff758000000-7ff758021000 rw-p 00000000 00:00 0 
7ff758021000-7ff75c000000 ---p 00000000 00:00 0 
7ff75c000000-7ff75c03d000 rw-p 00000000 00:00 0 
7ff75c03d000-7ff760000000 ---p 00000000 00:00 0 
7ff760000000-7ff762086000 rw-p 00000000 00:00 0 
7ff762086000-7ff764000000 ---p 00000000 00:00 0 
7ff764000000-7ff764021000 rw-p 00000000 00:00 0 
7ff764021000-7ff768000000 ---p 00000000 00:00 0 
7ff768000000-7ff768021000 rw-p 00000000 00:00 0 
7ff768021000-7ff76c000000 ---p 00000000 00:00 0 
7ff76c000000-7ff76e27b000 rw-p 00000000 00:00 0 
7ff76e27b000-7ff770000000 ---p 00000000 00:00 0 
7ff770000000-7ff770021000 rw-p 00000000 00:00 0 
7ff770021000-7ff774000000 ---p 00000000 00:00 0 
7ff774000000-7ff774021000 rw-p 00000000 00:00 0 
7ff774021000-7ff778000000 ---p 00000000 00:00 0 
7ff778000000-7ff778021000 rw-p 00000000 00:00 0 
7ff778021000-7ff77c000000 ---p 00000000 00:00 0 
7ff77c000000-7ff77c021000 rw-p 00000000 00:00 0 
7ff77c021000-7ff780000000 ---p 00000000 00:00 0 
7ff780000000-7ff780021000 rw-p 00000000 00:00 0 
7ff780021000-7ff784000000 ---p 00000000 00:00 0 
7ff787eff000-7ff787f02000 ---p 00000000 00:00 0 
7ff787f02000-7ff788000000 rw-p 00000000 00:00 0 
7ff788000000-7ff788021000 rw-p 00000000 00:00 0 
7ff788021000-7ff78c000000 ---p 00000000 00:00 0 
7ff78c04f000-7ff78c052000 ---p 00000000 00:00 0 
7ff78c052000-7ff78c150000 rw-p 00000000 00:00 0 
7ff78c150000-7ff78c153000 ---p 00000000 00:00 0 
7ff78c153000-7ff78c251000 rw-p 00000000 00:00 0 
7ff78c251000-7ff78c254000 ---p 00000000 00:00 0 
7ff78c254000-7ff78c352000 rw-p 00000000 00:00 0                          [stack:29046]
7ff78c352000-7ff78c38f000 r-xp 00000000 08:02 13490                      /lib/x86_64-linux-gnu/libpcre.so.3.13.1
7ff78c38f000-7ff78c58e000 ---p 0003d000 08:02 13490                      /lib/x86_64-linux-gnu/libpcre.so.3.13.1
7ff78c58e000-7ff78c58f000 r--p 0003c000 08:02 13490                      /lib/x86_64-linux-gnu/libpcre.so.3.13.1
7ff78c58f000-7ff78c590000 rw-p 0003d000 08:02 13490                      /lib/x86_64-linux-gnu/libpcre.so.3.13.1
7ff78c590000-7ff78c597000 r-xp 00000000 08:02 21389                      /usr/lib/x86_64-linux-gnu/libffi.so.6.0.1
7ff78c597000-7ff78c796000 ---p 00007000 08:02 21389                      /usr/lib/x86_64-linux-gnu/libffi.so.6.0.1
7ff78c796000-7ff78c797000 r--p 00006000 08:02 21389                      /usr/lib/x86_64-linux-gnu/libffi.so.6.0.1
7ff78c797000-7ff78c798000 rw-p 00007000 08:02 21389                      /usr/lib/x86_64-linux-gnu/libffi.so.6.0.1
7ff78c798000-7ff78c7af000 r-xp 00000000 08:02 3147                       /lib/x86_64-linux-gnu/libresolv-2.19.so
7ff78c7af000-7ff78c9af000 ---p 00017000 08:02 3147                       /lib/x86_64-linux-gnu/libresolv-2.19.so
7ff78c9af000-7ff78c9b0000 r--p 00017000 08:02 3147                       /lib/x86_64-linux-gnu/libresolv-2.19.so
7ff78c9b0000-7ff78c9b1000 rw-p 00018000 08:02 3147                       /lib/x86_64-linux-gnu/libresolv-2.19.so
7ff78c9b1000-7ff78c9b3000 rw-p 00000000 00:00 0 
7ff78c9b3000-7ff78c9d3000 r-xp 00000000 08:02 13524                      /lib/x86_64-linux-gnu/libselinux.so.1
7ff78c9d3000-7ff78cbd2000 ---p 00020000 08:02 13524                      /lib/x86_64-linux-gnu/libselinux.so.1
7ff78cbd2000-7ff78cbd3000 r--p 0001f000 08:02 13524                      /lib/x86_64-linux-gnu/libselinux.so.1
7ff78cbd3000-7ff78cbd4000 rw-p 00020000 08:02 13524                      /lib/x86_64-linux-gnu/libselinux.so.1
7ff78cbd4000-7ff78cbd6000 rw-p 00000000 00:00 0 
7ff78cbd6000-7ff78cbd9000 r-xp 00000000 08:02 28550                      /usr/lib/x86_64-linux-gnu/libgmodule-2.0.so.0.4002.0
7ff78cbd9000-7ff78cdd8000 ---p 00003000 08:02 28550                      /usr/lib/x86_64-linux-gnu/libgmodule-2.0.so.0.4002.0
7ff78cdd8000-7ff78cdd9000 r--p 00002000 08:02 28550                      /usr/lib/x86_64-linux-gnu/libgmodule-2.0.so.0.4002.0
7ff78cdd9000-7ff78cdda000 rw-p 00003000 08:02 28550                      /usr/lib/x86_64-linux-gnu/libgmodule-2.0.so.0.4002.0
7ff78cdda000-7ff78cee0000 r-xp 00000000 08:02 13425                      /lib/x86_64-linux-gnu/libglib-2.0.so.0.4002.0
7ff78cee0000-7ff78d0df000 ---p 00106000 08:02 13425                      /lib/x86_64-linux-gnu/libglib-2.0.so.0.4002.0
7ff78d0df000-7ff78d0e0000 r--p 00105000 08:02 13425                      /lib/x86_64-linux-gnu/libglib-2.0.so.0.4002.0
7ff78d0e0000-7ff78d0e1000 rw-p 00106000 08:02 13425                      /lib/x86_64-linux-gnu/libglib-2.0.so.0.4002.0
7ff78d0e1000-7ff78d0e2000 rw-p 00000000 00:00 0 
7ff78d0e2000-7ff78d131000 r-xp 00000000 08:02 28566                      /usr/lib/x86_64-linux-gnu/libgobject-2.0.so.0.4002.0
7ff78d131000-7ff78d331000 ---p 0004f000 08:02 28566                      /usr/lib/x86_64-linux-gnu/libgobject-2.0.so.0.4002.0
7ff78d331000-7ff78d332000 r--p 0004f000 08:02 28566                      /usr/lib/x86_64-linux-gnu/libgobject-2.0.so.0.4002.0
7ff78d332000-7ff78d333000 rw-p 00050000 08:02 28566                      /usr/lib/x86_64-linux-gnu/libgobject-2.0.so.0.4002.0
7ff78d333000-7ff78d49f000 r-xp 00000000 08:02 28538                      /usr/lib/x86_64-linux-gnu/libgio-2.0.so.0.4002.0
7ff78d49f000-7ff78d69e000 ---p 0016c000 08:02 28538                      /usr/lib/x86_64-linux-gnu/libgio-2.0.so.0.4002.0
7ff78d69e000-7ff78d6a2000 r--p 0016b000 08:02 28538                      /usr/lib/x86_64-linux-gnu/libgio-2.0.so.0.4002.0
7ff78d6a2000-7ff78d6a4000 rw-p 0016f000 08:02 28538                      /usr/lib/x86_64-linux-gnu/libgio-2.0.so.0.4002.0
7ff78d6a4000-7ff78d6a6000 rw-p 00000000 00:00 0 
7ff78d6a6000-7ff78d6bd000 r-xp 00000000 08:02 2629171                    /usr/lib/jvm/java-7-openjdk-amd64/jre/lib/amd64/libnet.so
7ff78d6bd000-7ff78d8bc000 ---p 00017000 08:02 2629171                    /usr/lib/jvm/java-7-openjdk-amd64/jre/lib/amd64/libnet.so
7ff78d8bc000-7ff78d8bd000 r--p 00016000 08:02 2629171                    /usr/lib/jvm/java-7-openjdk-amd64/jre/lib/amd64/libnet.so
7ff78d8bd000-7ff78d8be000 rw-p 00017000 08:02 2629171                    /usr/lib/jvm/java-7-openjdk-amd64/jre/lib/amd64/libnet.so
7ff78d8be000-7ff78d8ce000 r-xp 00000000 08:02 2629192                    /usr/lib/jvm/java-7-openjdk-amd64/jre/lib/amd64/libnio.so
7ff78d8ce000-7ff78dace000 ---p 00010000 08:02 2629192                    /usr/lib/jvm/java-7-openjdk-amd64/jre/lib/amd64/libnio.so
7ff78dace000-7ff78dacf000 r--p 00010000 08:02 2629192                    /usr/lib/jvm/java-7-openjdk-amd64/jre/lib/amd64/libnio.so
7ff78dacf000-7ff78dad0000 rw-p 00011000 08:02 2629192                    /usr/lib/jvm/java-7-openjdk-amd64/jre/lib/amd64/libnio.so
7ff78dad0000-7ff790000000 rw-p 00000000 00:00 0 
7ff790000000-7ff790021000 rw-p 00000000 00:00 0 
7ff790021000-7ff794000000 ---p 00000000 00:00 0 
7ff794092000-7ff794095000 ---p 00000000 00:00 0 
7ff794095000-7ff7941c4000 rw-p 00000000 00:00 0                          [stack:28732]
7ff7941e7000-7ff7941e8000 ---p 00000000 00:00 0 
7ff7941e8000-7ff7942e8000 rw-p 00000000 00:00 0                          [stack:28731]
7ff7942e8000-7ff7942eb000 ---p 00000000 00:00 0 
7ff7942eb000-7ff7943e9000 rw-p 00000000 00:00 0                          [stack:28730]
7ff7943e9000-7ff7943ec000 ---p 00000000 00:00 0 
7ff7943ec000-7ff7944ea000 rw-p 00000000 00:00 0                          [stack:28729]
7ff7944ea000-7ff7944ed000 ---p 00000000 00:00 0 
7ff7944ed000-7ff7945eb000 rw-p 00000000 00:00 0                          [stack:28728]
7ff7945eb000-7ff7945ee000 ---p 00000000 00:00 0 
7ff7945ee000-7ff7946ec000 rw-p 00000000 00:00 0                          [stack:28727]
7ff7946ec000-7ff794eff000 r--p 00000000 08:02 27195                      /usr/lib/locale/locale-archive
7ff794eff000-7ff794f02000 ---p 00000000 00:00 0 
7ff794f02000-7ff795000000 rw-p 00000000 00:00 0                          [stack:28726]
7ff795000000-7ff7954a0000 rwxp 00000000 00:00 0 
7ff7954a0000-7ff79839a000 rw-p 00000000 00:00 0 
7ff79839a000-7ff79c000000 ---p 00000000 00:00 0 
7ff79c0b4000-7ff79c0c3000 r--s 000df000 08:02 1575371                    /home/ivan/Android/Sdk/build-tools/23.0.1/lib/dx.jar
7ff79c0c3000-7ff79c0c6000 ---p 00000000 00:00 0 
7ff79c0c6000-7ff79c1c4000 rw-p 00000000 00:00 0                          [stack:28725]
7ff79c1c4000-7ff79c1c5000 ---p 00000000 00:00 0 
7ff79c1c5000-7ff79d2c2000 rw-p 00000000 00:00 0                          [stack:28724]
7ff79d2c2000-7ff79d473000 r--s 01d30000 08:02 2629205                    /usr/lib/jvm/java-7-openjdk-amd64/jre/lib/rt.jar
7ff79d473000-7ff79d7bf000 rw-p 00000000 00:00 0 
7ff79d7bf000-7ff79d7c0000 ---p 00000000 00:00 0 
7ff79d7c0000-7ff79d8c0000 rw-p 00000000 00:00 0                          [stack:28723]
7ff79d8c0000-7ff79d8c1000 ---p 00000000 00:00 0 
7ff79d8c1000-7ff79d9c1000 rw-p 00000000 00:00 0                          [stack:28722]
7ff79d9c1000-7ff79d9c2000 ---p 00000000 00:00 0 
7ff79d9c2000-7ff79dac2000 rw-p 00000000 00:00 0                          [stack:28721]
7ff79dac2000-7ff79dac3000 ---p 00000000 00:00 0 
7ff79dac3000-7ff79dbce000 rw-p 00000000 00:00 0                          [stack:28720]
7ff79dbce000-7ff79dc16000 rw-p 00000000 00:00 0 
7ff79dc16000-7ff79dd4d000 rw-p 00000000 00:00 0 
7ff79dd4d000-7ff79dd6c000 rw-p 00000000 00:00 0 
7ff79dd6c000-7ff79dd77000 rw-p 00000000 00:00 0 
7ff79dd77000-7ff79ddbf000 rw-p 00000000 00:00 0 
7ff79ddbf000-7ff79def6000 rw-p 00000000 00:00 0 
7ff79def6000-7ff79df14000 rw-p 00000000 00:00 0 
7ff79df14000-7ff79dfbf000 rw-p 00000000 00:00 0 
7ff79dfbf000-7ff79dfc0000 rw-p 00000000 00:00 0 
7ff79dfc0000-7ff79dfc8000 r-xp 00000000 08:02 2629176                    /usr/lib/jvm/java-7-openjdk-amd64/jre/lib/amd64/libzip.so
7ff79dfc8000-7ff79e1c7000 ---p 00008000 08:02 2629176                    /usr/lib/jvm/java-7-openjdk-amd64/jre/lib/amd64/libzip.so
7ff79e1c7000-7ff79e1c8000 r--p 00007000 08:02 2629176                    /usr/lib/jvm/java-7-openjdk-amd64/jre/lib/amd64/libzip.so
7ff79e1c8000-7ff79e1c9000 rw-p 00008000 08:02 2629176                    /usr/lib/jvm/java-7-openjdk-amd64/jre/lib/amd64/libzip.so
7ff79e1c9000-7ff79e1d4000 r-xp 00000000 08:02 3187                       /lib/x86_64-linux-gnu/libnss_files-2.19.so
7ff79e1d4000-7ff79e3d3000 ---p 0000b000 08:02 3187                       /lib/x86_64-linux-gnu/libnss_files-2.19.so
7ff79e3d3000-7ff79e3d4000 r--p 0000a000 08:02 3187                       /lib/x86_64-linux-gnu/libnss_files-2.19.so
7ff79e3d4000-7ff79e3d5000 rw-p 0000b000 08:02 3187                       /lib/x86_64-linux-gnu/libnss_files-2.19.so
7ff79e3d5000-7ff79e3e0000 r-xp 00000000 08:02 3171                       /lib/x86_64-linux-gnu/libnss_nis-2.19.so
7ff79e3e0000-7ff79e5df000 ---p 0000b000 08:02 3171                       /lib/x86_64-linux-gnu/libnss_nis-2.19.so
7ff79e5df000-7ff79e5e0000 r--p 0000a000 08:02 3171                       /lib/x86_64-linux-gnu/libnss_nis-2.19.so
7ff79e5e0000-7ff79e5e1000 rw-p 0000b000 08:02 3171                       /lib/x86_64-linux-gnu/libnss_nis-2.19.so
7ff79e5e1000-7ff79e5f8000 r-xp 00000000 08:02 3163                       /lib/x86_64-linux-gnu/libnsl-2.19.so
7ff79e5f8000-7ff79e7f7000 ---p 00017000 08:02 3163                       /lib/x86_64-linux-gnu/libnsl-2.19.so
7ff79e7f7000-7ff79e7f8000 r--p 00016000 08:02 3163                       /lib/x86_64-linux-gnu/libnsl-2.19.so
7ff79e7f8000-7ff79e7f9000 rw-p 00017000 08:02 3163                       /lib/x86_64-linux-gnu/libnsl-2.19.so
7ff79e7f9000-7ff79e7fb000 rw-p 00000000 00:00 0 
7ff79e7fb000-7ff79e804000 r-xp 00000000 08:02 3161                       /lib/x86_64-linux-gnu/libnss_compat-2.19.so
7ff79e804000-7ff79ea03000 ---p 00009000 08:02 3161                       /lib/x86_64-linux-gnu/libnss_compat-2.19.so
7ff79ea03000-7ff79ea04000 r--p 00008000 08:02 3161                       /lib/x86_64-linux-gnu/libnss_compat-2.19.so
7ff79ea04000-7ff79ea05000 rw-p 00009000 08:02 3161                       /lib/x86_64-linux-gnu/libnss_compat-2.19.so
7ff79ea05000-7ff79ea30000 r-xp 00000000 08:02 2629162                    /usr/lib/jvm/java-7-openjdk-amd64/jre/lib/amd64/libjava.so
7ff79ea30000-7ff79ec30000 ---p 0002b000 08:02 2629162                    /usr/lib/jvm/java-7-openjdk-amd64/jre/lib/amd64/libjava.so
7ff79ec30000-7ff79ec31000 r--p 0002b000 08:02 2629162                    /usr/lib/jvm/java-7-openjdk-amd64/jre/lib/amd64/libjava.so
7ff79ec31000-7ff79ec33000 rw-p 0002c000 08:02 2629162                    /usr/lib/jvm/java-7-openjdk-amd64/jre/lib/amd64/libjava.so
7ff79ec33000-7ff79ec43000 r-xp 00000000 08:02 2629163                    /usr/lib/jvm/java-7-openjdk-amd64/jre/lib/amd64/libverify.so
7ff79ec43000-7ff79ee42000 ---p 00010000 08:02 2629163                    /usr/lib/jvm/java-7-openjdk-amd64/jre/lib/amd64/libverify.so
7ff79ee42000-7ff79ee44000 r--p 0000f000 08:02 2629163                    /usr/lib/jvm/java-7-openjdk-amd64/jre/lib/amd64/libverify.so
7ff79ee44000-7ff79ee45000 rw-p 00011000 08:02 2629163                    /usr/lib/jvm/java-7-openjdk-amd64/jre/lib/amd64/libverify.so
7ff79ee45000-7ff79ee4c000 r-xp 00000000 08:02 3179                       /lib/x86_64-linux-gnu/librt-2.19.so
7ff79ee4c000-7ff79f04b000 ---p 00007000 08:02 3179                       /lib/x86_64-linux-gnu/librt-2.19.so
7ff79f04b000-7ff79f04c000 r--p 00006000 08:02 3179                       /lib/x86_64-linux-gnu/librt-2.19.so
7ff79f04c000-7ff79f04d000 rw-p 00007000 08:02 3179                       /lib/x86_64-linux-gnu/librt-2.19.so
7ff79f04d000-7ff79f063000 r-xp 00000000 08:02 3455                       /lib/x86_64-linux-gnu/libgcc_s.so.1
7ff79f063000-7ff79f262000 ---p 00016000 08:02 3455                       /lib/x86_64-linux-gnu/libgcc_s.so.1
7ff79f262000-7ff79f263000 r--p 00015000 08:02 3455                       /lib/x86_64-linux-gnu/libgcc_s.so.1
7ff79f263000-7ff79f264000 rw-p 00016000 08:02 3455                       /lib/x86_64-linux-gnu/libgcc_s.so.1
7ff79f264000-7ff79f369000 r-xp 00000000 08:02 3151                       /lib/x86_64-linux-gnu/libm-2.19.so
7ff79f369000-7ff79f568000 ---p 00105000 08:02 3151                       /lib/x86_64-linux-gnu/libm-2.19.so
7ff79f568000-7ff79f569000 r--p 00104000 08:02 3151                       /lib/x86_64-linux-gnu/libm-2.19.so
7ff79f569000-7ff79f56a000 rw-p 00105000 08:02 3151                       /lib/x86_64-linux-gnu/libm-2.19.so
7ff79f56a000-7ff79f657000 r-xp 00000000 08:02 9486                       /usr/lib/x86_64-linux-gnu/libstdc++.so.6.0.20
7ff79f657000-7ff79f857000 ---p 000ed000 08:02 9486                       /usr/lib/x86_64-linux-gnu/libstdc++.so.6.0.20
7ff79f857000-7ff79f85f000 r--p 000ed000 08:02 9486                       /usr/lib/x86_64-linux-gnu/libstdc++.so.6.0.20
7ff79f85f000-7ff79f861000 rw-p 000f5000 08:02 9486                       /usr/lib/x86_64-linux-gnu/libstdc++.so.6.0.20
7ff79f861000-7ff79f876000 rw-p 00000000 00:00 0 
7ff79f876000-7ff7a039a000 r-xp 00000000 08:02 2629174                    /usr/lib/jvm/java-7-openjdk-amd64/jre/lib/amd64/server/libjvm.so
7ff7a039a000-7ff7a059a000 ---p 00b24000 08:02 2629174                    /usr/lib/jvm/java-7-openjdk-amd64/jre/lib/amd64/server/libjvm.so
7ff7a059a000-7ff7a0634000 r--p 00b24000 08:02 2629174                    /usr/lib/jvm/java-7-openjdk-amd64/jre/lib/amd64/server/libjvm.so
7ff7a0634000-7ff7a0657000 rw-p 00bbe000 08:02 2629174                    /usr/lib/jvm/java-7-openjdk-amd64/jre/lib/amd64/server/libjvm.so
7ff7a0657000-7ff7a0685000 rw-p 00000000 00:00 0 
7ff7a0685000-7ff7a069d000 r-xp 00000000 08:02 13550                      /lib/x86_64-linux-gnu/libz.so.1.2.8
7ff7a069d000-7ff7a089c000 ---p 00018000 08:02 13550                      /lib/x86_64-linux-gnu/libz.so.1.2.8
7ff7a089c000-7ff7a089d000 r--p 00017000 08:02 13550                      /lib/x86_64-linux-gnu/libz.so.1.2.8
7ff7a089d000-7ff7a089e000 rw-p 00018000 08:02 13550                      /lib/x86_64-linux-gnu/libz.so.1.2.8
7ff7a089e000-7ff7a08b7000 r-xp 00000000 08:02 3165                       /lib/x86_64-linux-gnu/libpthread-2.19.so
7ff7a08b7000-7ff7a0ab6000 ---p 00019000 08:02 3165                       /lib/x86_64-linux-gnu/libpthread-2.19.so
7ff7a0ab6000-7ff7a0ab7000 r--p 00018000 08:02 3165                       /lib/x86_64-linux-gnu/libpthread-2.19.so
7ff7a0ab7000-7ff7a0ab8000 rw-p 00019000 08:02 3165                       /lib/x86_64-linux-gnu/libpthread-2.19.so
7ff7a0ab8000-7ff7a0abc000 rw-p 00000000 00:00 0 
7ff7a0abc000-7ff7a0abf000 r-xp 00000000 08:02 3155                       /lib/x86_64-linux-gnu/libdl-2.19.so
7ff7a0abf000-7ff7a0cbe000 ---p 00003000 08:02 3155                       /lib/x86_64-linux-gnu/libdl-2.19.so
7ff7a0cbe000-7ff7a0cbf000 r--p 00002000 08:02 3155                       /lib/x86_64-linux-gnu/libdl-2.19.so
7ff7a0cbf000-7ff7a0cc0000 rw-p 00003000 08:02 3155                       /lib/x86_64-linux-gnu/libdl-2.19.so
7ff7a0cc0000-7ff7a0e7b000 r-xp 00000000 08:02 3181                       /lib/x86_64-linux-gnu/libc-2.19.so
7ff7a0e7b000-7ff7a107a000 ---p 001bb000 08:02 3181                       /lib/x86_64-linux-gnu/libc-2.19.so
7ff7a107a000-7ff7a107e000 r--p 001ba000 08:02 3181                       /lib/x86_64-linux-gnu/libc-2.19.so
7ff7a107e000-7ff7a1080000 rw-p 001be000 08:02 3181                       /lib/x86_64-linux-gnu/libc-2.19.so
7ff7a1080000-7ff7a1085000 rw-p 00000000 00:00 0 
7ff7a1085000-7ff7a1092000 r-xp 00000000 08:02 2629189                    /usr/lib/jvm/java-7-openjdk-amd64/jre/lib/amd64/jli/libjli.so
7ff7a1092000-7ff7a1291000 ---p 0000d000 08:02 2629189                    /usr/lib/jvm/java-7-openjdk-amd64/jre/lib/amd64/jli/libjli.so
7ff7a1291000-7ff7a1292000 r--p 0000c000 08:02 2629189                    /usr/lib/jvm/java-7-openjdk-amd64/jre/lib/amd64/jli/libjli.so
7ff7a1292000-7ff7a1293000 rw-p 0000d000 08:02 2629189                    /usr/lib/jvm/java-7-openjdk-amd64/jre/lib/amd64/jli/libjli.so
7ff7a1293000-7ff7a12b6000 r-xp 00000000 08:02 3167                       /lib/x86_64-linux-gnu/ld-2.19.so
7ff7a12b6000-7ff7a12b7000 rw-p 00000000 00:00 0 
7ff7a12b7000-7ff7a12bb000 r--s 00034000 08:02 2629217                    /usr/lib/jvm/java-7-openjdk-amd64/jre/lib/ext/sunjce_provider.jar
7ff7a12bb000-7ff7a12bd000 r--s 00012000 08:02 2629216                    /usr/lib/jvm/java-7-openjdk-amd64/jre/lib/ext/zipfs.jar
7ff7a12bd000-7ff7a12c0000 r--s 0000f000 08:02 2629218                    /usr/lib/jvm/java-7-openjdk-amd64/jre/lib/ext/icedtea-sound.jar
7ff7a12c0000-7ff7a12c4000 r--s 0003c000 08:02 2629220                    /usr/lib/jvm/java-7-openjdk-amd64/jre/lib/ext/sunpkcs11.jar
7ff7a12c4000-7ff7a12c6000 r--s 00006000 08:02 5674                       /usr/share/java/java-atk-wrapper.jar
7ff7a12c6000-7ff7a12ca000 r--s 00085000 08:02 2629219                    /usr/lib/jvm/java-7-openjdk-amd64/jre/lib/ext/localedata.jar
7ff7a12ca000-7ff7a12dd000 rw-p 00000000 00:00 0 
7ff7a12dd000-7ff7a138a000 rw-p 00000000 00:00 0 
7ff7a138a000-7ff7a138d000 ---p 00000000 00:00 0 
7ff7a138d000-7ff7a1490000 rw-p 00000000 00:00 0                          [stack:28719]
7ff7a1490000-7ff7a1491000 r--s 00002000 08:02 2629215                    /usr/lib/jvm/java-7-openjdk-amd64/jre/lib/ext/dnsns.jar
7ff7a1491000-7ff7a14a9000 rw-p 00000000 00:00 0 
7ff7a14a9000-7ff7a14b1000 rw-s 00000000 08:02 1313426                    /tmp/hsperfdata_ivan/28714
7ff7a14b1000-7ff7a14b2000 rw-p 00000000 00:00 0 
7ff7a14b2000-7ff7a14b3000 r--p 00000000 00:00 0 
7ff7a14b3000-7ff7a14b5000 rw-p 00000000 00:00 0 
7ff7a14b5000-7ff7a14b6000 r--p 00022000 08:02 3167                       /lib/x86_64-linux-gnu/ld-2.19.so
7ff7a14b6000-7ff7a14b7000 rw-p 00023000 08:02 3167                       /lib/x86_64-linux-gnu/ld-2.19.so
7ff7a14b7000-7ff7a14b8000 rw-p 00000000 00:00 0 
7fffcee37000-7fffcee58000 rw-p 00000000 00:00 0                          [stack]
7fffceffc000-7fffceffe000 r-xp 00000000 00:00 0                          [vdso]
7fffceffe000-7fffcf000000 r--p 00000000 00:00 0                          [vvar]
ffffffffff600000-ffffffffff601000 r-xp 00000000 00:00 0                  [vsyscall]

VM Arguments:
jvm_args: -Djava.awt.headless=true -Xmx1024M -Dfile.encoding=UTF-8 -Duser.country=UA -Duser.language=ru -Duser.variant 
java_command: com.android.dx.command.Main --dex --num-threads=4 --multi-dex --main-dex-list /home/ivan/workspace/Champy_v2/app/build/intermediates/multi-dex/debug/maindexlist.txt --output /home/ivan/workspace/Champy_v2/app/build/intermediates/transforms/dex/debug/folders/1000/1f/main /home/ivan/workspace/Champy_v2/app/build/intermediates/transforms/jarMerging/debug/jars/1/1f/combined.jar
Launcher Type: SUN_STANDARD

Environment Variables:
JAVA_HOME=/usr/lib/jvm/java-8-oracle
PATH=/usr/local/sbin:/usr/local/bin:/usr/sbin:/usr/bin:/sbin:/bin:/usr/games:/usr/local/games:/usr/lib/jvm/java-8-oracle/bin:/usr/lib/jvm/java-8-oracle/db/bin:/usr/lib/jvm/java-8-oracle/jre/bin
SHELL=/bin/bash
DISPLAY=:0

Signal Handlers:
SIGSEGV: [libjvm.so+0x9548f0], sa_mask[0]=0x7ffbfeff, sa_flags=0x10000004
SIGBUS: [libjvm.so+0x9548f0], sa_mask[0]=0x7ffbfeff, sa_flags=0x10000004
SIGFPE: [libjvm.so+0x7cb0b0], sa_mask[0]=0x7ffbfeff, sa_flags=0x10000004
SIGPIPE: [libjvm.so+0x7cb0b0], sa_mask[0]=0x7ffbfeff, sa_flags=0x10000004
SIGXFSZ: [libjvm.so+0x7cb0b0], sa_mask[0]=0x7ffbfeff, sa_flags=0x10000004
SIGILL: [libjvm.so+0x7cb0b0], sa_mask[0]=0x7ffbfeff, sa_flags=0x10000004
SIGUSR1: SIG_DFL, sa_mask[0]=0x00000000, sa_flags=0x00000000
SIGUSR2: [libjvm.so+0x7caf50], sa_mask[0]=0x00000004, sa_flags=0x10000004
SIGHUP: [libjvm.so+0x7cb130], sa_mask[0]=0x7ffbfeff, sa_flags=0x10000004
SIGINT: [libjvm.so+0x7cb130], sa_mask[0]=0x7ffbfeff, sa_flags=0x10000004
SIGTERM: [libjvm.so+0x7cb130], sa_mask[0]=0x7ffbfeff, sa_flags=0x10000004
SIGQUIT: [libjvm.so+0x7cb130], sa_mask[0]=0x7ffbfeff, sa_flags=0x10000004
SIGTRAP: SIG_DFL, sa_mask[0]=0x00000000, sa_flags=0x00000000


---------------  S Y S T E M  ---------------

OS:Ubuntu 14.04 (trusty)
uname:Linux 3.16.0-30-generic #40~14.04.1-Ubuntu SMP Thu Jan 15 17:43:14 UTC 2015 x86_64
libc:glibc 2.19 NPTL 2.19 
rlimit: STACK 8192k, CORE 0k, NPROC 30684, NOFILE 4096, AS infinity
load average:3,46 2,83 1,79

/proc/meminfo:
MemTotal:        8059724 kB
MemFree:         2387784 kB
MemAvailable:    4047280 kB
Buffers:          206320 kB
Cached:          1852032 kB
SwapCached:            0 kB
Active:          4088280 kB
Inactive:        1291968 kB
Active(anon):    3324188 kB
Inactive(anon):   282052 kB
Active(file):     764092 kB
Inactive(file):  1009916 kB
Unevictable:          72 kB
Mlocked:              72 kB
SwapTotal:       4075516 kB
SwapFree:        4075516 kB
Dirty:             16512 kB
Writeback:             0 kB
AnonPages:       3321964 kB
Mapped:           413084 kB
Shmem:            284348 kB
Slab:             146748 kB
SReclaimable:     108844 kB
SUnreclaim:        37904 kB
KernelStack:       10720 kB
PageTables:        49908 kB
NFS_Unstable:          0 kB
Bounce:                0 kB
WritebackTmp:          0 kB
CommitLimit:     8105376 kB
Committed_AS:    8416328 kB
VmallocTotal:   34359738367 kB
VmallocUsed:      356476 kB
VmallocChunk:   34359369376 kB
HardwareCorrupted:     0 kB
AnonHugePages:   1914880 kB
HugePages_Total:       0
HugePages_Free:        0
HugePages_Rsvd:        0
HugePages_Surp:        0
Hugepagesize:       2048 kB
DirectMap4k:      116676 kB
DirectMap2M:     8155136 kB


CPU:total 4 (2 cores per cpu, 2 threads per core) family 6 model 58 stepping 9, cmov, cx8, fxsr, mmx, sse, sse2, sse3, ssse3, sse4.1, sse4.2, popcnt, avx, erms, ht, tsc, tscinvbit, tscinv

/proc/cpuinfo:
processor	: 0
vendor_id	: GenuineIntel
cpu family	: 6
model		: 58
model name	: Intel(R) Core(TM) i3-3217U CPU @ 1.80GHz
stepping	: 9
microcode	: 0x15
cpu MHz		: 1800.000
cache size	: 3072 KB
physical id	: 0
siblings	: 4
core id		: 0
cpu cores	: 2
apicid		: 0
initial apicid	: 0
fpu		: yes
fpu_exception	: yes
cpuid level	: 13
wp		: yes
flags		: fpu vme de pse tsc msr pae mce cx8 apic sep mtrr pge mca cmov pat pse36 clflush dts acpi mmx fxsr sse sse2 ss ht tm pbe syscall nx rdtscp lm constant_tsc arch_perfmon pebs bts rep_good nopl xtopology nonstop_tsc aperfmperf eagerfpu pni pclmulqdq dtes64 monitor ds_cpl vmx est tm2 ssse3 cx16 xtpr pdcm pcid sse4_1 sse4_2 x2apic popcnt tsc_deadline_timer xsave avx f16c lahf_lm ida arat epb xsaveopt pln pts dtherm tpr_shadow vnmi flexpriority ept vpid fsgsbase smep erms
bogomips	: 3592.10
clflush size	: 64
cache_alignment	: 64
address sizes	: 36 bits physical, 48 bits virtual
power management:

processor	: 1
vendor_id	: GenuineIntel
cpu family	: 6
model		: 58
model name	: Intel(R) Core(TM) i3-3217U CPU @ 1.80GHz
stepping	: 9
microcode	: 0x15
cpu MHz		: 1800.000
cache size	: 3072 KB
physical id	: 0
siblings	: 4
core id		: 1
cpu cores	: 2
apicid		: 2
initial apicid	: 2
fpu		: yes
fpu_exception	: yes
cpuid level	: 13
wp		: yes
flags		: fpu vme de pse tsc msr pae mce cx8 apic sep mtrr pge mca cmov pat pse36 clflush dts acpi mmx fxsr sse sse2 ss ht tm pbe syscall nx rdtscp lm constant_tsc arch_perfmon pebs bts rep_good nopl xtopology nonstop_tsc aperfmperf eagerfpu pni pclmulqdq dtes64 monitor ds_cpl vmx est tm2 ssse3 cx16 xtpr pdcm pcid sse4_1 sse4_2 x2apic popcnt tsc_deadline_timer xsave avx f16c lahf_lm ida arat epb xsaveopt pln pts dtherm tpr_shadow vnmi flexpriority ept vpid fsgsbase smep erms
bogomips	: 3592.10
clflush size	: 64
cache_alignment	: 64
address sizes	: 36 bits physical, 48 bits virtual
power management:

processor	: 2
vendor_id	: GenuineIntel
cpu family	: 6
model		: 58
model name	: Intel(R) Core(TM) i3-3217U CPU @ 1.80GHz
stepping	: 9
microcode	: 0x15
cpu MHz		: 1800.000
cache size	: 3072 KB
physical id	: 0
siblings	: 4
core id		: 0
cpu cores	: 2
apicid		: 1
initial apicid	: 1
fpu		: yes
fpu_exception	: yes
cpuid level	: 13
wp		: yes
flags		: fpu vme de pse tsc msr pae mce cx8 apic sep mtrr pge mca cmov pat pse36 clflush dts acpi mmx fxsr sse sse2 ss ht tm pbe syscall nx rdtscp lm constant_tsc arch_perfmon pebs bts rep_good nopl xtopology nonstop_tsc aperfmperf eagerfpu pni pclmulqdq dtes64 monitor ds_cpl vmx est tm2 ssse3 cx16 xtpr pdcm pcid sse4_1 sse4_2 x2apic popcnt tsc_deadline_timer xsave avx f16c lahf_lm ida arat epb xsaveopt pln pts dtherm tpr_shadow vnmi flexpriority ept vpid fsgsbase smep erms
bogomips	: 3592.10
clflush size	: 64
cache_alignment	: 64
address sizes	: 36 bits physical, 48 bits virtual
power management:

processor	: 3
vendor_id	: GenuineIntel
cpu family	: 6
model		: 58
model name	: Intel(R) Core(TM) i3-3217U CPU @ 1.80GHz
stepping	: 9
microcode	: 0x15
cpu MHz		: 1800.000
cache size	: 3072 KB
physical id	: 0
siblings	: 4
core id		: 1
cpu cores	: 2
apicid		: 3
initial apicid	: 3
fpu		: yes
fpu_exception	: yes
cpuid level	: 13
wp		: yes
flags		: fpu vme de pse tsc msr pae mce cx8 apic sep mtrr pge mca cmov pat pse36 clflush dts acpi mmx fxsr sse sse2 ss ht tm pbe syscall nx rdtscp lm constant_tsc arch_perfmon pebs bts rep_good nopl xtopology nonstop_tsc aperfmperf eagerfpu pni pclmulqdq dtes64 monitor ds_cpl vmx est tm2 ssse3 cx16 xtpr pdcm pcid sse4_1 sse4_2 x2apic popcnt tsc_deadline_timer xsave avx f16c lahf_lm ida arat epb xsaveopt pln pts dtherm tpr_shadow vnmi flexpriority ept vpid fsgsbase smep erms
bogomips	: 3592.10
clflush size	: 64
cache_alignment	: 64
address sizes	: 36 bits physical, 48 bits virtual
power management:



Memory: 4k page, physical 8059724k(2387784k free), swap 4075516k(4075516k free)

vm_info: OpenJDK 64-Bit Server VM (24.95-b01) for linux-amd64 JRE (1.7.0_95-b00), built on Mar 24 2016 06:13:32 by "buildd" with gcc 4.8.2

time: Thu Apr 21 16:32:44 2016
elapsed time: 31 seconds

