#
# A fatal error has been detected by the Java Runtime Environment:
#
#  SIGSEGV (0xb) at pc=0x00007f912ade2550, pid=27398, tid=140261069850368
#
# JRE version: OpenJDK Runtime Environment (7.0_95) (build 1.7.0_95-b00)
# Java VM: OpenJDK 64-Bit Server VM (24.95-b01 mixed mode linux-amd64 compressed oops)
# Derivative: IcedTea 2.6.4
# Distribution: Ubuntu 14.04.3 LTS, package 7u95-2.6.4-0ubuntu0.14.04.1
# Problematic frame:
# V  [libjvm.so+0x792550]
#
# Failed to write core dump. Core dumps have been disabled. To enable core dumping, try "ulimit -c unlimited" before starting Java again
#
# If you would like to submit a bug report, please include
# instructions on how to reproduce the bug and visit:
#   http://icedtea.classpath.org/bugzilla
#

---------------  T H R E A D  ---------------

Current thread (0x00007f91240a9800):  JavaThread "C2 CompilerThread0" daemon [_thread_in_native, id=27417, stack(0x00007f91132e8000,0x00007f91133e9000)]

siginfo:si_signo=SIGSEGV: si_errno=0, si_code=1 (SEGV_MAPERR), si_addr=0x00007f98f8e9e7e0

Registers:
RAX=0x00007f98f8e9e7e0, RBX=0x00007f90f8e9e7a8, RCX=0x00007f90f8f4cb00, RDX=0x0000000000000000
RSP=0x00007f91133e4270, RBP=0x00007f91133e4280, RSI=0x00007f90f8e9e7a8, RDI=0x00007f90f8e9e7a8
R8 =0x00007f90ec33e1b8, R9 =0x00007f90f8ea27c0, R10=0x00007f90e0031bc0, R11=0x0000000000000109
R12=0x00007f91133e58d0, R13=0x00007f912413a920, R14=0x0000000000000010, R15=0x00007f91133e58d0
RIP=0x00007f912ade2550, EFLAGS=0x0000000000010202, CSGSFS=0x0000000000000033, ERR=0x0000000000000004
  TRAPNO=0x000000000000000e

Top of Stack: (sp=0x00007f91133e4270)
0x00007f91133e4270:   00007f91133e58d0 00007f90f8e9e7a8
0x00007f91133e4280:   00007f91133e42d0 00007f912ae6e729
0x00007f91133e4290:   0000000000000878 00007f91133e58d0
0x00007f91133e42a0:   00007f91133e42d0 0000000000000000
0x00007f91133e42b0:   00007f90f8e9e7a8 00007f90f8e9ec58
0x00007f91133e42c0:   0000000000000010 00007f91133e58d0
0x00007f91133e42d0:   00007f91133e4360 00007f912ae673fc
0x00007f91133e42e0:   00007f91133e58d0 00007f90ed283e80
0x00007f91133e42f0:   00007f91133e4310 00007f91133e58f0
0x00007f91133e4300:   00007f90f82fb358 00007f90ec0978d0
0x00007f91133e4310:   000024b5000000e1 0000000000000000
0x00007f91133e4320:   00007f912b400700 00007f90f8f4cb00
0x00007f91133e4330:   00007f91133e44a0 00007f91133e58d0
0x00007f91133e4340:   00007f91133e6f50 00007f912b41f4d0
0x00007f91133e4350:   00007f91133e4ea0 00007f90f8d74ae0
0x00007f91133e4360:   00007f91133e4380 00007f912ae6cdcd
0x00007f91133e4370:   00007f91133e6f50 00007f91240a9d60
0x00007f91133e4380:   00007f91133e6330 00007f912aa920c0
0x00007f91133e4390:   00007f91133e4898 ffffffff133e4590
0x00007f91133e43a0:   0000000000000004 ffffffffffffffff
0x00007f91133e43b0:   00007f91133e6f58 00007f910000002a
0x00007f91133e43c0:   00007f912b444c80 0000000000000028
0x00007f91133e43d0:   00007f91133e44a0 0000000000028310
0x00007f91133e43e0:   00007f91133e4400 00007f90f8d7cac8
0x00007f91133e43f0:   00007f90f8d7b7c0 00007f91133e58d0
0x00007f91133e4400:   00000024ffff0000 0000000000000000
0x00007f91133e4410:   0000000000000000 00007f91133e4700
0x00007f91133e4420:   00007f91133e4898 00007f91133e6f50
0x00007f91133e4430:   0000000000000000 00007f912afd6c21
0x00007f91133e4440:   00007f91133e4401 00007f912a91fba0
0x00007f91133e4450:   00007f91133e4700 00000000000000f0
0x00007f91133e4460:   00007f91133e4480 00007f912a92828a 

Instructions: (pc=0x00007f912ade2550)
0x00007f912ade2530:   48 8b 10 48 89 c7 5d 48 8b 52 18 ff e2 90 66 90
0x00007f912ade2540:   55 48 89 e5 53 48 89 fb 48 83 ec 08 48 8b 47 08
0x00007f912ade2550:   48 8b 38 48 85 ff 74 38 48 8b 17 ff 52 30 48 8d
0x00007f912ade2560:   15 6b 72 67 00 48 3b 02 74 17 48 8d 15 9f 72 67 

Register to memory mapping:

RAX=0x00007f98f8e9e7e0 is an unknown value
RBX=0x00007f90f8e9e7a8 is an unknown value
RCX=0x00007f90f8f4cb00 is an unknown value
RDX=0x0000000000000000 is an unknown value
RSP=0x00007f91133e4270 is pointing into the stack for thread: 0x00007f91240a9800
RBP=0x00007f91133e4280 is pointing into the stack for thread: 0x00007f91240a9800
RSI=0x00007f90f8e9e7a8 is an unknown value
RDI=0x00007f90f8e9e7a8 is an unknown value
R8 =0x00007f90ec33e1b8 is an unknown value
R9 =0x00007f90f8ea27c0 is an unknown value
R10=0x00007f90e0031bc0 is an unknown value
R11=0x0000000000000109 is an unknown value
R12=0x00007f91133e58d0 is pointing into the stack for thread: 0x00007f91240a9800
R13=0x00007f912413a920 is an unknown value
R14=0x0000000000000010 is an unknown value
R15=0x00007f91133e58d0 is pointing into the stack for thread: 0x00007f91240a9800


Stack: [0x00007f91132e8000,0x00007f91133e9000],  sp=0x00007f91133e4270,  free space=1008k
Native frames: (J=compiled Java code, j=interpreted, Vv=VM code, C=native code)
V  [libjvm.so+0x792550]
V  [libjvm.so+0x81e729]
V  [libjvm.so+0x8173fc]
V  [libjvm.so+0x81cdcd]
V  [libjvm.so+0x4420c0]
V  [libjvm.so+0x443a6d]
V  [libjvm.so+0x3b1c7a]
V  [libjvm.so+0x449937]
V  [libjvm.so+0x44aa40]
V  [libjvm.so+0x907e50]
V  [libjvm.so+0x9080c1]
V  [libjvm.so+0x7cc682]


Current CompileTask:
C2:  33433 1260   !         com.android.dx.cf.code.BytecodeArray::parseInstruction (2764 bytes)


---------------  P R O C E S S  ---------------

Java Threads: ( => current thread )
  0x00007f91241d0800 JavaThread "pool-2-thread-4" [_thread_in_Java, id=27426, stack(0x00007f911130d000,0x00007f911140e000)]
  0x00007f91241cc800 JavaThread "pool-2-thread-3" [_thread_in_Java, id=27425, stack(0x00007f911140e000,0x00007f911150f000)]
  0x00007f91241c9800 JavaThread "pool-2-thread-2" [_thread_in_vm, id=27424, stack(0x00007f911150f000,0x00007f9111610000)]
  0x00007f91241c8000 JavaThread "pool-3-thread-1" [_thread_blocked, id=27423, stack(0x00007f9111610000,0x00007f9111711000)]
  0x00007f91241c3800 JavaThread "pool-2-thread-1" [_thread_blocked, id=27422, stack(0x00007f9111711000,0x00007f9111812000)]
  0x00007f91240ae800 JavaThread "Service Thread" daemon [_thread_blocked, id=27419, stack(0x00007f91130e6000,0x00007f91131e7000)]
  0x00007f91240ac800 JavaThread "C2 CompilerThread1" daemon [_thread_blocked, id=27418, stack(0x00007f91131e7000,0x00007f91132e8000)]
=>0x00007f91240a9800 JavaThread "C2 CompilerThread0" daemon [_thread_in_native, id=27417, stack(0x00007f91132e8000,0x00007f91133e9000)]
  0x00007f91240a7000 JavaThread "Signal Dispatcher" daemon [_thread_blocked, id=27416, stack(0x00007f91133e9000,0x00007f91134ea000)]
  0x00007f912407c000 JavaThread "Finalizer" daemon [_thread_blocked, id=27409, stack(0x00007f9113cfd000,0x00007f9113dfe000)]
  0x00007f912407a000 JavaThread "Reference Handler" daemon [_thread_blocked, id=27408, stack(0x00007f9113dfe000,0x00007f9113eff000)]
  0x00007f912400a800 JavaThread "main" [_thread_in_vm, id=27402, stack(0x00007f912c164000,0x00007f912c265000)]

Other Threads:
  0x00007f9124075800 VMThread [stack: 0x00007f9113eff000,0x00007f9114000000] [id=27407]
  0x00007f91240b9800 WatcherThread [stack: 0x00007f9112fe5000,0x00007f91130e6000] [id=27420]

VM state:not at safepoint (normal execution)

VM Mutex/Monitor currently owned by a thread: None

Heap
 PSYoungGen      total 238592K, used 162233K [0x00000000eaa80000, 0x0000000100000000, 0x0000000100000000)
  eden space 122880K, 89% used [0x00000000eaa80000,0x00000000f1565700,0x00000000f2280000)
  from space 115712K, 45% used [0x00000000f8e00000,0x00000000fc188f40,0x00000000fff00000)
  to   space 110080K, 0% used [0x00000000f2280000,0x00000000f2280000,0x00000000f8e00000)
 ParOldGen       total 445952K, used 314846K [0x00000000c0000000, 0x00000000db380000, 0x00000000eaa80000)
  object space 445952K, 70% used [0x00000000c0000000,0x00000000d33779f8,0x00000000db380000)
 PSPermGen       total 21504K, used 6432K [0x00000000b5a00000, 0x00000000b6f00000, 0x00000000c0000000)
  object space 21504K, 29% used [0x00000000b5a00000,0x00000000b6048110,0x00000000b6f00000)

Card table byte_map: [0x00007f9128b46000,0x00007f9128d9a000] byte_map_base: 0x00007f9128599000

Polling page: 0x00007f912c28d000

Code Cache  [0x00007f9121000000, 0x00007f9121440000, 0x00007f9124000000)
 total_blobs=1422 nmethods=1191 adapters=184 free_code_cache=45153Kb largest_free_block=45908288

Compilation events (10 events):
Event: 33,218 Thread 0x00007f91240ac800 nmethod 1255 0x00007f91212b1650 code [0x00007f91212b1780, 0x00007f91212b1818]
Event: 33,230 Thread 0x00007f91240a9800 1256             com.android.dx.command.dexer.Main::access$1700 (4 bytes)
Event: 33,231 Thread 0x00007f91240a9800 nmethod 1256 0x00007f91212b1450 code [0x00007f91212b1580, 0x00007f91212b15d8]
Event: 33,255 Thread 0x00007f91240ac800 1257             com.android.dx.command.dexer.Main::access$1600 (4 bytes)
Event: 33,256 Thread 0x00007f91240ac800 nmethod 1257 0x00007f91212b3bd0 code [0x00007f91212b3d00, 0x00007f91212b3d58]
Event: 33,268 Thread 0x00007f91240a9800 1258             com.android.dx.rop.type.Type::getComponentType (70 bytes)
Event: 33,278 Thread 0x00007f91240a9800 nmethod 1258 0x00007f91212b3290 code [0x00007f91212b3400, 0x00007f91212b3828]
Event: 33,286 Thread 0x00007f91240ac800 1259             com.android.dx.ssa.PhiTypeResolver::run (179 bytes)
Event: 33,299 Thread 0x00007f91240a9800 1260   !         com.android.dx.cf.code.BytecodeArray::parseInstruction (2764 bytes)
Event: 33,342 Thread 0x00007f91240ac800 nmethod 1259 0x00007f91211c5dd0 code [0x00007f91211c6060, 0x00007f91211c6ef0]

GC Heap History (10 events):
Event: 29,183 GC heap before
{Heap before GC invocations=17 (full 2):
 PSYoungGen      total 224768K, used 214441K [0x00000000eaa80000, 0x0000000100000000, 0x0000000100000000)
  eden space 123392K, 100% used [0x00000000eaa80000,0x00000000f2300000,0x00000000f2300000)
  from space 101376K, 89% used [0x00000000f9d00000,0x00000000ff5ea788,0x0000000100000000)
  to   space 113152K, 0% used [0x00000000f2300000,0x00000000f2300000,0x00000000f9180000)
 ParOldGen       total 286208K, used 206927K [0x00000000c0000000, 0x00000000d1780000, 0x00000000eaa80000)
  object space 286208K, 72% used [0x00000000c0000000,0x00000000cca13c20,0x00000000d1780000)
 PSPermGen       total 21504K, used 6385K [0x00000000b5a00000, 0x00000000b6f00000, 0x00000000c0000000)
  object space 21504K, 29% used [0x00000000b5a00000,0x00000000b603c710,0x00000000b6f00000)
Event: 29,379 GC heap after
Heap after GC invocations=17 (full 2):
 PSYoungGen      total 211968K, used 88500K [0x00000000eaa80000, 0x0000000100000000, 0x0000000100000000)
  eden space 123392K, 0% used [0x00000000eaa80000,0x00000000eaa80000,0x00000000f2300000)
  from space 88576K, 99% used [0x00000000f2300000,0x00000000f796d3f0,0x00000000f7980000)
  to   space 116224K, 0% used [0x00000000f8e80000,0x00000000f8e80000,0x0000000100000000)
 ParOldGen       total 286208K, used 228977K [0x00000000c0000000, 0x00000000d1780000, 0x00000000eaa80000)
  object space 286208K, 80% used [0x00000000c0000000,0x00000000cdf9c768,0x00000000d1780000)
 PSPermGen       total 21504K, used 6385K [0x00000000b5a00000, 0x00000000b6f00000, 0x00000000c0000000)
  object space 21504K, 29% used [0x00000000b5a00000,0x00000000b603c710,0x00000000b6f00000)
}
Event: 29,771 GC heap before
{Heap before GC invocations=18 (full 2):
 PSYoungGen      total 211968K, used 211892K [0x00000000eaa80000, 0x0000000100000000, 0x0000000100000000)
  eden space 123392K, 100% used [0x00000000eaa80000,0x00000000f2300000,0x00000000f2300000)
  from space 88576K, 99% used [0x00000000f2300000,0x00000000f796d3f0,0x00000000f7980000)
  to   space 116224K, 0% used [0x00000000f8e80000,0x00000000f8e80000,0x0000000100000000)
 ParOldGen       total 286208K, used 228977K [0x00000000c0000000, 0x00000000d1780000, 0x00000000eaa80000)
  object space 286208K, 80% used [0x00000000c0000000,0x00000000cdf9c768,0x00000000d1780000)
 PSPermGen       total 21504K, used 6387K [0x00000000b5a00000, 0x00000000b6f00000, 0x00000000c0000000)
  object space 21504K, 29% used [0x00000000b5a00000,0x00000000b603ce20,0x00000000b6f00000)
Event: 30,005 GC heap after
Heap after GC invocations=18 (full 2):
 PSYoungGen      total 233472K, used 64559K [0x00000000eaa80000, 0x0000000100000000, 0x0000000100000000)
  eden space 117248K, 0% used [0x00000000eaa80000,0x00000000eaa80000,0x00000000f1d00000)
  from space 116224K, 55% used [0x00000000f8e80000,0x00000000fcd8bde8,0x0000000100000000)
  to   space 116224K, 0% used [0x00000000f1d00000,0x00000000f1d00000,0x00000000f8e80000)
 ParOldGen       total 286208K, used 272648K [0x00000000c0000000, 0x00000000d1780000, 0x00000000eaa80000)
  object space 286208K, 95% used [0x00000000c0000000,0x00000000d0a42318,0x00000000d1780000)
 PSPermGen       total 21504K, used 6387K [0x00000000b5a00000, 0x00000000b6f00000, 0x00000000c0000000)
  object space 21504K, 29% used [0x00000000b5a00000,0x00000000b603ce20,0x00000000b6f00000)
}
Event: 30,005 GC heap before
{Heap before GC invocations=19 (full 3):
 PSYoungGen      total 233472K, used 64559K [0x00000000eaa80000, 0x0000000100000000, 0x0000000100000000)
  eden space 117248K, 0% used [0x00000000eaa80000,0x00000000eaa80000,0x00000000f1d00000)
  from space 116224K, 55% used [0x00000000f8e80000,0x00000000fcd8bde8,0x0000000100000000)
  to   space 116224K, 0% used [0x00000000f1d00000,0x00000000f1d00000,0x00000000f8e80000)
 ParOldGen       total 286208K, used 272648K [0x00000000c0000000, 0x00000000d1780000, 0x00000000eaa80000)
  object space 286208K, 95% used [0x00000000c0000000,0x00000000d0a42318,0x00000000d1780000)
 PSPermGen       total 21504K, used 6387K [0x00000000b5a00000, 0x00000000b6f00000, 0x00000000c0000000)
  object space 21504K, 29% used [0x00000000b5a00000,0x00000000b603ce20,0x00000000b6f00000)
Event: 32,444 GC heap after
Heap after GC invocations=19 (full 3):
 PSYoungGen      total 233472K, used 46904K [0x00000000eaa80000, 0x0000000100000000, 0x0000000100000000)
  eden space 117248K, 0% used [0x00000000eaa80000,0x00000000eaa80000,0x00000000f1d00000)
  from space 116224K, 40% used [0x00000000f8e80000,0x00000000fbc4e038,0x0000000100000000)
  to   space 116224K, 0% used [0x00000000f1d00000,0x00000000f1d00000,0x00000000f8e80000)
 ParOldGen       total 445952K, used 286000K [0x00000000c0000000, 0x00000000db380000, 0x00000000eaa80000)
  object space 445952K, 64% used [0x00000000c0000000,0x00000000d174c328,0x00000000db380000)
 PSPermGen       total 21504K, used 6387K [0x00000000b5a00000, 0x00000000b6f00000, 0x00000000c0000000)
  object space 21504K, 29% used [0x00000000b5a00000,0x00000000b603cca0,0x00000000b6f00000)
}
Event: 32,679 GC heap before
{Heap before GC invocations=20 (full 3):
 PSYoungGen      total 233472K, used 164152K [0x00000000eaa80000, 0x0000000100000000, 0x0000000100000000)
  eden space 117248K, 100% used [0x00000000eaa80000,0x00000000f1d00000,0x00000000f1d00000)
  from space 116224K, 40% used [0x00000000f8e80000,0x00000000fbc4e038,0x0000000100000000)
  to   space 116224K, 0% used [0x00000000f1d00000,0x00000000f1d00000,0x00000000f8e80000)
 ParOldGen       total 445952K, used 286000K [0x00000000c0000000, 0x00000000db380000, 0x00000000eaa80000)
  object space 445952K, 64% used [0x00000000c0000000,0x00000000d174c328,0x00000000db380000)
 PSPermGen       total 21504K, used 6391K [0x00000000b5a00000, 0x00000000b6f00000, 0x00000000c0000000)
  object space 21504K, 29% used [0x00000000b5a00000,0x00000000b603dc28,0x00000000b6f00000)
Event: 32,892 GC heap after
Heap after GC invocations=20 (full 3):
 PSYoungGen      total 154112K, used 36704K [0x00000000eaa80000, 0x00000000fff00000, 0x0000000100000000)
  eden space 117248K, 0% used [0x00000000eaa80000,0x00000000eaa80000,0x00000000f1d00000)
  from space 36864K, 99% used [0x00000000f1d00000,0x00000000f40d8000,0x00000000f4100000)
  to   space 115712K, 0% used [0x00000000f8e00000,0x00000000f8e00000,0x00000000fff00000)
 ParOldGen       total 445952K, used 314846K [0x00000000c0000000, 0x00000000db380000, 0x00000000eaa80000)
  object space 445952K, 70% used [0x00000000c0000000,0x00000000d33779f8,0x00000000db380000)
 PSPermGen       total 21504K, used 6391K [0x00000000b5a00000, 0x00000000b6f00000, 0x00000000c0000000)
  object space 21504K, 29% used [0x00000000b5a00000,0x00000000b603dc28,0x00000000b6f00000)
}
Event: 33,103 GC heap before
{Heap before GC invocations=21 (full 3):
 PSYoungGen      total 154112K, used 153952K [0x00000000eaa80000, 0x00000000fff00000, 0x0000000100000000)
  eden space 117248K, 100% used [0x00000000eaa80000,0x00000000f1d00000,0x00000000f1d00000)
  from space 36864K, 99% used [0x00000000f1d00000,0x00000000f40d8000,0x00000000f4100000)
  to   space 115712K, 0% used [0x00000000f8e00000,0x00000000f8e00000,0x00000000fff00000)
 ParOldGen       total 445952K, used 314846K [0x00000000c0000000, 0x00000000db380000, 0x00000000eaa80000)
  object space 445952K, 70% used [0x00000000c0000000,0x00000000d33779f8,0x00000000db380000)
 PSPermGen       total 21504K, used 6393K [0x00000000b5a00000, 0x00000000b6f00000, 0x00000000c0000000)
  object space 21504K, 29% used [0x00000000b5a00000,0x00000000b603e478,0x00000000b6f00000)
Event: 33,185 GC heap after
Heap after GC invocations=21 (full 3):
 PSYoungGen      total 238592K, used 52771K [0x00000000eaa80000, 0x0000000100000000, 0x0000000100000000)
  eden space 122880K, 0% used [0x00000000eaa80000,0x00000000eaa80000,0x00000000f2280000)
  from space 115712K, 45% used [0x00000000f8e00000,0x00000000fc188f40,0x00000000fff00000)
  to   space 110080K, 0% used [0x00000000f2280000,0x00000000f2280000,0x00000000f8e00000)
 ParOldGen       total 445952K, used 314846K [0x00000000c0000000, 0x00000000db380000, 0x00000000eaa80000)
  object space 445952K, 70% used [0x00000000c0000000,0x00000000d33779f8,0x00000000db380000)
 PSPermGen       total 21504K, used 6393K [0x00000000b5a00000, 0x00000000b6f00000, 0x00000000c0000000)
  object space 21504K, 29% used [0x00000000b5a00000,0x00000000b603e478,0x00000000b6f00000)
}

Deoptimization events (10 events):
Event: 25,870 Thread 0x00007f91241c9800 Uncommon trap: reason=unstable_if action=reinterpret pc=0x00007f912120c874 method=com.android.dx.ssa.SsaMethod.getExitBlock()Lcom/android/dx/ssa/SsaBasicBlock; @ 4
Event: 25,870 Thread 0x00007f91241c9800 Uncommon trap: reason=unstable_if action=reinterpret pc=0x00007f9121101408 method=com.android.dx.util.IntList.binarysearch(I)I @ 105
Event: 25,870 Thread 0x00007f91241c9800 Uncommon trap: reason=unstable_if action=reinterpret pc=0x00007f912112cea8 method=com.android.dx.ssa.SsaMethod.getExitBlock()Lcom/android/dx/ssa/SsaBasicBlock; @ 4
Event: 25,876 Thread 0x00007f91241d0800 Uncommon trap: reason=class_check action=maybe_recompile pc=0x00007f91211552b4 method=com.android.dx.ssa.SCCP.simulateBranch(Lcom/android/dx/ssa/SsaInsn;)V @ 145
Event: 25,879 Thread 0x00007f91241d0800 Uncommon trap: reason=class_check action=maybe_recompile pc=0x00007f91211552b4 method=com.android.dx.ssa.SCCP.simulateBranch(Lcom/android/dx/ssa/SsaInsn;)V @ 145
Event: 26,819 Thread 0x00007f91241d0800 Uncommon trap: reason=class_check action=maybe_recompile pc=0x00007f91211e62ec method=com.android.dx.ssa.SCCP.replaceConstants()V @ 182
Event: 27,000 Thread 0x00007f91241cc800 Uncommon trap: reason=unstable_if action=reinterpret pc=0x00007f9121154fe4 method=com.android.dx.ssa.SCCP.simulateBranch(Lcom/android/dx/ssa/SsaInsn;)V @ 548
Event: 33,211 Thread 0x00007f91241d0800 Uncommon trap: reason=unstable_if action=reinterpret pc=0x00007f91213ac360 method=com.android.dx.ssa.PhiTypeResolver.resolveResultType(Lcom/android/dx/ssa/PhiInsn;)Z @ 64
Event: 33,279 Thread 0x00007f91241c9800 Uncommon trap: reason=bimorphic action=maybe_recompile pc=0x00007f91213dbc20 method=com.android.dx.cf.code.BytecodeArray.parseInstruction(ILcom/android/dx/cf/code/BytecodeArray$Visitor;)I @ 1549
Event: 33,280 Thread 0x00007f91241c9800 Uncommon trap: reason=bimorphic action=maybe_recompile pc=0x00007f91213dbc20 method=com.android.dx.cf.code.BytecodeArray.parseInstruction(ILcom/android/dx/cf/code/BytecodeArray$Visitor;)I @ 1549

Internal exceptions (10 events):
Event: 13,820 Thread 0x00007f91241cc800 Implicit null exception at 0x00007f91212174b8 to 0x00007f912121d32d
Event: 15,456 Thread 0x00007f91241c9800 Threw 0x00000000f198d328 at /build/openjdk-7-2FOwCu/openjdk-7-7u95-2.6.4/build/openjdk/hotspot/src/share/vm/prims/jvm.cpp:1322
Event: 20,076 Thread 0x00007f91241d0800 Implicit null exception at 0x00007f9121327ecc to 0x00007f912132ace1
Event: 20,315 Thread 0x00007f91241c3800 Implicit null exception at 0x00007f912121d5bc to 0x00007f912121d6b3
Event: 20,653 Thread 0x00007f912400a800 Threw 0x00000000eb63d658 at /build/openjdk-7-2FOwCu/openjdk-7-7u95-2.6.4/build/openjdk/hotspot/src/share/vm/prims/jvm.cpp:1322
Event: 20,786 Thread 0x00007f91241c3800 Threw 0x00000000ecea9c60 at /build/openjdk-7-2FOwCu/openjdk-7-7u95-2.6.4/build/openjdk/hotspot/src/share/vm/prims/jvm.cpp:1322
Event: 20,851 Thread 0x00007f912400a800 Threw 0x00000000ee18bbe0 at /build/openjdk-7-2FOwCu/openjdk-7-7u95-2.6.4/build/openjdk/hotspot/src/share/vm/prims/jvm.cpp:1322
Event: 21,345 Thread 0x00007f912400a800 Threw 0x00000000f2881eb0 at /build/openjdk-7-2FOwCu/openjdk-7-7u95-2.6.4/build/openjdk/hotspot/src/share/vm/prims/jvm.cpp:1322
Event: 25,661 Thread 0x00007f91241cc800 Implicit null exception at 0x00007f912136eed8 to 0x00007f9121374050
Event: 33,211 Thread 0x00007f91241d0800 Implicit null exception at 0x00007f91213ab1ca to 0x00007f91213ac33d

Events (10 events):
Event: 33,185 Executing VM operation: ParallelGCFailedAllocation done
Event: 33,211 Thread 0x00007f91241d0800 Uncommon trap: trap_request=0xffffff75 fr.pc=0x00007f91213ac360
Event: 33,211 Thread 0x00007f91241d0800 DEOPT PACKING pc=0x00007f91213ac360 sp=0x00007f911140c310
Event: 33,211 Thread 0x00007f91241d0800 DEOPT UNPACKING pc=0x00007f9121039445 sp=0x00007f911140c220 mode 2
Event: 33,279 Thread 0x00007f91241c9800 Uncommon trap: trap_request=0xffffffc6 fr.pc=0x00007f91213dbc20
Event: 33,279 Thread 0x00007f91241c9800 DEOPT PACKING pc=0x00007f91213dbc20 sp=0x00007f911160e160
Event: 33,279 Thread 0x00007f91241c9800 DEOPT UNPACKING pc=0x00007f9121039445 sp=0x00007f911160e110 mode 2
Event: 33,280 Thread 0x00007f91241c9800 Uncommon trap: trap_request=0xffffffc6 fr.pc=0x00007f91213dbc20
Event: 33,280 Thread 0x00007f91241c9800 DEOPT PACKING pc=0x00007f91213dbc20 sp=0x00007f911160e0e0
Event: 33,280 Thread 0x00007f91241c9800 DEOPT UNPACKING pc=0x00007f9121039445 sp=0x00007f911160e090 mode 2


Dynamic libraries:
00400000-00401000 r-xp 00000000 08:02 2761158                            /usr/lib/jvm/java-7-openjdk-amd64/jre/bin/java
00600000-00601000 r--p 00000000 08:02 2761158                            /usr/lib/jvm/java-7-openjdk-amd64/jre/bin/java
00601000-00602000 rw-p 00001000 08:02 2761158                            /usr/lib/jvm/java-7-openjdk-amd64/jre/bin/java
00fc7000-00fe8000 rw-p 00000000 00:00 0                                  [heap]
b5a00000-b6f00000 rw-p 00000000 00:00 0 
b6f00000-c0000000 rw-p 00000000 00:00 0 
c0000000-db380000 rw-p 00000000 00:00 0 
db380000-eaa80000 rw-p 00000000 00:00 0 
eaa80000-100000000 rw-p 00000000 00:00 0 
7f90d4000000-7f90d402f000 rw-p 00000000 00:00 0 
7f90d402f000-7f90d8000000 ---p 00000000 00:00 0 
7f90d8000000-7f90d802c000 rw-p 00000000 00:00 0 
7f90d802c000-7f90dc000000 ---p 00000000 00:00 0 
7f90dc000000-7f90dc021000 rw-p 00000000 00:00 0 
7f90dc021000-7f90e0000000 ---p 00000000 00:00 0 
7f90e0000000-7f90e003a000 rw-p 00000000 00:00 0 
7f90e003a000-7f90e4000000 ---p 00000000 00:00 0 
7f90e4000000-7f90e4021000 rw-p 00000000 00:00 0 
7f90e4021000-7f90e8000000 ---p 00000000 00:00 0 
7f90e8000000-7f90e803d000 rw-p 00000000 00:00 0 
7f90e803d000-7f90ec000000 ---p 00000000 00:00 0 
7f90ec000000-7f90ee2a4000 rw-p 00000000 00:00 0 
7f90ee2a4000-7f90f0000000 ---p 00000000 00:00 0 
7f90f0000000-7f90f0021000 rw-p 00000000 00:00 0 
7f90f0021000-7f90f4000000 ---p 00000000 00:00 0 
7f90f4000000-7f90f4021000 rw-p 00000000 00:00 0 
7f90f4021000-7f90f8000000 ---p 00000000 00:00 0 
7f90f8000000-7f90fa2b9000 rw-p 00000000 00:00 0 
7f90fa2b9000-7f90fc000000 ---p 00000000 00:00 0 
7f90fc000000-7f90fc021000 rw-p 00000000 00:00 0 
7f90fc021000-7f9100000000 ---p 00000000 00:00 0 
7f9100000000-7f9100021000 rw-p 00000000 00:00 0 
7f9100021000-7f9104000000 ---p 00000000 00:00 0 
7f9104000000-7f9104021000 rw-p 00000000 00:00 0 
7f9104021000-7f9108000000 ---p 00000000 00:00 0 
7f9109ad0000-7f910c000000 rw-p 00000000 00:00 0 
7f910c000000-7f910c021000 rw-p 00000000 00:00 0 
7f910c021000-7f9110000000 ---p 00000000 00:00 0 
7f911130d000-7f9111310000 ---p 00000000 00:00 0 
7f9111310000-7f911140e000 rw-p 00000000 00:00 0                          [stack:27426]
7f911140e000-7f9111411000 ---p 00000000 00:00 0 
7f9111411000-7f911150f000 rw-p 00000000 00:00 0                          [stack:27425]
7f911150f000-7f9111512000 ---p 00000000 00:00 0 
7f9111512000-7f9111610000 rw-p 00000000 00:00 0                          [stack:27424]
7f9111610000-7f9111613000 ---p 00000000 00:00 0 
7f9111613000-7f9111711000 rw-p 00000000 00:00 0                          [stack:27423]
7f9111711000-7f9111714000 ---p 00000000 00:00 0 
7f9111714000-7f9111843000 rw-p 00000000 00:00 0                          [stack:27422]
7f9111843000-7f9111880000 r-xp 00000000 08:02 13447                      /lib/x86_64-linux-gnu/libpcre.so.3.13.1
7f9111880000-7f9111a7f000 ---p 0003d000 08:02 13447                      /lib/x86_64-linux-gnu/libpcre.so.3.13.1
7f9111a7f000-7f9111a80000 r--p 0003c000 08:02 13447                      /lib/x86_64-linux-gnu/libpcre.so.3.13.1
7f9111a80000-7f9111a81000 rw-p 0003d000 08:02 13447                      /lib/x86_64-linux-gnu/libpcre.so.3.13.1
7f9111a81000-7f9111a88000 r-xp 00000000 08:02 21389                      /usr/lib/x86_64-linux-gnu/libffi.so.6.0.1
7f9111a88000-7f9111c87000 ---p 00007000 08:02 21389                      /usr/lib/x86_64-linux-gnu/libffi.so.6.0.1
7f9111c87000-7f9111c88000 r--p 00006000 08:02 21389                      /usr/lib/x86_64-linux-gnu/libffi.so.6.0.1
7f9111c88000-7f9111c89000 rw-p 00007000 08:02 21389                      /usr/lib/x86_64-linux-gnu/libffi.so.6.0.1
7f9111c89000-7f9111ca0000 r-xp 00000000 08:02 3147                       /lib/x86_64-linux-gnu/libresolv-2.19.so
7f9111ca0000-7f9111ea0000 ---p 00017000 08:02 3147                       /lib/x86_64-linux-gnu/libresolv-2.19.so
7f9111ea0000-7f9111ea1000 r--p 00017000 08:02 3147                       /lib/x86_64-linux-gnu/libresolv-2.19.so
7f9111ea1000-7f9111ea2000 rw-p 00018000 08:02 3147                       /lib/x86_64-linux-gnu/libresolv-2.19.so
7f9111ea2000-7f9111ea4000 rw-p 00000000 00:00 0 
7f9111ea4000-7f9111ec4000 r-xp 00000000 08:02 13524                      /lib/x86_64-linux-gnu/libselinux.so.1
7f9111ec4000-7f91120c3000 ---p 00020000 08:02 13524                      /lib/x86_64-linux-gnu/libselinux.so.1
7f91120c3000-7f91120c4000 r--p 0001f000 08:02 13524                      /lib/x86_64-linux-gnu/libselinux.so.1
7f91120c4000-7f91120c5000 rw-p 00020000 08:02 13524                      /lib/x86_64-linux-gnu/libselinux.so.1
7f91120c5000-7f91120c7000 rw-p 00000000 00:00 0 
7f91120c7000-7f91120ca000 r-xp 00000000 08:02 28550                      /usr/lib/x86_64-linux-gnu/libgmodule-2.0.so.0.4002.0
7f91120ca000-7f91122c9000 ---p 00003000 08:02 28550                      /usr/lib/x86_64-linux-gnu/libgmodule-2.0.so.0.4002.0
7f91122c9000-7f91122ca000 r--p 00002000 08:02 28550                      /usr/lib/x86_64-linux-gnu/libgmodule-2.0.so.0.4002.0
7f91122ca000-7f91122cb000 rw-p 00003000 08:02 28550                      /usr/lib/x86_64-linux-gnu/libgmodule-2.0.so.0.4002.0
7f91122cb000-7f91123d1000 r-xp 00000000 08:02 13425                      /lib/x86_64-linux-gnu/libglib-2.0.so.0.4002.0
7f91123d1000-7f91125d0000 ---p 00106000 08:02 13425                      /lib/x86_64-linux-gnu/libglib-2.0.so.0.4002.0
7f91125d0000-7f91125d1000 r--p 00105000 08:02 13425                      /lib/x86_64-linux-gnu/libglib-2.0.so.0.4002.0
7f91125d1000-7f91125d2000 rw-p 00106000 08:02 13425                      /lib/x86_64-linux-gnu/libglib-2.0.so.0.4002.0
7f91125d2000-7f91125d3000 rw-p 00000000 00:00 0 
7f91125d3000-7f9112622000 r-xp 00000000 08:02 28566                      /usr/lib/x86_64-linux-gnu/libgobject-2.0.so.0.4002.0
7f9112622000-7f9112822000 ---p 0004f000 08:02 28566                      /usr/lib/x86_64-linux-gnu/libgobject-2.0.so.0.4002.0
7f9112822000-7f9112823000 r--p 0004f000 08:02 28566                      /usr/lib/x86_64-linux-gnu/libgobject-2.0.so.0.4002.0
7f9112823000-7f9112824000 rw-p 00050000 08:02 28566                      /usr/lib/x86_64-linux-gnu/libgobject-2.0.so.0.4002.0
7f9112824000-7f9112990000 r-xp 00000000 08:02 28538                      /usr/lib/x86_64-linux-gnu/libgio-2.0.so.0.4002.0
7f9112990000-7f9112b8f000 ---p 0016c000 08:02 28538                      /usr/lib/x86_64-linux-gnu/libgio-2.0.so.0.4002.0
7f9112b8f000-7f9112b93000 r--p 0016b000 08:02 28538                      /usr/lib/x86_64-linux-gnu/libgio-2.0.so.0.4002.0
7f9112b93000-7f9112b95000 rw-p 0016f000 08:02 28538                      /usr/lib/x86_64-linux-gnu/libgio-2.0.so.0.4002.0
7f9112b95000-7f9112b97000 rw-p 00000000 00:00 0 
7f9112bbb000-7f9112bd2000 r-xp 00000000 08:02 2625929                    /usr/lib/jvm/java-7-openjdk-amd64/jre/lib/amd64/libnet.so
7f9112bd2000-7f9112dd1000 ---p 00017000 08:02 2625929                    /usr/lib/jvm/java-7-openjdk-amd64/jre/lib/amd64/libnet.so
7f9112dd1000-7f9112dd2000 r--p 00016000 08:02 2625929                    /usr/lib/jvm/java-7-openjdk-amd64/jre/lib/amd64/libnet.so
7f9112dd2000-7f9112dd3000 rw-p 00017000 08:02 2625929                    /usr/lib/jvm/java-7-openjdk-amd64/jre/lib/amd64/libnet.so
7f9112dd3000-7f9112de3000 r-xp 00000000 08:02 2625910                    /usr/lib/jvm/java-7-openjdk-amd64/jre/lib/amd64/libnio.so
7f9112de3000-7f9112fe3000 ---p 00010000 08:02 2625910                    /usr/lib/jvm/java-7-openjdk-amd64/jre/lib/amd64/libnio.so
7f9112fe3000-7f9112fe4000 r--p 00010000 08:02 2625910                    /usr/lib/jvm/java-7-openjdk-amd64/jre/lib/amd64/libnio.so
7f9112fe4000-7f9112fe5000 rw-p 00011000 08:02 2625910                    /usr/lib/jvm/java-7-openjdk-amd64/jre/lib/amd64/libnio.so
7f9112fe5000-7f9112fe6000 ---p 00000000 00:00 0 
7f9112fe6000-7f91130e6000 rw-p 00000000 00:00 0                          [stack:27420]
7f91130e6000-7f91130e9000 ---p 00000000 00:00 0 
7f91130e9000-7f91131e7000 rw-p 00000000 00:00 0                          [stack:27419]
7f91131e7000-7f91131ea000 ---p 00000000 00:00 0 
7f91131ea000-7f91132e8000 rw-p 00000000 00:00 0                          [stack:27418]
7f91132e8000-7f91132eb000 ---p 00000000 00:00 0 
7f91132eb000-7f91133e9000 rw-p 00000000 00:00 0                          [stack:27417]
7f91133e9000-7f91133ec000 ---p 00000000 00:00 0 
7f91133ec000-7f91134ea000 rw-p 00000000 00:00 0                          [stack:27416]
7f91134ea000-7f9113cfd000 r--p 00000000 08:02 27195                      /usr/lib/locale/locale-archive
7f9113cfd000-7f9113d00000 ---p 00000000 00:00 0 
7f9113d00000-7f9113dfe000 rw-p 00000000 00:00 0                          [stack:27409]
7f9113dfe000-7f9113e01000 ---p 00000000 00:00 0 
7f9113e01000-7f9113eff000 rw-p 00000000 00:00 0                          [stack:27408]
7f9113eff000-7f9113f00000 ---p 00000000 00:00 0 
7f9113f00000-7f9114000000 rw-p 00000000 00:00 0                          [stack:27407]
7f9114000000-7f9114021000 rw-p 00000000 00:00 0 
7f9114021000-7f9118000000 ---p 00000000 00:00 0 
7f9118000000-7f9118021000 rw-p 00000000 00:00 0 
7f9118021000-7f911c000000 ---p 00000000 00:00 0 
7f911c000000-7f911c023000 rw-p 00000000 00:00 0 
7f911c023000-7f9120000000 ---p 00000000 00:00 0 
7f9120005000-7f912008e000 r--s 00726000 08:02 30808976                   /home/ivan/workspace/Champy_v2/app/build/intermediates/transforms/jarMerging/debug/jars/1/1f/combined.jar
7f912008e000-7f9121000000 rw-p 00000000 00:00 0 
7f9121000000-7f9121440000 rwxp 00000000 00:00 0 
7f9121440000-7f91242c6000 rw-p 00000000 00:00 0 
7f91242c6000-7f9128000000 ---p 00000000 00:00 0 
7f9128001000-7f9128010000 r--s 000df000 08:02 1575371                    /home/ivan/Android/Sdk/build-tools/23.0.1/lib/dx.jar
7f9128010000-7f912809b000 rw-p 00000000 00:00 0 
7f912809b000-7f912824d000 r--s 01d2f000 08:02 2625893                    /usr/lib/jvm/java-7-openjdk-amd64/jre/lib/rt.jar
7f912824d000-7f9128599000 rw-p 00000000 00:00 0 
7f9128599000-7f912859a000 ---p 00000000 00:00 0 
7f912859a000-7f912869a000 rw-p 00000000 00:00 0                          [stack:27406]
7f912869a000-7f912869b000 ---p 00000000 00:00 0 
7f912869b000-7f912879b000 rw-p 00000000 00:00 0                          [stack:27405]
7f912879b000-7f912879c000 ---p 00000000 00:00 0 
7f912879c000-7f912889c000 rw-p 00000000 00:00 0                          [stack:27404]
7f912889c000-7f912889d000 ---p 00000000 00:00 0 
7f912889d000-7f91289a8000 rw-p 00000000 00:00 0                          [stack:27403]
7f91289a8000-7f91289f0000 rw-p 00000000 00:00 0 
7f91289f0000-7f9128aca000 rw-p 00000000 00:00 0 
7f9128aca000-7f9128b46000 rw-p 00000000 00:00 0 
7f9128b46000-7f9128b51000 rw-p 00000000 00:00 0 
7f9128b51000-7f9128b99000 rw-p 00000000 00:00 0 
7f9128b99000-7f9128c73000 rw-p 00000000 00:00 0 
7f9128c73000-7f9128cee000 rw-p 00000000 00:00 0 
7f9128cee000-7f9128d99000 rw-p 00000000 00:00 0 
7f9128d99000-7f9128d9a000 rw-p 00000000 00:00 0 
7f9128d9a000-7f9128da2000 r-xp 00000000 08:02 2625902                    /usr/lib/jvm/java-7-openjdk-amd64/jre/lib/amd64/libzip.so
7f9128da2000-7f9128fa1000 ---p 00008000 08:02 2625902                    /usr/lib/jvm/java-7-openjdk-amd64/jre/lib/amd64/libzip.so
7f9128fa1000-7f9128fa2000 r--p 00007000 08:02 2625902                    /usr/lib/jvm/java-7-openjdk-amd64/jre/lib/amd64/libzip.so
7f9128fa2000-7f9128fa3000 rw-p 00008000 08:02 2625902                    /usr/lib/jvm/java-7-openjdk-amd64/jre/lib/amd64/libzip.so
7f9128fa3000-7f9128fae000 r-xp 00000000 08:02 3187                       /lib/x86_64-linux-gnu/libnss_files-2.19.so
7f9128fae000-7f91291ad000 ---p 0000b000 08:02 3187                       /lib/x86_64-linux-gnu/libnss_files-2.19.so
7f91291ad000-7f91291ae000 r--p 0000a000 08:02 3187                       /lib/x86_64-linux-gnu/libnss_files-2.19.so
7f91291ae000-7f91291af000 rw-p 0000b000 08:02 3187                       /lib/x86_64-linux-gnu/libnss_files-2.19.so
7f91291af000-7f91291ba000 r-xp 00000000 08:02 3171                       /lib/x86_64-linux-gnu/libnss_nis-2.19.so
7f91291ba000-7f91293b9000 ---p 0000b000 08:02 3171                       /lib/x86_64-linux-gnu/libnss_nis-2.19.so
7f91293b9000-7f91293ba000 r--p 0000a000 08:02 3171                       /lib/x86_64-linux-gnu/libnss_nis-2.19.so
7f91293ba000-7f91293bb000 rw-p 0000b000 08:02 3171                       /lib/x86_64-linux-gnu/libnss_nis-2.19.so
7f91293bb000-7f91293d2000 r-xp 00000000 08:02 3163                       /lib/x86_64-linux-gnu/libnsl-2.19.so
7f91293d2000-7f91295d1000 ---p 00017000 08:02 3163                       /lib/x86_64-linux-gnu/libnsl-2.19.so
7f91295d1000-7f91295d2000 r--p 00016000 08:02 3163                       /lib/x86_64-linux-gnu/libnsl-2.19.so
7f91295d2000-7f91295d3000 rw-p 00017000 08:02 3163                       /lib/x86_64-linux-gnu/libnsl-2.19.so
7f91295d3000-7f91295d5000 rw-p 00000000 00:00 0 
7f91295d5000-7f91295de000 r-xp 00000000 08:02 3161                       /lib/x86_64-linux-gnu/libnss_compat-2.19.so
7f91295de000-7f91297dd000 ---p 00009000 08:02 3161                       /lib/x86_64-linux-gnu/libnss_compat-2.19.so
7f91297dd000-7f91297de000 r--p 00008000 08:02 3161                       /lib/x86_64-linux-gnu/libnss_compat-2.19.so
7f91297de000-7f91297df000 rw-p 00009000 08:02 3161                       /lib/x86_64-linux-gnu/libnss_compat-2.19.so
7f91297df000-7f912980a000 r-xp 00000000 08:02 2625925                    /usr/lib/jvm/java-7-openjdk-amd64/jre/lib/amd64/libjava.so
7f912980a000-7f9129a0a000 ---p 0002b000 08:02 2625925                    /usr/lib/jvm/java-7-openjdk-amd64/jre/lib/amd64/libjava.so
7f9129a0a000-7f9129a0b000 r--p 0002b000 08:02 2625925                    /usr/lib/jvm/java-7-openjdk-amd64/jre/lib/amd64/libjava.so
7f9129a0b000-7f9129a0d000 rw-p 0002c000 08:02 2625925                    /usr/lib/jvm/java-7-openjdk-amd64/jre/lib/amd64/libjava.so
7f9129a0d000-7f9129a1d000 r-xp 00000000 08:02 2625907                    /usr/lib/jvm/java-7-openjdk-amd64/jre/lib/amd64/libverify.so
7f9129a1d000-7f9129c1c000 ---p 00010000 08:02 2625907                    /usr/lib/jvm/java-7-openjdk-amd64/jre/lib/amd64/libverify.so
7f9129c1c000-7f9129c1e000 r--p 0000f000 08:02 2625907                    /usr/lib/jvm/java-7-openjdk-amd64/jre/lib/amd64/libverify.so
7f9129c1e000-7f9129c1f000 rw-p 00011000 08:02 2625907                    /usr/lib/jvm/java-7-openjdk-amd64/jre/lib/amd64/libverify.so
7f9129c1f000-7f9129c26000 r-xp 00000000 08:02 3179                       /lib/x86_64-linux-gnu/librt-2.19.so
7f9129c26000-7f9129e25000 ---p 00007000 08:02 3179                       /lib/x86_64-linux-gnu/librt-2.19.so
7f9129e25000-7f9129e26000 r--p 00006000 08:02 3179                       /lib/x86_64-linux-gnu/librt-2.19.so
7f9129e26000-7f9129e27000 rw-p 00007000 08:02 3179                       /lib/x86_64-linux-gnu/librt-2.19.so
7f9129e27000-7f9129e3d000 r-xp 00000000 08:02 3455                       /lib/x86_64-linux-gnu/libgcc_s.so.1
7f9129e3d000-7f912a03c000 ---p 00016000 08:02 3455                       /lib/x86_64-linux-gnu/libgcc_s.so.1
7f912a03c000-7f912a03d000 r--p 00015000 08:02 3455                       /lib/x86_64-linux-gnu/libgcc_s.so.1
7f912a03d000-7f912a03e000 rw-p 00016000 08:02 3455                       /lib/x86_64-linux-gnu/libgcc_s.so.1
7f912a03e000-7f912a143000 r-xp 00000000 08:02 3151                       /lib/x86_64-linux-gnu/libm-2.19.so
7f912a143000-7f912a342000 ---p 00105000 08:02 3151                       /lib/x86_64-linux-gnu/libm-2.19.so
7f912a342000-7f912a343000 r--p 00104000 08:02 3151                       /lib/x86_64-linux-gnu/libm-2.19.so
7f912a343000-7f912a344000 rw-p 00105000 08:02 3151                       /lib/x86_64-linux-gnu/libm-2.19.so
7f912a344000-7f912a431000 r-xp 00000000 08:02 9486                       /usr/lib/x86_64-linux-gnu/libstdc++.so.6.0.20
7f912a431000-7f912a631000 ---p 000ed000 08:02 9486                       /usr/lib/x86_64-linux-gnu/libstdc++.so.6.0.20
7f912a631000-7f912a639000 r--p 000ed000 08:02 9486                       /usr/lib/x86_64-linux-gnu/libstdc++.so.6.0.20
7f912a639000-7f912a63b000 rw-p 000f5000 08:02 9486                       /usr/lib/x86_64-linux-gnu/libstdc++.so.6.0.20
7f912a63b000-7f912a650000 rw-p 00000000 00:00 0 
7f912a650000-7f912b175000 r-xp 00000000 08:02 2625903                    /usr/lib/jvm/java-7-openjdk-amd64/jre/lib/amd64/server/libjvm.so
7f912b175000-7f912b375000 ---p 00b25000 08:02 2625903                    /usr/lib/jvm/java-7-openjdk-amd64/jre/lib/amd64/server/libjvm.so
7f912b375000-7f912b40f000 r--p 00b25000 08:02 2625903                    /usr/lib/jvm/java-7-openjdk-amd64/jre/lib/amd64/server/libjvm.so
7f912b40f000-7f912b432000 rw-p 00bbf000 08:02 2625903                    /usr/lib/jvm/java-7-openjdk-amd64/jre/lib/amd64/server/libjvm.so
7f912b432000-7f912b460000 rw-p 00000000 00:00 0 
7f912b460000-7f912b478000 r-xp 00000000 08:02 13550                      /lib/x86_64-linux-gnu/libz.so.1.2.8
7f912b478000-7f912b677000 ---p 00018000 08:02 13550                      /lib/x86_64-linux-gnu/libz.so.1.2.8
7f912b677000-7f912b678000 r--p 00017000 08:02 13550                      /lib/x86_64-linux-gnu/libz.so.1.2.8
7f912b678000-7f912b679000 rw-p 00018000 08:02 13550                      /lib/x86_64-linux-gnu/libz.so.1.2.8
7f912b679000-7f912b692000 r-xp 00000000 08:02 3165                       /lib/x86_64-linux-gnu/libpthread-2.19.so
7f912b692000-7f912b891000 ---p 00019000 08:02 3165                       /lib/x86_64-linux-gnu/libpthread-2.19.so
7f912b891000-7f912b892000 r--p 00018000 08:02 3165                       /lib/x86_64-linux-gnu/libpthread-2.19.so
7f912b892000-7f912b893000 rw-p 00019000 08:02 3165                       /lib/x86_64-linux-gnu/libpthread-2.19.so
7f912b893000-7f912b897000 rw-p 00000000 00:00 0 
7f912b897000-7f912b89a000 r-xp 00000000 08:02 3155                       /lib/x86_64-linux-gnu/libdl-2.19.so
7f912b89a000-7f912ba99000 ---p 00003000 08:02 3155                       /lib/x86_64-linux-gnu/libdl-2.19.so
7f912ba99000-7f912ba9a000 r--p 00002000 08:02 3155                       /lib/x86_64-linux-gnu/libdl-2.19.so
7f912ba9a000-7f912ba9b000 rw-p 00003000 08:02 3155                       /lib/x86_64-linux-gnu/libdl-2.19.so
7f912ba9b000-7f912bc56000 r-xp 00000000 08:02 3181                       /lib/x86_64-linux-gnu/libc-2.19.so
7f912bc56000-7f912be55000 ---p 001bb000 08:02 3181                       /lib/x86_64-linux-gnu/libc-2.19.so
7f912be55000-7f912be59000 r--p 001ba000 08:02 3181                       /lib/x86_64-linux-gnu/libc-2.19.so
7f912be59000-7f912be5b000 rw-p 001be000 08:02 3181                       /lib/x86_64-linux-gnu/libc-2.19.so
7f912be5b000-7f912be60000 rw-p 00000000 00:00 0 
7f912be60000-7f912be6d000 r-xp 00000000 08:02 2625897                    /usr/lib/jvm/java-7-openjdk-amd64/jre/lib/amd64/jli/libjli.so
7f912be6d000-7f912c06c000 ---p 0000d000 08:02 2625897                    /usr/lib/jvm/java-7-openjdk-amd64/jre/lib/amd64/jli/libjli.so
7f912c06c000-7f912c06d000 r--p 0000c000 08:02 2625897                    /usr/lib/jvm/java-7-openjdk-amd64/jre/lib/amd64/jli/libjli.so
7f912c06d000-7f912c06e000 rw-p 0000d000 08:02 2625897                    /usr/lib/jvm/java-7-openjdk-amd64/jre/lib/amd64/jli/libjli.so
7f912c06e000-7f912c091000 r-xp 00000000 08:02 3167                       /lib/x86_64-linux-gnu/ld-2.19.so
7f912c091000-7f912c092000 rw-p 00000000 00:00 0 
7f912c092000-7f912c096000 r--s 00034000 08:02 2625935                    /usr/lib/jvm/java-7-openjdk-amd64/jre/lib/ext/sunjce_provider.jar
7f912c096000-7f912c098000 r--s 00012000 08:02 2625936                    /usr/lib/jvm/java-7-openjdk-amd64/jre/lib/ext/zipfs.jar
7f912c098000-7f912c099000 r--s 00002000 08:02 2625938                    /usr/lib/jvm/java-7-openjdk-amd64/jre/lib/ext/dnsns.jar
7f912c099000-7f912c09c000 r--s 0000f000 08:02 2625939                    /usr/lib/jvm/java-7-openjdk-amd64/jre/lib/ext/icedtea-sound.jar
7f912c09c000-7f912c0a0000 r--s 0003c000 08:02 2625937                    /usr/lib/jvm/java-7-openjdk-amd64/jre/lib/ext/sunpkcs11.jar
7f912c0a0000-7f912c0a4000 r--s 00085000 08:02 2625934                    /usr/lib/jvm/java-7-openjdk-amd64/jre/lib/ext/localedata.jar
7f912c0a4000-7f912c0b5000 rw-p 00000000 00:00 0 
7f912c0b5000-7f912c164000 rw-p 00000000 00:00 0 
7f912c164000-7f912c167000 ---p 00000000 00:00 0 
7f912c167000-7f912c26a000 rw-p 00000000 00:00 0                          [stack:27402]
7f912c26a000-7f912c26c000 r--s 00006000 08:02 5674                       /usr/share/java/java-atk-wrapper.jar
7f912c26c000-7f912c284000 rw-p 00000000 00:00 0 
7f912c284000-7f912c28c000 rw-s 00000000 08:02 1315307                    /tmp/hsperfdata_ivan/27398
7f912c28c000-7f912c28d000 rw-p 00000000 00:00 0 
7f912c28d000-7f912c28e000 r--p 00000000 00:00 0 
7f912c28e000-7f912c290000 rw-p 00000000 00:00 0 
7f912c290000-7f912c291000 r--p 00022000 08:02 3167                       /lib/x86_64-linux-gnu/ld-2.19.so
7f912c291000-7f912c292000 rw-p 00023000 08:02 3167                       /lib/x86_64-linux-gnu/ld-2.19.so
7f912c292000-7f912c293000 rw-p 00000000 00:00 0 
7ffc5683e000-7ffc5685f000 rw-p 00000000 00:00 0                          [stack]
7ffc569ac000-7ffc569ae000 r-xp 00000000 00:00 0                          [vdso]
7ffc569ae000-7ffc569b0000 r--p 00000000 00:00 0                          [vvar]
ffffffffff600000-ffffffffff601000 r-xp 00000000 00:00 0                  [vsyscall]

VM Arguments:
jvm_args: -Djava.awt.headless=true -Xmx1024M -Dfile.encoding=UTF-8 -Duser.country=UA -Duser.language=ru -Duser.variant 
java_command: com.android.dx.command.Main --dex --num-threads=4 --multi-dex --main-dex-list /home/ivan/workspace/Champy_v2/app/build/intermediates/multi-dex/debug/maindexlist.txt --output /home/ivan/workspace/Champy_v2/app/build/intermediates/transforms/dex/debug/folders/1000/1f/main /home/ivan/workspace/Champy_v2/app/build/intermediates/transforms/jarMerging/debug/jars/1/1f/combined.jar
Launcher Type: SUN_STANDARD

Environment Variables:
JAVA_HOME=/usr/lib/jvm/java-8-oracle
PATH=/usr/local/sbin:/usr/local/bin:/usr/sbin:/usr/bin:/sbin:/bin:/usr/games:/usr/local/games:/usr/lib/jvm/java-8-oracle/bin:/usr/lib/jvm/java-8-oracle/db/bin:/usr/lib/jvm/java-8-oracle/jre/bin
SHELL=/bin/bash
DISPLAY=:0

Signal Handlers:
SIGSEGV: [libjvm.so+0x955bc0], sa_mask[0]=0x7ffbfeff, sa_flags=0x10000004
SIGBUS: [libjvm.so+0x955bc0], sa_mask[0]=0x7ffbfeff, sa_flags=0x10000004
SIGFPE: [libjvm.so+0x7caff0], sa_mask[0]=0x7ffbfeff, sa_flags=0x10000004
SIGPIPE: [libjvm.so+0x7caff0], sa_mask[0]=0x7ffbfeff, sa_flags=0x10000004
SIGXFSZ: [libjvm.so+0x7caff0], sa_mask[0]=0x7ffbfeff, sa_flags=0x10000004
SIGILL: [libjvm.so+0x7caff0], sa_mask[0]=0x7ffbfeff, sa_flags=0x10000004
SIGUSR1: SIG_DFL, sa_mask[0]=0x00000000, sa_flags=0x00000000
SIGUSR2: [libjvm.so+0x7cae90], sa_mask[0]=0x00000004, sa_flags=0x10000004
SIGHUP: [libjvm.so+0x7cb070], sa_mask[0]=0x7ffbfeff, sa_flags=0x10000004
SIGINT: [libjvm.so+0x7cb070], sa_mask[0]=0x7ffbfeff, sa_flags=0x10000004
SIGTERM: [libjvm.so+0x7cb070], sa_mask[0]=0x7ffbfeff, sa_flags=0x10000004
SIGQUIT: [libjvm.so+0x7cb070], sa_mask[0]=0x7ffbfeff, sa_flags=0x10000004
SIGTRAP: SIG_DFL, sa_mask[0]=0x00000000, sa_flags=0x00000000


---------------  S Y S T E M  ---------------

OS:Ubuntu 14.04 (trusty)
uname:Linux 3.16.0-67-generic #87~14.04.1-Ubuntu SMP Fri Mar 11 00:26:02 UTC 2016 x86_64
libc:glibc 2.19 NPTL 2.19 
rlimit: STACK 8192k, CORE 0k, NPROC 30684, NOFILE 4096, AS infinity
load average:5,84 4,39 3,61

/proc/meminfo:
MemTotal:        8059688 kB
MemFree:          983820 kB
MemAvailable:    3451256 kB
Buffers:          197900 kB
Cached:          2495556 kB
SwapCached:            0 kB
Active:          5237876 kB
Inactive:        1462644 kB
Active(anon):    4008284 kB
Inactive(anon):   114096 kB
Active(file):    1229592 kB
Inactive(file):  1348548 kB
Unevictable:          72 kB
Mlocked:              72 kB
SwapTotal:       4075516 kB
SwapFree:        4075516 kB
Dirty:             11400 kB
Writeback:             0 kB
AnonPages:       4007160 kB
Mapped:           521120 kB
Shmem:            115320 kB
Slab:             159212 kB
SReclaimable:     116460 kB
SUnreclaim:        42752 kB
KernelStack:       11904 kB
PageTables:        57744 kB
NFS_Unstable:          0 kB
Bounce:                0 kB
WritebackTmp:          0 kB
CommitLimit:     8105360 kB
Committed_AS:   10328448 kB
VmallocTotal:   34359738367 kB
VmallocUsed:      392004 kB
VmallocChunk:   34359325180 kB
HardwareCorrupted:     0 kB
AnonHugePages:   1773568 kB
HugePages_Total:       0
HugePages_Free:        0
HugePages_Rsvd:        0
HugePages_Surp:        0
Hugepagesize:       2048 kB
DirectMap4k:      235460 kB
DirectMap2M:     8036352 kB


CPU:total 4 (2 cores per cpu, 2 threads per core) family 6 model 58 stepping 9, cmov, cx8, fxsr, mmx, sse, sse2, sse3, ssse3, sse4.1, sse4.2, popcnt, avx, erms, ht, tsc, tscinvbit, tscinv

/proc/cpuinfo:
processor	: 0
vendor_id	: GenuineIntel
cpu family	: 6
model		: 58
model name	: Intel(R) Core(TM) i3-3217U CPU @ 1.80GHz
stepping	: 9
microcode	: 0x15
cpu MHz		: 1800.000
cache size	: 3072 KB
physical id	: 0
siblings	: 4
core id		: 0
cpu cores	: 2
apicid		: 0
initial apicid	: 0
fpu		: yes
fpu_exception	: yes
cpuid level	: 13
wp		: yes
flags		: fpu vme de pse tsc msr pae mce cx8 apic sep mtrr pge mca cmov pat pse36 clflush dts acpi mmx fxsr sse sse2 ss ht tm pbe syscall nx rdtscp lm constant_tsc arch_perfmon pebs bts rep_good nopl xtopology nonstop_tsc aperfmperf eagerfpu pni pclmulqdq dtes64 monitor ds_cpl vmx est tm2 ssse3 cx16 xtpr pdcm pcid sse4_1 sse4_2 x2apic popcnt tsc_deadline_timer xsave avx f16c lahf_lm ida arat epb xsaveopt pln pts dtherm tpr_shadow vnmi flexpriority ept vpid fsgsbase smep erms
bogomips	: 3591.65
clflush size	: 64
cache_alignment	: 64
address sizes	: 36 bits physical, 48 bits virtual
power management:

processor	: 1
vendor_id	: GenuineIntel
cpu family	: 6
model		: 58
model name	: Intel(R) Core(TM) i3-3217U CPU @ 1.80GHz
stepping	: 9
microcode	: 0x15
cpu MHz		: 1800.000
cache size	: 3072 KB
physical id	: 0
siblings	: 4
core id		: 1
cpu cores	: 2
apicid		: 2
initial apicid	: 2
fpu		: yes
fpu_exception	: yes
cpuid level	: 13
wp		: yes
flags		: fpu vme de pse tsc msr pae mce cx8 apic sep mtrr pge mca cmov pat pse36 clflush dts acpi mmx fxsr sse sse2 ss ht tm pbe syscall nx rdtscp lm constant_tsc arch_perfmon pebs bts rep_good nopl xtopology nonstop_tsc aperfmperf eagerfpu pni pclmulqdq dtes64 monitor ds_cpl vmx est tm2 ssse3 cx16 xtpr pdcm pcid sse4_1 sse4_2 x2apic popcnt tsc_deadline_timer xsave avx f16c lahf_lm ida arat epb xsaveopt pln pts dtherm tpr_shadow vnmi flexpriority ept vpid fsgsbase smep erms
bogomips	: 3591.65
clflush size	: 64
cache_alignment	: 64
address sizes	: 36 bits physical, 48 bits virtual
power management:

processor	: 2
vendor_id	: GenuineIntel
cpu family	: 6
model		: 58
model name	: Intel(R) Core(TM) i3-3217U CPU @ 1.80GHz
stepping	: 9
microcode	: 0x15
cpu MHz		: 1800.000
cache size	: 3072 KB
physical id	: 0
siblings	: 4
core id		: 0
cpu cores	: 2
apicid		: 1
initial apicid	: 1
fpu		: yes
fpu_exception	: yes
cpuid level	: 13
wp		: yes
flags		: fpu vme de pse tsc msr pae mce cx8 apic sep mtrr pge mca cmov pat pse36 clflush dts acpi mmx fxsr sse sse2 ss ht tm pbe syscall nx rdtscp lm constant_tsc arch_perfmon pebs bts rep_good nopl xtopology nonstop_tsc aperfmperf eagerfpu pni pclmulqdq dtes64 monitor ds_cpl vmx est tm2 ssse3 cx16 xtpr pdcm pcid sse4_1 sse4_2 x2apic popcnt tsc_deadline_timer xsave avx f16c lahf_lm ida arat epb xsaveopt pln pts dtherm tpr_shadow vnmi flexpriority ept vpid fsgsbase smep erms
bogomips	: 3591.65
clflush size	: 64
cache_alignment	: 64
address sizes	: 36 bits physical, 48 bits virtual
power management:

processor	: 3
vendor_id	: GenuineIntel
cpu family	: 6
model		: 58
model name	: Intel(R) Core(TM) i3-3217U CPU @ 1.80GHz
stepping	: 9
microcode	: 0x15
cpu MHz		: 1800.000
cache size	: 3072 KB
physical id	: 0
siblings	: 4
core id		: 1
cpu cores	: 2
apicid		: 3
initial apicid	: 3
fpu		: yes
fpu_exception	: yes
cpuid level	: 13
wp		: yes
flags		: fpu vme de pse tsc msr pae mce cx8 apic sep mtrr pge mca cmov pat pse36 clflush dts acpi mmx fxsr sse sse2 ss ht tm pbe syscall nx rdtscp lm constant_tsc arch_perfmon pebs bts rep_good nopl xtopology nonstop_tsc aperfmperf eagerfpu pni pclmulqdq dtes64 monitor ds_cpl vmx est tm2 ssse3 cx16 xtpr pdcm pcid sse4_1 sse4_2 x2apic popcnt tsc_deadline_timer xsave avx f16c lahf_lm ida arat epb xsaveopt pln pts dtherm tpr_shadow vnmi flexpriority ept vpid fsgsbase smep erms
bogomips	: 3591.65
clflush size	: 64
cache_alignment	: 64
address sizes	: 36 bits physical, 48 bits virtual
power management:



Memory: 4k page, physical 8059688k(983820k free), swap 4075516k(4075516k free)

vm_info: OpenJDK 64-Bit Server VM (24.95-b01) for linux-amd64 JRE (1.7.0_95-b00), built on Jan 21 2016 03:31:40 by "buildd" with gcc 4.8.4

time: Wed Mar 23 17:40:18 2016
elapsed time: 33 seconds

