#
# A fatal error has been detected by the Java Runtime Environment:
#
#  SIGSEGV (0xb) at pc=0x00007fca24c08b62, pid=12759, tid=140505929537280
#
# JRE version: OpenJDK Runtime Environment (7.0_95) (build 1.7.0_95-b00)
# Java VM: OpenJDK 64-Bit Server VM (24.95-b01 mixed mode linux-amd64 compressed oops)
# Derivative: IcedTea 2.6.4
# Distribution: Ubuntu 14.04.3 LTS, package 7u95-2.6.4-0ubuntu0.14.04.1
# Problematic frame:
# j  com.android.dx.cf.code.BytecodeArray.parseInstruction(ILcom/android/dx/cf/code/BytecodeArray$Visitor;)I+1341
#
# Failed to write core dump. Core dumps have been disabled. To enable core dumping, try "ulimit -c unlimited" before starting Java again
#
# If you would like to submit a bug report, please include
# instructions on how to reproduce the bug and visit:
#   http://icedtea.classpath.org/bugzilla
#

---------------  T H R E A D  ---------------

Current thread (0x00007fca281bb000):  JavaThread "pool-2-thread-2" [_thread_in_Java, id=12778, stack(0x00007fca15f4d000,0x00007fca1604e000)]

siginfo:si_signo=SIGSEGV: si_errno=0, si_code=1 (SEGV_MAPERR), si_addr=0x00000008b5fbbca0

Registers:
RAX=0x00000008b5fbbc98, RBX=0x00000000b5dc4c60, RCX=0x00000000c09535f0, RDX=0x0000000030500002
RSP=0x00007fca1604c180, RBP=0x00007fca1604c1d8, RSI=0x0000000000000015, RDI=0x0000000000000000
R8 =0x00000000ece7eef0, R9 =0x0000000000000100, R10=0x00007fca2e3f2f40, R11=0x00007fca24d1b780
R12=0x0000000000000000, R13=0x00000000b5df3a0d, R14=0x00007fca1604c230, R15=0x00007fca281bb000
RIP=0x00007fca24c08b62, EFLAGS=0x0000000000010202, CSGSFS=0x0000000000000033, ERR=0x0000000000000006
  TRAPNO=0x000000000000000e

Top of Stack: (sp=0x00007fca1604c180)
0x00007fca1604c180:   00007fca24bf11d4 0000000000000009
0x00007fca1604c190:   00000000c09535f0 00007fca1604c198
0x00007fca1604c1a0:   00000000b5df3a0d 00007fca1604c230
0x00007fca1604c1b0:   00000000b5df6ff8 00000008b5fbbc98
0x00007fca1604c1c0:   00000000b5df4860 0000000000000000
0x00007fca1604c1d0:   00007fca1604c220 00007fca1604c278
0x00007fca1604c1e0:   00007fca24bf11d4 0000000000000000
0x00007fca1604c1f0:   0000000000000000 0000000000000000
0x00007fca1604c200:   0000000000000000 000000000000000a
0x00007fca1604c210:   000000000000000a 0000000000000015
0x00007fca1604c220:   00000000ece7eec8 0000000000000008
0x00007fca1604c230:   00000000c09535d8 00007fca1604c238
0x00007fca1604c240:   00000000b5df3313 00007fca1604c2a0
0x00007fca1604c250:   00000000b5df6ff8 00000000b5fcdf70
0x00007fca1604c260:   00000000b5df3368 00007fca1604c220
0x00007fca1604c270:   00007fca1604c290 00007fca1604c2e8
0x00007fca1604c280:   00007fca24bf1058 0000000000000008
0x00007fca1604c290:   00000000ece7eec8 00000000ece7eef0
0x00007fca1604c2a0:   00000000c09535d8 00007fca1604c2a8
0x00007fca1604c2b0:   00000000b5e6e78d 00007fca1604c330
0x00007fca1604c2c0:   00000000b5e6f178 00000000b5ffc660
0x00007fca1604c2d0:   00000000b5e6e890 00007fca1604c290
0x00007fca1604c2e0:   00007fca1604c330 00007fca1604c378
0x00007fca1604c2f0:   00007fca24bf1058 0000000000000000
0x00007fca1604c300:   0000000000000000 0000000000000000
0x00007fca1604c310:   0000000000000000 0000000000000000
0x00007fca1604c320:   00000000eea56cf8 00000000c09535d8
0x00007fca1604c330:   00000000ece7eec8 00007fca1604c338
0x00007fca1604c340:   00000000b5e6d7b2 00007fca1604c390
0x00007fca1604c350:   00000000b5e6f178 0000000000000000
0x00007fca1604c360:   00000000b5e6d7e0 00007fca1604c330
0x00007fca1604c370:   00007fca1604c390 00007fca1604c3e0 

Instructions: (pc=0x00007fca24c08b62)
0x00007fca24c08b42:   6d c8 8b c2 81 e0 00 00 10 00 0f 84 2e 00 00 00
0x00007fca24c08b52:   48 3b 01 48 8b 45 e0 48 85 c0 0f 84 12 00 00 00
0x00007fca24c08b62:   48 83 40 08 01 48 83 58 08 00 48 83 c0 30 48 89
0x00007fca24c08b72:   45 e0 4c 8d 6c 24 08 4c 89 6d f0 ff 63 78 8b 41 

Register to memory mapping:

RAX=0x00000008b5fbbc98 is an unknown value
RBX=0x00000000b5dc4c60 is an oop
{method} 
 - klass: {other class}
RCX=0x00000000c09535f0 is an oop
com.android.dx.util.ByteArray 
 - klass: 'com/android/dx/util/ByteArray'
RDX=0x0000000030500002 is an unknown value
RSP=0x00007fca1604c180 is pointing into the stack for thread: 0x00007fca281bb000
RBP=0x00007fca1604c1d8 is pointing into the stack for thread: 0x00007fca281bb000
RSI=0x0000000000000015 is an unknown value
RDI=0x0000000000000000 is an unknown value
R8 =0x00000000ece7eef0 is an oop
[I 
 - klass: {type array int}
 - length: 1
R9 =0x0000000000000100 is an unknown value
R10=0x00007fca2e3f2f40: <offset 0xe04f40> in /usr/lib/jvm/java-7-openjdk-amd64/jre/lib/amd64/server/libjvm.so at 0x00007fca2d5ee000
R11=0x00007fca24d1b780 is at entry_point+0 in (nmethod*)0x00007fca24d1b650
R12=0x0000000000000000 is an unknown value
R13=0x00000000b5df3a0d is pointing into object: 0x00000000b5df3490
{constMethod} 
 - klass: {other class}
 - constants:       0x00000000b5df1c78 constant pool [423] for 'com/android/dx/cf/code/BytecodeArray' cache=0x00000000b5df6ff8
 - stackmap data:       [B
bci_from(0xb5df3a0d) = 1341; print_codes():
R14=0x00007fca1604c230 is pointing into the stack for thread: 0x00007fca281bb000
R15=0x00007fca281bb000 is a thread


Stack: [0x00007fca15f4d000,0x00007fca1604e000],  sp=0x00007fca1604c180,  free space=1020k
Native frames: (J=compiled Java code, j=interpreted, Vv=VM code, C=native code)
j  com.android.dx.cf.code.BytecodeArray.parseInstruction(ILcom/android/dx/cf/code/BytecodeArray$Visitor;)I+1341
j  com.android.dx.cf.code.BytecodeArray.processWorkSet([ILcom/android/dx/cf/code/BytecodeArray$Visitor;)V+35
j  com.android.dx.cf.code.BasicBlocker.doit()V+53
j  com.android.dx.cf.code.BasicBlocker.identifyBlocks(Lcom/android/dx/cf/code/ConcreteMethod;)Lcom/android/dx/cf/code/ByteBlockList;+10
j  com.android.dx.cf.code.Ropper.<init>(Lcom/android/dx/cf/code/ConcreteMethod;Lcom/android/dx/rop/code/TranslationAdvice;Lcom/android/dx/cf/iface/MethodList;)V+39
j  com.android.dx.cf.code.Ropper.convert(Lcom/android/dx/cf/code/ConcreteMethod;Lcom/android/dx/rop/code/TranslationAdvice;Lcom/android/dx/cf/iface/MethodList;)Lcom/android/dx/rop/code/RopMethod;+7
j  com.android.dx.dex.cf.CfTranslator.processMethods(Lcom/android/dx/cf/direct/DirectClassFile;Lcom/android/dx/dex/cf/CfOptions;Lcom/android/dx/dex/DexOptions;Lcom/android/dx/dex/file/ClassDefItem;Lcom/android/dx/dex/file/DexFile;)V+176
j  com.android.dx.dex.cf.CfTranslator.translate0(Lcom/android/dx/cf/direct/DirectClassFile;[BLcom/android/dx/dex/cf/CfOptions;Lcom/android/dx/dex/DexOptions;Lcom/android/dx/dex/file/DexFile;)Lcom/android/dx/dex/file/ClassDefItem;+120
j  com.android.dx.dex.cf.CfTranslator.translate(Lcom/android/dx/cf/direct/DirectClassFile;[BLcom/android/dx/dex/cf/CfOptions;Lcom/android/dx/dex/DexOptions;Lcom/android/dx/dex/file/DexFile;)Lcom/android/dx/dex/file/ClassDefItem;+6
j  com.android.dx.command.dexer.Main.translateClass([BLcom/android/dx/cf/direct/DirectClassFile;)Lcom/android/dx/dex/file/ClassDefItem;+17
j  com.android.dx.command.dexer.Main.access$2700([BLcom/android/dx/cf/direct/DirectClassFile;)Lcom/android/dx/dex/file/ClassDefItem;+2
j  com.android.dx.command.dexer.Main$ClassTranslatorTask.call()Lcom/android/dx/dex/file/ClassDefItem;+8
j  com.android.dx.command.dexer.Main$ClassTranslatorTask.call()Ljava/lang/Object;+1
j  java.util.concurrent.FutureTask.run()V+42
j  java.util.concurrent.ThreadPoolExecutor.runWorker(Ljava/util/concurrent/ThreadPoolExecutor$Worker;)V+95
j  java.util.concurrent.ThreadPoolExecutor$Worker.run()V+5
j  java.lang.Thread.run()V+11
v  ~StubRoutines::call_stub
V  [libjvm.so+0x5ee2a9]
V  [libjvm.so+0x5ed0fe]
V  [libjvm.so+0x629cf1]
V  [libjvm.so+0x907e50]
V  [libjvm.so+0x9080c1]
V  [libjvm.so+0x7cc682]


---------------  P R O C E S S  ---------------

Java Threads: ( => current thread )
  0x00007fca281c0800 JavaThread "pool-2-thread-4" [_thread_in_Java, id=12780, stack(0x00007fca15d4b000,0x00007fca15e4c000)]
  0x00007fca281bc800 JavaThread "pool-2-thread-3" [_thread_in_Java, id=12779, stack(0x00007fca15e4c000,0x00007fca15f4d000)]
=>0x00007fca281bb000 JavaThread "pool-2-thread-2" [_thread_in_Java, id=12778, stack(0x00007fca15f4d000,0x00007fca1604e000)]
  0x00007fca281ba000 JavaThread "pool-3-thread-1" [_thread_blocked, id=12777, stack(0x00007fca1604e000,0x00007fca1614f000)]
  0x00007fca281b4800 JavaThread "pool-2-thread-1" [_thread_in_vm, id=12776, stack(0x00007fca1614f000,0x00007fca16250000)]
  0x00007fca280ae800 JavaThread "Service Thread" daemon [_thread_blocked, id=12774, stack(0x00007fca1c3ed000,0x00007fca1c4ee000)]
  0x00007fca280ac800 JavaThread "C2 CompilerThread1" daemon [_thread_in_native, id=12773, stack(0x00007fca1c4ee000,0x00007fca1c5ef000)]
  0x00007fca280a9800 JavaThread "C2 CompilerThread0" daemon [_thread_in_native, id=12772, stack(0x00007fca1c5ef000,0x00007fca1c6f0000)]
  0x00007fca280a7000 JavaThread "Signal Dispatcher" daemon [_thread_blocked, id=12771, stack(0x00007fca1c6f0000,0x00007fca1c7f1000)]
  0x00007fca2807c000 JavaThread "Finalizer" daemon [_thread_blocked, id=12770, stack(0x00007fca1c7f1000,0x00007fca1c8f2000)]
  0x00007fca2807a000 JavaThread "Reference Handler" daemon [_thread_blocked, id=12769, stack(0x00007fca1c8f2000,0x00007fca1c9f3000)]
  0x00007fca2800a800 JavaThread "main" [_thread_in_vm, id=12763, stack(0x00007fca2f102000,0x00007fca2f203000)]

Other Threads:
  0x00007fca28075800 VMThread [stack: 0x00007fca1c9f3000,0x00007fca1caf4000] [id=12768]
  0x00007fca280b9000 WatcherThread [stack: 0x00007fca1c2ec000,0x00007fca1c3ed000] [id=12775]

VM state:not at safepoint (normal execution)

VM Mutex/Monitor currently owned by a thread: None

Heap
 PSYoungGen      total 68608K, used 44147K [0x00000000eaa80000, 0x00000000f3080000, 0x0000000100000000)
  eden space 63488K, 61% used [0x00000000eaa80000,0x00000000ed09d2a0,0x00000000ee880000)
  from space 5120K, 99% used [0x00000000ee880000,0x00000000eed7fca0,0x00000000eed80000)
  to   space 5120K, 0% used [0x00000000f2b80000,0x00000000f2b80000,0x00000000f3080000)
 ParOldGen       total 83968K, used 18360K [0x00000000c0000000, 0x00000000c5200000, 0x00000000eaa80000)
  object space 83968K, 21% used [0x00000000c0000000,0x00000000c11ee088,0x00000000c5200000)
 PSPermGen       total 21504K, used 6146K [0x00000000b5a00000, 0x00000000b6f00000, 0x00000000c0000000)
  object space 21504K, 28% used [0x00000000b5a00000,0x00000000b6000a28,0x00000000b6f00000)

Card table byte_map: [0x00007fca24997000,0x00007fca24beb000] byte_map_base: 0x00007fca243ea000

Polling page: 0x00007fca2f22b000

Code Cache  [0x00007fca24beb000, 0x00007fca24e5b000, 0x00007fca27beb000)
 total_blobs=621 nmethods=390 adapters=184 free_code_cache=47687Kb largest_free_block=48772992

Compilation events (10 events):
Event: 4,633 Thread 0x00007fca280ac800 nmethod 395 0x00007fca24d5cf90 code [0x00007fca24d5d120, 0x00007fca24d5d638]
Event: 4,633 Thread 0x00007fca280ac800  398             com.android.dx.ssa.SsaMethod::getCountReachableBlocks (44 bytes)
Event: 4,683 Thread 0x00007fca280ac800 nmethod 398 0x00007fca24d5c790 code [0x00007fca24d5c900, 0x00007fca24d5ccb8]
Event: 4,683 Thread 0x00007fca280ac800  399             com.android.dx.ssa.LocalVariableExtractor::doit (59 bytes)
Event: 4,729 Thread 0x00007fca280ac800 nmethod 399 0x00007fca24d62550 code [0x00007fca24d626c0, 0x00007fca24d62a08]
Event: 4,729 Thread 0x00007fca280ac800  400             com.android.dx.dex.code.RopTranslator$TranslationVisitor::addOutput (9 bytes)
Event: 4,730 Thread 0x00007fca280ac800 nmethod 400 0x00007fca24c97d50 code [0x00007fca24c97ea0, 0x00007fca24c97f28]
Event: 4,730 Thread 0x00007fca280ac800  401             com.android.dx.ssa.back.FirstFitLocalCombiningAllocator::handleNormalUnassociated (99 bytes)
Event: 4,771 Thread 0x00007fca280a9800 nmethod 397 0x00007fca24c907d0 code [0x00007fca24c90a40, 0x00007fca24c91bf8]
Event: 4,771 Thread 0x00007fca280a9800  402             com.android.dx.ssa.DeadCodeRemover::run (194 bytes)

GC Heap History (6 events):
Event: 1,513 GC heap before
{Heap before GC invocations=1 (full 0):
 PSYoungGen      total 36864K, used 31744K [0x00000000eaa80000, 0x00000000ed380000, 0x0000000100000000)
  eden space 31744K, 100% used [0x00000000eaa80000,0x00000000ec980000,0x00000000ec980000)
  from space 5120K, 0% used [0x00000000ece80000,0x00000000ece80000,0x00000000ed380000)
  to   space 5120K, 0% used [0x00000000ec980000,0x00000000ec980000,0x00000000ece80000)
 ParOldGen       total 83968K, used 0K [0x00000000c0000000, 0x00000000c5200000, 0x00000000eaa80000)
  object space 83968K, 0% used [0x00000000c0000000,0x00000000c0000000,0x00000000c5200000)
 PSPermGen       total 21504K, used 5932K [0x00000000b5a00000, 0x00000000b6f00000, 0x00000000c0000000)
  object space 21504K, 27% used [0x00000000b5a00000,0x00000000b5fcb3a8,0x00000000b6f00000)
Event: 1,533 GC heap after
Heap after GC invocations=1 (full 0):
 PSYoungGen      total 36864K, used 5108K [0x00000000eaa80000, 0x00000000ef280000, 0x0000000100000000)
  eden space 31744K, 0% used [0x00000000eaa80000,0x00000000eaa80000,0x00000000ec980000)
  from space 5120K, 99% used [0x00000000ec980000,0x00000000ece7d2c0,0x00000000ece80000)
  to   space 5120K, 0% used [0x00000000eed80000,0x00000000eed80000,0x00000000ef280000)
 ParOldGen       total 83968K, used 2217K [0x00000000c0000000, 0x00000000c5200000, 0x00000000eaa80000)
  object space 83968K, 2% used [0x00000000c0000000,0x00000000c022a488,0x00000000c5200000)
 PSPermGen       total 21504K, used 5932K [0x00000000b5a00000, 0x00000000b6f00000, 0x00000000c0000000)
  object space 21504K, 27% used [0x00000000b5a00000,0x00000000b5fcb3a8,0x00000000b6f00000)
}
Event: 2,813 GC heap before
{Heap before GC invocations=2 (full 0):
 PSYoungGen      total 36864K, used 36852K [0x00000000eaa80000, 0x00000000ef280000, 0x0000000100000000)
  eden space 31744K, 100% used [0x00000000eaa80000,0x00000000ec980000,0x00000000ec980000)
  from space 5120K, 99% used [0x00000000ec980000,0x00000000ece7d2c0,0x00000000ece80000)
  to   space 5120K, 0% used [0x00000000eed80000,0x00000000eed80000,0x00000000ef280000)
 ParOldGen       total 83968K, used 2217K [0x00000000c0000000, 0x00000000c5200000, 0x00000000eaa80000)
  object space 83968K, 2% used [0x00000000c0000000,0x00000000c022a488,0x00000000c5200000)
 PSPermGen       total 21504K, used 6050K [0x00000000b5a00000, 0x00000000b6f00000, 0x00000000c0000000)
  object space 21504K, 28% used [0x00000000b5a00000,0x00000000b5fe8bd0,0x00000000b6f00000)
Event: 2,850 GC heap after
Heap after GC invocations=2 (full 0):
 PSYoungGen      total 68608K, used 5108K [0x00000000eaa80000, 0x00000000ef280000, 0x0000000100000000)
  eden space 63488K, 0% used [0x00000000eaa80000,0x00000000eaa80000,0x00000000ee880000)
  from space 5120K, 99% used [0x00000000eed80000,0x00000000ef27d060,0x00000000ef280000)
  to   space 5120K, 0% used [0x00000000ee880000,0x00000000ee880000,0x00000000eed80000)
 ParOldGen       total 83968K, used 7253K [0x00000000c0000000, 0x00000000c5200000, 0x00000000eaa80000)
  object space 83968K, 8% used [0x00000000c0000000,0x00000000c0715568,0x00000000c5200000)
 PSPermGen       total 21504K, used 6050K [0x00000000b5a00000, 0x00000000b6f00000, 0x00000000c0000000)
  object space 21504K, 28% used [0x00000000b5a00000,0x00000000b5fe8bd0,0x00000000b6f00000)
}
Event: 4,204 GC heap before
{Heap before GC invocations=3 (full 0):
 PSYoungGen      total 68608K, used 68596K [0x00000000eaa80000, 0x00000000ef280000, 0x0000000100000000)
  eden space 63488K, 100% used [0x00000000eaa80000,0x00000000ee880000,0x00000000ee880000)
  from space 5120K, 99% used [0x00000000eed80000,0x00000000ef27d060,0x00000000ef280000)
  to   space 5120K, 0% used [0x00000000ee880000,0x00000000ee880000,0x00000000eed80000)
 ParOldGen       total 83968K, used 7253K [0x00000000c0000000, 0x00000000c5200000, 0x00000000eaa80000)
  object space 83968K, 8% used [0x00000000c0000000,0x00000000c0715568,0x00000000c5200000)
 PSPermGen       total 21504K, used 6116K [0x00000000b5a00000, 0x00000000b6f00000, 0x00000000c0000000)
  object space 21504K, 28% used [0x00000000b5a00000,0x00000000b5ff93d0,0x00000000b6f00000)
Event: 4,251 GC heap after
Heap after GC invocations=3 (full 0):
 PSYoungGen      total 68608K, used 5119K [0x00000000eaa80000, 0x00000000f3080000, 0x0000000100000000)
  eden space 63488K, 0% used [0x00000000eaa80000,0x00000000eaa80000,0x00000000ee880000)
  from space 5120K, 99% used [0x00000000ee880000,0x00000000eed7fca0,0x00000000eed80000)
  to   space 5120K, 0% used [0x00000000f2b80000,0x00000000f2b80000,0x00000000f3080000)
 ParOldGen       total 83968K, used 18360K [0x00000000c0000000, 0x00000000c5200000, 0x00000000eaa80000)
  object space 83968K, 21% used [0x00000000c0000000,0x00000000c11ee088,0x00000000c5200000)
 PSPermGen       total 21504K, used 6116K [0x00000000b5a00000, 0x00000000b6f00000, 0x00000000c0000000)
  object space 21504K, 28% used [0x00000000b5a00000,0x00000000b5ff93d0,0x00000000b6f00000)
}

Deoptimization events (10 events):
Event: 3,862 Thread 0x00007fca281c0800 Uncommon trap: reason=unstable_if action=reinterpret pc=0x00007fca24cd4e90 method=com.android.dx.rop.code.LocalItem.compareHandlesNulls(Lcom/android/dx/rop/cst/CstString;Lcom/android/dx/rop/cst/CstString;)I @ 14
Event: 3,864 Thread 0x00007fca281c0800 Uncommon trap: reason=unstable_if action=reinterpret pc=0x00007fca24d1ade4 method=com.android.dx.rop.code.LocalItem.compareHandlesNulls(Lcom/android/dx/rop/cst/CstString;Lcom/android/dx/rop/cst/CstString;)I @ 14
Event: 4,113 Thread 0x00007fca281bb000 Uncommon trap: reason=unstable_if action=reinterpret pc=0x00007fca24c8ddb4 method=com.android.dx.util.IntList.binarysearch(I)I @ 105
Event: 4,136 Thread 0x00007fca281bb000 Uncommon trap: reason=class_check action=maybe_recompile pc=0x00007fca24caab38 method=java.util.HashMap.put(Ljava/lang/Object;Ljava/lang/Object;)Ljava/lang/Object; @ 83
Event: 4,136 Thread 0x00007fca281bb000 Uncommon trap: reason=class_check action=maybe_recompile pc=0x00007fca24caab38 method=java.util.HashMap.put(Ljava/lang/Object;Ljava/lang/Object;)Ljava/lang/Object; @ 83
Event: 4,189 Thread 0x00007fca281bb000 Uncommon trap: reason=class_check action=maybe_recompile pc=0x00007fca24caab38 method=java.util.HashMap.put(Ljava/lang/Object;Ljava/lang/Object;)Ljava/lang/Object; @ 83
Event: 4,383 Thread 0x00007fca281c0800 Uncommon trap: reason=unstable_if action=reinterpret pc=0x00007fca24d3f378 method=com.android.dx.ssa.LiteralOpUpgrader$1.visitNonMoveInsn(Lcom/android/dx/ssa/NormalSsaInsn;)V @ 151
Event: 4,467 Thread 0x00007fca281bb000 Uncommon trap: reason=uninitialized action=reinterpret pc=0x00007fca24d4d740 method=com.android.dx.cf.code.BytecodeArray.parseInstruction(ILcom/android/dx/cf/code/BytecodeArray$Visitor;)I @ 1079
Event: 4,524 Thread 0x00007fca281b4800 Uncommon trap: reason=unstable_if action=reinterpret pc=0x00007fca24cd86c0 method=com.android.dx.ssa.SCCP.simulateBranch(Lcom/android/dx/ssa/SsaInsn;)V @ 64
Event: 4,818 Thread 0x00007fca281c0800 Uncommon trap: reason=unstable_if action=reinterpret pc=0x00007fca24c919a0 method=java.util.BitSet.ensureCapacity(I)V @ 6

Internal exceptions (10 events):
Event: 2,008 Thread 0x00007fca2800a800 Implicit null exception at 0x00007fca24c95612 to 0x00007fca24c95703
Event: 2,056 Thread 0x00007fca2800a800 Implicit null exception at 0x00007fca24c8e6ac to 0x00007fca24c90185
Event: 2,057 Thread 0x00007fca2800a800 Implicit null exception at 0x00007fca24c98200 to 0x00007fca24c99afd
Event: 2,232 Thread 0x00007fca2800a800 Implicit null exception at 0x00007fca24c5d2bc to 0x00007fca24c5d8c9
Event: 2,277 Thread 0x00007fca2800a800 Threw 0x00000000eb5c79a8 at /build/openjdk-7-2FOwCu/openjdk-7-7u95-2.6.4/build/openjdk/hotspot/src/share/vm/prims/jvm.cpp:1322
Event: 2,954 Thread 0x00007fca2800a800 Threw 0x00000000eaef4968 at /build/openjdk-7-2FOwCu/openjdk-7-7u95-2.6.4/build/openjdk/hotspot/src/share/vm/prims/jvm.cpp:1322
Event: 3,517 Thread 0x00007fca281c0800 Threw 0x00000000ec8be620 at /build/openjdk-7-2FOwCu/openjdk-7-7u95-2.6.4/build/openjdk/hotspot/src/share/vm/prims/jvm.cpp:1322
Event: 3,552 Thread 0x00007fca2800a800 Threw 0x00000000ec96ba48 at /build/openjdk-7-2FOwCu/openjdk-7-7u95-2.6.4/build/openjdk/hotspot/src/share/vm/prims/jvm.cpp:1322
Event: 3,862 Thread 0x00007fca281c0800 Implicit null exception at 0x00007fca24cd4c7b to 0x00007fca24cd4e6d
Event: 3,864 Thread 0x00007fca281c0800 Implicit null exception at 0x00007fca24d1acbc to 0x00007fca24d1add1

Events (10 events):
Event: 4,383 Thread 0x00007fca281c0800 DEOPT UNPACKING pc=0x00007fca24c24445 sp=0x00007fca15e4a100 mode 2
Event: 4,467 Thread 0x00007fca281bb000 Uncommon trap: trap_request=0xffffffb5 fr.pc=0x00007fca24d4d740
Event: 4,467 Thread 0x00007fca281bb000 DEOPT PACKING pc=0x00007fca24d4d740 sp=0x00007fca1604c180
Event: 4,467 Thread 0x00007fca281bb000 DEOPT UNPACKING pc=0x00007fca24c24445 sp=0x00007fca1604c158 mode 2
Event: 4,524 Thread 0x00007fca281b4800 Uncommon trap: trap_request=0xffffff75 fr.pc=0x00007fca24cd86c0
Event: 4,524 Thread 0x00007fca281b4800 DEOPT PACKING pc=0x00007fca24cd86c0 sp=0x00007fca1624e170
Event: 4,524 Thread 0x00007fca281b4800 DEOPT UNPACKING pc=0x00007fca24c24445 sp=0x00007fca1624e110 mode 2
Event: 4,818 Thread 0x00007fca281c0800 Uncommon trap: trap_request=0xffffff75 fr.pc=0x00007fca24c919a0
Event: 4,818 Thread 0x00007fca281c0800 DEOPT PACKING pc=0x00007fca24c919a0 sp=0x00007fca15e4a260
Event: 4,818 Thread 0x00007fca281c0800 DEOPT UNPACKING pc=0x00007fca24c24445 sp=0x00007fca15e4a0d0 mode 2


Dynamic libraries:
00400000-00401000 r-xp 00000000 08:02 2761158                            /usr/lib/jvm/java-7-openjdk-amd64/jre/bin/java
00600000-00601000 r--p 00000000 08:02 2761158                            /usr/lib/jvm/java-7-openjdk-amd64/jre/bin/java
00601000-00602000 rw-p 00001000 08:02 2761158                            /usr/lib/jvm/java-7-openjdk-amd64/jre/bin/java
01fa4000-01fc5000 rw-p 00000000 00:00 0                                  [heap]
b5a00000-b6f00000 rw-p 00000000 00:00 0 
b6f00000-c0000000 rw-p 00000000 00:00 0 
c0000000-c5200000 rw-p 00000000 00:00 0 
c5200000-eaa80000 rw-p 00000000 00:00 0 
eaa80000-f3080000 rw-p 00000000 00:00 0 
f3080000-100000000 rw-p 00000000 00:00 0 
7fc9d8000000-7fc9d802e000 rw-p 00000000 00:00 0 
7fc9d802e000-7fc9dc000000 ---p 00000000 00:00 0 
7fc9dc000000-7fc9dc021000 rw-p 00000000 00:00 0 
7fc9dc021000-7fc9e0000000 ---p 00000000 00:00 0 
7fc9e0000000-7fc9e0021000 rw-p 00000000 00:00 0 
7fc9e0021000-7fc9e4000000 ---p 00000000 00:00 0 
7fc9e4000000-7fc9e4021000 rw-p 00000000 00:00 0 
7fc9e4021000-7fc9e8000000 ---p 00000000 00:00 0 
7fc9e8000000-7fc9e8021000 rw-p 00000000 00:00 0 
7fc9e8021000-7fc9ec000000 ---p 00000000 00:00 0 
7fc9ec000000-7fc9ec032000 rw-p 00000000 00:00 0 
7fc9ec032000-7fc9f0000000 ---p 00000000 00:00 0 
7fc9f0000000-7fc9f0c51000 rw-p 00000000 00:00 0 
7fc9f0c51000-7fc9f4000000 ---p 00000000 00:00 0 
7fc9f4000000-7fc9f4021000 rw-p 00000000 00:00 0 
7fc9f4021000-7fc9f8000000 ---p 00000000 00:00 0 
7fc9f8000000-7fc9f8021000 rw-p 00000000 00:00 0 
7fc9f8021000-7fc9fc000000 ---p 00000000 00:00 0 
7fc9fc000000-7fc9fc867000 rw-p 00000000 00:00 0 
7fc9fc867000-7fca00000000 ---p 00000000 00:00 0 
7fca00000000-7fca00021000 rw-p 00000000 00:00 0 
7fca00021000-7fca04000000 ---p 00000000 00:00 0 
7fca04000000-7fca04021000 rw-p 00000000 00:00 0 
7fca04021000-7fca08000000 ---p 00000000 00:00 0 
7fca08000000-7fca08021000 rw-p 00000000 00:00 0 
7fca08021000-7fca0c000000 ---p 00000000 00:00 0 
7fca0c000000-7fca0c021000 rw-p 00000000 00:00 0 
7fca0c021000-7fca10000000 ---p 00000000 00:00 0 
7fca10000000-7fca10021000 rw-p 00000000 00:00 0 
7fca10021000-7fca14000000 ---p 00000000 00:00 0 
7fca15d4b000-7fca15d4e000 ---p 00000000 00:00 0 
7fca15d4e000-7fca15e4c000 rw-p 00000000 00:00 0                          [stack:12780]
7fca15e4c000-7fca15e4f000 ---p 00000000 00:00 0 
7fca15e4f000-7fca15f4d000 rw-p 00000000 00:00 0                          [stack:12779]
7fca15f4d000-7fca15f50000 ---p 00000000 00:00 0 
7fca15f50000-7fca1604e000 rw-p 00000000 00:00 0                          [stack:12778]
7fca1604e000-7fca16051000 ---p 00000000 00:00 0 
7fca16051000-7fca1614f000 rw-p 00000000 00:00 0                          [stack:12777]
7fca1614f000-7fca16152000 ---p 00000000 00:00 0 
7fca16152000-7fca16281000 rw-p 00000000 00:00 0                          [stack:12776]
7fca16281000-7fca162be000 r-xp 00000000 08:02 13447                      /lib/x86_64-linux-gnu/libpcre.so.3.13.1
7fca162be000-7fca164bd000 ---p 0003d000 08:02 13447                      /lib/x86_64-linux-gnu/libpcre.so.3.13.1
7fca164bd000-7fca164be000 r--p 0003c000 08:02 13447                      /lib/x86_64-linux-gnu/libpcre.so.3.13.1
7fca164be000-7fca164bf000 rw-p 0003d000 08:02 13447                      /lib/x86_64-linux-gnu/libpcre.so.3.13.1
7fca164bf000-7fca164c6000 r-xp 00000000 08:02 21389                      /usr/lib/x86_64-linux-gnu/libffi.so.6.0.1
7fca164c6000-7fca166c5000 ---p 00007000 08:02 21389                      /usr/lib/x86_64-linux-gnu/libffi.so.6.0.1
7fca166c5000-7fca166c6000 r--p 00006000 08:02 21389                      /usr/lib/x86_64-linux-gnu/libffi.so.6.0.1
7fca166c6000-7fca166c7000 rw-p 00007000 08:02 21389                      /usr/lib/x86_64-linux-gnu/libffi.so.6.0.1
7fca166c7000-7fca166de000 r-xp 00000000 08:02 3147                       /lib/x86_64-linux-gnu/libresolv-2.19.so
7fca166de000-7fca168de000 ---p 00017000 08:02 3147                       /lib/x86_64-linux-gnu/libresolv-2.19.so
7fca168de000-7fca168df000 r--p 00017000 08:02 3147                       /lib/x86_64-linux-gnu/libresolv-2.19.so
7fca168df000-7fca168e0000 rw-p 00018000 08:02 3147                       /lib/x86_64-linux-gnu/libresolv-2.19.so
7fca168e0000-7fca168e2000 rw-p 00000000 00:00 0 
7fca168e2000-7fca16902000 r-xp 00000000 08:02 13524                      /lib/x86_64-linux-gnu/libselinux.so.1
7fca16902000-7fca16b01000 ---p 00020000 08:02 13524                      /lib/x86_64-linux-gnu/libselinux.so.1
7fca16b01000-7fca16b02000 r--p 0001f000 08:02 13524                      /lib/x86_64-linux-gnu/libselinux.so.1
7fca16b02000-7fca16b03000 rw-p 00020000 08:02 13524                      /lib/x86_64-linux-gnu/libselinux.so.1
7fca16b03000-7fca16b05000 rw-p 00000000 00:00 0 
7fca16b05000-7fca16b08000 r-xp 00000000 08:02 28550                      /usr/lib/x86_64-linux-gnu/libgmodule-2.0.so.0.4002.0
7fca16b08000-7fca16d07000 ---p 00003000 08:02 28550                      /usr/lib/x86_64-linux-gnu/libgmodule-2.0.so.0.4002.0
7fca16d07000-7fca16d08000 r--p 00002000 08:02 28550                      /usr/lib/x86_64-linux-gnu/libgmodule-2.0.so.0.4002.0
7fca16d08000-7fca16d09000 rw-p 00003000 08:02 28550                      /usr/lib/x86_64-linux-gnu/libgmodule-2.0.so.0.4002.0
7fca16d09000-7fca16e0f000 r-xp 00000000 08:02 13425                      /lib/x86_64-linux-gnu/libglib-2.0.so.0.4002.0
7fca16e0f000-7fca1700e000 ---p 00106000 08:02 13425                      /lib/x86_64-linux-gnu/libglib-2.0.so.0.4002.0
7fca1700e000-7fca1700f000 r--p 00105000 08:02 13425                      /lib/x86_64-linux-gnu/libglib-2.0.so.0.4002.0
7fca1700f000-7fca17010000 rw-p 00106000 08:02 13425                      /lib/x86_64-linux-gnu/libglib-2.0.so.0.4002.0
7fca17010000-7fca17011000 rw-p 00000000 00:00 0 
7fca17011000-7fca17060000 r-xp 00000000 08:02 28566                      /usr/lib/x86_64-linux-gnu/libgobject-2.0.so.0.4002.0
7fca17060000-7fca17260000 ---p 0004f000 08:02 28566                      /usr/lib/x86_64-linux-gnu/libgobject-2.0.so.0.4002.0
7fca17260000-7fca17261000 r--p 0004f000 08:02 28566                      /usr/lib/x86_64-linux-gnu/libgobject-2.0.so.0.4002.0
7fca17261000-7fca17262000 rw-p 00050000 08:02 28566                      /usr/lib/x86_64-linux-gnu/libgobject-2.0.so.0.4002.0
7fca17262000-7fca173ce000 r-xp 00000000 08:02 28538                      /usr/lib/x86_64-linux-gnu/libgio-2.0.so.0.4002.0
7fca173ce000-7fca175cd000 ---p 0016c000 08:02 28538                      /usr/lib/x86_64-linux-gnu/libgio-2.0.so.0.4002.0
7fca175cd000-7fca175d1000 r--p 0016b000 08:02 28538                      /usr/lib/x86_64-linux-gnu/libgio-2.0.so.0.4002.0
7fca175d1000-7fca175d3000 rw-p 0016f000 08:02 28538                      /usr/lib/x86_64-linux-gnu/libgio-2.0.so.0.4002.0
7fca175d3000-7fca175d5000 rw-p 00000000 00:00 0 
7fca175d5000-7fca175ec000 r-xp 00000000 08:02 2625929                    /usr/lib/jvm/java-7-openjdk-amd64/jre/lib/amd64/libnet.so
7fca175ec000-7fca177eb000 ---p 00017000 08:02 2625929                    /usr/lib/jvm/java-7-openjdk-amd64/jre/lib/amd64/libnet.so
7fca177eb000-7fca177ec000 r--p 00016000 08:02 2625929                    /usr/lib/jvm/java-7-openjdk-amd64/jre/lib/amd64/libnet.so
7fca177ec000-7fca177ed000 rw-p 00017000 08:02 2625929                    /usr/lib/jvm/java-7-openjdk-amd64/jre/lib/amd64/libnet.so
7fca177ed000-7fca18000000 r--p 00000000 08:02 27195                      /usr/lib/locale/locale-archive
7fca18000000-7fca18021000 rw-p 00000000 00:00 0 
7fca18021000-7fca1c000000 ---p 00000000 00:00 0 
7fca1c051000-7fca1c061000 r-xp 00000000 08:02 2625910                    /usr/lib/jvm/java-7-openjdk-amd64/jre/lib/amd64/libnio.so
7fca1c061000-7fca1c261000 ---p 00010000 08:02 2625910                    /usr/lib/jvm/java-7-openjdk-amd64/jre/lib/amd64/libnio.so
7fca1c261000-7fca1c262000 r--p 00010000 08:02 2625910                    /usr/lib/jvm/java-7-openjdk-amd64/jre/lib/amd64/libnio.so
7fca1c262000-7fca1c263000 rw-p 00011000 08:02 2625910                    /usr/lib/jvm/java-7-openjdk-amd64/jre/lib/amd64/libnio.so
7fca1c263000-7fca1c2ec000 r--s 00727000 08:02 30808951                   /home/ivan/workspace/Champy_v2/app/build/intermediates/transforms/jarMerging/debug/jars/1/1f/combined.jar
7fca1c2ec000-7fca1c2ed000 ---p 00000000 00:00 0 
7fca1c2ed000-7fca1c3ed000 rw-p 00000000 00:00 0                          [stack:12775]
7fca1c3ed000-7fca1c3f0000 ---p 00000000 00:00 0 
7fca1c3f0000-7fca1c4ee000 rw-p 00000000 00:00 0                          [stack:12774]
7fca1c4ee000-7fca1c4f1000 ---p 00000000 00:00 0 
7fca1c4f1000-7fca1c5ef000 rw-p 00000000 00:00 0                          [stack:12773]
7fca1c5ef000-7fca1c5f2000 ---p 00000000 00:00 0 
7fca1c5f2000-7fca1c6f0000 rw-p 00000000 00:00 0                          [stack:12772]
7fca1c6f0000-7fca1c6f3000 ---p 00000000 00:00 0 
7fca1c6f3000-7fca1c7f1000 rw-p 00000000 00:00 0                          [stack:12771]
7fca1c7f1000-7fca1c7f4000 ---p 00000000 00:00 0 
7fca1c7f4000-7fca1c8f2000 rw-p 00000000 00:00 0                          [stack:12770]
7fca1c8f2000-7fca1c8f5000 ---p 00000000 00:00 0 
7fca1c8f5000-7fca1c9f3000 rw-p 00000000 00:00 0                          [stack:12769]
7fca1c9f3000-7fca1c9f4000 ---p 00000000 00:00 0 
7fca1c9f4000-7fca20000000 rw-p 00000000 00:00 0                          [stack:12768]
7fca20000000-7fca20021000 rw-p 00000000 00:00 0 
7fca20021000-7fca24000000 ---p 00000000 00:00 0 
7fca24008000-7fca24017000 r--s 000df000 08:02 1575371                    /home/ivan/Android/Sdk/build-tools/23.0.1/lib/dx.jar
7fca24017000-7fca24038000 rw-p 00000000 00:00 0 
7fca24038000-7fca241ea000 r--s 01d2f000 08:02 2625893                    /usr/lib/jvm/java-7-openjdk-amd64/jre/lib/rt.jar
7fca241ea000-7fca2443d000 rw-p 00000000 00:00 0 
7fca2443d000-7fca2443e000 ---p 00000000 00:00 0 
7fca2443e000-7fca2453e000 rw-p 00000000 00:00 0                          [stack:12767]
7fca2453e000-7fca2453f000 ---p 00000000 00:00 0 
7fca2453f000-7fca2463f000 rw-p 00000000 00:00 0                          [stack:12766]
7fca2463f000-7fca24640000 ---p 00000000 00:00 0 
7fca24640000-7fca24740000 rw-p 00000000 00:00 0                          [stack:12765]
7fca24740000-7fca24741000 ---p 00000000 00:00 0 
7fca24741000-7fca2486a000 rw-p 00000000 00:00 0                          [stack:12764]
7fca2486a000-7fca24997000 rw-p 00000000 00:00 0 
7fca24997000-7fca249a2000 rw-p 00000000 00:00 0 
7fca249a2000-7fca249ea000 rw-p 00000000 00:00 0 
7fca249ea000-7fca24a13000 rw-p 00000000 00:00 0 
7fca24a13000-7fca24b3f000 rw-p 00000000 00:00 0 
7fca24b3f000-7fca24b83000 rw-p 00000000 00:00 0 
7fca24b83000-7fca24bea000 rw-p 00000000 00:00 0 
7fca24bea000-7fca24beb000 rw-p 00000000 00:00 0 
7fca24beb000-7fca24e5b000 rwxp 00000000 00:00 0 
7fca24e5b000-7fca27beb000 rw-p 00000000 00:00 0 
7fca27beb000-7fca27bf3000 r-xp 00000000 08:02 2625902                    /usr/lib/jvm/java-7-openjdk-amd64/jre/lib/amd64/libzip.so
7fca27bf3000-7fca27df2000 ---p 00008000 08:02 2625902                    /usr/lib/jvm/java-7-openjdk-amd64/jre/lib/amd64/libzip.so
7fca27df2000-7fca27df3000 r--p 00007000 08:02 2625902                    /usr/lib/jvm/java-7-openjdk-amd64/jre/lib/amd64/libzip.so
7fca27df3000-7fca27df4000 rw-p 00008000 08:02 2625902                    /usr/lib/jvm/java-7-openjdk-amd64/jre/lib/amd64/libzip.so
7fca27df4000-7fca27dff000 r-xp 00000000 08:02 3187                       /lib/x86_64-linux-gnu/libnss_files-2.19.so
7fca27dff000-7fca27ffe000 ---p 0000b000 08:02 3187                       /lib/x86_64-linux-gnu/libnss_files-2.19.so
7fca27ffe000-7fca27fff000 r--p 0000a000 08:02 3187                       /lib/x86_64-linux-gnu/libnss_files-2.19.so
7fca27fff000-7fca28000000 rw-p 0000b000 08:02 3187                       /lib/x86_64-linux-gnu/libnss_files-2.19.so
7fca28000000-7fca281f3000 rw-p 00000000 00:00 0 
7fca281f3000-7fca2c000000 ---p 00000000 00:00 0 
7fca2c001000-7fca2c105000 rw-p 00000000 00:00 0 
7fca2c105000-7fca2c14d000 rw-p 00000000 00:00 0 
7fca2c14d000-7fca2c158000 r-xp 00000000 08:02 3171                       /lib/x86_64-linux-gnu/libnss_nis-2.19.so
7fca2c158000-7fca2c357000 ---p 0000b000 08:02 3171                       /lib/x86_64-linux-gnu/libnss_nis-2.19.so
7fca2c357000-7fca2c358000 r--p 0000a000 08:02 3171                       /lib/x86_64-linux-gnu/libnss_nis-2.19.so
7fca2c358000-7fca2c359000 rw-p 0000b000 08:02 3171                       /lib/x86_64-linux-gnu/libnss_nis-2.19.so
7fca2c359000-7fca2c370000 r-xp 00000000 08:02 3163                       /lib/x86_64-linux-gnu/libnsl-2.19.so
7fca2c370000-7fca2c56f000 ---p 00017000 08:02 3163                       /lib/x86_64-linux-gnu/libnsl-2.19.so
7fca2c56f000-7fca2c570000 r--p 00016000 08:02 3163                       /lib/x86_64-linux-gnu/libnsl-2.19.so
7fca2c570000-7fca2c571000 rw-p 00017000 08:02 3163                       /lib/x86_64-linux-gnu/libnsl-2.19.so
7fca2c571000-7fca2c573000 rw-p 00000000 00:00 0 
7fca2c573000-7fca2c57c000 r-xp 00000000 08:02 3161                       /lib/x86_64-linux-gnu/libnss_compat-2.19.so
7fca2c57c000-7fca2c77b000 ---p 00009000 08:02 3161                       /lib/x86_64-linux-gnu/libnss_compat-2.19.so
7fca2c77b000-7fca2c77c000 r--p 00008000 08:02 3161                       /lib/x86_64-linux-gnu/libnss_compat-2.19.so
7fca2c77c000-7fca2c77d000 rw-p 00009000 08:02 3161                       /lib/x86_64-linux-gnu/libnss_compat-2.19.so
7fca2c77d000-7fca2c7a8000 r-xp 00000000 08:02 2625925                    /usr/lib/jvm/java-7-openjdk-amd64/jre/lib/amd64/libjava.so
7fca2c7a8000-7fca2c9a8000 ---p 0002b000 08:02 2625925                    /usr/lib/jvm/java-7-openjdk-amd64/jre/lib/amd64/libjava.so
7fca2c9a8000-7fca2c9a9000 r--p 0002b000 08:02 2625925                    /usr/lib/jvm/java-7-openjdk-amd64/jre/lib/amd64/libjava.so
7fca2c9a9000-7fca2c9ab000 rw-p 0002c000 08:02 2625925                    /usr/lib/jvm/java-7-openjdk-amd64/jre/lib/amd64/libjava.so
7fca2c9ab000-7fca2c9bb000 r-xp 00000000 08:02 2625907                    /usr/lib/jvm/java-7-openjdk-amd64/jre/lib/amd64/libverify.so
7fca2c9bb000-7fca2cbba000 ---p 00010000 08:02 2625907                    /usr/lib/jvm/java-7-openjdk-amd64/jre/lib/amd64/libverify.so
7fca2cbba000-7fca2cbbc000 r--p 0000f000 08:02 2625907                    /usr/lib/jvm/java-7-openjdk-amd64/jre/lib/amd64/libverify.so
7fca2cbbc000-7fca2cbbd000 rw-p 00011000 08:02 2625907                    /usr/lib/jvm/java-7-openjdk-amd64/jre/lib/amd64/libverify.so
7fca2cbbd000-7fca2cbc4000 r-xp 00000000 08:02 3179                       /lib/x86_64-linux-gnu/librt-2.19.so
7fca2cbc4000-7fca2cdc3000 ---p 00007000 08:02 3179                       /lib/x86_64-linux-gnu/librt-2.19.so
7fca2cdc3000-7fca2cdc4000 r--p 00006000 08:02 3179                       /lib/x86_64-linux-gnu/librt-2.19.so
7fca2cdc4000-7fca2cdc5000 rw-p 00007000 08:02 3179                       /lib/x86_64-linux-gnu/librt-2.19.so
7fca2cdc5000-7fca2cddb000 r-xp 00000000 08:02 3455                       /lib/x86_64-linux-gnu/libgcc_s.so.1
7fca2cddb000-7fca2cfda000 ---p 00016000 08:02 3455                       /lib/x86_64-linux-gnu/libgcc_s.so.1
7fca2cfda000-7fca2cfdb000 r--p 00015000 08:02 3455                       /lib/x86_64-linux-gnu/libgcc_s.so.1
7fca2cfdb000-7fca2cfdc000 rw-p 00016000 08:02 3455                       /lib/x86_64-linux-gnu/libgcc_s.so.1
7fca2cfdc000-7fca2d0e1000 r-xp 00000000 08:02 3151                       /lib/x86_64-linux-gnu/libm-2.19.so
7fca2d0e1000-7fca2d2e0000 ---p 00105000 08:02 3151                       /lib/x86_64-linux-gnu/libm-2.19.so
7fca2d2e0000-7fca2d2e1000 r--p 00104000 08:02 3151                       /lib/x86_64-linux-gnu/libm-2.19.so
7fca2d2e1000-7fca2d2e2000 rw-p 00105000 08:02 3151                       /lib/x86_64-linux-gnu/libm-2.19.so
7fca2d2e2000-7fca2d3cf000 r-xp 00000000 08:02 9486                       /usr/lib/x86_64-linux-gnu/libstdc++.so.6.0.20
7fca2d3cf000-7fca2d5cf000 ---p 000ed000 08:02 9486                       /usr/lib/x86_64-linux-gnu/libstdc++.so.6.0.20
7fca2d5cf000-7fca2d5d7000 r--p 000ed000 08:02 9486                       /usr/lib/x86_64-linux-gnu/libstdc++.so.6.0.20
7fca2d5d7000-7fca2d5d9000 rw-p 000f5000 08:02 9486                       /usr/lib/x86_64-linux-gnu/libstdc++.so.6.0.20
7fca2d5d9000-7fca2d5ee000 rw-p 00000000 00:00 0 
7fca2d5ee000-7fca2e113000 r-xp 00000000 08:02 2625903                    /usr/lib/jvm/java-7-openjdk-amd64/jre/lib/amd64/server/libjvm.so
7fca2e113000-7fca2e313000 ---p 00b25000 08:02 2625903                    /usr/lib/jvm/java-7-openjdk-amd64/jre/lib/amd64/server/libjvm.so
7fca2e313000-7fca2e3ad000 r--p 00b25000 08:02 2625903                    /usr/lib/jvm/java-7-openjdk-amd64/jre/lib/amd64/server/libjvm.so
7fca2e3ad000-7fca2e3d0000 rw-p 00bbf000 08:02 2625903                    /usr/lib/jvm/java-7-openjdk-amd64/jre/lib/amd64/server/libjvm.so
7fca2e3d0000-7fca2e3fe000 rw-p 00000000 00:00 0 
7fca2e3fe000-7fca2e416000 r-xp 00000000 08:02 13550                      /lib/x86_64-linux-gnu/libz.so.1.2.8
7fca2e416000-7fca2e615000 ---p 00018000 08:02 13550                      /lib/x86_64-linux-gnu/libz.so.1.2.8
7fca2e615000-7fca2e616000 r--p 00017000 08:02 13550                      /lib/x86_64-linux-gnu/libz.so.1.2.8
7fca2e616000-7fca2e617000 rw-p 00018000 08:02 13550                      /lib/x86_64-linux-gnu/libz.so.1.2.8
7fca2e617000-7fca2e630000 r-xp 00000000 08:02 3165                       /lib/x86_64-linux-gnu/libpthread-2.19.so
7fca2e630000-7fca2e82f000 ---p 00019000 08:02 3165                       /lib/x86_64-linux-gnu/libpthread-2.19.so
7fca2e82f000-7fca2e830000 r--p 00018000 08:02 3165                       /lib/x86_64-linux-gnu/libpthread-2.19.so
7fca2e830000-7fca2e831000 rw-p 00019000 08:02 3165                       /lib/x86_64-linux-gnu/libpthread-2.19.so
7fca2e831000-7fca2e835000 rw-p 00000000 00:00 0 
7fca2e835000-7fca2e838000 r-xp 00000000 08:02 3155                       /lib/x86_64-linux-gnu/libdl-2.19.so
7fca2e838000-7fca2ea37000 ---p 00003000 08:02 3155                       /lib/x86_64-linux-gnu/libdl-2.19.so
7fca2ea37000-7fca2ea38000 r--p 00002000 08:02 3155                       /lib/x86_64-linux-gnu/libdl-2.19.so
7fca2ea38000-7fca2ea39000 rw-p 00003000 08:02 3155                       /lib/x86_64-linux-gnu/libdl-2.19.so
7fca2ea39000-7fca2ebf4000 r-xp 00000000 08:02 3181                       /lib/x86_64-linux-gnu/libc-2.19.so
7fca2ebf4000-7fca2edf3000 ---p 001bb000 08:02 3181                       /lib/x86_64-linux-gnu/libc-2.19.so
7fca2edf3000-7fca2edf7000 r--p 001ba000 08:02 3181                       /lib/x86_64-linux-gnu/libc-2.19.so
7fca2edf7000-7fca2edf9000 rw-p 001be000 08:02 3181                       /lib/x86_64-linux-gnu/libc-2.19.so
7fca2edf9000-7fca2edfe000 rw-p 00000000 00:00 0 
7fca2edfe000-7fca2ee0b000 r-xp 00000000 08:02 2625897                    /usr/lib/jvm/java-7-openjdk-amd64/jre/lib/amd64/jli/libjli.so
7fca2ee0b000-7fca2f00a000 ---p 0000d000 08:02 2625897                    /usr/lib/jvm/java-7-openjdk-amd64/jre/lib/amd64/jli/libjli.so
7fca2f00a000-7fca2f00b000 r--p 0000c000 08:02 2625897                    /usr/lib/jvm/java-7-openjdk-amd64/jre/lib/amd64/jli/libjli.so
7fca2f00b000-7fca2f00c000 rw-p 0000d000 08:02 2625897                    /usr/lib/jvm/java-7-openjdk-amd64/jre/lib/amd64/jli/libjli.so
7fca2f00c000-7fca2f02f000 r-xp 00000000 08:02 3167                       /lib/x86_64-linux-gnu/ld-2.19.so
7fca2f02f000-7fca2f030000 rw-p 00000000 00:00 0 
7fca2f030000-7fca2f034000 r--s 00034000 08:02 2625935                    /usr/lib/jvm/java-7-openjdk-amd64/jre/lib/ext/sunjce_provider.jar
7fca2f034000-7fca2f036000 r--s 00012000 08:02 2625936                    /usr/lib/jvm/java-7-openjdk-amd64/jre/lib/ext/zipfs.jar
7fca2f036000-7fca2f037000 r--s 00002000 08:02 2625938                    /usr/lib/jvm/java-7-openjdk-amd64/jre/lib/ext/dnsns.jar
7fca2f037000-7fca2f03a000 r--s 0000f000 08:02 2625939                    /usr/lib/jvm/java-7-openjdk-amd64/jre/lib/ext/icedtea-sound.jar
7fca2f03a000-7fca2f03e000 r--s 0003c000 08:02 2625937                    /usr/lib/jvm/java-7-openjdk-amd64/jre/lib/ext/sunpkcs11.jar
7fca2f03e000-7fca2f042000 r--s 00085000 08:02 2625934                    /usr/lib/jvm/java-7-openjdk-amd64/jre/lib/ext/localedata.jar
7fca2f042000-7fca2f04c000 rw-p 00000000 00:00 0 
7fca2f04c000-7fca2f102000 rw-p 00000000 00:00 0 
7fca2f102000-7fca2f105000 ---p 00000000 00:00 0 
7fca2f105000-7fca2f208000 rw-p 00000000 00:00 0                          [stack:12763]
7fca2f208000-7fca2f20a000 r--s 00006000 08:02 5674                       /usr/share/java/java-atk-wrapper.jar
7fca2f20a000-7fca2f222000 rw-p 00000000 00:00 0 
7fca2f222000-7fca2f22a000 rw-s 00000000 08:02 1442171                    /tmp/hsperfdata_ivan/12759
7fca2f22a000-7fca2f22b000 rw-p 00000000 00:00 0 
7fca2f22b000-7fca2f22c000 r--p 00000000 00:00 0 
7fca2f22c000-7fca2f22e000 rw-p 00000000 00:00 0 
7fca2f22e000-7fca2f22f000 r--p 00022000 08:02 3167                       /lib/x86_64-linux-gnu/ld-2.19.so
7fca2f22f000-7fca2f230000 rw-p 00023000 08:02 3167                       /lib/x86_64-linux-gnu/ld-2.19.so
7fca2f230000-7fca2f231000 rw-p 00000000 00:00 0 
7fffc0632000-7fffc0653000 rw-p 00000000 00:00 0                          [stack]
7fffc06c8000-7fffc06ca000 r-xp 00000000 00:00 0                          [vdso]
7fffc06ca000-7fffc06cc000 r--p 00000000 00:00 0                          [vvar]
ffffffffff600000-ffffffffff601000 r-xp 00000000 00:00 0                  [vsyscall]

VM Arguments:
jvm_args: -Djava.awt.headless=true -Xmx1024M -Dfile.encoding=UTF-8 -Duser.country=UA -Duser.language=ru -Duser.variant 
java_command: com.android.dx.command.Main --dex --num-threads=4 --multi-dex --main-dex-list /home/ivan/workspace/Champy_v2/app/build/intermediates/multi-dex/debug/maindexlist.txt --output /home/ivan/workspace/Champy_v2/app/build/intermediates/transforms/dex/debug/folders/1000/1f/main /home/ivan/workspace/Champy_v2/app/build/intermediates/transforms/jarMerging/debug/jars/1/1f/combined.jar
Launcher Type: SUN_STANDARD

Environment Variables:
JAVA_HOME=/usr/lib/jvm/java-8-oracle
PATH=/usr/local/sbin:/usr/local/bin:/usr/sbin:/usr/bin:/sbin:/bin:/usr/games:/usr/local/games:/usr/lib/jvm/java-8-oracle/bin:/usr/lib/jvm/java-8-oracle/db/bin:/usr/lib/jvm/java-8-oracle/jre/bin
SHELL=/bin/bash
DISPLAY=:0

Signal Handlers:
SIGSEGV: [libjvm.so+0x955bc0], sa_mask[0]=0x7ffbfeff, sa_flags=0x10000004
SIGBUS: [libjvm.so+0x955bc0], sa_mask[0]=0x7ffbfeff, sa_flags=0x10000004
SIGFPE: [libjvm.so+0x7caff0], sa_mask[0]=0x7ffbfeff, sa_flags=0x10000004
SIGPIPE: [libjvm.so+0x7caff0], sa_mask[0]=0x7ffbfeff, sa_flags=0x10000004
SIGXFSZ: [libjvm.so+0x7caff0], sa_mask[0]=0x7ffbfeff, sa_flags=0x10000004
SIGILL: [libjvm.so+0x7caff0], sa_mask[0]=0x7ffbfeff, sa_flags=0x10000004
SIGUSR1: SIG_DFL, sa_mask[0]=0x00000000, sa_flags=0x00000000
SIGUSR2: [libjvm.so+0x7cae90], sa_mask[0]=0x00000004, sa_flags=0x10000004
SIGHUP: [libjvm.so+0x7cb070], sa_mask[0]=0x7ffbfeff, sa_flags=0x10000004
SIGINT: [libjvm.so+0x7cb070], sa_mask[0]=0x7ffbfeff, sa_flags=0x10000004
SIGTERM: [libjvm.so+0x7cb070], sa_mask[0]=0x7ffbfeff, sa_flags=0x10000004
SIGQUIT: [libjvm.so+0x7cb070], sa_mask[0]=0x7ffbfeff, sa_flags=0x10000004
SIGTRAP: SIG_DFL, sa_mask[0]=0x00000000, sa_flags=0x00000000


---------------  S Y S T E M  ---------------

OS:Ubuntu 14.04 (trusty)
uname:Linux 3.16.0-67-generic #87~14.04.1-Ubuntu SMP Fri Mar 11 00:26:02 UTC 2016 x86_64
libc:glibc 2.19 NPTL 2.19 
rlimit: STACK 8192k, CORE 0k, NPROC 30693, NOFILE 4096, AS infinity
load average:4,19 3,16 2,99

/proc/meminfo:
MemTotal:        8059688 kB
MemFree:         1436448 kB
MemAvailable:    3574756 kB
Buffers:          217664 kB
Cached:          2301824 kB
SwapCached:            0 kB
Active:          4749204 kB
Inactive:        1495316 kB
Active(anon):    3726352 kB
Inactive(anon):   269740 kB
Active(file):    1022852 kB
Inactive(file):  1225576 kB
Unevictable:          72 kB
Mlocked:              72 kB
SwapTotal:       4075516 kB
SwapFree:        4075516 kB
Dirty:             25944 kB
Writeback:             0 kB
AnonPages:       3727080 kB
Mapped:           695904 kB
Shmem:            271064 kB
Slab:             161136 kB
SReclaimable:     117632 kB
SUnreclaim:        43504 kB
KernelStack:       12240 kB
PageTables:        59972 kB
NFS_Unstable:          0 kB
Bounce:                0 kB
WritebackTmp:          0 kB
CommitLimit:     8105360 kB
Committed_AS:   10495016 kB
VmallocTotal:   34359738367 kB
VmallocUsed:      391972 kB
VmallocChunk:   34359340540 kB
HardwareCorrupted:     0 kB
AnonHugePages:   1433600 kB
HugePages_Total:       0
HugePages_Free:        0
HugePages_Rsvd:        0
HugePages_Surp:        0
Hugepagesize:       2048 kB
DirectMap4k:      249796 kB
DirectMap2M:     8022016 kB


CPU:total 4 (2 cores per cpu, 2 threads per core) family 6 model 58 stepping 9, cmov, cx8, fxsr, mmx, sse, sse2, sse3, ssse3, sse4.1, sse4.2, popcnt, avx, erms, ht, tsc, tscinvbit, tscinv

/proc/cpuinfo:
processor	: 0
vendor_id	: GenuineIntel
cpu family	: 6
model		: 58
model name	: Intel(R) Core(TM) i3-3217U CPU @ 1.80GHz
stepping	: 9
microcode	: 0x15
cpu MHz		: 1800.000
cache size	: 3072 KB
physical id	: 0
siblings	: 4
core id		: 0
cpu cores	: 2
apicid		: 0
initial apicid	: 0
fpu		: yes
fpu_exception	: yes
cpuid level	: 13
wp		: yes
flags		: fpu vme de pse tsc msr pae mce cx8 apic sep mtrr pge mca cmov pat pse36 clflush dts acpi mmx fxsr sse sse2 ss ht tm pbe syscall nx rdtscp lm constant_tsc arch_perfmon pebs bts rep_good nopl xtopology nonstop_tsc aperfmperf eagerfpu pni pclmulqdq dtes64 monitor ds_cpl vmx est tm2 ssse3 cx16 xtpr pdcm pcid sse4_1 sse4_2 x2apic popcnt tsc_deadline_timer xsave avx f16c lahf_lm ida arat epb xsaveopt pln pts dtherm tpr_shadow vnmi flexpriority ept vpid fsgsbase smep erms
bogomips	: 3591.81
clflush size	: 64
cache_alignment	: 64
address sizes	: 36 bits physical, 48 bits virtual
power management:

processor	: 1
vendor_id	: GenuineIntel
cpu family	: 6
model		: 58
model name	: Intel(R) Core(TM) i3-3217U CPU @ 1.80GHz
stepping	: 9
microcode	: 0x15
cpu MHz		: 1800.000
cache size	: 3072 KB
physical id	: 0
siblings	: 4
core id		: 1
cpu cores	: 2
apicid		: 2
initial apicid	: 2
fpu		: yes
fpu_exception	: yes
cpuid level	: 13
wp		: yes
flags		: fpu vme de pse tsc msr pae mce cx8 apic sep mtrr pge mca cmov pat pse36 clflush dts acpi mmx fxsr sse sse2 ss ht tm pbe syscall nx rdtscp lm constant_tsc arch_perfmon pebs bts rep_good nopl xtopology nonstop_tsc aperfmperf eagerfpu pni pclmulqdq dtes64 monitor ds_cpl vmx est tm2 ssse3 cx16 xtpr pdcm pcid sse4_1 sse4_2 x2apic popcnt tsc_deadline_timer xsave avx f16c lahf_lm ida arat epb xsaveopt pln pts dtherm tpr_shadow vnmi flexpriority ept vpid fsgsbase smep erms
bogomips	: 3591.81
clflush size	: 64
cache_alignment	: 64
address sizes	: 36 bits physical, 48 bits virtual
power management:

processor	: 2
vendor_id	: GenuineIntel
cpu family	: 6
model		: 58
model name	: Intel(R) Core(TM) i3-3217U CPU @ 1.80GHz
stepping	: 9
microcode	: 0x15
cpu MHz		: 1800.000
cache size	: 3072 KB
physical id	: 0
siblings	: 4
core id		: 0
cpu cores	: 2
apicid		: 1
initial apicid	: 1
fpu		: yes
fpu_exception	: yes
cpuid level	: 13
wp		: yes
flags		: fpu vme de pse tsc msr pae mce cx8 apic sep mtrr pge mca cmov pat pse36 clflush dts acpi mmx fxsr sse sse2 ss ht tm pbe syscall nx rdtscp lm constant_tsc arch_perfmon pebs bts rep_good nopl xtopology nonstop_tsc aperfmperf eagerfpu pni pclmulqdq dtes64 monitor ds_cpl vmx est tm2 ssse3 cx16 xtpr pdcm pcid sse4_1 sse4_2 x2apic popcnt tsc_deadline_timer xsave avx f16c lahf_lm ida arat epb xsaveopt pln pts dtherm tpr_shadow vnmi flexpriority ept vpid fsgsbase smep erms
bogomips	: 3591.81
clflush size	: 64
cache_alignment	: 64
address sizes	: 36 bits physical, 48 bits virtual
power management:

processor	: 3
vendor_id	: GenuineIntel
cpu family	: 6
model		: 58
model name	: Intel(R) Core(TM) i3-3217U CPU @ 1.80GHz
stepping	: 9
microcode	: 0x15
cpu MHz		: 1800.000
cache size	: 3072 KB
physical id	: 0
siblings	: 4
core id		: 1
cpu cores	: 2
apicid		: 3
initial apicid	: 3
fpu		: yes
fpu_exception	: yes
cpuid level	: 13
wp		: yes
flags		: fpu vme de pse tsc msr pae mce cx8 apic sep mtrr pge mca cmov pat pse36 clflush dts acpi mmx fxsr sse sse2 ss ht tm pbe syscall nx rdtscp lm constant_tsc arch_perfmon pebs bts rep_good nopl xtopology nonstop_tsc aperfmperf eagerfpu pni pclmulqdq dtes64 monitor ds_cpl vmx est tm2 ssse3 cx16 xtpr pdcm pcid sse4_1 sse4_2 x2apic popcnt tsc_deadline_timer xsave avx f16c lahf_lm ida arat epb xsaveopt pln pts dtherm tpr_shadow vnmi flexpriority ept vpid fsgsbase smep erms
bogomips	: 3591.81
clflush size	: 64
cache_alignment	: 64
address sizes	: 36 bits physical, 48 bits virtual
power management:



Memory: 4k page, physical 8059688k(1436448k free), swap 4075516k(4075516k free)

vm_info: OpenJDK 64-Bit Server VM (24.95-b01) for linux-amd64 JRE (1.7.0_95-b00), built on Jan 21 2016 03:31:40 by "buildd" with gcc 4.8.4

time: Fri Mar 25 15:49:24 2016
elapsed time: 5 seconds

