#
# A fatal error has been detected by the Java Runtime Environment:
#
#  SIGSEGV (0xb) at pc=0x00007f077e72854e, pid=22741, tid=139669901551360
#
# JRE version: OpenJDK Runtime Environment (7.0_95) (build 1.7.0_95-b00)
# Java VM: OpenJDK 64-Bit Server VM (24.95-b01 mixed mode linux-amd64 compressed oops)
# Derivative: IcedTea 2.6.4
# Distribution: Ubuntu 14.04 LTS, package 7u95-2.6.4-0ubuntu0.14.04.2
# Problematic frame:
# V  [libjvm.so+0x5a254e]
#
# Failed to write core dump. Core dumps have been disabled. To enable core dumping, try "ulimit -c unlimited" before starting Java again
#
# If you would like to submit a bug report, please include
# instructions on how to reproduce the bug and visit:
#   http://icedtea.classpath.org/bugzilla
#

---------------  T H R E A D  ---------------

Current thread (0x00007f07780ac800):  JavaThread "C2 CompilerThread1" daemon [_thread_in_native, id=22756, stack(0x00007f076ece2000,0x00007f076ede3000)]

siginfo:si_signo=SIGSEGV: si_errno=0, si_code=1 (SEGV_MAPERR), si_addr=0x00007f0f7ef71940

Registers:
RAX=0x00007f0f7ef71940, RBX=0x00007f076edde890, RCX=0x0000000000000008, RDX=0x0000000000000000
RSP=0x00007f076edde830, RBP=0x00007f076edde870, RSI=0x00007f073c9eeae0, RDI=0x000000000000000b
R8 =0x0000000000000000, R9 =0x0000000000000000, R10=0x0000000000000000, R11=0x0000000000000000
R12=0x0000000000000001, R13=0x00007f077ef71940, R14=0x0000000000100000, R15=0x0000000000000001
RIP=0x00007f077e72854e, EFLAGS=0x0000000000010206, CSGSFS=0x0000000000000033, ERR=0x0000000000000004
  TRAPNO=0x000000000000000e

Top of Stack: (sp=0x00007f076edde830)
0x00007f076edde830:   00007f0700000002 00007f076ede0f50
0x00007f076edde840:   00007f07486e60e0 00007f076edde890
0x00007f076edde850:   0000000000000634 0000000000000004
0x00007f076edde860:   0000000000100000 00007f076edde9b0
0x00007f076edde870:   00007f076edde900 00007f077e7207b8
0x00007f076edde880:   00007f073c9ee5e0 0000000000000030
0x00007f076edde890:   0000000000000000 00007f0700000008
0x00007f076edde8a0:   00007f0f7ef71940 00007f0700000000
0x00007f076edde8b0:   00007f073c9eeaf0 00007f070000000b
0x00007f076edde8c0:   00007f073c9eeae0 00007f07486c51f0
0x00007f076edde8d0:   0000000000000000 00007f076eddec10
0x00007f076edde8e0:   00007f077ef71940 00007f076edde980
0x00007f076edde8f0:   00007f073c1dc8c0 00007f076eddea50
0x00007f076edde900:   00007f076eddeb40 00007f077e5514eb
0x00007f076edde910:   00007f076edde920 00007f076edde9f0
0x00007f076edde920:   00007f076edde950 00000000000003d8
0x00007f076edde930:   00007f076edde9b0 0000000000000011
0x00007f076edde940:   00007f073c1dcca8 00007f073c1dc8d0
0x00007f076edde950:   00007f07481325e0 00007f07481325e0
0x00007f076edde960:   00007f07481325f0 00007f07481329c8
0x00007f076edde970:   00000000000003d8 0000000a4873ae60
0x00007f076edde980:   00007f073c1dc8c0 00007f07486dfca0
0x00007f076edde990:   00007f07486e7c30 00007f07486e7c88
0x00007f076edde9a0:   0000000000100aa8 0000000000020000
0x00007f076edde9b0:   000000000000000b 00007f076ede0f50
0x00007f076edde9c0:   00007f073c9b0a60 00007f077e94e900
0x00007f076edde9d0:   00007f073c894100 00007f0700000a36
0x00007f076edde9e0:   00007f076edde980 00007f073c1dc8d0
0x00007f076edde9f0:   00007f0700000009 00007f076ede0f50
0x00007f076eddea00:   00007f073caf5e00 00007f073ccd63e0
0x00007f076eddea10:   00007f07486bfd00 00007f07486c15f0
0x00007f076eddea20:   00007f073c816280 00007f076eddeb80 

Instructions: (pc=0x00007f077e72854e)
0x00007f077e72852e:   89 f8 0f 86 ff 00 00 00 48 8b 43 20 45 89 e7 4a
0x00007f077e72853e:   8b 04 f8 4c 39 e8 0f 84 dc 00 00 00 48 89 43 10
0x00007f077e72854e:   44 8b 30 48 89 c6 45 85 f6 0f 85 73 01 00 00 44
0x00007f077e72855e:   8b 58 04 45 85 db 0f 85 b6 01 00 00 44 8b 50 08 

Register to memory mapping:

RAX=0x00007f0f7ef71940 is an unknown value
RBX=0x00007f076edde890 is pointing into the stack for thread: 0x00007f07780ac800
RCX=0x0000000000000008 is an unknown value
RDX=0x0000000000000000 is an unknown value
RSP=0x00007f076edde830 is pointing into the stack for thread: 0x00007f07780ac800
RBP=0x00007f076edde870 is pointing into the stack for thread: 0x00007f07780ac800
RSI=0x00007f073c9eeae0 is an unknown value
RDI=0x000000000000000b is an unknown value
R8 =0x0000000000000000 is an unknown value
R9 =0x0000000000000000 is an unknown value
R10=0x0000000000000000 is an unknown value
R11=0x0000000000000000 is an unknown value
R12=0x0000000000000001 is an unknown value
R13=0x00007f077ef71940: <offset 0xdeb940> in /usr/lib/jvm/java-7-openjdk-amd64/jre/lib/amd64/server/libjvm.so at 0x00007f077e186000
R14=0x0000000000100000 is an unknown value
R15=0x0000000000000001 is an unknown value


Stack: [0x00007f076ece2000,0x00007f076ede3000],  sp=0x00007f076edde830,  free space=1010k
Native frames: (J=compiled Java code, j=interpreted, Vv=VM code, C=native code)
V  [libjvm.so+0x5a254e]
V  [libjvm.so+0x59a7b8]
V  [libjvm.so+0x3cb4eb]
V  [libjvm.so+0x43f3aa]
V  [libjvm.so+0x443537]
V  [libjvm.so+0x3b15ea]
V  [libjvm.so+0x4493b7]
V  [libjvm.so+0x44a4c0]
V  [libjvm.so+0x906c70]
V  [libjvm.so+0x906ee1]
V  [libjvm.so+0x7cc742]


Current CompileTask:
C2:  29960 1265             com.android.dx.cf.direct.StdAttributeFactory::parse0 (532 bytes)


---------------  P R O C E S S  ---------------

Java Threads: ( => current thread )
  0x00007f07781e0800 JavaThread "pool-2-thread-4" [_thread_in_Java, id=22763, stack(0x00007f076a8ce000,0x00007f076a9cf000)]
  0x00007f07781d3000 JavaThread "pool-2-thread-3" [_thread_in_Java, id=22762, stack(0x00007f076a9cf000,0x00007f076aad0000)]
  0x00007f07781d1000 JavaThread "pool-2-thread-2" [_thread_blocked, id=22761, stack(0x00007f076d02e000,0x00007f076d12f000)]
  0x00007f07781c6800 JavaThread "pool-3-thread-1" [_thread_blocked, id=22760, stack(0x00007f076d12f000,0x00007f076d230000)]
  0x00007f07781c1000 JavaThread "pool-2-thread-1" [_thread_blocked, id=22759, stack(0x00007f076d230000,0x00007f076d331000)]
  0x00007f07780ae800 JavaThread "Service Thread" daemon [_thread_blocked, id=22757, stack(0x00007f076ebe1000,0x00007f076ece2000)]
=>0x00007f07780ac800 JavaThread "C2 CompilerThread1" daemon [_thread_in_native, id=22756, stack(0x00007f076ece2000,0x00007f076ede3000)]
  0x00007f07780a9800 JavaThread "C2 CompilerThread0" daemon [_thread_in_native, id=22755, stack(0x00007f076ede3000,0x00007f076eee4000)]
  0x00007f07780a7000 JavaThread "Signal Dispatcher" daemon [_thread_blocked, id=22754, stack(0x00007f076eee4000,0x00007f076efe5000)]
  0x00007f077807c000 JavaThread "Finalizer" daemon [_thread_blocked, id=22753, stack(0x00007f076f7f8000,0x00007f076f8f9000)]
  0x00007f077807a000 JavaThread "Reference Handler" daemon [_thread_blocked, id=22752, stack(0x00007f076f8f9000,0x00007f076f9fa000)]
  0x00007f077800a800 JavaThread "main" [_thread_blocked, id=22746, stack(0x00007f077fc99000,0x00007f077fd9a000)]

Other Threads:
  0x00007f0778075800 VMThread [stack: 0x00007f076f9fa000,0x00007f076fafb000] [id=22751]
  0x00007f07780b9800 WatcherThread [stack: 0x00007f076eae0000,0x00007f076ebe1000] [id=22758]

VM state:not at safepoint (normal execution)

VM Mutex/Monitor currently owned by a thread: None

Heap
 PSYoungGen      total 233472K, used 135739K [0x00000000eaa80000, 0x0000000100000000, 0x0000000100000000)
  eden space 117248K, 99% used [0x00000000eaa80000,0x00000000f1c64af8,0x00000000f1d00000)
  from space 116224K, 16% used [0x00000000f1d00000,0x00000000f2faa140,0x00000000f8e80000)
  to   space 116224K, 0% used [0x00000000f8e80000,0x00000000f8e80000,0x0000000100000000)
 ParOldGen       total 455680K, used 380523K [0x00000000c0000000, 0x00000000dbd00000, 0x00000000eaa80000)
  object space 455680K, 83% used [0x00000000c0000000,0x00000000d739aec0,0x00000000dbd00000)
 PSPermGen       total 21504K, used 6432K [0x00000000b5a00000, 0x00000000b6f00000, 0x00000000c0000000)
  object space 21504K, 29% used [0x00000000b5a00000,0x00000000b60481e8,0x00000000b6f00000)

Card table byte_map: [0x00007f077c67c000,0x00007f077c8d0000] byte_map_base: 0x00007f077c0cf000

Polling page: 0x00007f077fdc2000

Code Cache  [0x00007f0775000000, 0x00007f0775440000, 0x00007f0778000000)
 total_blobs=1424 nmethods=1193 adapters=184 free_code_cache=44950Kb largest_free_block=45921472

Compilation events (10 events):
Event: 29,039 Thread 0x00007f07780a9800 nmethod 1260 0x00007f07753e9490 code [0x00007f07753e9680, 0x00007f07753e9d68]
Event: 29,040 Thread 0x00007f07780a9800 1261   !         com.android.dx.cf.code.BytecodeArray::parseInstruction (2764 bytes)
Event: 29,433 Thread 0x00007f07780ac800 nmethod 1253 0x00007f0775429850 code [0x00007f0775429f00, 0x00007f077542f498]
Event: 29,434 Thread 0x00007f07780ac800 1262             com.android.dx.util.IntList::contains (14 bytes)
Event: 29,447 Thread 0x00007f07780ac800 nmethod 1262 0x00007f0775337f10 code [0x00007f0775338060, 0x00007f0775338238]
Event: 29,447 Thread 0x00007f07780ac800 1263             com.android.dx.ssa.back.SsaToRop::convertBasicBlocks (151 bytes)
Event: 29,639 Thread 0x00007f07780ac800 nmethod 1263 0x00007f0775325390 code [0x00007f07753255e0, 0x00007f0775326668]
Event: 29,640 Thread 0x00007f07780ac800 1264             com.android.dx.command.dexer.Main::access$1400 (4 bytes)
Event: 29,640 Thread 0x00007f07780ac800 nmethod 1264 0x00007f07753e91d0 code [0x00007f07753e9300, 0x00007f07753e9358]
Event: 29,640 Thread 0x00007f07780ac800 1265             com.android.dx.cf.direct.StdAttributeFactory::parse0 (532 bytes)

GC Heap History (10 events):
Event: 22,598 GC heap before
{Heap before GC invocations=20 (full 2):
 PSYoungGen      total 233472K, used 231382K [0x00000000eaa80000, 0x0000000100000000, 0x0000000100000000)
  eden space 117248K, 100% used [0x00000000eaa80000,0x00000000f1d00000,0x00000000f1d00000)
  from space 116224K, 98% used [0x00000000f1d00000,0x00000000f8c759d0,0x00000000f8e80000)
  to   space 116224K, 0% used [0x00000000f8e80000,0x00000000f8e80000,0x0000000100000000)
 ParOldGen       total 286208K, used 215635K [0x00000000c0000000, 0x00000000d1780000, 0x00000000eaa80000)
  object space 286208K, 75% used [0x00000000c0000000,0x00000000cd294f90,0x00000000d1780000)
 PSPermGen       total 21504K, used 6383K [0x00000000b5a00000, 0x00000000b6f00000, 0x00000000c0000000)
  object space 21504K, 29% used [0x00000000b5a00000,0x00000000b603bf20,0x00000000b6f00000)
Event: 22,812 GC heap after
Heap after GC invocations=20 (full 2):
 PSYoungGen      total 233472K, used 84360K [0x00000000eaa80000, 0x0000000100000000, 0x0000000100000000)
  eden space 117248K, 0% used [0x00000000eaa80000,0x00000000eaa80000,0x00000000f1d00000)
  from space 116224K, 72% used [0x00000000f8e80000,0x00000000fe0e2220,0x0000000100000000)
  to   space 116224K, 0% used [0x00000000f1d00000,0x00000000f1d00000,0x00000000f8e80000)
 ParOldGen       total 286208K, used 263009K [0x00000000c0000000, 0x00000000d1780000, 0x00000000eaa80000)
  object space 286208K, 91% used [0x00000000c0000000,0x00000000d00d87e0,0x00000000d1780000)
 PSPermGen       total 21504K, used 6383K [0x00000000b5a00000, 0x00000000b6f00000, 0x00000000c0000000)
  object space 21504K, 29% used [0x00000000b5a00000,0x00000000b603bf20,0x00000000b6f00000)
}
Event: 22,812 GC heap before
{Heap before GC invocations=21 (full 3):
 PSYoungGen      total 233472K, used 84360K [0x00000000eaa80000, 0x0000000100000000, 0x0000000100000000)
  eden space 117248K, 0% used [0x00000000eaa80000,0x00000000eaa80000,0x00000000f1d00000)
  from space 116224K, 72% used [0x00000000f8e80000,0x00000000fe0e2220,0x0000000100000000)
  to   space 116224K, 0% used [0x00000000f1d00000,0x00000000f1d00000,0x00000000f8e80000)
 ParOldGen       total 286208K, used 263009K [0x00000000c0000000, 0x00000000d1780000, 0x00000000eaa80000)
  object space 286208K, 91% used [0x00000000c0000000,0x00000000d00d87e0,0x00000000d1780000)
 PSPermGen       total 21504K, used 6383K [0x00000000b5a00000, 0x00000000b6f00000, 0x00000000c0000000)
  object space 21504K, 29% used [0x00000000b5a00000,0x00000000b603bf20,0x00000000b6f00000)
Event: 26,975 GC heap after
Heap after GC invocations=21 (full 3):
 PSYoungGen      total 233472K, used 57498K [0x00000000eaa80000, 0x0000000100000000, 0x0000000100000000)
  eden space 117248K, 0% used [0x00000000eaa80000,0x00000000eaa80000,0x00000000f1d00000)
  from space 116224K, 49% used [0x00000000f8e80000,0x00000000fc6a6818,0x0000000100000000)
  to   space 116224K, 0% used [0x00000000f1d00000,0x00000000f1d00000,0x00000000f8e80000)
 ParOldGen       total 455680K, used 286020K [0x00000000c0000000, 0x00000000dbd00000, 0x00000000eaa80000)
  object space 455680K, 62% used [0x00000000c0000000,0x00000000d17512d0,0x00000000dbd00000)
 PSPermGen       total 21504K, used 6383K [0x00000000b5a00000, 0x00000000b6f00000, 0x00000000c0000000)
  object space 21504K, 29% used [0x00000000b5a00000,0x00000000b603bc40,0x00000000b6f00000)
}
Event: 27,546 GC heap before
{Heap before GC invocations=22 (full 3):
 PSYoungGen      total 233472K, used 174746K [0x00000000eaa80000, 0x0000000100000000, 0x0000000100000000)
  eden space 117248K, 100% used [0x00000000eaa80000,0x00000000f1d00000,0x00000000f1d00000)
  from space 116224K, 49% used [0x00000000f8e80000,0x00000000fc6a6818,0x0000000100000000)
  to   space 116224K, 0% used [0x00000000f1d00000,0x00000000f1d00000,0x00000000f8e80000)
 ParOldGen       total 455680K, used 286020K [0x00000000c0000000, 0x00000000dbd00000, 0x00000000eaa80000)
  object space 455680K, 62% used [0x00000000c0000000,0x00000000d17512d0,0x00000000dbd00000)
 PSPermGen       total 21504K, used 6391K [0x00000000b5a00000, 0x00000000b6f00000, 0x00000000c0000000)
  object space 21504K, 29% used [0x00000000b5a00000,0x00000000b603dc60,0x00000000b6f00000)
Event: 28,042 GC heap after
Heap after GC invocations=22 (full 3):
 PSYoungGen      total 233472K, used 47332K [0x00000000eaa80000, 0x0000000100000000, 0x0000000100000000)
  eden space 117248K, 0% used [0x00000000eaa80000,0x00000000eaa80000,0x00000000f1d00000)
  from space 116224K, 40% used [0x00000000f1d00000,0x00000000f4b39320,0x00000000f8e80000)
  to   space 116224K, 0% used [0x00000000f8e80000,0x00000000f8e80000,0x0000000100000000)
 ParOldGen       total 455680K, used 315544K [0x00000000c0000000, 0x00000000dbd00000, 0x00000000eaa80000)
  object space 455680K, 69% used [0x00000000c0000000,0x00000000d3426398,0x00000000dbd00000)
 PSPermGen       total 21504K, used 6391K [0x00000000b5a00000, 0x00000000b6f00000, 0x00000000c0000000)
  object space 21504K, 29% used [0x00000000b5a00000,0x00000000b603dc60,0x00000000b6f00000)
}
Event: 28,541 GC heap before
{Heap before GC invocations=23 (full 3):
 PSYoungGen      total 233472K, used 164580K [0x00000000eaa80000, 0x0000000100000000, 0x0000000100000000)
  eden space 117248K, 100% used [0x00000000eaa80000,0x00000000f1d00000,0x00000000f1d00000)
  from space 116224K, 40% used [0x00000000f1d00000,0x00000000f4b39320,0x00000000f8e80000)
  to   space 116224K, 0% used [0x00000000f8e80000,0x00000000f8e80000,0x0000000100000000)
 ParOldGen       total 455680K, used 315544K [0x00000000c0000000, 0x00000000dbd00000, 0x00000000eaa80000)
  object space 455680K, 69% used [0x00000000c0000000,0x00000000d3426398,0x00000000dbd00000)
 PSPermGen       total 21504K, used 6428K [0x00000000b5a00000, 0x00000000b6f00000, 0x00000000c0000000)
  object space 21504K, 29% used [0x00000000b5a00000,0x00000000b6047378,0x00000000b6f00000)
Event: 28,744 GC heap after
Heap after GC invocations=23 (full 3):
 PSYoungGen      total 233472K, used 37918K [0x00000000eaa80000, 0x0000000100000000, 0x0000000100000000)
  eden space 117248K, 0% used [0x00000000eaa80000,0x00000000eaa80000,0x00000000f1d00000)
  from space 116224K, 32% used [0x00000000f8e80000,0x00000000fb387900,0x0000000100000000)
  to   space 116224K, 0% used [0x00000000f1d00000,0x00000000f1d00000,0x00000000f8e80000)
 ParOldGen       total 455680K, used 343315K [0x00000000c0000000, 0x00000000dbd00000, 0x00000000eaa80000)
  object space 455680K, 75% used [0x00000000c0000000,0x00000000d4f44ed0,0x00000000dbd00000)
 PSPermGen       total 21504K, used 6428K [0x00000000b5a00000, 0x00000000b6f00000, 0x00000000c0000000)
  object space 21504K, 29% used [0x00000000b5a00000,0x00000000b6047378,0x00000000b6f00000)
}
Event: 29,202 GC heap before
{Heap before GC invocations=24 (full 3):
 PSYoungGen      total 233472K, used 155166K [0x00000000eaa80000, 0x0000000100000000, 0x0000000100000000)
  eden space 117248K, 100% used [0x00000000eaa80000,0x00000000f1d00000,0x00000000f1d00000)
  from space 116224K, 32% used [0x00000000f8e80000,0x00000000fb387900,0x0000000100000000)
  to   space 116224K, 0% used [0x00000000f1d00000,0x00000000f1d00000,0x00000000f8e80000)
 ParOldGen       total 455680K, used 343315K [0x00000000c0000000, 0x00000000dbd00000, 0x00000000eaa80000)
  object space 455680K, 75% used [0x00000000c0000000,0x00000000d4f44ed0,0x00000000dbd00000)
 PSPermGen       total 21504K, used 6432K [0x00000000b5a00000, 0x00000000b6f00000, 0x00000000c0000000)
  object space 21504K, 29% used [0x00000000b5a00000,0x00000000b6048000,0x00000000b6f00000)
Event: 29,410 GC heap after
Heap after GC invocations=24 (full 3):
 PSYoungGen      total 233472K, used 19112K [0x00000000eaa80000, 0x0000000100000000, 0x0000000100000000)
  eden space 117248K, 0% used [0x00000000eaa80000,0x00000000eaa80000,0x00000000f1d00000)
  from space 116224K, 16% used [0x00000000f1d00000,0x00000000f2faa140,0x00000000f8e80000)
  to   space 116224K, 0% used [0x00000000f8e80000,0x00000000f8e80000,0x0000000100000000)
 ParOldGen       total 455680K, used 380523K [0x00000000c0000000, 0x00000000dbd00000, 0x00000000eaa80000)
  object space 455680K, 83% used [0x00000000c0000000,0x00000000d739aec0,0x00000000dbd00000)
 PSPermGen       total 21504K, used 6432K [0x00000000b5a00000, 0x00000000b6f00000, 0x00000000c0000000)
  object space 21504K, 29% used [0x00000000b5a00000,0x00000000b6048000,0x00000000b6f00000)
}

Deoptimization events (10 events):
Event: 27,021 Thread 0x00007f077800a800 Uncommon trap: reason=bimorphic action=maybe_recompile pc=0x00007f07753ee690 method=com.android.dx.cf.code.BytecodeArray.parseInstruction(ILcom/android/dx/cf/code/BytecodeArray$Visitor;)I @ 891
Event: 28,167 Thread 0x00007f07781e0800 Uncommon trap: reason=class_check action=maybe_recompile pc=0x00007f0775256ef4 method=com.android.dx.ssa.SCCP.replaceConstants()V @ 182
Event: 28,211 Thread 0x00007f077800a800 Uncommon trap: reason=unstable_if action=reinterpret pc=0x00007f0775411590 method=com.android.dx.cf.direct.StdAttributeFactory.parse0(Lcom/android/dx/cf/direct/DirectClassFile;ILjava/lang/String;IILcom/android/dx/cf/iface/ParseObserver;)Lcom/android/dx/cf
Event: 28,510 Thread 0x00007f07781e0800 Uncommon trap: reason=unstable_if action=reinterpret pc=0x00007f07752c3928 method=com.android.dx.ssa.SsaMethod.makeExitBlock()V @ 103
Event: 28,510 Thread 0x00007f07781e0800 Uncommon trap: reason=unstable_if action=reinterpret pc=0x00007f0775187170 method=com.android.dx.ssa.SsaMethod.getExitBlock()Lcom/android/dx/ssa/SsaBasicBlock; @ 4
Event: 28,510 Thread 0x00007f07781e0800 Uncommon trap: reason=unstable_if action=reinterpret pc=0x00007f077514276c method=com.android.dx.ssa.SsaMethod.getExitBlock()Lcom/android/dx/ssa/SsaBasicBlock; @ 4
Event: 28,510 Thread 0x00007f07781e0800 Uncommon trap: reason=unstable_if action=reinterpret pc=0x00007f0775107b88 method=com.android.dx.util.IntList.binarysearch(I)I @ 105
Event: 28,510 Thread 0x00007f07781e0800 Uncommon trap: reason=unstable_if action=reinterpret pc=0x00007f07750f36a8 method=com.android.dx.ssa.SsaMethod.getExitBlock()Lcom/android/dx/ssa/SsaBasicBlock; @ 4
Event: 28,878 Thread 0x00007f07781c1000 Uncommon trap: reason=bimorphic action=maybe_recompile pc=0x00007f077541ae84 method=com.android.dx.cf.code.BytecodeArray.parseInstruction(ILcom/android/dx/cf/code/BytecodeArray$Visitor;)I @ 1612
Event: 28,878 Thread 0x00007f07781c1000 Uncommon trap: reason=bimorphic action=maybe_recompile pc=0x00007f077541ae84 method=com.android.dx.cf.code.BytecodeArray.parseInstruction(ILcom/android/dx/cf/code/BytecodeArray$Visitor;)I @ 1612

Internal exceptions (10 events):
Event: 9,772 Thread 0x00007f07781d1000 Implicit null exception at 0x00007f07752b635d to 0x00007f07752b78b9
Event: 9,889 Thread 0x00007f07781e0800 Threw 0x00000000f1a0dd18 at /build/openjdk-7-HVzwJZ/openjdk-7-7u95-2.6.4/build/openjdk/hotspot/src/share/vm/prims/jvm.cpp:1322
Event: 9,890 Thread 0x00007f07781e0800 Implicit null exception at 0x00007f077527db71 to 0x00007f077527dc3d
Event: 9,922 Thread 0x00007f077800a800 Implicit null exception at 0x00007f07752ca8dc to 0x00007f07752cd695
Event: 13,027 Thread 0x00007f077800a800 Implicit null exception at 0x00007f07752a533c to 0x00007f07752a5433
Event: 13,248 Thread 0x00007f077800a800 Threw 0x00000000f833b398 at /build/openjdk-7-HVzwJZ/openjdk-7-7u95-2.6.4/build/openjdk/hotspot/src/share/vm/prims/jvm.cpp:1322
Event: 13,508 Thread 0x00007f07781d3000 Threw 0x00000000eb309f20 at /build/openjdk-7-HVzwJZ/openjdk-7-7u95-2.6.4/build/openjdk/hotspot/src/share/vm/prims/jvm.cpp:1322
Event: 13,766 Thread 0x00007f077800a800 Threw 0x00000000eedc3b58 at /build/openjdk-7-HVzwJZ/openjdk-7-7u95-2.6.4/build/openjdk/hotspot/src/share/vm/prims/jvm.cpp:1322
Event: 20,657 Thread 0x00007f077800a800 Implicit null exception at 0x00007f077531286b to 0x00007f0775313f61
Event: 28,211 Thread 0x00007f077800a800 Threw 0x00000000ec94f4b8 at /build/openjdk-7-HVzwJZ/openjdk-7-7u95-2.6.4/build/openjdk/hotspot/src/share/vm/prims/jvm.cpp:1322

Events (10 events):
Event: 28,535 Executing VM operation: ParallelGCFailedAllocation
Event: 28,783 Executing VM operation: ParallelGCFailedAllocation done
Event: 28,878 Thread 0x00007f07781c1000 Uncommon trap: trap_request=0xffffffc6 fr.pc=0x00007f077541ae84
Event: 28,878 Thread 0x00007f07781c1000 DEOPT PACKING pc=0x00007f077541ae84 sp=0x00007f076d32f140
Event: 28,878 Thread 0x00007f07781c1000 DEOPT UNPACKING pc=0x00007f0775039445 sp=0x00007f076d32f110 mode 2
Event: 28,878 Thread 0x00007f07781c1000 Uncommon trap: trap_request=0xffffffc6 fr.pc=0x00007f077541ae84
Event: 28,878 Thread 0x00007f07781c1000 DEOPT PACKING pc=0x00007f077541ae84 sp=0x00007f076d32f070
Event: 28,878 Thread 0x00007f07781c1000 DEOPT UNPACKING pc=0x00007f0775039445 sp=0x00007f076d32f040 mode 2
Event: 29,193 Executing VM operation: ParallelGCFailedAllocation
Event: 29,425 Executing VM operation: ParallelGCFailedAllocation done


Dynamic libraries:
00400000-00401000 r-xp 00000000 08:02 2761099                            /usr/lib/jvm/java-7-openjdk-amd64/jre/bin/java
00600000-00601000 r--p 00000000 08:02 2761099                            /usr/lib/jvm/java-7-openjdk-amd64/jre/bin/java
00601000-00602000 rw-p 00001000 08:02 2761099                            /usr/lib/jvm/java-7-openjdk-amd64/jre/bin/java
00b8a000-00bab000 rw-p 00000000 00:00 0                                  [heap]
b5a00000-b6f00000 rw-p 00000000 00:00 0 
b6f00000-c0000000 rw-p 00000000 00:00 0 
c0000000-dbd00000 rw-p 00000000 00:00 0 
dbd00000-eaa80000 rw-p 00000000 00:00 0 
eaa80000-100000000 rw-p 00000000 00:00 0 
7f0724000000-7f0724037000 rw-p 00000000 00:00 0 
7f0724037000-7f0728000000 ---p 00000000 00:00 0 
7f0728000000-7f0728022000 rw-p 00000000 00:00 0 
7f0728022000-7f072c000000 ---p 00000000 00:00 0 
7f072c000000-7f072c021000 rw-p 00000000 00:00 0 
7f072c021000-7f0730000000 ---p 00000000 00:00 0 
7f0730000000-7f0730021000 rw-p 00000000 00:00 0 
7f0730021000-7f0734000000 ---p 00000000 00:00 0 
7f0734000000-7f0734021000 rw-p 00000000 00:00 0 
7f0734021000-7f0738000000 ---p 00000000 00:00 0 
7f0738000000-7f0738029000 rw-p 00000000 00:00 0 
7f0738029000-7f073c000000 ---p 00000000 00:00 0 
7f073c000000-7f073d92f000 rw-p 00000000 00:00 0 
7f073d92f000-7f0740000000 ---p 00000000 00:00 0 
7f0740000000-7f0740021000 rw-p 00000000 00:00 0 
7f0740021000-7f0744000000 ---p 00000000 00:00 0 
7f0744000000-7f0744021000 rw-p 00000000 00:00 0 
7f0744021000-7f0748000000 ---p 00000000 00:00 0 
7f0748000000-7f0749fcc000 rw-p 00000000 00:00 0 
7f0749fcc000-7f074c000000 ---p 00000000 00:00 0 
7f074c000000-7f074c021000 rw-p 00000000 00:00 0 
7f074c021000-7f0750000000 ---p 00000000 00:00 0 
7f0750000000-7f0750021000 rw-p 00000000 00:00 0 
7f0750021000-7f0754000000 ---p 00000000 00:00 0 
7f0754000000-7f0754021000 rw-p 00000000 00:00 0 
7f0754021000-7f0758000000 ---p 00000000 00:00 0 
7f0758000000-7f0758021000 rw-p 00000000 00:00 0 
7f0758021000-7f075c000000 ---p 00000000 00:00 0 
7f075c000000-7f075c021000 rw-p 00000000 00:00 0 
7f075c021000-7f0760000000 ---p 00000000 00:00 0 
7f0764000000-7f0764021000 rw-p 00000000 00:00 0 
7f0764021000-7f0768000000 ---p 00000000 00:00 0 
7f076a8ce000-7f076a8d1000 ---p 00000000 00:00 0 
7f076a8d1000-7f076a9cf000 rw-p 00000000 00:00 0                          [stack:22763]
7f076a9cf000-7f076a9d2000 ---p 00000000 00:00 0 
7f076a9d2000-7f076d000000 rw-p 00000000 00:00 0                          [stack:22762]
7f076d02e000-7f076d031000 ---p 00000000 00:00 0 
7f076d031000-7f076d12f000 rw-p 00000000 00:00 0                          [stack:22761]
7f076d12f000-7f076d132000 ---p 00000000 00:00 0 
7f076d132000-7f076d230000 rw-p 00000000 00:00 0                          [stack:22760]
7f076d230000-7f076d233000 ---p 00000000 00:00 0 
7f076d233000-7f076d362000 rw-p 00000000 00:00 0                          [stack:22759]
7f076d362000-7f076d39f000 r-xp 00000000 08:02 13490                      /lib/x86_64-linux-gnu/libpcre.so.3.13.1
7f076d39f000-7f076d59e000 ---p 0003d000 08:02 13490                      /lib/x86_64-linux-gnu/libpcre.so.3.13.1
7f076d59e000-7f076d59f000 r--p 0003c000 08:02 13490                      /lib/x86_64-linux-gnu/libpcre.so.3.13.1
7f076d59f000-7f076d5a0000 rw-p 0003d000 08:02 13490                      /lib/x86_64-linux-gnu/libpcre.so.3.13.1
7f076d5a0000-7f076d5a7000 r-xp 00000000 08:02 21389                      /usr/lib/x86_64-linux-gnu/libffi.so.6.0.1
7f076d5a7000-7f076d7a6000 ---p 00007000 08:02 21389                      /usr/lib/x86_64-linux-gnu/libffi.so.6.0.1
7f076d7a6000-7f076d7a7000 r--p 00006000 08:02 21389                      /usr/lib/x86_64-linux-gnu/libffi.so.6.0.1
7f076d7a7000-7f076d7a8000 rw-p 00007000 08:02 21389                      /usr/lib/x86_64-linux-gnu/libffi.so.6.0.1
7f076d7a8000-7f076d7bf000 r-xp 00000000 08:02 3147                       /lib/x86_64-linux-gnu/libresolv-2.19.so
7f076d7bf000-7f076d9bf000 ---p 00017000 08:02 3147                       /lib/x86_64-linux-gnu/libresolv-2.19.so
7f076d9bf000-7f076d9c0000 r--p 00017000 08:02 3147                       /lib/x86_64-linux-gnu/libresolv-2.19.so
7f076d9c0000-7f076d9c1000 rw-p 00018000 08:02 3147                       /lib/x86_64-linux-gnu/libresolv-2.19.so
7f076d9c1000-7f076d9c3000 rw-p 00000000 00:00 0 
7f076d9c3000-7f076d9e3000 r-xp 00000000 08:02 13524                      /lib/x86_64-linux-gnu/libselinux.so.1
7f076d9e3000-7f076dbe2000 ---p 00020000 08:02 13524                      /lib/x86_64-linux-gnu/libselinux.so.1
7f076dbe2000-7f076dbe3000 r--p 0001f000 08:02 13524                      /lib/x86_64-linux-gnu/libselinux.so.1
7f076dbe3000-7f076dbe4000 rw-p 00020000 08:02 13524                      /lib/x86_64-linux-gnu/libselinux.so.1
7f076dbe4000-7f076dbe6000 rw-p 00000000 00:00 0 
7f076dbe6000-7f076dbe9000 r-xp 00000000 08:02 28550                      /usr/lib/x86_64-linux-gnu/libgmodule-2.0.so.0.4002.0
7f076dbe9000-7f076dde8000 ---p 00003000 08:02 28550                      /usr/lib/x86_64-linux-gnu/libgmodule-2.0.so.0.4002.0
7f076dde8000-7f076dde9000 r--p 00002000 08:02 28550                      /usr/lib/x86_64-linux-gnu/libgmodule-2.0.so.0.4002.0
7f076dde9000-7f076ddea000 rw-p 00003000 08:02 28550                      /usr/lib/x86_64-linux-gnu/libgmodule-2.0.so.0.4002.0
7f076ddea000-7f076def0000 r-xp 00000000 08:02 13425                      /lib/x86_64-linux-gnu/libglib-2.0.so.0.4002.0
7f076def0000-7f076e0ef000 ---p 00106000 08:02 13425                      /lib/x86_64-linux-gnu/libglib-2.0.so.0.4002.0
7f076e0ef000-7f076e0f0000 r--p 00105000 08:02 13425                      /lib/x86_64-linux-gnu/libglib-2.0.so.0.4002.0
7f076e0f0000-7f076e0f1000 rw-p 00106000 08:02 13425                      /lib/x86_64-linux-gnu/libglib-2.0.so.0.4002.0
7f076e0f1000-7f076e0f2000 rw-p 00000000 00:00 0 
7f076e0f2000-7f076e141000 r-xp 00000000 08:02 28566                      /usr/lib/x86_64-linux-gnu/libgobject-2.0.so.0.4002.0
7f076e141000-7f076e341000 ---p 0004f000 08:02 28566                      /usr/lib/x86_64-linux-gnu/libgobject-2.0.so.0.4002.0
7f076e341000-7f076e342000 r--p 0004f000 08:02 28566                      /usr/lib/x86_64-linux-gnu/libgobject-2.0.so.0.4002.0
7f076e342000-7f076e343000 rw-p 00050000 08:02 28566                      /usr/lib/x86_64-linux-gnu/libgobject-2.0.so.0.4002.0
7f076e343000-7f076e4af000 r-xp 00000000 08:02 28538                      /usr/lib/x86_64-linux-gnu/libgio-2.0.so.0.4002.0
7f076e4af000-7f076e6ae000 ---p 0016c000 08:02 28538                      /usr/lib/x86_64-linux-gnu/libgio-2.0.so.0.4002.0
7f076e6ae000-7f076e6b2000 r--p 0016b000 08:02 28538                      /usr/lib/x86_64-linux-gnu/libgio-2.0.so.0.4002.0
7f076e6b2000-7f076e6b4000 rw-p 0016f000 08:02 28538                      /usr/lib/x86_64-linux-gnu/libgio-2.0.so.0.4002.0
7f076e6b4000-7f076e6b6000 rw-p 00000000 00:00 0 
7f076e6b6000-7f076e6cd000 r-xp 00000000 08:02 2629171                    /usr/lib/jvm/java-7-openjdk-amd64/jre/lib/amd64/libnet.so
7f076e6cd000-7f076e8cc000 ---p 00017000 08:02 2629171                    /usr/lib/jvm/java-7-openjdk-amd64/jre/lib/amd64/libnet.so
7f076e8cc000-7f076e8cd000 r--p 00016000 08:02 2629171                    /usr/lib/jvm/java-7-openjdk-amd64/jre/lib/amd64/libnet.so
7f076e8cd000-7f076e8ce000 rw-p 00017000 08:02 2629171                    /usr/lib/jvm/java-7-openjdk-amd64/jre/lib/amd64/libnet.so
7f076e8ce000-7f076e8de000 r-xp 00000000 08:02 2629192                    /usr/lib/jvm/java-7-openjdk-amd64/jre/lib/amd64/libnio.so
7f076e8de000-7f076eade000 ---p 00010000 08:02 2629192                    /usr/lib/jvm/java-7-openjdk-amd64/jre/lib/amd64/libnio.so
7f076eade000-7f076eadf000 r--p 00010000 08:02 2629192                    /usr/lib/jvm/java-7-openjdk-amd64/jre/lib/amd64/libnio.so
7f076eadf000-7f076eae0000 rw-p 00011000 08:02 2629192                    /usr/lib/jvm/java-7-openjdk-amd64/jre/lib/amd64/libnio.so
7f076eae0000-7f076eae1000 ---p 00000000 00:00 0 
7f076eae1000-7f076ebe1000 rw-p 00000000 00:00 0                          [stack:22758]
7f076ebe1000-7f076ebe4000 ---p 00000000 00:00 0 
7f076ebe4000-7f076ece2000 rw-p 00000000 00:00 0                          [stack:22757]
7f076ece2000-7f076ece5000 ---p 00000000 00:00 0 
7f076ece5000-7f076ede3000 rw-p 00000000 00:00 0                          [stack:22756]
7f076ede3000-7f076ede6000 ---p 00000000 00:00 0 
7f076ede6000-7f076eee4000 rw-p 00000000 00:00 0                          [stack:22755]
7f076eee4000-7f076eee7000 ---p 00000000 00:00 0 
7f076eee7000-7f076efe5000 rw-p 00000000 00:00 0                          [stack:22754]
7f076efe5000-7f076f7f8000 r--p 00000000 08:02 27195                      /usr/lib/locale/locale-archive
7f076f7f8000-7f076f7fb000 ---p 00000000 00:00 0 
7f076f7fb000-7f076f8f9000 rw-p 00000000 00:00 0                          [stack:22753]
7f076f8f9000-7f076f8fc000 ---p 00000000 00:00 0 
7f076f8fc000-7f076f9fa000 rw-p 00000000 00:00 0                          [stack:22752]
7f076f9fa000-7f076f9fb000 ---p 00000000 00:00 0 
7f076f9fb000-7f0770000000 rw-p 00000000 00:00 0                          [stack:22751]
7f0770000000-7f0770021000 rw-p 00000000 00:00 0 
7f0770021000-7f0774000000 ---p 00000000 00:00 0 
7f0774026000-7f07740c8000 r--s 0083b000 08:02 1575300                    /home/ivan/workspace/Champy_v2/app/build/intermediates/transforms/jarMerging/debug/jars/1/1f/combined.jar
7f07740c8000-7f07740d7000 r--s 000df000 08:02 1575371                    /home/ivan/Android/Sdk/build-tools/23.0.1/lib/dx.jar
7f07740d7000-7f0774b86000 rw-p 00000000 00:00 0 
7f0774b86000-7f0774d37000 r--s 01d30000 08:02 2629205                    /usr/lib/jvm/java-7-openjdk-amd64/jre/lib/rt.jar
7f0774d37000-7f0775000000 rw-p 00000000 00:00 0 
7f0775000000-7f0775440000 rwxp 00000000 00:00 0 
7f0775440000-7f07782e8000 rw-p 00000000 00:00 0 
7f07782e8000-7f077c000000 ---p 00000000 00:00 0 
7f077c003000-7f077c0cf000 rw-p 00000000 00:00 0 
7f077c0cf000-7f077c0d0000 ---p 00000000 00:00 0 
7f077c0d0000-7f077c1d0000 rw-p 00000000 00:00 0                          [stack:22750]
7f077c1d0000-7f077c1d1000 ---p 00000000 00:00 0 
7f077c1d1000-7f077c2d1000 rw-p 00000000 00:00 0                          [stack:22749]
7f077c2d1000-7f077c2d2000 ---p 00000000 00:00 0 
7f077c2d2000-7f077c3d2000 rw-p 00000000 00:00 0                          [stack:22748]
7f077c3d2000-7f077c3d3000 ---p 00000000 00:00 0 
7f077c3d3000-7f077c4de000 rw-p 00000000 00:00 0                          [stack:22747]
7f077c4de000-7f077c526000 rw-p 00000000 00:00 0 
7f077c526000-7f077c605000 rw-p 00000000 00:00 0 
7f077c605000-7f077c67c000 rw-p 00000000 00:00 0 
7f077c67c000-7f077c687000 rw-p 00000000 00:00 0 
7f077c687000-7f077c6cf000 rw-p 00000000 00:00 0 
7f077c6cf000-7f077c7ae000 rw-p 00000000 00:00 0 
7f077c7ae000-7f077c824000 rw-p 00000000 00:00 0 
7f077c824000-7f077c8cf000 rw-p 00000000 00:00 0 
7f077c8cf000-7f077c8d0000 rw-p 00000000 00:00 0 
7f077c8d0000-7f077c8d8000 r-xp 00000000 08:02 2629176                    /usr/lib/jvm/java-7-openjdk-amd64/jre/lib/amd64/libzip.so
7f077c8d8000-7f077cad7000 ---p 00008000 08:02 2629176                    /usr/lib/jvm/java-7-openjdk-amd64/jre/lib/amd64/libzip.so
7f077cad7000-7f077cad8000 r--p 00007000 08:02 2629176                    /usr/lib/jvm/java-7-openjdk-amd64/jre/lib/amd64/libzip.so
7f077cad8000-7f077cad9000 rw-p 00008000 08:02 2629176                    /usr/lib/jvm/java-7-openjdk-amd64/jre/lib/amd64/libzip.so
7f077cad9000-7f077cae4000 r-xp 00000000 08:02 3187                       /lib/x86_64-linux-gnu/libnss_files-2.19.so
7f077cae4000-7f077cce3000 ---p 0000b000 08:02 3187                       /lib/x86_64-linux-gnu/libnss_files-2.19.so
7f077cce3000-7f077cce4000 r--p 0000a000 08:02 3187                       /lib/x86_64-linux-gnu/libnss_files-2.19.so
7f077cce4000-7f077cce5000 rw-p 0000b000 08:02 3187                       /lib/x86_64-linux-gnu/libnss_files-2.19.so
7f077cce5000-7f077ccf0000 r-xp 00000000 08:02 3171                       /lib/x86_64-linux-gnu/libnss_nis-2.19.so
7f077ccf0000-7f077ceef000 ---p 0000b000 08:02 3171                       /lib/x86_64-linux-gnu/libnss_nis-2.19.so
7f077ceef000-7f077cef0000 r--p 0000a000 08:02 3171                       /lib/x86_64-linux-gnu/libnss_nis-2.19.so
7f077cef0000-7f077cef1000 rw-p 0000b000 08:02 3171                       /lib/x86_64-linux-gnu/libnss_nis-2.19.so
7f077cef1000-7f077cf08000 r-xp 00000000 08:02 3163                       /lib/x86_64-linux-gnu/libnsl-2.19.so
7f077cf08000-7f077d107000 ---p 00017000 08:02 3163                       /lib/x86_64-linux-gnu/libnsl-2.19.so
7f077d107000-7f077d108000 r--p 00016000 08:02 3163                       /lib/x86_64-linux-gnu/libnsl-2.19.so
7f077d108000-7f077d109000 rw-p 00017000 08:02 3163                       /lib/x86_64-linux-gnu/libnsl-2.19.so
7f077d109000-7f077d10b000 rw-p 00000000 00:00 0 
7f077d10b000-7f077d114000 r-xp 00000000 08:02 3161                       /lib/x86_64-linux-gnu/libnss_compat-2.19.so
7f077d114000-7f077d313000 ---p 00009000 08:02 3161                       /lib/x86_64-linux-gnu/libnss_compat-2.19.so
7f077d313000-7f077d314000 r--p 00008000 08:02 3161                       /lib/x86_64-linux-gnu/libnss_compat-2.19.so
7f077d314000-7f077d315000 rw-p 00009000 08:02 3161                       /lib/x86_64-linux-gnu/libnss_compat-2.19.so
7f077d315000-7f077d340000 r-xp 00000000 08:02 2629162                    /usr/lib/jvm/java-7-openjdk-amd64/jre/lib/amd64/libjava.so
7f077d340000-7f077d540000 ---p 0002b000 08:02 2629162                    /usr/lib/jvm/java-7-openjdk-amd64/jre/lib/amd64/libjava.so
7f077d540000-7f077d541000 r--p 0002b000 08:02 2629162                    /usr/lib/jvm/java-7-openjdk-amd64/jre/lib/amd64/libjava.so
7f077d541000-7f077d543000 rw-p 0002c000 08:02 2629162                    /usr/lib/jvm/java-7-openjdk-amd64/jre/lib/amd64/libjava.so
7f077d543000-7f077d553000 r-xp 00000000 08:02 2629163                    /usr/lib/jvm/java-7-openjdk-amd64/jre/lib/amd64/libverify.so
7f077d553000-7f077d752000 ---p 00010000 08:02 2629163                    /usr/lib/jvm/java-7-openjdk-amd64/jre/lib/amd64/libverify.so
7f077d752000-7f077d754000 r--p 0000f000 08:02 2629163                    /usr/lib/jvm/java-7-openjdk-amd64/jre/lib/amd64/libverify.so
7f077d754000-7f077d755000 rw-p 00011000 08:02 2629163                    /usr/lib/jvm/java-7-openjdk-amd64/jre/lib/amd64/libverify.so
7f077d755000-7f077d75c000 r-xp 00000000 08:02 3179                       /lib/x86_64-linux-gnu/librt-2.19.so
7f077d75c000-7f077d95b000 ---p 00007000 08:02 3179                       /lib/x86_64-linux-gnu/librt-2.19.so
7f077d95b000-7f077d95c000 r--p 00006000 08:02 3179                       /lib/x86_64-linux-gnu/librt-2.19.so
7f077d95c000-7f077d95d000 rw-p 00007000 08:02 3179                       /lib/x86_64-linux-gnu/librt-2.19.so
7f077d95d000-7f077d973000 r-xp 00000000 08:02 3455                       /lib/x86_64-linux-gnu/libgcc_s.so.1
7f077d973000-7f077db72000 ---p 00016000 08:02 3455                       /lib/x86_64-linux-gnu/libgcc_s.so.1
7f077db72000-7f077db73000 r--p 00015000 08:02 3455                       /lib/x86_64-linux-gnu/libgcc_s.so.1
7f077db73000-7f077db74000 rw-p 00016000 08:02 3455                       /lib/x86_64-linux-gnu/libgcc_s.so.1
7f077db74000-7f077dc79000 r-xp 00000000 08:02 3151                       /lib/x86_64-linux-gnu/libm-2.19.so
7f077dc79000-7f077de78000 ---p 00105000 08:02 3151                       /lib/x86_64-linux-gnu/libm-2.19.so
7f077de78000-7f077de79000 r--p 00104000 08:02 3151                       /lib/x86_64-linux-gnu/libm-2.19.so
7f077de79000-7f077de7a000 rw-p 00105000 08:02 3151                       /lib/x86_64-linux-gnu/libm-2.19.so
7f077de7a000-7f077df67000 r-xp 00000000 08:02 9486                       /usr/lib/x86_64-linux-gnu/libstdc++.so.6.0.20
7f077df67000-7f077e167000 ---p 000ed000 08:02 9486                       /usr/lib/x86_64-linux-gnu/libstdc++.so.6.0.20
7f077e167000-7f077e16f000 r--p 000ed000 08:02 9486                       /usr/lib/x86_64-linux-gnu/libstdc++.so.6.0.20
7f077e16f000-7f077e171000 rw-p 000f5000 08:02 9486                       /usr/lib/x86_64-linux-gnu/libstdc++.so.6.0.20
7f077e171000-7f077e186000 rw-p 00000000 00:00 0 
7f077e186000-7f077ecaa000 r-xp 00000000 08:02 2629174                    /usr/lib/jvm/java-7-openjdk-amd64/jre/lib/amd64/server/libjvm.so
7f077ecaa000-7f077eeaa000 ---p 00b24000 08:02 2629174                    /usr/lib/jvm/java-7-openjdk-amd64/jre/lib/amd64/server/libjvm.so
7f077eeaa000-7f077ef44000 r--p 00b24000 08:02 2629174                    /usr/lib/jvm/java-7-openjdk-amd64/jre/lib/amd64/server/libjvm.so
7f077ef44000-7f077ef67000 rw-p 00bbe000 08:02 2629174                    /usr/lib/jvm/java-7-openjdk-amd64/jre/lib/amd64/server/libjvm.so
7f077ef67000-7f077ef95000 rw-p 00000000 00:00 0 
7f077ef95000-7f077efad000 r-xp 00000000 08:02 13550                      /lib/x86_64-linux-gnu/libz.so.1.2.8
7f077efad000-7f077f1ac000 ---p 00018000 08:02 13550                      /lib/x86_64-linux-gnu/libz.so.1.2.8
7f077f1ac000-7f077f1ad000 r--p 00017000 08:02 13550                      /lib/x86_64-linux-gnu/libz.so.1.2.8
7f077f1ad000-7f077f1ae000 rw-p 00018000 08:02 13550                      /lib/x86_64-linux-gnu/libz.so.1.2.8
7f077f1ae000-7f077f1c7000 r-xp 00000000 08:02 3165                       /lib/x86_64-linux-gnu/libpthread-2.19.so
7f077f1c7000-7f077f3c6000 ---p 00019000 08:02 3165                       /lib/x86_64-linux-gnu/libpthread-2.19.so
7f077f3c6000-7f077f3c7000 r--p 00018000 08:02 3165                       /lib/x86_64-linux-gnu/libpthread-2.19.so
7f077f3c7000-7f077f3c8000 rw-p 00019000 08:02 3165                       /lib/x86_64-linux-gnu/libpthread-2.19.so
7f077f3c8000-7f077f3cc000 rw-p 00000000 00:00 0 
7f077f3cc000-7f077f3cf000 r-xp 00000000 08:02 3155                       /lib/x86_64-linux-gnu/libdl-2.19.so
7f077f3cf000-7f077f5ce000 ---p 00003000 08:02 3155                       /lib/x86_64-linux-gnu/libdl-2.19.so
7f077f5ce000-7f077f5cf000 r--p 00002000 08:02 3155                       /lib/x86_64-linux-gnu/libdl-2.19.so
7f077f5cf000-7f077f5d0000 rw-p 00003000 08:02 3155                       /lib/x86_64-linux-gnu/libdl-2.19.so
7f077f5d0000-7f077f78b000 r-xp 00000000 08:02 3181                       /lib/x86_64-linux-gnu/libc-2.19.so
7f077f78b000-7f077f98a000 ---p 001bb000 08:02 3181                       /lib/x86_64-linux-gnu/libc-2.19.so
7f077f98a000-7f077f98e000 r--p 001ba000 08:02 3181                       /lib/x86_64-linux-gnu/libc-2.19.so
7f077f98e000-7f077f990000 rw-p 001be000 08:02 3181                       /lib/x86_64-linux-gnu/libc-2.19.so
7f077f990000-7f077f995000 rw-p 00000000 00:00 0 
7f077f995000-7f077f9a2000 r-xp 00000000 08:02 2629189                    /usr/lib/jvm/java-7-openjdk-amd64/jre/lib/amd64/jli/libjli.so
7f077f9a2000-7f077fba1000 ---p 0000d000 08:02 2629189                    /usr/lib/jvm/java-7-openjdk-amd64/jre/lib/amd64/jli/libjli.so
7f077fba1000-7f077fba2000 r--p 0000c000 08:02 2629189                    /usr/lib/jvm/java-7-openjdk-amd64/jre/lib/amd64/jli/libjli.so
7f077fba2000-7f077fba3000 rw-p 0000d000 08:02 2629189                    /usr/lib/jvm/java-7-openjdk-amd64/jre/lib/amd64/jli/libjli.so
7f077fba3000-7f077fbc6000 r-xp 00000000 08:02 3167                       /lib/x86_64-linux-gnu/ld-2.19.so
7f077fbc6000-7f077fbc7000 rw-p 00000000 00:00 0 
7f077fbc7000-7f077fbcb000 r--s 00034000 08:02 2629217                    /usr/lib/jvm/java-7-openjdk-amd64/jre/lib/ext/sunjce_provider.jar
7f077fbcb000-7f077fbcd000 r--s 00012000 08:02 2629216                    /usr/lib/jvm/java-7-openjdk-amd64/jre/lib/ext/zipfs.jar
7f077fbcd000-7f077fbce000 r--s 00002000 08:02 2629215                    /usr/lib/jvm/java-7-openjdk-amd64/jre/lib/ext/dnsns.jar
7f077fbce000-7f077fbd1000 r--s 0000f000 08:02 2629218                    /usr/lib/jvm/java-7-openjdk-amd64/jre/lib/ext/icedtea-sound.jar
7f077fbd1000-7f077fbd5000 r--s 0003c000 08:02 2629220                    /usr/lib/jvm/java-7-openjdk-amd64/jre/lib/ext/sunpkcs11.jar
7f077fbd5000-7f077fbd9000 r--s 00085000 08:02 2629219                    /usr/lib/jvm/java-7-openjdk-amd64/jre/lib/ext/localedata.jar
7f077fbd9000-7f077fbea000 rw-p 00000000 00:00 0 
7f077fbea000-7f077fc99000 rw-p 00000000 00:00 0 
7f077fc99000-7f077fc9c000 ---p 00000000 00:00 0 
7f077fc9c000-7f077fd9f000 rw-p 00000000 00:00 0                          [stack:22746]
7f077fd9f000-7f077fda1000 r--s 00006000 08:02 5674                       /usr/share/java/java-atk-wrapper.jar
7f077fda1000-7f077fdb9000 rw-p 00000000 00:00 0 
7f077fdb9000-7f077fdc1000 rw-s 00000000 08:02 1315883                    /tmp/hsperfdata_ivan/22741
7f077fdc1000-7f077fdc2000 rw-p 00000000 00:00 0 
7f077fdc2000-7f077fdc3000 ---p 00000000 00:00 0 
7f077fdc3000-7f077fdc5000 rw-p 00000000 00:00 0 
7f077fdc5000-7f077fdc6000 r--p 00022000 08:02 3167                       /lib/x86_64-linux-gnu/ld-2.19.so
7f077fdc6000-7f077fdc7000 rw-p 00023000 08:02 3167                       /lib/x86_64-linux-gnu/ld-2.19.so
7f077fdc7000-7f077fdc8000 rw-p 00000000 00:00 0 
7fff963fe000-7fff9641f000 rw-p 00000000 00:00 0                          [stack]
7fff9652c000-7fff9652e000 r-xp 00000000 00:00 0                          [vdso]
7fff9652e000-7fff96530000 r--p 00000000 00:00 0                          [vvar]
ffffffffff600000-ffffffffff601000 r-xp 00000000 00:00 0                  [vsyscall]

VM Arguments:
jvm_args: -Djava.awt.headless=true -Xmx1024M -Dfile.encoding=UTF-8 -Duser.country=UA -Duser.language=ru -Duser.variant 
java_command: com.android.dx.command.Main --dex --num-threads=4 --multi-dex --main-dex-list /home/ivan/workspace/Champy_v2/app/build/intermediates/multi-dex/debug/maindexlist.txt --output /home/ivan/workspace/Champy_v2/app/build/intermediates/transforms/dex/debug/folders/1000/1f/main /home/ivan/workspace/Champy_v2/app/build/intermediates/transforms/jarMerging/debug/jars/1/1f/combined.jar
Launcher Type: SUN_STANDARD

Environment Variables:
JAVA_HOME=/usr/lib/jvm/java-8-oracle
PATH=/usr/local/sbin:/usr/local/bin:/usr/sbin:/usr/bin:/sbin:/bin:/usr/games:/usr/local/games:/usr/lib/jvm/java-8-oracle/bin:/usr/lib/jvm/java-8-oracle/db/bin:/usr/lib/jvm/java-8-oracle/jre/bin
SHELL=/bin/bash
DISPLAY=:0

Signal Handlers:
SIGSEGV: [libjvm.so+0x9548f0], sa_mask[0]=0x7ffbfeff, sa_flags=0x10000004
SIGBUS: [libjvm.so+0x9548f0], sa_mask[0]=0x7ffbfeff, sa_flags=0x10000004
SIGFPE: [libjvm.so+0x7cb0b0], sa_mask[0]=0x7ffbfeff, sa_flags=0x10000004
SIGPIPE: [libjvm.so+0x7cb0b0], sa_mask[0]=0x7ffbfeff, sa_flags=0x10000004
SIGXFSZ: [libjvm.so+0x7cb0b0], sa_mask[0]=0x7ffbfeff, sa_flags=0x10000004
SIGILL: [libjvm.so+0x7cb0b0], sa_mask[0]=0x7ffbfeff, sa_flags=0x10000004
SIGUSR1: SIG_DFL, sa_mask[0]=0x00000000, sa_flags=0x00000000
SIGUSR2: [libjvm.so+0x7caf50], sa_mask[0]=0x00000004, sa_flags=0x10000004
SIGHUP: [libjvm.so+0x7cb130], sa_mask[0]=0x7ffbfeff, sa_flags=0x10000004
SIGINT: [libjvm.so+0x7cb130], sa_mask[0]=0x7ffbfeff, sa_flags=0x10000004
SIGTERM: [libjvm.so+0x7cb130], sa_mask[0]=0x7ffbfeff, sa_flags=0x10000004
SIGQUIT: [libjvm.so+0x7cb130], sa_mask[0]=0x7ffbfeff, sa_flags=0x10000004
SIGTRAP: SIG_DFL, sa_mask[0]=0x00000000, sa_flags=0x00000000


---------------  S Y S T E M  ---------------

OS:Ubuntu 14.04 (trusty)
uname:Linux 3.16.0-70-generic #90~14.04.1-Ubuntu SMP Wed Apr 6 22:56:34 UTC 2016 x86_64
libc:glibc 2.19 NPTL 2.19 
rlimit: STACK 8192k, CORE 0k, NPROC 30693, NOFILE 4096, AS infinity
load average:6,02 4,98 3,11

/proc/meminfo:
MemTotal:        8059688 kB
MemFree:         1446060 kB
MemAvailable:    3640380 kB
Buffers:          214172 kB
Cached:          2292300 kB
SwapCached:            0 kB
Active:          4679632 kB
Inactive:        1569800 kB
Active(anon):    3744712 kB
Inactive(anon):   198604 kB
Active(file):     934920 kB
Inactive(file):  1371196 kB
Unevictable:          72 kB
Mlocked:              72 kB
SwapTotal:       4075516 kB
SwapFree:        4075516 kB
Dirty:             13752 kB
Writeback:             0 kB
AnonPages:       3743352 kB
Mapped:           602352 kB
Shmem:            200360 kB
Slab:             156148 kB
SReclaimable:     114280 kB
SUnreclaim:        41868 kB
KernelStack:       11280 kB
PageTables:        53128 kB
NFS_Unstable:          0 kB
Bounce:                0 kB
WritebackTmp:          0 kB
CommitLimit:     8105360 kB
Committed_AS:    9166692 kB
VmallocTotal:   34359738367 kB
VmallocUsed:      391972 kB
VmallocChunk:   34359324668 kB
HardwareCorrupted:     0 kB
AnonHugePages:   1808384 kB
HugePages_Total:       0
HugePages_Free:        0
HugePages_Rsvd:        0
HugePages_Surp:        0
Hugepagesize:       2048 kB
DirectMap4k:      210884 kB
DirectMap2M:     8060928 kB


CPU:total 4 (2 cores per cpu, 2 threads per core) family 6 model 58 stepping 9, cmov, cx8, fxsr, mmx, sse, sse2, sse3, ssse3, sse4.1, sse4.2, popcnt, avx, erms, ht, tsc, tscinvbit, tscinv

/proc/cpuinfo:
processor	: 0
vendor_id	: GenuineIntel
cpu family	: 6
model		: 58
model name	: Intel(R) Core(TM) i3-3217U CPU @ 1.80GHz
stepping	: 9
microcode	: 0x15
cpu MHz		: 1800.000
cache size	: 3072 KB
physical id	: 0
siblings	: 4
core id		: 0
cpu cores	: 2
apicid		: 0
initial apicid	: 0
fpu		: yes
fpu_exception	: yes
cpuid level	: 13
wp		: yes
flags		: fpu vme de pse tsc msr pae mce cx8 apic sep mtrr pge mca cmov pat pse36 clflush dts acpi mmx fxsr sse sse2 ss ht tm pbe syscall nx rdtscp lm constant_tsc arch_perfmon pebs bts rep_good nopl xtopology nonstop_tsc aperfmperf eagerfpu pni pclmulqdq dtes64 monitor ds_cpl vmx est tm2 ssse3 cx16 xtpr pdcm pcid sse4_1 sse4_2 x2apic popcnt tsc_deadline_timer xsave avx f16c lahf_lm ida arat epb xsaveopt pln pts dtherm tpr_shadow vnmi flexpriority ept vpid fsgsbase smep erms
bogomips	: 3591.88
clflush size	: 64
cache_alignment	: 64
address sizes	: 36 bits physical, 48 bits virtual
power management:

processor	: 1
vendor_id	: GenuineIntel
cpu family	: 6
model		: 58
model name	: Intel(R) Core(TM) i3-3217U CPU @ 1.80GHz
stepping	: 9
microcode	: 0x15
cpu MHz		: 1800.000
cache size	: 3072 KB
physical id	: 0
siblings	: 4
core id		: 1
cpu cores	: 2
apicid		: 2
initial apicid	: 2
fpu		: yes
fpu_exception	: yes
cpuid level	: 13
wp		: yes
flags		: fpu vme de pse tsc msr pae mce cx8 apic sep mtrr pge mca cmov pat pse36 clflush dts acpi mmx fxsr sse sse2 ss ht tm pbe syscall nx rdtscp lm constant_tsc arch_perfmon pebs bts rep_good nopl xtopology nonstop_tsc aperfmperf eagerfpu pni pclmulqdq dtes64 monitor ds_cpl vmx est tm2 ssse3 cx16 xtpr pdcm pcid sse4_1 sse4_2 x2apic popcnt tsc_deadline_timer xsave avx f16c lahf_lm ida arat epb xsaveopt pln pts dtherm tpr_shadow vnmi flexpriority ept vpid fsgsbase smep erms
bogomips	: 3591.88
clflush size	: 64
cache_alignment	: 64
address sizes	: 36 bits physical, 48 bits virtual
power management:

processor	: 2
vendor_id	: GenuineIntel
cpu family	: 6
model		: 58
model name	: Intel(R) Core(TM) i3-3217U CPU @ 1.80GHz
stepping	: 9
microcode	: 0x15
cpu MHz		: 1800.000
cache size	: 3072 KB
physical id	: 0
siblings	: 4
core id		: 0
cpu cores	: 2
apicid		: 1
initial apicid	: 1
fpu		: yes
fpu_exception	: yes
cpuid level	: 13
wp		: yes
flags		: fpu vme de pse tsc msr pae mce cx8 apic sep mtrr pge mca cmov pat pse36 clflush dts acpi mmx fxsr sse sse2 ss ht tm pbe syscall nx rdtscp lm constant_tsc arch_perfmon pebs bts rep_good nopl xtopology nonstop_tsc aperfmperf eagerfpu pni pclmulqdq dtes64 monitor ds_cpl vmx est tm2 ssse3 cx16 xtpr pdcm pcid sse4_1 sse4_2 x2apic popcnt tsc_deadline_timer xsave avx f16c lahf_lm ida arat epb xsaveopt pln pts dtherm tpr_shadow vnmi flexpriority ept vpid fsgsbase smep erms
bogomips	: 3591.88
clflush size	: 64
cache_alignment	: 64
address sizes	: 36 bits physical, 48 bits virtual
power management:

processor	: 3
vendor_id	: GenuineIntel
cpu family	: 6
model		: 58
model name	: Intel(R) Core(TM) i3-3217U CPU @ 1.80GHz
stepping	: 9
microcode	: 0x15
cpu MHz		: 1800.000
cache size	: 3072 KB
physical id	: 0
siblings	: 4
core id		: 1
cpu cores	: 2
apicid		: 3
initial apicid	: 3
fpu		: yes
fpu_exception	: yes
cpuid level	: 13
wp		: yes
flags		: fpu vme de pse tsc msr pae mce cx8 apic sep mtrr pge mca cmov pat pse36 clflush dts acpi mmx fxsr sse sse2 ss ht tm pbe syscall nx rdtscp lm constant_tsc arch_perfmon pebs bts rep_good nopl xtopology nonstop_tsc aperfmperf eagerfpu pni pclmulqdq dtes64 monitor ds_cpl vmx est tm2 ssse3 cx16 xtpr pdcm pcid sse4_1 sse4_2 x2apic popcnt tsc_deadline_timer xsave avx f16c lahf_lm ida arat epb xsaveopt pln pts dtherm tpr_shadow vnmi flexpriority ept vpid fsgsbase smep erms
bogomips	: 3591.88
clflush size	: 64
cache_alignment	: 64
address sizes	: 36 bits physical, 48 bits virtual
power management:



Memory: 4k page, physical 8059688k(1445896k free), swap 4075516k(4075516k free)

vm_info: OpenJDK 64-Bit Server VM (24.95-b01) for linux-amd64 JRE (1.7.0_95-b00), built on Mar 24 2016 06:13:32 by "buildd" with gcc 4.8.2

time: Tue Apr 19 17:24:38 2016
elapsed time: 29 seconds

